#
# A fatal error has been detected by the Java Runtime Environment:
#
#  EXCEPTION_ACCESS_VIOLATION (0xc0000005) at pc=0x0fd19052, pid=9940, tid=4884
#
# JRE version: Java(TM) SE Runtime Environment (7.0_60-b19) (build 1.7.0_60-b19)
# Java VM: Java HotSpot(TM) Client VM (24.60-b09 mixed mode, sharing windows-x86 )
# Problematic frame:
# C  [berkelium.dll+0xa39052]
#
# Failed to write core dump. Minidumps are not enabled by default on client versions of Windows
#
# If you would like to submit a bug report, please visit:
#   http://bugreport.sun.com/bugreport/crash.jsp
#

---------------  T H R E A D  ---------------

Current thread (0x00abfc00):  VMThread [stack: 0x04430000,0x04480000] [id=4884]

siginfo: ExceptionCode=0xc0000005, reading address 0x000000f8

Registers:
EAX=0x0447f0d4, EBX=0x000493e0, ECX=0x0447f0d4, EDX=0xbea5e118
ESP=0x0447f0c4, EBP=0x00000065, ESI=0x00000000, EDI=0xd0878418
EIP=0x0fd19052, EFLAGS=0x00010206

Top of Stack: (sp=0x0447f0c4)
0x0447f0c4:   06e41168 06e41168 06d9ab00 00000000
0x0447f0d4:   bea5e118 00000065 06e33a20 06e3c900
0x0447f0e4:   00000000 00000000 00000000 74616401
0x0447f0f4:   69642d61 070a0072 00000023 0000002f
0x0447f104:   00000000 06dc7070 002e5bd1 06e41000
0x0447f114:   06d9ab44 ffffff00 0f34bf20 10e69778
0x0447f124:   068d0030 00000000 0000000f 10e6a730
0x0447f134:   00000001 0f349783 00000008 00000001 

Instructions: (pc=0x0fd19052)
0x0fd19032:   03 00 00 57 53 e8 f4 c8 60 ff 8b ea 8d 54 24 10
0x0fd19042:   52 8b f8 e8 26 ca 00 00 83 c4 04 03 38 13 68 04
0x0fd19052:   8b 86 f8 00 00 00 0b 86 fc 00 00 00 89 7c 24 20
0x0fd19062:   89 6c 24 24 75 3e 39 84 24 d4 00 00 00 7f 35 7c 


Register to memory mapping:

EAX=
[error occurred during error reporting (printing register info), id 0xc0000005]

Stack: [0x04430000,0x04480000],  sp=0x0447f0c4,  free space=316k
Native frames: (J=compiled Java code, j=interpreted, Vv=VM code, C=native code)
C  [berkelium.dll+0xa39052]

VM_Operation (0x059deac0): Exit, mode: safepoint, requested by thread 0x05556c00


---------------  P R O C E S S  ---------------

Java Threads: ( => current thread )
  0x05882c00 JavaThread "Image Fetcher 0" daemon [_thread_blocked, id=7292, stack(0x07860000,0x078b0000)]
  0x05882000 JavaThread "Image Fetcher 3" daemon [_thread_blocked, id=580, stack(0x07980000,0x079d0000)]
  0x05884400 JavaThread "WeakCollectionCleaner" daemon [_thread_blocked, id=8928, stack(0x09870000,0x098c0000)]
  0x058df800 JavaThread "TimerQueue" daemon [_thread_blocked, id=3688, stack(0x077d0000,0x07820000)]
  0x0075e000 JavaThread "DestroyJavaVM" [_thread_blocked, id=1684, stack(0x00850000,0x008a0000)]
  0x05556c00 JavaThread "AWT-EventQueue-0" [_thread_blocked, id=8888, stack(0x05990000,0x059e0000)]
  0x04a54800 JavaThread "AWT-Shutdown" [_thread_blocked, id=9192, stack(0x05050000,0x050a0000)]
  0x04a53c00 JavaThread "Java2D Disposer" daemon [_thread_blocked, id=4260, stack(0x04e80000,0x04ed0000)]
  0x00b3cc00 JavaThread "Service Thread" daemon [_thread_blocked, id=6596, stack(0x04790000,0x047e0000)]
  0x00b34800 JavaThread "C1 CompilerThread0" daemon [_thread_blocked, id=5032, stack(0x04700000,0x04750000)]
  0x00b32c00 JavaThread "Attach Listener" daemon [_thread_blocked, id=10064, stack(0x04670000,0x046c0000)]
  0x00b30c00 JavaThread "Signal Dispatcher" daemon [_thread_blocked, id=7512, stack(0x045e0000,0x04630000)]
  0x00ac2800 JavaThread "Finalizer" daemon [_thread_blocked, id=3176, stack(0x04550000,0x045a0000)]
  0x00ac1000 JavaThread "Reference Handler" daemon [_thread_blocked, id=8280, stack(0x044c0000,0x04510000)]

Other Threads:
=>0x00abfc00 VMThread [stack: 0x04430000,0x04480000] [id=4884]

VM state:at safepoint (shutting down)

VM Mutex/Monitor currently owned by a thread:  ([mutex/lock_event])
[0x0075c670] Threads_lock - owner thread: 0x00abfc00

Heap
 def new generation   total 12672K, used 12672K [0x24000000, 0x24dc0000, 0x29550000)
  eden space 11264K, 100% used [0x24000000, 0x24b00000, 0x24b00000)
  from space 1408K, 100% used [0x24c60000, 0x24dc0000, 0x24dc0000)
  to   space 1408K,   0% used [0x24b00000, 0x24b00000, 0x24c60000)
 tenured generation   total 28000K, used 21590K [0x29550000, 0x2b0a8000, 0x34000000)
   the space 28000K,  77% used [0x29550000, 0x2aa65870, 0x2aa65a00, 0x2b0a8000)
 compacting perm gen  total 12288K, used 9247K [0x34000000, 0x34c00000, 0x38000000)
   the space 12288K,  75% used [0x34000000, 0x34907e20, 0x34908000, 0x34c00000)
    ro space 10240K,  42% used [0x38000000, 0x38434778, 0x38434800, 0x38a00000)
    rw space 12288K,  52% used [0x38a00000, 0x39049a68, 0x39049c00, 0x39600000)

Card table byte_map: [0x00990000,0x00a40000] byte_map_base: 0x00870000

Polling page: 0x00700000

Code Cache  [0x02430000, 0x02650000, 0x04430000)
 total_blobs=1290 nmethods=1003 adapters=223 free_code_cache=30613Kb largest_free_block=31347392

Compilation events (10 events):
Event: 15.579 Thread 0x00b34800 1008   !         sun.java2d.pipe.DrawImage::renderImageScale (160 bytes)
Event: 15.580 Thread 0x00b34800 nmethod 1008 0x02648c88 code [0x02648de0, 0x0264920c]
Event: 15.580 Thread 0x00b34800 1009             sun.java2d.SunGraphics2D::setRenderingHint (523 bytes)
Event: 15.581 Thread 0x00b34800 nmethod 1009 0x02649708 code [0x026498e0, 0x0264a08c]
Event: 15.834 Thread 0x00b34800 1010             java.awt.Container::getMouseEventTarget (50 bytes)
Event: 15.835 Thread 0x00b34800 nmethod 1010 0x0264a608 code [0x0264a710, 0x0264a848]
Event: 16.080 Thread 0x00b34800 1011             java.awt.image.ColorModel::getTransparency (5 bytes)
Event: 16.081 Thread 0x00b34800 nmethod 1011 0x0264a908 code [0x0264aa00, 0x0264aa80]
Event: 16.581 Thread 0x00b34800 1012             sun.java2d.pipe.DrawImage::isBgOperation (22 bytes)
Event: 16.581 Thread 0x00b34800 nmethod 1012 0x0264aac8 code [0x0264abd0, 0x0264ac9c]

GC Heap History (10 events):
Event: 3.794 GC heap before
{Heap before GC invocations=10 (full 1):
 def new generation   total 9408K, used 9401K [0x24000000, 0x24a30000, 0x29550000)
  eden space 8384K,  99% used [0x24000000, 0x2482e6e8, 0x24830000)
  from space 1024K, 100% used [0x24830000, 0x24930000, 0x24930000)
  to   space 1024K,   0% used [0x24930000, 0x24930000, 0x24a30000)
 tenured generation   total 20724K, used 17403K [0x29550000, 0x2a98d000, 0x34000000)
   the space 20724K,  83% used [0x29550000, 0x2a64ee08, 0x2a64f000, 0x2a98d000)
 compacting perm gen  total 12288K, used 8424K [0x34000000, 0x34c00000, 0x38000000)
   the space 12288K,  68% used [0x34000000, 0x3483a118, 0x3483a200, 0x34c00000)
    ro space 10240K,  42% used [0x38000000, 0x38434778, 0x38434800, 0x38a00000)
    rw space 12288K,  52% used [0x38a00000, 0x39049a68, 0x39049c00, 0x39600000)
Event: 3.801 GC heap after
Heap after GC invocations=11 (full 1):
 def new generation   total 9408K, used 1024K [0x24000000, 0x24a30000, 0x29550000)
  eden space 8384K,   0% used [0x24000000, 0x24000000, 0x24830000)
  from space 1024K, 100% used [0x24930000, 0x24a30000, 0x24a30000)
  to   space 1024K,   0% used [0x24830000, 0x24830000, 0x24930000)
 tenured generation   total 20724K, used 19169K [0x29550000, 0x2a98d000, 0x34000000)
   the space 20724K,  92% used [0x29550000, 0x2a8085f0, 0x2a808600, 0x2a98d000)
 compacting perm gen  total 12288K, used 8424K [0x34000000, 0x34c00000, 0x38000000)
   the space 12288K,  68% used [0x34000000, 0x3483a118, 0x3483a200, 0x34c00000)
    ro space 10240K,  42% used [0x38000000, 0x38434778, 0x38434800, 0x38a00000)
    rw space 12288K,  52% used [0x38a00000, 0x39049a68, 0x39049c00, 0x39600000)
}
Event: 3.858 GC heap before
{Heap before GC invocations=11 (full 1):
 def new generation   total 9408K, used 8953K [0x24000000, 0x24a30000, 0x29550000)
  eden space 8384K,  94% used [0x24000000, 0x247be6e8, 0x24830000)
  from space 1024K, 100% used [0x24930000, 0x24a30000, 0x24a30000)
  to   space 1024K,   0% used [0x24830000, 0x24830000, 0x24930000)
 tenured generation   total 20724K, used 19169K [0x29550000, 0x2a98d000, 0x34000000)
   the space 20724K,  92% used [0x29550000, 0x2a8085f0, 0x2a808600, 0x2a98d000)
 compacting perm gen  total 12288K, used 8500K [0x34000000, 0x34c00000, 0x38000000)
   the space 12288K,  69% used [0x34000000, 0x3484d040, 0x3484d200, 0x34c00000)
    ro space 10240K,  42% used [0x38000000, 0x38434778, 0x38434800, 0x38a00000)
    rw space 12288K,  52% used [0x38a00000, 0x39049a68, 0x39049c00, 0x39600000)
Event: 3.918 GC heap after
Heap after GC invocations=12 (full 2):
 def new generation   total 10048K, used 0K [0x24000000, 0x24ae0000, 0x29550000)
  eden space 8960K,   0% used [0x24000000, 0x24000000, 0x248c0000)
  from space 1088K,   0% used [0x248c0000, 0x248c0000, 0x249d0000)
  to   space 1088K,   0% used [0x249d0000, 0x249d0000, 0x24ae0000)
 tenured generation   total 22084K, used 13249K [0x29550000, 0x2aae1000, 0x34000000)
   the space 22084K,  59% used [0x29550000, 0x2a2406d8, 0x2a240800, 0x2aae1000)
 compacting perm gen  total 12288K, used 8500K [0x34000000, 0x34c00000, 0x38000000)
   the space 12288K,  69% used [0x34000000, 0x3484d040, 0x3484d200, 0x34c00000)
    ro space 10240K,  42% used [0x38000000, 0x38434778, 0x38434800, 0x38a00000)
    rw space 12288K,  52% used [0x38a00000, 0x39049a68, 0x39049c00, 0x39600000)
}
Event: 3.936 GC heap before
{Heap before GC invocations=12 (full 2):
 def new generation   total 10048K, used 7559K [0x24000000, 0x24ae0000, 0x29550000)
  eden space 8960K,  84% used [0x24000000, 0x24761c78, 0x248c0000)
  from space 1088K,   0% used [0x248c0000, 0x248c0000, 0x249d0000)
  to   space 1088K,   0% used [0x249d0000, 0x249d0000, 0x24ae0000)
 tenured generation   total 22084K, used 13249K [0x29550000, 0x2aae1000, 0x34000000)
   the space 22084K,  59% used [0x29550000, 0x2a2406d8, 0x2a240800, 0x2aae1000)
 compacting perm gen  total 12288K, used 8500K [0x34000000, 0x34c00000, 0x38000000)
   the space 12288K,  69% used [0x34000000, 0x3484d040, 0x3484d200, 0x34c00000)
    ro space 10240K,  42% used [0x38000000, 0x38434778, 0x38434800, 0x38a00000)
    rw space 12288K,  52% used [0x38a00000, 0x39049a68, 0x39049c00, 0x39600000)
Event: 3.938 GC heap after
Heap after GC invocations=13 (full 2):
 def new generation   total 10048K, used 6K [0x24000000, 0x24ae0000, 0x29550000)
  eden space 8960K,   0% used [0x24000000, 0x24000000, 0x248c0000)
  from space 1088K,   0% used [0x249d0000, 0x249d1870, 0x24ae0000)
  to   space 1088K,   0% used [0x248c0000, 0x248c0000, 0x249d0000)
 tenured generation   total 22084K, used 20705K [0x29550000, 0x2aae1000, 0x34000000)
   the space 22084K,  93% used [0x29550000, 0x2a988420, 0x2a988600, 0x2aae1000)
 compacting perm gen  total 12288K, used 8500K [0x34000000, 0x34c00000, 0x38000000)
   the space 12288K,  69% used [0x34000000, 0x3484d040, 0x3484d200, 0x34c00000)
    ro space 10240K,  42% used [0x38000000, 0x38434778, 0x38434800, 0x38a00000)
    rw space 12288K,  52% used [0x38a00000, 0x39049a68, 0x39049c00, 0x39600000)
}
Event: 3.940 GC heap before
{Heap before GC invocations=13 (full 2):
 def new generation   total 10048K, used 7527K [0x24000000, 0x24ae0000, 0x29550000)
  eden space 8960K,  83% used [0x24000000, 0x247586f0, 0x248c0000)
  from space 1088K,   0% used [0x249d0000, 0x249d1870, 0x24ae0000)
  to   space 1088K,   0% used [0x248c0000, 0x248c0000, 0x249d0000)
 tenured generation   total 22084K, used 20705K [0x29550000, 0x2aae1000, 0x34000000)
   the space 22084K,  93% used [0x29550000, 0x2a988420, 0x2a988600, 0x2aae1000)
 compacting perm gen  total 12288K, used 8500K [0x34000000, 0x34c00000, 0x38000000)
   the space 12288K,  69% used [0x34000000, 0x3484d040, 0x3484d200, 0x34c00000)
    ro space 10240K,  42% used [0x38000000, 0x38434778, 0x38434800, 0x38a00000)
    rw space 12288K,  52% used [0x38a00000, 0x39049a68, 0x39049c00, 0x39600000)
Event: 3.994 GC heap after
Heap after GC invocations=14 (full 3):
 def new generation   total 12672K, used 0K [0x24000000, 0x24dc0000, 0x29550000)
  eden space 11264K,   0% used [0x24000000, 0x24000000, 0x24b00000)
  from space 1408K,   0% used [0x24b00000, 0x24b00000, 0x24c60000)
  to   space 1408K,   0% used [0x24c60000, 0x24c60000, 0x24dc0000)
 tenured generation   total 28000K, used 16799K [0x29550000, 0x2b0a8000, 0x34000000)
   the space 28000K,  59% used [0x29550000, 0x2a5b7cb8, 0x2a5b7e00, 0x2b0a8000)
 compacting perm gen  total 12288K, used 8500K [0x34000000, 0x34c00000, 0x38000000)
   the space 12288K,  69% used [0x34000000, 0x3484d040, 0x3484d200, 0x34c00000)
    ro space 10240K,  42% used [0x38000000, 0x38434778, 0x38434800, 0x38a00000)
    rw space 12288K,  52% used [0x38a00000, 0x39049a68, 0x39049c00, 0x39600000)
}
Event: 5.970 GC heap before
{Heap before GC invocations=14 (full 3):
 def new generation   total 12672K, used 11264K [0x24000000, 0x24dc0000, 0x29550000)
  eden space 11264K, 100% used [0x24000000, 0x24b00000, 0x24b00000)
  from space 1408K,   0% used [0x24b00000, 0x24b00000, 0x24c60000)
  to   space 1408K,   0% used [0x24c60000, 0x24c60000, 0x24dc0000)
 tenured generation   total 28000K, used 16799K [0x29550000, 0x2b0a8000, 0x34000000)
   the space 28000K,  59% used [0x29550000, 0x2a5b7cb8, 0x2a5b7e00, 0x2b0a8000)
 compacting perm gen  total 12288K, used 9129K [0x34000000, 0x34c00000, 0x38000000)
   the space 12288K,  74% used [0x34000000, 0x348ea798, 0x348ea800, 0x34c00000)
    ro space 10240K,  42% used [0x38000000, 0x38434778, 0x38434800, 0x38a00000)
    rw space 12288K,  52% used [0x38a00000, 0x39049a68, 0x39049c00, 0x39600000)
Event: 5.975 GC heap after
Heap after GC invocations=15 (full 3):
 def new generation   total 12672K, used 1408K [0x24000000, 0x24dc0000, 0x29550000)
  eden space 11264K,   0% used [0x24000000, 0x24000000, 0x24b00000)
  from space 1408K, 100% used [0x24c60000, 0x24dc0000, 0x24dc0000)
  to   space 1408K,   0% used [0x24b00000, 0x24b00000, 0x24c60000)
 tenured generation   total 28000K, used 21590K [0x29550000, 0x2b0a8000, 0x34000000)
   the space 28000K,  77% used [0x29550000, 0x2aa65870, 0x2aa65a00, 0x2b0a8000)
 compacting perm gen  total 12288K, used 9129K [0x34000000, 0x34c00000, 0x38000000)
   the space 12288K,  74% used [0x34000000, 0x348ea798, 0x348ea800, 0x34c00000)
    ro space 10240K,  42% used [0x38000000, 0x38434778, 0x38434800, 0x38a00000)
    rw space 12288K,  52% used [0x38a00000, 0x39049a68, 0x39049c00, 0x39600000)
}

Deoptimization events (0 events):
No events

Internal exceptions (10 events):
Event: 5.978 Thread 0x05556c00 Threw 0x24033b38 at C:\re\jdk7u60\1081\hotspot\src\share\vm\prims\jvm.cpp:1244
Event: 5.978 Thread 0x05556c00 Threw 0x2403b398 at C:\re\jdk7u60\1081\hotspot\src\share\vm\prims\jvm.cpp:1244
Event: 5.979 Thread 0x05556c00 Threw 0x240469e0 at C:\re\jdk7u60\1081\hotspot\src\share\vm\prims\jvm.cpp:1244
Event: 5.981 Thread 0x05556c00 Threw 0x2406b0f8 at C:\re\jdk7u60\1081\hotspot\src\share\vm\prims\jvm.cpp:1244
Event: 5.985 Thread 0x05556c00 Threw 0x240748f0 at C:\re\jdk7u60\1081\hotspot\src\share\vm\prims\jvm.cpp:1244
Event: 13.378 Thread 0x05556c00 Threw 0x2435a5c0 at C:\re\jdk7u60\1081\hotspot\src\share\vm\prims\jvm.cpp:1244
Event: 13.382 Thread 0x05882000 Threw 0x2437c4b8 at C:\re\jdk7u60\1081\hotspot\src\share\vm\prims\jvm.cpp:2917
Event: 13.386 Thread 0x05556c00 Threw 0x2438d680 at C:\re\jdk7u60\1081\hotspot\src\share\vm\prims\jvm.cpp:1248
Event: 13.386 Thread 0x05556c00 Threw 0x2438d680 at C:\re\jdk7u60\1081\hotspot\src\share\vm\prims\jvm.cpp:1248
Event: 15.590 Thread 0x05882000 Threw 0x2486b860 at C:\re\jdk7u60\1081\hotspot\src\share\vm\prims\jvm.cpp:2917

Events (10 events):
Event: 17.002 loading class 0x39670c20
Event: 17.002 loading class 0x39670bc8
Event: 17.002 Thread 0x05881400 Thread exited: 0x05881400
Event: 17.002 loading class 0x39670bc8 done
Event: 17.002 loading class 0x39670c20 done
Event: 17.002 Thread 0x05880c00 Thread exited: 0x05880c00
Event: 17.002 Thread 0x05884000 Thread exited: 0x05884000
Event: 17.010 Thread 0x04a55000 Thread exited: 0x04a55000
Event: 17.102 Thread 0x05883800 Thread exited: 0x05883800
Event: 17.102 Executing VM operation: Exit


Dynamic libraries:
0x00a70000 - 0x00a9f000 	C:\Program Files (x86)\Java\jre7\bin\javaw.exe
0x76fe0000 - 0x77137000 	C:\Windows\SYSTEM32\ntdll.dll
0x74690000 - 0x747c0000 	C:\Windows\SYSTEM32\KERNEL32.DLL
0x76a80000 - 0x76b27000 	C:\Windows\SYSTEM32\KERNELBASE.dll
0x747c0000 - 0x7486e000 	C:\Windows\SYSTEM32\ADVAPI32.dll
0x764f0000 - 0x76606000 	C:\Windows\SYSTEM32\USER32.dll
0x73130000 - 0x73328000 	C:\Windows\WinSxS\x86_microsoft.windows.common-controls_6595b64144ccf1df_6.0.9200.16579_none_8937eec6860750f5\COMCTL32.dll
0x76000000 - 0x760b1000 	C:\Windows\SYSTEM32\msvcrt.dll
0x74870000 - 0x748a4000 	C:\Windows\SYSTEM32\sechost.dll
0x760c0000 - 0x7616c000 	C:\Windows\SYSTEM32\RPCRT4.dll
0x748b0000 - 0x749ad000 	C:\Windows\SYSTEM32\GDI32.dll
0x745d0000 - 0x745ed000 	C:\Windows\SYSTEM32\SspiCli.dll
0x745c0000 - 0x745c9000 	C:\Windows\SYSTEM32\CRYPTBASE.dll
0x74560000 - 0x745b1000 	C:\Windows\SYSTEM32\bcryptPrimitives.dll
0x762e0000 - 0x76300000 	C:\Windows\system32\IMM32.DLL
0x76680000 - 0x7675e000 	C:\Windows\SYSTEM32\MSCTF.dll
0x5f9e0000 - 0x5fa9f000 	C:\Program Files (x86)\Java\jre7\bin\msvcr100.dll
0x6f250000 - 0x6f5d8000 	C:\Program Files (x86)\Java\jre7\bin\client\jvm.dll
0x71c10000 - 0x71c18000 	C:\Windows\SYSTEM32\WSOCK32.dll
0x71fb0000 - 0x71fd1000 	C:\Windows\SYSTEM32\WINMM.dll
0x76300000 - 0x76306000 	C:\Windows\SYSTEM32\PSAPI.DLL
0x75f80000 - 0x75fd0000 	C:\Windows\SYSTEM32\WS2_32.dll
0x71c70000 - 0x71c9b000 	C:\Windows\SYSTEM32\WINMMBASE.dll
0x75ff0000 - 0x75ff8000 	C:\Windows\SYSTEM32\NSI.dll
0x76b30000 - 0x76b76000 	C:\Windows\SYSTEM32\cfgmgr32.dll
0x75f00000 - 0x75f1e000 	C:\Windows\SYSTEM32\DEVOBJ.dll
0x720a0000 - 0x720ac000 	C:\Program Files (x86)\Java\jre7\bin\verify.dll
0x71910000 - 0x71930000 	C:\Program Files (x86)\Java\jre7\bin\java.dll
0x718d0000 - 0x718e3000 	C:\Program Files (x86)\Java\jre7\bin\zip.dll
0x5e360000 - 0x5e4a3000 	C:\Program Files (x86)\Java\jre7\bin\awt.dll
0x76c00000 - 0x76c8b000 	C:\Windows\SYSTEM32\OLEAUT32.dll
0x76de0000 - 0x76f16000 	C:\Windows\SYSTEM32\combase.dll
0x72dd0000 - 0x72e77000 	C:\Windows\system32\apphelp.dll
0x71a40000 - 0x71a59000 	C:\Windows\system32\DWMAPI.DLL
0x726b0000 - 0x72738000 	C:\Windows\system32\uxtheme.dll
0x76760000 - 0x76879000 	C:\Windows\SYSTEM32\ole32.dll
0x74da0000 - 0x75e66000 	C:\Windows\SYSTEM32\SHELL32.dll
0x75f40000 - 0x75f80000 	C:\Windows\SYSTEM32\SHLWAPI.dll
0x73330000 - 0x733a3000 	C:\Windows\SYSTEM32\shcore.dll
0x5f9a0000 - 0x5f9d9000 	C:\Program Files (x86)\Java\jre7\bin\fontmanager.dll
0x718b0000 - 0x718c4000 	C:\Program Files (x86)\Java\jre7\bin\net.dll
0x72e80000 - 0x72eca000 	C:\Windows\system32\mswsock.dll
0x718a0000 - 0x718af000 	C:\Program Files (x86)\Java\jre7\bin\nio.dll
0x5e330000 - 0x5e360000 	C:\Program Files (x86)\Java\jre7\bin\t2k.dll
0x76b80000 - 0x76bf4000 	C:\Windows\SYSTEM32\clbcatq.dll
0x6a8a0000 - 0x6a9eb000 	C:\Windows\SYSTEM32\WindowsCodecs.dll
0x76dc0000 - 0x76dd1000 	C:\Windows\SYSTEM32\profapi.dll
0x5e300000 - 0x5e324000 	C:\Program Files (x86)\Java\jre7\bin\dcpr.dll
0x5e290000 - 0x5e2fd000 	C:\binaries\terrajava.dll
0x5e1a0000 - 0x5e287000 	C:\binaries\terramanager-funcate.dll
0x573f0000 - 0x57c96000 	C:\binaries\terralib.dll
0x64af0000 - 0x64b59000 	C:\Windows\SYSTEM32\MSVCP100.dll
0x6d880000 - 0x6db4c000 	C:\binaries\bgd.dll
0x5f980000 - 0x5f99b000 	C:\binaries\terraogc_xml.dll
0x5e180000 - 0x5e19d000 	C:\binaries\terraogc_sld.dll
0x5e150000 - 0x5e176000 	C:\binaries\terraogc_se.dll
0x5e110000 - 0x5e146000 	C:\binaries\terraogc_filter.dll
0x5da60000 - 0x5dab2000 	C:\binaries\terraogc_ows.dll
0x5e0f0000 - 0x5e109000 	C:\binaries\terraogc_common.dll
0x5da50000 - 0x5da5b000 	C:\binaries\terralib_shp.dll
0x5da40000 - 0x5da4e000 	C:\binaries\terralib_spl.dll
0x05f30000 - 0x06326000 	C:\binaries\qt-mt338.dll
0x613d0000 - 0x6149e000 	C:\Windows\SYSTEM32\OPENGL32.dll
0x613a0000 - 0x613c3000 	C:\Windows\SYSTEM32\GLU32.dll
0x597c0000 - 0x5983f000 	C:\binaries\qwt500.dll
0x0f2e0000 - 0x112df000 	C:\binaries\berkelium.dll
0x06330000 - 0x06471000 	C:\binaries\LIBMYSQL.dll
0x63100000 - 0x63121000 	C:\binaries\LIBPQ.dll
0x06480000 - 0x064e1000 	C:\binaries\OCI.dll
0x59730000 - 0x597ba000 	C:\binaries\libtiff.dll
0x56580000 - 0x56d52000 	C:\binaries\gdal110.dll
0x12000000 - 0x121dc000 	C:\binaries\xerces-c_3_1.dll
0x596d0000 - 0x59725000 	C:\binaries\terraogc_wms.dll
0x59670000 - 0x596c3000 	C:\binaries\terraogc_gml.dll
0x59620000 - 0x59661000 	C:\binaries\terraogc_xsd.dll
0x5a810000 - 0x5a830000 	C:\binaries\terraogc_xacml.dll
0x71f30000 - 0x71f90000 	C:\Windows\SYSTEM32\WINSPOOL.DRV
0x7c340000 - 0x7c396000 	C:\Windows\SYSTEM32\MSVCR71.dll
0x608a0000 - 0x60979000 	C:\Windows\SYSTEM32\DDRAW.dll
0x727a0000 - 0x727a9000 	C:\Windows\SYSTEM32\Secur32.dll
0x75f20000 - 0x75f3b000 	C:\Windows\SYSTEM32\USERENV.dll
0x71520000 - 0x71570000 	C:\Windows\SYSTEM32\OLEACC.dll
0x54200000 - 0x54276000 	C:\Windows\SYSTEM32\RICHED20.dll
0x72ee0000 - 0x72ee8000 	C:\Windows\SYSTEM32\VERSION.dll
0x720b0000 - 0x720c4000 	C:\Windows\SYSTEM32\USP10.dll
0x72c50000 - 0x72cc5000 	C:\Windows\SYSTEM32\DNSAPI.dll
0x06590000 - 0x0663a000 	C:\Windows\libeay32.dll
0x06640000 - 0x0664d000 	C:\binaries\libintl-2.dll
0x72ed0000 - 0x72ed6000 	C:\Windows\SYSTEM32\SHFOLDER.DLL
0x06650000 - 0x06676000 	C:\Windows\ssleay32.dll
0x06680000 - 0x066a6000 	C:\binaries\libexpat.dll
0x60770000 - 0x60811000 	C:\Windows\SYSTEM32\ODBC32.dll
0x60760000 - 0x60767000 	C:\Windows\SYSTEM32\DCIMAN32.dll
0x663b0000 - 0x663db000 	C:\Windows\SYSTEM32\msls31.dll
0x06700000 - 0x067db000 	C:\binaries\libiconv-2.dll
0x6f600000 - 0x6f61d000 	C:\Windows\SYSTEM32\gpapi.dll
0x74530000 - 0x74556000 	C:\Windows\SYSTEM32\ntmarta.dll
0x54e60000 - 0x55708000 	C:\binaries\icudt46.dll
0x53850000 - 0x53979000 	C:\Windows\SYSTEM32\dbghelp.dll
0x72040000 - 0x72050000 	C:\Windows\system32\napinsp.dll
0x72020000 - 0x72034000 	C:\Windows\system32\pnrpnsp.dll
0x72010000 - 0x72020000 	C:\Windows\system32\NLAapi.dll
0x72000000 - 0x72009000 	C:\Windows\System32\winrnr.dll
0x71ac0000 - 0x71ad0000 	C:\Windows\system32\wshbth.dll
0x726a0000 - 0x726a7000 	C:\Windows\System32\rasadhlp.dll
0x71c30000 - 0x71c6f000 	C:\Windows\System32\fwpuclnt.dll
0x72cd0000 - 0x72cf0000 	C:\Windows\SYSTEM32\IPHLPAPI.DLL
0x72c40000 - 0x72c48000 	C:\Windows\SYSTEM32\WINNSI.DLL
0x730d0000 - 0x730ea000 	C:\Windows\SYSTEM32\CRYPTSP.dll
0x73090000 - 0x730ce000 	C:\Windows\system32\rsaenh.dll
0x72c30000 - 0x72c40000 	C:\Windows\SYSTEM32\dhcpcsvc6.DLL
0x72c10000 - 0x72c22000 	C:\Windows\SYSTEM32\dhcpcsvc.DLL
0x595f0000 - 0x59615000 	C:\Program Files (x86)\Java\jre7\bin\jpeg.dll

VM Arguments:
jvm_args: -Dfile.encoding=ISO-8859-1 
java_command: com.nexusbr.gv.main.ConnectDBMain
Launcher Type: SUN_STANDARD

Environment Variables:
JAVA_HOME=C:\Program Files (x86)\Java\jre7
PATH=C:/Program Files (x86)/Java/jre7/bin/client;C:/Program Files (x86)/Java/jre7/bin;C:/Program Files (x86)/Java/jre7/lib/i386;C:\Program Files (x86)\PHP\;c:\Program Files (x86)\Intel\iCLS Client\;c:\Program Files\Intel\iCLS Client\;C:\Windows\system32;C:\Windows;C:\Windows\System32\Wbem;C:\Windows\System32\WindowsPowerShell\v1.0\;C:\Program Files\Intel\Intel(R) Management Engine Components\DAL;C:\Program Files\Intel\Intel(R) Management Engine Components\IPT;C:\Program Files (x86)\Intel\Intel(R) Management Engine Components\DAL;C:\Program Files (x86)\Intel\Intel(R) Management Engine Components\IPT;C:\Program Files (x86)\Intel\OpenCL SDK\3.0\bin\x86;C:\Program Files (x86)\Intel\OpenCL SDK\3.0\bin\x64;C:\Program Files (x86)\Windows Live\Shared;C:\binaries;c:\Program Files (x86)\Microsoft SQL Server\100\Tools\Binn\;c:\Program Files\Microsoft SQL Server\100\Tools\Binn\;c:\Program Files\Microsoft SQL Server\100\DTS\Binn\;C:\strawberry\c\bin;C:\strawberry\perl\site\bin;C:\strawberry\perl\bin;C:\Program Files (x86)\Microsoft SQL Server\110\Tools\Binn\ManagementStudio\;C:\Program Files (x86)\Microsoft SQL Server\110\Tools\Binn\;C:\Program Files\Microsoft SQL Server\110\Tools\Binn\;C:\Program Files (x86)\Microsoft SQL Server\110\DTS\Binn\;C:\Program Files\TortoiseSVN\bin;C:\Python34;C:\Program Files (x86)\Java\jre7\bin;C:\eclipse;
USERNAME=inacio
OS=Windows_NT
PROCESSOR_IDENTIFIER=Intel64 Family 6 Model 69 Stepping 1, GenuineIntel



---------------  S Y S T E M  ---------------

OS: Windows 8 , 64 bit Build 9200 

CPU:total 4 (2 cores per cpu, 2 threads per core) family 6 model 69 stepping 1, cmov, cx8, fxsr, mmx, sse, sse2, sse3, ssse3, sse4.1, sse4.2, popcnt, avx, avx2, aes, erms, ht, tsc, tscinvbit

Memory: 4k page, physical 8290700k(4611096k free), swap 9535884k(5078020k free)

vm_info: Java HotSpot(TM) Client VM (24.60-b09) for windows-x86 JRE (1.7.0_60-b19), built on May  7 2014 13:09:52 by "java_re" with unknown MS VC++:1600

time: Wed Jul 02 17:15:17 2014
elapsed time: 17 seconds

