#
# A fatal error has been detected by the Java Runtime Environment:
#
#  EXCEPTION_ACCESS_VIOLATION (0xc0000005) at pc=0x10219052, pid=8844, tid=7992
#
# JRE version: Java(TM) SE Runtime Environment (7.0_60-b19) (build 1.7.0_60-b19)
# Java VM: Java HotSpot(TM) Client VM (24.60-b09 mixed mode, sharing windows-x86 )
# Problematic frame:
# C  [berkelium.dll+0xa39052]
#
# Failed to write core dump. Minidumps are not enabled by default on client versions of Windows
#
# If you would like to submit a bug report, please visit:
#   http://bugreport.sun.com/bugreport/crash.jsp
#

---------------  T H R E A D  ---------------

Current thread (0x0096fc00):  VMThread [stack: 0x01f50000,0x01fa0000] [id=7992]

siginfo: ExceptionCode=0xc0000005, reading address 0x000000f8

Registers:
EAX=0x01f9f384, EBX=0x000493e0, ECX=0x01f9f384, EDX=0x6321d6d8
ESP=0x01f9f374, EBP=0x00000076, ESI=0x00000000, EDI=0x750379d8
EIP=0x10219052, EFLAGS=0x00010202

Top of Stack: (sp=0x01f9f374)
0x01f9f374:   06946168 06946168 0689ab00 00000000
0x01f9f384:   6321d6d8 00000076 069336c0 0693c900
0x01f9f394:   00000000 00000000 00000000 74616401
0x01f9f3a4:   69642d61 06ba0072 00000023 0000002f
0x01f9f3b4:   00000000 068c7070 002e5be2 06946000
0x01f9f3c4:   0689ab44 ffffff00 0f84bf20 11369778
0x01f9f3d4:   06400030 00000000 0000000f 1136a730
0x01f9f3e4:   00000001 0f849783 00000008 00000001 

Instructions: (pc=0x10219052)
0x10219032:   03 00 00 57 53 e8 f4 c8 60 ff 8b ea 8d 54 24 10
0x10219042:   52 8b f8 e8 26 ca 00 00 83 c4 04 03 38 13 68 04
0x10219052:   8b 86 f8 00 00 00 0b 86 fc 00 00 00 89 7c 24 20
0x10219062:   89 6c 24 24 75 3e 39 84 24 d4 00 00 00 7f 35 7c 


Register to memory mapping:

EAX=
[error occurred during error reporting (printing register info), id 0xc0000005]

Stack: [0x01f50000,0x01fa0000],  sp=0x01f9f374,  free space=316k
Native frames: (J=compiled Java code, j=interpreted, Vv=VM code, C=native code)
C  [berkelium.dll+0xa39052]

VM_Operation (0x0550e3c0): Exit, mode: safepoint, requested by thread 0x04590800


---------------  P R O C E S S  ---------------

Java Threads: ( => current thread )
  0x0539d800 JavaThread "Image Fetcher 3" daemon [_thread_blocked, id=3668, stack(0x07d30000,0x07d80000)]
  0x0539d000 JavaThread "Image Fetcher 2" daemon [_thread_blocked, id=6836, stack(0x07680000,0x076d0000)]
  0x0539c800 JavaThread "Image Fetcher 1" daemon [_thread_blocked, id=9640, stack(0x07510000,0x07560000)]
  0x0539e800 JavaThread "Image Fetcher 0" daemon [_thread_blocked, id=5968, stack(0x04c20000,0x04c70000)]
  0x05438000 JavaThread "Thread-88" [_thread_blocked, id=6648, stack(0x0b350000,0x0b3a0000)]
  0x05437400 JavaThread "Thread-87" [_thread_blocked, id=6720, stack(0x0b2c0000,0x0b310000)]
  0x05439400 JavaThread "Thread-86" [_thread_in_native, id=4196, stack(0x0b230000,0x0b280000)]
  0x05438c00 JavaThread "Thread-85" [_thread_in_native, id=9292, stack(0x0b1a0000,0x0b1f0000)]
  0x05438800 JavaThread "Thread-84" [_thread_in_native, id=7864, stack(0x0b110000,0x0b160000)]
  0x05437800 JavaThread "Thread-83" [_thread_blocked, id=7000, stack(0x0b080000,0x0b0d0000)]
  0x05435c00 JavaThread "Thread-82" [_thread_blocked, id=8596, stack(0x0aff0000,0x0b040000)]
  0x05436800 JavaThread "Thread-81" [_thread_blocked, id=7348, stack(0x0af60000,0x0afb0000)]
  0x086c7c00 JavaThread "Thread-80" [_thread_blocked, id=7420, stack(0x0aed0000,0x0af20000)]
  0x086c7400 JavaThread "Thread-79" [_thread_in_native, id=4520, stack(0x0ae40000,0x0ae90000)]
  0x086c6000 JavaThread "Thread-78" [_thread_in_native, id=6124, stack(0x0adb0000,0x0ae00000)]
  0x086c6c00 JavaThread "Thread-77" [_thread_blocked, id=8636, stack(0x0ad20000,0x0ad70000)]
  0x086c5000 JavaThread "Thread-76" [_thread_blocked, id=3536, stack(0x0ac90000,0x0ace0000)]
  0x086c6800 JavaThread "Thread-75" [_thread_blocked, id=9792, stack(0x0ac00000,0x0ac50000)]
  0x086c5c00 JavaThread "Thread-74" [_thread_in_native, id=5952, stack(0x0ab70000,0x0abc0000)]
  0x086c8000 JavaThread "Thread-73" [_thread_blocked, id=64, stack(0x0aae0000,0x0ab30000)]
  0x086c5400 JavaThread "Thread-72" [_thread_blocked, id=4208, stack(0x0aa50000,0x0aaa0000)]
  0x086c4800 JavaThread "Thread-71" [_thread_blocked, id=5848, stack(0x099f0000,0x09a40000)]
  0x0877bc00 JavaThread "Thread-67" [_thread_blocked, id=6712, stack(0x097b0000,0x09800000)]
  0x085e8400 JavaThread "Thread-64" [_thread_blocked, id=8444, stack(0x09600000,0x09650000)]
  0x085e7800 JavaThread "Thread-63" [_thread_blocked, id=9644, stack(0x09570000,0x095c0000)]
  0x0539dc00 JavaThread "Thread-59" [_thread_blocked, id=7040, stack(0x07ca0000,0x07cf0000)]
  0x0539f400 JavaThread "Thread-53" [_thread_blocked, id=9716, stack(0x072e0000,0x07330000)]
  0x0539fc00 JavaThread "Image Animator 3" daemon [_thread_blocked, id=10100, stack(0x07200000,0x07250000)]
  0x0539f000 JavaThread "WeakCollectionCleaner" daemon [_thread_blocked, id=9544, stack(0x09490000,0x094e0000)]
  0x0538f800 JavaThread "TimerQueue" daemon [_thread_blocked, id=44, stack(0x07410000,0x07460000)]
  0x0203e000 JavaThread "DestroyJavaVM" [_thread_blocked, id=5184, stack(0x00310000,0x00360000)]
  0x04590800 JavaThread "AWT-EventQueue-0" [_thread_blocked, id=1080, stack(0x054c0000,0x05510000)]
  0x0452c800 JavaThread "AWT-Shutdown" [_thread_blocked, id=1284, stack(0x04b90000,0x04be0000)]
  0x0452bc00 JavaThread "Java2D Disposer" daemon [_thread_blocked, id=764, stack(0x049b0000,0x04a00000)]
  0x009e6800 JavaThread "Service Thread" daemon [_thread_blocked, id=10136, stack(0x042c0000,0x04310000)]
  0x009e4800 JavaThread "C1 CompilerThread0" daemon [_thread_blocked, id=8992, stack(0x04230000,0x04280000)]
  0x009e3000 JavaThread "Attach Listener" daemon [_thread_blocked, id=9972, stack(0x041a0000,0x041f0000)]
  0x00976000 JavaThread "Finalizer" daemon [_thread_blocked, id=9760, stack(0x04080000,0x040d0000)]
  0x00971000 JavaThread "Reference Handler" daemon [_thread_blocked, id=7144, stack(0x01fe0000,0x02030000)]

Other Threads:
=>0x0096fc00 VMThread [stack: 0x01f50000,0x01fa0000] [id=7992]

VM state:at safepoint (shutting down)

VM Mutex/Monitor currently owned by a thread:  ([mutex/lock_event])
[0x0203c740] Threads_lock - owner thread: 0x0096fc00

Heap
 def new generation   total 17024K, used 11620K [0x24000000, 0x25270000, 0x29550000)
  eden space 15168K,  65% used [0x24000000, 0x249afc60, 0x24ed0000)
  from space 1856K,  91% used [0x24ed0000, 0x250794a0, 0x250a0000)
  to   space 1856K,   0% used [0x250a0000, 0x250a0000, 0x25270000)
 tenured generation   total 37704K, used 37215K [0x29550000, 0x2ba22000, 0x34000000)
   the space 37704K,  98% used [0x29550000, 0x2b9a7d60, 0x2b9a7e00, 0x2ba22000)
 compacting perm gen  total 12288K, used 8784K [0x34000000, 0x34c00000, 0x38000000)
   the space 12288K,  71% used [0x34000000, 0x34894228, 0x34894400, 0x34c00000)
    ro space 10240K,  42% used [0x38000000, 0x38434778, 0x38434800, 0x38a00000)
    rw space 12288K,  52% used [0x38a00000, 0x39049a68, 0x39049c00, 0x39600000)

Card table byte_map: [0x01ea0000,0x01f50000] byte_map_base: 0x01d80000

Polling page: 0x00360000

Code Cache  [0x02040000, 0x02280000, 0x04040000)
 total_blobs=1343 nmethods=1054 adapters=225 free_code_cache=30481Kb largest_free_block=31212480

Compilation events (10 events):
Event: 30.026 Thread 0x009e4800 1058             java.util.concurrent.ConcurrentHashMap$HashIterator::advance (96 bytes)
Event: 30.026 Thread 0x009e4800 nmethod 1058 0x02275a48 code [0x02275b50, 0x02275d10]
Event: 30.480 Thread 0x009e4800 1060   !         javax.swing.JComponent::_paintImmediately (891 bytes)
Event: 30.486 Thread 0x009e4800 nmethod 1060 0x02276108 code [0x02276530, 0x0227811c]
Event: 30.528 Thread 0x009e4800 1061   !         java.awt.Container::getComponentZOrder (43 bytes)
Event: 30.529 Thread 0x009e4800 nmethod 1061 0x0227b288 code [0x0227b3a0, 0x0227b63c]
Event: 30.532 Thread 0x009e4800 1062             java.awt.Component::hasFocus (16 bytes)
Event: 30.532 Thread 0x009e4800 nmethod 1062 0x0227b748 code [0x0227b860, 0x0227b934]
Event: 30.721 Thread 0x009e4800 1063             java.awt.Rectangle::getBounds (24 bytes)
Event: 30.721 Thread 0x009e4800 nmethod 1063 0x0227ba08 code [0x0227bb00, 0x0227bbe0]

GC Heap History (10 events):
Event: 4.228 GC heap before
{Heap before GC invocations=13 (full 2):
 def new generation   total 9728K, used 7534K [0x24000000, 0x24a80000, 0x29550000)
  eden space 8704K,  86% used [0x24000000, 0x2475a100, 0x24880000)
  from space 1024K,   0% used [0x24980000, 0x24981978, 0x24a80000)
  to   space 1024K,   0% used [0x24880000, 0x24880000, 0x24980000)
 tenured generation   total 21316K, used 20247K [0x29550000, 0x2aa21000, 0x34000000)
   the space 21316K,  94% used [0x29550000, 0x2a915df0, 0x2a915e00, 0x2aa21000)
 compacting perm gen  total 12288K, used 8501K [0x34000000, 0x34c00000, 0x38000000)
   the space 12288K,  69% used [0x34000000, 0x3484d448, 0x3484d600, 0x34c00000)
    ro space 10240K,  42% used [0x38000000, 0x38434778, 0x38434800, 0x38a00000)
    rw space 12288K,  52% used [0x38a00000, 0x39049a68, 0x39049c00, 0x39600000)
Event: 4.290 GC heap after
Heap after GC invocations=14 (full 3):
 def new generation   total 11712K, used 0K [0x24000000, 0x24cb0000, 0x29550000)
  eden space 10432K,   0% used [0x24000000, 0x24000000, 0x24a30000)
  from space 1280K,   0% used [0x24a30000, 0x24a30000, 0x24b70000)
  to   space 1280K,   0% used [0x24b70000, 0x24b70000, 0x24cb0000)
 tenured generation   total 25764K, used 15456K [0x29550000, 0x2ae79000, 0x34000000)
   the space 25764K,  59% used [0x29550000, 0x2a468308, 0x2a468400, 0x2ae79000)
 compacting perm gen  total 12288K, used 8501K [0x34000000, 0x34c00000, 0x38000000)
   the space 12288K,  69% used [0x34000000, 0x3484d448, 0x3484d600, 0x34c00000)
    ro space 10240K,  42% used [0x38000000, 0x38434778, 0x38434800, 0x38a00000)
    rw space 12288K,  52% used [0x38a00000, 0x39049a68, 0x39049c00, 0x39600000)
}
Event: 9.774 GC heap before
{Heap before GC invocations=14 (full 3):
 def new generation   total 11712K, used 10142K [0x24000000, 0x24cb0000, 0x29550000)
  eden space 10432K,  97% used [0x24000000, 0x249e7a58, 0x24a30000)
  from space 1280K,   0% used [0x24a30000, 0x24a30000, 0x24b70000)
  to   space 1280K,   0% used [0x24b70000, 0x24b70000, 0x24cb0000)
 tenured generation   total 25764K, used 15456K [0x29550000, 0x2ae79000, 0x34000000)
   the space 25764K,  59% used [0x29550000, 0x2a468308, 0x2a468400, 0x2ae79000)
 compacting perm gen  total 12288K, used 8566K [0x34000000, 0x34c00000, 0x38000000)
   the space 12288K,  69% used [0x34000000, 0x3485d828, 0x3485da00, 0x34c00000)
    ro space 10240K,  42% used [0x38000000, 0x38434778, 0x38434800, 0x38a00000)
    rw space 12288K,  52% used [0x38a00000, 0x39049a68, 0x39049c00, 0x39600000)
Event: 9.777 GC heap after
Heap after GC invocations=15 (full 3):
 def new generation   total 11712K, used 1280K [0x24000000, 0x24cb0000, 0x29550000)
  eden space 10432K,   0% used [0x24000000, 0x24000000, 0x24a30000)
  from space 1280K, 100% used [0x24b70000, 0x24cb0000, 0x24cb0000)
  to   space 1280K,   0% used [0x24a30000, 0x24a30000, 0x24b70000)
 tenured generation   total 25764K, used 19211K [0x29550000, 0x2ae79000, 0x34000000)
   the space 25764K,  74% used [0x29550000, 0x2a812c58, 0x2a812e00, 0x2ae79000)
 compacting perm gen  total 12288K, used 8566K [0x34000000, 0x34c00000, 0x38000000)
   the space 12288K,  69% used [0x34000000, 0x3485d828, 0x3485da00, 0x34c00000)
    ro space 10240K,  42% used [0x38000000, 0x38434778, 0x38434800, 0x38a00000)
    rw space 12288K,  52% used [0x38a00000, 0x39049a68, 0x39049c00, 0x39600000)
}
Event: 9.780 GC heap before
{Heap before GC invocations=15 (full 3):
 def new generation   total 11712K, used 10492K [0x24000000, 0x24cb0000, 0x29550000)
  eden space 10432K,  88% used [0x24000000, 0x248ff130, 0x24a30000)
  from space 1280K, 100% used [0x24b70000, 0x24cb0000, 0x24cb0000)
  to   space 1280K,   0% used [0x24a30000, 0x24a30000, 0x24b70000)
 tenured generation   total 25764K, used 19211K [0x29550000, 0x2ae79000, 0x34000000)
   the space 25764K,  74% used [0x29550000, 0x2a812c58, 0x2a812e00, 0x2ae79000)
 compacting perm gen  total 12288K, used 8566K [0x34000000, 0x34c00000, 0x38000000)
   the space 12288K,  69% used [0x34000000, 0x3485d828, 0x3485da00, 0x34c00000)
    ro space 10240K,  42% used [0x38000000, 0x38434778, 0x38434800, 0x38a00000)
    rw space 12288K,  52% used [0x38a00000, 0x39049a68, 0x39049c00, 0x39600000)
Event: 9.833 GC heap after
Heap after GC invocations=16 (full 4):
 def new generation   total 17024K, used 0K [0x24000000, 0x25270000, 0x29550000)
  eden space 15168K,   0% used [0x24000000, 0x24000000, 0x24ed0000)
  from space 1856K,   0% used [0x24ed0000, 0x24ed0000, 0x250a0000)
  to   space 1856K,   0% used [0x250a0000, 0x250a0000, 0x25270000)
 tenured generation   total 37704K, used 22622K [0x29550000, 0x2ba22000, 0x34000000)
   the space 37704K,  59% used [0x29550000, 0x2ab678b0, 0x2ab67a00, 0x2ba22000)
 compacting perm gen  total 12288K, used 8559K [0x34000000, 0x34c00000, 0x38000000)
   the space 12288K,  69% used [0x34000000, 0x3485bff0, 0x3485c000, 0x34c00000)
    ro space 10240K,  42% used [0x38000000, 0x38434778, 0x38434800, 0x38a00000)
    rw space 12288K,  52% used [0x38a00000, 0x39049a68, 0x39049c00, 0x39600000)
}
Event: 10.877 GC heap before
{Heap before GC invocations=16 (full 4):
 def new generation   total 17024K, used 15168K [0x24000000, 0x25270000, 0x29550000)
  eden space 15168K, 100% used [0x24000000, 0x24ed0000, 0x24ed0000)
  from space 1856K,   0% used [0x24ed0000, 0x24ed0000, 0x250a0000)
  to   space 1856K,   0% used [0x250a0000, 0x250a0000, 0x25270000)
 tenured generation   total 37704K, used 22622K [0x29550000, 0x2ba22000, 0x34000000)
   the space 37704K,  59% used [0x29550000, 0x2ab678b0, 0x2ab67a00, 0x2ba22000)
 compacting perm gen  total 12288K, used 8560K [0x34000000, 0x34c00000, 0x38000000)
   the space 12288K,  69% used [0x34000000, 0x3485c208, 0x3485c400, 0x34c00000)
    ro space 10240K,  42% used [0x38000000, 0x38434778, 0x38434800, 0x38a00000)
    rw space 12288K,  52% used [0x38a00000, 0x39049a68, 0x39049c00, 0x39600000)
Event: 10.883 GC heap after
Heap after GC invocations=17 (full 4):
 def new generation   total 17024K, used 1680K [0x24000000, 0x25270000, 0x29550000)
  eden space 15168K,   0% used [0x24000000, 0x24000000, 0x24ed0000)
  from space 1856K,  90% used [0x250a0000, 0x25244190, 0x25270000)
  to   space 1856K,   0% used [0x24ed0000, 0x24ed0000, 0x250a0000)
 tenured generation   total 37704K, used 32560K [0x29550000, 0x2ba22000, 0x34000000)
   the space 37704K,  86% used [0x29550000, 0x2b51c1c8, 0x2b51c200, 0x2ba22000)
 compacting perm gen  total 12288K, used 8560K [0x34000000, 0x34c00000, 0x38000000)
   the space 12288K,  69% used [0x34000000, 0x3485c208, 0x3485c400, 0x34c00000)
    ro space 10240K,  42% used [0x38000000, 0x38434778, 0x38434800, 0x38a00000)
    rw space 12288K,  52% used [0x38a00000, 0x39049a68, 0x39049c00, 0x39600000)
}
Event: 21.538 GC heap before
{Heap before GC invocations=17 (full 4):
 def new generation   total 17024K, used 16848K [0x24000000, 0x25270000, 0x29550000)
  eden space 15168K, 100% used [0x24000000, 0x24ed0000, 0x24ed0000)
  from space 1856K,  90% used [0x250a0000, 0x25244190, 0x25270000)
  to   space 1856K,   0% used [0x24ed0000, 0x24ed0000, 0x250a0000)
 tenured generation   total 37704K, used 32560K [0x29550000, 0x2ba22000, 0x34000000)
   the space 37704K,  86% used [0x29550000, 0x2b51c1c8, 0x2b51c200, 0x2ba22000)
 compacting perm gen  total 12288K, used 8568K [0x34000000, 0x34c00000, 0x38000000)
   the space 12288K,  69% used [0x34000000, 0x3485e000, 0x3485e000, 0x34c00000)
    ro space 10240K,  42% used [0x38000000, 0x38434778, 0x38434800, 0x38a00000)
    rw space 12288K,  52% used [0x38a00000, 0x39049a68, 0x39049c00, 0x39600000)
Event: 21.543 GC heap after
Heap after GC invocations=18 (full 4):
 def new generation   total 17024K, used 1701K [0x24000000, 0x25270000, 0x29550000)
  eden space 15168K,   0% used [0x24000000, 0x24000000, 0x24ed0000)
  from space 1856K,  91% used [0x24ed0000, 0x250794a0, 0x250a0000)
  to   space 1856K,   0% used [0x250a0000, 0x250a0000, 0x25270000)
 tenured generation   total 37704K, used 37215K [0x29550000, 0x2ba22000, 0x34000000)
   the space 37704K,  98% used [0x29550000, 0x2b9a7d60, 0x2b9a7e00, 0x2ba22000)
 compacting perm gen  total 12288K, used 8568K [0x34000000, 0x34c00000, 0x38000000)
   the space 12288K,  69% used [0x34000000, 0x3485e000, 0x3485e000, 0x34c00000)
    ro space 10240K,  42% used [0x38000000, 0x38434778, 0x38434800, 0x38a00000)
    rw space 12288K,  52% used [0x38a00000, 0x39049a68, 0x39049c00, 0x39600000)
}

Deoptimization events (0 events):
No events

Internal exceptions (10 events):
Event: 21.882 Thread 0x04590800 Threw 0x240f0110 at C:\re\jdk7u60\1081\hotspot\src\share\vm\prims\jvm.cpp:1244
Event: 28.172 Thread 0x04590800 Threw 0x242467e8 at C:\re\jdk7u60\1081\hotspot\src\share\vm\prims\jvm.cpp:1244
Event: 28.173 Thread 0x04590800 Threw 0x2424dcc8 at C:\re\jdk7u60\1081\hotspot\src\share\vm\prims\jvm.cpp:1244
Event: 28.174 Thread 0x04590800 Threw 0x242530d0 at C:\re\jdk7u60\1081\hotspot\src\share\vm\prims\jvm.cpp:1244
Event: 28.174 Thread 0x04590800 Threw 0x242584e0 at C:\re\jdk7u60\1081\hotspot\src\share\vm\prims\jvm.cpp:1244
Event: 28.175 Thread 0x04590800 Threw 0x2425d980 at C:\re\jdk7u60\1081\hotspot\src\share\vm\prims\jvm.cpp:1244
Event: 28.175 Thread 0x04590800 Threw 0x24262d90 at C:\re\jdk7u60\1081\hotspot\src\share\vm\prims\jvm.cpp:1244
Event: 28.176 Thread 0x04590800 Threw 0x24268470 at C:\re\jdk7u60\1081\hotspot\src\share\vm\prims\jvm.cpp:1244
Event: 28.465 Thread 0x0539fc00 Threw 0x242db160 at C:\re\jdk7u60\1081\hotspot\src\share\vm\prims\jvm.cpp:2917
Event: 28.465 Thread 0x0539f400 Threw 0x242ad0b0 at C:\re\jdk7u60\1081\hotspot\src\share\vm\prims\jvm.cpp:1244

Events (10 events):
Event: 31.355 Executing VM operation: RevokeBias
Event: 31.363 Executing VM operation: RevokeBias done
Event: 31.363 Executing VM operation: RevokeBias
Event: 31.363 Executing VM operation: RevokeBias done
Event: 31.363 Thread 0x0539e400 Thread exited: 0x0539e400
Event: 31.364 Executing VM operation: RevokeBias
Event: 31.364 Executing VM operation: RevokeBias done
Event: 31.365 Executing VM operation: RevokeBias
Event: 31.401 Thread 0x053a0400 Thread exited: 0x053a0400
Event: 31.401 Thread 0x009e0c00 Thread exited: 0x009e0c00


Dynamic libraries:
0x00a70000 - 0x00a9f000 	C:\Program Files (x86)\Java\jre7\bin\javaw.exe
0x76fe0000 - 0x77137000 	C:\Windows\SYSTEM32\ntdll.dll
0x74690000 - 0x747c0000 	C:\Windows\SYSTEM32\KERNEL32.DLL
0x76a80000 - 0x76b27000 	C:\Windows\SYSTEM32\KERNELBASE.dll
0x747c0000 - 0x7486e000 	C:\Windows\SYSTEM32\ADVAPI32.dll
0x764f0000 - 0x76606000 	C:\Windows\SYSTEM32\USER32.dll
0x73130000 - 0x73328000 	C:\Windows\WinSxS\x86_microsoft.windows.common-controls_6595b64144ccf1df_6.0.9200.16579_none_8937eec6860750f5\COMCTL32.dll
0x76000000 - 0x760b1000 	C:\Windows\SYSTEM32\msvcrt.dll
0x74870000 - 0x748a4000 	C:\Windows\SYSTEM32\sechost.dll
0x760c0000 - 0x7616c000 	C:\Windows\SYSTEM32\RPCRT4.dll
0x748b0000 - 0x749ad000 	C:\Windows\SYSTEM32\GDI32.dll
0x745d0000 - 0x745ed000 	C:\Windows\SYSTEM32\SspiCli.dll
0x745c0000 - 0x745c9000 	C:\Windows\SYSTEM32\CRYPTBASE.dll
0x74560000 - 0x745b1000 	C:\Windows\SYSTEM32\bcryptPrimitives.dll
0x762e0000 - 0x76300000 	C:\Windows\system32\IMM32.DLL
0x76680000 - 0x7675e000 	C:\Windows\SYSTEM32\MSCTF.dll
0x6f190000 - 0x6f24f000 	C:\Program Files (x86)\Java\jre7\bin\msvcr100.dll
0x6f250000 - 0x6f5d8000 	C:\Program Files (x86)\Java\jre7\bin\client\jvm.dll
0x71c10000 - 0x71c18000 	C:\Windows\SYSTEM32\WSOCK32.dll
0x71fb0000 - 0x71fd1000 	C:\Windows\SYSTEM32\WINMM.dll
0x76300000 - 0x76306000 	C:\Windows\SYSTEM32\PSAPI.DLL
0x75f80000 - 0x75fd0000 	C:\Windows\SYSTEM32\WS2_32.dll
0x71c70000 - 0x71c9b000 	C:\Windows\SYSTEM32\WINMMBASE.dll
0x75ff0000 - 0x75ff8000 	C:\Windows\SYSTEM32\NSI.dll
0x76b30000 - 0x76b76000 	C:\Windows\SYSTEM32\cfgmgr32.dll
0x75f00000 - 0x75f1e000 	C:\Windows\SYSTEM32\DEVOBJ.dll
0x720a0000 - 0x720ac000 	C:\Program Files (x86)\Java\jre7\bin\verify.dll
0x71910000 - 0x71930000 	C:\Program Files (x86)\Java\jre7\bin\java.dll
0x718d0000 - 0x718e3000 	C:\Program Files (x86)\Java\jre7\bin\zip.dll
0x685e0000 - 0x68723000 	C:\Program Files (x86)\Java\jre7\bin\awt.dll
0x76c00000 - 0x76c8b000 	C:\Windows\SYSTEM32\OLEAUT32.dll
0x76de0000 - 0x76f16000 	C:\Windows\SYSTEM32\combase.dll
0x72dd0000 - 0x72e77000 	C:\Windows\system32\apphelp.dll
0x71a40000 - 0x71a59000 	C:\Windows\system32\DWMAPI.DLL
0x726b0000 - 0x72738000 	C:\Windows\system32\uxtheme.dll
0x76760000 - 0x76879000 	C:\Windows\SYSTEM32\ole32.dll
0x74da0000 - 0x75e66000 	C:\Windows\SYSTEM32\SHELL32.dll
0x75f40000 - 0x75f80000 	C:\Windows\SYSTEM32\SHLWAPI.dll
0x73330000 - 0x733a3000 	C:\Windows\SYSTEM32\shcore.dll
0x70b90000 - 0x70bc9000 	C:\Program Files (x86)\Java\jre7\bin\fontmanager.dll
0x718b0000 - 0x718c4000 	C:\Program Files (x86)\Java\jre7\bin\net.dll
0x72e80000 - 0x72eca000 	C:\Windows\system32\mswsock.dll
0x718a0000 - 0x718af000 	C:\Program Files (x86)\Java\jre7\bin\nio.dll
0x6b5d0000 - 0x6b600000 	C:\Program Files (x86)\Java\jre7\bin\t2k.dll
0x76b80000 - 0x76bf4000 	C:\Windows\SYSTEM32\clbcatq.dll
0x6a8a0000 - 0x6a9eb000 	C:\Windows\SYSTEM32\WindowsCodecs.dll
0x76dc0000 - 0x76dd1000 	C:\Windows\SYSTEM32\profapi.dll
0x6a870000 - 0x6a894000 	C:\Program Files (x86)\Java\jre7\bin\dcpr.dll
0x68570000 - 0x685dd000 	C:\binaries\terrajava.dll
0x68480000 - 0x68567000 	C:\binaries\terramanager-funcate.dll
0x59300000 - 0x59ba6000 	C:\binaries\terralib.dll
0x64af0000 - 0x64b59000 	C:\Windows\SYSTEM32\MSVCP100.dll
0x6d880000 - 0x6db4c000 	C:\binaries\bgd.dll
0x6e0b0000 - 0x6e0cb000 	C:\binaries\terraogc_xml.dll
0x6b500000 - 0x6b51d000 	C:\binaries\terraogc_sld.dll
0x68450000 - 0x68476000 	C:\binaries\terraogc_se.dll
0x66df0000 - 0x66e26000 	C:\binaries\terraogc_filter.dll
0x66d90000 - 0x66de2000 	C:\binaries\terraogc_ows.dll
0x6ab50000 - 0x6ab69000 	C:\binaries\terraogc_common.dll
0x70690000 - 0x7069b000 	C:\binaries\terralib_shp.dll
0x6b5c0000 - 0x6b5ce000 	C:\binaries\terralib_spl.dll
0x05a60000 - 0x05e56000 	C:\binaries\qt-mt338.dll
0x613d0000 - 0x6149e000 	C:\Windows\SYSTEM32\OPENGL32.dll
0x613a0000 - 0x613c3000 	C:\Windows\SYSTEM32\GLU32.dll
0x66d10000 - 0x66d8f000 	C:\binaries\qwt500.dll
0x0f7e0000 - 0x117df000 	C:\binaries\berkelium.dll
0x05e60000 - 0x05fa1000 	C:\binaries\LIBMYSQL.dll
0x63100000 - 0x63121000 	C:\binaries\LIBPQ.dll
0x05fb0000 - 0x06011000 	C:\binaries\OCI.dll
0x66c80000 - 0x66d0a000 	C:\binaries\libtiff.dll
0x583a0000 - 0x58b72000 	C:\binaries\gdal110.dll
0x12000000 - 0x121dc000 	C:\binaries\xerces-c_3_1.dll
0x66c20000 - 0x66c75000 	C:\binaries\terraogc_wms.dll
0x66bc0000 - 0x66c13000 	C:\binaries\terraogc_gml.dll
0x60710000 - 0x60751000 	C:\binaries\terraogc_xsd.dll
0x66ba0000 - 0x66bc0000 	C:\binaries\terraogc_xacml.dll
0x71f30000 - 0x71f90000 	C:\Windows\SYSTEM32\WINSPOOL.DRV
0x7c340000 - 0x7c396000 	C:\Windows\SYSTEM32\MSVCR71.dll
0x608a0000 - 0x60979000 	C:\Windows\SYSTEM32\DDRAW.dll
0x727a0000 - 0x727a9000 	C:\Windows\SYSTEM32\Secur32.dll
0x75f20000 - 0x75f3b000 	C:\Windows\SYSTEM32\USERENV.dll
0x71520000 - 0x71570000 	C:\Windows\SYSTEM32\OLEACC.dll
0x54200000 - 0x54276000 	C:\Windows\SYSTEM32\RICHED20.dll
0x72ee0000 - 0x72ee8000 	C:\Windows\SYSTEM32\VERSION.dll
0x720b0000 - 0x720c4000 	C:\Windows\SYSTEM32\USP10.dll
0x72c50000 - 0x72cc5000 	C:\Windows\SYSTEM32\DNSAPI.dll
0x060c0000 - 0x0616a000 	C:\Windows\libeay32.dll
0x06170000 - 0x0617d000 	C:\binaries\libintl-2.dll
0x72ed0000 - 0x72ed6000 	C:\Windows\SYSTEM32\SHFOLDER.DLL
0x06180000 - 0x061a6000 	C:\Windows\ssleay32.dll
0x061b0000 - 0x061d6000 	C:\binaries\libexpat.dll
0x60770000 - 0x60811000 	C:\Windows\SYSTEM32\ODBC32.dll
0x60760000 - 0x60767000 	C:\Windows\SYSTEM32\DCIMAN32.dll
0x663b0000 - 0x663db000 	C:\Windows\SYSTEM32\msls31.dll
0x06230000 - 0x0630b000 	C:\binaries\libiconv-2.dll
0x6f600000 - 0x6f61d000 	C:\Windows\SYSTEM32\gpapi.dll
0x74530000 - 0x74556000 	C:\Windows\SYSTEM32\ntmarta.dll
0x57af0000 - 0x58398000 	C:\binaries\icudt46.dll
0x53850000 - 0x53979000 	C:\Windows\SYSTEM32\dbghelp.dll
0x72040000 - 0x72050000 	C:\Windows\system32\napinsp.dll
0x72020000 - 0x72034000 	C:\Windows\system32\pnrpnsp.dll
0x72010000 - 0x72020000 	C:\Windows\system32\NLAapi.dll
0x72000000 - 0x72009000 	C:\Windows\System32\winrnr.dll
0x71ac0000 - 0x71ad0000 	C:\Windows\system32\wshbth.dll
0x71c30000 - 0x71c6f000 	C:\Windows\System32\fwpuclnt.dll
0x726a0000 - 0x726a7000 	C:\Windows\System32\rasadhlp.dll
0x730d0000 - 0x730ea000 	C:\Windows\SYSTEM32\CRYPTSP.dll
0x73090000 - 0x730ce000 	C:\Windows\system32\rsaenh.dll
0x72cd0000 - 0x72cf0000 	C:\Windows\SYSTEM32\IPHLPAPI.DLL
0x72c40000 - 0x72c48000 	C:\Windows\SYSTEM32\WINNSI.DLL
0x72c30000 - 0x72c40000 	C:\Windows\SYSTEM32\dhcpcsvc6.DLL
0x72c10000 - 0x72c22000 	C:\Windows\SYSTEM32\dhcpcsvc.DLL
0x606e0000 - 0x60705000 	C:\Program Files (x86)\Java\jre7\bin\jpeg.dll

VM Arguments:
jvm_args: -Dfile.encoding=ISO-8859-1 
java_command: com.nexusbr.gv.main.ConnectDBMain
Launcher Type: SUN_STANDARD

Environment Variables:
JAVA_HOME=C:\Program Files (x86)\Java\jre7
PATH=C:/Program Files (x86)/Java/jre7/bin/client;C:/Program Files (x86)/Java/jre7/bin;C:/Program Files (x86)/Java/jre7/lib/i386;C:\Program Files (x86)\PHP\;c:\Program Files (x86)\Intel\iCLS Client\;c:\Program Files\Intel\iCLS Client\;C:\Windows\system32;C:\Windows;C:\Windows\System32\Wbem;C:\Windows\System32\WindowsPowerShell\v1.0\;C:\Program Files\Intel\Intel(R) Management Engine Components\DAL;C:\Program Files\Intel\Intel(R) Management Engine Components\IPT;C:\Program Files (x86)\Intel\Intel(R) Management Engine Components\DAL;C:\Program Files (x86)\Intel\Intel(R) Management Engine Components\IPT;C:\Program Files (x86)\Intel\OpenCL SDK\3.0\bin\x86;C:\Program Files (x86)\Intel\OpenCL SDK\3.0\bin\x64;C:\Program Files (x86)\Windows Live\Shared;C:\binaries;c:\Program Files (x86)\Microsoft SQL Server\100\Tools\Binn\;c:\Program Files\Microsoft SQL Server\100\Tools\Binn\;c:\Program Files\Microsoft SQL Server\100\DTS\Binn\;C:\strawberry\c\bin;C:\strawberry\perl\site\bin;C:\strawberry\perl\bin;C:\Program Files (x86)\Microsoft SQL Server\110\Tools\Binn\ManagementStudio\;C:\Program Files (x86)\Microsoft SQL Server\110\Tools\Binn\;C:\Program Files\Microsoft SQL Server\110\Tools\Binn\;C:\Program Files (x86)\Microsoft SQL Server\110\DTS\Binn\;C:\Program Files\TortoiseSVN\bin;C:\Python34;C:\Program Files (x86)\Java\jre7\bin;C:\eclipse;
USERNAME=inacio
OS=Windows_NT
PROCESSOR_IDENTIFIER=Intel64 Family 6 Model 69 Stepping 1, GenuineIntel



---------------  S Y S T E M  ---------------

OS: Windows 8 , 64 bit Build 9200 

CPU:total 4 (2 cores per cpu, 2 threads per core) family 6 model 69 stepping 1, cmov, cx8, fxsr, mmx, sse, sse2, sse3, ssse3, sse4.1, sse4.2, popcnt, avx, avx2, aes, erms, ht, tsc, tscinvbit

Memory: 4k page, physical 8290700k(2563664k free), swap 9535884k(2814580k free)

vm_info: Java HotSpot(TM) Client VM (24.60-b09) for windows-x86 JRE (1.7.0_60-b19), built on May  7 2014 13:09:52 by "java_re" with unknown MS VC++:1600

time: Thu Jul 03 13:06:36 2014
elapsed time: 31 seconds

