#
# A fatal error has been detected by the Java Runtime Environment:
#
#  EXCEPTION_ACCESS_VIOLATION (0xc0000005) at pc=0x0fdd9052, pid=4804, tid=10440
#
# JRE version: Java(TM) SE Runtime Environment (7.0_60-b19) (build 1.7.0_60-b19)
# Java VM: Java HotSpot(TM) Client VM (24.60-b09 mixed mode, sharing windows-x86 )
# Problematic frame:
# C  [berkelium.dll+0xa39052]
#
# Failed to write core dump. Minidumps are not enabled by default on client versions of Windows
#
# If you would like to submit a bug report, please visit:
#   http://bugreport.sun.com/bugreport/crash.jsp
#

---------------  T H R E A D  ---------------

Current thread (0x02b2fc00):  VMThread [stack: 0x04e60000,0x04eb0000] [id=10440]

siginfo: ExceptionCode=0xc0000005, reading address 0x000000f8

Registers:
EAX=0x04eaf004, EBX=0x000493e0, ECX=0x04eaf004, EDX=0x87433e60
ESP=0x04eaeff4, EBP=0x00000087, ESI=0x00000000, EDI=0x9924e160
EIP=0x0fdd9052, EFLAGS=0x00010206

Top of Stack: (sp=0x04eaeff4)
0x04eaeff4:   07861168 07861168 077bab00 00000000
0x04eaf004:   87433e60 00000087 07853a20 0785c990
0x04eaf014:   00000000 00000000 00000000 74616401
0x04eaf024:   69642d61 07b00072 00000023 0000002f
0x04eaf034:   00000000 077e7070 002e5bf3 07861000
0x04eaf044:   077bab44 ffffff00 0f40bf20 10f29778
0x04eaf054:   07330030 00000000 0000000f 10f2a730
0x04eaf064:   00000001 0f409783 00000008 00000001 

Instructions: (pc=0x0fdd9052)
0x0fdd9032:   03 00 00 57 53 e8 f4 c8 60 ff 8b ea 8d 54 24 10
0x0fdd9042:   52 8b f8 e8 26 ca 00 00 83 c4 04 03 38 13 68 04
0x0fdd9052:   8b 86 f8 00 00 00 0b 86 fc 00 00 00 89 7c 24 20
0x0fdd9062:   89 6c 24 24 75 3e 39 84 24 d4 00 00 00 7f 35 7c 


Register to memory mapping:

EAX=
[error occurred during error reporting (printing register info), id 0xc0000005]

Stack: [0x04e60000,0x04eb0000],  sp=0x04eaeff4,  free space=315k
Native frames: (J=compiled Java code, j=interpreted, Vv=VM code, C=native code)
C  [berkelium.dll+0xa39052]

VM_Operation (0x0644e730): Exit, mode: safepoint, requested by thread 0x02ba3400


---------------  P R O C E S S  ---------------

Java Threads: ( => current thread )
  0x06340800 JavaThread "WeakCollectionCleaner" daemon [_thread_blocked, id=6612, stack(0x09a80000,0x09ad0000)]
  0x02ba2800 JavaThread "TimerQueue" daemon [_thread_blocked, id=6432, stack(0x08230000,0x08280000)]
  0x02ba1c00 JavaThread "DestroyJavaVM" [_thread_blocked, id=11016, stack(0x01260000,0x012b0000)]
  0x02ba3400 JavaThread "AWT-EventQueue-0" [_thread_blocked, id=1212, stack(0x06400000,0x06450000)]
  0x02ba1400 JavaThread "AWT-Shutdown" [_thread_blocked, id=8308, stack(0x05ad0000,0x05b20000)]
  0x02ba2c00 JavaThread "Java2D Disposer" daemon [_thread_blocked, id=4416, stack(0x05a40000,0x05a90000)]
  0x02ba4800 JavaThread "Service Thread" daemon [_thread_blocked, id=7224, stack(0x051c0000,0x05210000)]
  0x02ba8000 JavaThread "C1 CompilerThread0" daemon [_thread_blocked, id=6568, stack(0x05130000,0x05180000)]
  0x02ba0c00 JavaThread "Attach Listener" daemon [_thread_blocked, id=8480, stack(0x050a0000,0x050f0000)]
  0x02ba4000 JavaThread "Signal Dispatcher" daemon [_thread_blocked, id=10452, stack(0x05010000,0x05060000)]
  0x02b36000 JavaThread "Finalizer" daemon [_thread_blocked, id=8728, stack(0x04f80000,0x04fd0000)]
  0x02b31000 JavaThread "Reference Handler" daemon [_thread_blocked, id=9068, stack(0x04ef0000,0x04f40000)]

Other Threads:
=>0x02b2fc00 VMThread [stack: 0x04e60000,0x04eb0000] [id=10440]

VM state:at safepoint (shutting down)

VM Mutex/Monitor currently owned by a thread:  ([mutex/lock_event])
[0x02dbc810] Threads_lock - owner thread: 0x02b2fc00

Heap
 def new generation   total 68672K, used 31917K [0x24000000, 0x28a80000, 0x29550000)
  eden space 61056K,  51% used [0x24000000, 0x25e8a270, 0x27ba0000)
  from space 7616K,   8% used [0x28310000, 0x283b13d8, 0x28a80000)
  to   space 7616K,   0% used [0x27ba0000, 0x27ba0000, 0x28310000)
 tenured generation   total 152464K, used 119853K [0x29550000, 0x32a34000, 0x34000000)
   the space 152464K,  78% used [0x29550000, 0x30a5b608, 0x30a5b800, 0x32a34000)
 compacting perm gen  total 12288K, used 10960K [0x34000000, 0x34c00000, 0x38000000)
   the space 12288K,  89% used [0x34000000, 0x34ab43d0, 0x34ab4400, 0x34c00000)
    ro space 10240K,  42% used [0x38000000, 0x38434778, 0x38434800, 0x38a00000)
    rw space 12288K,  52% used [0x38a00000, 0x39049a68, 0x39049c00, 0x39600000)

Card table byte_map: [0x02ce0000,0x02d90000] byte_map_base: 0x02bc0000

Polling page: 0x01170000

Code Cache  [0x02dc0000, 0x03170000, 0x04dc0000)
 total_blobs=2216 nmethods=1915 adapters=237 free_code_cache=29023Kb largest_free_block=29716480

Compilation events (10 events):
Event: 112.865 Thread 0x02ba8000 1939             sun.nio.cs.US_ASCII$Decoder::decode (62 bytes)
Event: 112.865 Thread 0x02ba8000 nmethod 1939 0x03167ec8 code [0x03167fd0, 0x03168100]
Event: 112.893 Thread 0x02ba8000 1940   !         java.util.Collections$SynchronizedMap::put (28 bytes)
Event: 112.894 Thread 0x02ba8000 nmethod 1940 0x03168288 code [0x03168390, 0x031685ac]
Event: 121.151 Thread 0x02ba8000 1941             java.util.ArrayList::addAll (54 bytes)
Event: 121.152 Thread 0x02ba8000 nmethod 1941 0x03168688 code [0x031687b0, 0x031689e4]
Event: 122.070 Thread 0x02ba8000 1942             java.util.IdentityHashMap$IdentityHashMapIterator::<init> (6 bytes)
Event: 122.070 Thread 0x02ba8000 nmethod 1942 0x03168b08 code [0x03168c00, 0x03168c8c]
Event: 122.070 Thread 0x02ba8000 1943             java.util.IdentityHashMap$IdentityHashMapIterator::<init> (63 bytes)
Event: 122.070 Thread 0x02ba8000 nmethod 1943 0x03168d08 code [0x03168e00, 0x03168ee0]

GC Heap History (10 events):
Event: 95.805 GC heap before
{Heap before GC invocations=34 (full 8):
 def new generation   total 68672K, used 60864K [0x24000000, 0x28a80000, 0x29550000)
  eden space 61056K,  99% used [0x24000000, 0x27b70210, 0x27ba0000)
  from space 7616K,   0% used [0x27ba0000, 0x27ba0000, 0x28310000)
  to   space 7616K,   0% used [0x28310000, 0x28310000, 0x28a80000)
 tenured generation   total 152464K, used 91478K [0x29550000, 0x32a34000, 0x34000000)
   the space 152464K,  59% used [0x29550000, 0x2eea5960, 0x2eea5a00, 0x32a34000)
 compacting perm gen  total 12288K, used 10959K [0x34000000, 0x34c00000, 0x38000000)
   the space 12288K,  89% used [0x34000000, 0x34ab3da8, 0x34ab3e00, 0x34c00000)
    ro space 10240K,  42% used [0x38000000, 0x38434778, 0x38434800, 0x38a00000)
    rw space 12288K,  52% used [0x38a00000, 0x39049a68, 0x39049c00, 0x39600000)
Event: 95.814 GC heap after
Heap after GC invocations=35 (full 8):
 def new generation   total 68672K, used 7604K [0x24000000, 0x28a80000, 0x29550000)
  eden space 61056K,   0% used [0x24000000, 0x24000000, 0x27ba0000)
  from space 7616K,  99% used [0x28310000, 0x28a7d278, 0x28a80000)
  to   space 7616K,   0% used [0x27ba0000, 0x27ba0000, 0x28310000)
 tenured generation   total 152464K, used 107015K [0x29550000, 0x32a34000, 0x34000000)
   the space 152464K,  70% used [0x29550000, 0x2fdd1e58, 0x2fdd2000, 0x32a34000)
 compacting perm gen  total 12288K, used 10959K [0x34000000, 0x34c00000, 0x38000000)
   the space 12288K,  89% used [0x34000000, 0x34ab3da8, 0x34ab3e00, 0x34c00000)
    ro space 10240K,  42% used [0x38000000, 0x38434778, 0x38434800, 0x38a00000)
    rw space 12288K,  52% used [0x38a00000, 0x39049a68, 0x39049c00, 0x39600000)
}
Event: 96.853 GC heap before
{Heap before GC invocations=35 (full 8):
 def new generation   total 68672K, used 68457K [0x24000000, 0x28a80000, 0x29550000)
  eden space 61056K,  99% used [0x24000000, 0x27b6d3e0, 0x27ba0000)
  from space 7616K,  99% used [0x28310000, 0x28a7d278, 0x28a80000)
  to   space 7616K,   0% used [0x27ba0000, 0x27ba0000, 0x28310000)
 tenured generation   total 152464K, used 107015K [0x29550000, 0x32a34000, 0x34000000)
   the space 152464K,  70% used [0x29550000, 0x2fdd1e58, 0x2fdd2000, 0x32a34000)
 compacting perm gen  total 12288K, used 10959K [0x34000000, 0x34c00000, 0x38000000)
   the space 12288K,  89% used [0x34000000, 0x34ab3db8, 0x34ab3e00, 0x34c00000)
    ro space 10240K,  42% used [0x38000000, 0x38434778, 0x38434800, 0x38a00000)
    rw space 12288K,  52% used [0x38a00000, 0x39049a68, 0x39049c00, 0x39600000)
Event: 96.858 GC heap after
Heap after GC invocations=36 (full 8):
 def new generation   total 68672K, used 5896K [0x24000000, 0x28a80000, 0x29550000)
  eden space 61056K,   0% used [0x24000000, 0x24000000, 0x27ba0000)
  from space 7616K,  77% used [0x27ba0000, 0x28162270, 0x28310000)
  to   space 7616K,   0% used [0x28310000, 0x28310000, 0x28a80000)
 tenured generation   total 152464K, used 113900K [0x29550000, 0x32a34000, 0x34000000)
   the space 152464K,  74% used [0x29550000, 0x3048b190, 0x3048b200, 0x32a34000)
 compacting perm gen  total 12288K, used 10959K [0x34000000, 0x34c00000, 0x38000000)
   the space 12288K,  89% used [0x34000000, 0x34ab3db8, 0x34ab3e00, 0x34c00000)
    ro space 10240K,  42% used [0x38000000, 0x38434778, 0x38434800, 0x38a00000)
    rw space 12288K,  52% used [0x38a00000, 0x39049a68, 0x39049c00, 0x39600000)
}
Event: 97.693 GC heap before
{Heap before GC invocations=36 (full 8):
 def new generation   total 68672K, used 66817K [0x24000000, 0x28a80000, 0x29550000)
  eden space 61056K,  99% used [0x24000000, 0x27b7e230, 0x27ba0000)
  from space 7616K,  77% used [0x27ba0000, 0x28162270, 0x28310000)
  to   space 7616K,   0% used [0x28310000, 0x28310000, 0x28a80000)
 tenured generation   total 152464K, used 113900K [0x29550000, 0x32a34000, 0x34000000)
   the space 152464K,  74% used [0x29550000, 0x3048b190, 0x3048b200, 0x32a34000)
 compacting perm gen  total 12288K, used 10959K [0x34000000, 0x34c00000, 0x38000000)
   the space 12288K,  89% used [0x34000000, 0x34ab3dc8, 0x34ab3e00, 0x34c00000)
    ro space 10240K,  42% used [0x38000000, 0x38434778, 0x38434800, 0x38a00000)
    rw space 12288K,  52% used [0x38a00000, 0x39049a68, 0x39049c00, 0x39600000)
Event: 97.697 GC heap after
Heap after GC invocations=37 (full 8):
 def new generation   total 68672K, used 4483K [0x24000000, 0x28a80000, 0x29550000)
  eden space 61056K,   0% used [0x24000000, 0x24000000, 0x27ba0000)
  from space 7616K,  58% used [0x28310000, 0x28770f58, 0x28a80000)
  to   space 7616K,   0% used [0x27ba0000, 0x27ba0000, 0x28310000)
 tenured generation   total 152464K, used 115321K [0x29550000, 0x32a34000, 0x34000000)
   the space 152464K,  75% used [0x29550000, 0x305ee6c8, 0x305ee800, 0x32a34000)
 compacting perm gen  total 12288K, used 10959K [0x34000000, 0x34c00000, 0x38000000)
   the space 12288K,  89% used [0x34000000, 0x34ab3dc8, 0x34ab3e00, 0x34c00000)
    ro space 10240K,  42% used [0x38000000, 0x38434778, 0x38434800, 0x38a00000)
    rw space 12288K,  52% used [0x38a00000, 0x39049a68, 0x39049c00, 0x39600000)
}
Event: 99.741 GC heap before
{Heap before GC invocations=37 (full 8):
 def new generation   total 68672K, used 65337K [0x24000000, 0x28a80000, 0x29550000)
  eden space 61056K,  99% used [0x24000000, 0x27b6d520, 0x27ba0000)
  from space 7616K,  58% used [0x28310000, 0x28770f58, 0x28a80000)
  to   space 7616K,   0% used [0x27ba0000, 0x27ba0000, 0x28310000)
 tenured generation   total 152464K, used 115321K [0x29550000, 0x32a34000, 0x34000000)
   the space 152464K,  75% used [0x29550000, 0x305ee6c8, 0x305ee800, 0x32a34000)
 compacting perm gen  total 12288K, used 10959K [0x34000000, 0x34c00000, 0x38000000)
   the space 12288K,  89% used [0x34000000, 0x34ab3de8, 0x34ab3e00, 0x34c00000)
    ro space 10240K,  42% used [0x38000000, 0x38434778, 0x38434800, 0x38a00000)
    rw space 12288K,  52% used [0x38a00000, 0x39049a68, 0x39049c00, 0x39600000)
Event: 99.743 GC heap after
Heap after GC invocations=38 (full 8):
 def new generation   total 68672K, used 4240K [0x24000000, 0x28a80000, 0x29550000)
  eden space 61056K,   0% used [0x24000000, 0x24000000, 0x27ba0000)
  from space 7616K,  55% used [0x27ba0000, 0x27fc4320, 0x28310000)
  to   space 7616K,   0% used [0x28310000, 0x28310000, 0x28a80000)
 tenured generation   total 152464K, used 117273K [0x29550000, 0x32a34000, 0x34000000)
   the space 152464K,  76% used [0x29550000, 0x307d64a0, 0x307d6600, 0x32a34000)
 compacting perm gen  total 12288K, used 10959K [0x34000000, 0x34c00000, 0x38000000)
   the space 12288K,  89% used [0x34000000, 0x34ab3de8, 0x34ab3e00, 0x34c00000)
    ro space 10240K,  42% used [0x38000000, 0x38434778, 0x38434800, 0x38a00000)
    rw space 12288K,  52% used [0x38a00000, 0x39049a68, 0x39049c00, 0x39600000)
}
Event: 102.346 GC heap before
{Heap before GC invocations=38 (full 8):
 def new generation   total 68672K, used 65064K [0x24000000, 0x28a80000, 0x29550000)
  eden space 61056K,  99% used [0x24000000, 0x27b65ea8, 0x27ba0000)
  from space 7616K,  55% used [0x27ba0000, 0x27fc4320, 0x28310000)
  to   space 7616K,   0% used [0x28310000, 0x28310000, 0x28a80000)
 tenured generation   total 152464K, used 117273K [0x29550000, 0x32a34000, 0x34000000)
   the space 152464K,  76% used [0x29550000, 0x307d64a0, 0x307d6600, 0x32a34000)
 compacting perm gen  total 12288K, used 10959K [0x34000000, 0x34c00000, 0x38000000)
   the space 12288K,  89% used [0x34000000, 0x34ab3de8, 0x34ab3e00, 0x34c00000)
    ro space 10240K,  42% used [0x38000000, 0x38434778, 0x38434800, 0x38a00000)
    rw space 12288K,  52% used [0x38a00000, 0x39049a68, 0x39049c00, 0x39600000)
Event: 102.349 GC heap after
Heap after GC invocations=39 (full 8):
 def new generation   total 68672K, used 644K [0x24000000, 0x28a80000, 0x29550000)
  eden space 61056K,   0% used [0x24000000, 0x24000000, 0x27ba0000)
  from space 7616K,   8% used [0x28310000, 0x283b13d8, 0x28a80000)
  to   space 7616K,   0% used [0x27ba0000, 0x27ba0000, 0x28310000)
 tenured generation   total 152464K, used 119853K [0x29550000, 0x32a34000, 0x34000000)
   the space 152464K,  78% used [0x29550000, 0x30a5b608, 0x30a5b800, 0x32a34000)
 compacting perm gen  total 12288K, used 10959K [0x34000000, 0x34c00000, 0x38000000)
   the space 12288K,  89% used [0x34000000, 0x34ab3de8, 0x34ab3e00, 0x34c00000)
    ro space 10240K,  42% used [0x38000000, 0x38434778, 0x38434800, 0x38a00000)
    rw space 12288K,  52% used [0x38a00000, 0x39049a68, 0x39049c00, 0x39600000)
}

Deoptimization events (0 events):
No events

Internal exceptions (10 events):
Event: 95.646 Thread 0x0633d400 Threw 0x250fb4e0 at C:\re\jdk7u60\1081\hotspot\src\share\vm\prims\jvm.cpp:2917
Event: 96.244 Thread 0x09752000 Threw 0x24d2a408 at C:\re\jdk7u60\1081\hotspot\src\share\vm\prims\jvm.cpp:2917
Event: 96.840 Thread 0x0d371000 Threw 0x2775c8b8 at C:\re\jdk7u60\1081\hotspot\src\share\vm\prims\jvm.cpp:2917
Event: 97.019 Thread 0x09752000 Threw 0x252d3158 at C:\re\jdk7u60\1081\hotspot\src\share\vm\prims\jvm.cpp:2917
Event: 97.381 Thread 0x0d371000 Threw 0x25c6fff8 at C:\re\jdk7u60\1081\hotspot\src\share\vm\prims\jvm.cpp:2917
Event: 99.061 Thread 0x0633d400 Threw 0x25677ce0 at C:\re\jdk7u60\1081\hotspot\src\share\vm\prims\jvm.cpp:2917
Event: 99.854 Thread 0x0d36fc00 Threw 0x25616e60 at C:\re\jdk7u60\1081\hotspot\src\share\vm\prims\jvm.cpp:2917
Event: 100.007 Thread 0x09752000 Threw 0x268239b0 at C:\re\jdk7u60\1081\hotspot\src\share\vm\prims\jvm.cpp:2917
Event: 102.368 Thread 0x0d371000 Threw 0x244b1098 at C:\re\jdk7u60\1081\hotspot\src\share\vm\prims\jvm.cpp:2917
Event: 102.563 Thread 0x09752000 Threw 0x25b56ef0 at C:\re\jdk7u60\1081\hotspot\src\share\vm\prims\jvm.cpp:2917

Events (10 events):
Event: 122.070 Thread 0x06340c00 Thread added: 0x06340c00
Event: 122.070 Thread 0x0633f400 Thread added: 0x0633f400
Event: 122.070 loading class 0x39670c20
Event: 122.070 loading class 0x39670c20 done
Event: 122.070 Thread 0x06340c00 Thread exited: 0x06340c00
Event: 122.070 Thread 0x06341800 Thread exited: 0x06341800
Event: 122.070 Thread 0x0633f400 Thread exited: 0x0633f400
Event: 122.078 Thread 0x02ba2000 Thread exited: 0x02ba2000
Event: 122.171 Thread 0x0633dc00 Thread exited: 0x0633dc00
Event: 122.171 Executing VM operation: Exit


Dynamic libraries:
0x00a70000 - 0x00a9f000 	C:\Program Files (x86)\Java\jre7\bin\javaw.exe
0x76fe0000 - 0x77137000 	C:\Windows\SYSTEM32\ntdll.dll
0x74690000 - 0x747c0000 	C:\Windows\SYSTEM32\KERNEL32.DLL
0x76a80000 - 0x76b27000 	C:\Windows\SYSTEM32\KERNELBASE.dll
0x747c0000 - 0x7486e000 	C:\Windows\SYSTEM32\ADVAPI32.dll
0x764f0000 - 0x76606000 	C:\Windows\SYSTEM32\USER32.dll
0x73130000 - 0x73328000 	C:\Windows\WinSxS\x86_microsoft.windows.common-controls_6595b64144ccf1df_6.0.9200.16579_none_8937eec6860750f5\COMCTL32.dll
0x76000000 - 0x760b1000 	C:\Windows\SYSTEM32\msvcrt.dll
0x74870000 - 0x748a4000 	C:\Windows\SYSTEM32\sechost.dll
0x760c0000 - 0x7616c000 	C:\Windows\SYSTEM32\RPCRT4.dll
0x748b0000 - 0x749ad000 	C:\Windows\SYSTEM32\GDI32.dll
0x745d0000 - 0x745ed000 	C:\Windows\SYSTEM32\SspiCli.dll
0x745c0000 - 0x745c9000 	C:\Windows\SYSTEM32\CRYPTBASE.dll
0x74560000 - 0x745b1000 	C:\Windows\SYSTEM32\bcryptPrimitives.dll
0x762e0000 - 0x76300000 	C:\Windows\system32\IMM32.DLL
0x76680000 - 0x7675e000 	C:\Windows\SYSTEM32\MSCTF.dll
0x5e970000 - 0x5ea2f000 	C:\Program Files (x86)\Java\jre7\bin\msvcr100.dll
0x5e310000 - 0x5e698000 	C:\Program Files (x86)\Java\jre7\bin\client\jvm.dll
0x71c10000 - 0x71c18000 	C:\Windows\SYSTEM32\WSOCK32.dll
0x71fb0000 - 0x71fd1000 	C:\Windows\SYSTEM32\WINMM.dll
0x76300000 - 0x76306000 	C:\Windows\SYSTEM32\PSAPI.DLL
0x75f80000 - 0x75fd0000 	C:\Windows\SYSTEM32\WS2_32.dll
0x71c70000 - 0x71c9b000 	C:\Windows\SYSTEM32\WINMMBASE.dll
0x75ff0000 - 0x75ff8000 	C:\Windows\SYSTEM32\NSI.dll
0x76b30000 - 0x76b76000 	C:\Windows\SYSTEM32\cfgmgr32.dll
0x75f00000 - 0x75f1e000 	C:\Windows\SYSTEM32\DEVOBJ.dll
0x720a0000 - 0x720ac000 	C:\Program Files (x86)\Java\jre7\bin\verify.dll
0x70bb0000 - 0x70bd0000 	C:\Program Files (x86)\Java\jre7\bin\java.dll
0x70b90000 - 0x70ba3000 	C:\Program Files (x86)\Java\jre7\bin\zip.dll
0x6f490000 - 0x6f5d3000 	C:\Program Files (x86)\Java\jre7\bin\awt.dll
0x76c00000 - 0x76c8b000 	C:\Windows\SYSTEM32\OLEAUT32.dll
0x76de0000 - 0x76f16000 	C:\Windows\SYSTEM32\combase.dll
0x72dd0000 - 0x72e77000 	C:\Windows\system32\apphelp.dll
0x71a40000 - 0x71a59000 	C:\Windows\system32\DWMAPI.DLL
0x726b0000 - 0x72738000 	C:\Windows\system32\uxtheme.dll
0x76760000 - 0x76879000 	C:\Windows\SYSTEM32\ole32.dll
0x74da0000 - 0x75e66000 	C:\Windows\SYSTEM32\SHELL32.dll
0x75f40000 - 0x75f80000 	C:\Windows\SYSTEM32\SHLWAPI.dll
0x73330000 - 0x733a3000 	C:\Windows\SYSTEM32\shcore.dll
0x718b0000 - 0x718e9000 	C:\Program Files (x86)\Java\jre7\bin\fontmanager.dll
0x6f250000 - 0x6f264000 	C:\Program Files (x86)\Java\jre7\bin\net.dll
0x72e80000 - 0x72eca000 	C:\Windows\system32\mswsock.dll
0x718a0000 - 0x718af000 	C:\Program Files (x86)\Java\jre7\bin\nio.dll
0x706d0000 - 0x70700000 	C:\Program Files (x86)\Java\jre7\bin\t2k.dll
0x76b80000 - 0x76bf4000 	C:\Windows\SYSTEM32\clbcatq.dll
0x6a8a0000 - 0x6a9eb000 	C:\Windows\SYSTEM32\WindowsCodecs.dll
0x76dc0000 - 0x76dd1000 	C:\Windows\SYSTEM32\profapi.dll
0x68440000 - 0x68464000 	C:\Program Files (x86)\Java\jre7\bin\dcpr.dll
0x5e900000 - 0x5e96d000 	C:\binaries\terrajava.dll
0x5e220000 - 0x5e307000 	C:\binaries\terramanager-funcate.dll
0x59300000 - 0x59ba6000 	C:\binaries\terralib.dll
0x64af0000 - 0x64b59000 	C:\Windows\SYSTEM32\MSVCP100.dll
0x6d880000 - 0x6db4c000 	C:\binaries\bgd.dll
0x66b80000 - 0x66b9b000 	C:\binaries\terraogc_xml.dll
0x60460000 - 0x6047d000 	C:\binaries\terraogc_sld.dll
0x5f9a0000 - 0x5f9c6000 	C:\binaries\terraogc_se.dll
0x5e8c0000 - 0x5e8f6000 	C:\binaries\terraogc_filter.dll
0x5e1c0000 - 0x5e212000 	C:\binaries\terraogc_ows.dll
0x5f980000 - 0x5f999000 	C:\binaries\terraogc_common.dll
0x684c0000 - 0x684cb000 	C:\binaries\terralib_shp.dll
0x60450000 - 0x6045e000 	C:\binaries\terralib_spl.dll
0x06970000 - 0x06d66000 	C:\binaries\qt-mt338.dll
0x613d0000 - 0x6149e000 	C:\Windows\SYSTEM32\OPENGL32.dll
0x613a0000 - 0x613c3000 	C:\Windows\SYSTEM32\GLU32.dll
0x5e140000 - 0x5e1bf000 	C:\binaries\qwt500.dll
0x0f3a0000 - 0x1139f000 	C:\binaries\berkelium.dll
0x06d70000 - 0x06eb1000 	C:\binaries\LIBMYSQL.dll
0x63100000 - 0x63121000 	C:\binaries\LIBPQ.dll
0x06ec0000 - 0x06f21000 	C:\binaries\OCI.dll
0x5da30000 - 0x5daba000 	C:\binaries\libtiff.dll
0x56580000 - 0x56d52000 	C:\binaries\gdal110.dll
0x12000000 - 0x121dc000 	C:\binaries\xerces-c_3_1.dll
0x592a0000 - 0x592f5000 	C:\binaries\terraogc_wms.dll
0x59240000 - 0x59293000 	C:\binaries\terraogc_gml.dll
0x5e0f0000 - 0x5e131000 	C:\binaries\terraogc_xsd.dll
0x5a810000 - 0x5a830000 	C:\binaries\terraogc_xacml.dll
0x71f30000 - 0x71f90000 	C:\Windows\SYSTEM32\WINSPOOL.DRV
0x7c340000 - 0x7c396000 	C:\Windows\SYSTEM32\MSVCR71.dll
0x608a0000 - 0x60979000 	C:\Windows\SYSTEM32\DDRAW.dll
0x727a0000 - 0x727a9000 	C:\Windows\SYSTEM32\Secur32.dll
0x75f20000 - 0x75f3b000 	C:\Windows\SYSTEM32\USERENV.dll
0x71520000 - 0x71570000 	C:\Windows\SYSTEM32\OLEACC.dll
0x54200000 - 0x54276000 	C:\Windows\SYSTEM32\RICHED20.dll
0x72ee0000 - 0x72ee8000 	C:\Windows\SYSTEM32\VERSION.dll
0x720b0000 - 0x720c4000 	C:\Windows\SYSTEM32\USP10.dll
0x72c50000 - 0x72cc5000 	C:\Windows\SYSTEM32\DNSAPI.dll
0x06fd0000 - 0x0707a000 	C:\Windows\libeay32.dll
0x07080000 - 0x0708d000 	C:\binaries\libintl-2.dll
0x72ed0000 - 0x72ed6000 	C:\Windows\SYSTEM32\SHFOLDER.DLL
0x07090000 - 0x070b6000 	C:\Windows\ssleay32.dll
0x070c0000 - 0x070e6000 	C:\binaries\libexpat.dll
0x60770000 - 0x60811000 	C:\Windows\SYSTEM32\ODBC32.dll
0x60760000 - 0x60767000 	C:\Windows\SYSTEM32\DCIMAN32.dll
0x663b0000 - 0x663db000 	C:\Windows\SYSTEM32\msls31.dll
0x07140000 - 0x0721b000 	C:\binaries\libiconv-2.dll
0x6f600000 - 0x6f61d000 	C:\Windows\SYSTEM32\gpapi.dll
0x74530000 - 0x74556000 	C:\Windows\SYSTEM32\ntmarta.dll
0x54e60000 - 0x55708000 	C:\binaries\icudt46.dll
0x53850000 - 0x53979000 	C:\Windows\SYSTEM32\dbghelp.dll
0x72040000 - 0x72050000 	C:\Windows\system32\napinsp.dll
0x72020000 - 0x72034000 	C:\Windows\system32\pnrpnsp.dll
0x72010000 - 0x72020000 	C:\Windows\system32\NLAapi.dll
0x72000000 - 0x72009000 	C:\Windows\System32\winrnr.dll
0x71ac0000 - 0x71ad0000 	C:\Windows\system32\wshbth.dll
0x726a0000 - 0x726a7000 	C:\Windows\System32\rasadhlp.dll
0x71c30000 - 0x71c6f000 	C:\Windows\System32\fwpuclnt.dll
0x72cd0000 - 0x72cf0000 	C:\Windows\SYSTEM32\IPHLPAPI.DLL
0x72c40000 - 0x72c48000 	C:\Windows\SYSTEM32\WINNSI.DLL
0x730d0000 - 0x730ea000 	C:\Windows\SYSTEM32\CRYPTSP.dll
0x73090000 - 0x730ce000 	C:\Windows\system32\rsaenh.dll
0x72c30000 - 0x72c40000 	C:\Windows\SYSTEM32\dhcpcsvc6.DLL
0x72c10000 - 0x72c22000 	C:\Windows\SYSTEM32\dhcpcsvc.DLL
0x59210000 - 0x59235000 	C:\Program Files (x86)\Java\jre7\bin\jpeg.dll

VM Arguments:
jvm_args: -Dfile.encoding=ISO-8859-1 
java_command: com.nexusbr.gv.main.ConnectDBMain
Launcher Type: SUN_STANDARD

Environment Variables:
JAVA_HOME=C:\Program Files (x86)\Java\jre7
PATH=C:/Program Files (x86)/Java/jre7/bin/client;C:/Program Files (x86)/Java/jre7/bin;C:/Program Files (x86)/Java/jre7/lib/i386;C:\Program Files (x86)\PHP\;c:\Program Files (x86)\Intel\iCLS Client\;c:\Program Files\Intel\iCLS Client\;C:\Windows\system32;C:\Windows;C:\Windows\System32\Wbem;C:\Windows\System32\WindowsPowerShell\v1.0\;C:\Program Files\Intel\Intel(R) Management Engine Components\DAL;C:\Program Files\Intel\Intel(R) Management Engine Components\IPT;C:\Program Files (x86)\Intel\Intel(R) Management Engine Components\DAL;C:\Program Files (x86)\Intel\Intel(R) Management Engine Components\IPT;C:\Program Files (x86)\Intel\OpenCL SDK\3.0\bin\x86;C:\Program Files (x86)\Intel\OpenCL SDK\3.0\bin\x64;C:\Program Files (x86)\Windows Live\Shared;C:\binaries;c:\Program Files (x86)\Microsoft SQL Server\100\Tools\Binn\;c:\Program Files\Microsoft SQL Server\100\Tools\Binn\;c:\Program Files\Microsoft SQL Server\100\DTS\Binn\;C:\strawberry\c\bin;C:\strawberry\perl\site\bin;C:\strawberry\perl\bin;C:\Program Files (x86)\Microsoft SQL Server\110\Tools\Binn\ManagementStudio\;C:\Program Files (x86)\Microsoft SQL Server\110\Tools\Binn\;C:\Program Files\Microsoft SQL Server\110\Tools\Binn\;C:\Program Files (x86)\Microsoft SQL Server\110\DTS\Binn\;C:\Program Files\TortoiseSVN\bin;C:\Python34;C:\Program Files (x86)\Java\jre7\bin;C:\eclipse;
USERNAME=inacio
OS=Windows_NT
PROCESSOR_IDENTIFIER=Intel64 Family 6 Model 69 Stepping 1, GenuineIntel



---------------  S Y S T E M  ---------------

OS: Windows 8 , 64 bit Build 9200 

CPU:total 4 (2 cores per cpu, 2 threads per core) family 6 model 69 stepping 1, cmov, cx8, fxsr, mmx, sse, sse2, sse3, ssse3, sse4.1, sse4.2, popcnt, avx, avx2, aes, erms, ht, tsc, tscinvbit

Memory: 4k page, physical 8290700k(2257748k free), swap 9535884k(3412928k free)

vm_info: Java HotSpot(TM) Client VM (24.60-b09) for windows-x86 JRE (1.7.0_60-b19), built on May  7 2014 13:09:52 by "java_re" with unknown MS VC++:1600

time: Fri Jul 04 09:33:58 2014
elapsed time: 122 seconds

