#
# A fatal error has been detected by the Java Runtime Environment:
#
#  EXCEPTION_ACCESS_VIOLATION (0xc0000005) at pc=0x102c9052, pid=9236, tid=4960
#
# JRE version: Java(TM) SE Runtime Environment (7.0_60-b19) (build 1.7.0_60-b19)
# Java VM: Java HotSpot(TM) Client VM (24.60-b09 mixed mode, sharing windows-x86 )
# Problematic frame:
# C  [berkelium.dll+0xa39052]
#
# Failed to write core dump. Minidumps are not enabled by default on client versions of Windows
#
# If you would like to submit a bug report, please visit:
#   http://bugreport.sun.com/bugreport/crash.jsp
#

---------------  T H R E A D  ---------------

Current thread (0x01fcfc00):  VMThread [stack: 0x04290000,0x042e0000] [id=4960]

siginfo: ExceptionCode=0xc0000005, reading address 0x000000f8

Registers:
EAX=0x042df164, EBX=0x000493e0, ECX=0x042df164, EDX=0xc19bba60
ESP=0x042df154, EBP=0x00000078, ESI=0x00000000, EDI=0xd37d5d60
EIP=0x102c9052, EFLAGS=0x00010206

Top of Stack: (sp=0x042df154)
0x042df154:   07e776a8 07e776a8 06c2ab00 00000000
0x042df164:   c19bba60 00000078 07e3ac00 07db0480
0x042df174:   00000000 00000000 00000000 74616401
0x042df184:   69642d61 06e80072 00000023 0000002f
0x042df194:   00000000 06c57070 002e5be4 07e77540
0x042df1a4:   06c2ab44 ffffff00 0f8fbf20 11419778
0x042df1b4:   06750030 00000000 0000000f 1141a730
0x042df1c4:   00000001 0f8f9783 00000008 00000001 

Instructions: (pc=0x102c9052)
0x102c9032:   03 00 00 57 53 e8 f4 c8 60 ff 8b ea 8d 54 24 10
0x102c9042:   52 8b f8 e8 26 ca 00 00 83 c4 04 03 38 13 68 04
0x102c9052:   8b 86 f8 00 00 00 0b 86 fc 00 00 00 89 7c 24 20
0x102c9062:   89 6c 24 24 75 3e 39 84 24 d4 00 00 00 7f 35 7c 


Register to memory mapping:

EAX=
[error occurred during error reporting (printing register info), id 0xc0000005]

Stack: [0x04290000,0x042e0000],  sp=0x042df154,  free space=316k
Native frames: (J=compiled Java code, j=interpreted, Vv=VM code, C=native code)
C  [berkelium.dll+0xa39052]

[error occurred during error reporting (printing native stack), id 0xc0000005]

VM_Operation (0x0585e740): Exit, mode: safepoint, requested by thread 0x053d9400


---------------  P R O C E S S  ---------------

Java Threads: ( => current thread )
  0x056fa400 JavaThread "Image Fetcher 1" daemon [_thread_blocked, id=11040, stack(0x0b2c0000,0x0b310000)]
  0x0c11d000 JavaThread "Image Fetcher 0" daemon [_thread_blocked, id=5848, stack(0x0b1a0000,0x0b1f0000)]
  0x087f8c00 JavaThread "Image Fetcher 2" daemon [_thread_blocked, id=1396, stack(0x07fd0000,0x08020000)]
  0x087f8000 JavaThread "Image Fetcher 3" daemon [_thread_blocked, id=8332, stack(0x07f30000,0x07f80000)]
  0x056f8800 JavaThread "WeakCollectionCleaner" daemon [_thread_blocked, id=11060, stack(0x096b0000,0x09700000)]
  0x05636c00 JavaThread "TimerQueue" daemon [_thread_blocked, id=10244, stack(0x07660000,0x076b0000)]
  0x0211e000 JavaThread "DestroyJavaVM" [_thread_blocked, id=6404, stack(0x01ee0000,0x01f30000)]
  0x053d9400 JavaThread "AWT-EventQueue-0" [_thread_blocked, id=10508, stack(0x05810000,0x05860000)]
  0x0486ac00 JavaThread "AWT-Shutdown" [_thread_blocked, id=10668, stack(0x04ee0000,0x04f30000)]
  0x04869800 JavaThread "Java2D Disposer" daemon [_thread_blocked, id=10196, stack(0x04e50000,0x04ea0000)]
  0x0204b000 JavaThread "Service Thread" daemon [_thread_blocked, id=11128, stack(0x045f0000,0x04640000)]
  0x02044800 JavaThread "C1 CompilerThread0" daemon [_thread_blocked, id=11032, stack(0x04560000,0x045b0000)]
  0x02042c00 JavaThread "Attach Listener" daemon [_thread_blocked, id=11116, stack(0x044d0000,0x04520000)]
  0x02040c00 JavaThread "Signal Dispatcher" daemon [_thread_blocked, id=6700, stack(0x04440000,0x04490000)]
  0x01fd2800 JavaThread "Finalizer" daemon [_thread_blocked, id=9740, stack(0x043b0000,0x04400000)]
  0x01fd1000 JavaThread "Reference Handler" daemon [_thread_blocked, id=1844, stack(0x04320000,0x04370000)]

Other Threads:
=>0x01fcfc00 VMThread [stack: 0x04290000,0x042e0000] [id=4960]

VM state:at safepoint (shutting down)

VM Mutex/Monitor currently owned by a thread:  ([mutex/lock_event])
[0x0211c810] Threads_lock - owner thread: 0x01fcfc00

Heap
 def new generation   total 69440K, used 15701K [0x24000000, 0x28b50000, 0x29550000)
  eden space 61760K,  18% used [0x24000000, 0x24b34c60, 0x27c50000)
  from space 7680K,  55% used [0x283d0000, 0x287f0800, 0x28b50000)
  to   space 7680K,   0% used [0x27c50000, 0x27c50000, 0x283d0000)
 tenured generation   total 154072K, used 118877K [0x29550000, 0x32bc6000, 0x34000000)
   the space 154072K,  77% used [0x29550000, 0x309675c8, 0x30967600, 0x32bc6000)
 compacting perm gen  total 12288K, used 11117K [0x34000000, 0x34c00000, 0x38000000)
   the space 12288K,  90% used [0x34000000, 0x34adb4a0, 0x34adb600, 0x34c00000)
    ro space 10240K,  42% used [0x38000000, 0x38434778, 0x38434800, 0x38a00000)
    rw space 12288K,  52% used [0x38a00000, 0x39049a68, 0x39049c00, 0x39600000)

Card table byte_map: [0x041a0000,0x04250000] byte_map_base: 0x04080000

Polling page: 0x00a50000

Code Cache  [0x02120000, 0x02540000, 0x04120000)
 total_blobs=2495 nmethods=2193 adapters=238 free_code_cache=28567Kb largest_free_block=29251712

Compilation events (10 events):
Event: 325.193 Thread 0x02044800 2210   !         sun.awt.image.FetcherInfo::getFetcherInfo (49 bytes)
Event: 325.193 Thread 0x02044800 nmethod 2210 0x025395c8 code [0x02539700, 0x02539ac0]
Event: 325.348 Thread 0x02044800 2211             javax.swing.RepaintManager::access$1100 (5 bytes)
Event: 325.348 Thread 0x02044800 nmethod 2211 0x02539dc8 code [0x02539ec0, 0x02539f4c]
Event: 325.348 Thread 0x02044800 2212   !         javax.swing.RepaintManager::paintDirtyRegions (50 bytes)
Event: 325.348 Thread 0x02044800 nmethod 2212 0x02539fc8 code [0x0253a0e0, 0x0253a328]
Event: 325.446 Thread 0x02044800 2213             javax.swing.DefaultButtonModel::isSelected (15 bytes)
Event: 325.446 Thread 0x02044800 nmethod 2213 0x0253a408 code [0x0253a500, 0x0253a590]
Event: 325.755 Thread 0x02044800 2214             sun.awt.windows.WToolkit::needUpdateWindow (2 bytes)
Event: 325.755 Thread 0x02044800 nmethod 2214 0x0253a5c8 code [0x0253a6c0, 0x0253a740]

GC Heap History (10 events):
Event: 311.998 GC heap before
{Heap before GC invocations=70 (full 10):
 def new generation   total 69440K, used 69308K [0x24000000, 0x28b50000, 0x29550000)
  eden space 61760K,  99% used [0x24000000, 0x27c2f0b8, 0x27c50000)
  from space 7680K, 100% used [0x27c50000, 0x283d0000, 0x283d0000)
  to   space 7680K,   0% used [0x283d0000, 0x283d0000, 0x28b50000)
 tenured generation   total 154072K, used 74106K [0x29550000, 0x32bc6000, 0x34000000)
   the space 154072K,  48% used [0x29550000, 0x2ddae900, 0x2ddaea00, 0x32bc6000)
 compacting perm gen  total 12288K, used 11106K [0x34000000, 0x34c00000, 0x38000000)
   the space 12288K,  90% used [0x34000000, 0x34ad8848, 0x34ad8a00, 0x34c00000)
    ro space 10240K,  42% used [0x38000000, 0x38434778, 0x38434800, 0x38a00000)
    rw space 12288K,  52% used [0x38a00000, 0x39049a68, 0x39049c00, 0x39600000)
Event: 312.004 GC heap after
Heap after GC invocations=71 (full 10):
 def new generation   total 69440K, used 7680K [0x24000000, 0x28b50000, 0x29550000)
  eden space 61760K,   0% used [0x24000000, 0x24000000, 0x27c50000)
  from space 7680K, 100% used [0x283d0000, 0x28b50000, 0x28b50000)
  to   space 7680K,   0% used [0x27c50000, 0x27c50000, 0x283d0000)
 tenured generation   total 154072K, used 80581K [0x29550000, 0x32bc6000, 0x34000000)
   the space 154072K,  52% used [0x29550000, 0x2e401490, 0x2e401600, 0x32bc6000)
 compacting perm gen  total 12288K, used 11106K [0x34000000, 0x34c00000, 0x38000000)
   the space 12288K,  90% used [0x34000000, 0x34ad8848, 0x34ad8a00, 0x34c00000)
    ro space 10240K,  42% used [0x38000000, 0x38434778, 0x38434800, 0x38a00000)
    rw space 12288K,  52% used [0x38a00000, 0x39049a68, 0x39049c00, 0x39600000)
}
Event: 321.855 GC heap before
{Heap before GC invocations=71 (full 10):
 def new generation   total 69440K, used 69440K [0x24000000, 0x28b50000, 0x29550000)
  eden space 61760K, 100% used [0x24000000, 0x27c50000, 0x27c50000)
  from space 7680K, 100% used [0x283d0000, 0x28b50000, 0x28b50000)
  to   space 7680K,   0% used [0x27c50000, 0x27c50000, 0x283d0000)
 tenured generation   total 154072K, used 80581K [0x29550000, 0x32bc6000, 0x34000000)
   the space 154072K,  52% used [0x29550000, 0x2e4014a0, 0x2e401600, 0x32bc6000)
 compacting perm gen  total 12288K, used 11115K [0x34000000, 0x34c00000, 0x38000000)
   the space 12288K,  90% used [0x34000000, 0x34adae78, 0x34adb000, 0x34c00000)
    ro space 10240K,  42% used [0x38000000, 0x38434778, 0x38434800, 0x38a00000)
    rw space 12288K,  52% used [0x38a00000, 0x39049a68, 0x39049c00, 0x39600000)
Event: 321.870 GC heap after
Heap after GC invocations=72 (full 10):
 def new generation   total 69440K, used 7680K [0x24000000, 0x28b50000, 0x29550000)
  eden space 61760K,   0% used [0x24000000, 0x24000000, 0x27c50000)
  from space 7680K, 100% used [0x27c50000, 0x283d0000, 0x283d0000)
  to   space 7680K,   0% used [0x283d0000, 0x283d0000, 0x28b50000)
 tenured generation   total 154072K, used 96589K [0x29550000, 0x32bc6000, 0x34000000)
   the space 154072K,  62% used [0x29550000, 0x2f3a34c8, 0x2f3a3600, 0x32bc6000)
 compacting perm gen  total 12288K, used 11115K [0x34000000, 0x34c00000, 0x38000000)
   the space 12288K,  90% used [0x34000000, 0x34adae78, 0x34adb000, 0x34c00000)
    ro space 10240K,  42% used [0x38000000, 0x38434778, 0x38434800, 0x38a00000)
    rw space 12288K,  52% used [0x38a00000, 0x39049a68, 0x39049c00, 0x39600000)
}
Event: 325.055 GC heap before
{Heap before GC invocations=72 (full 10):
 def new generation   total 69440K, used 69262K [0x24000000, 0x28b50000, 0x29550000)
  eden space 61760K,  99% used [0x24000000, 0x27c23898, 0x27c50000)
  from space 7680K, 100% used [0x27c50000, 0x283d0000, 0x283d0000)
  to   space 7680K,   0% used [0x283d0000, 0x283d0000, 0x28b50000)
 tenured generation   total 154072K, used 96589K [0x29550000, 0x32bc6000, 0x34000000)
   the space 154072K,  62% used [0x29550000, 0x2f3a34c8, 0x2f3a3600, 0x32bc6000)
 compacting perm gen  total 12288K, used 11115K [0x34000000, 0x34c00000, 0x38000000)
   the space 12288K,  90% used [0x34000000, 0x34adaeb8, 0x34adb000, 0x34c00000)
    ro space 10240K,  42% used [0x38000000, 0x38434778, 0x38434800, 0x38a00000)
    rw space 12288K,  52% used [0x38a00000, 0x39049a68, 0x39049c00, 0x39600000)
Event: 325.062 GC heap after
Heap after GC invocations=73 (full 10):
 def new generation   total 69440K, used 7631K [0x24000000, 0x28b50000, 0x29550000)
  eden space 61760K,   0% used [0x24000000, 0x24000000, 0x27c50000)
  from space 7680K,  99% used [0x283d0000, 0x28b43ee0, 0x28b50000)
  to   space 7680K,   0% used [0x27c50000, 0x27c50000, 0x283d0000)
 tenured generation   total 154072K, used 112676K [0x29550000, 0x32bc6000, 0x34000000)
   the space 154072K,  73% used [0x29550000, 0x303590b8, 0x30359200, 0x32bc6000)
 compacting perm gen  total 12288K, used 11115K [0x34000000, 0x34c00000, 0x38000000)
   the space 12288K,  90% used [0x34000000, 0x34adaeb8, 0x34adb000, 0x34c00000)
    ro space 10240K,  42% used [0x38000000, 0x38434778, 0x38434800, 0x38a00000)
    rw space 12288K,  52% used [0x38a00000, 0x39049a68, 0x39049c00, 0x39600000)
}
Event: 325.628 GC heap before
{Heap before GC invocations=73 (full 10):
 def new generation   total 69440K, used 69323K [0x24000000, 0x28b50000, 0x29550000)
  eden space 61760K,  99% used [0x24000000, 0x27c3efa0, 0x27c50000)
  from space 7680K,  99% used [0x283d0000, 0x28b43ee0, 0x28b50000)
  to   space 7680K,   0% used [0x27c50000, 0x27c50000, 0x283d0000)
 tenured generation   total 154072K, used 112676K [0x29550000, 0x32bc6000, 0x34000000)
   the space 154072K,  73% used [0x29550000, 0x303590b8, 0x30359200, 0x32bc6000)
 compacting perm gen  total 12288K, used 11115K [0x34000000, 0x34c00000, 0x38000000)
   the space 12288K,  90% used [0x34000000, 0x34adaeb8, 0x34adb000, 0x34c00000)
    ro space 10240K,  42% used [0x38000000, 0x38434778, 0x38434800, 0x38a00000)
    rw space 12288K,  52% used [0x38a00000, 0x39049a68, 0x39049c00, 0x39600000)
Event: 325.631 GC heap after
Heap after GC invocations=74 (full 10):
 def new generation   total 69440K, used 2137K [0x24000000, 0x28b50000, 0x29550000)
  eden space 61760K,   0% used [0x24000000, 0x24000000, 0x27c50000)
  from space 7680K,  27% used [0x27c50000, 0x27e667e8, 0x283d0000)
  to   space 7680K,   0% used [0x283d0000, 0x283d0000, 0x28b50000)
 tenured generation   total 154072K, used 118877K [0x29550000, 0x32bc6000, 0x34000000)
   the space 154072K,  77% used [0x29550000, 0x309675c8, 0x30967600, 0x32bc6000)
 compacting perm gen  total 12288K, used 11115K [0x34000000, 0x34c00000, 0x38000000)
   the space 12288K,  90% used [0x34000000, 0x34adaeb8, 0x34adb000, 0x34c00000)
    ro space 10240K,  42% used [0x38000000, 0x38434778, 0x38434800, 0x38a00000)
    rw space 12288K,  52% used [0x38a00000, 0x39049a68, 0x39049c00, 0x39600000)
}
Event: 326.167 GC heap before
{Heap before GC invocations=74 (full 10):
 def new generation   total 69440K, used 63846K [0x24000000, 0x28b50000, 0x29550000)
  eden space 61760K,  99% used [0x24000000, 0x27c431b8, 0x27c50000)
  from space 7680K,  27% used [0x27c50000, 0x27e667e8, 0x283d0000)
  to   space 7680K,   0% used [0x283d0000, 0x283d0000, 0x28b50000)
 tenured generation   total 154072K, used 118877K [0x29550000, 0x32bc6000, 0x34000000)
   the space 154072K,  77% used [0x29550000, 0x309675c8, 0x30967600, 0x32bc6000)
 compacting perm gen  total 12288K, used 11115K [0x34000000, 0x34c00000, 0x38000000)
   the space 12288K,  90% used [0x34000000, 0x34adaeb8, 0x34adb000, 0x34c00000)
    ro space 10240K,  42% used [0x38000000, 0x38434778, 0x38434800, 0x38a00000)
    rw space 12288K,  52% used [0x38a00000, 0x39049a68, 0x39049c00, 0x39600000)
Event: 326.168 GC heap after
Heap after GC invocations=75 (full 10):
 def new generation   total 69440K, used 4226K [0x24000000, 0x28b50000, 0x29550000)
  eden space 61760K,   0% used [0x24000000, 0x24000000, 0x27c50000)
  from space 7680K,  55% used [0x283d0000, 0x287f0800, 0x28b50000)
  to   space 7680K,   0% used [0x27c50000, 0x27c50000, 0x283d0000)
 tenured generation   total 154072K, used 118877K [0x29550000, 0x32bc6000, 0x34000000)
   the space 154072K,  77% used [0x29550000, 0x309675c8, 0x30967600, 0x32bc6000)
 compacting perm gen  total 12288K, used 11115K [0x34000000, 0x34c00000, 0x38000000)
   the space 12288K,  90% used [0x34000000, 0x34adaeb8, 0x34adb000, 0x34c00000)
    ro space 10240K,  42% used [0x38000000, 0x38434778, 0x38434800, 0x38a00000)
    rw space 12288K,  52% used [0x38a00000, 0x39049a68, 0x39049c00, 0x39600000)
}

Deoptimization events (0 events):
No events

Internal exceptions (10 events):
Event: 314.435 Thread 0x053d9400 Threw 0x24cee348 at C:\re\jdk7u60\1081\hotspot\src\share\vm\prims\jvm.cpp:1244
Event: 314.436 Thread 0x053d9400 Threw 0x24cf4ce8 at C:\re\jdk7u60\1081\hotspot\src\share\vm\prims\jvm.cpp:1244
Event: 315.908 Thread 0x087f8000 Threw 0x24ddd770 at C:\re\jdk7u60\1081\hotspot\src\share\vm\prims\jvm.cpp:2917
Event: 318.105 Thread 0x056f8c00 Threw 0x258905a8 at C:\re\jdk7u60\1081\hotspot\src\share\vm\prims\jvm.cpp:2917
Event: 321.871 Thread 0x087f8c00 Threw 0x24048db0 at C:\re\jdk7u60\1081\hotspot\src\share\vm\prims\jvm.cpp:2917
Event: 324.544 Thread 0x08c03400 Threw 0x2709b328 at C:\re\jdk7u60\1081\hotspot\src\share\vm\prims\jvm.cpp:2917
Event: 325.080 Thread 0x056fa400 Threw 0x2437c2e8 at C:\re\jdk7u60\1081\hotspot\src\share\vm\prims\jvm.cpp:2917
Event: 325.508 Thread 0x087f8c00 Threw 0x25b167f8 at C:\re\jdk7u60\1081\hotspot\src\share\vm\prims\jvm.cpp:2917
Event: 325.649 Thread 0x0c11d000 Threw 0x243b9798 at C:\re\jdk7u60\1081\hotspot\src\share\vm\prims\jvm.cpp:2917
Event: 326.335 Thread 0x056fa400 Threw 0x24152a88 at C:\re\jdk7u60\1081\hotspot\src\share\vm\prims\jvm.cpp:2917

Events (10 events):
Event: 326.928 Thread 0x0c11c400 Thread exited: 0x0c11c400
Event: 326.928 Thread 0x0c11d400 Thread exited: 0x0c11d400
Event: 326.928 Executing VM operation: RevokeBias
Event: 326.928 Executing VM operation: RevokeBias done
Event: 326.928 Executing VM operation: RevokeBias
Event: 326.928 Executing VM operation: RevokeBias done
Event: 326.928 Thread 0x0c11b000 Thread exited: 0x0c11b000
Event: 326.946 Thread 0x048b4000 Thread exited: 0x048b4000
Event: 327.028 Thread 0x0c11c800 Thread exited: 0x0c11c800
Event: 327.029 Executing VM operation: Exit


Dynamic libraries:
0x00a70000 - 0x00a9f000 	C:\Program Files (x86)\Java\jre7\bin\javaw.exe
0x76fe0000 - 0x77137000 	C:\Windows\SYSTEM32\ntdll.dll
0x74690000 - 0x747c0000 	C:\Windows\SYSTEM32\KERNEL32.DLL
0x76a80000 - 0x76b27000 	C:\Windows\SYSTEM32\KERNELBASE.dll
0x747c0000 - 0x7486e000 	C:\Windows\SYSTEM32\ADVAPI32.dll
0x764f0000 - 0x76606000 	C:\Windows\SYSTEM32\USER32.dll
0x73130000 - 0x73328000 	C:\Windows\WinSxS\x86_microsoft.windows.common-controls_6595b64144ccf1df_6.0.9200.16579_none_8937eec6860750f5\COMCTL32.dll
0x76000000 - 0x760b1000 	C:\Windows\SYSTEM32\msvcrt.dll
0x74870000 - 0x748a4000 	C:\Windows\SYSTEM32\sechost.dll
0x760c0000 - 0x7616c000 	C:\Windows\SYSTEM32\RPCRT4.dll
0x748b0000 - 0x749ad000 	C:\Windows\SYSTEM32\GDI32.dll
0x745d0000 - 0x745ed000 	C:\Windows\SYSTEM32\SspiCli.dll
0x745c0000 - 0x745c9000 	C:\Windows\SYSTEM32\CRYPTBASE.dll
0x74560000 - 0x745b1000 	C:\Windows\SYSTEM32\bcryptPrimitives.dll
0x762e0000 - 0x76300000 	C:\Windows\system32\IMM32.DLL
0x76680000 - 0x7675e000 	C:\Windows\SYSTEM32\MSCTF.dll
0x6f3f0000 - 0x6f4af000 	C:\Program Files (x86)\Java\jre7\bin\msvcr100.dll
0x5e310000 - 0x5e698000 	C:\Program Files (x86)\Java\jre7\bin\client\jvm.dll
0x71c10000 - 0x71c18000 	C:\Windows\SYSTEM32\WSOCK32.dll
0x71fb0000 - 0x71fd1000 	C:\Windows\SYSTEM32\WINMM.dll
0x76300000 - 0x76306000 	C:\Windows\SYSTEM32\PSAPI.DLL
0x75f80000 - 0x75fd0000 	C:\Windows\SYSTEM32\WS2_32.dll
0x71c70000 - 0x71c9b000 	C:\Windows\SYSTEM32\WINMMBASE.dll
0x75ff0000 - 0x75ff8000 	C:\Windows\SYSTEM32\NSI.dll
0x76b30000 - 0x76b76000 	C:\Windows\SYSTEM32\cfgmgr32.dll
0x75f00000 - 0x75f1e000 	C:\Windows\SYSTEM32\DEVOBJ.dll
0x720a0000 - 0x720ac000 	C:\Program Files (x86)\Java\jre7\bin\verify.dll
0x70bb0000 - 0x70bd0000 	C:\Program Files (x86)\Java\jre7\bin\java.dll
0x70b90000 - 0x70ba3000 	C:\Program Files (x86)\Java\jre7\bin\zip.dll
0x6f2a0000 - 0x6f3e3000 	C:\Program Files (x86)\Java\jre7\bin\awt.dll
0x76c00000 - 0x76c8b000 	C:\Windows\SYSTEM32\OLEAUT32.dll
0x76de0000 - 0x76f16000 	C:\Windows\SYSTEM32\combase.dll
0x72dd0000 - 0x72e77000 	C:\Windows\system32\apphelp.dll
0x71a40000 - 0x71a59000 	C:\Windows\system32\DWMAPI.DLL
0x726b0000 - 0x72738000 	C:\Windows\system32\uxtheme.dll
0x76760000 - 0x76879000 	C:\Windows\SYSTEM32\ole32.dll
0x74da0000 - 0x75e66000 	C:\Windows\SYSTEM32\SHELL32.dll
0x75f40000 - 0x75f80000 	C:\Windows\SYSTEM32\SHLWAPI.dll
0x73330000 - 0x733a3000 	C:\Windows\SYSTEM32\shcore.dll
0x718b0000 - 0x718e9000 	C:\Program Files (x86)\Java\jre7\bin\fontmanager.dll
0x6f250000 - 0x6f264000 	C:\Program Files (x86)\Java\jre7\bin\net.dll
0x72e80000 - 0x72eca000 	C:\Windows\system32\mswsock.dll
0x718a0000 - 0x718af000 	C:\Program Files (x86)\Java\jre7\bin\nio.dll
0x706d0000 - 0x70700000 	C:\Program Files (x86)\Java\jre7\bin\t2k.dll
0x76b80000 - 0x76bf4000 	C:\Windows\SYSTEM32\clbcatq.dll
0x6a8a0000 - 0x6a9eb000 	C:\Windows\SYSTEM32\WindowsCodecs.dll
0x76dc0000 - 0x76dd1000 	C:\Windows\SYSTEM32\profapi.dll
0x706a0000 - 0x706c4000 	C:\Program Files (x86)\Java\jre7\bin\dcpr.dll
0x686c0000 - 0x6872d000 	C:\binaries\terrajava.dll
0x685d0000 - 0x686b7000 	C:\binaries\terramanager-funcate.dll
0x59300000 - 0x59ba6000 	C:\binaries\terralib.dll
0x64af0000 - 0x64b59000 	C:\Windows\SYSTEM32\MSVCP100.dll
0x6d880000 - 0x6db4c000 	C:\binaries\bgd.dll
0x71500000 - 0x7151b000 	C:\binaries\terraogc_xml.dll
0x6ab50000 - 0x6ab6d000 	C:\binaries\terraogc_sld.dll
0x685a0000 - 0x685c6000 	C:\binaries\terraogc_se.dll
0x68560000 - 0x68596000 	C:\binaries\terraogc_filter.dll
0x68500000 - 0x68552000 	C:\binaries\terraogc_ows.dll
0x684e0000 - 0x684f9000 	C:\binaries\terraogc_common.dll
0x6f190000 - 0x6f19b000 	C:\binaries\terralib_shp.dll
0x684d0000 - 0x684de000 	C:\binaries\terralib_spl.dll
0x05db0000 - 0x061a6000 	C:\binaries\qt-mt338.dll
0x613d0000 - 0x6149e000 	C:\Windows\SYSTEM32\OPENGL32.dll
0x613a0000 - 0x613c3000 	C:\Windows\SYSTEM32\GLU32.dll
0x5efe0000 - 0x5f05f000 	C:\binaries\qwt500.dll
0x0f890000 - 0x1188f000 	C:\binaries\berkelium.dll
0x061b0000 - 0x062f1000 	C:\binaries\LIBMYSQL.dll
0x63100000 - 0x63121000 	C:\binaries\LIBPQ.dll
0x06300000 - 0x06361000 	C:\binaries\OCI.dll
0x5ef50000 - 0x5efda000 	C:\binaries\libtiff.dll
0x574c0000 - 0x57c92000 	C:\binaries\gdal110.dll
0x12000000 - 0x121dc000 	C:\binaries\xerces-c_3_1.dll
0x5eef0000 - 0x5ef45000 	C:\binaries\terraogc_wms.dll
0x5ee90000 - 0x5eee3000 	C:\binaries\terraogc_gml.dll
0x5f980000 - 0x5f9c1000 	C:\binaries\terraogc_xsd.dll
0x68450000 - 0x68470000 	C:\binaries\terraogc_xacml.dll
0x71f30000 - 0x71f90000 	C:\Windows\SYSTEM32\WINSPOOL.DRV
0x7c340000 - 0x7c396000 	C:\Windows\SYSTEM32\MSVCR71.dll
0x608a0000 - 0x60979000 	C:\Windows\SYSTEM32\DDRAW.dll
0x727a0000 - 0x727a9000 	C:\Windows\SYSTEM32\Secur32.dll
0x75f20000 - 0x75f3b000 	C:\Windows\SYSTEM32\USERENV.dll
0x71520000 - 0x71570000 	C:\Windows\SYSTEM32\OLEACC.dll
0x54200000 - 0x54276000 	C:\Windows\SYSTEM32\RICHED20.dll
0x72ee0000 - 0x72ee8000 	C:\Windows\SYSTEM32\VERSION.dll
0x720b0000 - 0x720c4000 	C:\Windows\SYSTEM32\USP10.dll
0x72c50000 - 0x72cc5000 	C:\Windows\SYSTEM32\DNSAPI.dll
0x06410000 - 0x064ba000 	C:\Windows\libeay32.dll
0x064c0000 - 0x064cd000 	C:\binaries\libintl-2.dll
0x72ed0000 - 0x72ed6000 	C:\Windows\SYSTEM32\SHFOLDER.DLL
0x064d0000 - 0x064f6000 	C:\Windows\ssleay32.dll
0x06500000 - 0x06526000 	C:\binaries\libexpat.dll
0x60770000 - 0x60811000 	C:\Windows\SYSTEM32\ODBC32.dll
0x60760000 - 0x60767000 	C:\Windows\SYSTEM32\DCIMAN32.dll
0x663b0000 - 0x663db000 	C:\Windows\SYSTEM32\msls31.dll
0x06580000 - 0x0665b000 	C:\binaries\libiconv-2.dll
0x6f600000 - 0x6f61d000 	C:\Windows\SYSTEM32\gpapi.dll
0x74530000 - 0x74556000 	C:\Windows\SYSTEM32\ntmarta.dll
0x564b0000 - 0x56d58000 	C:\binaries\icudt46.dll
0x53850000 - 0x53979000 	C:\Windows\SYSTEM32\dbghelp.dll
0x72040000 - 0x72050000 	C:\Windows\system32\napinsp.dll
0x72020000 - 0x72034000 	C:\Windows\system32\pnrpnsp.dll
0x72010000 - 0x72020000 	C:\Windows\system32\NLAapi.dll
0x72000000 - 0x72009000 	C:\Windows\System32\winrnr.dll
0x71ac0000 - 0x71ad0000 	C:\Windows\system32\wshbth.dll
0x71c30000 - 0x71c6f000 	C:\Windows\System32\fwpuclnt.dll
0x726a0000 - 0x726a7000 	C:\Windows\System32\rasadhlp.dll
0x730d0000 - 0x730ea000 	C:\Windows\SYSTEM32\CRYPTSP.dll
0x73090000 - 0x730ce000 	C:\Windows\system32\rsaenh.dll
0x72cd0000 - 0x72cf0000 	C:\Windows\SYSTEM32\IPHLPAPI.DLL
0x72c40000 - 0x72c48000 	C:\Windows\SYSTEM32\WINNSI.DLL
0x72c30000 - 0x72c40000 	C:\Windows\SYSTEM32\dhcpcsvc6.DLL
0x72c10000 - 0x72c22000 	C:\Windows\SYSTEM32\dhcpcsvc.DLL
0x60450000 - 0x60475000 	C:\Program Files (x86)\Java\jre7\bin\jpeg.dll
0x71ea0000 - 0x71f22000 	C:\Windows\SYSTEM32\WINHTTP.dll
0x76310000 - 0x76492000 	C:\Windows\SYSTEM32\CRYPT32.dll
0x75fd0000 - 0x75fe2000 	C:\Windows\SYSTEM32\MSASN1.dll
0x73070000 - 0x73089000 	C:\Windows\SYSTEM32\ncrypt.dll
0x73050000 - 0x7306a000 	C:\Windows\SYSTEM32\bcrypt.dll
0x73020000 - 0x73047000 	C:\Windows\SYSTEM32\NTASN1.dll
0x6f5e0000 - 0x6f5fd000 	C:\Windows\SYSTEM32\cryptnet.dll
0x76620000 - 0x76676000 	C:\Windows\SYSTEM32\WLDAP32.dll
0x749b0000 - 0x74b5f000 	C:\Windows\SYSTEM32\SETUPAPI.dll
0x72f00000 - 0x73019000 	C:\Windows\system32\propsys.dll

VM Arguments:
jvm_args: -Dfile.encoding=ISO-8859-1 
java_command: com.nexusbr.gv.main.ConnectDBMain
Launcher Type: SUN_STANDARD

Environment Variables:
JAVA_HOME=C:\Program Files (x86)\Java\jre7
PATH=C:/Program Files (x86)/Java/jre7/bin/client;C:/Program Files (x86)/Java/jre7/bin;C:/Program Files (x86)/Java/jre7/lib/i386;C:\Program Files (x86)\PHP\;c:\Program Files (x86)\Intel\iCLS Client\;c:\Program Files\Intel\iCLS Client\;C:\Windows\system32;C:\Windows;C:\Windows\System32\Wbem;C:\Windows\System32\WindowsPowerShell\v1.0\;C:\Program Files\Intel\Intel(R) Management Engine Components\DAL;C:\Program Files\Intel\Intel(R) Management Engine Components\IPT;C:\Program Files (x86)\Intel\Intel(R) Management Engine Components\DAL;C:\Program Files (x86)\Intel\Intel(R) Management Engine Components\IPT;C:\Program Files (x86)\Intel\OpenCL SDK\3.0\bin\x86;C:\Program Files (x86)\Intel\OpenCL SDK\3.0\bin\x64;C:\Program Files (x86)\Windows Live\Shared;C:\binaries;c:\Program Files (x86)\Microsoft SQL Server\100\Tools\Binn\;c:\Program Files\Microsoft SQL Server\100\Tools\Binn\;c:\Program Files\Microsoft SQL Server\100\DTS\Binn\;C:\strawberry\c\bin;C:\strawberry\perl\site\bin;C:\strawberry\perl\bin;C:\Program Files (x86)\Microsoft SQL Server\110\Tools\Binn\ManagementStudio\;C:\Program Files (x86)\Microsoft SQL Server\110\Tools\Binn\;C:\Program Files\Microsoft SQL Server\110\Tools\Binn\;C:\Program Files (x86)\Microsoft SQL Server\110\DTS\Binn\;C:\Program Files\TortoiseSVN\bin;C:\Python34;C:\Program Files (x86)\Java\jre7\bin;C:\eclipse;
USERNAME=inacio
OS=Windows_NT
PROCESSOR_IDENTIFIER=Intel64 Family 6 Model 69 Stepping 1, GenuineIntel



---------------  S Y S T E M  ---------------

OS: Windows 8 , 64 bit Build 9200 

CPU:total 4 (2 cores per cpu, 2 threads per core) family 6 model 69 stepping 1, cmov, cx8, fxsr, mmx, sse, sse2, sse3, ssse3, sse4.1, sse4.2, popcnt, avx, avx2, aes, erms, ht, tsc, tscinvbit

Memory: 4k page, physical 8290700k(2473044k free), swap 9535884k(3153544k free)

vm_info: Java HotSpot(TM) Client VM (24.60-b09) for windows-x86 JRE (1.7.0_60-b19), built on May  7 2014 13:09:52 by "java_re" with unknown MS VC++:1600

time: Thu Jul 03 15:56:11 2014
elapsed time: 327 seconds

