#
# A fatal error has been detected by the Java Runtime Environment:
#
#  EXCEPTION_ACCESS_VIOLATION (0xc0000005) at pc=0x0fec9052, pid=6296, tid=8728
#
# JRE version: Java(TM) SE Runtime Environment (7.0_60-b19) (build 1.7.0_60-b19)
# Java VM: Java HotSpot(TM) Client VM (24.60-b09 mixed mode, sharing windows-x86 )
# Problematic frame:
# C  [berkelium.dll+0xa39052]
#
# Failed to write core dump. Minidumps are not enabled by default on client versions of Windows
#
# If you would like to submit a bug report, please visit:
#   http://bugreport.sun.com/bugreport/crash.jsp
#

---------------  T H R E A D  ---------------

Current thread (0x02bafc00):  VMThread [stack: 0x04d80000,0x04dd0000] [id=8728]

siginfo: ExceptionCode=0xc0000005, reading address 0x000000f8

Registers:
EAX=0x04dcf2d4, EBX=0x000493e0, ECX=0x04dcf2d4, EDX=0x19f98458
ESP=0x04dcf2c4, EBP=0x00000088, ESI=0x00000000, EDI=0x2bdb2758
EIP=0x0fec9052, EFLAGS=0x00010206

Top of Stack: (sp=0x04dcf2c4)
0x04dcf2c4:   07762168 07762168 076bab00 00000000
0x04dcf2d4:   19f98458 00000088 07753a20 0775e900
0x04dcf2e4:   00000000 00000000 00000000 74616401
0x04dcf2f4:   69642d61 079f0072 00000023 0000002f
0x04dcf304:   00000000 076e7070 002e5bf4 07762000
0x04dcf314:   076bab44 ffffff00 0f4fbf20 11019778
0x04dcf324:   071a0030 00000000 0000000f 1101a730
0x04dcf334:   00000001 0f4f9783 00000008 00000001 

Instructions: (pc=0x0fec9052)
0x0fec9032:   03 00 00 57 53 e8 f4 c8 60 ff 8b ea 8d 54 24 10
0x0fec9042:   52 8b f8 e8 26 ca 00 00 83 c4 04 03 38 13 68 04
0x0fec9052:   8b 86 f8 00 00 00 0b 86 fc 00 00 00 89 7c 24 20
0x0fec9062:   89 6c 24 24 75 3e 39 84 24 d4 00 00 00 7f 35 7c 


Register to memory mapping:

EAX=
[error occurred during error reporting (printing register info), id 0xc0000005]

Stack: [0x04d80000,0x04dd0000],  sp=0x04dcf2c4,  free space=316k
Native frames: (J=compiled Java code, j=interpreted, Vv=VM code, C=native code)
C  [berkelium.dll+0xa39052]

[error occurred during error reporting (printing native stack), id 0xc0000005]

VM_Operation (0x0632e680): Exit, mode: safepoint, requested by thread 0x02c23c00


---------------  P R O C E S S  ---------------

Java Threads: ( => current thread )
  0x061dfc00 JavaThread "WeakCollectionCleaner" daemon [_thread_blocked, id=7348, stack(0x081f0000,0x08240000)]
  0x02c21400 JavaThread "TimerQueue" daemon [_thread_blocked, id=7204, stack(0x08160000,0x081b0000)]
  0x02c24000 JavaThread "DestroyJavaVM" [_thread_blocked, id=5772, stack(0x01190000,0x011e0000)]
  0x02c23c00 JavaThread "AWT-EventQueue-0" [_thread_blocked, id=10884, stack(0x062e0000,0x06330000)]
  0x02c22c00 JavaThread "AWT-Shutdown" [_thread_blocked, id=520, stack(0x059a0000,0x059f0000)]
  0x02c22800 JavaThread "Java2D Disposer" daemon [_thread_blocked, id=10176, stack(0x058d0000,0x05920000)]
  0x02c22000 JavaThread "Service Thread" daemon [_thread_blocked, id=10984, stack(0x050e0000,0x05130000)]
  0x02c28800 JavaThread "C1 CompilerThread0" daemon [_thread_blocked, id=6912, stack(0x05050000,0x050a0000)]
  0x02c24c00 JavaThread "Attach Listener" daemon [_thread_blocked, id=588, stack(0x04fc0000,0x05010000)]
  0x02c21c00 JavaThread "Signal Dispatcher" daemon [_thread_blocked, id=10736, stack(0x04f30000,0x04f80000)]
  0x02bb2800 JavaThread "Finalizer" daemon [_thread_blocked, id=8736, stack(0x04ea0000,0x04ef0000)]
  0x02bb1000 JavaThread "Reference Handler" daemon [_thread_blocked, id=10796, stack(0x04e10000,0x04e60000)]

Other Threads:
=>0x02bafc00 VMThread [stack: 0x04d80000,0x04dd0000] [id=8728]

VM state:at safepoint (shutting down)

VM Mutex/Monitor currently owned by a thread:  ([mutex/lock_event])
[0x0142c330] Threads_lock - owner thread: 0x02bafc00

Heap
 def new generation   total 49920K, used 17482K [0x24000000, 0x27620000, 0x29550000)
  eden space 44416K,  39% used [0x24000000, 0x25112910, 0x26b60000)
  from space 5504K,   0% used [0x26b60000, 0x26b60000, 0x270c0000)
  to   space 5504K,   0% used [0x270c0000, 0x270c0000, 0x27620000)
 tenured generation   total 110800K, used 66477K [0x29550000, 0x30184000, 0x34000000)
   the space 110800K,  59% used [0x29550000, 0x2d63b750, 0x2d63b800, 0x30184000)
 compacting perm gen  total 12288K, used 9320K [0x34000000, 0x34c00000, 0x38000000)
   the space 12288K,  75% used [0x34000000, 0x3491a2f0, 0x3491a400, 0x34c00000)
    ro space 10240K,  42% used [0x38000000, 0x38434778, 0x38434800, 0x38a00000)
    rw space 12288K,  52% used [0x38a00000, 0x39049a68, 0x39049c00, 0x39600000)

Card table byte_map: [0x04c90000,0x04d40000] byte_map_base: 0x04b70000

Polling page: 0x010a0000

Code Cache  [0x02c90000, 0x02f10000, 0x04c90000)
 total_blobs=1527 nmethods=1238 adapters=225 free_code_cache=30229Kb largest_free_block=30954688

Compilation events (10 events):
Event: 26.596 Thread 0x02c28800 1243             java.awt.geom.AffineTransform::getScaleX (5 bytes)
Event: 26.597 Thread 0x02c28800 nmethod 1243 0x02f08948 code [0x02f08a40, 0x02f08ac0]
Event: 26.597 Thread 0x02c28800 1244             java.awt.geom.AffineTransform::getScaleY (5 bytes)
Event: 26.597 Thread 0x02c28800 nmethod 1244 0x02f08b08 code [0x02f08c00, 0x02f08c80]
Event: 27.097 Thread 0x02c28800 1245             java.awt.geom.AffineTransform::getTranslateX (5 bytes)
Event: 27.097 Thread 0x02c28800 nmethod 1245 0x02f08cc8 code [0x02f08dc0, 0x02f08e40]
Event: 27.097 Thread 0x02c28800 1246             java.awt.geom.AffineTransform::getTranslateY (5 bytes)
Event: 27.097 Thread 0x02c28800 nmethod 1246 0x02f08e88 code [0x02f08f80, 0x02f09000]
Event: 32.605 Thread 0x02c28800 1247             sun.java2d.loops.MaskBlit::getFromCache (132 bytes)
Event: 32.608 Thread 0x02c28800 nmethod 1247 0x02f09048 code [0x02f092a0, 0x02f0a030]

GC Heap History (10 events):
Event: 14.141 GC heap before
{Heap before GC invocations=17 (full 4):
 def new generation   total 18944K, used 18941K [0x24000000, 0x25480000, 0x29550000)
  eden space 16896K,  99% used [0x24000000, 0x2507f7f0, 0x25080000)
  from space 2048K, 100% used [0x25280000, 0x25480000, 0x25480000)
  to   space 2048K,   0% used [0x25080000, 0x25080000, 0x25280000)
 tenured generation   total 41888K, used 31835K [0x29550000, 0x2be38000, 0x34000000)
   the space 41888K,  76% used [0x29550000, 0x2b466d58, 0x2b466e00, 0x2be38000)
 compacting perm gen  total 12288K, used 8586K [0x34000000, 0x34c00000, 0x38000000)
   the space 12288K,  69% used [0x34000000, 0x34862a50, 0x34862c00, 0x34c00000)
    ro space 10240K,  42% used [0x38000000, 0x38434778, 0x38434800, 0x38a00000)
    rw space 12288K,  52% used [0x38a00000, 0x39049a68, 0x39049c00, 0x39600000)
Event: 14.150 GC heap after
Heap after GC invocations=18 (full 4):
 def new generation   total 18944K, used 2028K [0x24000000, 0x25480000, 0x29550000)
  eden space 16896K,   0% used [0x24000000, 0x24000000, 0x25080000)
  from space 2048K,  99% used [0x25080000, 0x2527b368, 0x25280000)
  to   space 2048K,   0% used [0x25280000, 0x25280000, 0x25480000)
 tenured generation   total 41888K, used 38394K [0x29550000, 0x2be38000, 0x34000000)
   the space 41888K,  91% used [0x29550000, 0x2bace988, 0x2bacea00, 0x2be38000)
 compacting perm gen  total 12288K, used 8586K [0x34000000, 0x34c00000, 0x38000000)
   the space 12288K,  69% used [0x34000000, 0x34862a50, 0x34862c00, 0x34c00000)
    ro space 10240K,  42% used [0x38000000, 0x38434778, 0x38434800, 0x38a00000)
    rw space 12288K,  52% used [0x38a00000, 0x39049a68, 0x39049c00, 0x39600000)
}
Event: 16.321 GC heap before
{Heap before GC invocations=18 (full 4):
 def new generation   total 18944K, used 18944K [0x24000000, 0x25480000, 0x29550000)
  eden space 16896K, 100% used [0x24000000, 0x25080000, 0x25080000)
  from space 2048K, 100% used [0x25080000, 0x25280000, 0x25280000)
  to   space 2048K,   0% used [0x25280000, 0x25280000, 0x25480000)
 tenured generation   total 41888K, used 39793K [0x29550000, 0x2be38000, 0x34000000)
   the space 41888K,  95% used [0x29550000, 0x2bc2c6a8, 0x2bc2c800, 0x2be38000)
 compacting perm gen  total 12288K, used 8586K [0x34000000, 0x34c00000, 0x38000000)
   the space 12288K,  69% used [0x34000000, 0x34862ac0, 0x34862c00, 0x34c00000)
    ro space 10240K,  42% used [0x38000000, 0x38434778, 0x38434800, 0x38a00000)
    rw space 12288K,  52% used [0x38a00000, 0x39049a68, 0x39049c00, 0x39600000)
Event: 16.329 GC heap after
Heap after GC invocations=19 (full 4):
 def new generation   total 18944K, used 1980K [0x24000000, 0x25480000, 0x29550000)
  eden space 16896K,   0% used [0x24000000, 0x24000000, 0x25080000)
  from space 2048K,  96% used [0x25280000, 0x2546f2c8, 0x25480000)
  to   space 2048K,   0% used [0x25080000, 0x25080000, 0x25280000)
 tenured generation   total 51472K, used 51357K [0x29550000, 0x2c794000, 0x34000000)
   the space 51472K,  99% used [0x29550000, 0x2c777530, 0x2c777600, 0x2c794000)
 compacting perm gen  total 12288K, used 8586K [0x34000000, 0x34c00000, 0x38000000)
   the space 12288K,  69% used [0x34000000, 0x34862ac0, 0x34862c00, 0x34c00000)
    ro space 10240K,  42% used [0x38000000, 0x38434778, 0x38434800, 0x38a00000)
    rw space 12288K,  52% used [0x38a00000, 0x39049a68, 0x39049c00, 0x39600000)
}
Event: 16.817 GC heap before
{Heap before GC invocations=19 (full 4):
 def new generation   total 18944K, used 16187K [0x24000000, 0x25480000, 0x29550000)
  eden space 16896K,  84% used [0x24000000, 0x24ddfa28, 0x25080000)
  from space 2048K,  96% used [0x25280000, 0x2546f2c8, 0x25480000)
  to   space 2048K,   0% used [0x25080000, 0x25080000, 0x25280000)
 tenured generation   total 51472K, used 51357K [0x29550000, 0x2c794000, 0x34000000)
   the space 51472K,  99% used [0x29550000, 0x2c777530, 0x2c777600, 0x2c794000)
 compacting perm gen  total 12288K, used 8586K [0x34000000, 0x34c00000, 0x38000000)
   the space 12288K,  69% used [0x34000000, 0x34862b30, 0x34862c00, 0x34c00000)
    ro space 10240K,  42% used [0x38000000, 0x38434778, 0x38434800, 0x38a00000)
    rw space 12288K,  52% used [0x38a00000, 0x39049a68, 0x39049c00, 0x39600000)
Event: 16.878 GC heap after
Heap after GC invocations=20 (full 5):
 def new generation   total 30784K, used 0K [0x24000000, 0x26160000, 0x29550000)
  eden space 27392K,   0% used [0x24000000, 0x24000000, 0x25ac0000)
  from space 3392K,   0% used [0x25ac0000, 0x25ac0000, 0x25e10000)
  to   space 3392K,   0% used [0x25e10000, 0x25e10000, 0x26160000)
 tenured generation   total 68312K, used 40985K [0x29550000, 0x2d806000, 0x34000000)
   the space 68312K,  59% used [0x29550000, 0x2bd565e0, 0x2bd56600, 0x2d806000)
 compacting perm gen  total 12288K, used 8586K [0x34000000, 0x34c00000, 0x38000000)
   the space 12288K,  69% used [0x34000000, 0x34862b30, 0x34862c00, 0x34c00000)
    ro space 10240K,  42% used [0x38000000, 0x38434778, 0x38434800, 0x38a00000)
    rw space 12288K,  52% used [0x38a00000, 0x39049a68, 0x39049c00, 0x39600000)
}
Event: 25.213 GC heap before
{Heap before GC invocations=20 (full 5):
 def new generation   total 30784K, used 27392K [0x24000000, 0x26160000, 0x29550000)
  eden space 27392K, 100% used [0x24000000, 0x25ac0000, 0x25ac0000)
  from space 3392K,   0% used [0x25ac0000, 0x25ac0000, 0x25e10000)
  to   space 3392K,   0% used [0x25e10000, 0x25e10000, 0x26160000)
 tenured generation   total 68312K, used 40985K [0x29550000, 0x2d806000, 0x34000000)
   the space 68312K,  59% used [0x29550000, 0x2bd565e0, 0x2bd56600, 0x2d806000)
 compacting perm gen  total 12288K, used 9147K [0x34000000, 0x34c00000, 0x38000000)
   the space 12288K,  74% used [0x34000000, 0x348eeec0, 0x348ef000, 0x34c00000)
    ro space 10240K,  42% used [0x38000000, 0x38434778, 0x38434800, 0x38a00000)
    rw space 12288K,  52% used [0x38a00000, 0x39049a68, 0x39049c00, 0x39600000)
Event: 25.225 GC heap after
Heap after GC invocations=21 (full 5):
 def new generation   total 30784K, used 3392K [0x24000000, 0x26160000, 0x29550000)
  eden space 27392K,   0% used [0x24000000, 0x24000000, 0x25ac0000)
  from space 3392K, 100% used [0x25e10000, 0x26160000, 0x26160000)
  to   space 3392K,   0% used [0x25ac0000, 0x25ac0000, 0x25e10000)
 tenured generation   total 68312K, used 52901K [0x29550000, 0x2d806000, 0x34000000)
   the space 68312K,  77% used [0x29550000, 0x2c8f9598, 0x2c8f9600, 0x2d806000)
 compacting perm gen  total 12288K, used 9147K [0x34000000, 0x34c00000, 0x38000000)
   the space 12288K,  74% used [0x34000000, 0x348eeec0, 0x348ef000, 0x34c00000)
    ro space 10240K,  42% used [0x38000000, 0x38434778, 0x38434800, 0x38a00000)
    rw space 12288K,  52% used [0x38a00000, 0x39049a68, 0x39049c00, 0x39600000)
}
Event: 25.489 GC heap before
{Heap before GC invocations=21 (full 5):
 def new generation   total 30784K, used 30784K [0x24000000, 0x26160000, 0x29550000)
  eden space 27392K, 100% used [0x24000000, 0x25ac0000, 0x25ac0000)
  from space 3392K, 100% used [0x25e10000, 0x26160000, 0x26160000)
  to   space 3392K,   0% used [0x25ac0000, 0x25ac0000, 0x25e10000)
 tenured generation   total 68312K, used 52901K [0x29550000, 0x2d806000, 0x34000000)
   the space 68312K,  77% used [0x29550000, 0x2c8f9598, 0x2c8f9600, 0x2d806000)
 compacting perm gen  total 12288K, used 9256K [0x34000000, 0x34c00000, 0x38000000)
   the space 12288K,  75% used [0x34000000, 0x3490a358, 0x3490a400, 0x34c00000)
    ro space 10240K,  42% used [0x38000000, 0x38434778, 0x38434800, 0x38a00000)
    rw space 12288K,  52% used [0x38a00000, 0x39049a68, 0x39049c00, 0x39600000)
Event: 25.594 GC heap after
Heap after GC invocations=22 (full 6):
 def new generation   total 49920K, used 0K [0x24000000, 0x27620000, 0x29550000)
  eden space 44416K,   0% used [0x24000000, 0x24000000, 0x26b60000)
  from space 5504K,   0% used [0x26b60000, 0x26b60000, 0x270c0000)
  to   space 5504K,   0% used [0x270c0000, 0x270c0000, 0x27620000)
 tenured generation   total 110800K, used 66477K [0x29550000, 0x30184000, 0x34000000)
   the space 110800K,  59% used [0x29550000, 0x2d63b750, 0x2d63b800, 0x30184000)
 compacting perm gen  total 12288K, used 9256K [0x34000000, 0x34c00000, 0x38000000)
   the space 12288K,  75% used [0x34000000, 0x3490a358, 0x3490a400, 0x34c00000)
    ro space 10240K,  42% used [0x38000000, 0x38434778, 0x38434800, 0x38a00000)
    rw space 12288K,  52% used [0x38a00000, 0x39049a68, 0x39049c00, 0x39600000)
}

Deoptimization events (0 events):
No events

Internal exceptions (10 events):
Event: 25.127 Thread 0x02c23c00 Threw 0x25637c18 at C:\re\jdk7u60\1081\hotspot\src\share\vm\prims\jvm.cpp:1244
Event: 25.317 Thread 0x02c23c00 Threw 0x244eca08 at C:\re\jdk7u60\1081\hotspot\src\share\vm\prims\jvm.cpp:1244
Event: 25.318 Thread 0x02c23c00 Threw 0x244f60f0 at C:\re\jdk7u60\1081\hotspot\src\share\vm\prims\jvm.cpp:1244
Event: 25.318 Thread 0x02c23c00 Threw 0x24504bb0 at C:\re\jdk7u60\1081\hotspot\src\share\vm\prims\jvm.cpp:1244
Event: 25.319 Thread 0x02c23c00 Threw 0x2450ac90 at C:\re\jdk7u60\1081\hotspot\src\share\vm\prims\jvm.cpp:1244
Event: 25.319 Thread 0x02c23c00 Threw 0x24512548 at C:\re\jdk7u60\1081\hotspot\src\share\vm\prims\jvm.cpp:1244
Event: 25.321 Thread 0x02c23c00 Threw 0x24529be8 at C:\re\jdk7u60\1081\hotspot\src\share\vm\prims\jvm.cpp:1244
Event: 25.322 Thread 0x02c23c00 Threw 0x245422a0 at C:\re\jdk7u60\1081\hotspot\src\share\vm\prims\jvm.cpp:1244
Event: 25.326 Thread 0x02c23c00 Threw 0x2454ba98 at C:\re\jdk7u60\1081\hotspot\src\share\vm\prims\jvm.cpp:1244
Event: 25.595 Thread 0x02bb2800 Threw 0x2406b798 at C:\re\jdk7u60\1081\hotspot\src\share\vm\interpreter\linkResolver.cpp:883

Events (10 events):
Event: 33.873 loading class 0x39670c20
Event: 33.873 Thread 0x061de800 Thread exited: 0x061de800
Event: 33.873 loading class 0x39670bc8
Event: 33.873 loading class 0x39670bc8 done
Event: 33.873 loading class 0x39670c20 done
Event: 33.873 Thread 0x061e3c00 Thread exited: 0x061e3c00
Event: 33.874 Thread 0x061de400 Thread exited: 0x061de400
Event: 33.879 Thread 0x02c23400 Thread exited: 0x02c23400
Event: 33.974 Thread 0x061e2c00 Thread exited: 0x061e2c00
Event: 33.974 Executing VM operation: Exit


Dynamic libraries:
0x00a70000 - 0x00a9f000 	C:\Program Files (x86)\Java\jre7\bin\javaw.exe
0x76fe0000 - 0x77137000 	C:\Windows\SYSTEM32\ntdll.dll
0x74690000 - 0x747c0000 	C:\Windows\SYSTEM32\KERNEL32.DLL
0x76a80000 - 0x76b27000 	C:\Windows\SYSTEM32\KERNELBASE.dll
0x747c0000 - 0x7486e000 	C:\Windows\SYSTEM32\ADVAPI32.dll
0x764f0000 - 0x76606000 	C:\Windows\SYSTEM32\USER32.dll
0x73130000 - 0x73328000 	C:\Windows\WinSxS\x86_microsoft.windows.common-controls_6595b64144ccf1df_6.0.9200.16579_none_8937eec6860750f5\COMCTL32.dll
0x76000000 - 0x760b1000 	C:\Windows\SYSTEM32\msvcrt.dll
0x74870000 - 0x748a4000 	C:\Windows\SYSTEM32\sechost.dll
0x760c0000 - 0x7616c000 	C:\Windows\SYSTEM32\RPCRT4.dll
0x748b0000 - 0x749ad000 	C:\Windows\SYSTEM32\GDI32.dll
0x745d0000 - 0x745ed000 	C:\Windows\SYSTEM32\SspiCli.dll
0x745c0000 - 0x745c9000 	C:\Windows\SYSTEM32\CRYPTBASE.dll
0x74560000 - 0x745b1000 	C:\Windows\SYSTEM32\bcryptPrimitives.dll
0x762e0000 - 0x76300000 	C:\Windows\system32\IMM32.DLL
0x76680000 - 0x7675e000 	C:\Windows\SYSTEM32\MSCTF.dll
0x5e970000 - 0x5ea2f000 	C:\Program Files (x86)\Java\jre7\bin\msvcr100.dll
0x5e310000 - 0x5e698000 	C:\Program Files (x86)\Java\jre7\bin\client\jvm.dll
0x71c10000 - 0x71c18000 	C:\Windows\SYSTEM32\WSOCK32.dll
0x71fb0000 - 0x71fd1000 	C:\Windows\SYSTEM32\WINMM.dll
0x76300000 - 0x76306000 	C:\Windows\SYSTEM32\PSAPI.DLL
0x75f80000 - 0x75fd0000 	C:\Windows\SYSTEM32\WS2_32.dll
0x71c70000 - 0x71c9b000 	C:\Windows\SYSTEM32\WINMMBASE.dll
0x75ff0000 - 0x75ff8000 	C:\Windows\SYSTEM32\NSI.dll
0x76b30000 - 0x76b76000 	C:\Windows\SYSTEM32\cfgmgr32.dll
0x75f00000 - 0x75f1e000 	C:\Windows\SYSTEM32\DEVOBJ.dll
0x720a0000 - 0x720ac000 	C:\Program Files (x86)\Java\jre7\bin\verify.dll
0x70bb0000 - 0x70bd0000 	C:\Program Files (x86)\Java\jre7\bin\java.dll
0x70b90000 - 0x70ba3000 	C:\Program Files (x86)\Java\jre7\bin\zip.dll
0x6f490000 - 0x6f5d3000 	C:\Program Files (x86)\Java\jre7\bin\awt.dll
0x76c00000 - 0x76c8b000 	C:\Windows\SYSTEM32\OLEAUT32.dll
0x76de0000 - 0x76f16000 	C:\Windows\SYSTEM32\combase.dll
0x72dd0000 - 0x72e77000 	C:\Windows\system32\apphelp.dll
0x71a40000 - 0x71a59000 	C:\Windows\system32\DWMAPI.DLL
0x726b0000 - 0x72738000 	C:\Windows\system32\uxtheme.dll
0x76760000 - 0x76879000 	C:\Windows\SYSTEM32\ole32.dll
0x74da0000 - 0x75e66000 	C:\Windows\SYSTEM32\SHELL32.dll
0x75f40000 - 0x75f80000 	C:\Windows\SYSTEM32\SHLWAPI.dll
0x73330000 - 0x733a3000 	C:\Windows\SYSTEM32\shcore.dll
0x718b0000 - 0x718e9000 	C:\Program Files (x86)\Java\jre7\bin\fontmanager.dll
0x6f250000 - 0x6f264000 	C:\Program Files (x86)\Java\jre7\bin\net.dll
0x72e80000 - 0x72eca000 	C:\Windows\system32\mswsock.dll
0x718a0000 - 0x718af000 	C:\Program Files (x86)\Java\jre7\bin\nio.dll
0x706d0000 - 0x70700000 	C:\Program Files (x86)\Java\jre7\bin\t2k.dll
0x76b80000 - 0x76bf4000 	C:\Windows\SYSTEM32\clbcatq.dll
0x6a8a0000 - 0x6a9eb000 	C:\Windows\SYSTEM32\WindowsCodecs.dll
0x76dc0000 - 0x76dd1000 	C:\Windows\SYSTEM32\profapi.dll
0x68440000 - 0x68464000 	C:\Program Files (x86)\Java\jre7\bin\dcpr.dll
0x5e900000 - 0x5e96d000 	C:\binaries\terrajava.dll
0x5e220000 - 0x5e307000 	C:\binaries\terramanager-funcate.dll
0x59300000 - 0x59ba6000 	C:\binaries\terralib.dll
0x64af0000 - 0x64b59000 	C:\Windows\SYSTEM32\MSVCP100.dll
0x6d880000 - 0x6db4c000 	C:\binaries\bgd.dll
0x66b80000 - 0x66b9b000 	C:\binaries\terraogc_xml.dll
0x60460000 - 0x6047d000 	C:\binaries\terraogc_sld.dll
0x5f9a0000 - 0x5f9c6000 	C:\binaries\terraogc_se.dll
0x5e8c0000 - 0x5e8f6000 	C:\binaries\terraogc_filter.dll
0x5e1c0000 - 0x5e212000 	C:\binaries\terraogc_ows.dll
0x5f980000 - 0x5f999000 	C:\binaries\terraogc_common.dll
0x684c0000 - 0x684cb000 	C:\binaries\terralib_shp.dll
0x60450000 - 0x6045e000 	C:\binaries\terralib_spl.dll
0x06880000 - 0x06c76000 	C:\binaries\qt-mt338.dll
0x613d0000 - 0x6149e000 	C:\Windows\SYSTEM32\OPENGL32.dll
0x613a0000 - 0x613c3000 	C:\Windows\SYSTEM32\GLU32.dll
0x5e140000 - 0x5e1bf000 	C:\binaries\qwt500.dll
0x0f490000 - 0x1148f000 	C:\binaries\berkelium.dll
0x06c80000 - 0x06dc1000 	C:\binaries\LIBMYSQL.dll
0x63100000 - 0x63121000 	C:\binaries\LIBPQ.dll
0x06dd0000 - 0x06e31000 	C:\binaries\OCI.dll
0x5da30000 - 0x5daba000 	C:\binaries\libtiff.dll
0x56580000 - 0x56d52000 	C:\binaries\gdal110.dll
0x12000000 - 0x121dc000 	C:\binaries\xerces-c_3_1.dll
0x592a0000 - 0x592f5000 	C:\binaries\terraogc_wms.dll
0x59240000 - 0x59293000 	C:\binaries\terraogc_gml.dll
0x5e0f0000 - 0x5e131000 	C:\binaries\terraogc_xsd.dll
0x5a810000 - 0x5a830000 	C:\binaries\terraogc_xacml.dll
0x71f30000 - 0x71f90000 	C:\Windows\SYSTEM32\WINSPOOL.DRV
0x7c340000 - 0x7c396000 	C:\Windows\SYSTEM32\MSVCR71.dll
0x608a0000 - 0x60979000 	C:\Windows\SYSTEM32\DDRAW.dll
0x727a0000 - 0x727a9000 	C:\Windows\SYSTEM32\Secur32.dll
0x75f20000 - 0x75f3b000 	C:\Windows\SYSTEM32\USERENV.dll
0x71520000 - 0x71570000 	C:\Windows\SYSTEM32\OLEACC.dll
0x54200000 - 0x54276000 	C:\Windows\SYSTEM32\RICHED20.dll
0x72ee0000 - 0x72ee8000 	C:\Windows\SYSTEM32\VERSION.dll
0x720b0000 - 0x720c4000 	C:\Windows\SYSTEM32\USP10.dll
0x72c50000 - 0x72cc5000 	C:\Windows\SYSTEM32\DNSAPI.dll
0x06ee0000 - 0x06f8a000 	C:\Windows\libeay32.dll
0x06f90000 - 0x06f9d000 	C:\binaries\libintl-2.dll
0x72ed0000 - 0x72ed6000 	C:\Windows\SYSTEM32\SHFOLDER.DLL
0x06fa0000 - 0x06fc6000 	C:\Windows\ssleay32.dll
0x06fd0000 - 0x06ff6000 	C:\binaries\libexpat.dll
0x60770000 - 0x60811000 	C:\Windows\SYSTEM32\ODBC32.dll
0x60760000 - 0x60767000 	C:\Windows\SYSTEM32\DCIMAN32.dll
0x663b0000 - 0x663db000 	C:\Windows\SYSTEM32\msls31.dll
0x07050000 - 0x0712b000 	C:\binaries\libiconv-2.dll
0x6f600000 - 0x6f61d000 	C:\Windows\SYSTEM32\gpapi.dll
0x74530000 - 0x74556000 	C:\Windows\SYSTEM32\ntmarta.dll
0x54e60000 - 0x55708000 	C:\binaries\icudt46.dll
0x53850000 - 0x53979000 	C:\Windows\SYSTEM32\dbghelp.dll
0x72040000 - 0x72050000 	C:\Windows\system32\napinsp.dll
0x72020000 - 0x72034000 	C:\Windows\system32\pnrpnsp.dll
0x72010000 - 0x72020000 	C:\Windows\system32\NLAapi.dll
0x72000000 - 0x72009000 	C:\Windows\System32\winrnr.dll
0x71ac0000 - 0x71ad0000 	C:\Windows\system32\wshbth.dll
0x726a0000 - 0x726a7000 	C:\Windows\System32\rasadhlp.dll
0x71c30000 - 0x71c6f000 	C:\Windows\System32\fwpuclnt.dll
0x72cd0000 - 0x72cf0000 	C:\Windows\SYSTEM32\IPHLPAPI.DLL
0x72c40000 - 0x72c48000 	C:\Windows\SYSTEM32\WINNSI.DLL
0x730d0000 - 0x730ea000 	C:\Windows\SYSTEM32\CRYPTSP.dll
0x73090000 - 0x730ce000 	C:\Windows\system32\rsaenh.dll
0x72c30000 - 0x72c40000 	C:\Windows\SYSTEM32\dhcpcsvc6.DLL
0x72c10000 - 0x72c22000 	C:\Windows\SYSTEM32\dhcpcsvc.DLL
0x59210000 - 0x59235000 	C:\Program Files (x86)\Java\jre7\bin\jpeg.dll

VM Arguments:
jvm_args: -Dfile.encoding=ISO-8859-1 
java_command: com.nexusbr.gv.main.ConnectDBMain
Launcher Type: SUN_STANDARD

Environment Variables:
JAVA_HOME=C:\Program Files (x86)\Java\jre7
PATH=C:/Program Files (x86)/Java/jre7/bin/client;C:/Program Files (x86)/Java/jre7/bin;C:/Program Files (x86)/Java/jre7/lib/i386;C:\Program Files (x86)\PHP\;c:\Program Files (x86)\Intel\iCLS Client\;c:\Program Files\Intel\iCLS Client\;C:\Windows\system32;C:\Windows;C:\Windows\System32\Wbem;C:\Windows\System32\WindowsPowerShell\v1.0\;C:\Program Files\Intel\Intel(R) Management Engine Components\DAL;C:\Program Files\Intel\Intel(R) Management Engine Components\IPT;C:\Program Files (x86)\Intel\Intel(R) Management Engine Components\DAL;C:\Program Files (x86)\Intel\Intel(R) Management Engine Components\IPT;C:\Program Files (x86)\Intel\OpenCL SDK\3.0\bin\x86;C:\Program Files (x86)\Intel\OpenCL SDK\3.0\bin\x64;C:\Program Files (x86)\Windows Live\Shared;C:\binaries;c:\Program Files (x86)\Microsoft SQL Server\100\Tools\Binn\;c:\Program Files\Microsoft SQL Server\100\Tools\Binn\;c:\Program Files\Microsoft SQL Server\100\DTS\Binn\;C:\strawberry\c\bin;C:\strawberry\perl\site\bin;C:\strawberry\perl\bin;C:\Program Files (x86)\Microsoft SQL Server\110\Tools\Binn\ManagementStudio\;C:\Program Files (x86)\Microsoft SQL Server\110\Tools\Binn\;C:\Program Files\Microsoft SQL Server\110\Tools\Binn\;C:\Program Files (x86)\Microsoft SQL Server\110\DTS\Binn\;C:\Program Files\TortoiseSVN\bin;C:\Python34;C:\Program Files (x86)\Java\jre7\bin;C:\eclipse;
USERNAME=inacio
OS=Windows_NT
PROCESSOR_IDENTIFIER=Intel64 Family 6 Model 69 Stepping 1, GenuineIntel



---------------  S Y S T E M  ---------------

OS: Windows 8 , 64 bit Build 9200 

CPU:total 4 (2 cores per cpu, 2 threads per core) family 6 model 69 stepping 1, cmov, cx8, fxsr, mmx, sse, sse2, sse3, ssse3, sse4.1, sse4.2, popcnt, avx, avx2, aes, erms, ht, tsc, tscinvbit

Memory: 4k page, physical 8290700k(2331044k free), swap 9535884k(3408080k free)

vm_info: Java HotSpot(TM) Client VM (24.60-b09) for windows-x86 JRE (1.7.0_60-b19), built on May  7 2014 13:09:52 by "java_re" with unknown MS VC++:1600

time: Fri Jul 04 10:14:59 2014
elapsed time: 33 seconds

