#
# A fatal error has been detected by the Java Runtime Environment:
#
#  EXCEPTION_ACCESS_VIOLATION (0xc0000005) at pc=0x10619052, pid=3372, tid=9040
#
# JRE version: Java(TM) SE Runtime Environment (7.0_60-b19) (build 1.7.0_60-b19)
# Java VM: Java HotSpot(TM) Client VM (24.60-b09 mixed mode, sharing windows-x86 )
# Problematic frame:
# C  [berkelium.dll+0xa39052]
#
# Failed to write core dump. Minidumps are not enabled by default on client versions of Windows
#
# If you would like to submit a bug report, please visit:
#   http://bugreport.sun.com/bugreport/crash.jsp
#

---------------  T H R E A D  ---------------

Current thread (0x008ffc00):  VMThread [stack: 0x02020000,0x02070000] [id=9040]

siginfo: ExceptionCode=0xc0000005, reading address 0x000000f8

Registers:
EAX=0x0206f2b4, EBX=0x000493e0, ECX=0x0206f2b4, EDX=0x94db0d60
ESP=0x0206f2a4, EBP=0x00000077, ESI=0x00000000, EDI=0xa6bcb060
EIP=0x10619052, EFLAGS=0x00010206

Top of Stack: (sp=0x0206f2a4)
0x0206f2a4:   076f66a8 076f66a8 0699ab00 00000000
0x0206f2b4:   94db0d60 00000077 095353e0 076c31b0
0x0206f2c4:   00000000 00000000 00000000 74616401
0x0206f2d4:   69642d61 06c40072 00000023 0000002f
0x0206f2e4:   00000000 069c7070 002e5be3 076f6540
0x0206f2f4:   0699ab44 ffffff00 0fc4bf20 11769778
0x0206f304:   06500030 00000000 0000000f 1176a730
0x0206f314:   00000001 0fc49783 00000008 00000001 

Instructions: (pc=0x10619052)
0x10619032:   03 00 00 57 53 e8 f4 c8 60 ff 8b ea 8d 54 24 10
0x10619042:   52 8b f8 e8 26 ca 00 00 83 c4 04 03 38 13 68 04
0x10619052:   8b 86 f8 00 00 00 0b 86 fc 00 00 00 89 7c 24 20
0x10619062:   89 6c 24 24 75 3e 39 84 24 d4 00 00 00 7f 35 7c 


Register to memory mapping:

EAX=
[error occurred during error reporting (printing register info), id 0xc0000005]

Stack: [0x02020000,0x02070000],  sp=0x0206f2a4,  free space=316k
Native frames: (J=compiled Java code, j=interpreted, Vv=VM code, C=native code)
C  [berkelium.dll+0xa39052]

VM_Operation (0x0562e7b0): Exit, mode: safepoint, requested by thread 0x051a9000


---------------  P R O C E S S  ---------------

Java Threads: ( => current thread )
  0x054d7400 JavaThread "Image Animator 3" daemon [_thread_blocked, id=4904, stack(0x072f0000,0x07340000)]
  0x054d4800 JavaThread "WeakCollectionCleaner" daemon [_thread_blocked, id=5640, stack(0x094a0000,0x094f0000)]
  0x054ef400 JavaThread "TimerQueue" daemon [_thread_blocked, id=9696, stack(0x07400000,0x07450000)]
  0x0207e000 JavaThread "DestroyJavaVM" [_thread_blocked, id=3324, stack(0x003a0000,0x003f0000)]
  0x051a9000 JavaThread "AWT-EventQueue-0" [_thread_blocked, id=6428, stack(0x055e0000,0x05630000)]
  0x04607000 JavaThread "AWT-Shutdown" [_thread_blocked, id=4504, stack(0x04cb0000,0x04d00000)]
  0x04605c00 JavaThread "Java2D Disposer" daemon [_thread_blocked, id=8752, stack(0x04ab0000,0x04b00000)]
  0x00979000 JavaThread "Service Thread" daemon [_thread_blocked, id=9452, stack(0x04390000,0x043e0000)]
  0x00974c00 JavaThread "C1 CompilerThread0" daemon [_thread_blocked, id=7544, stack(0x04300000,0x04350000)]
  0x00973000 JavaThread "Attach Listener" daemon [_thread_blocked, id=1076, stack(0x04270000,0x042c0000)]
  0x00970c00 JavaThread "Signal Dispatcher" daemon [_thread_blocked, id=5112, stack(0x041e0000,0x04230000)]
  0x00906000 JavaThread "Finalizer" daemon [_thread_blocked, id=7040, stack(0x04150000,0x041a0000)]
  0x00901000 JavaThread "Reference Handler" daemon [_thread_blocked, id=8336, stack(0x040c0000,0x04110000)]

Other Threads:
=>0x008ffc00 VMThread [stack: 0x02020000,0x02070000] [id=9040]

VM state:at safepoint (shutting down)

VM Mutex/Monitor currently owned by a thread:  ([mutex/lock_event])
[0x0207c4d0] Threads_lock - owner thread: 0x008ffc00

Heap
 def new generation   total 51968K, used 5081K [0x24000000, 0x27860000, 0x29550000)
  eden space 46208K,  10% used [0x24000000, 0x244f67a0, 0x26d20000)
  from space 5760K,   0% used [0x26d20000, 0x26d20000, 0x272c0000)
  to   space 5760K,   0% used [0x272c0000, 0x272c0000, 0x27860000)
 tenured generation   total 115376K, used 69223K [0x29550000, 0x305fc000, 0x34000000)
   the space 115376K,  59% used [0x29550000, 0x2d8e9f10, 0x2d8ea000, 0x305fc000)
 compacting perm gen  total 12288K, used 11005K [0x34000000, 0x34c00000, 0x38000000)
   the space 12288K,  89% used [0x34000000, 0x34abf648, 0x34abf800, 0x34c00000)
    ro space 10240K,  42% used [0x38000000, 0x38434778, 0x38434800, 0x38a00000)
    rw space 12288K,  52% used [0x38a00000, 0x39049a68, 0x39049c00, 0x39600000)

Card table byte_map: [0x01ea0000,0x01f50000] byte_map_base: 0x01d80000

Polling page: 0x003f0000

Code Cache  [0x02080000, 0x02460000, 0x04080000)
 total_blobs=2427 nmethods=2126 adapters=237 free_code_cache=28803Kb largest_free_block=29491328

Compilation events (10 events):
Event: 409.410 Thread 0x00974c00 2149             sun.awt.image.GifImageDecoder::ExtractByte (8 bytes)
Event: 409.410 Thread 0x00974c00 nmethod 2149 0x0245b908 code [0x0245ba00, 0x0245ba90]
Event: 409.731 Thread 0x00974c00 2150  s          sun.awt.image.ToolkitImage::infoDone (40 bytes)
Event: 409.731 Thread 0x00974c00 nmethod 2150 0x0245bb48 code [0x0245bc90, 0x0245c224]
Event: 410.374 Thread 0x00974c00 2151             sun.awt.image.ImageWatched$WeakLink::isWatcher (28 bytes)
Event: 410.374 Thread 0x00974c00 nmethod 2151 0x0245c448 code [0x0245c550, 0x0245c61c]
Event: 453.989 Thread 0x00974c00 2152             sun.awt.image.GifImageDecoder::readImage (690 bytes)
Event: 453.992 Thread 0x00974c00 nmethod 2152 0x0245c6c8 code [0x0245c9d0, 0x0245e2c8]
Event: 476.575 Thread 0x00974c00 2155             java.awt.image.IndexColorModel::getTransparency (5 bytes)
Event: 476.576 Thread 0x00974c00 nmethod 2155 0x0245fdc8 code [0x0245fec0, 0x0245ff40]

GC Heap History (10 events):
Event: 326.769 GC heap before
{Heap before GC invocations=54 (full 10):
 def new generation   total 41920K, used 41725K [0x24000000, 0x26d70000, 0x29550000)
  eden space 37312K,  99% used [0x24000000, 0x2645ed60, 0x26470000)
  from space 4608K,  97% used [0x26470000, 0x268d07e8, 0x268f0000)
  to   space 4608K,   0% used [0x268f0000, 0x268f0000, 0x26d70000)
 tenured generation   total 92956K, used 77157K [0x29550000, 0x2f017000, 0x34000000)
   the space 92956K,  83% used [0x29550000, 0x2e0a95f0, 0x2e0a9600, 0x2f017000)
 compacting perm gen  total 12288K, used 11003K [0x34000000, 0x34c00000, 0x38000000)
   the space 12288K,  89% used [0x34000000, 0x34abefc0, 0x34abf000, 0x34c00000)
    ro space 10240K,  42% used [0x38000000, 0x38434778, 0x38434800, 0x38a00000)
    rw space 12288K,  52% used [0x38a00000, 0x39049a68, 0x39049c00, 0x39600000)
Event: 326.771 GC heap after
Heap after GC invocations=55 (full 10):
 def new generation   total 41920K, used 2367K [0x24000000, 0x26d70000, 0x29550000)
  eden space 37312K,   0% used [0x24000000, 0x24000000, 0x26470000)
  from space 4608K,  51% used [0x268f0000, 0x26b3ffc8, 0x26d70000)
  to   space 4608K,   0% used [0x26470000, 0x26470000, 0x268f0000)
 tenured generation   total 92956K, used 80845K [0x29550000, 0x2f017000, 0x34000000)
   the space 92956K,  86% used [0x29550000, 0x2e443660, 0x2e443800, 0x2f017000)
 compacting perm gen  total 12288K, used 11003K [0x34000000, 0x34c00000, 0x38000000)
   the space 12288K,  89% used [0x34000000, 0x34abefc0, 0x34abf000, 0x34c00000)
    ro space 10240K,  42% used [0x38000000, 0x38434778, 0x38434800, 0x38a00000)
    rw space 12288K,  52% used [0x38a00000, 0x39049a68, 0x39049c00, 0x39600000)
}
Event: 327.443 GC heap before
{Heap before GC invocations=55 (full 10):
 def new generation   total 41920K, used 39493K [0x24000000, 0x26d70000, 0x29550000)
  eden space 37312K,  99% used [0x24000000, 0x26441660, 0x26470000)
  from space 4608K,  51% used [0x268f0000, 0x26b3ffc8, 0x26d70000)
  to   space 4608K,   0% used [0x26470000, 0x26470000, 0x268f0000)
 tenured generation   total 92956K, used 80845K [0x29550000, 0x2f017000, 0x34000000)
   the space 92956K,  86% used [0x29550000, 0x2e443660, 0x2e443800, 0x2f017000)
 compacting perm gen  total 12288K, used 11003K [0x34000000, 0x34c00000, 0x38000000)
   the space 12288K,  89% used [0x34000000, 0x34abefd0, 0x34abf000, 0x34c00000)
    ro space 10240K,  42% used [0x38000000, 0x38434778, 0x38434800, 0x38a00000)
    rw space 12288K,  52% used [0x38a00000, 0x39049a68, 0x39049c00, 0x39600000)
Event: 327.444 GC heap after
Heap after GC invocations=56 (full 10):
 def new generation   total 41920K, used 1328K [0x24000000, 0x26d70000, 0x29550000)
  eden space 37312K,   0% used [0x24000000, 0x24000000, 0x26470000)
  from space 4608K,  28% used [0x26470000, 0x265bc2f8, 0x268f0000)
  to   space 4608K,   0% used [0x268f0000, 0x268f0000, 0x26d70000)
 tenured generation   total 92956K, used 80882K [0x29550000, 0x2f017000, 0x34000000)
   the space 92956K,  87% used [0x29550000, 0x2e44cbd0, 0x2e44cc00, 0x2f017000)
 compacting perm gen  total 12288K, used 11003K [0x34000000, 0x34c00000, 0x38000000)
   the space 12288K,  89% used [0x34000000, 0x34abefd0, 0x34abf000, 0x34c00000)
    ro space 10240K,  42% used [0x38000000, 0x38434778, 0x38434800, 0x38a00000)
    rw space 12288K,  52% used [0x38a00000, 0x39049a68, 0x39049c00, 0x39600000)
}
Event: 333.675 GC heap before
{Heap before GC invocations=56 (full 10):
 def new generation   total 41920K, used 37019K [0x24000000, 0x26d70000, 0x29550000)
  eden space 37312K,  95% used [0x24000000, 0x262da960, 0x26470000)
  from space 4608K,  28% used [0x26470000, 0x265bc2f8, 0x268f0000)
  to   space 4608K,   0% used [0x268f0000, 0x268f0000, 0x26d70000)
 tenured generation   total 92956K, used 80882K [0x29550000, 0x2f017000, 0x34000000)
   the space 92956K,  87% used [0x29550000, 0x2e44cbd0, 0x2e44cc00, 0x2f017000)
 compacting perm gen  total 12288K, used 11003K [0x34000000, 0x34c00000, 0x38000000)
   the space 12288K,  89% used [0x34000000, 0x34abefd0, 0x34abf000, 0x34c00000)
    ro space 10240K,  42% used [0x38000000, 0x38434778, 0x38434800, 0x38a00000)
    rw space 12288K,  52% used [0x38a00000, 0x39049a68, 0x39049c00, 0x39600000)
Event: 333.682 GC heap after
Heap after GC invocations=57 (full 10):
 def new generation   total 41920K, used 4431K [0x24000000, 0x26d70000, 0x29550000)
  eden space 37312K,   0% used [0x24000000, 0x24000000, 0x26470000)
  from space 4608K,  96% used [0x268f0000, 0x26d43ff0, 0x26d70000)
  to   space 4608K,   0% used [0x26470000, 0x26470000, 0x268f0000)
 tenured generation   total 92956K, used 85747K [0x29550000, 0x2f017000, 0x34000000)
   the space 92956K,  92% used [0x29550000, 0x2e90cd00, 0x2e90ce00, 0x2f017000)
 compacting perm gen  total 12288K, used 11003K [0x34000000, 0x34c00000, 0x38000000)
   the space 12288K,  89% used [0x34000000, 0x34abefd0, 0x34abf000, 0x34c00000)
    ro space 10240K,  42% used [0x38000000, 0x38434778, 0x38434800, 0x38a00000)
    rw space 12288K,  52% used [0x38a00000, 0x39049a68, 0x39049c00, 0x39600000)
}
Event: 334.780 GC heap before
{Heap before GC invocations=57 (full 10):
 def new generation   total 41920K, used 41730K [0x24000000, 0x26d70000, 0x29550000)
  eden space 37312K,  99% used [0x24000000, 0x2646cc08, 0x26470000)
  from space 4608K,  96% used [0x268f0000, 0x26d43ff0, 0x26d70000)
  to   space 4608K,   0% used [0x26470000, 0x26470000, 0x268f0000)
 tenured generation   total 92956K, used 85939K [0x29550000, 0x2f017000, 0x34000000)
   the space 92956K,  92% used [0x29550000, 0x2e93cd10, 0x2e93ce00, 0x2f017000)
 compacting perm gen  total 12288K, used 11004K [0x34000000, 0x34c00000, 0x38000000)
   the space 12288K,  89% used [0x34000000, 0x34abf040, 0x34abf200, 0x34c00000)
    ro space 10240K,  42% used [0x38000000, 0x38434778, 0x38434800, 0x38a00000)
    rw space 12288K,  52% used [0x38a00000, 0x39049a68, 0x39049c00, 0x39600000)
Event: 334.786 GC heap after
Heap after GC invocations=58 (full 10):
 def new generation   total 41920K, used 4608K [0x24000000, 0x26d70000, 0x29550000)
  eden space 37312K,   0% used [0x24000000, 0x24000000, 0x26470000)
  from space 4608K, 100% used [0x26470000, 0x268f0000, 0x268f0000)
  to   space 4608K,   0% used [0x268f0000, 0x268f0000, 0x26d70000)
 tenured generation   total 94132K, used 94130K [0x29550000, 0x2f13d000, 0x34000000)
   the space 94132K,  99% used [0x29550000, 0x2f13ca28, 0x2f13cc00, 0x2f13d000)
 compacting perm gen  total 12288K, used 11004K [0x34000000, 0x34c00000, 0x38000000)
   the space 12288K,  89% used [0x34000000, 0x34abf040, 0x34abf200, 0x34c00000)
    ro space 10240K,  42% used [0x38000000, 0x38434778, 0x38434800, 0x38a00000)
    rw space 12288K,  52% used [0x38a00000, 0x39049a68, 0x39049c00, 0x39600000)
}
Event: 375.044 GC heap before
{Heap before GC invocations=58 (full 10):
 def new generation   total 41920K, used 41919K [0x24000000, 0x26d70000, 0x29550000)
  eden space 37312K,  99% used [0x24000000, 0x2646ffe0, 0x26470000)
  from space 4608K, 100% used [0x26470000, 0x268f0000, 0x268f0000)
  to   space 4608K,   0% used [0x268f0000, 0x268f0000, 0x26d70000)
 tenured generation   total 94132K, used 94130K [0x29550000, 0x2f13d000, 0x34000000)
   the space 94132K,  99% used [0x29550000, 0x2f13ca28, 0x2f13cc00, 0x2f13d000)
 compacting perm gen  total 12288K, used 11004K [0x34000000, 0x34c00000, 0x38000000)
   the space 12288K,  89% used [0x34000000, 0x34abf060, 0x34abf200, 0x34c00000)
    ro space 10240K,  42% used [0x38000000, 0x38434778, 0x38434800, 0x38a00000)
    rw space 12288K,  52% used [0x38a00000, 0x39049a68, 0x39049c00, 0x39600000)
Event: 375.146 GC heap after
Heap after GC invocations=59 (full 11):
 def new generation   total 51968K, used 0K [0x24000000, 0x27860000, 0x29550000)
  eden space 46208K,   0% used [0x24000000, 0x24000000, 0x26d20000)
  from space 5760K,   0% used [0x26d20000, 0x26d20000, 0x272c0000)
  to   space 5760K,   0% used [0x272c0000, 0x272c0000, 0x27860000)
 tenured generation   total 115376K, used 69223K [0x29550000, 0x305fc000, 0x34000000)
   the space 115376K,  59% used [0x29550000, 0x2d8e9f10, 0x2d8ea000, 0x305fc000)
 compacting perm gen  total 12288K, used 11004K [0x34000000, 0x34c00000, 0x38000000)
   the space 12288K,  89% used [0x34000000, 0x34abf060, 0x34abf200, 0x34c00000)
    ro space 10240K,  42% used [0x38000000, 0x38434778, 0x38434800, 0x38a00000)
    rw space 12288K,  52% used [0x38a00000, 0x39049a68, 0x39049c00, 0x39600000)
}

Deoptimization events (0 events):
No events

Internal exceptions (10 events):
Event: 194.643 Thread 0x054d4c00 Threw 0x258abb00 at C:\re\jdk7u60\1081\hotspot\src\share\vm\prims\jvm.cpp:2917
Event: 196.053 Thread 0x08b06800 Threw 0x24794560 at C:\re\jdk7u60\1081\hotspot\src\share\vm\prims\jvm.cpp:2917
Event: 251.582 Thread 0x054d7400 Threw 0x24fab380 at C:\re\jdk7u60\1081\hotspot\src\share\vm\prims\jvm.cpp:2917
Event: 252.726 Thread 0x054d7400 Threw 0x25094d88 at C:\re\jdk7u60\1081\hotspot\src\share\vm\prims\jvm.cpp:2917
Event: 260.435 Thread 0x051a9000 Threw 0x25a86e88 at C:\re\jdk7u60\1081\hotspot\src\share\vm\prims\jvm.cpp:1244
Event: 260.443 Thread 0x088ed000 Threw 0x25ab2140 at C:\re\jdk7u60\1081\hotspot\src\share\vm\prims\jvm.cpp:2917
Event: 263.977 Thread 0x088ed000 Threw 0x24a367d0 at C:\re\jdk7u60\1081\hotspot\src\share\vm\prims\jvm.cpp:2917
Event: 267.803 Thread 0x088ed000 Threw 0x24be2158 at C:\re\jdk7u60\1081\hotspot\src\share\vm\prims\jvm.cpp:2917
Event: 267.803 Thread 0x088ed800 Threw 0x24bc27d0 at C:\re\jdk7u60\1081\hotspot\src\share\vm\prims\jvm.cpp:1244
Event: 326.402 Thread 0x051a9000 Threw 0x261235e8 at C:\re\jdk7u60\1081\hotspot\src\share\vm\prims\jvm.cpp:1244

Events (10 events):
Event: 480.668 Thread 0x054d5400 Thread added: 0x054d5400
Event: 480.668 Thread 0x054d8000 Thread added: 0x054d8000
Event: 480.668 loading class 0x39670c20
Event: 480.668 Thread 0x054d5400 Thread exited: 0x054d5400
Event: 480.668 loading class 0x39670c20 done
Event: 480.668 Thread 0x054d4c00 Thread exited: 0x054d4c00
Event: 480.668 Thread 0x054d6800 Thread exited: 0x054d6800
Event: 480.682 Thread 0x04607800 Thread exited: 0x04607800
Event: 480.769 Thread 0x054d8000 Thread exited: 0x054d8000
Event: 480.769 Executing VM operation: Exit


Dynamic libraries:
0x00a70000 - 0x00a9f000 	C:\Program Files (x86)\Java\jre7\bin\javaw.exe
0x76fe0000 - 0x77137000 	C:\Windows\SYSTEM32\ntdll.dll
0x74690000 - 0x747c0000 	C:\Windows\SYSTEM32\KERNEL32.DLL
0x76a80000 - 0x76b27000 	C:\Windows\SYSTEM32\KERNELBASE.dll
0x747c0000 - 0x7486e000 	C:\Windows\SYSTEM32\ADVAPI32.dll
0x764f0000 - 0x76606000 	C:\Windows\SYSTEM32\USER32.dll
0x73130000 - 0x73328000 	C:\Windows\WinSxS\x86_microsoft.windows.common-controls_6595b64144ccf1df_6.0.9200.16579_none_8937eec6860750f5\COMCTL32.dll
0x76000000 - 0x760b1000 	C:\Windows\SYSTEM32\msvcrt.dll
0x74870000 - 0x748a4000 	C:\Windows\SYSTEM32\sechost.dll
0x760c0000 - 0x7616c000 	C:\Windows\SYSTEM32\RPCRT4.dll
0x748b0000 - 0x749ad000 	C:\Windows\SYSTEM32\GDI32.dll
0x745d0000 - 0x745ed000 	C:\Windows\SYSTEM32\SspiCli.dll
0x745c0000 - 0x745c9000 	C:\Windows\SYSTEM32\CRYPTBASE.dll
0x74560000 - 0x745b1000 	C:\Windows\SYSTEM32\bcryptPrimitives.dll
0x762e0000 - 0x76300000 	C:\Windows\system32\IMM32.DLL
0x76680000 - 0x7675e000 	C:\Windows\SYSTEM32\MSCTF.dll
0x68560000 - 0x6861f000 	C:\Program Files (x86)\Java\jre7\bin\msvcr100.dll
0x5e310000 - 0x5e698000 	C:\Program Files (x86)\Java\jre7\bin\client\jvm.dll
0x71c10000 - 0x71c18000 	C:\Windows\SYSTEM32\WSOCK32.dll
0x71fb0000 - 0x71fd1000 	C:\Windows\SYSTEM32\WINMM.dll
0x76300000 - 0x76306000 	C:\Windows\SYSTEM32\PSAPI.DLL
0x75f80000 - 0x75fd0000 	C:\Windows\SYSTEM32\WS2_32.dll
0x71c70000 - 0x71c9b000 	C:\Windows\SYSTEM32\WINMMBASE.dll
0x75ff0000 - 0x75ff8000 	C:\Windows\SYSTEM32\NSI.dll
0x76b30000 - 0x76b76000 	C:\Windows\SYSTEM32\cfgmgr32.dll
0x75f00000 - 0x75f1e000 	C:\Windows\SYSTEM32\DEVOBJ.dll
0x720a0000 - 0x720ac000 	C:\Program Files (x86)\Java\jre7\bin\verify.dll
0x70bb0000 - 0x70bd0000 	C:\Program Files (x86)\Java\jre7\bin\java.dll
0x70b90000 - 0x70ba3000 	C:\Program Files (x86)\Java\jre7\bin\zip.dll
0x66ce0000 - 0x66e23000 	C:\Program Files (x86)\Java\jre7\bin\awt.dll
0x76c00000 - 0x76c8b000 	C:\Windows\SYSTEM32\OLEAUT32.dll
0x76de0000 - 0x76f16000 	C:\Windows\SYSTEM32\combase.dll
0x72dd0000 - 0x72e77000 	C:\Windows\system32\apphelp.dll
0x71a40000 - 0x71a59000 	C:\Windows\system32\DWMAPI.DLL
0x726b0000 - 0x72738000 	C:\Windows\system32\uxtheme.dll
0x76760000 - 0x76879000 	C:\Windows\SYSTEM32\ole32.dll
0x74da0000 - 0x75e66000 	C:\Windows\SYSTEM32\SHELL32.dll
0x75f40000 - 0x75f80000 	C:\Windows\SYSTEM32\SHLWAPI.dll
0x73330000 - 0x733a3000 	C:\Windows\SYSTEM32\shcore.dll
0x6f1f0000 - 0x6f229000 	C:\Program Files (x86)\Java\jre7\bin\fontmanager.dll
0x6f250000 - 0x6f264000 	C:\Program Files (x86)\Java\jre7\bin\net.dll
0x72e80000 - 0x72eca000 	C:\Windows\system32\mswsock.dll
0x718a0000 - 0x718af000 	C:\Program Files (x86)\Java\jre7\bin\nio.dll
0x6f1c0000 - 0x6f1f0000 	C:\Program Files (x86)\Java\jre7\bin\t2k.dll
0x76b80000 - 0x76bf4000 	C:\Windows\SYSTEM32\clbcatq.dll
0x6a8a0000 - 0x6a9eb000 	C:\Windows\SYSTEM32\WindowsCodecs.dll
0x76dc0000 - 0x76dd1000 	C:\Windows\SYSTEM32\profapi.dll
0x6f190000 - 0x6f1b4000 	C:\Program Files (x86)\Java\jre7\bin\dcpr.dll
0x684f0000 - 0x6855d000 	C:\binaries\terrajava.dll
0x66bf0000 - 0x66cd7000 	C:\binaries\terramanager-funcate.dll
0x573f0000 - 0x57c96000 	C:\binaries\terralib.dll
0x64af0000 - 0x64b59000 	C:\Windows\SYSTEM32\MSVCP100.dll
0x6d880000 - 0x6db4c000 	C:\binaries\bgd.dll
0x6e0b0000 - 0x6e0cb000 	C:\binaries\terraogc_xml.dll
0x6b5e0000 - 0x6b5fd000 	C:\binaries\terraogc_sld.dll
0x6a870000 - 0x6a896000 	C:\binaries\terraogc_se.dll
0x684b0000 - 0x684e6000 	C:\binaries\terraogc_filter.dll
0x68450000 - 0x684a2000 	C:\binaries\terraogc_ows.dll
0x6b5c0000 - 0x6b5d9000 	C:\binaries\terraogc_common.dll
0x70690000 - 0x7069b000 	C:\binaries\terralib_shp.dll
0x6b510000 - 0x6b51e000 	C:\binaries\terralib_spl.dll
0x05b60000 - 0x05f56000 	C:\binaries\qt-mt338.dll
0x613d0000 - 0x6149e000 	C:\Windows\SYSTEM32\OPENGL32.dll
0x613a0000 - 0x613c3000 	C:\Windows\SYSTEM32\GLU32.dll
0x606e0000 - 0x6075f000 	C:\binaries\qwt500.dll
0x0fbe0000 - 0x11bdf000 	C:\binaries\berkelium.dll
0x05f60000 - 0x060a1000 	C:\binaries\LIBMYSQL.dll
0x63100000 - 0x63121000 	C:\binaries\LIBPQ.dll
0x060b0000 - 0x06111000 	C:\binaries\OCI.dll
0x60650000 - 0x606da000 	C:\binaries\libtiff.dll
0x56580000 - 0x56d52000 	C:\binaries\gdal110.dll
0x12000000 - 0x121dc000 	C:\binaries\xerces-c_3_1.dll
0x66b90000 - 0x66be5000 	C:\binaries\terraogc_wms.dll
0x605f0000 - 0x60643000 	C:\binaries\terraogc_gml.dll
0x605a0000 - 0x605e1000 	C:\binaries\terraogc_xsd.dll
0x6ab50000 - 0x6ab70000 	C:\binaries\terraogc_xacml.dll
0x71f30000 - 0x71f90000 	C:\Windows\SYSTEM32\WINSPOOL.DRV
0x7c340000 - 0x7c396000 	C:\Windows\SYSTEM32\MSVCR71.dll
0x608a0000 - 0x60979000 	C:\Windows\SYSTEM32\DDRAW.dll
0x727a0000 - 0x727a9000 	C:\Windows\SYSTEM32\Secur32.dll
0x75f20000 - 0x75f3b000 	C:\Windows\SYSTEM32\USERENV.dll
0x71520000 - 0x71570000 	C:\Windows\SYSTEM32\OLEACC.dll
0x54200000 - 0x54276000 	C:\Windows\SYSTEM32\RICHED20.dll
0x72ee0000 - 0x72ee8000 	C:\Windows\SYSTEM32\VERSION.dll
0x720b0000 - 0x720c4000 	C:\Windows\SYSTEM32\USP10.dll
0x72c50000 - 0x72cc5000 	C:\Windows\SYSTEM32\DNSAPI.dll
0x061c0000 - 0x0626a000 	C:\Windows\libeay32.dll
0x06270000 - 0x0627d000 	C:\binaries\libintl-2.dll
0x72ed0000 - 0x72ed6000 	C:\Windows\SYSTEM32\SHFOLDER.DLL
0x06280000 - 0x062a6000 	C:\Windows\ssleay32.dll
0x062b0000 - 0x062d6000 	C:\binaries\libexpat.dll
0x60770000 - 0x60811000 	C:\Windows\SYSTEM32\ODBC32.dll
0x60760000 - 0x60767000 	C:\Windows\SYSTEM32\DCIMAN32.dll
0x663b0000 - 0x663db000 	C:\Windows\SYSTEM32\msls31.dll
0x06330000 - 0x0640b000 	C:\binaries\libiconv-2.dll
0x6f600000 - 0x6f61d000 	C:\Windows\SYSTEM32\gpapi.dll
0x74530000 - 0x74556000 	C:\Windows\SYSTEM32\ntmarta.dll
0x50e40000 - 0x516e8000 	C:\binaries\icudt46.dll
0x53850000 - 0x53979000 	C:\Windows\SYSTEM32\dbghelp.dll
0x72040000 - 0x72050000 	C:\Windows\system32\napinsp.dll
0x72020000 - 0x72034000 	C:\Windows\system32\pnrpnsp.dll
0x72010000 - 0x72020000 	C:\Windows\system32\NLAapi.dll
0x72000000 - 0x72009000 	C:\Windows\System32\winrnr.dll
0x71ac0000 - 0x71ad0000 	C:\Windows\system32\wshbth.dll
0x726a0000 - 0x726a7000 	C:\Windows\System32\rasadhlp.dll
0x71c30000 - 0x71c6f000 	C:\Windows\System32\fwpuclnt.dll
0x72cd0000 - 0x72cf0000 	C:\Windows\SYSTEM32\IPHLPAPI.DLL
0x72c40000 - 0x72c48000 	C:\Windows\SYSTEM32\WINNSI.DLL
0x730d0000 - 0x730ea000 	C:\Windows\SYSTEM32\CRYPTSP.dll
0x73090000 - 0x730ce000 	C:\Windows\system32\rsaenh.dll
0x72c30000 - 0x72c40000 	C:\Windows\SYSTEM32\dhcpcsvc6.DLL
0x72c10000 - 0x72c22000 	C:\Windows\SYSTEM32\dhcpcsvc.DLL
0x60570000 - 0x60595000 	C:\Program Files (x86)\Java\jre7\bin\jpeg.dll
0x71ea0000 - 0x71f22000 	C:\Windows\SYSTEM32\WINHTTP.dll
0x76310000 - 0x76492000 	C:\Windows\SYSTEM32\CRYPT32.dll
0x75fd0000 - 0x75fe2000 	C:\Windows\SYSTEM32\MSASN1.dll
0x73070000 - 0x73089000 	C:\Windows\SYSTEM32\ncrypt.dll
0x73050000 - 0x7306a000 	C:\Windows\SYSTEM32\bcrypt.dll
0x73020000 - 0x73047000 	C:\Windows\SYSTEM32\NTASN1.dll
0x6f5e0000 - 0x6f5fd000 	C:\Windows\SYSTEM32\cryptnet.dll
0x76620000 - 0x76676000 	C:\Windows\SYSTEM32\WLDAP32.dll
0x749b0000 - 0x74b5f000 	C:\Windows\SYSTEM32\SETUPAPI.dll
0x72f00000 - 0x73019000 	C:\Windows\system32\propsys.dll

VM Arguments:
jvm_args: -Dfile.encoding=ISO-8859-1 
java_command: com.nexusbr.gv.main.ConnectDBMain
Launcher Type: SUN_STANDARD

Environment Variables:
JAVA_HOME=C:\Program Files (x86)\Java\jre7
PATH=C:/Program Files (x86)/Java/jre7/bin/client;C:/Program Files (x86)/Java/jre7/bin;C:/Program Files (x86)/Java/jre7/lib/i386;C:\Program Files (x86)\PHP\;c:\Program Files (x86)\Intel\iCLS Client\;c:\Program Files\Intel\iCLS Client\;C:\Windows\system32;C:\Windows;C:\Windows\System32\Wbem;C:\Windows\System32\WindowsPowerShell\v1.0\;C:\Program Files\Intel\Intel(R) Management Engine Components\DAL;C:\Program Files\Intel\Intel(R) Management Engine Components\IPT;C:\Program Files (x86)\Intel\Intel(R) Management Engine Components\DAL;C:\Program Files (x86)\Intel\Intel(R) Management Engine Components\IPT;C:\Program Files (x86)\Intel\OpenCL SDK\3.0\bin\x86;C:\Program Files (x86)\Intel\OpenCL SDK\3.0\bin\x64;C:\Program Files (x86)\Windows Live\Shared;C:\binaries;c:\Program Files (x86)\Microsoft SQL Server\100\Tools\Binn\;c:\Program Files\Microsoft SQL Server\100\Tools\Binn\;c:\Program Files\Microsoft SQL Server\100\DTS\Binn\;C:\strawberry\c\bin;C:\strawberry\perl\site\bin;C:\strawberry\perl\bin;C:\Program Files (x86)\Microsoft SQL Server\110\Tools\Binn\ManagementStudio\;C:\Program Files (x86)\Microsoft SQL Server\110\Tools\Binn\;C:\Program Files\Microsoft SQL Server\110\Tools\Binn\;C:\Program Files (x86)\Microsoft SQL Server\110\DTS\Binn\;C:\Program Files\TortoiseSVN\bin;C:\Python34;C:\Program Files (x86)\Java\jre7\bin;C:\eclipse;
USERNAME=inacio
OS=Windows_NT
PROCESSOR_IDENTIFIER=Intel64 Family 6 Model 69 Stepping 1, GenuineIntel



---------------  S Y S T E M  ---------------

OS: Windows 8 , 64 bit Build 9200 

CPU:total 4 (2 cores per cpu, 2 threads per core) family 6 model 69 stepping 1, cmov, cx8, fxsr, mmx, sse, sse2, sse3, ssse3, sse4.1, sse4.2, popcnt, avx, avx2, aes, erms, ht, tsc, tscinvbit

Memory: 4k page, physical 8290700k(2104788k free), swap 9535884k(2415072k free)

vm_info: Java HotSpot(TM) Client VM (24.60-b09) for windows-x86 JRE (1.7.0_60-b19), built on May  7 2014 13:09:52 by "java_re" with unknown MS VC++:1600

time: Thu Jul 03 14:32:05 2014
elapsed time: 480 seconds

