#
# A fatal error has been detected by the Java Runtime Environment:
#
#  EXCEPTION_ACCESS_VIOLATION (0xc0000005) at pc=0x103e9052, pid=11220, tid=7800
#
# JRE version: Java(TM) SE Runtime Environment (7.0_60-b19) (build 1.7.0_60-b19)
# Java VM: Java HotSpot(TM) Client VM (24.60-b09 mixed mode, sharing windows-x86 )
# Problematic frame:
# C  [berkelium.dll+0xa39052]
#
# Failed to write core dump. Minidumps are not enabled by default on client versions of Windows
#
# If you would like to submit a bug report, please visit:
#   http://bugreport.sun.com/bugreport/crash.jsp
#

---------------  T H R E A D  ---------------

Current thread (0x026cfc00):  VMThread [stack: 0x04990000,0x049e0000] [id=7800]

siginfo: ExceptionCode=0xc0000005, reading address 0x000000f8

Registers:
EAX=0x049def34, EBX=0x000493e0, ECX=0x049def34, EDX=0x6af6e3b0
ESP=0x049def24, EBP=0x00000087, ESI=0x00000000, EDI=0x7cd886b0
EIP=0x103e9052, EFLAGS=0x00010206

Top of Stack: (sp=0x049def24)
0x049def24:   07373168 07373168 072cab00 00000000
0x049def34:   6af6e3b0 00000087 07363a20 0736c900
0x049def44:   00000000 00000000 00000000 74616401
0x049def54:   69642d61 07570072 00000023 0000002f
0x049def64:   00000000 072f7070 002e5bf3 07373000
0x049def74:   072cab44 ffffff00 0fa1bf20 11539778
0x049def84:   06da0030 00000000 0000000f 1153a730
0x049def94:   00000001 0fa19783 00000008 00000001 

Instructions: (pc=0x103e9052)
0x103e9032:   03 00 00 57 53 e8 f4 c8 60 ff 8b ea 8d 54 24 10
0x103e9042:   52 8b f8 e8 26 ca 00 00 83 c4 04 03 38 13 68 04
0x103e9052:   8b 86 f8 00 00 00 0b 86 fc 00 00 00 89 7c 24 20
0x103e9062:   89 6c 24 24 75 3e 39 84 24 d4 00 00 00 7f 35 7c 


Register to memory mapping:

EAX=
[error occurred during error reporting (printing register info), id 0xc0000005]

Stack: [0x04990000,0x049e0000],  sp=0x049def24,  free space=315k
Native frames: (J=compiled Java code, j=interpreted, Vv=VM code, C=native code)
C  [berkelium.dll+0xa39052]

VM_Operation (0x05f2e620): Exit, mode: safepoint, requested by thread 0x05ab2000


---------------  P R O C E S S  ---------------

Java Threads: ( => current thread )
  0x08e60c00 JavaThread "Keep-Alive-Timer" daemon [_thread_blocked, id=4308, stack(0x09f40000,0x09f90000)]
  0x05dd9800 JavaThread "WeakCollectionCleaner" daemon [_thread_blocked, id=7732, stack(0x09dd0000,0x09e20000)]
  0x05d14800 JavaThread "TimerQueue" daemon [_thread_blocked, id=7688, stack(0x07d30000,0x07d80000)]
  0x027de000 JavaThread "DestroyJavaVM" [_thread_blocked, id=10060, stack(0x00e80000,0x00ed0000)]
  0x05ab2000 JavaThread "AWT-EventQueue-0" [_thread_blocked, id=4560, stack(0x05ee0000,0x05f30000)]
  0x04fb2c00 JavaThread "AWT-Shutdown" [_thread_blocked, id=10820, stack(0x055b0000,0x05600000)]
  0x04fb1c00 JavaThread "Java2D Disposer" daemon [_thread_blocked, id=11044, stack(0x05520000,0x05570000)]
  0x0274ac00 JavaThread "Service Thread" daemon [_thread_blocked, id=10224, stack(0x04cf0000,0x04d40000)]
  0x02744400 JavaThread "C1 CompilerThread0" daemon [_thread_blocked, id=56, stack(0x04c60000,0x04cb0000)]
  0x02742800 JavaThread "Attach Listener" daemon [_thread_blocked, id=10140, stack(0x04bd0000,0x04c20000)]
  0x02741800 JavaThread "Signal Dispatcher" daemon [_thread_blocked, id=1904, stack(0x04b40000,0x04b90000)]
  0x026d2800 JavaThread "Finalizer" daemon [_thread_blocked, id=10448, stack(0x04ab0000,0x04b00000)]
  0x026d1000 JavaThread "Reference Handler" daemon [_thread_blocked, id=7528, stack(0x04a20000,0x04a70000)]

Other Threads:
=>0x026cfc00 VMThread [stack: 0x04990000,0x049e0000] [id=7800]

VM state:at safepoint (shutting down)

VM Mutex/Monitor currently owned by a thread:  ([mutex/lock_event])
[0x027dc468] Threads_lock - owner thread: 0x026cfc00

Heap
 def new generation   total 23296K, used 8423K [0x24000000, 0x25940000, 0x29550000)
  eden space 20736K,  29% used [0x24000000, 0x245e6128, 0x25440000)
  from space 2560K,  93% used [0x256c0000, 0x25913d88, 0x25940000)
  to   space 2560K,   0% used [0x25440000, 0x25440000, 0x256c0000)
 tenured generation   total 51532K, used 50291K [0x29550000, 0x2c7a3000, 0x34000000)
   the space 51532K,  97% used [0x29550000, 0x2c66ced8, 0x2c66d000, 0x2c7a3000)
 compacting perm gen  total 12288K, used 8800K [0x34000000, 0x34c00000, 0x38000000)
   the space 12288K,  71% used [0x34000000, 0x34898368, 0x34898400, 0x34c00000)
    ro space 10240K,  42% used [0x38000000, 0x38434778, 0x38434800, 0x38a00000)
    rw space 12288K,  52% used [0x38a00000, 0x39049a68, 0x39049c00, 0x39600000)

Card table byte_map: [0x04870000,0x04920000] byte_map_base: 0x04750000

Polling page: 0x00c00000

Code Cache  [0x02870000, 0x02aa8000, 0x04870000)
 total_blobs=1345 nmethods=1056 adapters=225 free_code_cache=30525Kb largest_free_block=31257216

Compilation events (10 events):
Event: 25.814 Thread 0x02744400 1061             sun.awt.SunToolkit::postEvent (107 bytes)
Event: 25.816 Thread 0x02744400 nmethod 1061 0x02a9fac8 code [0x02a9fc40, 0x02a9ffd8]
Event: 25.816 Thread 0x02744400 1062             sun.awt.AWTAccessor::getSequencedEventAccessor (4 bytes)
Event: 25.816 Thread 0x02744400 nmethod 1062 0x02aa0448 code [0x02aa0540, 0x02aa05c0]
Event: 25.816 Thread 0x02744400 1063             sun.awt.SunToolkit::wakeupEventQueue (11 bytes)
Event: 25.816 Thread 0x02744400 nmethod 1063 0x02aa0608 code [0x02aa0720, 0x02aa0818]
Event: 25.816 Thread 0x02744400 1064             sun.awt.AWTAccessor::getEventQueueAccessor (19 bytes)
Event: 25.817 Thread 0x02744400 nmethod 1064 0x02aa0948 code [0x02aa0a50, 0x02aa0afc]
Event: 25.817 Thread 0x02744400 1065             java.awt.EventQueue$2::wakeup (6 bytes)
Event: 25.817 Thread 0x02744400 nmethod 1065 0x02aa0b48 code [0x02aa0c50, 0x02aa0cec]

GC Heap History (10 events):
Event: 18.176 GC heap before
{Heap before GC invocations=19 (full 5):
 def new generation   total 23296K, used 21390K [0x24000000, 0x25940000, 0x29550000)
  eden space 20736K,  99% used [0x24000000, 0x25423830, 0x25440000)
  from space 2560K,  30% used [0x25440000, 0x25500030, 0x256c0000)
  to   space 2560K,   0% used [0x256c0000, 0x256c0000, 0x25940000)
 tenured generation   total 51532K, used 30918K [0x29550000, 0x2c7a3000, 0x34000000)
   the space 51532K,  59% used [0x29550000, 0x2b381b58, 0x2b381c00, 0x2c7a3000)
 compacting perm gen  total 12288K, used 8789K [0x34000000, 0x34c00000, 0x38000000)
   the space 12288K,  71% used [0x34000000, 0x34895730, 0x34895800, 0x34c00000)
    ro space 10240K,  42% used [0x38000000, 0x38434778, 0x38434800, 0x38a00000)
    rw space 12288K,  52% used [0x38a00000, 0x39049a68, 0x39049c00, 0x39600000)
Event: 18.182 GC heap after
Heap after GC invocations=20 (full 5):
 def new generation   total 23296K, used 2560K [0x24000000, 0x25940000, 0x29550000)
  eden space 20736K,   0% used [0x24000000, 0x24000000, 0x25440000)
  from space 2560K, 100% used [0x256c0000, 0x25940000, 0x25940000)
  to   space 2560K,   0% used [0x25440000, 0x25440000, 0x256c0000)
 tenured generation   total 51532K, used 42096K [0x29550000, 0x2c7a3000, 0x34000000)
   the space 51532K,  81% used [0x29550000, 0x2be6c340, 0x2be6c400, 0x2c7a3000)
 compacting perm gen  total 12288K, used 8789K [0x34000000, 0x34c00000, 0x38000000)
   the space 12288K,  71% used [0x34000000, 0x34895730, 0x34895800, 0x34c00000)
    ro space 10240K,  42% used [0x38000000, 0x38434778, 0x38434800, 0x38a00000)
    rw space 12288K,  52% used [0x38a00000, 0x39049a68, 0x39049c00, 0x39600000)
}
Event: 18.908 GC heap before
{Heap before GC invocations=20 (full 5):
 def new generation   total 23296K, used 23234K [0x24000000, 0x25940000, 0x29550000)
  eden space 20736K,  99% used [0x24000000, 0x25430948, 0x25440000)
  from space 2560K, 100% used [0x256c0000, 0x25940000, 0x25940000)
  to   space 2560K,   0% used [0x25440000, 0x25440000, 0x256c0000)
 tenured generation   total 51532K, used 42096K [0x29550000, 0x2c7a3000, 0x34000000)
   the space 51532K,  81% used [0x29550000, 0x2be6c340, 0x2be6c400, 0x2c7a3000)
 compacting perm gen  total 12288K, used 8796K [0x34000000, 0x34c00000, 0x38000000)
   the space 12288K,  71% used [0x34000000, 0x34897338, 0x34897400, 0x34c00000)
    ro space 10240K,  42% used [0x38000000, 0x38434778, 0x38434800, 0x38a00000)
    rw space 12288K,  52% used [0x38a00000, 0x39049a68, 0x39049c00, 0x39600000)
Event: 18.911 GC heap after
Heap after GC invocations=21 (full 5):
 def new generation   total 23296K, used 2410K [0x24000000, 0x25940000, 0x29550000)
  eden space 20736K,   0% used [0x24000000, 0x24000000, 0x25440000)
  from space 2560K,  94% used [0x25440000, 0x2569a900, 0x256c0000)
  to   space 2560K,   0% used [0x256c0000, 0x256c0000, 0x25940000)
 tenured generation   total 51532K, used 45580K [0x29550000, 0x2c7a3000, 0x34000000)
   the space 51532K,  88% used [0x29550000, 0x2c1d3078, 0x2c1d3200, 0x2c7a3000)
 compacting perm gen  total 12288K, used 8796K [0x34000000, 0x34c00000, 0x38000000)
   the space 12288K,  71% used [0x34000000, 0x34897338, 0x34897400, 0x34c00000)
    ro space 10240K,  42% used [0x38000000, 0x38434778, 0x38434800, 0x38a00000)
    rw space 12288K,  52% used [0x38a00000, 0x39049a68, 0x39049c00, 0x39600000)
}
Event: 19.013 GC heap before
{Heap before GC invocations=21 (full 5):
 def new generation   total 23296K, used 22928K [0x24000000, 0x25940000, 0x29550000)
  eden space 20736K,  98% used [0x24000000, 0x25409930, 0x25440000)
  from space 2560K,  94% used [0x25440000, 0x2569a900, 0x256c0000)
  to   space 2560K,   0% used [0x256c0000, 0x256c0000, 0x25940000)
 tenured generation   total 51532K, used 45580K [0x29550000, 0x2c7a3000, 0x34000000)
   the space 51532K,  88% used [0x29550000, 0x2c1d3078, 0x2c1d3200, 0x2c7a3000)
 compacting perm gen  total 12288K, used 8796K [0x34000000, 0x34c00000, 0x38000000)
   the space 12288K,  71% used [0x34000000, 0x34897348, 0x34897400, 0x34c00000)
    ro space 10240K,  42% used [0x38000000, 0x38434778, 0x38434800, 0x38a00000)
    rw space 12288K,  52% used [0x38a00000, 0x39049a68, 0x39049c00, 0x39600000)
Event: 19.014 GC heap after
Heap after GC invocations=22 (full 5):
 def new generation   total 23296K, used 318K [0x24000000, 0x25940000, 0x29550000)
  eden space 20736K,   0% used [0x24000000, 0x24000000, 0x25440000)
  from space 2560K,  12% used [0x256c0000, 0x2570fb20, 0x25940000)
  to   space 2560K,   0% used [0x25440000, 0x25440000, 0x256c0000)
 tenured generation   total 51532K, used 45661K [0x29550000, 0x2c7a3000, 0x34000000)
   the space 51532K,  88% used [0x29550000, 0x2c1e7748, 0x2c1e7800, 0x2c7a3000)
 compacting perm gen  total 12288K, used 8796K [0x34000000, 0x34c00000, 0x38000000)
   the space 12288K,  71% used [0x34000000, 0x34897348, 0x34897400, 0x34c00000)
    ro space 10240K,  42% used [0x38000000, 0x38434778, 0x38434800, 0x38a00000)
    rw space 12288K,  52% used [0x38a00000, 0x39049a68, 0x39049c00, 0x39600000)
}
Event: 19.134 GC heap before
{Heap before GC invocations=22 (full 5):
 def new generation   total 23296K, used 20921K [0x24000000, 0x25940000, 0x29550000)
  eden space 20736K,  99% used [0x24000000, 0x2541ec50, 0x25440000)
  from space 2560K,  12% used [0x256c0000, 0x2570fb20, 0x25940000)
  to   space 2560K,   0% used [0x25440000, 0x25440000, 0x256c0000)
 tenured generation   total 51532K, used 45661K [0x29550000, 0x2c7a3000, 0x34000000)
   the space 51532K,  88% used [0x29550000, 0x2c1e7748, 0x2c1e7800, 0x2c7a3000)
 compacting perm gen  total 12288K, used 8797K [0x34000000, 0x34c00000, 0x38000000)
   the space 12288K,  71% used [0x34000000, 0x34897448, 0x34897600, 0x34c00000)
    ro space 10240K,  42% used [0x38000000, 0x38434778, 0x38434800, 0x38a00000)
    rw space 12288K,  52% used [0x38a00000, 0x39049a68, 0x39049c00, 0x39600000)
Event: 19.136 GC heap after
Heap after GC invocations=23 (full 5):
 def new generation   total 23296K, used 1394K [0x24000000, 0x25940000, 0x29550000)
  eden space 20736K,   0% used [0x24000000, 0x24000000, 0x25440000)
  from space 2560K,  54% used [0x25440000, 0x2559cba0, 0x256c0000)
  to   space 2560K,   0% used [0x256c0000, 0x256c0000, 0x25940000)
 tenured generation   total 51532K, used 45661K [0x29550000, 0x2c7a3000, 0x34000000)
   the space 51532K,  88% used [0x29550000, 0x2c1e7748, 0x2c1e7800, 0x2c7a3000)
 compacting perm gen  total 12288K, used 8797K [0x34000000, 0x34c00000, 0x38000000)
   the space 12288K,  71% used [0x34000000, 0x34897448, 0x34897600, 0x34c00000)
    ro space 10240K,  42% used [0x38000000, 0x38434778, 0x38434800, 0x38a00000)
    rw space 12288K,  52% used [0x38a00000, 0x39049a68, 0x39049c00, 0x39600000)
}
Event: 19.330 GC heap before
{Heap before GC invocations=23 (full 5):
 def new generation   total 23296K, used 21978K [0x24000000, 0x25940000, 0x29550000)
  eden space 20736K,  99% used [0x24000000, 0x25419e28, 0x25440000)
  from space 2560K,  54% used [0x25440000, 0x2559cba0, 0x256c0000)
  to   space 2560K,   0% used [0x256c0000, 0x256c0000, 0x25940000)
 tenured generation   total 51532K, used 45661K [0x29550000, 0x2c7a3000, 0x34000000)
   the space 51532K,  88% used [0x29550000, 0x2c1e7748, 0x2c1e7800, 0x2c7a3000)
 compacting perm gen  total 12288K, used 8797K [0x34000000, 0x34c00000, 0x38000000)
   the space 12288K,  71% used [0x34000000, 0x348974b8, 0x34897600, 0x34c00000)
    ro space 10240K,  42% used [0x38000000, 0x38434778, 0x38434800, 0x38a00000)
    rw space 12288K,  52% used [0x38a00000, 0x39049a68, 0x39049c00, 0x39600000)
Event: 19.333 GC heap after
Heap after GC invocations=24 (full 5):
 def new generation   total 23296K, used 2383K [0x24000000, 0x25940000, 0x29550000)
  eden space 20736K,   0% used [0x24000000, 0x24000000, 0x25440000)
  from space 2560K,  93% used [0x256c0000, 0x25913d88, 0x25940000)
  to   space 2560K,   0% used [0x25440000, 0x25440000, 0x256c0000)
 tenured generation   total 51532K, used 50291K [0x29550000, 0x2c7a3000, 0x34000000)
   the space 51532K,  97% used [0x29550000, 0x2c66ced8, 0x2c66d000, 0x2c7a3000)
 compacting perm gen  total 12288K, used 8797K [0x34000000, 0x34c00000, 0x38000000)
   the space 12288K,  71% used [0x34000000, 0x348974b8, 0x34897600, 0x34c00000)
    ro space 10240K,  42% used [0x38000000, 0x38434778, 0x38434800, 0x38a00000)
    rw space 12288K,  52% used [0x38a00000, 0x39049a68, 0x39049c00, 0x39600000)
}

Deoptimization events (0 events):
No events

Internal exceptions (10 events):
Event: 17.743 Thread 0x05dda400 Threw 0x24042be8 at C:\re\jdk7u60\1081\hotspot\src\share\vm\prims\jni.cpp:743
Event: 17.743 Thread 0x05dda400 Threw 0x24042e58 at C:\re\jdk7u60\1081\hotspot\src\share\vm\prims\jni.cpp:743
Event: 17.743 Thread 0x05dda400 Threw 0x240430c8 at C:\re\jdk7u60\1081\hotspot\src\share\vm\prims\jni.cpp:743
Event: 18.368 Thread 0x05dd9000 Threw 0x242ac7e0 at C:\re\jdk7u60\1081\hotspot\src\share\vm\prims\jvm.cpp:2917
Event: 18.825 Thread 0x05ab2000 Threw 0x2442ad80 at C:\re\jdk7u60\1081\hotspot\src\share\vm\prims\jvm.cpp:1244
Event: 18.826 Thread 0x05ab2000 Threw 0x24441790 at C:\re\jdk7u60\1081\hotspot\src\share\vm\prims\jvm.cpp:1244
Event: 18.826 Thread 0x05ab2000 Threw 0x24446a58 at C:\re\jdk7u60\1081\hotspot\src\share\vm\prims\jvm.cpp:1244
Event: 18.826 Thread 0x05ab2000 Threw 0x2444c288 at C:\re\jdk7u60\1081\hotspot\src\share\vm\prims\jvm.cpp:1244
Event: 18.901 Thread 0x08fdb800 Threw 0x2515f6f0 at C:\re\jdk7u60\1081\hotspot\src\share\vm\prims\jvm.cpp:2917
Event: 19.514 Thread 0x08fdc000 Threw 0x2459baf0 at C:\re\jdk7u60\1081\hotspot\src\share\vm\prims\jvm.cpp:2917

Events (10 events):
Event: 26.735 loading class 0x39670c20
Event: 26.735 loading class 0x39670bc8
Event: 26.735 loading class 0x39670bc8 done
Event: 26.735 loading class 0x39670c20 done
Event: 26.735 Thread 0x08e62400 Thread exited: 0x08e62400
Event: 26.735 Thread 0x08e60000 Thread exited: 0x08e60000
Event: 26.735 Thread 0x08e61000 Thread exited: 0x08e61000
Event: 26.751 Thread 0x04fb3400 Thread exited: 0x04fb3400
Event: 26.835 Thread 0x08e5f800 Thread exited: 0x08e5f800
Event: 26.835 Executing VM operation: Exit


Dynamic libraries:
0x00a70000 - 0x00a9f000 	C:\Program Files (x86)\Java\jre7\bin\javaw.exe
0x76fe0000 - 0x77137000 	C:\Windows\SYSTEM32\ntdll.dll
0x74690000 - 0x747c0000 	C:\Windows\SYSTEM32\KERNEL32.DLL
0x76a80000 - 0x76b27000 	C:\Windows\SYSTEM32\KERNELBASE.dll
0x747c0000 - 0x7486e000 	C:\Windows\SYSTEM32\ADVAPI32.dll
0x764f0000 - 0x76606000 	C:\Windows\SYSTEM32\USER32.dll
0x73130000 - 0x73328000 	C:\Windows\WinSxS\x86_microsoft.windows.common-controls_6595b64144ccf1df_6.0.9200.16579_none_8937eec6860750f5\COMCTL32.dll
0x76000000 - 0x760b1000 	C:\Windows\SYSTEM32\msvcrt.dll
0x74870000 - 0x748a4000 	C:\Windows\SYSTEM32\sechost.dll
0x760c0000 - 0x7616c000 	C:\Windows\SYSTEM32\RPCRT4.dll
0x748b0000 - 0x749ad000 	C:\Windows\SYSTEM32\GDI32.dll
0x745d0000 - 0x745ed000 	C:\Windows\SYSTEM32\SspiCli.dll
0x745c0000 - 0x745c9000 	C:\Windows\SYSTEM32\CRYPTBASE.dll
0x74560000 - 0x745b1000 	C:\Windows\SYSTEM32\bcryptPrimitives.dll
0x762e0000 - 0x76300000 	C:\Windows\system32\IMM32.DLL
0x76680000 - 0x7675e000 	C:\Windows\SYSTEM32\MSCTF.dll
0x5e970000 - 0x5ea2f000 	C:\Program Files (x86)\Java\jre7\bin\msvcr100.dll
0x5e310000 - 0x5e698000 	C:\Program Files (x86)\Java\jre7\bin\client\jvm.dll
0x71c10000 - 0x71c18000 	C:\Windows\SYSTEM32\WSOCK32.dll
0x71fb0000 - 0x71fd1000 	C:\Windows\SYSTEM32\WINMM.dll
0x76300000 - 0x76306000 	C:\Windows\SYSTEM32\PSAPI.DLL
0x75f80000 - 0x75fd0000 	C:\Windows\SYSTEM32\WS2_32.dll
0x71c70000 - 0x71c9b000 	C:\Windows\SYSTEM32\WINMMBASE.dll
0x75ff0000 - 0x75ff8000 	C:\Windows\SYSTEM32\NSI.dll
0x76b30000 - 0x76b76000 	C:\Windows\SYSTEM32\cfgmgr32.dll
0x75f00000 - 0x75f1e000 	C:\Windows\SYSTEM32\DEVOBJ.dll
0x720a0000 - 0x720ac000 	C:\Program Files (x86)\Java\jre7\bin\verify.dll
0x70bb0000 - 0x70bd0000 	C:\Program Files (x86)\Java\jre7\bin\java.dll
0x70b90000 - 0x70ba3000 	C:\Program Files (x86)\Java\jre7\bin\zip.dll
0x6f490000 - 0x6f5d3000 	C:\Program Files (x86)\Java\jre7\bin\awt.dll
0x76c00000 - 0x76c8b000 	C:\Windows\SYSTEM32\OLEAUT32.dll
0x76de0000 - 0x76f16000 	C:\Windows\SYSTEM32\combase.dll
0x72dd0000 - 0x72e77000 	C:\Windows\system32\apphelp.dll
0x71a40000 - 0x71a59000 	C:\Windows\system32\DWMAPI.DLL
0x726b0000 - 0x72738000 	C:\Windows\system32\uxtheme.dll
0x76760000 - 0x76879000 	C:\Windows\SYSTEM32\ole32.dll
0x74da0000 - 0x75e66000 	C:\Windows\SYSTEM32\SHELL32.dll
0x75f40000 - 0x75f80000 	C:\Windows\SYSTEM32\SHLWAPI.dll
0x73330000 - 0x733a3000 	C:\Windows\SYSTEM32\shcore.dll
0x718b0000 - 0x718e9000 	C:\Program Files (x86)\Java\jre7\bin\fontmanager.dll
0x6f250000 - 0x6f264000 	C:\Program Files (x86)\Java\jre7\bin\net.dll
0x72e80000 - 0x72eca000 	C:\Windows\system32\mswsock.dll
0x718a0000 - 0x718af000 	C:\Program Files (x86)\Java\jre7\bin\nio.dll
0x706d0000 - 0x70700000 	C:\Program Files (x86)\Java\jre7\bin\t2k.dll
0x76b80000 - 0x76bf4000 	C:\Windows\SYSTEM32\clbcatq.dll
0x6a8a0000 - 0x6a9eb000 	C:\Windows\SYSTEM32\WindowsCodecs.dll
0x76dc0000 - 0x76dd1000 	C:\Windows\SYSTEM32\profapi.dll
0x68440000 - 0x68464000 	C:\Program Files (x86)\Java\jre7\bin\dcpr.dll
0x5e900000 - 0x5e96d000 	C:\binaries\terrajava.dll
0x5e220000 - 0x5e307000 	C:\binaries\terramanager-funcate.dll
0x59300000 - 0x59ba6000 	C:\binaries\terralib.dll
0x64af0000 - 0x64b59000 	C:\Windows\SYSTEM32\MSVCP100.dll
0x6d880000 - 0x6db4c000 	C:\binaries\bgd.dll
0x66b80000 - 0x66b9b000 	C:\binaries\terraogc_xml.dll
0x60460000 - 0x6047d000 	C:\binaries\terraogc_sld.dll
0x5f9a0000 - 0x5f9c6000 	C:\binaries\terraogc_se.dll
0x5e8c0000 - 0x5e8f6000 	C:\binaries\terraogc_filter.dll
0x5e1c0000 - 0x5e212000 	C:\binaries\terraogc_ows.dll
0x5f980000 - 0x5f999000 	C:\binaries\terraogc_common.dll
0x684c0000 - 0x684cb000 	C:\binaries\terralib_shp.dll
0x60450000 - 0x6045e000 	C:\binaries\terralib_spl.dll
0x06480000 - 0x06876000 	C:\binaries\qt-mt338.dll
0x613d0000 - 0x6149e000 	C:\Windows\SYSTEM32\OPENGL32.dll
0x613a0000 - 0x613c3000 	C:\Windows\SYSTEM32\GLU32.dll
0x5e140000 - 0x5e1bf000 	C:\binaries\qwt500.dll
0x0f9b0000 - 0x119af000 	C:\binaries\berkelium.dll
0x06880000 - 0x069c1000 	C:\binaries\LIBMYSQL.dll
0x63100000 - 0x63121000 	C:\binaries\LIBPQ.dll
0x069d0000 - 0x06a31000 	C:\binaries\OCI.dll
0x5da30000 - 0x5daba000 	C:\binaries\libtiff.dll
0x56580000 - 0x56d52000 	C:\binaries\gdal110.dll
0x12000000 - 0x121dc000 	C:\binaries\xerces-c_3_1.dll
0x592a0000 - 0x592f5000 	C:\binaries\terraogc_wms.dll
0x59240000 - 0x59293000 	C:\binaries\terraogc_gml.dll
0x5e0f0000 - 0x5e131000 	C:\binaries\terraogc_xsd.dll
0x5a810000 - 0x5a830000 	C:\binaries\terraogc_xacml.dll
0x71f30000 - 0x71f90000 	C:\Windows\SYSTEM32\WINSPOOL.DRV
0x7c340000 - 0x7c396000 	C:\Windows\SYSTEM32\MSVCR71.dll
0x608a0000 - 0x60979000 	C:\Windows\SYSTEM32\DDRAW.dll
0x727a0000 - 0x727a9000 	C:\Windows\SYSTEM32\Secur32.dll
0x75f20000 - 0x75f3b000 	C:\Windows\SYSTEM32\USERENV.dll
0x71520000 - 0x71570000 	C:\Windows\SYSTEM32\OLEACC.dll
0x54200000 - 0x54276000 	C:\Windows\SYSTEM32\RICHED20.dll
0x72ee0000 - 0x72ee8000 	C:\Windows\SYSTEM32\VERSION.dll
0x720b0000 - 0x720c4000 	C:\Windows\SYSTEM32\USP10.dll
0x72c50000 - 0x72cc5000 	C:\Windows\SYSTEM32\DNSAPI.dll
0x06ae0000 - 0x06b8a000 	C:\Windows\libeay32.dll
0x06b90000 - 0x06b9d000 	C:\binaries\libintl-2.dll
0x72ed0000 - 0x72ed6000 	C:\Windows\SYSTEM32\SHFOLDER.DLL
0x06ba0000 - 0x06bc6000 	C:\Windows\ssleay32.dll
0x06bd0000 - 0x06bf6000 	C:\binaries\libexpat.dll
0x60770000 - 0x60811000 	C:\Windows\SYSTEM32\ODBC32.dll
0x60760000 - 0x60767000 	C:\Windows\SYSTEM32\DCIMAN32.dll
0x663b0000 - 0x663db000 	C:\Windows\SYSTEM32\msls31.dll
0x06c50000 - 0x06d2b000 	C:\binaries\libiconv-2.dll
0x6f600000 - 0x6f61d000 	C:\Windows\SYSTEM32\gpapi.dll
0x74530000 - 0x74556000 	C:\Windows\SYSTEM32\ntmarta.dll
0x54e60000 - 0x55708000 	C:\binaries\icudt46.dll
0x53850000 - 0x53979000 	C:\Windows\SYSTEM32\dbghelp.dll
0x72040000 - 0x72050000 	C:\Windows\system32\napinsp.dll
0x72020000 - 0x72034000 	C:\Windows\system32\pnrpnsp.dll
0x72010000 - 0x72020000 	C:\Windows\system32\NLAapi.dll
0x72000000 - 0x72009000 	C:\Windows\System32\winrnr.dll
0x71ac0000 - 0x71ad0000 	C:\Windows\system32\wshbth.dll
0x726a0000 - 0x726a7000 	C:\Windows\System32\rasadhlp.dll
0x71c30000 - 0x71c6f000 	C:\Windows\System32\fwpuclnt.dll
0x72cd0000 - 0x72cf0000 	C:\Windows\SYSTEM32\IPHLPAPI.DLL
0x72c40000 - 0x72c48000 	C:\Windows\SYSTEM32\WINNSI.DLL
0x730d0000 - 0x730ea000 	C:\Windows\SYSTEM32\CRYPTSP.dll
0x73090000 - 0x730ce000 	C:\Windows\system32\rsaenh.dll
0x72c30000 - 0x72c40000 	C:\Windows\SYSTEM32\dhcpcsvc6.DLL
0x72c10000 - 0x72c22000 	C:\Windows\SYSTEM32\dhcpcsvc.DLL
0x59210000 - 0x59235000 	C:\Program Files (x86)\Java\jre7\bin\jpeg.dll

VM Arguments:
jvm_args: -Dfile.encoding=ISO-8859-1 
java_command: com.nexusbr.gv.main.ConnectDBMain
Launcher Type: SUN_STANDARD

Environment Variables:
JAVA_HOME=C:\Program Files (x86)\Java\jre7
PATH=C:/Program Files (x86)/Java/jre7/bin/client;C:/Program Files (x86)/Java/jre7/bin;C:/Program Files (x86)/Java/jre7/lib/i386;C:\Program Files (x86)\PHP\;c:\Program Files (x86)\Intel\iCLS Client\;c:\Program Files\Intel\iCLS Client\;C:\Windows\system32;C:\Windows;C:\Windows\System32\Wbem;C:\Windows\System32\WindowsPowerShell\v1.0\;C:\Program Files\Intel\Intel(R) Management Engine Components\DAL;C:\Program Files\Intel\Intel(R) Management Engine Components\IPT;C:\Program Files (x86)\Intel\Intel(R) Management Engine Components\DAL;C:\Program Files (x86)\Intel\Intel(R) Management Engine Components\IPT;C:\Program Files (x86)\Intel\OpenCL SDK\3.0\bin\x86;C:\Program Files (x86)\Intel\OpenCL SDK\3.0\bin\x64;C:\Program Files (x86)\Windows Live\Shared;C:\binaries;c:\Program Files (x86)\Microsoft SQL Server\100\Tools\Binn\;c:\Program Files\Microsoft SQL Server\100\Tools\Binn\;c:\Program Files\Microsoft SQL Server\100\DTS\Binn\;C:\strawberry\c\bin;C:\strawberry\perl\site\bin;C:\strawberry\perl\bin;C:\Program Files (x86)\Microsoft SQL Server\110\Tools\Binn\ManagementStudio\;C:\Program Files (x86)\Microsoft SQL Server\110\Tools\Binn\;C:\Program Files\Microsoft SQL Server\110\Tools\Binn\;C:\Program Files (x86)\Microsoft SQL Server\110\DTS\Binn\;C:\Program Files\TortoiseSVN\bin;C:\Python34;C:\Program Files (x86)\Java\jre7\bin;C:\eclipse;
USERNAME=inacio
OS=Windows_NT
PROCESSOR_IDENTIFIER=Intel64 Family 6 Model 69 Stepping 1, GenuineIntel



---------------  S Y S T E M  ---------------

OS: Windows 8 , 64 bit Build 9200 

CPU:total 4 (2 cores per cpu, 2 threads per core) family 6 model 69 stepping 1, cmov, cx8, fxsr, mmx, sse, sse2, sse3, ssse3, sse4.1, sse4.2, popcnt, avx, avx2, aes, erms, ht, tsc, tscinvbit

Memory: 4k page, physical 8290700k(2404848k free), swap 9535884k(3553832k free)

vm_info: Java HotSpot(TM) Client VM (24.60-b09) for windows-x86 JRE (1.7.0_60-b19), built on May  7 2014 13:09:52 by "java_re" with unknown MS VC++:1600

time: Fri Jul 04 09:26:03 2014
elapsed time: 26 seconds

