#
# A fatal error has been detected by the Java Runtime Environment:
#
#  EXCEPTION_ACCESS_VIOLATION (0xc0000005) at pc=0x0ffd9052, pid=10360, tid=7464
#
# JRE version: Java(TM) SE Runtime Environment (7.0_60-b19) (build 1.7.0_60-b19)
# Java VM: Java HotSpot(TM) Client VM (24.60-b09 mixed mode, sharing windows-x86 )
# Problematic frame:
# C  [berkelium.dll+0xa39052]
#
# Failed to write core dump. Minidumps are not enabled by default on client versions of Windows
#
# If you would like to submit a bug report, please visit:
#   http://bugreport.sun.com/bugreport/crash.jsp
#

---------------  T H R E A D  ---------------

Current thread (0x020dfc00):  VMThread [stack: 0x043c0000,0x04410000] [id=7464]

siginfo: ExceptionCode=0xc0000005, reading address 0x000000f8

Registers:
EAX=0x0440f634, EBX=0x000493e0, ECX=0x0440f634, EDX=0x3219d638
ESP=0x0440f624, EBP=0x00000087, ESI=0x00000000, EDI=0x43fb7938
EIP=0x0ffd9052, EFLAGS=0x00010206

Top of Stack: (sp=0x0440f624)
0x0440f624:   06dd3168 06dd3168 06d2ab00 00000000
0x0440f634:   3219d638 00000087 06dc4a20 06dcd900
0x0440f644:   00000000 00000000 00000000 74616401
0x0440f654:   69642d61 07050072 00000023 0000002f
0x0440f664:   00000000 06d57070 002e5bf3 06dd3000
0x0440f674:   06d2ab44 ffffff00 0f60bf20 11129778
0x0440f684:   068a0030 00000000 0000000f 1112a730
0x0440f694:   00000001 0f609783 00000008 00000001 

Instructions: (pc=0x0ffd9052)
0x0ffd9032:   03 00 00 57 53 e8 f4 c8 60 ff 8b ea 8d 54 24 10
0x0ffd9042:   52 8b f8 e8 26 ca 00 00 83 c4 04 03 38 13 68 04
0x0ffd9052:   8b 86 f8 00 00 00 0b 86 fc 00 00 00 89 7c 24 20
0x0ffd9062:   89 6c 24 24 75 3e 39 84 24 d4 00 00 00 7f 35 7c 


Register to memory mapping:

EAX=
[error occurred during error reporting (printing register info), id 0xc0000005]

Stack: [0x043c0000,0x04410000],  sp=0x0440f624,  free space=317k
Native frames: (J=compiled Java code, j=interpreted, Vv=VM code, C=native code)
C  [berkelium.dll+0xa39052]

VM_Operation (0x059ae800): Exit, mode: safepoint, requested by thread 0x05523400


---------------  P R O C E S S  ---------------

Java Threads: ( => current thread )
  0x05766000 JavaThread "WeakCollectionCleaner" daemon [_thread_blocked, id=6684, stack(0x07930000,0x07980000)]
  0x05872000 JavaThread "TimerQueue" daemon [_thread_blocked, id=5036, stack(0x07780000,0x077d0000)]
  0x0089e000 JavaThread "DestroyJavaVM" [_thread_blocked, id=10684, stack(0x02070000,0x020c0000)]
  0x05523400 JavaThread "AWT-EventQueue-0" [_thread_blocked, id=9364, stack(0x05960000,0x059b0000)]
  0x049f7c00 JavaThread "AWT-Shutdown" [_thread_blocked, id=8772, stack(0x05030000,0x05080000)]
  0x049f6c00 JavaThread "Java2D Disposer" daemon [_thread_blocked, id=10780, stack(0x04fa0000,0x04ff0000)]
  0x02159000 JavaThread "Service Thread" daemon [_thread_blocked, id=11044, stack(0x04720000,0x04770000)]
  0x02154c00 JavaThread "C1 CompilerThread0" daemon [_thread_blocked, id=8608, stack(0x04690000,0x046e0000)]
  0x02153000 JavaThread "Attach Listener" daemon [_thread_blocked, id=10000, stack(0x04600000,0x04650000)]
  0x02150c00 JavaThread "Signal Dispatcher" daemon [_thread_blocked, id=11136, stack(0x04570000,0x045c0000)]
  0x020e6000 JavaThread "Finalizer" daemon [_thread_blocked, id=9096, stack(0x044e0000,0x04530000)]
  0x020e1000 JavaThread "Reference Handler" daemon [_thread_blocked, id=7280, stack(0x04450000,0x044a0000)]

Other Threads:
=>0x020dfc00 VMThread [stack: 0x043c0000,0x04410000] [id=7464]

VM state:at safepoint (shutting down)

VM Mutex/Monitor currently owned by a thread:  ([mutex/lock_event])
[0x0089c670] Threads_lock - owner thread: 0x020dfc00

Heap
 def new generation   total 13376K, used 4582K [0x24000000, 0x24e80000, 0x29550000)
  eden space 11904K,  27% used [0x24000000, 0x2432f598, 0x24ba0000)
  from space 1472K,  89% used [0x24d10000, 0x24e5a600, 0x24e80000)
  to   space 1472K,   0% used [0x24ba0000, 0x24ba0000, 0x24d10000)
 tenured generation   total 34312K, used 34221K [0x29550000, 0x2b6d2000, 0x34000000)
   the space 34312K,  99% used [0x29550000, 0x2b6bb740, 0x2b6bb800, 0x2b6d2000)
 compacting perm gen  total 12288K, used 8798K [0x34000000, 0x34c00000, 0x38000000)
   the space 12288K,  71% used [0x34000000, 0x348979e8, 0x34897a00, 0x34c00000)
    ro space 10240K,  42% used [0x38000000, 0x38434778, 0x38434800, 0x38a00000)
    rw space 12288K,  52% used [0x38a00000, 0x39049a68, 0x39049c00, 0x39600000)

Card table byte_map: [0x04240000,0x042f0000] byte_map_base: 0x04120000

Polling page: 0x00870000

Code Cache  [0x021c0000, 0x023b0000, 0x041c0000)
 total_blobs=1179 nmethods=892 adapters=223 free_code_cache=30800Kb largest_free_block=31538816

Compilation events (10 events):
Event: 14.080 Thread 0x02154c00  897             java.security.AccessControlContext::<init> (30 bytes)
Event: 14.080 Thread 0x02154c00 nmethod 897 0x023ab508 code [0x023ab600, 0x023ab6c0]
Event: 14.984 Thread 0x02154c00  898             java.awt.AWTEvent::<init> (81 bytes)
Event: 14.985 Thread 0x02154c00 nmethod 898 0x023ab708 code [0x023ab830, 0x023aba14]
Event: 15.359 Thread 0x02154c00  899             java.lang.Thread::interrupted (8 bytes)
Event: 15.360 Thread 0x02154c00 nmethod 899 0x023abb88 code [0x023abc80, 0x023abd1c]
Event: 15.479 Thread 0x02154c00  900             java.awt.event.MouseEvent::getModifiersEx (29 bytes)
Event: 15.480 Thread 0x02154c00 nmethod 900 0x023abd88 code [0x023abe80, 0x023abf3c]
Event: 15.543 Thread 0x02154c00  901             java.util.concurrent.locks.AbstractQueuedSynchronizer::compareAndSetWaitStatus (13 bytes)
Event: 15.544 Thread 0x02154c00 nmethod 901 0x023abfc8 code [0x023ac0c0, 0x023ac150]

GC Heap History (10 events):
Event: 2.976 GC heap before
{Heap before GC invocations=12 (full 2):
 def new generation   total 10240K, used 7595K [0x24000000, 0x24b10000, 0x29550000)
  eden space 9152K,  82% used [0x24000000, 0x2476aff8, 0x248f0000)
  from space 1088K,   0% used [0x248f0000, 0x248f0000, 0x24a00000)
  to   space 1088K,   0% used [0x24a00000, 0x24a00000, 0x24b10000)
 tenured generation   total 22608K, used 13562K [0x29550000, 0x2ab64000, 0x34000000)
   the space 22608K,  59% used [0x29550000, 0x2a28ea80, 0x2a28ec00, 0x2ab64000)
 compacting perm gen  total 12288K, used 8506K [0x34000000, 0x34c00000, 0x38000000)
   the space 12288K,  69% used [0x34000000, 0x3484ea88, 0x3484ec00, 0x34c00000)
    ro space 10240K,  42% used [0x38000000, 0x38434778, 0x38434800, 0x38a00000)
    rw space 12288K,  52% used [0x38a00000, 0x39049a68, 0x39049c00, 0x39600000)
Event: 2.979 GC heap after
Heap after GC invocations=13 (full 2):
 def new generation   total 10240K, used 7K [0x24000000, 0x24b10000, 0x29550000)
  eden space 9152K,   0% used [0x24000000, 0x24000000, 0x248f0000)
  from space 1088K,   0% used [0x24a00000, 0x24a01d00, 0x24b10000)
  to   space 1088K,   0% used [0x248f0000, 0x248f0000, 0x24a00000)
 tenured generation   total 22608K, used 21015K [0x29550000, 0x2ab64000, 0x34000000)
   the space 22608K,  92% used [0x29550000, 0x2a9d5ff8, 0x2a9d6000, 0x2ab64000)
 compacting perm gen  total 12288K, used 8506K [0x34000000, 0x34c00000, 0x38000000)
   the space 12288K,  69% used [0x34000000, 0x3484ea88, 0x3484ec00, 0x34c00000)
    ro space 10240K,  42% used [0x38000000, 0x38434778, 0x38434800, 0x38a00000)
    rw space 12288K,  52% used [0x38a00000, 0x39049a68, 0x39049c00, 0x39600000)
}
Event: 2.994 GC heap before
{Heap before GC invocations=13 (full 2):
 def new generation   total 10240K, used 7539K [0x24000000, 0x24b10000, 0x29550000)
  eden space 9152K,  82% used [0x24000000, 0x2475b098, 0x248f0000)
  from space 1088K,   0% used [0x24a00000, 0x24a01d00, 0x24b10000)
  to   space 1088K,   0% used [0x248f0000, 0x248f0000, 0x24a00000)
 tenured generation   total 22608K, used 21015K [0x29550000, 0x2ab64000, 0x34000000)
   the space 22608K,  92% used [0x29550000, 0x2a9d5ff8, 0x2a9d6000, 0x2ab64000)
 compacting perm gen  total 12288K, used 8506K [0x34000000, 0x34c00000, 0x38000000)
   the space 12288K,  69% used [0x34000000, 0x3484ea88, 0x3484ec00, 0x34c00000)
    ro space 10240K,  42% used [0x38000000, 0x38434778, 0x38434800, 0x38a00000)
    rw space 12288K,  52% used [0x38a00000, 0x39049a68, 0x39049c00, 0x39600000)
Event: 3.038 GC heap after
Heap after GC invocations=14 (full 3):
 def new generation   total 13376K, used 0K [0x24000000, 0x24e80000, 0x29550000)
  eden space 11904K,   0% used [0x24000000, 0x24000000, 0x24ba0000)
  from space 1472K,   0% used [0x24ba0000, 0x24ba0000, 0x24d10000)
  to   space 1472K,   0% used [0x24d10000, 0x24d10000, 0x24e80000)
 tenured generation   total 29636K, used 17781K [0x29550000, 0x2b241000, 0x34000000)
   the space 29636K,  59% used [0x29550000, 0x2a6ad5f8, 0x2a6ad600, 0x2b241000)
 compacting perm gen  total 12288K, used 8506K [0x34000000, 0x34c00000, 0x38000000)
   the space 12288K,  69% used [0x34000000, 0x3484ea88, 0x3484ec00, 0x34c00000)
    ro space 10240K,  42% used [0x38000000, 0x38434778, 0x38434800, 0x38a00000)
    rw space 12288K,  52% used [0x38a00000, 0x39049a68, 0x39049c00, 0x39600000)
}
Event: 5.587 GC heap before
{Heap before GC invocations=14 (full 3):
 def new generation   total 13376K, used 12160K [0x24000000, 0x24e80000, 0x29550000)
  eden space 11904K, 100% used [0x24000000, 0x24ba0000, 0x24ba0000)
  from space 1472K,  17% used [0x24ba0000, 0x24be0010, 0x24d10000)
  to   space 1472K,   0% used [0x24d10000, 0x24d10000, 0x24e80000)
 tenured generation   total 29636K, used 17781K [0x29550000, 0x2b241000, 0x34000000)
   the space 29636K,  59% used [0x29550000, 0x2a6ad5f8, 0x2a6ad600, 0x2b241000)
 compacting perm gen  total 12288K, used 8766K [0x34000000, 0x34c00000, 0x38000000)
   the space 12288K,  71% used [0x34000000, 0x3488fa90, 0x3488fc00, 0x34c00000)
    ro space 10240K,  42% used [0x38000000, 0x38434778, 0x38434800, 0x38a00000)
    rw space 12288K,  52% used [0x38a00000, 0x39049a68, 0x39049c00, 0x39600000)
Event: 5.594 GC heap after
Heap after GC invocations=15 (full 3):
 def new generation   total 13376K, used 1472K [0x24000000, 0x24e80000, 0x29550000)
  eden space 11904K,   0% used [0x24000000, 0x24000000, 0x24ba0000)
  from space 1472K, 100% used [0x24d10000, 0x24e80000, 0x24e80000)
  to   space 1472K,   0% used [0x24ba0000, 0x24ba0000, 0x24d10000)
 tenured generation   total 29636K, used 24238K [0x29550000, 0x2b241000, 0x34000000)
   the space 29636K,  81% used [0x29550000, 0x2acfba40, 0x2acfbc00, 0x2b241000)
 compacting perm gen  total 12288K, used 8766K [0x34000000, 0x34c00000, 0x38000000)
   the space 12288K,  71% used [0x34000000, 0x3488fa90, 0x3488fc00, 0x34c00000)
    ro space 10240K,  42% used [0x38000000, 0x38434778, 0x38434800, 0x38a00000)
    rw space 12288K,  52% used [0x38a00000, 0x39049a68, 0x39049c00, 0x39600000)
}
Event: 6.533 GC heap before
{Heap before GC invocations=15 (full 3):
 def new generation   total 13376K, used 13376K [0x24000000, 0x24e80000, 0x29550000)
  eden space 11904K, 100% used [0x24000000, 0x24ba0000, 0x24ba0000)
  from space 1472K, 100% used [0x24d10000, 0x24e80000, 0x24e80000)
  to   space 1472K,   0% used [0x24ba0000, 0x24ba0000, 0x24d10000)
 tenured generation   total 29636K, used 25023K [0x29550000, 0x2b241000, 0x34000000)
   the space 29636K,  84% used [0x29550000, 0x2adbfd08, 0x2adbfe00, 0x2b241000)
 compacting perm gen  total 12288K, used 8778K [0x34000000, 0x34c00000, 0x38000000)
   the space 12288K,  71% used [0x34000000, 0x34892808, 0x34892a00, 0x34c00000)
    ro space 10240K,  42% used [0x38000000, 0x38434778, 0x38434800, 0x38a00000)
    rw space 12288K,  52% used [0x38a00000, 0x39049a68, 0x39049c00, 0x39600000)
Event: 6.540 GC heap after
Heap after GC invocations=16 (full 3):
 def new generation   total 13376K, used 1358K [0x24000000, 0x24e80000, 0x29550000)
  eden space 11904K,   0% used [0x24000000, 0x24000000, 0x24ba0000)
  from space 1472K,  92% used [0x24ba0000, 0x24cf3930, 0x24d10000)
  to   space 1472K,   0% used [0x24d10000, 0x24d10000, 0x24e80000)
 tenured generation   total 30672K, used 30612K [0x29550000, 0x2b344000, 0x34000000)
   the space 30672K,  99% used [0x29550000, 0x2b335078, 0x2b335200, 0x2b344000)
 compacting perm gen  total 12288K, used 8778K [0x34000000, 0x34c00000, 0x38000000)
   the space 12288K,  71% used [0x34000000, 0x34892808, 0x34892a00, 0x34c00000)
    ro space 10240K,  42% used [0x38000000, 0x38434778, 0x38434800, 0x38a00000)
    rw space 12288K,  52% used [0x38a00000, 0x39049a68, 0x39049c00, 0x39600000)
}
Event: 6.595 GC heap before
{Heap before GC invocations=16 (full 3):
 def new generation   total 13376K, used 13245K [0x24000000, 0x24e80000, 0x29550000)
  eden space 11904K,  99% used [0x24000000, 0x24b9bbe0, 0x24ba0000)
  from space 1472K,  92% used [0x24ba0000, 0x24cf3930, 0x24d10000)
  to   space 1472K,   0% used [0x24d10000, 0x24d10000, 0x24e80000)
 tenured generation   total 30932K, used 30868K [0x29550000, 0x2b385000, 0x34000000)
   the space 30932K,  99% used [0x29550000, 0x2b375088, 0x2b375200, 0x2b385000)
 compacting perm gen  total 12288K, used 8782K [0x34000000, 0x34c00000, 0x38000000)
   the space 12288K,  71% used [0x34000000, 0x34893b40, 0x34893c00, 0x34c00000)
    ro space 10240K,  42% used [0x38000000, 0x38434778, 0x38434800, 0x38a00000)
    rw space 12288K,  52% used [0x38a00000, 0x39049a68, 0x39049c00, 0x39600000)
Event: 6.598 GC heap after
Heap after GC invocations=17 (full 3):
 def new generation   total 13376K, used 1321K [0x24000000, 0x24e80000, 0x29550000)
  eden space 11904K,   0% used [0x24000000, 0x24000000, 0x24ba0000)
  from space 1472K,  89% used [0x24d10000, 0x24e5a600, 0x24e80000)
  to   space 1472K,   0% used [0x24ba0000, 0x24ba0000, 0x24d10000)
 tenured generation   total 34312K, used 34221K [0x29550000, 0x2b6d2000, 0x34000000)
   the space 34312K,  99% used [0x29550000, 0x2b6bb740, 0x2b6bb800, 0x2b6d2000)
 compacting perm gen  total 12288K, used 8782K [0x34000000, 0x34c00000, 0x38000000)
   the space 12288K,  71% used [0x34000000, 0x34893b40, 0x34893c00, 0x34c00000)
    ro space 10240K,  42% used [0x38000000, 0x38434778, 0x38434800, 0x38a00000)
    rw space 12288K,  52% used [0x38a00000, 0x39049a68, 0x39049c00, 0x39600000)
}

Deoptimization events (0 events):
No events

Internal exceptions (10 events):
Event: 5.482 Thread 0x05523400 Threw 0x2486f0f0 at C:\re\jdk7u60\1081\hotspot\src\share\vm\prims\jvm.cpp:1244
Event: 5.482 Thread 0x05523400 Threw 0x24874518 at C:\re\jdk7u60\1081\hotspot\src\share\vm\prims\jvm.cpp:1244
Event: 5.482 Thread 0x05523400 Threw 0x24879b90 at C:\re\jdk7u60\1081\hotspot\src\share\vm\prims\jvm.cpp:1244
Event: 5.567 Thread 0x05758800 Threw 0x248c7e20 at C:\re\jdk7u60\1081\hotspot\src\share\vm\prims\jvm.cpp:2917
Event: 5.568 Thread 0x0895c800 Threw 0x248cd688 at C:\re\jdk7u60\1081\hotspot\src\share\vm\prims\jvm.cpp:1244
Event: 6.587 Thread 0x0895a800 Threw 0x24a81500 at C:\re\jdk7u60\1081\hotspot\src\share\vm\prims\jvm.cpp:1244
Event: 6.606 Thread 0x0895c400 Threw 0x24256e48 at C:\re\jdk7u60\1081\hotspot\src\share\vm\prims\jvm.cpp:1244
Event: 6.607 Thread 0x0895c400 Threw 0x2429c1b8 at C:\re\jdk7u60\1081\hotspot\src\share\vm\prims\jvm.cpp:1244
Event: 6.608 Thread 0x0895c400 Threw 0x242a0e48 at C:\re\jdk7u60\1081\hotspot\src\share\vm\prims\jvm.cpp:1244
Event: 6.759 Thread 0x05758800 Threw 0x240036d8 at C:\re\jdk7u60\1081\hotspot\src\share\vm\prims\jvm.cpp:2917

Events (10 events):
Event: 16.144 Thread 0x05768400 Thread exited: 0x05768400
Event: 16.144 loading class 0x39670c20
Event: 16.144 Thread 0x05767800 Thread exited: 0x05767800
Event: 16.144 loading class 0x39670bc8
Event: 16.144 loading class 0x39670bc8 done
Event: 16.144 loading class 0x39670c20 done
Event: 16.144 Thread 0x05768c00 Thread exited: 0x05768c00
Event: 16.158 Thread 0x049ce400 Thread exited: 0x049ce400
Event: 16.245 Thread 0x05766c00 Thread exited: 0x05766c00
Event: 16.245 Executing VM operation: Exit


Dynamic libraries:
0x00a70000 - 0x00a9f000 	C:\Program Files (x86)\Java\jre7\bin\javaw.exe
0x76fe0000 - 0x77137000 	C:\Windows\SYSTEM32\ntdll.dll
0x74690000 - 0x747c0000 	C:\Windows\SYSTEM32\KERNEL32.DLL
0x76a80000 - 0x76b27000 	C:\Windows\SYSTEM32\KERNELBASE.dll
0x747c0000 - 0x7486e000 	C:\Windows\SYSTEM32\ADVAPI32.dll
0x764f0000 - 0x76606000 	C:\Windows\SYSTEM32\USER32.dll
0x73130000 - 0x73328000 	C:\Windows\WinSxS\x86_microsoft.windows.common-controls_6595b64144ccf1df_6.0.9200.16579_none_8937eec6860750f5\COMCTL32.dll
0x76000000 - 0x760b1000 	C:\Windows\SYSTEM32\msvcrt.dll
0x74870000 - 0x748a4000 	C:\Windows\SYSTEM32\sechost.dll
0x760c0000 - 0x7616c000 	C:\Windows\SYSTEM32\RPCRT4.dll
0x748b0000 - 0x749ad000 	C:\Windows\SYSTEM32\GDI32.dll
0x745d0000 - 0x745ed000 	C:\Windows\SYSTEM32\SspiCli.dll
0x745c0000 - 0x745c9000 	C:\Windows\SYSTEM32\CRYPTBASE.dll
0x74560000 - 0x745b1000 	C:\Windows\SYSTEM32\bcryptPrimitives.dll
0x762e0000 - 0x76300000 	C:\Windows\system32\IMM32.DLL
0x76680000 - 0x7675e000 	C:\Windows\SYSTEM32\MSCTF.dll
0x5e970000 - 0x5ea2f000 	C:\Program Files (x86)\Java\jre7\bin\msvcr100.dll
0x5e310000 - 0x5e698000 	C:\Program Files (x86)\Java\jre7\bin\client\jvm.dll
0x71c10000 - 0x71c18000 	C:\Windows\SYSTEM32\WSOCK32.dll
0x71fb0000 - 0x71fd1000 	C:\Windows\SYSTEM32\WINMM.dll
0x76300000 - 0x76306000 	C:\Windows\SYSTEM32\PSAPI.DLL
0x75f80000 - 0x75fd0000 	C:\Windows\SYSTEM32\WS2_32.dll
0x71c70000 - 0x71c9b000 	C:\Windows\SYSTEM32\WINMMBASE.dll
0x75ff0000 - 0x75ff8000 	C:\Windows\SYSTEM32\NSI.dll
0x76b30000 - 0x76b76000 	C:\Windows\SYSTEM32\cfgmgr32.dll
0x75f00000 - 0x75f1e000 	C:\Windows\SYSTEM32\DEVOBJ.dll
0x720a0000 - 0x720ac000 	C:\Program Files (x86)\Java\jre7\bin\verify.dll
0x70bb0000 - 0x70bd0000 	C:\Program Files (x86)\Java\jre7\bin\java.dll
0x70b90000 - 0x70ba3000 	C:\Program Files (x86)\Java\jre7\bin\zip.dll
0x6f490000 - 0x6f5d3000 	C:\Program Files (x86)\Java\jre7\bin\awt.dll
0x76c00000 - 0x76c8b000 	C:\Windows\SYSTEM32\OLEAUT32.dll
0x76de0000 - 0x76f16000 	C:\Windows\SYSTEM32\combase.dll
0x72dd0000 - 0x72e77000 	C:\Windows\system32\apphelp.dll
0x71a40000 - 0x71a59000 	C:\Windows\system32\DWMAPI.DLL
0x726b0000 - 0x72738000 	C:\Windows\system32\uxtheme.dll
0x76760000 - 0x76879000 	C:\Windows\SYSTEM32\ole32.dll
0x74da0000 - 0x75e66000 	C:\Windows\SYSTEM32\SHELL32.dll
0x75f40000 - 0x75f80000 	C:\Windows\SYSTEM32\SHLWAPI.dll
0x73330000 - 0x733a3000 	C:\Windows\SYSTEM32\shcore.dll
0x718b0000 - 0x718e9000 	C:\Program Files (x86)\Java\jre7\bin\fontmanager.dll
0x6f250000 - 0x6f264000 	C:\Program Files (x86)\Java\jre7\bin\net.dll
0x72e80000 - 0x72eca000 	C:\Windows\system32\mswsock.dll
0x718a0000 - 0x718af000 	C:\Program Files (x86)\Java\jre7\bin\nio.dll
0x706d0000 - 0x70700000 	C:\Program Files (x86)\Java\jre7\bin\t2k.dll
0x76b80000 - 0x76bf4000 	C:\Windows\SYSTEM32\clbcatq.dll
0x6a8a0000 - 0x6a9eb000 	C:\Windows\SYSTEM32\WindowsCodecs.dll
0x76dc0000 - 0x76dd1000 	C:\Windows\SYSTEM32\profapi.dll
0x68440000 - 0x68464000 	C:\Program Files (x86)\Java\jre7\bin\dcpr.dll
0x5e900000 - 0x5e96d000 	C:\binaries\terrajava.dll
0x5e220000 - 0x5e307000 	C:\binaries\terramanager-funcate.dll
0x59300000 - 0x59ba6000 	C:\binaries\terralib.dll
0x64af0000 - 0x64b59000 	C:\Windows\SYSTEM32\MSVCP100.dll
0x6d880000 - 0x6db4c000 	C:\binaries\bgd.dll
0x66b80000 - 0x66b9b000 	C:\binaries\terraogc_xml.dll
0x60460000 - 0x6047d000 	C:\binaries\terraogc_sld.dll
0x5f9a0000 - 0x5f9c6000 	C:\binaries\terraogc_se.dll
0x5e8c0000 - 0x5e8f6000 	C:\binaries\terraogc_filter.dll
0x5e1c0000 - 0x5e212000 	C:\binaries\terraogc_ows.dll
0x5f980000 - 0x5f999000 	C:\binaries\terraogc_common.dll
0x684c0000 - 0x684cb000 	C:\binaries\terralib_shp.dll
0x60450000 - 0x6045e000 	C:\binaries\terralib_spl.dll
0x05ef0000 - 0x062e6000 	C:\binaries\qt-mt338.dll
0x613d0000 - 0x6149e000 	C:\Windows\SYSTEM32\OPENGL32.dll
0x613a0000 - 0x613c3000 	C:\Windows\SYSTEM32\GLU32.dll
0x5e140000 - 0x5e1bf000 	C:\binaries\qwt500.dll
0x0f5a0000 - 0x1159f000 	C:\binaries\berkelium.dll
0x062f0000 - 0x06431000 	C:\binaries\LIBMYSQL.dll
0x63100000 - 0x63121000 	C:\binaries\LIBPQ.dll
0x06440000 - 0x064a1000 	C:\binaries\OCI.dll
0x5da30000 - 0x5daba000 	C:\binaries\libtiff.dll
0x56580000 - 0x56d52000 	C:\binaries\gdal110.dll
0x12000000 - 0x121dc000 	C:\binaries\xerces-c_3_1.dll
0x592a0000 - 0x592f5000 	C:\binaries\terraogc_wms.dll
0x59240000 - 0x59293000 	C:\binaries\terraogc_gml.dll
0x5e0f0000 - 0x5e131000 	C:\binaries\terraogc_xsd.dll
0x5a810000 - 0x5a830000 	C:\binaries\terraogc_xacml.dll
0x71f30000 - 0x71f90000 	C:\Windows\SYSTEM32\WINSPOOL.DRV
0x7c340000 - 0x7c396000 	C:\Windows\SYSTEM32\MSVCR71.dll
0x608a0000 - 0x60979000 	C:\Windows\SYSTEM32\DDRAW.dll
0x727a0000 - 0x727a9000 	C:\Windows\SYSTEM32\Secur32.dll
0x75f20000 - 0x75f3b000 	C:\Windows\SYSTEM32\USERENV.dll
0x71520000 - 0x71570000 	C:\Windows\SYSTEM32\OLEACC.dll
0x54200000 - 0x54276000 	C:\Windows\SYSTEM32\RICHED20.dll
0x72ee0000 - 0x72ee8000 	C:\Windows\SYSTEM32\VERSION.dll
0x720b0000 - 0x720c4000 	C:\Windows\SYSTEM32\USP10.dll
0x72c50000 - 0x72cc5000 	C:\Windows\SYSTEM32\DNSAPI.dll
0x06550000 - 0x065fa000 	C:\Windows\libeay32.dll
0x06600000 - 0x0660d000 	C:\binaries\libintl-2.dll
0x72ed0000 - 0x72ed6000 	C:\Windows\SYSTEM32\SHFOLDER.DLL
0x06610000 - 0x06636000 	C:\Windows\ssleay32.dll
0x06640000 - 0x06666000 	C:\binaries\libexpat.dll
0x60770000 - 0x60811000 	C:\Windows\SYSTEM32\ODBC32.dll
0x60760000 - 0x60767000 	C:\Windows\SYSTEM32\DCIMAN32.dll
0x663b0000 - 0x663db000 	C:\Windows\SYSTEM32\msls31.dll
0x066c0000 - 0x0679b000 	C:\binaries\libiconv-2.dll
0x6f600000 - 0x6f61d000 	C:\Windows\SYSTEM32\gpapi.dll
0x74530000 - 0x74556000 	C:\Windows\SYSTEM32\ntmarta.dll
0x54e60000 - 0x55708000 	C:\binaries\icudt46.dll
0x53850000 - 0x53979000 	C:\Windows\SYSTEM32\dbghelp.dll
0x72040000 - 0x72050000 	C:\Windows\system32\napinsp.dll
0x72020000 - 0x72034000 	C:\Windows\system32\pnrpnsp.dll
0x72010000 - 0x72020000 	C:\Windows\system32\NLAapi.dll
0x72000000 - 0x72009000 	C:\Windows\System32\winrnr.dll
0x71ac0000 - 0x71ad0000 	C:\Windows\system32\wshbth.dll
0x726a0000 - 0x726a7000 	C:\Windows\System32\rasadhlp.dll
0x71c30000 - 0x71c6f000 	C:\Windows\System32\fwpuclnt.dll
0x72cd0000 - 0x72cf0000 	C:\Windows\SYSTEM32\IPHLPAPI.DLL
0x72c40000 - 0x72c48000 	C:\Windows\SYSTEM32\WINNSI.DLL
0x730d0000 - 0x730ea000 	C:\Windows\SYSTEM32\CRYPTSP.dll
0x73090000 - 0x730ce000 	C:\Windows\system32\rsaenh.dll
0x72c30000 - 0x72c40000 	C:\Windows\SYSTEM32\dhcpcsvc6.DLL
0x72c10000 - 0x72c22000 	C:\Windows\SYSTEM32\dhcpcsvc.DLL
0x59210000 - 0x59235000 	C:\Program Files (x86)\Java\jre7\bin\jpeg.dll

VM Arguments:
jvm_args: -Dfile.encoding=ISO-8859-1 
java_command: com.nexusbr.gv.main.ConnectDBMain
Launcher Type: SUN_STANDARD

Environment Variables:
JAVA_HOME=C:\Program Files (x86)\Java\jre7
PATH=C:/Program Files (x86)/Java/jre7/bin/client;C:/Program Files (x86)/Java/jre7/bin;C:/Program Files (x86)/Java/jre7/lib/i386;C:\Program Files (x86)\PHP\;c:\Program Files (x86)\Intel\iCLS Client\;c:\Program Files\Intel\iCLS Client\;C:\Windows\system32;C:\Windows;C:\Windows\System32\Wbem;C:\Windows\System32\WindowsPowerShell\v1.0\;C:\Program Files\Intel\Intel(R) Management Engine Components\DAL;C:\Program Files\Intel\Intel(R) Management Engine Components\IPT;C:\Program Files (x86)\Intel\Intel(R) Management Engine Components\DAL;C:\Program Files (x86)\Intel\Intel(R) Management Engine Components\IPT;C:\Program Files (x86)\Intel\OpenCL SDK\3.0\bin\x86;C:\Program Files (x86)\Intel\OpenCL SDK\3.0\bin\x64;C:\Program Files (x86)\Windows Live\Shared;C:\binaries;c:\Program Files (x86)\Microsoft SQL Server\100\Tools\Binn\;c:\Program Files\Microsoft SQL Server\100\Tools\Binn\;c:\Program Files\Microsoft SQL Server\100\DTS\Binn\;C:\strawberry\c\bin;C:\strawberry\perl\site\bin;C:\strawberry\perl\bin;C:\Program Files (x86)\Microsoft SQL Server\110\Tools\Binn\ManagementStudio\;C:\Program Files (x86)\Microsoft SQL Server\110\Tools\Binn\;C:\Program Files\Microsoft SQL Server\110\Tools\Binn\;C:\Program Files (x86)\Microsoft SQL Server\110\DTS\Binn\;C:\Program Files\TortoiseSVN\bin;C:\Python34;C:\Program Files (x86)\Java\jre7\bin;C:\eclipse;
USERNAME=inacio
OS=Windows_NT
PROCESSOR_IDENTIFIER=Intel64 Family 6 Model 69 Stepping 1, GenuineIntel



---------------  S Y S T E M  ---------------

OS: Windows 8 , 64 bit Build 9200 

CPU:total 4 (2 cores per cpu, 2 threads per core) family 6 model 69 stepping 1, cmov, cx8, fxsr, mmx, sse, sse2, sse3, ssse3, sse4.1, sse4.2, popcnt, avx, avx2, aes, erms, ht, tsc, tscinvbit

Memory: 4k page, physical 8290700k(2490292k free), swap 9535884k(3617116k free)

vm_info: Java HotSpot(TM) Client VM (24.60-b09) for windows-x86 JRE (1.7.0_60-b19), built on May  7 2014 13:09:52 by "java_re" with unknown MS VC++:1600

time: Fri Jul 04 09:10:09 2014
elapsed time: 16 seconds

