#
# A fatal error has been detected by the Java Runtime Environment:
#
#  EXCEPTION_ACCESS_VIOLATION (0xc0000005) at pc=0x106c9052, pid=5032, tid=10852
#
# JRE version: Java(TM) SE Runtime Environment (7.0_60-b19) (build 1.7.0_60-b19)
# Java VM: Java HotSpot(TM) Client VM (24.60-b09 mixed mode, sharing windows-x86 )
# Problematic frame:
# C  [berkelium.dll+0xa39052]
#
# Failed to write core dump. Minidumps are not enabled by default on client versions of Windows
#
# If you would like to submit a bug report, please visit:
#   http://bugreport.sun.com/bugreport/crash.jsp
#

---------------  T H R E A D  ---------------

Current thread (0x00c3fc00):  VMThread [stack: 0x04670000,0x046c0000] [id=10852]

siginfo: ExceptionCode=0xc0000005, reading address 0x000000f8

Registers:
EAX=0x046bf6b4, EBX=0x000493e0, ECX=0x046bf6b4, EDX=0x01d0ac08
ESP=0x046bf6a4, EBP=0x00000088, ESI=0x00000000, EDI=0x13b24f08
EIP=0x106c9052, EFLAGS=0x00010206

Top of Stack: (sp=0x046bf6a4)
0x046bf6a4:   070a2168 070a2168 06ffab00 00000000
0x046bf6b4:   01d0ac08 00000088 07093a20 0709c900
0x046bf6c4:   00000000 00000000 00000000 74616401
0x046bf6d4:   69642d61 07290072 00000023 0000002f
0x046bf6e4:   00000000 07027070 002e5bf4 070a2000
0x046bf6f4:   06ffab44 ffffff00 0fcfbf20 11819778
0x046bf704:   06b20030 00000000 0000000f 1181a730
0x046bf714:   00000001 0fcf9783 00000008 00000001 

Instructions: (pc=0x106c9052)
0x106c9032:   03 00 00 57 53 e8 f4 c8 60 ff 8b ea 8d 54 24 10
0x106c9042:   52 8b f8 e8 26 ca 00 00 83 c4 04 03 38 13 68 04
0x106c9052:   8b 86 f8 00 00 00 0b 86 fc 00 00 00 89 7c 24 20
0x106c9062:   89 6c 24 24 75 3e 39 84 24 d4 00 00 00 7f 35 7c 


Register to memory mapping:

EAX=
[error occurred during error reporting (printing register info), id 0xc0000005]

Stack: [0x04670000,0x046c0000],  sp=0x046bf6a4,  free space=317k
Native frames: (J=compiled Java code, j=interpreted, Vv=VM code, C=native code)
C  [berkelium.dll+0xa39052]

[error occurred during error reporting (printing native stack), id 0xc0000005]

VM_Operation (0x05c4e740): Exit, mode: safepoint, requested by thread 0x057d1800


---------------  P R O C E S S  ---------------

Java Threads: ( => current thread )
  0x05aca400 JavaThread "WeakCollectionCleaner" daemon [_thread_blocked, id=5640, stack(0x07ab0000,0x07b00000)]
  0x05ae7800 JavaThread "TimerQueue" daemon [_thread_blocked, id=8472, stack(0x07a20000,0x07a70000)]
  0x009ee000 JavaThread "DestroyJavaVM" [_thread_blocked, id=9068, stack(0x00aa0000,0x00af0000)]
  0x057d1800 JavaThread "AWT-EventQueue-0" [_thread_blocked, id=8004, stack(0x05c00000,0x05c50000)]
  0x04c43400 JavaThread "AWT-Shutdown" [_thread_blocked, id=10860, stack(0x052d0000,0x05320000)]
  0x04c27400 JavaThread "Java2D Disposer" daemon [_thread_blocked, id=11072, stack(0x050e0000,0x05130000)]
  0x00cbb000 JavaThread "Service Thread" daemon [_thread_blocked, id=6548, stack(0x049d0000,0x04a20000)]
  0x00cb4800 JavaThread "C1 CompilerThread0" daemon [_thread_blocked, id=9564, stack(0x04940000,0x04990000)]
  0x00cb2c00 JavaThread "Attach Listener" daemon [_thread_blocked, id=4860, stack(0x048b0000,0x04900000)]
  0x00cb1c00 JavaThread "Signal Dispatcher" daemon [_thread_blocked, id=580, stack(0x04820000,0x04870000)]
  0x00c42800 JavaThread "Finalizer" daemon [_thread_blocked, id=9256, stack(0x04790000,0x047e0000)]
  0x00c41000 JavaThread "Reference Handler" daemon [_thread_blocked, id=10500, stack(0x04700000,0x04750000)]

Other Threads:
=>0x00c3fc00 VMThread [stack: 0x04670000,0x046c0000] [id=10852]

VM state:at safepoint (shutting down)

VM Mutex/Monitor currently owned by a thread:  ([mutex/lock_event])
[0x009ec260] Threads_lock - owner thread: 0x00c3fc00

Heap
 def new generation   total 13312K, used 4038K [0x24000000, 0x24e70000, 0x29550000)
  eden space 11840K,  34% used [0x24000000, 0x243f1810, 0x24b90000)
  from space 1472K,   0% used [0x24b90000, 0x24b90000, 0x24d00000)
  to   space 1472K,   0% used [0x24d00000, 0x24d00000, 0x24e70000)
 tenured generation   total 29512K, used 17706K [0x29550000, 0x2b222000, 0x34000000)
   the space 29512K,  59% used [0x29550000, 0x2a69ab90, 0x2a69ac00, 0x2b222000)
 compacting perm gen  total 12288K, used 8570K [0x34000000, 0x34c00000, 0x38000000)
   the space 12288K,  69% used [0x34000000, 0x3485eb08, 0x3485ec00, 0x34c00000)
    ro space 10240K,  42% used [0x38000000, 0x38434778, 0x38434800, 0x38a00000)
    rw space 12288K,  52% used [0x38a00000, 0x39049a68, 0x39049c00, 0x39600000)

Card table byte_map: [0x02540000,0x025f0000] byte_map_base: 0x02420000

Polling page: 0x009d0000

Code Cache  [0x02670000, 0x02820000, 0x04670000)
 total_blobs=1016 nmethods=729 adapters=223 free_code_cache=31055Kb largest_free_block=31799680

Compilation events (10 events):
Event: 7.755 Thread 0x00cb4800  734   !         sun.awt.PostEventQueue::flush (84 bytes)
Event: 7.756 Thread 0x00cb4800 nmethod 734 0x0273bf88 code [0x0273c0a0, 0x0273c388]
Event: 7.793 Thread 0x00cb4800  735             java.awt.EventQueue::eventToCacheIndex (69 bytes)
Event: 7.794 Thread 0x00cb4800 nmethod 735 0x0273bd08 code [0x0273be00, 0x0273bf20]
Event: 8.766 Thread 0x00cb4800  736   !         java.awt.Container::getComponent (42 bytes)
Event: 8.767 Thread 0x00cb4800 nmethod 736 0x0273b688 code [0x0273b7d0, 0x0273babc]
Event: 10.770 Thread 0x00cb4800  737             javax.swing.text.GapContent$MarkData::getOffset (46 bytes)
Event: 10.770 Thread 0x00cb4800 nmethod 737 0x0281c2c8 code [0x0281c3c0, 0x0281c460]
Event: 11.270 Thread 0x00cb4800  738             sun.java2d.SurfaceData::getDefaultScale (2 bytes)
Event: 11.270 Thread 0x00cb4800 nmethod 738 0x0281c4c8 code [0x0281c5c0, 0x0281c640]

GC Heap History (10 events):
Event: 2.877 GC heap before
{Heap before GC invocations=9 (full 1):
 def new generation   total 9408K, used 9408K [0x24000000, 0x24a30000, 0x29550000)
  eden space 8384K, 100% used [0x24000000, 0x24830000, 0x24830000)
  from space 1024K, 100% used [0x24930000, 0x24a30000, 0x24a30000)
  to   space 1024K,   0% used [0x24830000, 0x24830000, 0x24930000)
 tenured generation   total 20720K, used 15761K [0x29550000, 0x2a98c000, 0x34000000)
   the space 20720K,  76% used [0x29550000, 0x2a4b4478, 0x2a4b4600, 0x2a98c000)
 compacting perm gen  total 12288K, used 7424K [0x34000000, 0x34c00000, 0x38000000)
   the space 12288K,  60% used [0x34000000, 0x34740310, 0x34740400, 0x34c00000)
    ro space 10240K,  42% used [0x38000000, 0x38434778, 0x38434800, 0x38a00000)
    rw space 12288K,  52% used [0x38a00000, 0x39049a68, 0x39049c00, 0x39600000)
Event: 2.886 GC heap after
Heap after GC invocations=10 (full 1):
 def new generation   total 9408K, used 1024K [0x24000000, 0x24a30000, 0x29550000)
  eden space 8384K,   0% used [0x24000000, 0x24000000, 0x24830000)
  from space 1024K, 100% used [0x24830000, 0x24930000, 0x24930000)
  to   space 1024K,   0% used [0x24930000, 0x24930000, 0x24a30000)
 tenured generation   total 20720K, used 17783K [0x29550000, 0x2a98c000, 0x34000000)
   the space 20720K,  85% used [0x29550000, 0x2a6adf70, 0x2a6ae000, 0x2a98c000)
 compacting perm gen  total 12288K, used 7424K [0x34000000, 0x34c00000, 0x38000000)
   the space 12288K,  60% used [0x34000000, 0x34740310, 0x34740400, 0x34c00000)
    ro space 10240K,  42% used [0x38000000, 0x38434778, 0x38434800, 0x38a00000)
    rw space 12288K,  52% used [0x38a00000, 0x39049a68, 0x39049c00, 0x39600000)
}
Event: 3.051 GC heap before
{Heap before GC invocations=10 (full 1):
 def new generation   total 9408K, used 9408K [0x24000000, 0x24a30000, 0x29550000)
  eden space 8384K, 100% used [0x24000000, 0x24830000, 0x24830000)
  from space 1024K, 100% used [0x24830000, 0x24930000, 0x24930000)
  to   space 1024K,   0% used [0x24930000, 0x24930000, 0x24a30000)
 tenured generation   total 20720K, used 17783K [0x29550000, 0x2a98c000, 0x34000000)
   the space 20720K,  85% used [0x29550000, 0x2a6adf70, 0x2a6ae000, 0x2a98c000)
 compacting perm gen  total 12288K, used 8078K [0x34000000, 0x34c00000, 0x38000000)
   the space 12288K,  65% used [0x34000000, 0x347e3990, 0x347e3a00, 0x34c00000)
    ro space 10240K,  42% used [0x38000000, 0x38434778, 0x38434800, 0x38a00000)
    rw space 12288K,  52% used [0x38a00000, 0x39049a68, 0x39049c00, 0x39600000)
Event: 3.056 GC heap after
Heap after GC invocations=11 (full 1):
 def new generation   total 9408K, used 1024K [0x24000000, 0x24a30000, 0x29550000)
  eden space 8384K,   0% used [0x24000000, 0x24000000, 0x24830000)
  from space 1024K, 100% used [0x24930000, 0x24a30000, 0x24a30000)
  to   space 1024K,   0% used [0x24830000, 0x24830000, 0x24930000)
 tenured generation   total 20720K, used 20208K [0x29550000, 0x2a98c000, 0x34000000)
   the space 20720K,  97% used [0x29550000, 0x2a90c3f0, 0x2a90c400, 0x2a98c000)
 compacting perm gen  total 12288K, used 8078K [0x34000000, 0x34c00000, 0x38000000)
   the space 12288K,  65% used [0x34000000, 0x347e3990, 0x347e3a00, 0x34c00000)
    ro space 10240K,  42% used [0x38000000, 0x38434778, 0x38434800, 0x38a00000)
    rw space 12288K,  52% used [0x38a00000, 0x39049a68, 0x39049c00, 0x39600000)
}
Event: 3.133 GC heap before
{Heap before GC invocations=11 (full 1):
 def new generation   total 9408K, used 9408K [0x24000000, 0x24a30000, 0x29550000)
  eden space 8384K, 100% used [0x24000000, 0x24830000, 0x24830000)
  from space 1024K, 100% used [0x24930000, 0x24a30000, 0x24a30000)
  to   space 1024K,   0% used [0x24830000, 0x24830000, 0x24930000)
 tenured generation   total 20720K, used 20208K [0x29550000, 0x2a98c000, 0x34000000)
   the space 20720K,  97% used [0x29550000, 0x2a90c3f0, 0x2a90c400, 0x2a98c000)
 compacting perm gen  total 12288K, used 8516K [0x34000000, 0x34c00000, 0x38000000)
   the space 12288K,  69% used [0x34000000, 0x348510e0, 0x34851200, 0x34c00000)
    ro space 10240K,  42% used [0x38000000, 0x38434778, 0x38434800, 0x38a00000)
    rw space 12288K,  52% used [0x38a00000, 0x39049a68, 0x39049c00, 0x39600000)
Event: 3.175 GC heap after
Heap after GC invocations=12 (full 2):
 def new generation   total 12416K, used 0K [0x24000000, 0x24d70000, 0x29550000)
  eden space 11072K,   0% used [0x24000000, 0x24000000, 0x24ad0000)
  from space 1344K,   0% used [0x24ad0000, 0x24ad0000, 0x24c20000)
  to   space 1344K,   0% used [0x24c20000, 0x24c20000, 0x24d70000)
 tenured generation   total 27400K, used 16439K [0x29550000, 0x2b012000, 0x34000000)
   the space 27400K,  59% used [0x29550000, 0x2a55dd68, 0x2a55de00, 0x2b012000)
 compacting perm gen  total 12288K, used 8516K [0x34000000, 0x34c00000, 0x38000000)
   the space 12288K,  69% used [0x34000000, 0x348510e0, 0x34851200, 0x34c00000)
    ro space 10240K,  42% used [0x38000000, 0x38434778, 0x38434800, 0x38a00000)
    rw space 12288K,  52% used [0x38a00000, 0x39049a68, 0x39049c00, 0x39600000)
}
Event: 3.192 GC heap before
{Heap before GC invocations=12 (full 2):
 def new generation   total 12416K, used 9578K [0x24000000, 0x24d70000, 0x29550000)
  eden space 11072K,  86% used [0x24000000, 0x2495aac0, 0x24ad0000)
  from space 1344K,   0% used [0x24ad0000, 0x24ad0000, 0x24c20000)
  to   space 1344K,   0% used [0x24c20000, 0x24c20000, 0x24d70000)
 tenured generation   total 27400K, used 16439K [0x29550000, 0x2b012000, 0x34000000)
   the space 27400K,  59% used [0x29550000, 0x2a55dd68, 0x2a55de00, 0x2b012000)
 compacting perm gen  total 12288K, used 8517K [0x34000000, 0x34c00000, 0x38000000)
   the space 12288K,  69% used [0x34000000, 0x348517d8, 0x34851800, 0x34c00000)
    ro space 10240K,  42% used [0x38000000, 0x38434778, 0x38434800, 0x38a00000)
    rw space 12288K,  52% used [0x38a00000, 0x39049a68, 0x39049c00, 0x39600000)
Event: 3.195 GC heap after
Heap after GC invocations=13 (full 2):
 def new generation   total 12416K, used 41K [0x24000000, 0x24d70000, 0x29550000)
  eden space 11072K,   0% used [0x24000000, 0x24000000, 0x24ad0000)
  from space 1344K,   3% used [0x24c20000, 0x24c2a6c0, 0x24d70000)
  to   space 1344K,   0% used [0x24ad0000, 0x24ad0000, 0x24c20000)
 tenured generation   total 27400K, used 25757K [0x29550000, 0x2b012000, 0x34000000)
   the space 27400K,  94% used [0x29550000, 0x2ae777e0, 0x2ae77800, 0x2b012000)
 compacting perm gen  total 12288K, used 8517K [0x34000000, 0x34c00000, 0x38000000)
   the space 12288K,  69% used [0x34000000, 0x348517d8, 0x34851800, 0x34c00000)
    ro space 10240K,  42% used [0x38000000, 0x38434778, 0x38434800, 0x38a00000)
    rw space 12288K,  52% used [0x38a00000, 0x39049a68, 0x39049c00, 0x39600000)
}
Event: 3.212 GC heap before
{Heap before GC invocations=13 (full 2):
 def new generation   total 12416K, used 9461K [0x24000000, 0x24d70000, 0x29550000)
  eden space 11072K,  85% used [0x24000000, 0x24933098, 0x24ad0000)
  from space 1344K,   3% used [0x24c20000, 0x24c2a6c0, 0x24d70000)
  to   space 1344K,   0% used [0x24ad0000, 0x24ad0000, 0x24c20000)
 tenured generation   total 27400K, used 25757K [0x29550000, 0x2b012000, 0x34000000)
   the space 27400K,  94% used [0x29550000, 0x2ae777e0, 0x2ae77800, 0x2b012000)
 compacting perm gen  total 12288K, used 8518K [0x34000000, 0x34c00000, 0x38000000)
   the space 12288K,  69% used [0x34000000, 0x34851818, 0x34851a00, 0x34c00000)
    ro space 10240K,  42% used [0x38000000, 0x38434778, 0x38434800, 0x38a00000)
    rw space 12288K,  52% used [0x38a00000, 0x39049a68, 0x39049c00, 0x39600000)
Event: 3.253 GC heap after
Heap after GC invocations=14 (full 3):
 def new generation   total 13312K, used 0K [0x24000000, 0x24e70000, 0x29550000)
  eden space 11840K,   0% used [0x24000000, 0x24000000, 0x24b90000)
  from space 1472K,   0% used [0x24b90000, 0x24b90000, 0x24d00000)
  to   space 1472K,   0% used [0x24d00000, 0x24d00000, 0x24e70000)
 tenured generation   total 29512K, used 17706K [0x29550000, 0x2b222000, 0x34000000)
   the space 29512K,  59% used [0x29550000, 0x2a69ab90, 0x2a69ac00, 0x2b222000)
 compacting perm gen  total 12288K, used 8518K [0x34000000, 0x34c00000, 0x38000000)
   the space 12288K,  69% used [0x34000000, 0x34851818, 0x34851a00, 0x34c00000)
    ro space 10240K,  42% used [0x38000000, 0x38434778, 0x38434800, 0x38a00000)
    rw space 12288K,  52% used [0x38a00000, 0x39049a68, 0x39049c00, 0x39600000)
}

Deoptimization events (0 events):
No events

Internal exceptions (10 events):
Event: 3.107 Thread 0x057d1800 Threw 0x242cbff8 at C:\re\jdk7u60\1081\hotspot\src\share\vm\prims\jvm.cpp:1244
Event: 3.107 Thread 0x057d1800 Threw 0x242d2e20 at C:\re\jdk7u60\1081\hotspot\src\share\vm\prims\jvm.cpp:1244
Event: 3.107 Thread 0x057d1800 Threw 0x242daa08 at C:\re\jdk7u60\1081\hotspot\src\share\vm\prims\jvm.cpp:1244
Event: 3.107 Thread 0x057d1800 Threw 0x242e1d50 at C:\re\jdk7u60\1081\hotspot\src\share\vm\prims\jvm.cpp:1244
Event: 3.107 Thread 0x057d1800 Threw 0x242e9d60 at C:\re\jdk7u60\1081\hotspot\src\share\vm\prims\jvm.cpp:1244
Event: 3.109 Thread 0x057d1800 Threw 0x242f1630 at C:\re\jdk7u60\1081\hotspot\src\share\vm\prims\jvm.cpp:1244
Event: 3.112 Thread 0x057d1800 Threw 0x2431bf20 at C:\re\jdk7u60\1081\hotspot\src\share\vm\prims\jvm.cpp:1244
Event: 3.113 Thread 0x057d1800 Threw 0x24320758 at C:\re\jdk7u60\1081\hotspot\src\share\vm\prims\jvm.cpp:1244
Event: 3.116 Thread 0x057d1800 Threw 0x243247c8 at C:\re\jdk7u60\1081\hotspot\src\share\vm\prims\jvm.cpp:1244
Event: 3.133 Thread 0x057d1800 Threw 0x243590c0 at C:\re\jdk7u60\1081\hotspot\src\share\vm\prims\jvm.cpp:1244

Events (10 events):
Event: 11.530 loading class 0x39670c20
Event: 11.530 Thread 0x05ac8c00 Thread exited: 0x05ac8c00
Event: 11.530 loading class 0x39670bc8
Event: 11.530 Thread 0x05acc400 Thread exited: 0x05acc400
Event: 11.530 loading class 0x39670bc8 done
Event: 11.530 loading class 0x39670c20 done
Event: 11.530 Thread 0x05ac9000 Thread exited: 0x05ac9000
Event: 11.554 Thread 0x04c44000 Thread exited: 0x04c44000
Event: 11.630 Thread 0x05ac9800 Thread exited: 0x05ac9800
Event: 11.630 Executing VM operation: Exit


Dynamic libraries:
0x00a70000 - 0x00a9f000 	C:\Program Files (x86)\Java\jre7\bin\javaw.exe
0x76fe0000 - 0x77137000 	C:\Windows\SYSTEM32\ntdll.dll
0x74690000 - 0x747c0000 	C:\Windows\SYSTEM32\KERNEL32.DLL
0x76a80000 - 0x76b27000 	C:\Windows\SYSTEM32\KERNELBASE.dll
0x747c0000 - 0x7486e000 	C:\Windows\SYSTEM32\ADVAPI32.dll
0x764f0000 - 0x76606000 	C:\Windows\SYSTEM32\USER32.dll
0x73130000 - 0x73328000 	C:\Windows\WinSxS\x86_microsoft.windows.common-controls_6595b64144ccf1df_6.0.9200.16579_none_8937eec6860750f5\COMCTL32.dll
0x76000000 - 0x760b1000 	C:\Windows\SYSTEM32\msvcrt.dll
0x74870000 - 0x748a4000 	C:\Windows\SYSTEM32\sechost.dll
0x760c0000 - 0x7616c000 	C:\Windows\SYSTEM32\RPCRT4.dll
0x748b0000 - 0x749ad000 	C:\Windows\SYSTEM32\GDI32.dll
0x745d0000 - 0x745ed000 	C:\Windows\SYSTEM32\SspiCli.dll
0x745c0000 - 0x745c9000 	C:\Windows\SYSTEM32\CRYPTBASE.dll
0x74560000 - 0x745b1000 	C:\Windows\SYSTEM32\bcryptPrimitives.dll
0x762e0000 - 0x76300000 	C:\Windows\system32\IMM32.DLL
0x76680000 - 0x7675e000 	C:\Windows\SYSTEM32\MSCTF.dll
0x5e970000 - 0x5ea2f000 	C:\Program Files (x86)\Java\jre7\bin\msvcr100.dll
0x5e310000 - 0x5e698000 	C:\Program Files (x86)\Java\jre7\bin\client\jvm.dll
0x71c10000 - 0x71c18000 	C:\Windows\SYSTEM32\WSOCK32.dll
0x71fb0000 - 0x71fd1000 	C:\Windows\SYSTEM32\WINMM.dll
0x76300000 - 0x76306000 	C:\Windows\SYSTEM32\PSAPI.DLL
0x75f80000 - 0x75fd0000 	C:\Windows\SYSTEM32\WS2_32.dll
0x71c70000 - 0x71c9b000 	C:\Windows\SYSTEM32\WINMMBASE.dll
0x75ff0000 - 0x75ff8000 	C:\Windows\SYSTEM32\NSI.dll
0x76b30000 - 0x76b76000 	C:\Windows\SYSTEM32\cfgmgr32.dll
0x75f00000 - 0x75f1e000 	C:\Windows\SYSTEM32\DEVOBJ.dll
0x720a0000 - 0x720ac000 	C:\Program Files (x86)\Java\jre7\bin\verify.dll
0x70bb0000 - 0x70bd0000 	C:\Program Files (x86)\Java\jre7\bin\java.dll
0x70b90000 - 0x70ba3000 	C:\Program Files (x86)\Java\jre7\bin\zip.dll
0x6f490000 - 0x6f5d3000 	C:\Program Files (x86)\Java\jre7\bin\awt.dll
0x76c00000 - 0x76c8b000 	C:\Windows\SYSTEM32\OLEAUT32.dll
0x76de0000 - 0x76f16000 	C:\Windows\SYSTEM32\combase.dll
0x72dd0000 - 0x72e77000 	C:\Windows\system32\apphelp.dll
0x71a40000 - 0x71a59000 	C:\Windows\system32\DWMAPI.DLL
0x726b0000 - 0x72738000 	C:\Windows\system32\uxtheme.dll
0x76760000 - 0x76879000 	C:\Windows\SYSTEM32\ole32.dll
0x74da0000 - 0x75e66000 	C:\Windows\SYSTEM32\SHELL32.dll
0x75f40000 - 0x75f80000 	C:\Windows\SYSTEM32\SHLWAPI.dll
0x73330000 - 0x733a3000 	C:\Windows\SYSTEM32\shcore.dll
0x718b0000 - 0x718e9000 	C:\Program Files (x86)\Java\jre7\bin\fontmanager.dll
0x6f250000 - 0x6f264000 	C:\Program Files (x86)\Java\jre7\bin\net.dll
0x72e80000 - 0x72eca000 	C:\Windows\system32\mswsock.dll
0x718a0000 - 0x718af000 	C:\Program Files (x86)\Java\jre7\bin\nio.dll
0x706d0000 - 0x70700000 	C:\Program Files (x86)\Java\jre7\bin\t2k.dll
0x76b80000 - 0x76bf4000 	C:\Windows\SYSTEM32\clbcatq.dll
0x6a8a0000 - 0x6a9eb000 	C:\Windows\SYSTEM32\WindowsCodecs.dll
0x76dc0000 - 0x76dd1000 	C:\Windows\SYSTEM32\profapi.dll
0x68440000 - 0x68464000 	C:\Program Files (x86)\Java\jre7\bin\dcpr.dll
0x5e900000 - 0x5e96d000 	C:\binaries\terrajava.dll
0x5e220000 - 0x5e307000 	C:\binaries\terramanager-funcate.dll
0x59300000 - 0x59ba6000 	C:\binaries\terralib.dll
0x64af0000 - 0x64b59000 	C:\Windows\SYSTEM32\MSVCP100.dll
0x6d880000 - 0x6db4c000 	C:\binaries\bgd.dll
0x66b80000 - 0x66b9b000 	C:\binaries\terraogc_xml.dll
0x60460000 - 0x6047d000 	C:\binaries\terraogc_sld.dll
0x5f9a0000 - 0x5f9c6000 	C:\binaries\terraogc_se.dll
0x5e8c0000 - 0x5e8f6000 	C:\binaries\terraogc_filter.dll
0x5e1c0000 - 0x5e212000 	C:\binaries\terraogc_ows.dll
0x5f980000 - 0x5f999000 	C:\binaries\terraogc_common.dll
0x684c0000 - 0x684cb000 	C:\binaries\terralib_shp.dll
0x60450000 - 0x6045e000 	C:\binaries\terralib_spl.dll
0x06180000 - 0x06576000 	C:\binaries\qt-mt338.dll
0x613d0000 - 0x6149e000 	C:\Windows\SYSTEM32\OPENGL32.dll
0x613a0000 - 0x613c3000 	C:\Windows\SYSTEM32\GLU32.dll
0x5e140000 - 0x5e1bf000 	C:\binaries\qwt500.dll
0x0fc90000 - 0x11c8f000 	C:\binaries\berkelium.dll
0x06580000 - 0x066c1000 	C:\binaries\LIBMYSQL.dll
0x63100000 - 0x63121000 	C:\binaries\LIBPQ.dll
0x066d0000 - 0x06731000 	C:\binaries\OCI.dll
0x5da30000 - 0x5daba000 	C:\binaries\libtiff.dll
0x56580000 - 0x56d52000 	C:\binaries\gdal110.dll
0x12000000 - 0x121dc000 	C:\binaries\xerces-c_3_1.dll
0x592a0000 - 0x592f5000 	C:\binaries\terraogc_wms.dll
0x59240000 - 0x59293000 	C:\binaries\terraogc_gml.dll
0x5e0f0000 - 0x5e131000 	C:\binaries\terraogc_xsd.dll
0x5a810000 - 0x5a830000 	C:\binaries\terraogc_xacml.dll
0x71f30000 - 0x71f90000 	C:\Windows\SYSTEM32\WINSPOOL.DRV
0x7c340000 - 0x7c396000 	C:\Windows\SYSTEM32\MSVCR71.dll
0x608a0000 - 0x60979000 	C:\Windows\SYSTEM32\DDRAW.dll
0x727a0000 - 0x727a9000 	C:\Windows\SYSTEM32\Secur32.dll
0x75f20000 - 0x75f3b000 	C:\Windows\SYSTEM32\USERENV.dll
0x71520000 - 0x71570000 	C:\Windows\SYSTEM32\OLEACC.dll
0x54200000 - 0x54276000 	C:\Windows\SYSTEM32\RICHED20.dll
0x72ee0000 - 0x72ee8000 	C:\Windows\SYSTEM32\VERSION.dll
0x720b0000 - 0x720c4000 	C:\Windows\SYSTEM32\USP10.dll
0x72c50000 - 0x72cc5000 	C:\Windows\SYSTEM32\DNSAPI.dll
0x067e0000 - 0x0688a000 	C:\Windows\libeay32.dll
0x06890000 - 0x0689d000 	C:\binaries\libintl-2.dll
0x72ed0000 - 0x72ed6000 	C:\Windows\SYSTEM32\SHFOLDER.DLL
0x068a0000 - 0x068c6000 	C:\Windows\ssleay32.dll
0x068d0000 - 0x068f6000 	C:\binaries\libexpat.dll
0x60770000 - 0x60811000 	C:\Windows\SYSTEM32\ODBC32.dll
0x60760000 - 0x60767000 	C:\Windows\SYSTEM32\DCIMAN32.dll
0x663b0000 - 0x663db000 	C:\Windows\SYSTEM32\msls31.dll
0x06950000 - 0x06a2b000 	C:\binaries\libiconv-2.dll
0x6f600000 - 0x6f61d000 	C:\Windows\SYSTEM32\gpapi.dll
0x74530000 - 0x74556000 	C:\Windows\SYSTEM32\ntmarta.dll
0x54e60000 - 0x55708000 	C:\binaries\icudt46.dll
0x53850000 - 0x53979000 	C:\Windows\SYSTEM32\dbghelp.dll
0x72040000 - 0x72050000 	C:\Windows\system32\napinsp.dll
0x72020000 - 0x72034000 	C:\Windows\system32\pnrpnsp.dll
0x72010000 - 0x72020000 	C:\Windows\system32\NLAapi.dll
0x72000000 - 0x72009000 	C:\Windows\System32\winrnr.dll
0x71ac0000 - 0x71ad0000 	C:\Windows\system32\wshbth.dll
0x726a0000 - 0x726a7000 	C:\Windows\System32\rasadhlp.dll
0x71c30000 - 0x71c6f000 	C:\Windows\System32\fwpuclnt.dll
0x72cd0000 - 0x72cf0000 	C:\Windows\SYSTEM32\IPHLPAPI.DLL
0x72c40000 - 0x72c48000 	C:\Windows\SYSTEM32\WINNSI.DLL
0x730d0000 - 0x730ea000 	C:\Windows\SYSTEM32\CRYPTSP.dll
0x73090000 - 0x730ce000 	C:\Windows\system32\rsaenh.dll
0x72c30000 - 0x72c40000 	C:\Windows\SYSTEM32\dhcpcsvc6.DLL
0x72c10000 - 0x72c22000 	C:\Windows\SYSTEM32\dhcpcsvc.DLL
0x59210000 - 0x59235000 	C:\Program Files (x86)\Java\jre7\bin\jpeg.dll

VM Arguments:
jvm_args: -Dfile.encoding=ISO-8859-1 
java_command: com.nexusbr.gv.main.ConnectDBMain
Launcher Type: SUN_STANDARD

Environment Variables:
JAVA_HOME=C:\Program Files (x86)\Java\jre7
PATH=C:/Program Files (x86)/Java/jre7/bin/client;C:/Program Files (x86)/Java/jre7/bin;C:/Program Files (x86)/Java/jre7/lib/i386;C:\Program Files (x86)\PHP\;c:\Program Files (x86)\Intel\iCLS Client\;c:\Program Files\Intel\iCLS Client\;C:\Windows\system32;C:\Windows;C:\Windows\System32\Wbem;C:\Windows\System32\WindowsPowerShell\v1.0\;C:\Program Files\Intel\Intel(R) Management Engine Components\DAL;C:\Program Files\Intel\Intel(R) Management Engine Components\IPT;C:\Program Files (x86)\Intel\Intel(R) Management Engine Components\DAL;C:\Program Files (x86)\Intel\Intel(R) Management Engine Components\IPT;C:\Program Files (x86)\Intel\OpenCL SDK\3.0\bin\x86;C:\Program Files (x86)\Intel\OpenCL SDK\3.0\bin\x64;C:\Program Files (x86)\Windows Live\Shared;C:\binaries;c:\Program Files (x86)\Microsoft SQL Server\100\Tools\Binn\;c:\Program Files\Microsoft SQL Server\100\Tools\Binn\;c:\Program Files\Microsoft SQL Server\100\DTS\Binn\;C:\strawberry\c\bin;C:\strawberry\perl\site\bin;C:\strawberry\perl\bin;C:\Program Files (x86)\Microsoft SQL Server\110\Tools\Binn\ManagementStudio\;C:\Program Files (x86)\Microsoft SQL Server\110\Tools\Binn\;C:\Program Files\Microsoft SQL Server\110\Tools\Binn\;C:\Program Files (x86)\Microsoft SQL Server\110\DTS\Binn\;C:\Program Files\TortoiseSVN\bin;C:\Python34;C:\Program Files (x86)\Java\jre7\bin;C:\eclipse;
USERNAME=inacio
OS=Windows_NT
PROCESSOR_IDENTIFIER=Intel64 Family 6 Model 69 Stepping 1, GenuineIntel



---------------  S Y S T E M  ---------------

OS: Windows 8 , 64 bit Build 9200 

CPU:total 4 (2 cores per cpu, 2 threads per core) family 6 model 69 stepping 1, cmov, cx8, fxsr, mmx, sse, sse2, sse3, ssse3, sse4.1, sse4.2, popcnt, avx, avx2, aes, erms, ht, tsc, tscinvbit

Memory: 4k page, physical 8290700k(2422192k free), swap 9535884k(3537168k free)

vm_info: Java HotSpot(TM) Client VM (24.60-b09) for windows-x86 JRE (1.7.0_60-b19), built on May  7 2014 13:09:52 by "java_re" with unknown MS VC++:1600

time: Fri Jul 04 10:08:14 2014
elapsed time: 11 seconds

