#
# A fatal error has been detected by the Java Runtime Environment:
#
#  EXCEPTION_ACCESS_VIOLATION (0xc0000005) at pc=0x0fb49052, pid=2944, tid=7100
#
# JRE version: Java(TM) SE Runtime Environment (7.0_60-b19) (build 1.7.0_60-b19)
# Java VM: Java HotSpot(TM) Client VM (24.60-b09 mixed mode, sharing windows-x86 )
# Problematic frame:
# C  [berkelium.dll+0xa39052]
#
# Failed to write core dump. Minidumps are not enabled by default on client versions of Windows
#
# If you would like to submit a bug report, please visit:
#   http://bugreport.sun.com/bugreport/crash.jsp
#

---------------  T H R E A D  ---------------

Current thread (0x008dfc00):  VMThread [stack: 0x03f10000,0x03f60000] [id=7100]

siginfo: ExceptionCode=0xc0000005, reading address 0x000000f8

Registers:
EAX=0x03f5f2f4, EBX=0x000493e0, ECX=0x03f5f2f4, EDX=0xb5e556b8
ESP=0x03f5f2e4, EBP=0x00000087, ESI=0x00000000, EDI=0xc7c6f9b8
EIP=0x0fb49052, EFLAGS=0x00010206

Top of Stack: (sp=0x03f5f2e4)
0x03f5f2e4:   06961168 06961168 068bab00 00000000
0x03f5f2f4:   b5e556b8 00000087 06953a20 0695e900
0x03f5f304:   00000000 00000000 00000000 74616401
0x03f5f314:   69642d61 06b80072 00000023 0000002f
0x03f5f324:   00000000 068e7070 002e5bf3 06961000
0x03f5f334:   068bab44 ffffff00 0f17bf20 10c99778
0x03f5f344:   063e0030 00000000 0000000f 10c9a730
0x03f5f354:   00000001 0f179783 00000008 00000001 

Instructions: (pc=0x0fb49052)
0x0fb49032:   03 00 00 57 53 e8 f4 c8 60 ff 8b ea 8d 54 24 10
0x0fb49042:   52 8b f8 e8 26 ca 00 00 83 c4 04 03 38 13 68 04
0x0fb49052:   8b 86 f8 00 00 00 0b 86 fc 00 00 00 89 7c 24 20
0x0fb49062:   89 6c 24 24 75 3e 39 84 24 d4 00 00 00 7f 35 7c 


Register to memory mapping:

EAX=
[error occurred during error reporting (printing register info), id 0xc0000005]

Stack: [0x03f10000,0x03f60000],  sp=0x03f5f2e4,  free space=316k
Native frames: (J=compiled Java code, j=interpreted, Vv=VM code, C=native code)
C  [berkelium.dll+0xa39052]

VM_Operation (0x0550e980): Exit, mode: safepoint, requested by thread 0x05082c00


---------------  P R O C E S S  ---------------

Java Threads: ( => current thread )
  0x053b9800 JavaThread "WeakCollectionCleaner" daemon [_thread_blocked, id=7020, stack(0x08b40000,0x08b90000)]
  0x052df000 JavaThread "TimerQueue" daemon [_thread_blocked, id=9968, stack(0x072f0000,0x07340000)]
  0x0077e000 JavaThread "DestroyJavaVM" [_thread_blocked, id=3288, stack(0x00780000,0x007d0000)]
  0x05082c00 JavaThread "AWT-EventQueue-0" [_thread_blocked, id=6380, stack(0x054c0000,0x05510000)]
  0x0452c800 JavaThread "AWT-Shutdown" [_thread_blocked, id=7044, stack(0x04b90000,0x04be0000)]
  0x044dbc00 JavaThread "Java2D Disposer" daemon [_thread_blocked, id=8560, stack(0x04990000,0x049e0000)]
  0x00959000 JavaThread "Service Thread" daemon [_thread_blocked, id=10320, stack(0x04270000,0x042c0000)]
  0x00954c00 JavaThread "C1 CompilerThread0" daemon [_thread_blocked, id=9140, stack(0x041e0000,0x04230000)]
  0x00953000 JavaThread "Attach Listener" daemon [_thread_blocked, id=10740, stack(0x04150000,0x041a0000)]
  0x00950c00 JavaThread "Signal Dispatcher" daemon [_thread_blocked, id=9132, stack(0x040c0000,0x04110000)]
  0x008e2800 JavaThread "Finalizer" daemon [_thread_blocked, id=6356, stack(0x04030000,0x04080000)]
  0x008e1000 JavaThread "Reference Handler" daemon [_thread_blocked, id=5376, stack(0x03fa0000,0x03ff0000)]

Other Threads:
=>0x008dfc00 VMThread [stack: 0x03f10000,0x03f60000] [id=7100]

VM state:at safepoint (shutting down)

VM Mutex/Monitor currently owned by a thread:  ([mutex/lock_event])
[0x0077c2c8] Threads_lock - owner thread: 0x008dfc00

Heap
 def new generation   total 36160K, used 27026K [0x24000000, 0x26730000, 0x29550000)
  eden space 32192K,  83% used [0x24000000, 0x25a649b0, 0x25f70000)
  from space 3968K,   0% used [0x25f70000, 0x25f70000, 0x26350000)
  to   space 3968K,   0% used [0x26350000, 0x26350000, 0x26730000)
 tenured generation   total 80188K, used 48112K [0x29550000, 0x2e39f000, 0x34000000)
   the space 80188K,  59% used [0x29550000, 0x2c44c090, 0x2c44c200, 0x2e39f000)
 compacting perm gen  total 12288K, used 9295K [0x34000000, 0x34c00000, 0x38000000)
   the space 12288K,  75% used [0x34000000, 0x34913c88, 0x34913e00, 0x34c00000)
    ro space 10240K,  42% used [0x38000000, 0x38434778, 0x38434800, 0x38a00000)
    rw space 12288K,  52% used [0x38a00000, 0x39049a68, 0x39049c00, 0x39600000)

Card table byte_map: [0x009c0000,0x00a70000] byte_map_base: 0x008a0000

Polling page: 0x00230000

Code Cache  [0x01ea0000, 0x020a8000, 0x03ea0000)
 total_blobs=1242 nmethods=955 adapters=223 free_code_cache=30700Kb largest_free_block=31435904

Compilation events (10 events):
Event: 15.839 Thread 0x00954c00  960             java.lang.reflect.Field::getDeclaringClass (5 bytes)
Event: 15.839 Thread 0x00954c00 nmethod 960 0x020a4508 code [0x020a4600, 0x020a4680]
Event: 15.919 Thread 0x00954c00  961             javax.swing.plaf.synth.Region::isSubregion (5 bytes)
Event: 15.920 Thread 0x00954c00 nmethod 961 0x020a46c8 code [0x020a47c0, 0x020a4840]
Event: 16.056 Thread 0x00954c00  962             java.util.ArrayList::grow (45 bytes)
Event: 16.057 Thread 0x00954c00 nmethod 962 0x020a4888 code [0x020a49a0, 0x020a4b08]
Event: 16.118 Thread 0x00954c00  963             sun.reflect.UnsafeFieldAccessorImpl::ensureObj (23 bytes)
Event: 16.119 Thread 0x00954c00 nmethod 963 0x020a4c48 code [0x020a4d80, 0x020a4f30]
Event: 16.374 Thread 0x00954c00  964             java.awt.event.MouseEvent::getModifiersEx (29 bytes)
Event: 16.374 Thread 0x00954c00 nmethod 964 0x020a5148 code [0x020a5240, 0x020a52fc]

GC Heap History (10 events):
Event: 3.357 GC heap before
{Heap before GC invocations=13 (full 2):
 def new generation   total 11584K, used 9462K [0x24000000, 0x24c90000, 0x29550000)
  eden space 10304K,  91% used [0x24000000, 0x24932da0, 0x24a10000)
  from space 1280K,   3% used [0x24b50000, 0x24b5aba8, 0x24c90000)
  to   space 1280K,   0% used [0x24a10000, 0x24a10000, 0x24b50000)
 tenured generation   total 25668K, used 24764K [0x29550000, 0x2ae61000, 0x34000000)
   the space 25668K,  96% used [0x29550000, 0x2ad7f1d0, 0x2ad7f200, 0x2ae61000)
 compacting perm gen  total 12288K, used 8518K [0x34000000, 0x34c00000, 0x38000000)
   the space 12288K,  69% used [0x34000000, 0x34851820, 0x34851a00, 0x34c00000)
    ro space 10240K,  42% used [0x38000000, 0x38434778, 0x38434800, 0x38a00000)
    rw space 12288K,  52% used [0x38a00000, 0x39049a68, 0x39049c00, 0x39600000)
Event: 3.399 GC heap after
Heap after GC invocations=14 (full 3):
 def new generation   total 13376K, used 0K [0x24000000, 0x24e80000, 0x29550000)
  eden space 11904K,   0% used [0x24000000, 0x24000000, 0x24ba0000)
  from space 1472K,   0% used [0x24ba0000, 0x24ba0000, 0x24d10000)
  to   space 1472K,   0% used [0x24d10000, 0x24d10000, 0x24e80000)
 tenured generation   total 29564K, used 17737K [0x29550000, 0x2b22f000, 0x34000000)
   the space 29564K,  59% used [0x29550000, 0x2a6a25d8, 0x2a6a2600, 0x2b22f000)
 compacting perm gen  total 12288K, used 8518K [0x34000000, 0x34c00000, 0x38000000)
   the space 12288K,  69% used [0x34000000, 0x34851820, 0x34851a00, 0x34c00000)
    ro space 10240K,  42% used [0x38000000, 0x38434778, 0x38434800, 0x38a00000)
    rw space 12288K,  52% used [0x38a00000, 0x39049a68, 0x39049c00, 0x39600000)
}
Event: 4.930 GC heap before
{Heap before GC invocations=14 (full 3):
 def new generation   total 13376K, used 9534K [0x24000000, 0x24e80000, 0x29550000)
  eden space 11904K,  80% used [0x24000000, 0x2494f8d8, 0x24ba0000)
  from space 1472K,   0% used [0x24ba0000, 0x24ba0000, 0x24d10000)
  to   space 1472K,   0% used [0x24d10000, 0x24d10000, 0x24e80000)
 tenured generation   total 29564K, used 17737K [0x29550000, 0x2b22f000, 0x34000000)
   the space 29564K,  59% used [0x29550000, 0x2a6a25d8, 0x2a6a2600, 0x2b22f000)
 compacting perm gen  total 12288K, used 8563K [0x34000000, 0x34c00000, 0x38000000)
   the space 12288K,  69% used [0x34000000, 0x3485cc48, 0x3485ce00, 0x34c00000)
    ro space 10240K,  42% used [0x38000000, 0x38434778, 0x38434800, 0x38a00000)
    rw space 12288K,  52% used [0x38a00000, 0x39049a68, 0x39049c00, 0x39600000)
Event: 4.933 GC heap after
Heap after GC invocations=15 (full 3):
 def new generation   total 13376K, used 159K [0x24000000, 0x24e80000, 0x29550000)
  eden space 11904K,   0% used [0x24000000, 0x24000000, 0x24ba0000)
  from space 1472K,  10% used [0x24d10000, 0x24d37cf8, 0x24e80000)
  to   space 1472K,   0% used [0x24ba0000, 0x24ba0000, 0x24d10000)
 tenured generation   total 29564K, used 26313K [0x29550000, 0x2b22f000, 0x34000000)
   the space 29564K,  89% used [0x29550000, 0x2af024c8, 0x2af02600, 0x2b22f000)
 compacting perm gen  total 12288K, used 8563K [0x34000000, 0x34c00000, 0x38000000)
   the space 12288K,  69% used [0x34000000, 0x3485cc48, 0x3485ce00, 0x34c00000)
    ro space 10240K,  42% used [0x38000000, 0x38434778, 0x38434800, 0x38a00000)
    rw space 12288K,  52% used [0x38a00000, 0x39049a68, 0x39049c00, 0x39600000)
}
Event: 4.959 GC heap before
{Heap before GC invocations=15 (full 3):
 def new generation   total 13376K, used 9947K [0x24000000, 0x24e80000, 0x29550000)
  eden space 11904K,  82% used [0x24000000, 0x2498f068, 0x24ba0000)
  from space 1472K,  10% used [0x24d10000, 0x24d37cf8, 0x24e80000)
  to   space 1472K,   0% used [0x24ba0000, 0x24ba0000, 0x24d10000)
 tenured generation   total 29564K, used 26313K [0x29550000, 0x2b22f000, 0x34000000)
   the space 29564K,  89% used [0x29550000, 0x2af024c8, 0x2af02600, 0x2b22f000)
 compacting perm gen  total 12288K, used 8563K [0x34000000, 0x34c00000, 0x38000000)
   the space 12288K,  69% used [0x34000000, 0x3485cc58, 0x3485ce00, 0x34c00000)
    ro space 10240K,  42% used [0x38000000, 0x38434778, 0x38434800, 0x38a00000)
    rw space 12288K,  52% used [0x38a00000, 0x39049a68, 0x39049c00, 0x39600000)
Event: 5.017 GC heap after
Heap after GC invocations=16 (full 4):
 def new generation   total 18944K, used 0K [0x24000000, 0x25480000, 0x29550000)
  eden space 16896K,   0% used [0x24000000, 0x24000000, 0x25080000)
  from space 2048K,   0% used [0x25080000, 0x25080000, 0x25280000)
  to   space 2048K,   0% used [0x25280000, 0x25280000, 0x25480000)
 tenured generation   total 41792K, used 25073K [0x29550000, 0x2be20000, 0x34000000)
   the space 41792K,  59% used [0x29550000, 0x2adcc7e8, 0x2adcc800, 0x2be20000)
 compacting perm gen  total 12288K, used 8557K [0x34000000, 0x34c00000, 0x38000000)
   the space 12288K,  69% used [0x34000000, 0x3485b440, 0x3485b600, 0x34c00000)
    ro space 10240K,  42% used [0x38000000, 0x38434778, 0x38434800, 0x38a00000)
    rw space 12288K,  52% used [0x38a00000, 0x39049a68, 0x39049c00, 0x39600000)
}
Event: 11.622 GC heap before
{Heap before GC invocations=16 (full 4):
 def new generation   total 18944K, used 16896K [0x24000000, 0x25480000, 0x29550000)
  eden space 16896K, 100% used [0x24000000, 0x25080000, 0x25080000)
  from space 2048K,   0% used [0x25080000, 0x25080000, 0x25280000)
  to   space 2048K,   0% used [0x25280000, 0x25280000, 0x25480000)
 tenured generation   total 41792K, used 25073K [0x29550000, 0x2be20000, 0x34000000)
   the space 41792K,  59% used [0x29550000, 0x2adcc7e8, 0x2adcc800, 0x2be20000)
 compacting perm gen  total 12288K, used 9121K [0x34000000, 0x34c00000, 0x38000000)
   the space 12288K,  74% used [0x34000000, 0x348e87e8, 0x348e8800, 0x34c00000)
    ro space 10240K,  42% used [0x38000000, 0x38434778, 0x38434800, 0x38a00000)
    rw space 12288K,  52% used [0x38a00000, 0x39049a68, 0x39049c00, 0x39600000)
Event: 11.636 GC heap after
Heap after GC invocations=17 (full 4):
 def new generation   total 18944K, used 2048K [0x24000000, 0x25480000, 0x29550000)
  eden space 16896K,   0% used [0x24000000, 0x24000000, 0x25080000)
  from space 2048K, 100% used [0x25280000, 0x25480000, 0x25480000)
  to   space 2048K,   0% used [0x25080000, 0x25080000, 0x25280000)
 tenured generation   total 41792K, used 33983K [0x29550000, 0x2be20000, 0x34000000)
   the space 41792K,  81% used [0x29550000, 0x2b67fdb8, 0x2b67fe00, 0x2be20000)
 compacting perm gen  total 12288K, used 9121K [0x34000000, 0x34c00000, 0x38000000)
   the space 12288K,  74% used [0x34000000, 0x348e87e8, 0x348e8800, 0x34c00000)
    ro space 10240K,  42% used [0x38000000, 0x38434778, 0x38434800, 0x38a00000)
    rw space 12288K,  52% used [0x38a00000, 0x39049a68, 0x39049c00, 0x39600000)
}
Event: 11.735 GC heap before
{Heap before GC invocations=17 (full 4):
 def new generation   total 18944K, used 18944K [0x24000000, 0x25480000, 0x29550000)
  eden space 16896K, 100% used [0x24000000, 0x25080000, 0x25080000)
  from space 2048K, 100% used [0x25280000, 0x25480000, 0x25480000)
  to   space 2048K,   0% used [0x25080000, 0x25080000, 0x25280000)
 tenured generation   total 41792K, used 33983K [0x29550000, 0x2be20000, 0x34000000)
   the space 41792K,  81% used [0x29550000, 0x2b67fdb8, 0x2b67fe00, 0x2be20000)
 compacting perm gen  total 12288K, used 9230K [0x34000000, 0x34c00000, 0x38000000)
   the space 12288K,  75% used [0x34000000, 0x34903ba0, 0x34903c00, 0x34c00000)
    ro space 10240K,  42% used [0x38000000, 0x38434778, 0x38434800, 0x38a00000)
    rw space 12288K,  52% used [0x38a00000, 0x39049a68, 0x39049c00, 0x39600000)
Event: 11.836 GC heap after
Heap after GC invocations=18 (full 5):
 def new generation   total 36160K, used 0K [0x24000000, 0x26730000, 0x29550000)
  eden space 32192K,   0% used [0x24000000, 0x24000000, 0x25f70000)
  from space 3968K,   0% used [0x25f70000, 0x25f70000, 0x26350000)
  to   space 3968K,   0% used [0x26350000, 0x26350000, 0x26730000)
 tenured generation   total 80188K, used 48112K [0x29550000, 0x2e39f000, 0x34000000)
   the space 80188K,  59% used [0x29550000, 0x2c44c090, 0x2c44c200, 0x2e39f000)
 compacting perm gen  total 12288K, used 9230K [0x34000000, 0x34c00000, 0x38000000)
   the space 12288K,  75% used [0x34000000, 0x34903ba0, 0x34903c00, 0x34c00000)
    ro space 10240K,  42% used [0x38000000, 0x38434778, 0x38434800, 0x38a00000)
    rw space 12288K,  52% used [0x38a00000, 0x39049a68, 0x39049c00, 0x39600000)
}

Deoptimization events (0 events):
No events

Internal exceptions (10 events):
Event: 11.506 Thread 0x05082c00 Threw 0x24aedd08 at C:\re\jdk7u60\1081\hotspot\src\share\vm\prims\jvm.cpp:1244
Event: 11.694 Thread 0x05082c00 Threw 0x243e74c8 at C:\re\jdk7u60\1081\hotspot\src\share\vm\prims\jvm.cpp:1244
Event: 11.695 Thread 0x05082c00 Threw 0x243ec980 at C:\re\jdk7u60\1081\hotspot\src\share\vm\prims\jvm.cpp:1244
Event: 11.696 Thread 0x05082c00 Threw 0x243ff660 at C:\re\jdk7u60\1081\hotspot\src\share\vm\prims\jvm.cpp:1244
Event: 11.696 Thread 0x05082c00 Threw 0x24405740 at C:\re\jdk7u60\1081\hotspot\src\share\vm\prims\jvm.cpp:1244
Event: 11.696 Thread 0x05082c00 Threw 0x2440cfd8 at C:\re\jdk7u60\1081\hotspot\src\share\vm\prims\jvm.cpp:1244
Event: 11.697 Thread 0x05082c00 Threw 0x24418600 at C:\re\jdk7u60\1081\hotspot\src\share\vm\prims\jvm.cpp:1244
Event: 11.699 Thread 0x05082c00 Threw 0x2443cd00 at C:\re\jdk7u60\1081\hotspot\src\share\vm\prims\jvm.cpp:1244
Event: 11.703 Thread 0x05082c00 Threw 0x244464f8 at C:\re\jdk7u60\1081\hotspot\src\share\vm\prims\jvm.cpp:1244
Event: 11.838 Thread 0x008e2800 Threw 0x240f42e0 at C:\re\jdk7u60\1081\hotspot\src\share\vm\interpreter\linkResolver.cpp:883

Events (10 events):
Event: 17.623 loading class 0x39670c20
Event: 17.623 loading class 0x39670bc8
Event: 17.623 loading class 0x39670bc8 done
Event: 17.623 loading class 0x39670c20 done
Event: 17.624 Thread 0x053bc400 Thread exited: 0x053bc400
Event: 17.624 Thread 0x053ba000 Thread exited: 0x053ba000
Event: 17.624 Thread 0x053b9400 Thread exited: 0x053b9400
Event: 17.631 Thread 0x0452d000 Thread exited: 0x0452d000
Event: 17.724 Thread 0x053ba400 Thread exited: 0x053ba400
Event: 17.724 Executing VM operation: Exit


Dynamic libraries:
0x00a70000 - 0x00a9f000 	C:\Program Files (x86)\Java\jre7\bin\javaw.exe
0x76fe0000 - 0x77137000 	C:\Windows\SYSTEM32\ntdll.dll
0x74690000 - 0x747c0000 	C:\Windows\SYSTEM32\KERNEL32.DLL
0x76a80000 - 0x76b27000 	C:\Windows\SYSTEM32\KERNELBASE.dll
0x747c0000 - 0x7486e000 	C:\Windows\SYSTEM32\ADVAPI32.dll
0x764f0000 - 0x76606000 	C:\Windows\SYSTEM32\USER32.dll
0x73130000 - 0x73328000 	C:\Windows\WinSxS\x86_microsoft.windows.common-controls_6595b64144ccf1df_6.0.9200.16579_none_8937eec6860750f5\COMCTL32.dll
0x76000000 - 0x760b1000 	C:\Windows\SYSTEM32\msvcrt.dll
0x74870000 - 0x748a4000 	C:\Windows\SYSTEM32\sechost.dll
0x760c0000 - 0x7616c000 	C:\Windows\SYSTEM32\RPCRT4.dll
0x748b0000 - 0x749ad000 	C:\Windows\SYSTEM32\GDI32.dll
0x745d0000 - 0x745ed000 	C:\Windows\SYSTEM32\SspiCli.dll
0x745c0000 - 0x745c9000 	C:\Windows\SYSTEM32\CRYPTBASE.dll
0x74560000 - 0x745b1000 	C:\Windows\SYSTEM32\bcryptPrimitives.dll
0x762e0000 - 0x76300000 	C:\Windows\system32\IMM32.DLL
0x76680000 - 0x7675e000 	C:\Windows\SYSTEM32\MSCTF.dll
0x5e970000 - 0x5ea2f000 	C:\Program Files (x86)\Java\jre7\bin\msvcr100.dll
0x5e310000 - 0x5e698000 	C:\Program Files (x86)\Java\jre7\bin\client\jvm.dll
0x71c10000 - 0x71c18000 	C:\Windows\SYSTEM32\WSOCK32.dll
0x71fb0000 - 0x71fd1000 	C:\Windows\SYSTEM32\WINMM.dll
0x76300000 - 0x76306000 	C:\Windows\SYSTEM32\PSAPI.DLL
0x75f80000 - 0x75fd0000 	C:\Windows\SYSTEM32\WS2_32.dll
0x71c70000 - 0x71c9b000 	C:\Windows\SYSTEM32\WINMMBASE.dll
0x75ff0000 - 0x75ff8000 	C:\Windows\SYSTEM32\NSI.dll
0x76b30000 - 0x76b76000 	C:\Windows\SYSTEM32\cfgmgr32.dll
0x75f00000 - 0x75f1e000 	C:\Windows\SYSTEM32\DEVOBJ.dll
0x720a0000 - 0x720ac000 	C:\Program Files (x86)\Java\jre7\bin\verify.dll
0x70bb0000 - 0x70bd0000 	C:\Program Files (x86)\Java\jre7\bin\java.dll
0x70b90000 - 0x70ba3000 	C:\Program Files (x86)\Java\jre7\bin\zip.dll
0x6f490000 - 0x6f5d3000 	C:\Program Files (x86)\Java\jre7\bin\awt.dll
0x76c00000 - 0x76c8b000 	C:\Windows\SYSTEM32\OLEAUT32.dll
0x76de0000 - 0x76f16000 	C:\Windows\SYSTEM32\combase.dll
0x72dd0000 - 0x72e77000 	C:\Windows\system32\apphelp.dll
0x71a40000 - 0x71a59000 	C:\Windows\system32\DWMAPI.DLL
0x726b0000 - 0x72738000 	C:\Windows\system32\uxtheme.dll
0x76760000 - 0x76879000 	C:\Windows\SYSTEM32\ole32.dll
0x74da0000 - 0x75e66000 	C:\Windows\SYSTEM32\SHELL32.dll
0x75f40000 - 0x75f80000 	C:\Windows\SYSTEM32\SHLWAPI.dll
0x73330000 - 0x733a3000 	C:\Windows\SYSTEM32\shcore.dll
0x718b0000 - 0x718e9000 	C:\Program Files (x86)\Java\jre7\bin\fontmanager.dll
0x6f250000 - 0x6f264000 	C:\Program Files (x86)\Java\jre7\bin\net.dll
0x72e80000 - 0x72eca000 	C:\Windows\system32\mswsock.dll
0x718a0000 - 0x718af000 	C:\Program Files (x86)\Java\jre7\bin\nio.dll
0x706d0000 - 0x70700000 	C:\Program Files (x86)\Java\jre7\bin\t2k.dll
0x76b80000 - 0x76bf4000 	C:\Windows\SYSTEM32\clbcatq.dll
0x6a8a0000 - 0x6a9eb000 	C:\Windows\SYSTEM32\WindowsCodecs.dll
0x76dc0000 - 0x76dd1000 	C:\Windows\SYSTEM32\profapi.dll
0x68440000 - 0x68464000 	C:\Program Files (x86)\Java\jre7\bin\dcpr.dll
0x5e900000 - 0x5e96d000 	C:\binaries\terrajava.dll
0x5e220000 - 0x5e307000 	C:\binaries\terramanager-funcate.dll
0x59300000 - 0x59ba6000 	C:\binaries\terralib.dll
0x64af0000 - 0x64b59000 	C:\Windows\SYSTEM32\MSVCP100.dll
0x6d880000 - 0x6db4c000 	C:\binaries\bgd.dll
0x66b80000 - 0x66b9b000 	C:\binaries\terraogc_xml.dll
0x60460000 - 0x6047d000 	C:\binaries\terraogc_sld.dll
0x5f9a0000 - 0x5f9c6000 	C:\binaries\terraogc_se.dll
0x5e8c0000 - 0x5e8f6000 	C:\binaries\terraogc_filter.dll
0x5e1c0000 - 0x5e212000 	C:\binaries\terraogc_ows.dll
0x5f980000 - 0x5f999000 	C:\binaries\terraogc_common.dll
0x684c0000 - 0x684cb000 	C:\binaries\terralib_shp.dll
0x60450000 - 0x6045e000 	C:\binaries\terralib_spl.dll
0x05a40000 - 0x05e36000 	C:\binaries\qt-mt338.dll
0x613d0000 - 0x6149e000 	C:\Windows\SYSTEM32\OPENGL32.dll
0x613a0000 - 0x613c3000 	C:\Windows\SYSTEM32\GLU32.dll
0x5e140000 - 0x5e1bf000 	C:\binaries\qwt500.dll
0x0f110000 - 0x1110f000 	C:\binaries\berkelium.dll
0x05e40000 - 0x05f81000 	C:\binaries\LIBMYSQL.dll
0x63100000 - 0x63121000 	C:\binaries\LIBPQ.dll
0x05f90000 - 0x05ff1000 	C:\binaries\OCI.dll
0x5da30000 - 0x5daba000 	C:\binaries\libtiff.dll
0x56580000 - 0x56d52000 	C:\binaries\gdal110.dll
0x12000000 - 0x121dc000 	C:\binaries\xerces-c_3_1.dll
0x592a0000 - 0x592f5000 	C:\binaries\terraogc_wms.dll
0x59240000 - 0x59293000 	C:\binaries\terraogc_gml.dll
0x5e0f0000 - 0x5e131000 	C:\binaries\terraogc_xsd.dll
0x5a810000 - 0x5a830000 	C:\binaries\terraogc_xacml.dll
0x71f30000 - 0x71f90000 	C:\Windows\SYSTEM32\WINSPOOL.DRV
0x7c340000 - 0x7c396000 	C:\Windows\SYSTEM32\MSVCR71.dll
0x608a0000 - 0x60979000 	C:\Windows\SYSTEM32\DDRAW.dll
0x727a0000 - 0x727a9000 	C:\Windows\SYSTEM32\Secur32.dll
0x75f20000 - 0x75f3b000 	C:\Windows\SYSTEM32\USERENV.dll
0x71520000 - 0x71570000 	C:\Windows\SYSTEM32\OLEACC.dll
0x54200000 - 0x54276000 	C:\Windows\SYSTEM32\RICHED20.dll
0x72ee0000 - 0x72ee8000 	C:\Windows\SYSTEM32\VERSION.dll
0x720b0000 - 0x720c4000 	C:\Windows\SYSTEM32\USP10.dll
0x72c50000 - 0x72cc5000 	C:\Windows\SYSTEM32\DNSAPI.dll
0x060a0000 - 0x0614a000 	C:\Windows\libeay32.dll
0x06150000 - 0x0615d000 	C:\binaries\libintl-2.dll
0x72ed0000 - 0x72ed6000 	C:\Windows\SYSTEM32\SHFOLDER.DLL
0x06160000 - 0x06186000 	C:\Windows\ssleay32.dll
0x06190000 - 0x061b6000 	C:\binaries\libexpat.dll
0x60770000 - 0x60811000 	C:\Windows\SYSTEM32\ODBC32.dll
0x60760000 - 0x60767000 	C:\Windows\SYSTEM32\DCIMAN32.dll
0x663b0000 - 0x663db000 	C:\Windows\SYSTEM32\msls31.dll
0x06210000 - 0x062eb000 	C:\binaries\libiconv-2.dll
0x6f600000 - 0x6f61d000 	C:\Windows\SYSTEM32\gpapi.dll
0x74530000 - 0x74556000 	C:\Windows\SYSTEM32\ntmarta.dll
0x54e60000 - 0x55708000 	C:\binaries\icudt46.dll
0x53850000 - 0x53979000 	C:\Windows\SYSTEM32\dbghelp.dll
0x726a0000 - 0x726a7000 	C:\Windows\System32\rasadhlp.dll
0x72cd0000 - 0x72cf0000 	C:\Windows\SYSTEM32\IPHLPAPI.DLL
0x72c40000 - 0x72c48000 	C:\Windows\SYSTEM32\WINNSI.DLL
0x71c30000 - 0x71c6f000 	C:\Windows\System32\fwpuclnt.dll
0x72040000 - 0x72050000 	C:\Windows\system32\napinsp.dll
0x72020000 - 0x72034000 	C:\Windows\system32\pnrpnsp.dll
0x72010000 - 0x72020000 	C:\Windows\system32\NLAapi.dll
0x72000000 - 0x72009000 	C:\Windows\System32\winrnr.dll
0x71ac0000 - 0x71ad0000 	C:\Windows\system32\wshbth.dll
0x730d0000 - 0x730ea000 	C:\Windows\SYSTEM32\CRYPTSP.dll
0x73090000 - 0x730ce000 	C:\Windows\system32\rsaenh.dll
0x72c30000 - 0x72c40000 	C:\Windows\SYSTEM32\dhcpcsvc6.DLL
0x72c10000 - 0x72c22000 	C:\Windows\SYSTEM32\dhcpcsvc.DLL
0x59210000 - 0x59235000 	C:\Program Files (x86)\Java\jre7\bin\jpeg.dll

VM Arguments:
jvm_args: -Dfile.encoding=ISO-8859-1 
java_command: com.nexusbr.gv.main.ConnectDBMain
Launcher Type: SUN_STANDARD

Environment Variables:
JAVA_HOME=C:\Program Files (x86)\Java\jre7
PATH=C:/Program Files (x86)/Java/jre7/bin/client;C:/Program Files (x86)/Java/jre7/bin;C:/Program Files (x86)/Java/jre7/lib/i386;C:\Program Files (x86)\PHP\;c:\Program Files (x86)\Intel\iCLS Client\;c:\Program Files\Intel\iCLS Client\;C:\Windows\system32;C:\Windows;C:\Windows\System32\Wbem;C:\Windows\System32\WindowsPowerShell\v1.0\;C:\Program Files\Intel\Intel(R) Management Engine Components\DAL;C:\Program Files\Intel\Intel(R) Management Engine Components\IPT;C:\Program Files (x86)\Intel\Intel(R) Management Engine Components\DAL;C:\Program Files (x86)\Intel\Intel(R) Management Engine Components\IPT;C:\Program Files (x86)\Intel\OpenCL SDK\3.0\bin\x86;C:\Program Files (x86)\Intel\OpenCL SDK\3.0\bin\x64;C:\Program Files (x86)\Windows Live\Shared;C:\binaries;c:\Program Files (x86)\Microsoft SQL Server\100\Tools\Binn\;c:\Program Files\Microsoft SQL Server\100\Tools\Binn\;c:\Program Files\Microsoft SQL Server\100\DTS\Binn\;C:\strawberry\c\bin;C:\strawberry\perl\site\bin;C:\strawberry\perl\bin;C:\Program Files (x86)\Microsoft SQL Server\110\Tools\Binn\ManagementStudio\;C:\Program Files (x86)\Microsoft SQL Server\110\Tools\Binn\;C:\Program Files\Microsoft SQL Server\110\Tools\Binn\;C:\Program Files (x86)\Microsoft SQL Server\110\DTS\Binn\;C:\Program Files\TortoiseSVN\bin;C:\Python34;C:\Program Files (x86)\Java\jre7\bin;C:\eclipse;
USERNAME=inacio
OS=Windows_NT
PROCESSOR_IDENTIFIER=Intel64 Family 6 Model 69 Stepping 1, GenuineIntel



---------------  S Y S T E M  ---------------

OS: Windows 8 , 64 bit Build 9200 

CPU:total 4 (2 cores per cpu, 2 threads per core) family 6 model 69 stepping 1, cmov, cx8, fxsr, mmx, sse, sse2, sse3, ssse3, sse4.1, sse4.2, popcnt, avx, avx2, aes, erms, ht, tsc, tscinvbit

Memory: 4k page, physical 8290700k(2386156k free), swap 9535884k(3507072k free)

vm_info: Java HotSpot(TM) Client VM (24.60-b09) for windows-x86 JRE (1.7.0_60-b19), built on May  7 2014 13:09:52 by "java_re" with unknown MS VC++:1600

time: Fri Jul 04 09:47:00 2014
elapsed time: 17 seconds

