#
# A fatal error has been detected by the Java Runtime Environment:
#
#  EXCEPTION_ACCESS_VIOLATION (0xc0000005) at pc=0x106e9052, pid=10416, tid=8284
#
# JRE version: Java(TM) SE Runtime Environment (7.0_60-b19) (build 1.7.0_60-b19)
# Java VM: Java HotSpot(TM) Client VM (24.60-b09 mixed mode, sharing windows-x86 )
# Problematic frame:
# C  [berkelium.dll+0xa39052]
#
# Failed to write core dump. Minidumps are not enabled by default on client versions of Windows
#
# If you would like to submit a bug report, please visit:
#   http://bugreport.sun.com/bugreport/crash.jsp
#

---------------  T H R E A D  ---------------

Current thread (0x02a4fc00):  VMThread [stack: 0x04d20000,0x04d70000] [id=8284]

siginfo: ExceptionCode=0xc0000005, reading address 0x000000f8

Registers:
EAX=0x04d6f594, EBX=0x000493e0, ECX=0x04d6f594, EDX=0x930ff710
ESP=0x04d6f584, EBP=0x00000087, ESI=0x00000000, EDI=0xa4f19a10
EIP=0x106e9052, EFLAGS=0x00010206

Top of Stack: (sp=0x04d6f584)
0x04d6f584:   07721168 07721168 0767ab00 00000000
0x04d6f594:   930ff710 00000087 07713a20 0771c900
0x04d6f5a4:   00000000 00000000 00000000 74616401
0x04d6f5b4:   69642d61 079b0072 00000023 0000002f
0x04d6f5c4:   00000000 076a7070 002e5bf3 07721000
0x04d6f5d4:   0767ab44 ffffff00 0fd1bf20 11839778
0x04d6f5e4:   071f0030 00000000 0000000f 1183a730
0x04d6f5f4:   00000001 0fd19783 00000008 00000001 

Instructions: (pc=0x106e9052)
0x106e9032:   03 00 00 57 53 e8 f4 c8 60 ff 8b ea 8d 54 24 10
0x106e9042:   52 8b f8 e8 26 ca 00 00 83 c4 04 03 38 13 68 04
0x106e9052:   8b 86 f8 00 00 00 0b 86 fc 00 00 00 89 7c 24 20
0x106e9062:   89 6c 24 24 75 3e 39 84 24 d4 00 00 00 7f 35 7c 


Register to memory mapping:

EAX=
[error occurred during error reporting (printing register info), id 0xc0000005]

Stack: [0x04d20000,0x04d70000],  sp=0x04d6f584,  free space=317k
Native frames: (J=compiled Java code, j=interpreted, Vv=VM code, C=native code)
C  [berkelium.dll+0xa39052]

VM_Operation (0x062eea30): Exit, mode: safepoint, requested by thread 0x0533a800


---------------  P R O C E S S  ---------------

Java Threads: ( => current thread )
  0x056b1000 JavaThread "WeakCollectionCleaner" daemon [_thread_blocked, id=9860, stack(0x09980000,0x099d0000)]
  0x055e6400 JavaThread "TimerQueue" daemon [_thread_blocked, id=6060, stack(0x080e0000,0x08130000)]
  0x0106e000 JavaThread "DestroyJavaVM" [_thread_blocked, id=10744, stack(0x010d0000,0x01120000)]
  0x0533a800 JavaThread "AWT-EventQueue-0" [_thread_blocked, id=1136, stack(0x062a0000,0x062f0000)]
  0x0531b800 JavaThread "AWT-Shutdown" [_thread_blocked, id=3288, stack(0x05d70000,0x05dc0000)]
  0x0531a800 JavaThread "Java2D Disposer" daemon [_thread_blocked, id=1456, stack(0x05ce0000,0x05d30000)]
  0x02acbc00 JavaThread "Service Thread" daemon [_thread_blocked, id=1172, stack(0x05080000,0x050d0000)]
  0x02ac5800 JavaThread "C1 CompilerThread0" daemon [_thread_blocked, id=5908, stack(0x04ff0000,0x05040000)]
  0x02ac3c00 JavaThread "Attach Listener" daemon [_thread_blocked, id=10364, stack(0x04f60000,0x04fb0000)]
  0x02ac2800 JavaThread "Signal Dispatcher" daemon [_thread_blocked, id=5068, stack(0x04ed0000,0x04f20000)]
  0x02a52800 JavaThread "Finalizer" daemon [_thread_blocked, id=5232, stack(0x04e40000,0x04e90000)]
  0x02a51000 JavaThread "Reference Handler" daemon [_thread_blocked, id=5608, stack(0x04db0000,0x04e00000)]

Other Threads:
=>0x02a4fc00 VMThread [stack: 0x04d20000,0x04d70000] [id=8284]

VM state:at safepoint (shutting down)

VM Mutex/Monitor currently owned by a thread:  ([mutex/lock_event])
[0x0106c2c8] Threads_lock - owner thread: 0x02a4fc00

Heap
 def new generation   total 23552K, used 12084K [0x24000000, 0x25980000, 0x29550000)
  eden space 20992K,  45% used [0x24000000, 0x2494d258, 0x25480000)
  from space 2560K, 100% used [0x25700000, 0x25980000, 0x25980000)
  to   space 2560K,   0% used [0x25480000, 0x25480000, 0x25700000)
 tenured generation   total 52136K, used 47660K [0x29550000, 0x2c83a000, 0x34000000)
   the space 52136K,  91% used [0x29550000, 0x2c3db3e8, 0x2c3db400, 0x2c83a000)
 compacting perm gen  total 12288K, used 10581K [0x34000000, 0x34c00000, 0x38000000)
   the space 12288K,  86% used [0x34000000, 0x34a557b0, 0x34a55800, 0x34c00000)
    ro space 10240K,  42% used [0x38000000, 0x38434778, 0x38434800, 0x38a00000)
    rw space 12288K,  52% used [0x38a00000, 0x39049a68, 0x39049c00, 0x39600000)

Card table byte_map: [0x04bd0000,0x04c80000] byte_map_base: 0x04ab0000

Polling page: 0x01050000

Code Cache  [0x02bd0000, 0x02e38000, 0x04bd0000)
 total_blobs=1411 nmethods=1115 adapters=232 free_code_cache=30336Kb largest_free_block=31062400

Compilation events (10 events):
Event: 44.990 Thread 0x02ac5800 1128             java.awt.EventQueue::dispatchEventImpl (149 bytes)
Event: 44.992 Thread 0x02ac5800 nmethod 1128 0x02e2f1c8 code [0x02e2f3c0, 0x02e2f98c]
Event: 44.996 Thread 0x02ac5800 1129             java.awt.EventQueue::cacheEQItem (71 bytes)
Event: 44.997 Thread 0x02ac5800 nmethod 1129 0x02dbf448 code [0x02dbf560, 0x02dbf7dc]
Event: 44.997 Thread 0x02ac5800 1130             java.awt.EventQueue::uncacheEQItem (53 bytes)
Event: 44.998 Thread 0x02ac5800 nmethod 1130 0x02da0b48 code [0x02da0c60, 0x02da0dbc]
Event: 45.076 Thread 0x02ac5800 1131             java.lang.reflect.Field::setBoolean (50 bytes)
Event: 45.077 Thread 0x02ac5800 nmethod 1131 0x02da0788 code [0x02da08c0, 0x02da0a2c]
Event: 45.077 Thread 0x02ac5800 1132             sun.reflect.UnsafeBooleanFieldAccessorImpl::setBoolean (30 bytes)
Event: 45.078 Thread 0x02ac5800 nmethod 1132 0x02e2ff08 code [0x02e30060, 0x02e302e8]

GC Heap History (10 events):
Event: 5.163 GC heap before
{Heap before GC invocations=14 (full 3):
 def new generation   total 13568K, used 12096K [0x24000000, 0x24eb0000, 0x29550000)
  eden space 12096K, 100% used [0x24000000, 0x24bd0000, 0x24bd0000)
  from space 1472K,   0% used [0x24bd0000, 0x24bd0000, 0x24d40000)
  to   space 1472K,   0% used [0x24d40000, 0x24d40000, 0x24eb0000)
 tenured generation   total 30028K, used 18015K [0x29550000, 0x2b2a3000, 0x34000000)
   the space 30028K,  59% used [0x29550000, 0x2a6e7d58, 0x2a6e7e00, 0x2b2a3000)
 compacting perm gen  total 12288K, used 9116K [0x34000000, 0x34c00000, 0x38000000)
   the space 12288K,  74% used [0x34000000, 0x348e7298, 0x348e7400, 0x34c00000)
    ro space 10240K,  42% used [0x38000000, 0x38434778, 0x38434800, 0x38a00000)
    rw space 12288K,  52% used [0x38a00000, 0x39049a68, 0x39049c00, 0x39600000)
Event: 5.170 GC heap after
Heap after GC invocations=15 (full 3):
 def new generation   total 13568K, used 1472K [0x24000000, 0x24eb0000, 0x29550000)
  eden space 12096K,   0% used [0x24000000, 0x24000000, 0x24bd0000)
  from space 1472K, 100% used [0x24d40000, 0x24eb0000, 0x24eb0000)
  to   space 1472K,   0% used [0x24bd0000, 0x24bd0000, 0x24d40000)
 tenured generation   total 30028K, used 25123K [0x29550000, 0x2b2a3000, 0x34000000)
   the space 30028K,  83% used [0x29550000, 0x2add8da8, 0x2add8e00, 0x2b2a3000)
 compacting perm gen  total 12288K, used 9116K [0x34000000, 0x34c00000, 0x38000000)
   the space 12288K,  74% used [0x34000000, 0x348e7298, 0x348e7400, 0x34c00000)
    ro space 10240K,  42% used [0x38000000, 0x38434778, 0x38434800, 0x38a00000)
    rw space 12288K,  52% used [0x38a00000, 0x39049a68, 0x39049c00, 0x39600000)
}
Event: 5.334 GC heap before
{Heap before GC invocations=15 (full 3):
 def new generation   total 13568K, used 13568K [0x24000000, 0x24eb0000, 0x29550000)
  eden space 12096K, 100% used [0x24000000, 0x24bd0000, 0x24bd0000)
  from space 1472K, 100% used [0x24d40000, 0x24eb0000, 0x24eb0000)
  to   space 1472K,   0% used [0x24bd0000, 0x24bd0000, 0x24d40000)
 tenured generation   total 30028K, used 25123K [0x29550000, 0x2b2a3000, 0x34000000)
   the space 30028K,  83% used [0x29550000, 0x2add8da8, 0x2add8e00, 0x2b2a3000)
 compacting perm gen  total 12288K, used 9225K [0x34000000, 0x34c00000, 0x38000000)
   the space 12288K,  75% used [0x34000000, 0x34902650, 0x34902800, 0x34c00000)
    ro space 10240K,  42% used [0x38000000, 0x38434778, 0x38434800, 0x38a00000)
    rw space 12288K,  52% used [0x38a00000, 0x39049a68, 0x39049c00, 0x39600000)
Event: 5.418 GC heap after
Heap after GC invocations=16 (full 4):
 def new generation   total 23552K, used 0K [0x24000000, 0x25980000, 0x29550000)
  eden space 20992K,   0% used [0x24000000, 0x24000000, 0x25480000)
  from space 2560K,   0% used [0x25480000, 0x25480000, 0x25700000)
  to   space 2560K,   0% used [0x25700000, 0x25700000, 0x25980000)
 tenured generation   total 52136K, used 31280K [0x29550000, 0x2c83a000, 0x34000000)
   the space 52136K,  59% used [0x29550000, 0x2b3dc300, 0x2b3dc400, 0x2c83a000)
 compacting perm gen  total 12288K, used 9219K [0x34000000, 0x34c00000, 0x38000000)
   the space 12288K,  75% used [0x34000000, 0x34900c48, 0x34900e00, 0x34c00000)
    ro space 10240K,  42% used [0x38000000, 0x38434778, 0x38434800, 0x38a00000)
    rw space 12288K,  52% used [0x38a00000, 0x39049a68, 0x39049c00, 0x39600000)
}
Event: 5.647 GC heap before
{Heap before GC invocations=16 (full 4):
 def new generation   total 23552K, used 20992K [0x24000000, 0x25980000, 0x29550000)
  eden space 20992K, 100% used [0x24000000, 0x25480000, 0x25480000)
  from space 2560K,   0% used [0x25480000, 0x25480000, 0x25700000)
  to   space 2560K,   0% used [0x25700000, 0x25700000, 0x25980000)
 tenured generation   total 52136K, used 31280K [0x29550000, 0x2c83a000, 0x34000000)
   the space 52136K,  59% used [0x29550000, 0x2b3dc300, 0x2b3dc400, 0x2c83a000)
 compacting perm gen  total 12288K, used 9279K [0x34000000, 0x34c00000, 0x38000000)
   the space 12288K,  75% used [0x34000000, 0x3490fe70, 0x34910000, 0x34c00000)
    ro space 10240K,  42% used [0x38000000, 0x38434778, 0x38434800, 0x38a00000)
    rw space 12288K,  52% used [0x38a00000, 0x39049a68, 0x39049c00, 0x39600000)
Event: 5.660 GC heap after
Heap after GC invocations=17 (full 4):
 def new generation   total 23552K, used 2560K [0x24000000, 0x25980000, 0x29550000)
  eden space 20992K,   0% used [0x24000000, 0x24000000, 0x25480000)
  from space 2560K, 100% used [0x25700000, 0x25980000, 0x25980000)
  to   space 2560K,   0% used [0x25480000, 0x25480000, 0x25700000)
 tenured generation   total 52136K, used 37688K [0x29550000, 0x2c83a000, 0x34000000)
   the space 52136K,  72% used [0x29550000, 0x2ba1e350, 0x2ba1e400, 0x2c83a000)
 compacting perm gen  total 12288K, used 9279K [0x34000000, 0x34c00000, 0x38000000)
   the space 12288K,  75% used [0x34000000, 0x3490fe70, 0x34910000, 0x34c00000)
    ro space 10240K,  42% used [0x38000000, 0x38434778, 0x38434800, 0x38a00000)
    rw space 12288K,  52% used [0x38a00000, 0x39049a68, 0x39049c00, 0x39600000)
}
Event: 37.583 GC heap before
{Heap before GC invocations=17 (full 4):
 def new generation   total 23552K, used 23545K [0x24000000, 0x25980000, 0x29550000)
  eden space 20992K,  99% used [0x24000000, 0x2547e738, 0x25480000)
  from space 2560K, 100% used [0x25700000, 0x25980000, 0x25980000)
  to   space 2560K,   0% used [0x25480000, 0x25480000, 0x25700000)
 tenured generation   total 52136K, used 37880K [0x29550000, 0x2c83a000, 0x34000000)
   the space 52136K,  72% used [0x29550000, 0x2ba4e360, 0x2ba4e400, 0x2c83a000)
 compacting perm gen  total 12288K, used 9282K [0x34000000, 0x34c00000, 0x38000000)
   the space 12288K,  75% used [0x34000000, 0x34910820, 0x34910a00, 0x34c00000)
    ro space 10240K,  42% used [0x38000000, 0x38434778, 0x38434800, 0x38a00000)
    rw space 12288K,  52% used [0x38a00000, 0x39049a68, 0x39049c00, 0x39600000)
Event: 37.591 GC heap after
Heap after GC invocations=18 (full 4):
 def new generation   total 23552K, used 2011K [0x24000000, 0x25980000, 0x29550000)
  eden space 20992K,   0% used [0x24000000, 0x24000000, 0x25480000)
  from space 2560K,  78% used [0x25480000, 0x25676c80, 0x25700000)
  to   space 2560K,   0% used [0x25700000, 0x25700000, 0x25980000)
 tenured generation   total 52136K, used 40440K [0x29550000, 0x2c83a000, 0x34000000)
   the space 52136K,  77% used [0x29550000, 0x2bcce1b0, 0x2bcce200, 0x2c83a000)
 compacting perm gen  total 12288K, used 9282K [0x34000000, 0x34c00000, 0x38000000)
   the space 12288K,  75% used [0x34000000, 0x34910820, 0x34910a00, 0x34c00000)
    ro space 10240K,  42% used [0x38000000, 0x38434778, 0x38434800, 0x38a00000)
    rw space 12288K,  52% used [0x38a00000, 0x39049a68, 0x39049c00, 0x39600000)
}
Event: 38.410 GC heap before
{Heap before GC invocations=18 (full 4):
 def new generation   total 23552K, used 23003K [0x24000000, 0x25980000, 0x29550000)
  eden space 20992K, 100% used [0x24000000, 0x25480000, 0x25480000)
  from space 2560K,  78% used [0x25480000, 0x25676c80, 0x25700000)
  to   space 2560K,   0% used [0x25700000, 0x25700000, 0x25980000)
 tenured generation   total 52136K, used 40440K [0x29550000, 0x2c83a000, 0x34000000)
   the space 52136K,  77% used [0x29550000, 0x2bcce1b0, 0x2bcce200, 0x2c83a000)
 compacting perm gen  total 12288K, used 10348K [0x34000000, 0x34c00000, 0x38000000)
   the space 12288K,  84% used [0x34000000, 0x34a1b1f0, 0x34a1b200, 0x34c00000)
    ro space 10240K,  42% used [0x38000000, 0x38434778, 0x38434800, 0x38a00000)
    rw space 12288K,  52% used [0x38a00000, 0x39049a68, 0x39049c00, 0x39600000)
Event: 38.419 GC heap after
Heap after GC invocations=19 (full 4):
 def new generation   total 23552K, used 2560K [0x24000000, 0x25980000, 0x29550000)
  eden space 20992K,   0% used [0x24000000, 0x24000000, 0x25480000)
  from space 2560K, 100% used [0x25700000, 0x25980000, 0x25980000)
  to   space 2560K,   0% used [0x25480000, 0x25480000, 0x25700000)
 tenured generation   total 52136K, used 47660K [0x29550000, 0x2c83a000, 0x34000000)
   the space 52136K,  91% used [0x29550000, 0x2c3db3e8, 0x2c3db400, 0x2c83a000)
 compacting perm gen  total 12288K, used 10348K [0x34000000, 0x34c00000, 0x38000000)
   the space 12288K,  84% used [0x34000000, 0x34a1b1f0, 0x34a1b200, 0x34c00000)
    ro space 10240K,  42% used [0x38000000, 0x38434778, 0x38434800, 0x38a00000)
    rw space 12288K,  52% used [0x38a00000, 0x39049a68, 0x39049c00, 0x39600000)
}

Deoptimization events (0 events):
No events

Internal exceptions (10 events):
Event: 38.449 Thread 0x056af400 Threw 0x24116530 at C:\re\jdk7u60\1081\hotspot\src\share\vm\prims\jvm.cpp:1244
Event: 38.449 Thread 0x056af400 Threw 0x24119fa8 at C:\re\jdk7u60\1081\hotspot\src\share\vm\prims\jvm.cpp:1244
Event: 38.450 Thread 0x056af400 Threw 0x2411f408 at C:\re\jdk7u60\1081\hotspot\src\share\vm\prims\jvm.cpp:1244
Event: 38.450 Thread 0x056af400 Threw 0x24124488 at C:\re\jdk7u60\1081\hotspot\src\share\vm\prims\jvm.cpp:1244
Event: 38.451 Thread 0x056af400 Threw 0x241306e8 at C:\re\jdk7u60\1081\hotspot\src\share\vm\prims\jvm.cpp:1244
Event: 40.093 Thread 0x056af800 Threw 0x24862888 at C:\re\jdk7u60\1081\hotspot\src\share\vm\prims\jvm.cpp:1244
Event: 40.097 Thread 0x056aec00 Threw 0x248739a0 at C:\re\jdk7u60\1081\hotspot\src\share\vm\prims\jvm.cpp:1244
Event: 40.098 Thread 0x056aec00 Threw 0x24878c68 at C:\re\jdk7u60\1081\hotspot\src\share\vm\prims\jvm.cpp:1244
Event: 40.099 Thread 0x056aec00 Threw 0x2487e198 at C:\re\jdk7u60\1081\hotspot\src\share\vm\prims\jvm.cpp:1244
Event: 40.299 Thread 0x056b2400 Threw 0x24192ff8 at C:\re\jdk7u60\1081\hotspot\src\share\vm\prims\jvm.cpp:2917

Events (10 events):
Event: 47.100 loading class 0x39670c20 done
Event: 47.100 Executing VM operation: RevokeBias done
Event: 47.100 Thread 0x056b1800 Thread exited: 0x056b1800
Event: 47.100 Executing VM operation: RevokeBias
Event: 47.100 Thread 0x056b0000 Thread exited: 0x056b0000
Event: 47.100 Executing VM operation: RevokeBias done
Event: 47.100 Thread 0x056b0400 Thread exited: 0x056b0400
Event: 47.108 Thread 0x0531c000 Thread exited: 0x0531c000
Event: 47.201 Thread 0x056b2400 Thread exited: 0x056b2400
Event: 47.201 Executing VM operation: Exit


Dynamic libraries:
0x00a70000 - 0x00a9f000 	C:\Program Files (x86)\Java\jre7\bin\javaw.exe
0x76fe0000 - 0x77137000 	C:\Windows\SYSTEM32\ntdll.dll
0x74690000 - 0x747c0000 	C:\Windows\SYSTEM32\KERNEL32.DLL
0x76a80000 - 0x76b27000 	C:\Windows\SYSTEM32\KERNELBASE.dll
0x747c0000 - 0x7486e000 	C:\Windows\SYSTEM32\ADVAPI32.dll
0x764f0000 - 0x76606000 	C:\Windows\SYSTEM32\USER32.dll
0x73130000 - 0x73328000 	C:\Windows\WinSxS\x86_microsoft.windows.common-controls_6595b64144ccf1df_6.0.9200.16579_none_8937eec6860750f5\COMCTL32.dll
0x76000000 - 0x760b1000 	C:\Windows\SYSTEM32\msvcrt.dll
0x74870000 - 0x748a4000 	C:\Windows\SYSTEM32\sechost.dll
0x760c0000 - 0x7616c000 	C:\Windows\SYSTEM32\RPCRT4.dll
0x748b0000 - 0x749ad000 	C:\Windows\SYSTEM32\GDI32.dll
0x745d0000 - 0x745ed000 	C:\Windows\SYSTEM32\SspiCli.dll
0x745c0000 - 0x745c9000 	C:\Windows\SYSTEM32\CRYPTBASE.dll
0x74560000 - 0x745b1000 	C:\Windows\SYSTEM32\bcryptPrimitives.dll
0x762e0000 - 0x76300000 	C:\Windows\system32\IMM32.DLL
0x76680000 - 0x7675e000 	C:\Windows\SYSTEM32\MSCTF.dll
0x5e970000 - 0x5ea2f000 	C:\Program Files (x86)\Java\jre7\bin\msvcr100.dll
0x5e310000 - 0x5e698000 	C:\Program Files (x86)\Java\jre7\bin\client\jvm.dll
0x71c10000 - 0x71c18000 	C:\Windows\SYSTEM32\WSOCK32.dll
0x71fb0000 - 0x71fd1000 	C:\Windows\SYSTEM32\WINMM.dll
0x76300000 - 0x76306000 	C:\Windows\SYSTEM32\PSAPI.DLL
0x75f80000 - 0x75fd0000 	C:\Windows\SYSTEM32\WS2_32.dll
0x71c70000 - 0x71c9b000 	C:\Windows\SYSTEM32\WINMMBASE.dll
0x75ff0000 - 0x75ff8000 	C:\Windows\SYSTEM32\NSI.dll
0x76b30000 - 0x76b76000 	C:\Windows\SYSTEM32\cfgmgr32.dll
0x75f00000 - 0x75f1e000 	C:\Windows\SYSTEM32\DEVOBJ.dll
0x720a0000 - 0x720ac000 	C:\Program Files (x86)\Java\jre7\bin\verify.dll
0x70bb0000 - 0x70bd0000 	C:\Program Files (x86)\Java\jre7\bin\java.dll
0x70b90000 - 0x70ba3000 	C:\Program Files (x86)\Java\jre7\bin\zip.dll
0x6f490000 - 0x6f5d3000 	C:\Program Files (x86)\Java\jre7\bin\awt.dll
0x76c00000 - 0x76c8b000 	C:\Windows\SYSTEM32\OLEAUT32.dll
0x76de0000 - 0x76f16000 	C:\Windows\SYSTEM32\combase.dll
0x72dd0000 - 0x72e77000 	C:\Windows\system32\apphelp.dll
0x71a40000 - 0x71a59000 	C:\Windows\system32\DWMAPI.DLL
0x726b0000 - 0x72738000 	C:\Windows\system32\uxtheme.dll
0x76760000 - 0x76879000 	C:\Windows\SYSTEM32\ole32.dll
0x74da0000 - 0x75e66000 	C:\Windows\SYSTEM32\SHELL32.dll
0x75f40000 - 0x75f80000 	C:\Windows\SYSTEM32\SHLWAPI.dll
0x73330000 - 0x733a3000 	C:\Windows\SYSTEM32\shcore.dll
0x718b0000 - 0x718e9000 	C:\Program Files (x86)\Java\jre7\bin\fontmanager.dll
0x6f250000 - 0x6f264000 	C:\Program Files (x86)\Java\jre7\bin\net.dll
0x72e80000 - 0x72eca000 	C:\Windows\system32\mswsock.dll
0x718a0000 - 0x718af000 	C:\Program Files (x86)\Java\jre7\bin\nio.dll
0x706d0000 - 0x70700000 	C:\Program Files (x86)\Java\jre7\bin\t2k.dll
0x76b80000 - 0x76bf4000 	C:\Windows\SYSTEM32\clbcatq.dll
0x6a8a0000 - 0x6a9eb000 	C:\Windows\SYSTEM32\WindowsCodecs.dll
0x76dc0000 - 0x76dd1000 	C:\Windows\SYSTEM32\profapi.dll
0x68440000 - 0x68464000 	C:\Program Files (x86)\Java\jre7\bin\dcpr.dll
0x5e900000 - 0x5e96d000 	C:\binaries\terrajava.dll
0x5e220000 - 0x5e307000 	C:\binaries\terramanager-funcate.dll
0x59300000 - 0x59ba6000 	C:\binaries\terralib.dll
0x64af0000 - 0x64b59000 	C:\Windows\SYSTEM32\MSVCP100.dll
0x6d880000 - 0x6db4c000 	C:\binaries\bgd.dll
0x66b80000 - 0x66b9b000 	C:\binaries\terraogc_xml.dll
0x60460000 - 0x6047d000 	C:\binaries\terraogc_sld.dll
0x5f9a0000 - 0x5f9c6000 	C:\binaries\terraogc_se.dll
0x5e8c0000 - 0x5e8f6000 	C:\binaries\terraogc_filter.dll
0x5e1c0000 - 0x5e212000 	C:\binaries\terraogc_ows.dll
0x5f980000 - 0x5f999000 	C:\binaries\terraogc_common.dll
0x684c0000 - 0x684cb000 	C:\binaries\terralib_shp.dll
0x60450000 - 0x6045e000 	C:\binaries\terralib_spl.dll
0x06840000 - 0x06c36000 	C:\binaries\qt-mt338.dll
0x613d0000 - 0x6149e000 	C:\Windows\SYSTEM32\OPENGL32.dll
0x613a0000 - 0x613c3000 	C:\Windows\SYSTEM32\GLU32.dll
0x5e140000 - 0x5e1bf000 	C:\binaries\qwt500.dll
0x0fcb0000 - 0x11caf000 	C:\binaries\berkelium.dll
0x06c40000 - 0x06d81000 	C:\binaries\LIBMYSQL.dll
0x63100000 - 0x63121000 	C:\binaries\LIBPQ.dll
0x06d90000 - 0x06df1000 	C:\binaries\OCI.dll
0x5da30000 - 0x5daba000 	C:\binaries\libtiff.dll
0x56580000 - 0x56d52000 	C:\binaries\gdal110.dll
0x12000000 - 0x121dc000 	C:\binaries\xerces-c_3_1.dll
0x592a0000 - 0x592f5000 	C:\binaries\terraogc_wms.dll
0x59240000 - 0x59293000 	C:\binaries\terraogc_gml.dll
0x5e0f0000 - 0x5e131000 	C:\binaries\terraogc_xsd.dll
0x5a810000 - 0x5a830000 	C:\binaries\terraogc_xacml.dll
0x71f30000 - 0x71f90000 	C:\Windows\SYSTEM32\WINSPOOL.DRV
0x7c340000 - 0x7c396000 	C:\Windows\SYSTEM32\MSVCR71.dll
0x608a0000 - 0x60979000 	C:\Windows\SYSTEM32\DDRAW.dll
0x727a0000 - 0x727a9000 	C:\Windows\SYSTEM32\Secur32.dll
0x75f20000 - 0x75f3b000 	C:\Windows\SYSTEM32\USERENV.dll
0x71520000 - 0x71570000 	C:\Windows\SYSTEM32\OLEACC.dll
0x54200000 - 0x54276000 	C:\Windows\SYSTEM32\RICHED20.dll
0x72ee0000 - 0x72ee8000 	C:\Windows\SYSTEM32\VERSION.dll
0x720b0000 - 0x720c4000 	C:\Windows\SYSTEM32\USP10.dll
0x72c50000 - 0x72cc5000 	C:\Windows\SYSTEM32\DNSAPI.dll
0x06ea0000 - 0x06f4a000 	C:\Windows\libeay32.dll
0x06f50000 - 0x06f5d000 	C:\binaries\libintl-2.dll
0x72ed0000 - 0x72ed6000 	C:\Windows\SYSTEM32\SHFOLDER.DLL
0x06f60000 - 0x06f86000 	C:\Windows\ssleay32.dll
0x06f90000 - 0x06fb6000 	C:\binaries\libexpat.dll
0x60770000 - 0x60811000 	C:\Windows\SYSTEM32\ODBC32.dll
0x60760000 - 0x60767000 	C:\Windows\SYSTEM32\DCIMAN32.dll
0x663b0000 - 0x663db000 	C:\Windows\SYSTEM32\msls31.dll
0x07010000 - 0x070eb000 	C:\binaries\libiconv-2.dll
0x6f600000 - 0x6f61d000 	C:\Windows\SYSTEM32\gpapi.dll
0x74530000 - 0x74556000 	C:\Windows\SYSTEM32\ntmarta.dll
0x54e60000 - 0x55708000 	C:\binaries\icudt46.dll
0x53850000 - 0x53979000 	C:\Windows\SYSTEM32\dbghelp.dll
0x72040000 - 0x72050000 	C:\Windows\system32\napinsp.dll
0x72020000 - 0x72034000 	C:\Windows\system32\pnrpnsp.dll
0x72010000 - 0x72020000 	C:\Windows\system32\NLAapi.dll
0x72000000 - 0x72009000 	C:\Windows\System32\winrnr.dll
0x71ac0000 - 0x71ad0000 	C:\Windows\system32\wshbth.dll
0x726a0000 - 0x726a7000 	C:\Windows\System32\rasadhlp.dll
0x71c30000 - 0x71c6f000 	C:\Windows\System32\fwpuclnt.dll
0x72cd0000 - 0x72cf0000 	C:\Windows\SYSTEM32\IPHLPAPI.DLL
0x72c40000 - 0x72c48000 	C:\Windows\SYSTEM32\WINNSI.DLL
0x730d0000 - 0x730ea000 	C:\Windows\SYSTEM32\CRYPTSP.dll
0x73090000 - 0x730ce000 	C:\Windows\system32\rsaenh.dll
0x72c30000 - 0x72c40000 	C:\Windows\SYSTEM32\dhcpcsvc6.DLL
0x72c10000 - 0x72c22000 	C:\Windows\SYSTEM32\dhcpcsvc.DLL
0x59210000 - 0x59235000 	C:\Program Files (x86)\Java\jre7\bin\jpeg.dll

VM Arguments:
jvm_args: -Dfile.encoding=ISO-8859-1 
java_command: com.nexusbr.gv.main.ConnectDBMain
Launcher Type: SUN_STANDARD

Environment Variables:
JAVA_HOME=C:\Program Files (x86)\Java\jre7
PATH=C:/Program Files (x86)/Java/jre7/bin/client;C:/Program Files (x86)/Java/jre7/bin;C:/Program Files (x86)/Java/jre7/lib/i386;C:\Program Files (x86)\PHP\;c:\Program Files (x86)\Intel\iCLS Client\;c:\Program Files\Intel\iCLS Client\;C:\Windows\system32;C:\Windows;C:\Windows\System32\Wbem;C:\Windows\System32\WindowsPowerShell\v1.0\;C:\Program Files\Intel\Intel(R) Management Engine Components\DAL;C:\Program Files\Intel\Intel(R) Management Engine Components\IPT;C:\Program Files (x86)\Intel\Intel(R) Management Engine Components\DAL;C:\Program Files (x86)\Intel\Intel(R) Management Engine Components\IPT;C:\Program Files (x86)\Intel\OpenCL SDK\3.0\bin\x86;C:\Program Files (x86)\Intel\OpenCL SDK\3.0\bin\x64;C:\Program Files (x86)\Windows Live\Shared;C:\binaries;c:\Program Files (x86)\Microsoft SQL Server\100\Tools\Binn\;c:\Program Files\Microsoft SQL Server\100\Tools\Binn\;c:\Program Files\Microsoft SQL Server\100\DTS\Binn\;C:\strawberry\c\bin;C:\strawberry\perl\site\bin;C:\strawberry\perl\bin;C:\Program Files (x86)\Microsoft SQL Server\110\Tools\Binn\ManagementStudio\;C:\Program Files (x86)\Microsoft SQL Server\110\Tools\Binn\;C:\Program Files\Microsoft SQL Server\110\Tools\Binn\;C:\Program Files (x86)\Microsoft SQL Server\110\DTS\Binn\;C:\Program Files\TortoiseSVN\bin;C:\Python34;C:\Program Files (x86)\Java\jre7\bin;C:\eclipse;
USERNAME=inacio
OS=Windows_NT
PROCESSOR_IDENTIFIER=Intel64 Family 6 Model 69 Stepping 1, GenuineIntel



---------------  S Y S T E M  ---------------

OS: Windows 8 , 64 bit Build 9200 

CPU:total 4 (2 cores per cpu, 2 threads per core) family 6 model 69 stepping 1, cmov, cx8, fxsr, mmx, sse, sse2, sse3, ssse3, sse4.1, sse4.2, popcnt, avx, avx2, aes, erms, ht, tsc, tscinvbit

Memory: 4k page, physical 8290700k(2389820k free), swap 9535884k(3567636k free)

vm_info: Java HotSpot(TM) Client VM (24.60-b09) for windows-x86 JRE (1.7.0_60-b19), built on May  7 2014 13:09:52 by "java_re" with unknown MS VC++:1600

time: Fri Jul 04 09:37:16 2014
elapsed time: 47 seconds

