#
# A fatal error has been detected by the Java Runtime Environment:
#
#  EXCEPTION_ACCESS_VIOLATION (0xc0000005) at pc=0x0fb89052, pid=6732, tid=8960
#
# JRE version: Java(TM) SE Runtime Environment (7.0_60-b19) (build 1.7.0_60-b19)
# Java VM: Java HotSpot(TM) Client VM (24.60-b09 mixed mode, sharing windows-x86 )
# Problematic frame:
# C  [berkelium.dll+0xa39052]
#
# Failed to write core dump. Minidumps are not enabled by default on client versions of Windows
#
# If you would like to submit a bug report, please visit:
#   http://bugreport.sun.com/bugreport/crash.jsp
#

---------------  T H R E A D  ---------------

Current thread (0x0280fc00):  VMThread [stack: 0x04b50000,0x04ba0000] [id=8960]

siginfo: ExceptionCode=0xc0000005, reading address 0x000000f8

Registers:
EAX=0x04b9eff4, EBX=0x000493e0, ECX=0x04b9eff4, EDX=0x99c7e668
ESP=0x04b9efe4, EBP=0x00000063, ESI=0x00000000, EDI=0xaba98968
EIP=0x0fb89052, EFLAGS=0x00010206

Top of Stack: (sp=0x04b9efe4)
0x04b9efe4:   075e1168 075e1168 0753ab00 00000000
0x04b9eff4:   99c7e668 00000063 075d3a20 075dc900
0x04b9f004:   00000000 00000000 00000000 74616401
0x04b9f014:   69642d61 077e0072 00000023 0000002f
0x04b9f024:   00000000 07567070 002e5bcf 075e1000
0x04b9f034:   0753ab44 ffffff00 0f1bbf20 10cd9778
0x04b9f044:   07010030 00000000 0000000f 10cda730
0x04b9f054:   00000001 0f1b9783 00000008 00000001 

Instructions: (pc=0x0fb89052)
0x0fb89032:   03 00 00 57 53 e8 f4 c8 60 ff 8b ea 8d 54 24 10
0x0fb89042:   52 8b f8 e8 26 ca 00 00 83 c4 04 03 38 13 68 04
0x0fb89052:   8b 86 f8 00 00 00 0b 86 fc 00 00 00 89 7c 24 20
0x0fb89062:   89 6c 24 24 75 3e 39 84 24 d4 00 00 00 7f 35 7c 


Register to memory mapping:

EAX=
[error occurred during error reporting (printing register info), id 0xc0000005]

Stack: [0x04b50000,0x04ba0000],  sp=0x04b9efe4,  free space=315k
Native frames: (J=compiled Java code, j=interpreted, Vv=VM code, C=native code)
C  [berkelium.dll+0xa39052]

VM_Operation (0x0610e340): Exit, mode: safepoint, requested by thread 0x051a4400


---------------  P R O C E S S  ---------------

Java Threads: ( => current thread )
  0x05510400 JavaThread "Image Fetcher 2" daemon [_thread_blocked, id=4780, stack(0x07f80000,0x07fd0000)]
  0x05511000 JavaThread "WeakCollectionCleaner" daemon [_thread_blocked, id=10180, stack(0x09f90000,0x09fe0000)]
  0x05354400 JavaThread "Image Fetcher 3" daemon [_thread_blocked, id=9568, stack(0x07eb0000,0x07f00000)]
  0x05273800 JavaThread "TimerQueue" daemon [_thread_blocked, id=6660, stack(0x06670000,0x066c0000)]
  0x0292e000 JavaThread "DestroyJavaVM" [_thread_blocked, id=1220, stack(0x00ed0000,0x00f20000)]
  0x051a4400 JavaThread "AWT-EventQueue-0" [_thread_blocked, id=3112, stack(0x060c0000,0x06110000)]
  0x05169400 JavaThread "AWT-Shutdown" [_thread_blocked, id=4524, stack(0x05b90000,0x05be0000)]
  0x05168800 JavaThread "Java2D Disposer" daemon [_thread_blocked, id=9640, stack(0x05ac0000,0x05b10000)]
  0x02888800 JavaThread "Service Thread" daemon [_thread_blocked, id=9336, stack(0x04eb0000,0x04f00000)]
  0x02885800 JavaThread "C1 CompilerThread0" daemon [_thread_blocked, id=5148, stack(0x04e20000,0x04e70000)]
  0x02883c00 JavaThread "Attach Listener" daemon [_thread_blocked, id=752, stack(0x04d90000,0x04de0000)]
  0x02882800 JavaThread "Signal Dispatcher" daemon [_thread_blocked, id=3012, stack(0x04d00000,0x04d50000)]
  0x02812800 JavaThread "Finalizer" daemon [_thread_blocked, id=5276, stack(0x04c70000,0x04cc0000)]
  0x02811000 JavaThread "Reference Handler" daemon [_thread_blocked, id=6124, stack(0x04be0000,0x04c30000)]

Other Threads:
=>0x0280fc00 VMThread [stack: 0x04b50000,0x04ba0000] [id=8960]

VM state:at safepoint (shutting down)

VM Mutex/Monitor currently owned by a thread:  ([mutex/lock_event])
[0x0292c608] Threads_lock - owner thread: 0x0280fc00

Heap
 def new generation   total 12160K, used 4954K [0x24000000, 0x24d30000, 0x29550000)
  eden space 10816K,  33% used [0x24000000, 0x24386b98, 0x24a90000)
  from space 1344K, 100% used [0x24be0000, 0x24d30000, 0x24d30000)
  to   space 1344K,   0% used [0x24a90000, 0x24a90000, 0x24be0000)
 tenured generation   total 26824K, used 22746K [0x29550000, 0x2af82000, 0x34000000)
   the space 26824K,  84% used [0x29550000, 0x2ab869f8, 0x2ab86a00, 0x2af82000)
 compacting perm gen  total 12288K, used 8591K [0x34000000, 0x34c00000, 0x38000000)
   the space 12288K,  69% used [0x34000000, 0x34863e60, 0x34864000, 0x34c00000)
    ro space 10240K,  42% used [0x38000000, 0x38434778, 0x38434800, 0x38a00000)
    rw space 12288K,  52% used [0x38a00000, 0x39049a68, 0x39049c00, 0x39600000)

Card table byte_map: [0x04a00000,0x04ab0000] byte_map_base: 0x048e0000

Polling page: 0x01130000

Code Cache  [0x02980000, 0x02b48000, 0x04980000)
 total_blobs=1091 nmethods=804 adapters=223 free_code_cache=30973Kb largest_free_block=31715840

Compilation events (10 events):
Event: 13.782 Thread 0x02885800  810             java.util.logging.Logger::isLoggable (25 bytes)
Event: 13.783 Thread 0x02885800 nmethod 810 0x02b400c8 code [0x02b401c0, 0x02b40270]
Event: 13.789 Thread 0x02885800  811             java.util.concurrent.locks.AbstractQueuedSynchronizer::compareAndSetWaitStatus (13 bytes)
Event: 13.790 Thread 0x02885800 nmethod 811 0x02b402c8 code [0x02b403c0, 0x02b40450]
Event: 13.813 Thread 0x02885800  812             sun.util.logging.PlatformLogger$JavaLoggerProxy::isLoggable (12 bytes)
Event: 13.814 Thread 0x02885800 nmethod 812 0x02b40488 code [0x02b40590, 0x02b406a0]
Event: 13.814 Thread 0x02885800  813             sun.util.logging.LoggingSupport::isLoggable (14 bytes)
Event: 13.815 Thread 0x02885800 nmethod 813 0x02b40808 code [0x02b40900, 0x02b40a00]
Event: 13.815 Thread 0x02885800  814             java.util.logging.LoggingProxyImpl::isLoggable (12 bytes)
Event: 13.815 Thread 0x02885800 nmethod 814 0x02b40b08 code [0x02b40c10, 0x02b40d20]

GC Heap History (10 events):
Event: 8.501 GC heap before
{Heap before GC invocations=10 (full 1):
 def new generation   total 9728K, used 9727K [0x24000000, 0x24a80000, 0x29550000)
  eden space 8704K, 100% used [0x24000000, 0x24880000, 0x24880000)
  from space 1024K,  99% used [0x24980000, 0x24a7fff8, 0x24a80000)
  to   space 1024K,   0% used [0x24880000, 0x24880000, 0x24980000)
 tenured generation   total 21364K, used 16781K [0x29550000, 0x2aa2d000, 0x34000000)
   the space 21364K,  78% used [0x29550000, 0x2a5b3400, 0x2a5b3400, 0x2aa2d000)
 compacting perm gen  total 12288K, used 8139K [0x34000000, 0x34c00000, 0x38000000)
   the space 12288K,  66% used [0x34000000, 0x347f2f80, 0x347f3000, 0x34c00000)
    ro space 10240K,  42% used [0x38000000, 0x38434778, 0x38434800, 0x38a00000)
    rw space 12288K,  52% used [0x38a00000, 0x39049a68, 0x39049c00, 0x39600000)
Event: 8.509 GC heap after
Heap after GC invocations=11 (full 1):
 def new generation   total 9728K, used 1023K [0x24000000, 0x24a80000, 0x29550000)
  eden space 8704K,   0% used [0x24000000, 0x24000000, 0x24880000)
  from space 1024K,  99% used [0x24880000, 0x2497fff8, 0x24980000)
  to   space 1024K,   0% used [0x24980000, 0x24980000, 0x24a80000)
 tenured generation   total 21364K, used 18277K [0x29550000, 0x2aa2d000, 0x34000000)
   the space 21364K,  85% used [0x29550000, 0x2a7294b0, 0x2a729600, 0x2aa2d000)
 compacting perm gen  total 12288K, used 8139K [0x34000000, 0x34c00000, 0x38000000)
   the space 12288K,  66% used [0x34000000, 0x347f2f80, 0x347f3000, 0x34c00000)
    ro space 10240K,  42% used [0x38000000, 0x38434778, 0x38434800, 0x38a00000)
    rw space 12288K,  52% used [0x38a00000, 0x39049a68, 0x39049c00, 0x39600000)
}
Event: 8.685 GC heap before
{Heap before GC invocations=11 (full 1):
 def new generation   total 9728K, used 9064K [0x24000000, 0x24a80000, 0x29550000)
  eden space 8704K,  92% used [0x24000000, 0x247da190, 0x24880000)
  from space 1024K,  99% used [0x24880000, 0x2497fff8, 0x24980000)
  to   space 1024K,   0% used [0x24980000, 0x24980000, 0x24a80000)
 tenured generation   total 21364K, used 18277K [0x29550000, 0x2aa2d000, 0x34000000)
   the space 21364K,  85% used [0x29550000, 0x2a7294b0, 0x2a729600, 0x2aa2d000)
 compacting perm gen  total 12288K, used 8534K [0x34000000, 0x34c00000, 0x38000000)
   the space 12288K,  69% used [0x34000000, 0x34855b68, 0x34855c00, 0x34c00000)
    ro space 10240K,  42% used [0x38000000, 0x38434778, 0x38434800, 0x38a00000)
    rw space 12288K,  52% used [0x38a00000, 0x39049a68, 0x39049c00, 0x39600000)
Event: 8.753 GC heap after
Heap after GC invocations=12 (full 2):
 def new generation   total 9728K, used 0K [0x24000000, 0x24a80000, 0x29550000)
  eden space 8704K,   0% used [0x24000000, 0x24000000, 0x24880000)
  from space 1024K,   0% used [0x24980000, 0x24980000, 0x24a80000)
  to   space 1024K,   0% used [0x24880000, 0x24880000, 0x24980000)
 tenured generation   total 21364K, used 11989K [0x29550000, 0x2aa2d000, 0x34000000)
   the space 21364K,  56% used [0x29550000, 0x2a1055a8, 0x2a105600, 0x2aa2d000)
 compacting perm gen  total 12288K, used 8534K [0x34000000, 0x34c00000, 0x38000000)
   the space 12288K,  69% used [0x34000000, 0x34855b68, 0x34855c00, 0x34c00000)
    ro space 10240K,  42% used [0x38000000, 0x38434778, 0x38434800, 0x38a00000)
    rw space 12288K,  52% used [0x38a00000, 0x39049a68, 0x39049c00, 0x39600000)
}
Event: 8.755 GC heap before
{Heap before GC invocations=12 (full 2):
 def new generation   total 9728K, used 7564K [0x24000000, 0x24a80000, 0x29550000)
  eden space 8704K,  86% used [0x24000000, 0x24763020, 0x24880000)
  from space 1024K,   0% used [0x24980000, 0x24980000, 0x24a80000)
  to   space 1024K,   0% used [0x24880000, 0x24880000, 0x24980000)
 tenured generation   total 21364K, used 11989K [0x29550000, 0x2aa2d000, 0x34000000)
   the space 21364K,  56% used [0x29550000, 0x2a1055a8, 0x2a105600, 0x2aa2d000)
 compacting perm gen  total 12288K, used 8534K [0x34000000, 0x34c00000, 0x38000000)
   the space 12288K,  69% used [0x34000000, 0x34855b68, 0x34855c00, 0x34c00000)
    ro space 10240K,  42% used [0x38000000, 0x38434778, 0x38434800, 0x38a00000)
    rw space 12288K,  52% used [0x38a00000, 0x39049a68, 0x39049c00, 0x39600000)
Event: 8.757 GC heap after
Heap after GC invocations=13 (full 2):
 def new generation   total 9728K, used 2K [0x24000000, 0x24a80000, 0x29550000)
  eden space 8704K,   0% used [0x24000000, 0x24000000, 0x24880000)
  from space 1024K,   0% used [0x24880000, 0x24880ac8, 0x24980000)
  to   space 1024K,   0% used [0x24980000, 0x24980000, 0x24a80000)
 tenured generation   total 21364K, used 19442K [0x29550000, 0x2aa2d000, 0x34000000)
   the space 21364K,  91% used [0x29550000, 0x2a84cb20, 0x2a84cc00, 0x2aa2d000)
 compacting perm gen  total 12288K, used 8534K [0x34000000, 0x34c00000, 0x38000000)
   the space 12288K,  69% used [0x34000000, 0x34855b68, 0x34855c00, 0x34c00000)
    ro space 10240K,  42% used [0x38000000, 0x38434778, 0x38434800, 0x38a00000)
    rw space 12288K,  52% used [0x38a00000, 0x39049a68, 0x39049c00, 0x39600000)
}
Event: 8.774 GC heap before
{Heap before GC invocations=13 (full 2):
 def new generation   total 9728K, used 7539K [0x24000000, 0x24a80000, 0x29550000)
  eden space 8704K,  86% used [0x24000000, 0x2475c480, 0x24880000)
  from space 1024K,   0% used [0x24880000, 0x24880ac8, 0x24980000)
  to   space 1024K,   0% used [0x24980000, 0x24980000, 0x24a80000)
 tenured generation   total 21364K, used 19442K [0x29550000, 0x2aa2d000, 0x34000000)
   the space 21364K,  91% used [0x29550000, 0x2a84cb20, 0x2a84cc00, 0x2aa2d000)
 compacting perm gen  total 12288K, used 8534K [0x34000000, 0x34c00000, 0x38000000)
   the space 12288K,  69% used [0x34000000, 0x34855b68, 0x34855c00, 0x34c00000)
    ro space 10240K,  42% used [0x38000000, 0x38434778, 0x38434800, 0x38a00000)
    rw space 12288K,  52% used [0x38a00000, 0x39049a68, 0x39049c00, 0x39600000)
Event: 8.843 GC heap after
Heap after GC invocations=14 (full 3):
 def new generation   total 12160K, used 0K [0x24000000, 0x24d30000, 0x29550000)
  eden space 10816K,   0% used [0x24000000, 0x24000000, 0x24a90000)
  from space 1344K,   0% used [0x24a90000, 0x24a90000, 0x24be0000)
  to   space 1344K,   0% used [0x24be0000, 0x24be0000, 0x24d30000)
 tenured generation   total 26824K, used 16094K [0x29550000, 0x2af82000, 0x34000000)
   the space 26824K,  59% used [0x29550000, 0x2a5078f0, 0x2a507a00, 0x2af82000)
 compacting perm gen  total 12288K, used 8534K [0x34000000, 0x34c00000, 0x38000000)
   the space 12288K,  69% used [0x34000000, 0x34855b68, 0x34855c00, 0x34c00000)
    ro space 10240K,  42% used [0x38000000, 0x38434778, 0x38434800, 0x38a00000)
    rw space 12288K,  52% used [0x38a00000, 0x39049a68, 0x39049c00, 0x39600000)
}
Event: 9.487 GC heap before
{Heap before GC invocations=14 (full 3):
 def new generation   total 12160K, used 10816K [0x24000000, 0x24d30000, 0x29550000)
  eden space 10816K, 100% used [0x24000000, 0x24a90000, 0x24a90000)
  from space 1344K,   0% used [0x24a90000, 0x24a90000, 0x24be0000)
  to   space 1344K,   0% used [0x24be0000, 0x24be0000, 0x24d30000)
 tenured generation   total 26824K, used 16094K [0x29550000, 0x2af82000, 0x34000000)
   the space 26824K,  59% used [0x29550000, 0x2a5078f0, 0x2a507a00, 0x2af82000)
 compacting perm gen  total 12288K, used 8559K [0x34000000, 0x34c00000, 0x38000000)
   the space 12288K,  69% used [0x34000000, 0x3485bed0, 0x3485c000, 0x34c00000)
    ro space 10240K,  42% used [0x38000000, 0x38434778, 0x38434800, 0x38a00000)
    rw space 12288K,  52% used [0x38a00000, 0x39049a68, 0x39049c00, 0x39600000)
Event: 9.492 GC heap after
Heap after GC invocations=15 (full 3):
 def new generation   total 12160K, used 1344K [0x24000000, 0x24d30000, 0x29550000)
  eden space 10816K,   0% used [0x24000000, 0x24000000, 0x24a90000)
  from space 1344K, 100% used [0x24be0000, 0x24d30000, 0x24d30000)
  to   space 1344K,   0% used [0x24a90000, 0x24a90000, 0x24be0000)
 tenured generation   total 26824K, used 22746K [0x29550000, 0x2af82000, 0x34000000)
   the space 26824K,  84% used [0x29550000, 0x2ab869f8, 0x2ab86a00, 0x2af82000)
 compacting perm gen  total 12288K, used 8559K [0x34000000, 0x34c00000, 0x38000000)
   the space 12288K,  69% used [0x34000000, 0x3485bed0, 0x3485c000, 0x34c00000)
    ro space 10240K,  42% used [0x38000000, 0x38434778, 0x38434800, 0x38a00000)
    rw space 12288K,  52% used [0x38a00000, 0x39049a68, 0x39049c00, 0x39600000)
}

Deoptimization events (0 events):
No events

Internal exceptions (10 events):
Event: 8.649 Thread 0x051a4400 Threw 0x242cae18 at C:\re\jdk7u60\1081\hotspot\src\share\vm\prims\jvm.cpp:1244
Event: 8.655 Thread 0x051a4400 Threw 0x242cee88 at C:\re\jdk7u60\1081\hotspot\src\share\vm\prims\jvm.cpp:1244
Event: 8.676 Thread 0x051a4400 Threw 0x243032a0 at C:\re\jdk7u60\1081\hotspot\src\share\vm\prims\jvm.cpp:1244
Event: 10.178 Thread 0x05512c00 Threw 0x24243128 at C:\re\jdk7u60\1081\hotspot\src\share\vm\prims\jvm.cpp:1244
Event: 10.181 Thread 0x05513c00 Threw 0x24250860 at C:\re\jdk7u60\1081\hotspot\src\share\vm\prims\jvm.cpp:1244
Event: 10.182 Thread 0x05513c00 Threw 0x24255b28 at C:\re\jdk7u60\1081\hotspot\src\share\vm\prims\jvm.cpp:1244
Event: 10.182 Thread 0x05513c00 Threw 0x2425b038 at C:\re\jdk7u60\1081\hotspot\src\share\vm\prims\jvm.cpp:1244
Event: 10.183 Thread 0x05513c00 Threw 0x24260508 at C:\re\jdk7u60\1081\hotspot\src\share\vm\prims\jvm.cpp:1244
Event: 10.183 Thread 0x05513c00 Threw 0x24268230 at C:\re\jdk7u60\1081\hotspot\src\share\vm\prims\jvm.cpp:1244
Event: 10.326 Thread 0x05510400 Threw 0x2403bbd0 at C:\re\jdk7u60\1081\hotspot\src\share\vm\prims\jvm.cpp:2917

Events (10 events):
Event: 14.518 loading class 0x39670c20
Event: 14.518 Thread 0x05513800 Thread exited: 0x05513800
Event: 14.518 loading class 0x39670bc8
Event: 14.518 loading class 0x39670bc8 done
Event: 14.518 loading class 0x39670c20 done
Event: 14.518 Thread 0x05511c00 Thread exited: 0x05511c00
Event: 14.518 Thread 0x05512c00 Thread exited: 0x05512c00
Event: 14.525 Thread 0x05169c00 Thread exited: 0x05169c00
Event: 14.619 Thread 0x05511800 Thread exited: 0x05511800
Event: 14.619 Executing VM operation: Exit


Dynamic libraries:
0x00a70000 - 0x00a9f000 	C:\Program Files (x86)\Java\jre7\bin\javaw.exe
0x76fe0000 - 0x77137000 	C:\Windows\SYSTEM32\ntdll.dll
0x74690000 - 0x747c0000 	C:\Windows\SYSTEM32\KERNEL32.DLL
0x76a80000 - 0x76b27000 	C:\Windows\SYSTEM32\KERNELBASE.dll
0x747c0000 - 0x7486e000 	C:\Windows\SYSTEM32\ADVAPI32.dll
0x764f0000 - 0x76606000 	C:\Windows\SYSTEM32\USER32.dll
0x73130000 - 0x73328000 	C:\Windows\WinSxS\x86_microsoft.windows.common-controls_6595b64144ccf1df_6.0.9200.16579_none_8937eec6860750f5\COMCTL32.dll
0x76000000 - 0x760b1000 	C:\Windows\SYSTEM32\msvcrt.dll
0x74870000 - 0x748a4000 	C:\Windows\SYSTEM32\sechost.dll
0x760c0000 - 0x7616c000 	C:\Windows\SYSTEM32\RPCRT4.dll
0x748b0000 - 0x749ad000 	C:\Windows\SYSTEM32\GDI32.dll
0x745d0000 - 0x745ed000 	C:\Windows\SYSTEM32\SspiCli.dll
0x745c0000 - 0x745c9000 	C:\Windows\SYSTEM32\CRYPTBASE.dll
0x74560000 - 0x745b1000 	C:\Windows\SYSTEM32\bcryptPrimitives.dll
0x762e0000 - 0x76300000 	C:\Windows\system32\IMM32.DLL
0x76680000 - 0x7675e000 	C:\Windows\SYSTEM32\MSCTF.dll
0x5fa00000 - 0x5fabf000 	C:\Program Files (x86)\Java\jre7\bin\msvcr100.dll
0x6f250000 - 0x6f5d8000 	C:\Program Files (x86)\Java\jre7\bin\client\jvm.dll
0x71c10000 - 0x71c18000 	C:\Windows\SYSTEM32\WSOCK32.dll
0x71fb0000 - 0x71fd1000 	C:\Windows\SYSTEM32\WINMM.dll
0x76300000 - 0x76306000 	C:\Windows\SYSTEM32\PSAPI.DLL
0x75f80000 - 0x75fd0000 	C:\Windows\SYSTEM32\WS2_32.dll
0x71c70000 - 0x71c9b000 	C:\Windows\SYSTEM32\WINMMBASE.dll
0x75ff0000 - 0x75ff8000 	C:\Windows\SYSTEM32\NSI.dll
0x76b30000 - 0x76b76000 	C:\Windows\SYSTEM32\cfgmgr32.dll
0x75f00000 - 0x75f1e000 	C:\Windows\SYSTEM32\DEVOBJ.dll
0x720a0000 - 0x720ac000 	C:\Program Files (x86)\Java\jre7\bin\verify.dll
0x71910000 - 0x71930000 	C:\Program Files (x86)\Java\jre7\bin\java.dll
0x718d0000 - 0x718e3000 	C:\Program Files (x86)\Java\jre7\bin\zip.dll
0x5e360000 - 0x5e4a3000 	C:\Program Files (x86)\Java\jre7\bin\awt.dll
0x76c00000 - 0x76c8b000 	C:\Windows\SYSTEM32\OLEAUT32.dll
0x76de0000 - 0x76f16000 	C:\Windows\SYSTEM32\combase.dll
0x72dd0000 - 0x72e77000 	C:\Windows\system32\apphelp.dll
0x71a40000 - 0x71a59000 	C:\Windows\system32\DWMAPI.DLL
0x726b0000 - 0x72738000 	C:\Windows\system32\uxtheme.dll
0x76760000 - 0x76879000 	C:\Windows\SYSTEM32\ole32.dll
0x74da0000 - 0x75e66000 	C:\Windows\SYSTEM32\SHELL32.dll
0x75f40000 - 0x75f80000 	C:\Windows\SYSTEM32\SHLWAPI.dll
0x73330000 - 0x733a3000 	C:\Windows\SYSTEM32\shcore.dll
0x5f9c0000 - 0x5f9f9000 	C:\Program Files (x86)\Java\jre7\bin\fontmanager.dll
0x718b0000 - 0x718c4000 	C:\Program Files (x86)\Java\jre7\bin\net.dll
0x72e80000 - 0x72eca000 	C:\Windows\system32\mswsock.dll
0x718a0000 - 0x718af000 	C:\Program Files (x86)\Java\jre7\bin\nio.dll
0x5f990000 - 0x5f9c0000 	C:\Program Files (x86)\Java\jre7\bin\t2k.dll
0x76b80000 - 0x76bf4000 	C:\Windows\SYSTEM32\clbcatq.dll
0x6a8a0000 - 0x6a9eb000 	C:\Windows\SYSTEM32\WindowsCodecs.dll
0x76dc0000 - 0x76dd1000 	C:\Windows\SYSTEM32\profapi.dll
0x5e330000 - 0x5e354000 	C:\Program Files (x86)\Java\jre7\bin\dcpr.dll
0x5e2c0000 - 0x5e32d000 	C:\binaries\terrajava.dll
0x5e1d0000 - 0x5e2b7000 	C:\binaries\terramanager-funcate.dll
0x564b0000 - 0x56d56000 	C:\binaries\terralib.dll
0x64af0000 - 0x64b59000 	C:\Windows\SYSTEM32\MSVCP100.dll
0x6d880000 - 0x6db4c000 	C:\binaries\bgd.dll
0x5e1b0000 - 0x5e1cb000 	C:\binaries\terraogc_xml.dll
0x5e190000 - 0x5e1ad000 	C:\binaries\terraogc_sld.dll
0x5e160000 - 0x5e186000 	C:\binaries\terraogc_se.dll
0x5e120000 - 0x5e156000 	C:\binaries\terraogc_filter.dll
0x5da60000 - 0x5dab2000 	C:\binaries\terraogc_ows.dll
0x5e100000 - 0x5e119000 	C:\binaries\terraogc_common.dll
0x5f980000 - 0x5f98b000 	C:\binaries\terralib_shp.dll
0x5e0f0000 - 0x5e0fe000 	C:\binaries\terralib_spl.dll
0x066f0000 - 0x06ae6000 	C:\binaries\qt-mt338.dll
0x613d0000 - 0x6149e000 	C:\Windows\SYSTEM32\OPENGL32.dll
0x613a0000 - 0x613c3000 	C:\Windows\SYSTEM32\GLU32.dll
0x597c0000 - 0x5983f000 	C:\binaries\qwt500.dll
0x0f150000 - 0x1114f000 	C:\binaries\berkelium.dll
0x06af0000 - 0x06c31000 	C:\binaries\LIBMYSQL.dll
0x63100000 - 0x63121000 	C:\binaries\LIBPQ.dll
0x06c40000 - 0x06ca1000 	C:\binaries\OCI.dll
0x59730000 - 0x597ba000 	C:\binaries\libtiff.dll
0x54f30000 - 0x55702000 	C:\binaries\gdal110.dll
0x12000000 - 0x121dc000 	C:\binaries\xerces-c_3_1.dll
0x596d0000 - 0x59725000 	C:\binaries\terraogc_wms.dll
0x59670000 - 0x596c3000 	C:\binaries\terraogc_gml.dll
0x59620000 - 0x59661000 	C:\binaries\terraogc_xsd.dll
0x5da40000 - 0x5da60000 	C:\binaries\terraogc_xacml.dll
0x71f30000 - 0x71f90000 	C:\Windows\SYSTEM32\WINSPOOL.DRV
0x7c340000 - 0x7c396000 	C:\Windows\SYSTEM32\MSVCR71.dll
0x608a0000 - 0x60979000 	C:\Windows\SYSTEM32\DDRAW.dll
0x727a0000 - 0x727a9000 	C:\Windows\SYSTEM32\Secur32.dll
0x75f20000 - 0x75f3b000 	C:\Windows\SYSTEM32\USERENV.dll
0x71520000 - 0x71570000 	C:\Windows\SYSTEM32\OLEACC.dll
0x54200000 - 0x54276000 	C:\Windows\SYSTEM32\RICHED20.dll
0x72ee0000 - 0x72ee8000 	C:\Windows\SYSTEM32\VERSION.dll
0x720b0000 - 0x720c4000 	C:\Windows\SYSTEM32\USP10.dll
0x72c50000 - 0x72cc5000 	C:\Windows\SYSTEM32\DNSAPI.dll
0x06d50000 - 0x06dfa000 	C:\Windows\libeay32.dll
0x06e00000 - 0x06e0d000 	C:\binaries\libintl-2.dll
0x72ed0000 - 0x72ed6000 	C:\Windows\SYSTEM32\SHFOLDER.DLL
0x06e10000 - 0x06e36000 	C:\Windows\ssleay32.dll
0x06e40000 - 0x06e66000 	C:\binaries\libexpat.dll
0x60770000 - 0x60811000 	C:\Windows\SYSTEM32\ODBC32.dll
0x60760000 - 0x60767000 	C:\Windows\SYSTEM32\DCIMAN32.dll
0x663b0000 - 0x663db000 	C:\Windows\SYSTEM32\msls31.dll
0x06ec0000 - 0x06f9b000 	C:\binaries\libiconv-2.dll
0x6f600000 - 0x6f61d000 	C:\Windows\SYSTEM32\gpapi.dll
0x74530000 - 0x74556000 	C:\Windows\SYSTEM32\ntmarta.dll
0x54680000 - 0x54f28000 	C:\binaries\icudt46.dll
0x53850000 - 0x53979000 	C:\Windows\SYSTEM32\dbghelp.dll
0x72040000 - 0x72050000 	C:\Windows\system32\napinsp.dll
0x72020000 - 0x72034000 	C:\Windows\system32\pnrpnsp.dll
0x72010000 - 0x72020000 	C:\Windows\system32\NLAapi.dll
0x72000000 - 0x72009000 	C:\Windows\System32\winrnr.dll
0x71ac0000 - 0x71ad0000 	C:\Windows\system32\wshbth.dll
0x726a0000 - 0x726a7000 	C:\Windows\System32\rasadhlp.dll
0x71c30000 - 0x71c6f000 	C:\Windows\System32\fwpuclnt.dll
0x72cd0000 - 0x72cf0000 	C:\Windows\SYSTEM32\IPHLPAPI.DLL
0x72c40000 - 0x72c48000 	C:\Windows\SYSTEM32\WINNSI.DLL
0x730d0000 - 0x730ea000 	C:\Windows\SYSTEM32\CRYPTSP.dll
0x73090000 - 0x730ce000 	C:\Windows\system32\rsaenh.dll
0x72c30000 - 0x72c40000 	C:\Windows\SYSTEM32\dhcpcsvc6.DLL
0x72c10000 - 0x72c22000 	C:\Windows\SYSTEM32\dhcpcsvc.DLL
0x5a800000 - 0x5a825000 	C:\Program Files (x86)\Java\jre7\bin\jpeg.dll

VM Arguments:
jvm_args: -Dfile.encoding=ISO-8859-1 
java_command: com.nexusbr.gv.main.ConnectDBMain
Launcher Type: SUN_STANDARD

Environment Variables:
JAVA_HOME=C:\Program Files (x86)\Java\jre7
PATH=C:/Program Files (x86)/Java/jre7/bin/client;C:/Program Files (x86)/Java/jre7/bin;C:/Program Files (x86)/Java/jre7/lib/i386;C:\Program Files (x86)\PHP\;c:\Program Files (x86)\Intel\iCLS Client\;c:\Program Files\Intel\iCLS Client\;C:\Windows\system32;C:\Windows;C:\Windows\System32\Wbem;C:\Windows\System32\WindowsPowerShell\v1.0\;C:\Program Files\Intel\Intel(R) Management Engine Components\DAL;C:\Program Files\Intel\Intel(R) Management Engine Components\IPT;C:\Program Files (x86)\Intel\Intel(R) Management Engine Components\DAL;C:\Program Files (x86)\Intel\Intel(R) Management Engine Components\IPT;C:\Program Files (x86)\Intel\OpenCL SDK\3.0\bin\x86;C:\Program Files (x86)\Intel\OpenCL SDK\3.0\bin\x64;C:\Program Files (x86)\Windows Live\Shared;C:\binaries;c:\Program Files (x86)\Microsoft SQL Server\100\Tools\Binn\;c:\Program Files\Microsoft SQL Server\100\Tools\Binn\;c:\Program Files\Microsoft SQL Server\100\DTS\Binn\;C:\strawberry\c\bin;C:\strawberry\perl\site\bin;C:\strawberry\perl\bin;C:\Program Files (x86)\Microsoft SQL Server\110\Tools\Binn\ManagementStudio\;C:\Program Files (x86)\Microsoft SQL Server\110\Tools\Binn\;C:\Program Files\Microsoft SQL Server\110\Tools\Binn\;C:\Program Files (x86)\Microsoft SQL Server\110\DTS\Binn\;C:\Program Files\TortoiseSVN\bin;C:\Python34;C:\Program Files (x86)\Java\jre7\bin;C:\eclipse;
USERNAME=inacio
OS=Windows_NT
PROCESSOR_IDENTIFIER=Intel64 Family 6 Model 69 Stepping 1, GenuineIntel



---------------  S Y S T E M  ---------------

OS: Windows 8 , 64 bit Build 9200 

CPU:total 4 (2 cores per cpu, 2 threads per core) family 6 model 69 stepping 1, cmov, cx8, fxsr, mmx, sse, sse2, sse3, ssse3, sse4.1, sse4.2, popcnt, avx, avx2, aes, erms, ht, tsc, tscinvbit

Memory: 4k page, physical 8290700k(3039704k free), swap 9535884k(4238940k free)

vm_info: Java HotSpot(TM) Client VM (24.60-b09) for windows-x86 JRE (1.7.0_60-b19), built on May  7 2014 13:09:52 by "java_re" with unknown MS VC++:1600

time: Wed Jul 02 14:41:48 2014
elapsed time: 14 seconds

