#
# A fatal error has been detected by the Java Runtime Environment:
#
#  EXCEPTION_ACCESS_VIOLATION (0xc0000005) at pc=0x0fc09052, pid=6592, tid=11016
#
# JRE version: Java(TM) SE Runtime Environment (7.0_60-b19) (build 1.7.0_60-b19)
# Java VM: Java HotSpot(TM) Client VM (24.60-b09 mixed mode, sharing windows-x86 )
# Problematic frame:
# C  [berkelium.dll+0xa39052]
#
# Failed to write core dump. Minidumps are not enabled by default on client versions of Windows
#
# If you would like to submit a bug report, please visit:
#   http://bugreport.sun.com/bugreport/crash.jsp
#

---------------  T H R E A D  ---------------

Current thread (0x026bfc00):  VMThread [stack: 0x04970000,0x049c0000] [id=11016]

siginfo: ExceptionCode=0xc0000005, reading address 0x000000f8

Registers:
EAX=0x049bf694, EBX=0x000493e0, ECX=0x049bf694, EDX=0x23bee7d0
ESP=0x049bf684, EBP=0x00000088, ESI=0x00000000, EDI=0x35a08ad0
EIP=0x0fc09052, EFLAGS=0x00010206

Top of Stack: (sp=0x049bf684)
0x049bf684:   07391168 07391168 072eab00 00000000
0x049bf694:   23bee7d0 00000088 07383a20 0738e900
0x049bf6a4:   00000000 00000000 00000000 74616401
0x049bf6b4:   69642d61 07650072 00000023 0000002f
0x049bf6c4:   00000000 07317070 002e5bf4 07391000
0x049bf6d4:   072eab44 ffffff00 0f23bf20 10d59778
0x049bf6e4:   06e40030 00000000 0000000f 10d5a730
0x049bf6f4:   00000001 0f239783 00000008 00000001 

Instructions: (pc=0x0fc09052)
0x0fc09032:   03 00 00 57 53 e8 f4 c8 60 ff 8b ea 8d 54 24 10
0x0fc09042:   52 8b f8 e8 26 ca 00 00 83 c4 04 03 38 13 68 04
0x0fc09052:   8b 86 f8 00 00 00 0b 86 fc 00 00 00 89 7c 24 20
0x0fc09062:   89 6c 24 24 75 3e 39 84 24 d4 00 00 00 7f 35 7c 


Register to memory mapping:

EAX=
[error occurred during error reporting (printing register info), id 0xc0000005]

Stack: [0x04970000,0x049c0000],  sp=0x049bf684,  free space=317k
Native frames: (J=compiled Java code, j=interpreted, Vv=VM code, C=native code)
C  [berkelium.dll+0xa39052]

[error occurred during error reporting (printing native stack), id 0xc0000005]

VM_Operation (0x05f4eca0): Exit, mode: safepoint, requested by thread 0x05ad1c00


---------------  P R O C E S S  ---------------

Java Threads: ( => current thread )
  0x05e3f000 JavaThread "WeakCollectionCleaner" daemon [_thread_blocked, id=4476, stack(0x09dd0000,0x09e20000)]
  0x05df4c00 JavaThread "TimerQueue" daemon [_thread_blocked, id=11132, stack(0x07d80000,0x07dd0000)]
  0x00d3e000 JavaThread "DestroyJavaVM" [_thread_blocked, id=7200, stack(0x00ea0000,0x00ef0000)]
  0x05ad1c00 JavaThread "AWT-EventQueue-0" [_thread_blocked, id=10352, stack(0x05f00000,0x05f50000)]
  0x04f94400 JavaThread "AWT-Shutdown" [_thread_blocked, id=7988, stack(0x055d0000,0x05620000)]
  0x04f4a000 JavaThread "Java2D Disposer" daemon [_thread_blocked, id=9288, stack(0x054f0000,0x05540000)]
  0x02739000 JavaThread "Service Thread" daemon [_thread_blocked, id=8968, stack(0x04cd0000,0x04d20000)]
  0x02734c00 JavaThread "C1 CompilerThread0" daemon [_thread_blocked, id=11012, stack(0x04c40000,0x04c90000)]
  0x02733000 JavaThread "Attach Listener" daemon [_thread_blocked, id=10764, stack(0x04bb0000,0x04c00000)]
  0x02730c00 JavaThread "Signal Dispatcher" daemon [_thread_blocked, id=5228, stack(0x04b20000,0x04b70000)]
  0x026c6000 JavaThread "Finalizer" daemon [_thread_blocked, id=248, stack(0x04a90000,0x04ae0000)]
  0x026c1000 JavaThread "Reference Handler" daemon [_thread_blocked, id=10772, stack(0x04a00000,0x04a50000)]

Other Threads:
=>0x026bfc00 VMThread [stack: 0x04970000,0x049c0000] [id=11016]

VM state:at safepoint (shutting down)

VM Mutex/Monitor currently owned by a thread:  ([mutex/lock_event])
[0x00d3c608] Threads_lock - owner thread: 0x026bfc00

Heap
 def new generation   total 13248K, used 8654K [0x24000000, 0x24e60000, 0x29550000)
  eden space 11776K,  73% used [0x24000000, 0x248739c0, 0x24b80000)
  from space 1472K,   0% used [0x24b80000, 0x24b80000, 0x24cf0000)
  to   space 1472K,   0% used [0x24cf0000, 0x24cf0000, 0x24e60000)
 tenured generation   total 29396K, used 17637K [0x29550000, 0x2b205000, 0x34000000)
   the space 29396K,  59% used [0x29550000, 0x2a689568, 0x2a689600, 0x2b205000)
 compacting perm gen  total 12288K, used 9241K [0x34000000, 0x34c00000, 0x38000000)
   the space 12288K,  75% used [0x34000000, 0x34906638, 0x34906800, 0x34c00000)
    ro space 10240K,  42% used [0x38000000, 0x38434778, 0x38434800, 0x38a00000)
    rw space 12288K,  52% used [0x38a00000, 0x39049a68, 0x39049c00, 0x39600000)

Card table byte_map: [0x04850000,0x04900000] byte_map_base: 0x04730000

Polling page: 0x00d20000

Code Cache  [0x02850000, 0x02a58000, 0x04850000)
 total_blobs=1231 nmethods=942 adapters=225 free_code_cache=30717Kb largest_free_block=31454080

Compilation events (10 events):
Event: 18.365 Thread 0x02734c00  947             java.awt.Point::<init> (15 bytes)
Event: 18.365 Thread 0x02734c00 nmethod 947 0x02a50088 code [0x02a50180, 0x02a50200]
Event: 18.380 Thread 0x02734c00  948             java.util.concurrent.locks.AbstractQueuedSynchronizer$ConditionObject::signalAll (33 bytes)
Event: 18.380 Thread 0x02734c00 nmethod 948 0x02a50248 code [0x02a50360, 0x02a50494]
Event: 18.444 Thread 0x02734c00  949             java.awt.Component::getCursor_NoClientCode (30 bytes)
Event: 18.444 Thread 0x02734c00 nmethod 949 0x02a50548 code [0x02a50670, 0x02a507a4]
Event: 19.868 Thread 0x02734c00  950             java.security.AccessControlContext::getContext (5 bytes)
Event: 19.869 Thread 0x02734c00 nmethod 950 0x02a508c8 code [0x02a509c0, 0x02a50a40]
Event: 19.869 Thread 0x02734c00  951             java.security.AccessControlContext::<init> (30 bytes)
Event: 19.869 Thread 0x02734c00 nmethod 951 0x02a50a88 code [0x02a50b80, 0x02a50c40]

GC Heap History (10 events):
Event: 2.631 GC heap before
{Heap before GC invocations=9 (full 1):
 def new generation   total 9408K, used 9408K [0x24000000, 0x24a30000, 0x29550000)
  eden space 8384K, 100% used [0x24000000, 0x24830000, 0x24830000)
  from space 1024K, 100% used [0x24930000, 0x24a30000, 0x24a30000)
  to   space 1024K,   0% used [0x24830000, 0x24830000, 0x24930000)
 tenured generation   total 20776K, used 15810K [0x29550000, 0x2a99a000, 0x34000000)
   the space 20776K,  76% used [0x29550000, 0x2a4c0858, 0x2a4c0a00, 0x2a99a000)
 compacting perm gen  total 12288K, used 7698K [0x34000000, 0x34c00000, 0x38000000)
   the space 12288K,  62% used [0x34000000, 0x34784808, 0x34784a00, 0x34c00000)
    ro space 10240K,  42% used [0x38000000, 0x38434778, 0x38434800, 0x38a00000)
    rw space 12288K,  52% used [0x38a00000, 0x39049a68, 0x39049c00, 0x39600000)
Event: 2.639 GC heap after
Heap after GC invocations=10 (full 1):
 def new generation   total 9408K, used 1023K [0x24000000, 0x24a30000, 0x29550000)
  eden space 8384K,   0% used [0x24000000, 0x24000000, 0x24830000)
  from space 1024K,  99% used [0x24830000, 0x2492fff8, 0x24930000)
  to   space 1024K,   0% used [0x24930000, 0x24930000, 0x24a30000)
 tenured generation   total 20776K, used 17371K [0x29550000, 0x2a99a000, 0x34000000)
   the space 20776K,  83% used [0x29550000, 0x2a646ea8, 0x2a647000, 0x2a99a000)
 compacting perm gen  total 12288K, used 7698K [0x34000000, 0x34c00000, 0x38000000)
   the space 12288K,  62% used [0x34000000, 0x34784808, 0x34784a00, 0x34c00000)
    ro space 10240K,  42% used [0x38000000, 0x38434778, 0x38434800, 0x38a00000)
    rw space 12288K,  52% used [0x38a00000, 0x39049a68, 0x39049c00, 0x39600000)
}
Event: 2.786 GC heap before
{Heap before GC invocations=10 (full 1):
 def new generation   total 9408K, used 9407K [0x24000000, 0x24a30000, 0x29550000)
  eden space 8384K,  99% used [0x24000000, 0x2482fe18, 0x24830000)
  from space 1024K,  99% used [0x24830000, 0x2492fff8, 0x24930000)
  to   space 1024K,   0% used [0x24930000, 0x24930000, 0x24a30000)
 tenured generation   total 20776K, used 17371K [0x29550000, 0x2a99a000, 0x34000000)
   the space 20776K,  83% used [0x29550000, 0x2a646ea8, 0x2a647000, 0x2a99a000)
 compacting perm gen  total 12288K, used 8131K [0x34000000, 0x34c00000, 0x38000000)
   the space 12288K,  66% used [0x34000000, 0x347f0f18, 0x347f1000, 0x34c00000)
    ro space 10240K,  42% used [0x38000000, 0x38434778, 0x38434800, 0x38a00000)
    rw space 12288K,  52% used [0x38a00000, 0x39049a68, 0x39049c00, 0x39600000)
Event: 2.791 GC heap after
Heap after GC invocations=11 (full 1):
 def new generation   total 9408K, used 1024K [0x24000000, 0x24a30000, 0x29550000)
  eden space 8384K,   0% used [0x24000000, 0x24000000, 0x24830000)
  from space 1024K, 100% used [0x24930000, 0x24a30000, 0x24a30000)
  to   space 1024K,   0% used [0x24830000, 0x24830000, 0x24930000)
 tenured generation   total 20776K, used 19823K [0x29550000, 0x2a99a000, 0x34000000)
   the space 20776K,  95% used [0x29550000, 0x2a8abec0, 0x2a8ac000, 0x2a99a000)
 compacting perm gen  total 12288K, used 8131K [0x34000000, 0x34c00000, 0x38000000)
   the space 12288K,  66% used [0x34000000, 0x347f0f18, 0x347f1000, 0x34c00000)
    ro space 10240K,  42% used [0x38000000, 0x38434778, 0x38434800, 0x38a00000)
    rw space 12288K,  52% used [0x38a00000, 0x39049a68, 0x39049c00, 0x39600000)
}
Event: 2.862 GC heap before
{Heap before GC invocations=11 (full 1):
 def new generation   total 9408K, used 9408K [0x24000000, 0x24a30000, 0x29550000)
  eden space 8384K, 100% used [0x24000000, 0x24830000, 0x24830000)
  from space 1024K, 100% used [0x24930000, 0x24a30000, 0x24a30000)
  to   space 1024K,   0% used [0x24830000, 0x24830000, 0x24930000)
 tenured generation   total 20776K, used 19823K [0x29550000, 0x2a99a000, 0x34000000)
   the space 20776K,  95% used [0x29550000, 0x2a8abec0, 0x2a8ac000, 0x2a99a000)
 compacting perm gen  total 12288K, used 8517K [0x34000000, 0x34c00000, 0x38000000)
   the space 12288K,  69% used [0x34000000, 0x348517a8, 0x34851800, 0x34c00000)
    ro space 10240K,  42% used [0x38000000, 0x38434778, 0x38434800, 0x38a00000)
    rw space 12288K,  52% used [0x38a00000, 0x39049a68, 0x39049c00, 0x39600000)
Event: 2.906 GC heap after
Heap after GC invocations=12 (full 2):
 def new generation   total 11648K, used 0K [0x24000000, 0x24ca0000, 0x29550000)
  eden space 10368K,   0% used [0x24000000, 0x24000000, 0x24a20000)
  from space 1280K,   0% used [0x24a20000, 0x24a20000, 0x24b60000)
  to   space 1280K,   0% used [0x24b60000, 0x24b60000, 0x24ca0000)
 tenured generation   total 25796K, used 15471K [0x29550000, 0x2ae81000, 0x34000000)
   the space 25796K,  59% used [0x29550000, 0x2a46bdd8, 0x2a46be00, 0x2ae81000)
 compacting perm gen  total 12288K, used 8517K [0x34000000, 0x34c00000, 0x38000000)
   the space 12288K,  69% used [0x34000000, 0x348517a8, 0x34851800, 0x34c00000)
    ro space 10240K,  42% used [0x38000000, 0x38434778, 0x38434800, 0x38a00000)
    rw space 12288K,  52% used [0x38a00000, 0x39049a68, 0x39049c00, 0x39600000)
}
Event: 2.922 GC heap before
{Heap before GC invocations=12 (full 2):
 def new generation   total 11648K, used 9615K [0x24000000, 0x24ca0000, 0x29550000)
  eden space 10368K,  92% used [0x24000000, 0x24963d70, 0x24a20000)
  from space 1280K,   0% used [0x24a20000, 0x24a20000, 0x24b60000)
  to   space 1280K,   0% used [0x24b60000, 0x24b60000, 0x24ca0000)
 tenured generation   total 25796K, used 15471K [0x29550000, 0x2ae81000, 0x34000000)
   the space 25796K,  59% used [0x29550000, 0x2a46bdd8, 0x2a46be00, 0x2ae81000)
 compacting perm gen  total 12288K, used 8517K [0x34000000, 0x34c00000, 0x38000000)
   the space 12288K,  69% used [0x34000000, 0x348517f8, 0x34851800, 0x34c00000)
    ro space 10240K,  42% used [0x38000000, 0x38434778, 0x38434800, 0x38a00000)
    rw space 12288K,  52% used [0x38a00000, 0x39049a68, 0x39049c00, 0x39600000)
Event: 2.924 GC heap after
Heap after GC invocations=13 (full 2):
 def new generation   total 11648K, used 42K [0x24000000, 0x24ca0000, 0x29550000)
  eden space 10368K,   0% used [0x24000000, 0x24000000, 0x24a20000)
  from space 1280K,   3% used [0x24b60000, 0x24b6aa88, 0x24ca0000)
  to   space 1280K,   0% used [0x24a20000, 0x24a20000, 0x24b60000)
 tenured generation   total 25796K, used 24790K [0x29550000, 0x2ae81000, 0x34000000)
   the space 25796K,  96% used [0x29550000, 0x2ad85850, 0x2ad85a00, 0x2ae81000)
 compacting perm gen  total 12288K, used 8517K [0x34000000, 0x34c00000, 0x38000000)
   the space 12288K,  69% used [0x34000000, 0x348517f8, 0x34851800, 0x34c00000)
    ro space 10240K,  42% used [0x38000000, 0x38434778, 0x38434800, 0x38a00000)
    rw space 12288K,  52% used [0x38a00000, 0x39049a68, 0x39049c00, 0x39600000)
}
Event: 2.939 GC heap before
{Heap before GC invocations=13 (full 2):
 def new generation   total 11648K, used 9450K [0x24000000, 0x24ca0000, 0x29550000)
  eden space 10368K,  90% used [0x24000000, 0x249300f0, 0x24a20000)
  from space 1280K,   3% used [0x24b60000, 0x24b6aa88, 0x24ca0000)
  to   space 1280K,   0% used [0x24a20000, 0x24a20000, 0x24b60000)
 tenured generation   total 25796K, used 24790K [0x29550000, 0x2ae81000, 0x34000000)
   the space 25796K,  96% used [0x29550000, 0x2ad85850, 0x2ad85a00, 0x2ae81000)
 compacting perm gen  total 12288K, used 8518K [0x34000000, 0x34c00000, 0x38000000)
   the space 12288K,  69% used [0x34000000, 0x34851838, 0x34851a00, 0x34c00000)
    ro space 10240K,  42% used [0x38000000, 0x38434778, 0x38434800, 0x38a00000)
    rw space 12288K,  52% used [0x38a00000, 0x39049a68, 0x39049c00, 0x39600000)
Event: 2.983 GC heap after
Heap after GC invocations=14 (full 3):
 def new generation   total 13248K, used 0K [0x24000000, 0x24e60000, 0x29550000)
  eden space 11776K,   0% used [0x24000000, 0x24000000, 0x24b80000)
  from space 1472K,   0% used [0x24b80000, 0x24b80000, 0x24cf0000)
  to   space 1472K,   0% used [0x24cf0000, 0x24cf0000, 0x24e60000)
 tenured generation   total 29396K, used 17637K [0x29550000, 0x2b205000, 0x34000000)
   the space 29396K,  59% used [0x29550000, 0x2a689568, 0x2a689600, 0x2b205000)
 compacting perm gen  total 12288K, used 8518K [0x34000000, 0x34c00000, 0x38000000)
   the space 12288K,  69% used [0x34000000, 0x34851838, 0x34851a00, 0x34c00000)
    ro space 10240K,  42% used [0x38000000, 0x38434778, 0x38434800, 0x38a00000)
    rw space 12288K,  52% used [0x38a00000, 0x39049a68, 0x39049c00, 0x39600000)
}

Deoptimization events (0 events):
No events

Internal exceptions (10 events):
Event: 5.882 Thread 0x05ad1c00 Threw 0x245c7500 at C:\re\jdk7u60\1081\hotspot\src\share\vm\prims\jvm.cpp:1244
Event: 5.967 Thread 0x05ad1c00 Threw 0x245ce010 at C:\re\jdk7u60\1081\hotspot\src\share\vm\prims\jvm.cpp:1244
Event: 5.967 Thread 0x05ad1c00 Threw 0x245d51e0 at C:\re\jdk7u60\1081\hotspot\src\share\vm\prims\jvm.cpp:1244
Event: 5.968 Thread 0x05ad1c00 Threw 0x245e11d0 at C:\re\jdk7u60\1081\hotspot\src\share\vm\prims\jvm.cpp:1244
Event: 5.968 Thread 0x05ad1c00 Threw 0x245e87b8 at C:\re\jdk7u60\1081\hotspot\src\share\vm\prims\jvm.cpp:1244
Event: 5.968 Thread 0x05ad1c00 Threw 0x245f3728 at C:\re\jdk7u60\1081\hotspot\src\share\vm\prims\jvm.cpp:1244
Event: 5.969 Thread 0x05ad1c00 Threw 0x245fafa8 at C:\re\jdk7u60\1081\hotspot\src\share\vm\prims\jvm.cpp:1244
Event: 5.970 Thread 0x05ad1c00 Threw 0x246065d0 at C:\re\jdk7u60\1081\hotspot\src\share\vm\prims\jvm.cpp:1244
Event: 5.971 Thread 0x05ad1c00 Threw 0x2462ad30 at C:\re\jdk7u60\1081\hotspot\src\share\vm\prims\jvm.cpp:1244
Event: 5.975 Thread 0x05ad1c00 Threw 0x24634528 at C:\re\jdk7u60\1081\hotspot\src\share\vm\prims\jvm.cpp:1244

Events (10 events):
Event: 21.116 loading class 0x39670c20
Event: 21.116 loading class 0x39670bc8
Event: 21.116 Thread 0x05e3f800 Thread exited: 0x05e3f800
Event: 21.116 loading class 0x39670bc8 done
Event: 21.116 loading class 0x39670c20 done
Event: 21.116 Thread 0x05e40000 Thread exited: 0x05e40000
Event: 21.117 Thread 0x05e42400 Thread exited: 0x05e42400
Event: 21.123 Thread 0x04f94c00 Thread exited: 0x04f94c00
Event: 21.217 Thread 0x05e41c00 Thread exited: 0x05e41c00
Event: 21.217 Executing VM operation: Exit


Dynamic libraries:
0x00a70000 - 0x00a9f000 	C:\Program Files (x86)\Java\jre7\bin\javaw.exe
0x76fe0000 - 0x77137000 	C:\Windows\SYSTEM32\ntdll.dll
0x74690000 - 0x747c0000 	C:\Windows\SYSTEM32\KERNEL32.DLL
0x76a80000 - 0x76b27000 	C:\Windows\SYSTEM32\KERNELBASE.dll
0x747c0000 - 0x7486e000 	C:\Windows\SYSTEM32\ADVAPI32.dll
0x764f0000 - 0x76606000 	C:\Windows\SYSTEM32\USER32.dll
0x73130000 - 0x73328000 	C:\Windows\WinSxS\x86_microsoft.windows.common-controls_6595b64144ccf1df_6.0.9200.16579_none_8937eec6860750f5\COMCTL32.dll
0x76000000 - 0x760b1000 	C:\Windows\SYSTEM32\msvcrt.dll
0x74870000 - 0x748a4000 	C:\Windows\SYSTEM32\sechost.dll
0x760c0000 - 0x7616c000 	C:\Windows\SYSTEM32\RPCRT4.dll
0x748b0000 - 0x749ad000 	C:\Windows\SYSTEM32\GDI32.dll
0x745d0000 - 0x745ed000 	C:\Windows\SYSTEM32\SspiCli.dll
0x745c0000 - 0x745c9000 	C:\Windows\SYSTEM32\CRYPTBASE.dll
0x74560000 - 0x745b1000 	C:\Windows\SYSTEM32\bcryptPrimitives.dll
0x762e0000 - 0x76300000 	C:\Windows\system32\IMM32.DLL
0x76680000 - 0x7675e000 	C:\Windows\SYSTEM32\MSCTF.dll
0x5e970000 - 0x5ea2f000 	C:\Program Files (x86)\Java\jre7\bin\msvcr100.dll
0x5e310000 - 0x5e698000 	C:\Program Files (x86)\Java\jre7\bin\client\jvm.dll
0x71c10000 - 0x71c18000 	C:\Windows\SYSTEM32\WSOCK32.dll
0x71fb0000 - 0x71fd1000 	C:\Windows\SYSTEM32\WINMM.dll
0x76300000 - 0x76306000 	C:\Windows\SYSTEM32\PSAPI.DLL
0x75f80000 - 0x75fd0000 	C:\Windows\SYSTEM32\WS2_32.dll
0x71c70000 - 0x71c9b000 	C:\Windows\SYSTEM32\WINMMBASE.dll
0x75ff0000 - 0x75ff8000 	C:\Windows\SYSTEM32\NSI.dll
0x76b30000 - 0x76b76000 	C:\Windows\SYSTEM32\cfgmgr32.dll
0x75f00000 - 0x75f1e000 	C:\Windows\SYSTEM32\DEVOBJ.dll
0x720a0000 - 0x720ac000 	C:\Program Files (x86)\Java\jre7\bin\verify.dll
0x70bb0000 - 0x70bd0000 	C:\Program Files (x86)\Java\jre7\bin\java.dll
0x70b90000 - 0x70ba3000 	C:\Program Files (x86)\Java\jre7\bin\zip.dll
0x6f490000 - 0x6f5d3000 	C:\Program Files (x86)\Java\jre7\bin\awt.dll
0x76c00000 - 0x76c8b000 	C:\Windows\SYSTEM32\OLEAUT32.dll
0x76de0000 - 0x76f16000 	C:\Windows\SYSTEM32\combase.dll
0x72dd0000 - 0x72e77000 	C:\Windows\system32\apphelp.dll
0x71a40000 - 0x71a59000 	C:\Windows\system32\DWMAPI.DLL
0x726b0000 - 0x72738000 	C:\Windows\system32\uxtheme.dll
0x76760000 - 0x76879000 	C:\Windows\SYSTEM32\ole32.dll
0x74da0000 - 0x75e66000 	C:\Windows\SYSTEM32\SHELL32.dll
0x75f40000 - 0x75f80000 	C:\Windows\SYSTEM32\SHLWAPI.dll
0x73330000 - 0x733a3000 	C:\Windows\SYSTEM32\shcore.dll
0x718b0000 - 0x718e9000 	C:\Program Files (x86)\Java\jre7\bin\fontmanager.dll
0x6f250000 - 0x6f264000 	C:\Program Files (x86)\Java\jre7\bin\net.dll
0x72e80000 - 0x72eca000 	C:\Windows\system32\mswsock.dll
0x718a0000 - 0x718af000 	C:\Program Files (x86)\Java\jre7\bin\nio.dll
0x706d0000 - 0x70700000 	C:\Program Files (x86)\Java\jre7\bin\t2k.dll
0x76b80000 - 0x76bf4000 	C:\Windows\SYSTEM32\clbcatq.dll
0x6a8a0000 - 0x6a9eb000 	C:\Windows\SYSTEM32\WindowsCodecs.dll
0x76dc0000 - 0x76dd1000 	C:\Windows\SYSTEM32\profapi.dll
0x68440000 - 0x68464000 	C:\Program Files (x86)\Java\jre7\bin\dcpr.dll
0x5e900000 - 0x5e96d000 	C:\binaries\terrajava.dll
0x5e220000 - 0x5e307000 	C:\binaries\terramanager-funcate.dll
0x59300000 - 0x59ba6000 	C:\binaries\terralib.dll
0x64af0000 - 0x64b59000 	C:\Windows\SYSTEM32\MSVCP100.dll
0x6d880000 - 0x6db4c000 	C:\binaries\bgd.dll
0x66b80000 - 0x66b9b000 	C:\binaries\terraogc_xml.dll
0x60460000 - 0x6047d000 	C:\binaries\terraogc_sld.dll
0x5f9a0000 - 0x5f9c6000 	C:\binaries\terraogc_se.dll
0x5e8c0000 - 0x5e8f6000 	C:\binaries\terraogc_filter.dll
0x5e1c0000 - 0x5e212000 	C:\binaries\terraogc_ows.dll
0x5f980000 - 0x5f999000 	C:\binaries\terraogc_common.dll
0x684c0000 - 0x684cb000 	C:\binaries\terralib_shp.dll
0x60450000 - 0x6045e000 	C:\binaries\terralib_spl.dll
0x064a0000 - 0x06896000 	C:\binaries\qt-mt338.dll
0x613d0000 - 0x6149e000 	C:\Windows\SYSTEM32\OPENGL32.dll
0x613a0000 - 0x613c3000 	C:\Windows\SYSTEM32\GLU32.dll
0x5e140000 - 0x5e1bf000 	C:\binaries\qwt500.dll
0x0f1d0000 - 0x111cf000 	C:\binaries\berkelium.dll
0x068a0000 - 0x069e1000 	C:\binaries\LIBMYSQL.dll
0x63100000 - 0x63121000 	C:\binaries\LIBPQ.dll
0x069f0000 - 0x06a51000 	C:\binaries\OCI.dll
0x5da30000 - 0x5daba000 	C:\binaries\libtiff.dll
0x56580000 - 0x56d52000 	C:\binaries\gdal110.dll
0x12000000 - 0x121dc000 	C:\binaries\xerces-c_3_1.dll
0x592a0000 - 0x592f5000 	C:\binaries\terraogc_wms.dll
0x59240000 - 0x59293000 	C:\binaries\terraogc_gml.dll
0x5e0f0000 - 0x5e131000 	C:\binaries\terraogc_xsd.dll
0x5a810000 - 0x5a830000 	C:\binaries\terraogc_xacml.dll
0x71f30000 - 0x71f90000 	C:\Windows\SYSTEM32\WINSPOOL.DRV
0x7c340000 - 0x7c396000 	C:\Windows\SYSTEM32\MSVCR71.dll
0x608a0000 - 0x60979000 	C:\Windows\SYSTEM32\DDRAW.dll
0x727a0000 - 0x727a9000 	C:\Windows\SYSTEM32\Secur32.dll
0x75f20000 - 0x75f3b000 	C:\Windows\SYSTEM32\USERENV.dll
0x71520000 - 0x71570000 	C:\Windows\SYSTEM32\OLEACC.dll
0x54200000 - 0x54276000 	C:\Windows\SYSTEM32\RICHED20.dll
0x72ee0000 - 0x72ee8000 	C:\Windows\SYSTEM32\VERSION.dll
0x720b0000 - 0x720c4000 	C:\Windows\SYSTEM32\USP10.dll
0x72c50000 - 0x72cc5000 	C:\Windows\SYSTEM32\DNSAPI.dll
0x06b00000 - 0x06baa000 	C:\Windows\libeay32.dll
0x06bb0000 - 0x06bbd000 	C:\binaries\libintl-2.dll
0x72ed0000 - 0x72ed6000 	C:\Windows\SYSTEM32\SHFOLDER.DLL
0x06bc0000 - 0x06be6000 	C:\Windows\ssleay32.dll
0x06bf0000 - 0x06c16000 	C:\binaries\libexpat.dll
0x60770000 - 0x60811000 	C:\Windows\SYSTEM32\ODBC32.dll
0x60760000 - 0x60767000 	C:\Windows\SYSTEM32\DCIMAN32.dll
0x663b0000 - 0x663db000 	C:\Windows\SYSTEM32\msls31.dll
0x06c70000 - 0x06d4b000 	C:\binaries\libiconv-2.dll
0x6f600000 - 0x6f61d000 	C:\Windows\SYSTEM32\gpapi.dll
0x74530000 - 0x74556000 	C:\Windows\SYSTEM32\ntmarta.dll
0x54e60000 - 0x55708000 	C:\binaries\icudt46.dll
0x53850000 - 0x53979000 	C:\Windows\SYSTEM32\dbghelp.dll
0x72040000 - 0x72050000 	C:\Windows\system32\napinsp.dll
0x72020000 - 0x72034000 	C:\Windows\system32\pnrpnsp.dll
0x72010000 - 0x72020000 	C:\Windows\system32\NLAapi.dll
0x72000000 - 0x72009000 	C:\Windows\System32\winrnr.dll
0x71ac0000 - 0x71ad0000 	C:\Windows\system32\wshbth.dll
0x726a0000 - 0x726a7000 	C:\Windows\System32\rasadhlp.dll
0x71c30000 - 0x71c6f000 	C:\Windows\System32\fwpuclnt.dll
0x72cd0000 - 0x72cf0000 	C:\Windows\SYSTEM32\IPHLPAPI.DLL
0x72c40000 - 0x72c48000 	C:\Windows\SYSTEM32\WINNSI.DLL
0x730d0000 - 0x730ea000 	C:\Windows\SYSTEM32\CRYPTSP.dll
0x73090000 - 0x730ce000 	C:\Windows\system32\rsaenh.dll
0x72c30000 - 0x72c40000 	C:\Windows\SYSTEM32\dhcpcsvc6.DLL
0x72c10000 - 0x72c22000 	C:\Windows\SYSTEM32\dhcpcsvc.DLL
0x59210000 - 0x59235000 	C:\Program Files (x86)\Java\jre7\bin\jpeg.dll

VM Arguments:
jvm_args: -Dfile.encoding=ISO-8859-1 
java_command: com.nexusbr.gv.main.ConnectDBMain
Launcher Type: SUN_STANDARD

Environment Variables:
JAVA_HOME=C:\Program Files (x86)\Java\jre7
PATH=C:/Program Files (x86)/Java/jre7/bin/client;C:/Program Files (x86)/Java/jre7/bin;C:/Program Files (x86)/Java/jre7/lib/i386;C:\Program Files (x86)\PHP\;c:\Program Files (x86)\Intel\iCLS Client\;c:\Program Files\Intel\iCLS Client\;C:\Windows\system32;C:\Windows;C:\Windows\System32\Wbem;C:\Windows\System32\WindowsPowerShell\v1.0\;C:\Program Files\Intel\Intel(R) Management Engine Components\DAL;C:\Program Files\Intel\Intel(R) Management Engine Components\IPT;C:\Program Files (x86)\Intel\Intel(R) Management Engine Components\DAL;C:\Program Files (x86)\Intel\Intel(R) Management Engine Components\IPT;C:\Program Files (x86)\Intel\OpenCL SDK\3.0\bin\x86;C:\Program Files (x86)\Intel\OpenCL SDK\3.0\bin\x64;C:\Program Files (x86)\Windows Live\Shared;C:\binaries;c:\Program Files (x86)\Microsoft SQL Server\100\Tools\Binn\;c:\Program Files\Microsoft SQL Server\100\Tools\Binn\;c:\Program Files\Microsoft SQL Server\100\DTS\Binn\;C:\strawberry\c\bin;C:\strawberry\perl\site\bin;C:\strawberry\perl\bin;C:\Program Files (x86)\Microsoft SQL Server\110\Tools\Binn\ManagementStudio\;C:\Program Files (x86)\Microsoft SQL Server\110\Tools\Binn\;C:\Program Files\Microsoft SQL Server\110\Tools\Binn\;C:\Program Files (x86)\Microsoft SQL Server\110\DTS\Binn\;C:\Program Files\TortoiseSVN\bin;C:\Python34;C:\Program Files (x86)\Java\jre7\bin;C:\eclipse;
USERNAME=inacio
OS=Windows_NT
PROCESSOR_IDENTIFIER=Intel64 Family 6 Model 69 Stepping 1, GenuineIntel



---------------  S Y S T E M  ---------------

OS: Windows 8 , 64 bit Build 9200 

CPU:total 4 (2 cores per cpu, 2 threads per core) family 6 model 69 stepping 1, cmov, cx8, fxsr, mmx, sse, sse2, sse3, ssse3, sse4.1, sse4.2, popcnt, avx, avx2, aes, erms, ht, tsc, tscinvbit

Memory: 4k page, physical 8290700k(2382052k free), swap 9535884k(3505788k free)

vm_info: Java HotSpot(TM) Client VM (24.60-b09) for windows-x86 JRE (1.7.0_60-b19), built on May  7 2014 13:09:52 by "java_re" with unknown MS VC++:1600

time: Fri Jul 04 10:17:43 2014
elapsed time: 21 seconds

