#
# A fatal error has been detected by the Java Runtime Environment:
#
#  EXCEPTION_ACCESS_VIOLATION (0xc0000005) at pc=0x10619052, pid=11176, tid=8648
#
# JRE version: Java(TM) SE Runtime Environment (7.0_60-b19) (build 1.7.0_60-b19)
# Java VM: Java HotSpot(TM) Client VM (24.60-b09 mixed mode, sharing windows-x86 )
# Problematic frame:
# C  [berkelium.dll+0xa39052]
#
# Failed to write core dump. Minidumps are not enabled by default on client versions of Windows
#
# If you would like to submit a bug report, please visit:
#   http://bugreport.sun.com/bugreport/crash.jsp
#

---------------  T H R E A D  ---------------

Current thread (0x00abfc00):  VMThread [stack: 0x045a0000,0x045f0000] [id=8648]

siginfo: ExceptionCode=0xc0000005, reading address 0x000000f8

Registers:
EAX=0x045ef354, EBX=0x000493e0, ECX=0x045ef354, EDX=0xa6bff680
ESP=0x045ef344, EBP=0x00000086, ESI=0x00000000, EDI=0xb8a19980
EIP=0x10619052, EFLAGS=0x00010202

Top of Stack: (sp=0x045ef344)
0x045ef344:   06fb1168 06fb1168 06f0ab00 00000000
0x045ef354:   a6bff680 00000086 06fa3a20 06fad900
0x045ef364:   00000000 00000000 00000000 74616401
0x045ef374:   69642d61 07200072 00000023 0000002f
0x045ef384:   00000000 06f37070 002e5bf2 06fb1000
0x045ef394:   06f0ab44 ffffff00 0fc4bf20 11769778
0x045ef3a4:   069f0030 00000000 0000000f 1176a730
0x045ef3b4:   00000001 0fc49783 00000008 00000001 

Instructions: (pc=0x10619052)
0x10619032:   03 00 00 57 53 e8 f4 c8 60 ff 8b ea 8d 54 24 10
0x10619042:   52 8b f8 e8 26 ca 00 00 83 c4 04 03 38 13 68 04
0x10619052:   8b 86 f8 00 00 00 0b 86 fc 00 00 00 89 7c 24 20
0x10619062:   89 6c 24 24 75 3e 39 84 24 d4 00 00 00 7f 35 7c 


Register to memory mapping:

EAX=
[error occurred during error reporting (printing register info), id 0xc0000005]

Stack: [0x045a0000,0x045f0000],  sp=0x045ef344,  free space=316k
Native frames: (J=compiled Java code, j=interpreted, Vv=VM code, C=native code)
C  [berkelium.dll+0xa39052]

VM_Operation (0x05b9e800): Exit, mode: safepoint, requested by thread 0x05718800


---------------  P R O C E S S  ---------------

Java Threads: ( => current thread )
  0x0588b800 JavaThread "Image Fetcher 2" daemon [_thread_blocked, id=5524, stack(0x07b20000,0x07b70000)]
  0x0588dc00 JavaThread "Image Fetcher 1" daemon [_thread_blocked, id=4416, stack(0x07a90000,0x07ae0000)]
  0x05a5a800 JavaThread "Image Fetcher 3" daemon [_thread_blocked, id=8308, stack(0x07c60000,0x07cb0000)]
  0x05a59400 JavaThread "WeakCollectionCleaner" daemon [_thread_blocked, id=8444, stack(0x07a00000,0x07a50000)]
  0x0599ac00 JavaThread "TimerQueue" daemon [_thread_blocked, id=4552, stack(0x07970000,0x079c0000)]
  0x0096e000 JavaThread "DestroyJavaVM" [_thread_blocked, id=10040, stack(0x009b0000,0x00a00000)]
  0x05718800 JavaThread "AWT-EventQueue-0" [_thread_blocked, id=3952, stack(0x05b50000,0x05ba0000)]
  0x04bbb000 JavaThread "AWT-Shutdown" [_thread_blocked, id=6328, stack(0x05220000,0x05270000)]
  0x04bba000 JavaThread "Java2D Disposer" daemon [_thread_blocked, id=8796, stack(0x05190000,0x051e0000)]
  0x00b3b000 JavaThread "Service Thread" daemon [_thread_blocked, id=7004, stack(0x04900000,0x04950000)]
  0x00b34800 JavaThread "C1 CompilerThread0" daemon [_thread_blocked, id=7024, stack(0x04870000,0x048c0000)]
  0x00b32c00 JavaThread "Attach Listener" daemon [_thread_blocked, id=4224, stack(0x047e0000,0x04830000)]
  0x00b30c00 JavaThread "Signal Dispatcher" daemon [_thread_blocked, id=10080, stack(0x04750000,0x047a0000)]
  0x00ac2800 JavaThread "Finalizer" daemon [_thread_blocked, id=10520, stack(0x046c0000,0x04710000)]
  0x00ac1000 JavaThread "Reference Handler" daemon [_thread_blocked, id=6216, stack(0x04630000,0x04680000)]

Other Threads:
=>0x00abfc00 VMThread [stack: 0x045a0000,0x045f0000] [id=8648]

VM state:at safepoint (shutting down)

VM Mutex/Monitor currently owned by a thread:  ([mutex/lock_event])
[0x0096c740] Threads_lock - owner thread: 0x00abfc00

Heap
 def new generation   total 51648K, used 42441K [0x24000000, 0x27800000, 0x29550000)
  eden space 45952K,  79% used [0x24000000, 0x263e2470, 0x26ce0000)
  from space 5696K, 100% used [0x26ce0000, 0x27270000, 0x27270000)
  to   space 5696K,   0% used [0x27270000, 0x27270000, 0x27800000)
 tenured generation   total 114844K, used 87672K [0x29550000, 0x30577000, 0x34000000)
   the space 114844K,  76% used [0x29550000, 0x2eaee240, 0x2eaee400, 0x30577000)
 compacting perm gen  total 12288K, used 10856K [0x34000000, 0x34c00000, 0x38000000)
   the space 12288K,  88% used [0x34000000, 0x34a9a2a8, 0x34a9a400, 0x34c00000)
    ro space 10240K,  42% used [0x38000000, 0x38434778, 0x38434800, 0x38a00000)
    rw space 12288K,  52% used [0x38a00000, 0x39049a68, 0x39049c00, 0x39600000)

Card table byte_map: [0x04440000,0x044f0000] byte_map_base: 0x04320000

Polling page: 0x008b0000

Code Cache  [0x023c0000, 0x026e0000, 0x043c0000)
 total_blobs=1916 nmethods=1618 adapters=234 free_code_cache=29571Kb largest_free_block=30279744

Compilation events (10 events):
Event: 47.288 Thread 0x00b34800 1628             java.awt.geom.RoundRectIterator::currentSegment (144 bytes)
Event: 47.289 Thread 0x00b34800 nmethod 1628 0x026dde48 code [0x026ddf80, 0x026de268]
Event: 47.599 Thread 0x00b34800 1629             sun.awt.image.IntegerInterleavedRaster::getScanlineStride (5 bytes)
Event: 47.600 Thread 0x00b34800 nmethod 1629 0x026de648 code [0x026de740, 0x026de7c0]
Event: 47.926 Thread 0x00b34800 1630   !         sun.awt.GlobalCursorManager$NativeUpdater::postIfNotPending (48 bytes)
Event: 47.926 Thread 0x00b34800 nmethod 1630 0x026de808 code [0x026de920, 0x026deb68]
Event: 48.406 Thread 0x00b34800 1631             java.awt.Container::eventEnabled (49 bytes)
Event: 48.407 Thread 0x00b34800 nmethod 1631 0x026dec48 code [0x026ded50, 0x026dee5c]
Event: 48.422 Thread 0x00b34800 1632   !         java.awt.AWTEvent::copyPrivateDataInto (76 bytes)
Event: 48.424 Thread 0x00b34800 nmethod 1632 0x026def08 code [0x026df070, 0x026df498]

GC Heap History (10 events):
Event: 25.409 GC heap before
{Heap before GC invocations=28 (full 6):
 def new generation   total 27968K, used 27959K [0x24000000, 0x25e50000, 0x29550000)
  eden space 24896K,  99% used [0x24000000, 0x2584e0c8, 0x25850000)
  from space 3072K,  99% used [0x25850000, 0x25b4fe28, 0x25b50000)
  to   space 3072K,   0% used [0x25b50000, 0x25b50000, 0x25e50000)
 tenured generation   total 61904K, used 45878K [0x29550000, 0x2d1c4000, 0x34000000)
   the space 61904K,  74% used [0x29550000, 0x2c21d868, 0x2c21da00, 0x2d1c4000)
 compacting perm gen  total 12288K, used 8814K [0x34000000, 0x34c00000, 0x38000000)
   the space 12288K,  71% used [0x34000000, 0x3489bb58, 0x3489bc00, 0x34c00000)
    ro space 10240K,  42% used [0x38000000, 0x38434778, 0x38434800, 0x38a00000)
    rw space 12288K,  52% used [0x38a00000, 0x39049a68, 0x39049c00, 0x39600000)
Event: 25.411 GC heap after
Heap after GC invocations=29 (full 6):
 def new generation   total 27968K, used 1245K [0x24000000, 0x25e50000, 0x29550000)
  eden space 24896K,   0% used [0x24000000, 0x24000000, 0x25850000)
  from space 3072K,  40% used [0x25b50000, 0x25c875e8, 0x25e50000)
  to   space 3072K,   0% used [0x25850000, 0x25850000, 0x25b50000)
 tenured generation   total 61904K, used 46361K [0x29550000, 0x2d1c4000, 0x34000000)
   the space 61904K,  74% used [0x29550000, 0x2c296530, 0x2c296600, 0x2d1c4000)
 compacting perm gen  total 12288K, used 8814K [0x34000000, 0x34c00000, 0x38000000)
   the space 12288K,  71% used [0x34000000, 0x3489bb58, 0x3489bc00, 0x34c00000)
    ro space 10240K,  42% used [0x38000000, 0x38434778, 0x38434800, 0x38a00000)
    rw space 12288K,  52% used [0x38a00000, 0x39049a68, 0x39049c00, 0x39600000)
}
Event: 29.970 GC heap before
{Heap before GC invocations=29 (full 6):
 def new generation   total 27968K, used 26141K [0x24000000, 0x25e50000, 0x29550000)
  eden space 24896K, 100% used [0x24000000, 0x25850000, 0x25850000)
  from space 3072K,  40% used [0x25b50000, 0x25c875e8, 0x25e50000)
  to   space 3072K,   0% used [0x25850000, 0x25850000, 0x25b50000)
 tenured generation   total 61904K, used 46361K [0x29550000, 0x2d1c4000, 0x34000000)
   the space 61904K,  74% used [0x29550000, 0x2c296530, 0x2c296600, 0x2d1c4000)
 compacting perm gen  total 12288K, used 9207K [0x34000000, 0x34c00000, 0x38000000)
   the space 12288K,  74% used [0x34000000, 0x348fdfe8, 0x348fe000, 0x34c00000)
    ro space 10240K,  42% used [0x38000000, 0x38434778, 0x38434800, 0x38a00000)
    rw space 12288K,  52% used [0x38a00000, 0x39049a68, 0x39049c00, 0x39600000)
Event: 29.974 GC heap after
Heap after GC invocations=30 (full 6):
 def new generation   total 27968K, used 3072K [0x24000000, 0x25e50000, 0x29550000)
  eden space 24896K,   0% used [0x24000000, 0x24000000, 0x25850000)
  from space 3072K, 100% used [0x25850000, 0x25b50000, 0x25b50000)
  to   space 3072K,   0% used [0x25b50000, 0x25b50000, 0x25e50000)
 tenured generation   total 61904K, used 51996K [0x29550000, 0x2d1c4000, 0x34000000)
   the space 61904K,  83% used [0x29550000, 0x2c8171e0, 0x2c817200, 0x2d1c4000)
 compacting perm gen  total 12288K, used 9207K [0x34000000, 0x34c00000, 0x38000000)
   the space 12288K,  74% used [0x34000000, 0x348fdfe8, 0x348fe000, 0x34c00000)
    ro space 10240K,  42% used [0x38000000, 0x38434778, 0x38434800, 0x38a00000)
    rw space 12288K,  52% used [0x38a00000, 0x39049a68, 0x39049c00, 0x39600000)
}
Event: 32.852 GC heap before
{Heap before GC invocations=30 (full 6):
 def new generation   total 27968K, used 27968K [0x24000000, 0x25e50000, 0x29550000)
  eden space 24896K, 100% used [0x24000000, 0x25850000, 0x25850000)
  from space 3072K, 100% used [0x25850000, 0x25b50000, 0x25b50000)
  to   space 3072K,   0% used [0x25b50000, 0x25b50000, 0x25e50000)
 tenured generation   total 61904K, used 51996K [0x29550000, 0x2d1c4000, 0x34000000)
   the space 61904K,  83% used [0x29550000, 0x2c8171e0, 0x2c817200, 0x2d1c4000)
 compacting perm gen  total 12288K, used 9526K [0x34000000, 0x34c00000, 0x38000000)
   the space 12288K,  77% used [0x34000000, 0x3494dab8, 0x3494dc00, 0x34c00000)
    ro space 10240K,  42% used [0x38000000, 0x38434778, 0x38434800, 0x38a00000)
    rw space 12288K,  52% used [0x38a00000, 0x39049a68, 0x39049c00, 0x39600000)
Event: 32.976 GC heap after
Heap after GC invocations=31 (full 7):
 def new generation   total 51648K, used 0K [0x24000000, 0x27800000, 0x29550000)
  eden space 45952K,   0% used [0x24000000, 0x24000000, 0x26ce0000)
  from space 5696K,   0% used [0x26ce0000, 0x26ce0000, 0x27270000)
  to   space 5696K,   0% used [0x27270000, 0x27270000, 0x27800000)
 tenured generation   total 114584K, used 68750K [0x29550000, 0x30536000, 0x34000000)
   the space 114584K,  59% used [0x29550000, 0x2d873810, 0x2d873a00, 0x30536000)
 compacting perm gen  total 12288K, used 9526K [0x34000000, 0x34c00000, 0x38000000)
   the space 12288K,  77% used [0x34000000, 0x3494dab8, 0x3494dc00, 0x34c00000)
    ro space 10240K,  42% used [0x38000000, 0x38434778, 0x38434800, 0x38a00000)
    rw space 12288K,  52% used [0x38a00000, 0x39049a68, 0x39049c00, 0x39600000)
}
Event: 39.815 GC heap before
{Heap before GC invocations=31 (full 7):
 def new generation   total 51648K, used 46464K [0x24000000, 0x27800000, 0x29550000)
  eden space 45952K, 100% used [0x24000000, 0x26ce0000, 0x26ce0000)
  from space 5696K,   8% used [0x26ce0000, 0x26d60020, 0x27270000)
  to   space 5696K,   0% used [0x27270000, 0x27270000, 0x27800000)
 tenured generation   total 114584K, used 68750K [0x29550000, 0x30536000, 0x34000000)
   the space 114584K,  59% used [0x29550000, 0x2d873810, 0x2d873a00, 0x30536000)
 compacting perm gen  total 12288K, used 9527K [0x34000000, 0x34c00000, 0x38000000)
   the space 12288K,  77% used [0x34000000, 0x3494dc28, 0x3494de00, 0x34c00000)
    ro space 10240K,  42% used [0x38000000, 0x38434778, 0x38434800, 0x38a00000)
    rw space 12288K,  52% used [0x38a00000, 0x39049a68, 0x39049c00, 0x39600000)
Event: 39.824 GC heap after
Heap after GC invocations=32 (full 7):
 def new generation   total 51648K, used 5696K [0x24000000, 0x27800000, 0x29550000)
  eden space 45952K,   0% used [0x24000000, 0x24000000, 0x26ce0000)
  from space 5696K, 100% used [0x27270000, 0x27800000, 0x27800000)
  to   space 5696K,   0% used [0x26ce0000, 0x26ce0000, 0x27270000)
 tenured generation   total 114584K, used 72146K [0x29550000, 0x30536000, 0x34000000)
   the space 114584K,  62% used [0x29550000, 0x2dbc4ba0, 0x2dbc4c00, 0x30536000)
 compacting perm gen  total 12288K, used 9527K [0x34000000, 0x34c00000, 0x38000000)
   the space 12288K,  77% used [0x34000000, 0x3494dc28, 0x3494de00, 0x34c00000)
    ro space 10240K,  42% used [0x38000000, 0x38434778, 0x38434800, 0x38a00000)
    rw space 12288K,  52% used [0x38a00000, 0x39049a68, 0x39049c00, 0x39600000)
}
Event: 42.019 GC heap before
{Heap before GC invocations=32 (full 7):
 def new generation   total 51648K, used 51441K [0x24000000, 0x27800000, 0x29550000)
  eden space 45952K,  99% used [0x24000000, 0x26cac7c0, 0x26ce0000)
  from space 5696K, 100% used [0x27270000, 0x27800000, 0x27800000)
  to   space 5696K,   0% used [0x26ce0000, 0x26ce0000, 0x27270000)
 tenured generation   total 114844K, used 72658K [0x29550000, 0x30577000, 0x34000000)
   the space 114844K,  63% used [0x29550000, 0x2dc44bc0, 0x2dc44c00, 0x30577000)
 compacting perm gen  total 12288K, used 10795K [0x34000000, 0x34c00000, 0x38000000)
   the space 12288K,  87% used [0x34000000, 0x34a8add0, 0x34a8ae00, 0x34c00000)
    ro space 10240K,  42% used [0x38000000, 0x38434778, 0x38434800, 0x38a00000)
    rw space 12288K,  52% used [0x38a00000, 0x39049a68, 0x39049c00, 0x39600000)
Event: 42.033 GC heap after
Heap after GC invocations=33 (full 7):
 def new generation   total 51648K, used 5696K [0x24000000, 0x27800000, 0x29550000)
  eden space 45952K,   0% used [0x24000000, 0x24000000, 0x26ce0000)
  from space 5696K, 100% used [0x26ce0000, 0x27270000, 0x27270000)
  to   space 5696K,   0% used [0x27270000, 0x27270000, 0x27800000)
 tenured generation   total 114844K, used 87672K [0x29550000, 0x30577000, 0x34000000)
   the space 114844K,  76% used [0x29550000, 0x2eaee240, 0x2eaee400, 0x30577000)
 compacting perm gen  total 12288K, used 10795K [0x34000000, 0x34c00000, 0x38000000)
   the space 12288K,  87% used [0x34000000, 0x34a8add0, 0x34a8ae00, 0x34c00000)
    ro space 10240K,  42% used [0x38000000, 0x38434778, 0x38434800, 0x38a00000)
    rw space 12288K,  52% used [0x38a00000, 0x39049a68, 0x39049c00, 0x39600000)
}

Deoptimization events (0 events):
No events

Internal exceptions (10 events):
Event: 45.159 Thread 0x05718800 Threw 0x256cf9a8 at C:\re\jdk7u60\1081\hotspot\src\share\vm\prims\jvm.cpp:1244
Event: 45.722 Thread 0x05718800 Threw 0x256d9700 at C:\re\jdk7u60\1081\hotspot\src\share\vm\prims\jvm.cpp:1244
Event: 45.732 Thread 0x05718800 Threw 0x256dfa78 at C:\re\jdk7u60\1081\hotspot\src\share\vm\prims\jvm.cpp:1244
Event: 45.771 Thread 0x05718800 Threw 0x2570ec90 at C:\re\jdk7u60\1081\hotspot\src\share\vm\prims\jvm.cpp:1244
Event: 45.782 Thread 0x05718800 Threw 0x25715128 at C:\re\jdk7u60\1081\hotspot\src\share\vm\prims\jvm.cpp:1244
Event: 45.794 Thread 0x05718800 Threw 0x2571dd90 at C:\re\jdk7u60\1081\hotspot\src\share\vm\prims\jvm.cpp:1244
Event: 45.795 Thread 0x05718800 Threw 0x25724438 at C:\re\jdk7u60\1081\hotspot\src\share\vm\prims\jvm.cpp:1244
Event: 45.803 Thread 0x05718800 Threw 0x2572b480 at C:\re\jdk7u60\1081\hotspot\src\share\vm\prims\jvm.cpp:1244
Event: 45.815 Thread 0x05718800 Threw 0x257349e8 at C:\re\jdk7u60\1081\hotspot\src\share\vm\prims\jvm.cpp:1244
Event: 45.816 Thread 0x05718800 Threw 0x2573af60 at C:\re\jdk7u60\1081\hotspot\src\share\vm\prims\jvm.cpp:1244

Events (10 events):
Event: 49.087 loading class 0x39670c20 done
Event: 49.087 Executing VM operation: RevokeBias
Event: 49.087 Executing VM operation: RevokeBias done
Event: 49.087 Executing VM operation: RevokeBias
Event: 49.087 Executing VM operation: RevokeBias done
Event: 49.087 Thread 0x05a5ac00 Thread exited: 0x05a5ac00
Event: 49.087 Thread 0x05a57400 Thread exited: 0x05a57400
Event: 49.109 Thread 0x04bbb800 Thread exited: 0x04bbb800
Event: 49.187 Thread 0x05a58400 Thread exited: 0x05a58400
Event: 49.187 Executing VM operation: Exit


Dynamic libraries:
0x00a70000 - 0x00a9f000 	C:\Program Files (x86)\Java\jre7\bin\javaw.exe
0x76fe0000 - 0x77137000 	C:\Windows\SYSTEM32\ntdll.dll
0x74690000 - 0x747c0000 	C:\Windows\SYSTEM32\KERNEL32.DLL
0x76a80000 - 0x76b27000 	C:\Windows\SYSTEM32\KERNELBASE.dll
0x747c0000 - 0x7486e000 	C:\Windows\SYSTEM32\ADVAPI32.dll
0x764f0000 - 0x76606000 	C:\Windows\SYSTEM32\USER32.dll
0x73130000 - 0x73328000 	C:\Windows\WinSxS\x86_microsoft.windows.common-controls_6595b64144ccf1df_6.0.9200.16579_none_8937eec6860750f5\COMCTL32.dll
0x76000000 - 0x760b1000 	C:\Windows\SYSTEM32\msvcrt.dll
0x74870000 - 0x748a4000 	C:\Windows\SYSTEM32\sechost.dll
0x760c0000 - 0x7616c000 	C:\Windows\SYSTEM32\RPCRT4.dll
0x748b0000 - 0x749ad000 	C:\Windows\SYSTEM32\GDI32.dll
0x745d0000 - 0x745ed000 	C:\Windows\SYSTEM32\SspiCli.dll
0x745c0000 - 0x745c9000 	C:\Windows\SYSTEM32\CRYPTBASE.dll
0x74560000 - 0x745b1000 	C:\Windows\SYSTEM32\bcryptPrimitives.dll
0x762e0000 - 0x76300000 	C:\Windows\system32\IMM32.DLL
0x76680000 - 0x7675e000 	C:\Windows\SYSTEM32\MSCTF.dll
0x6f3d0000 - 0x6f48f000 	C:\Program Files (x86)\Java\jre7\bin\msvcr100.dll
0x5e310000 - 0x5e698000 	C:\Program Files (x86)\Java\jre7\bin\client\jvm.dll
0x71c10000 - 0x71c18000 	C:\Windows\SYSTEM32\WSOCK32.dll
0x71fb0000 - 0x71fd1000 	C:\Windows\SYSTEM32\WINMM.dll
0x76300000 - 0x76306000 	C:\Windows\SYSTEM32\PSAPI.DLL
0x75f80000 - 0x75fd0000 	C:\Windows\SYSTEM32\WS2_32.dll
0x71c70000 - 0x71c9b000 	C:\Windows\SYSTEM32\WINMMBASE.dll
0x75ff0000 - 0x75ff8000 	C:\Windows\SYSTEM32\NSI.dll
0x76b30000 - 0x76b76000 	C:\Windows\SYSTEM32\cfgmgr32.dll
0x75f00000 - 0x75f1e000 	C:\Windows\SYSTEM32\DEVOBJ.dll
0x720a0000 - 0x720ac000 	C:\Program Files (x86)\Java\jre7\bin\verify.dll
0x70bb0000 - 0x70bd0000 	C:\Program Files (x86)\Java\jre7\bin\java.dll
0x70b90000 - 0x70ba3000 	C:\Program Files (x86)\Java\jre7\bin\zip.dll
0x6f490000 - 0x6f5d3000 	C:\Program Files (x86)\Java\jre7\bin\awt.dll
0x76c00000 - 0x76c8b000 	C:\Windows\SYSTEM32\OLEAUT32.dll
0x76de0000 - 0x76f16000 	C:\Windows\SYSTEM32\combase.dll
0x72dd0000 - 0x72e77000 	C:\Windows\system32\apphelp.dll
0x71a40000 - 0x71a59000 	C:\Windows\system32\DWMAPI.DLL
0x726b0000 - 0x72738000 	C:\Windows\system32\uxtheme.dll
0x76760000 - 0x76879000 	C:\Windows\SYSTEM32\ole32.dll
0x74da0000 - 0x75e66000 	C:\Windows\SYSTEM32\SHELL32.dll
0x75f40000 - 0x75f80000 	C:\Windows\SYSTEM32\SHLWAPI.dll
0x73330000 - 0x733a3000 	C:\Windows\SYSTEM32\shcore.dll
0x718b0000 - 0x718e9000 	C:\Program Files (x86)\Java\jre7\bin\fontmanager.dll
0x6f250000 - 0x6f264000 	C:\Program Files (x86)\Java\jre7\bin\net.dll
0x72e80000 - 0x72eca000 	C:\Windows\system32\mswsock.dll
0x718a0000 - 0x718af000 	C:\Program Files (x86)\Java\jre7\bin\nio.dll
0x706d0000 - 0x70700000 	C:\Program Files (x86)\Java\jre7\bin\t2k.dll
0x76b80000 - 0x76bf4000 	C:\Windows\SYSTEM32\clbcatq.dll
0x6a8a0000 - 0x6a9eb000 	C:\Windows\SYSTEM32\WindowsCodecs.dll
0x76dc0000 - 0x76dd1000 	C:\Windows\SYSTEM32\profapi.dll
0x706a0000 - 0x706c4000 	C:\Program Files (x86)\Java\jre7\bin\dcpr.dll
0x6f360000 - 0x6f3cd000 	C:\binaries\terrajava.dll
0x68640000 - 0x68727000 	C:\binaries\terramanager-funcate.dll
0x59300000 - 0x59ba6000 	C:\binaries\terralib.dll
0x64af0000 - 0x64b59000 	C:\Windows\SYSTEM32\MSVCP100.dll
0x6d880000 - 0x6db4c000 	C:\binaries\bgd.dll
0x71910000 - 0x7192b000 	C:\binaries\terraogc_xml.dll
0x71500000 - 0x7151d000 	C:\binaries\terraogc_sld.dll
0x6f330000 - 0x6f356000 	C:\binaries\terraogc_se.dll
0x6f2f0000 - 0x6f326000 	C:\binaries\terraogc_filter.dll
0x685e0000 - 0x68632000 	C:\binaries\terraogc_ows.dll
0x6f2d0000 - 0x6f2e9000 	C:\binaries\terraogc_common.dll
0x6f2c0000 - 0x6f2cb000 	C:\binaries\terralib_shp.dll
0x6f2b0000 - 0x6f2be000 	C:\binaries\terralib_spl.dll
0x060d0000 - 0x064c6000 	C:\binaries\qt-mt338.dll
0x613d0000 - 0x6149e000 	C:\Windows\SYSTEM32\OPENGL32.dll
0x613a0000 - 0x613c3000 	C:\Windows\SYSTEM32\GLU32.dll
0x68560000 - 0x685df000 	C:\binaries\qwt500.dll
0x0fbe0000 - 0x11bdf000 	C:\binaries\berkelium.dll
0x064d0000 - 0x06611000 	C:\binaries\LIBMYSQL.dll
0x63100000 - 0x63121000 	C:\binaries\LIBPQ.dll
0x06620000 - 0x06681000 	C:\binaries\OCI.dll
0x684d0000 - 0x6855a000 	C:\binaries\libtiff.dll
0x583a0000 - 0x58b72000 	C:\binaries\gdal110.dll
0x12000000 - 0x121dc000 	C:\binaries\xerces-c_3_1.dll
0x5f000000 - 0x5f055000 	C:\binaries\terraogc_wms.dll
0x5efa0000 - 0x5eff3000 	C:\binaries\terraogc_gml.dll
0x5f980000 - 0x5f9c1000 	C:\binaries\terraogc_xsd.dll
0x6ab50000 - 0x6ab70000 	C:\binaries\terraogc_xacml.dll
0x71f30000 - 0x71f90000 	C:\Windows\SYSTEM32\WINSPOOL.DRV
0x7c340000 - 0x7c396000 	C:\Windows\SYSTEM32\MSVCR71.dll
0x608a0000 - 0x60979000 	C:\Windows\SYSTEM32\DDRAW.dll
0x727a0000 - 0x727a9000 	C:\Windows\SYSTEM32\Secur32.dll
0x75f20000 - 0x75f3b000 	C:\Windows\SYSTEM32\USERENV.dll
0x71520000 - 0x71570000 	C:\Windows\SYSTEM32\OLEACC.dll
0x54200000 - 0x54276000 	C:\Windows\SYSTEM32\RICHED20.dll
0x72ee0000 - 0x72ee8000 	C:\Windows\SYSTEM32\VERSION.dll
0x720b0000 - 0x720c4000 	C:\Windows\SYSTEM32\USP10.dll
0x72c50000 - 0x72cc5000 	C:\Windows\SYSTEM32\DNSAPI.dll
0x06730000 - 0x067da000 	C:\Windows\libeay32.dll
0x067e0000 - 0x067ed000 	C:\binaries\libintl-2.dll
0x72ed0000 - 0x72ed6000 	C:\Windows\SYSTEM32\SHFOLDER.DLL
0x067f0000 - 0x06816000 	C:\Windows\ssleay32.dll
0x06820000 - 0x06846000 	C:\binaries\libexpat.dll
0x60770000 - 0x60811000 	C:\Windows\SYSTEM32\ODBC32.dll
0x60760000 - 0x60767000 	C:\Windows\SYSTEM32\DCIMAN32.dll
0x663b0000 - 0x663db000 	C:\Windows\SYSTEM32\msls31.dll
0x068a0000 - 0x0697b000 	C:\binaries\libiconv-2.dll
0x6f600000 - 0x6f61d000 	C:\Windows\SYSTEM32\gpapi.dll
0x74530000 - 0x74556000 	C:\Windows\SYSTEM32\ntmarta.dll
0x57af0000 - 0x58398000 	C:\binaries\icudt46.dll
0x53850000 - 0x53979000 	C:\Windows\SYSTEM32\dbghelp.dll
0x72040000 - 0x72050000 	C:\Windows\system32\napinsp.dll
0x72020000 - 0x72034000 	C:\Windows\system32\pnrpnsp.dll
0x72010000 - 0x72020000 	C:\Windows\system32\NLAapi.dll
0x72000000 - 0x72009000 	C:\Windows\System32\winrnr.dll
0x71ac0000 - 0x71ad0000 	C:\Windows\system32\wshbth.dll
0x71c30000 - 0x71c6f000 	C:\Windows\System32\fwpuclnt.dll
0x726a0000 - 0x726a7000 	C:\Windows\System32\rasadhlp.dll
0x72cd0000 - 0x72cf0000 	C:\Windows\SYSTEM32\IPHLPAPI.DLL
0x72c40000 - 0x72c48000 	C:\Windows\SYSTEM32\WINNSI.DLL
0x730d0000 - 0x730ea000 	C:\Windows\SYSTEM32\CRYPTSP.dll
0x73090000 - 0x730ce000 	C:\Windows\system32\rsaenh.dll
0x72c30000 - 0x72c40000 	C:\Windows\SYSTEM32\dhcpcsvc6.DLL
0x72c10000 - 0x72c22000 	C:\Windows\SYSTEM32\dhcpcsvc.DLL
0x68440000 - 0x68465000 	C:\Program Files (x86)\Java\jre7\bin\jpeg.dll

VM Arguments:
jvm_args: -Dfile.encoding=ISO-8859-1 
java_command: com.nexusbr.gv.main.ConnectDBMain
Launcher Type: SUN_STANDARD

Environment Variables:
JAVA_HOME=C:\Program Files (x86)\Java\jre7
PATH=C:/Program Files (x86)/Java/jre7/bin/client;C:/Program Files (x86)/Java/jre7/bin;C:/Program Files (x86)/Java/jre7/lib/i386;C:\Program Files (x86)\PHP\;c:\Program Files (x86)\Intel\iCLS Client\;c:\Program Files\Intel\iCLS Client\;C:\Windows\system32;C:\Windows;C:\Windows\System32\Wbem;C:\Windows\System32\WindowsPowerShell\v1.0\;C:\Program Files\Intel\Intel(R) Management Engine Components\DAL;C:\Program Files\Intel\Intel(R) Management Engine Components\IPT;C:\Program Files (x86)\Intel\Intel(R) Management Engine Components\DAL;C:\Program Files (x86)\Intel\Intel(R) Management Engine Components\IPT;C:\Program Files (x86)\Intel\OpenCL SDK\3.0\bin\x86;C:\Program Files (x86)\Intel\OpenCL SDK\3.0\bin\x64;C:\Program Files (x86)\Windows Live\Shared;C:\binaries;c:\Program Files (x86)\Microsoft SQL Server\100\Tools\Binn\;c:\Program Files\Microsoft SQL Server\100\Tools\Binn\;c:\Program Files\Microsoft SQL Server\100\DTS\Binn\;C:\strawberry\c\bin;C:\strawberry\perl\site\bin;C:\strawberry\perl\bin;C:\Program Files (x86)\Microsoft SQL Server\110\Tools\Binn\ManagementStudio\;C:\Program Files (x86)\Microsoft SQL Server\110\Tools\Binn\;C:\Program Files\Microsoft SQL Server\110\Tools\Binn\;C:\Program Files (x86)\Microsoft SQL Server\110\DTS\Binn\;C:\Program Files\TortoiseSVN\bin;C:\Python34;C:\Program Files (x86)\Java\jre7\bin;C:\eclipse;
USERNAME=inacio
OS=Windows_NT
PROCESSOR_IDENTIFIER=Intel64 Family 6 Model 69 Stepping 1, GenuineIntel



---------------  S Y S T E M  ---------------

OS: Windows 8 , 64 bit Build 9200 

CPU:total 4 (2 cores per cpu, 2 threads per core) family 6 model 69 stepping 1, cmov, cx8, fxsr, mmx, sse, sse2, sse3, ssse3, sse4.1, sse4.2, popcnt, avx, avx2, aes, erms, ht, tsc, tscinvbit

Memory: 4k page, physical 8290700k(2435060k free), swap 9535884k(3549268k free)

vm_info: Java HotSpot(TM) Client VM (24.60-b09) for windows-x86 JRE (1.7.0_60-b19), built on May  7 2014 13:09:52 by "java_re" with unknown MS VC++:1600

time: Fri Jul 04 08:31:11 2014
elapsed time: 49 seconds

