#
# A fatal error has been detected by the Java Runtime Environment:
#
#  EXCEPTION_ACCESS_VIOLATION (0xc0000005) at pc=0x105e9052, pid=9492, tid=6960
#
# JRE version: Java(TM) SE Runtime Environment (7.0_60-b19) (build 1.7.0_60-b19)
# Java VM: Java HotSpot(TM) Client VM (24.60-b09 mixed mode, sharing windows-x86 )
# Problematic frame:
# C  [berkelium.dll+0xa39052]
#
# Failed to write core dump. Minidumps are not enabled by default on client versions of Windows
#
# If you would like to submit a bug report, please visit:
#   http://bugreport.sun.com/bugreport/crash.jsp
#

---------------  T H R E A D  ---------------

Current thread (0x0296fc00):  VMThread [stack: 0x04c90000,0x04ce0000] [id=6960]

siginfo: ExceptionCode=0xc0000005, reading address 0x000000f8

Registers:
EAX=0x04cdf004, EBX=0x000493e0, ECX=0x04cdf004, EDX=0x304fea30
ESP=0x04cdeff4, EBP=0x00000074, ESI=0x00000000, EDI=0x42318d30
EIP=0x105e9052, EFLAGS=0x00010206

Top of Stack: (sp=0x04cdeff4)
0x04cdeff4:   076a3168 076a3168 075fab00 00000000
0x04cdf004:   304fea30 00000074 07693a20 0769c900
0x04cdf014:   00000000 00000000 00000000 74616401
0x04cdf024:   69642d61 078f0072 00000023 0000002f
0x04cdf034:   00000000 07627070 002e5be0 076a3000
0x04cdf044:   075fab44 ffffff00 0fc1bf20 11739778
0x04cdf054:   07170030 00000000 0000000f 1173a730
0x04cdf064:   00000001 0fc19783 00000008 00000001 

Instructions: (pc=0x105e9052)
0x105e9032:   03 00 00 57 53 e8 f4 c8 60 ff 8b ea 8d 54 24 10
0x105e9042:   52 8b f8 e8 26 ca 00 00 83 c4 04 03 38 13 68 04
0x105e9052:   8b 86 f8 00 00 00 0b 86 fc 00 00 00 89 7c 24 20
0x105e9062:   89 6c 24 24 75 3e 39 84 24 d4 00 00 00 7f 35 7c 


Register to memory mapping:

EAX=
[error occurred during error reporting (printing register info), id 0xc0000005]

Stack: [0x04c90000,0x04ce0000],  sp=0x04cdeff4,  free space=315k
Native frames: (J=compiled Java code, j=interpreted, Vv=VM code, C=native code)
C  [berkelium.dll+0xa39052]

[error occurred during error reporting (printing native stack), id 0xc0000005]

VM_Operation (0x0628e5f0): Exit, mode: safepoint, requested by thread 0x05e11c00


---------------  P R O C E S S  ---------------

Java Threads: ( => current thread )
  0x060ef800 JavaThread "Thread-535" [_thread_in_native, id=9988, stack(0x0c2f0000,0x0c340000)]
  0x060f1000 JavaThread "Thread-534" [_thread_in_native, id=7412, stack(0x0c260000,0x0c2b0000)]
  0x060f1400 JavaThread "Thread-533" [_thread_in_native, id=5472, stack(0x0c1d0000,0x0c220000)]
  0x060ef000 JavaThread "Thread-532" [_thread_in_native, id=5160, stack(0x0c140000,0x0c190000)]
  0x09747400 JavaThread "Thread-531" [_thread_in_native, id=916, stack(0x0c0b0000,0x0c100000)]
  0x09748c00 JavaThread "Thread-530" [_thread_in_native, id=6336, stack(0x0c020000,0x0c070000)]
  0x09747c00 JavaThread "Thread-529" [_thread_in_native, id=248, stack(0x0bf90000,0x0bfe0000)]
  0x09746000 JavaThread "Thread-528" [_thread_in_native, id=10140, stack(0x0bf00000,0x0bf50000)]
  0x09746c00 JavaThread "Thread-527" [_thread_in_native, id=9288, stack(0x0be70000,0x0bec0000)]
  0x09749400 JavaThread "Thread-526" [_thread_in_native, id=7616, stack(0x0bde0000,0x0be30000)]
  0x0cee1c00 JavaThread "Thread-525" [_thread_in_native, id=9812, stack(0x0bd50000,0x0bda0000)]
  0x0cee3000 JavaThread "Thread-524" [_thread_in_native, id=864, stack(0x0bcc0000,0x0bd10000)]
  0x0cee4800 JavaThread "Thread-523" [_thread_in_native, id=3200, stack(0x0bc30000,0x0bc80000)]
  0x0cee2800 JavaThread "Thread-522" [_thread_in_native, id=6836, stack(0x0bba0000,0x0bbf0000)]
  0x0cee5000 JavaThread "Thread-521" [_thread_in_native, id=6460, stack(0x0bb10000,0x0bb60000)]
  0x0cee5400 JavaThread "Thread-520" [_thread_in_native, id=6236, stack(0x0ba80000,0x0bad0000)]
  0x0cee4400 JavaThread "Thread-519" [_thread_in_native, id=9536, stack(0x0b9f0000,0x0ba40000)]
  0x0cee2400 JavaThread "Thread-518" [_thread_in_native, id=6020, stack(0x0b960000,0x0b9b0000)]
  0x0cee3c00 JavaThread "Thread-517" [_thread_in_native, id=8796, stack(0x0b8d0000,0x0b920000)]
  0x06121800 JavaThread "Thread-516" [_thread_blocked, id=1140, stack(0x0b840000,0x0b890000)]
  0x06121400 JavaThread "Thread-515" [_thread_blocked, id=3848, stack(0x0b7b0000,0x0b800000)]
  0x06120c00 JavaThread "Thread-514" [_thread_blocked, id=5624, stack(0x0b720000,0x0b770000)]
  0x06122800 JavaThread "Thread-513" [_thread_blocked, id=9832, stack(0x0b690000,0x0b6e0000)]
  0x06124400 JavaThread "Thread-512" [_thread_blocked, id=9416, stack(0x0b600000,0x0b650000)]
  0x06122000 JavaThread "Thread-511" [_thread_blocked, id=6804, stack(0x0b570000,0x0b5c0000)]
  0x06122c00 JavaThread "Thread-510" [_thread_blocked, id=9656, stack(0x0b4e0000,0x0b530000)]
  0x06124000 JavaThread "Thread-509" [_thread_blocked, id=9172, stack(0x0b450000,0x0b4a0000)]
  0x06123400 JavaThread "Thread-508" [_thread_blocked, id=9880, stack(0x0b3c0000,0x0b410000)]
  0x09724c00 JavaThread "Thread-507" [_thread_blocked, id=5276, stack(0x0b330000,0x0b380000)]
  0x09724800 JavaThread "Thread-506" [_thread_blocked, id=3912, stack(0x0b2a0000,0x0b2f0000)]
  0x09728000 JavaThread "Thread-505" [_thread_blocked, id=4764, stack(0x0b210000,0x0b260000)]
  0x09726c00 JavaThread "Thread-504" [_thread_blocked, id=1744, stack(0x0b180000,0x0b1d0000)]
  0x09727800 JavaThread "Thread-503" [_thread_blocked, id=8784, stack(0x08a90000,0x08ae0000)]
  0x09725800 JavaThread "Thread-502" [_thread_blocked, id=3124, stack(0x08a00000,0x08a50000)]
  0x09726000 JavaThread "Thread-501" [_thread_blocked, id=6148, stack(0x08970000,0x089c0000)]
  0x09725400 JavaThread "Thread-500" [_thread_blocked, id=3108, stack(0x088e0000,0x08930000)]
  0x09727400 JavaThread "Thread-499" [_thread_blocked, id=6964, stack(0x07be0000,0x07c30000)]
  0x0cee3800 JavaThread "Thread-496" [_thread_in_native, id=10040, stack(0x0e8a0000,0x0e8f0000)]
  0x09746800 JavaThread "Thread-493" [_thread_in_native, id=8384, stack(0x0e5d0000,0x0e620000)]
  0x09749800 JavaThread "Thread-492" [_thread_in_native, id=6104, stack(0x0e540000,0x0e590000)]
  0x09748000 JavaThread "Thread-489" [_thread_in_native, id=8636, stack(0x0e390000,0x0e3e0000)]
  0x09748800 JavaThread "Thread-488" [_thread_in_native, id=5772, stack(0x0e300000,0x0e350000)]
  0x09494400 JavaThread "Thread-484" [_thread_in_native, id=8324, stack(0x0e0c0000,0x0e110000)]
  0x09726400 JavaThread "Image Fetcher 0" daemon [_thread_blocked, id=7940, stack(0x08850000,0x088a0000)]
  0x060f0800 JavaThread "Image Fetcher 2" daemon [_thread_blocked, id=5688, stack(0x087c0000,0x08810000)]
  0x060f0400 JavaThread "Image Animator 1" daemon [_thread_blocked, id=3284, stack(0x08430000,0x08480000)]
  0x060efc00 JavaThread "Image Fetcher 1" daemon [_thread_blocked, id=5516, stack(0x07fb0000,0x08000000)]
  0x060eec00 JavaThread "Image Fetcher 3" daemon [_thread_blocked, id=6524, stack(0x08080000,0x080d0000)]
  0x06123800 JavaThread "WeakCollectionCleaner" daemon [_thread_blocked, id=9220, stack(0x09960000,0x099b0000)]
  0x0613b400 JavaThread "TimerQueue" daemon [_thread_blocked, id=788, stack(0x08110000,0x08160000)]
  0x02bae000 JavaThread "DestroyJavaVM" [_thread_blocked, id=3176, stack(0x011c0000,0x01210000)]
  0x05e11c00 JavaThread "AWT-EventQueue-0" [_thread_blocked, id=1300, stack(0x06240000,0x06290000)]
  0x052a2800 JavaThread "AWT-Shutdown" [_thread_blocked, id=5068, stack(0x05910000,0x05960000)]
  0x052c7800 JavaThread "Java2D Disposer" daemon [_thread_blocked, id=580, stack(0x05810000,0x05860000)]
  0x029e9000 JavaThread "Service Thread" daemon [_thread_blocked, id=7452, stack(0x04ff0000,0x05040000)]
  0x029e5800 JavaThread "C1 CompilerThread0" daemon [_thread_blocked, id=7744, stack(0x04f60000,0x04fb0000)]
  0x029e3c00 JavaThread "Attach Listener" daemon [_thread_blocked, id=3888, stack(0x04ed0000,0x04f20000)]
  0x029e0c00 JavaThread "Signal Dispatcher" daemon [_thread_blocked, id=8244, stack(0x04e40000,0x04e90000)]
  0x02972800 JavaThread "Finalizer" daemon [_thread_blocked, id=7672, stack(0x04db0000,0x04e00000)]
  0x02971000 JavaThread "Reference Handler" daemon [_thread_blocked, id=8552, stack(0x04d20000,0x04d70000)]

Other Threads:
=>0x0296fc00 VMThread [stack: 0x04c90000,0x04ce0000] [id=6960]

VM state:at safepoint (shutting down)

VM Mutex/Monitor currently owned by a thread:  ([mutex/lock_event])
[0x02bac1f8] Threads_lock - owner thread: 0x0296fc00

Heap
 def new generation   total 35136K, used 13602K [0x24000000, 0x26610000, 0x29550000)
  eden space 31296K,  34% used [0x24000000, 0x24a995c8, 0x25e90000)
  from space 3840K,  71% used [0x25e90000, 0x2613f3c0, 0x26250000)
  to   space 3840K,   0% used [0x26250000, 0x26250000, 0x26610000)
 tenured generation   total 77340K, used 72059K [0x29550000, 0x2e0d7000, 0x34000000)
   the space 77340K,  93% used [0x29550000, 0x2dbaecc0, 0x2dbaee00, 0x2e0d7000)
 compacting perm gen  total 12288K, used 10826K [0x34000000, 0x34c00000, 0x38000000)
   the space 12288K,  88% used [0x34000000, 0x34a92ac8, 0x34a92c00, 0x34c00000)
    ro space 10240K,  42% used [0x38000000, 0x38434778, 0x38434800, 0x38a00000)
    rw space 12288K,  52% used [0x38a00000, 0x39049a68, 0x39049c00, 0x39600000)

Card table byte_map: [0x02af0000,0x02ba0000] byte_map_base: 0x029d0000

Polling page: 0x01060000

Code Cache  [0x02bb0000, 0x02f08000, 0x04bb0000)
 total_blobs=2113 nmethods=1813 adapters=236 free_code_cache=29370Kb largest_free_block=30073984

Compilation events (10 events):
Event: 70.824 Thread 0x029e5800 1824             sun.awt.image.ImageWatched$Link::removeWatcher (2 bytes)
Event: 70.824 Thread 0x029e5800 nmethod 1824 0x02f00f88 code [0x02f01080, 0x02f01100]
Event: 71.041 Thread 0x029e5800 1825             java.awt.MediaEntry::insert (53 bytes)
Event: 71.041 Thread 0x029e5800 nmethod 1825 0x02f01148 code [0x02f01240, 0x02f01310]
Event: 71.066 Thread 0x029e5800 1826             java.util.concurrent.atomic.AtomicInteger::compareAndSet (13 bytes)
Event: 71.067 Thread 0x029e5800 nmethod 1826 0x02f01408 code [0x02f01500, 0x02f015a0]
Event: 71.067 Thread 0x029e5800 1827             java.nio.ByteBuffer::hasArray (20 bytes)
Event: 71.067 Thread 0x029e5800 nmethod 1827 0x02f01608 code [0x02f01700, 0x02f017b0]
Event: 71.067 Thread 0x029e5800 1828             java.nio.ByteBuffer::array (35 bytes)
Event: 71.067 Thread 0x029e5800 nmethod 1828 0x02f01808 code [0x02f01920, 0x02f01a98]

GC Heap History (10 events):
Event: 61.045 GC heap before
{Heap before GC invocations=37 (full 8):
 def new generation   total 32256K, used 32230K [0x24000000, 0x262f0000, 0x29550000)
  eden space 28736K, 100% used [0x24000000, 0x25c10000, 0x25c10000)
  from space 3520K,  99% used [0x25c10000, 0x25f79908, 0x25f80000)
  to   space 3520K,   0% used [0x25f80000, 0x25f80000, 0x262f0000)
 tenured generation   total 77340K, used 77200K [0x29550000, 0x2e0d7000, 0x34000000)
   the space 77340K,  99% used [0x29550000, 0x2e0b4120, 0x2e0b4200, 0x2e0d7000)
 compacting perm gen  total 12288K, used 10824K [0x34000000, 0x34c00000, 0x38000000)
   the space 12288K,  88% used [0x34000000, 0x34a923e0, 0x34a92400, 0x34c00000)
    ro space 10240K,  42% used [0x38000000, 0x38434778, 0x38434800, 0x38a00000)
    rw space 12288K,  52% used [0x38a00000, 0x39049a68, 0x39049c00, 0x39600000)
Event: 61.128 GC heap after
Heap after GC invocations=38 (full 9):
 def new generation   total 35136K, used 0K [0x24000000, 0x26610000, 0x29550000)
  eden space 31296K,   0% used [0x24000000, 0x24000000, 0x25e90000)
  from space 3840K,   0% used [0x25e90000, 0x25e90000, 0x26250000)
  to   space 3840K,   0% used [0x26250000, 0x26250000, 0x26610000)
 tenured generation   total 77340K, used 34613K [0x29550000, 0x2e0d7000, 0x34000000)
   the space 77340K,  44% used [0x29550000, 0x2b71d6e8, 0x2b71d800, 0x2e0d7000)
 compacting perm gen  total 12288K, used 10824K [0x34000000, 0x34c00000, 0x38000000)
   the space 12288K,  88% used [0x34000000, 0x34a923e0, 0x34a92400, 0x34c00000)
    ro space 10240K,  42% used [0x38000000, 0x38434778, 0x38434800, 0x38a00000)
    rw space 12288K,  52% used [0x38a00000, 0x39049a68, 0x39049c00, 0x39600000)
}
Event: 65.238 GC heap before
{Heap before GC invocations=38 (full 9):
 def new generation   total 35136K, used 30413K [0x24000000, 0x26610000, 0x29550000)
  eden space 31296K,  97% used [0x24000000, 0x25db37c0, 0x25e90000)
  from space 3840K,   0% used [0x25e90000, 0x25e90000, 0x26250000)
  to   space 3840K,   0% used [0x26250000, 0x26250000, 0x26610000)
 tenured generation   total 77340K, used 34613K [0x29550000, 0x2e0d7000, 0x34000000)
   the space 77340K,  44% used [0x29550000, 0x2b71d6e8, 0x2b71d800, 0x2e0d7000)
 compacting perm gen  total 12288K, used 10825K [0x34000000, 0x34c00000, 0x38000000)
   the space 12288K,  88% used [0x34000000, 0x34a92410, 0x34a92600, 0x34c00000)
    ro space 10240K,  42% used [0x38000000, 0x38434778, 0x38434800, 0x38a00000)
    rw space 12288K,  52% used [0x38a00000, 0x39049a68, 0x39049c00, 0x39600000)
Event: 65.329 GC heap after
Heap after GC invocations=39 (full 9):
 def new generation   total 35136K, used 3840K [0x24000000, 0x26610000, 0x29550000)
  eden space 31296K,   0% used [0x24000000, 0x24000000, 0x25e90000)
  from space 3840K, 100% used [0x26250000, 0x26610000, 0x26610000)
  to   space 3840K,   0% used [0x25e90000, 0x25e90000, 0x26250000)
 tenured generation   total 77340K, used 42625K [0x29550000, 0x2e0d7000, 0x34000000)
   the space 77340K,  55% used [0x29550000, 0x2bef0600, 0x2bef0600, 0x2e0d7000)
 compacting perm gen  total 12288K, used 10825K [0x34000000, 0x34c00000, 0x38000000)
   the space 12288K,  88% used [0x34000000, 0x34a92410, 0x34a92600, 0x34c00000)
    ro space 10240K,  42% used [0x38000000, 0x38434778, 0x38434800, 0x38a00000)
    rw space 12288K,  52% used [0x38a00000, 0x39049a68, 0x39049c00, 0x39600000)
}
Event: 65.812 GC heap before
{Heap before GC invocations=39 (full 9):
 def new generation   total 35136K, used 35136K [0x24000000, 0x26610000, 0x29550000)
  eden space 31296K, 100% used [0x24000000, 0x25e90000, 0x25e90000)
  from space 3840K, 100% used [0x26250000, 0x26610000, 0x26610000)
  to   space 3840K,   0% used [0x25e90000, 0x25e90000, 0x26250000)
 tenured generation   total 77340K, used 42625K [0x29550000, 0x2e0d7000, 0x34000000)
   the space 77340K,  55% used [0x29550000, 0x2bef0600, 0x2bef0600, 0x2e0d7000)
 compacting perm gen  total 12288K, used 10825K [0x34000000, 0x34c00000, 0x38000000)
   the space 12288K,  88% used [0x34000000, 0x34a92410, 0x34a92600, 0x34c00000)
    ro space 10240K,  42% used [0x38000000, 0x38434778, 0x38434800, 0x38a00000)
    rw space 12288K,  52% used [0x38a00000, 0x39049a68, 0x39049c00, 0x39600000)
Event: 65.819 GC heap after
Heap after GC invocations=40 (full 9):
 def new generation   total 35136K, used 3840K [0x24000000, 0x26610000, 0x29550000)
  eden space 31296K,   0% used [0x24000000, 0x24000000, 0x25e90000)
  from space 3840K, 100% used [0x25e90000, 0x26250000, 0x26250000)
  to   space 3840K,   0% used [0x26250000, 0x26250000, 0x26610000)
 tenured generation   total 77340K, used 52066K [0x29550000, 0x2e0d7000, 0x34000000)
   the space 77340K,  67% used [0x29550000, 0x2c828810, 0x2c828a00, 0x2e0d7000)
 compacting perm gen  total 12288K, used 10825K [0x34000000, 0x34c00000, 0x38000000)
   the space 12288K,  88% used [0x34000000, 0x34a92410, 0x34a92600, 0x34c00000)
    ro space 10240K,  42% used [0x38000000, 0x38434778, 0x38434800, 0x38a00000)
    rw space 12288K,  52% used [0x38a00000, 0x39049a68, 0x39049c00, 0x39600000)
}
Event: 70.640 GC heap before
{Heap before GC invocations=40 (full 9):
 def new generation   total 35136K, used 34918K [0x24000000, 0x26610000, 0x29550000)
  eden space 31296K,  99% used [0x24000000, 0x25e59b48, 0x25e90000)
  from space 3840K, 100% used [0x25e90000, 0x26250000, 0x26250000)
  to   space 3840K,   0% used [0x26250000, 0x26250000, 0x26610000)
 tenured generation   total 77340K, used 52066K [0x29550000, 0x2e0d7000, 0x34000000)
   the space 77340K,  67% used [0x29550000, 0x2c828810, 0x2c828a00, 0x2e0d7000)
 compacting perm gen  total 12288K, used 10825K [0x34000000, 0x34c00000, 0x38000000)
   the space 12288K,  88% used [0x34000000, 0x34a924e0, 0x34a92600, 0x34c00000)
    ro space 10240K,  42% used [0x38000000, 0x38434778, 0x38434800, 0x38a00000)
    rw space 12288K,  52% used [0x38a00000, 0x39049a68, 0x39049c00, 0x39600000)
Event: 70.645 GC heap after
Heap after GC invocations=41 (full 9):
 def new generation   total 35136K, used 3840K [0x24000000, 0x26610000, 0x29550000)
  eden space 31296K,   0% used [0x24000000, 0x24000000, 0x25e90000)
  from space 3840K, 100% used [0x26250000, 0x26610000, 0x26610000)
  to   space 3840K,   0% used [0x25e90000, 0x25e90000, 0x26250000)
 tenured generation   total 77340K, used 61007K [0x29550000, 0x2e0d7000, 0x34000000)
   the space 77340K,  78% used [0x29550000, 0x2d0e3f68, 0x2d0e4000, 0x2e0d7000)
 compacting perm gen  total 12288K, used 10825K [0x34000000, 0x34c00000, 0x38000000)
   the space 12288K,  88% used [0x34000000, 0x34a924e0, 0x34a92600, 0x34c00000)
    ro space 10240K,  42% used [0x38000000, 0x38434778, 0x38434800, 0x38a00000)
    rw space 12288K,  52% used [0x38a00000, 0x39049a68, 0x39049c00, 0x39600000)
}
Event: 70.919 GC heap before
{Heap before GC invocations=41 (full 9):
 def new generation   total 35136K, used 35103K [0x24000000, 0x26610000, 0x29550000)
  eden space 31296K,  99% used [0x24000000, 0x25e87ca8, 0x25e90000)
  from space 3840K, 100% used [0x26250000, 0x26610000, 0x26610000)
  to   space 3840K,   0% used [0x25e90000, 0x25e90000, 0x26250000)
 tenured generation   total 77340K, used 61007K [0x29550000, 0x2e0d7000, 0x34000000)
   the space 77340K,  78% used [0x29550000, 0x2d0e3f68, 0x2d0e4000, 0x2e0d7000)
 compacting perm gen  total 12288K, used 10825K [0x34000000, 0x34c00000, 0x38000000)
   the space 12288K,  88% used [0x34000000, 0x34a924e0, 0x34a92600, 0x34c00000)
    ro space 10240K,  42% used [0x38000000, 0x38434778, 0x38434800, 0x38a00000)
    rw space 12288K,  52% used [0x38a00000, 0x39049a68, 0x39049c00, 0x39600000)
Event: 70.923 GC heap after
Heap after GC invocations=42 (full 9):
 def new generation   total 35136K, used 2748K [0x24000000, 0x26610000, 0x29550000)
  eden space 31296K,   0% used [0x24000000, 0x24000000, 0x25e90000)
  from space 3840K,  71% used [0x25e90000, 0x2613f3c0, 0x26250000)
  to   space 3840K,   0% used [0x26250000, 0x26250000, 0x26610000)
 tenured generation   total 77340K, used 72059K [0x29550000, 0x2e0d7000, 0x34000000)
   the space 77340K,  93% used [0x29550000, 0x2dbaecc0, 0x2dbaee00, 0x2e0d7000)
 compacting perm gen  total 12288K, used 10825K [0x34000000, 0x34c00000, 0x38000000)
   the space 12288K,  88% used [0x34000000, 0x34a924e0, 0x34a92600, 0x34c00000)
    ro space 10240K,  42% used [0x38000000, 0x38434778, 0x38434800, 0x38a00000)
    rw space 12288K,  52% used [0x38a00000, 0x39049a68, 0x39049c00, 0x39600000)
}

Deoptimization events (0 events):
No events

Internal exceptions (10 events):
Event: 34.299 Thread 0x06122c00 Threw 0x241c4e28 at C:\re\jdk7u60\1081\hotspot\src\share\vm\prims\jvm.cpp:2917
Event: 35.914 Thread 0x05e11c00 Threw 0x2462ccb0 at C:\re\jdk7u60\1081\hotspot\src\share\vm\prims\jvm.cpp:1244
Event: 36.928 Thread 0x0941bc00 Threw 0x24269118 at C:\re\jdk7u60\1081\hotspot\src\share\vm\prims\jvm.cpp:2917
Event: 38.552 Thread 0x0941b000 Threw 0x248910e0 at C:\re\jdk7u60\1081\hotspot\src\share\vm\prims\jvm.cpp:2917
Event: 39.844 Thread 0x060eec00 Threw 0x2491d388 at C:\re\jdk7u60\1081\hotspot\src\share\vm\prims\jvm.cpp:2917
Event: 41.317 Thread 0x0941bc00 Threw 0x2400e768 at C:\re\jdk7u60\1081\hotspot\src\share\vm\prims\jvm.cpp:2917
Event: 44.664 Thread 0x0941c000 Threw 0x249d62d8 at C:\re\jdk7u60\1081\hotspot\src\share\vm\prims\jvm.cpp:2917
Event: 44.832 Thread 0x060f1c00 Threw 0x245db498 at C:\re\jdk7u60\1081\hotspot\src\share\vm\prims\jvm.cpp:2917
Event: 50.944 Thread 0x060eec00 Threw 0x2476ac50 at C:\re\jdk7u60\1081\hotspot\src\share\vm\prims\jvm.cpp:2917
Event: 55.312 Thread 0x0956d800 Threw 0x2558a868 at C:\re\jdk7u60\1081\hotspot\src\share\vm\prims\jvm.cpp:1244

Events (10 events):
Event: 71.052 Thread 0x09493000 Thread added: 0x09493000
Event: 71.052 Thread 0x09493800 Thread added: 0x09493800
Event: 71.054 loading class 0x39670c20
Event: 71.054 loading class 0x39670c20 done
Event: 71.054 Thread 0x09493000 Thread exited: 0x09493000
Event: 71.057 Thread 0x09493800 Thread exited: 0x09493800
Event: 71.057 Thread 0x052a3000 Thread exited: 0x052a3000
Event: 71.058 Thread 0x060ee400 Thread exited: 0x060ee400
Event: 71.155 Thread 0x060f1c00 Thread exited: 0x060f1c00
Event: 71.156 Executing VM operation: Exit


Dynamic libraries:
0x00a70000 - 0x00a9f000 	C:\Program Files (x86)\Java\jre7\bin\javaw.exe
0x76fe0000 - 0x77137000 	C:\Windows\SYSTEM32\ntdll.dll
0x74690000 - 0x747c0000 	C:\Windows\SYSTEM32\KERNEL32.DLL
0x76a80000 - 0x76b27000 	C:\Windows\SYSTEM32\KERNELBASE.dll
0x747c0000 - 0x7486e000 	C:\Windows\SYSTEM32\ADVAPI32.dll
0x764f0000 - 0x76606000 	C:\Windows\SYSTEM32\USER32.dll
0x73130000 - 0x73328000 	C:\Windows\WinSxS\x86_microsoft.windows.common-controls_6595b64144ccf1df_6.0.9200.16579_none_8937eec6860750f5\COMCTL32.dll
0x76000000 - 0x760b1000 	C:\Windows\SYSTEM32\msvcrt.dll
0x74870000 - 0x748a4000 	C:\Windows\SYSTEM32\sechost.dll
0x760c0000 - 0x7616c000 	C:\Windows\SYSTEM32\RPCRT4.dll
0x748b0000 - 0x749ad000 	C:\Windows\SYSTEM32\GDI32.dll
0x745d0000 - 0x745ed000 	C:\Windows\SYSTEM32\SspiCli.dll
0x745c0000 - 0x745c9000 	C:\Windows\SYSTEM32\CRYPTBASE.dll
0x74560000 - 0x745b1000 	C:\Windows\SYSTEM32\bcryptPrimitives.dll
0x762e0000 - 0x76300000 	C:\Windows\system32\IMM32.DLL
0x76680000 - 0x7675e000 	C:\Windows\SYSTEM32\MSCTF.dll
0x5f9e0000 - 0x5fa9f000 	C:\Program Files (x86)\Java\jre7\bin\msvcr100.dll
0x6f250000 - 0x6f5d8000 	C:\Program Files (x86)\Java\jre7\bin\client\jvm.dll
0x71c10000 - 0x71c18000 	C:\Windows\SYSTEM32\WSOCK32.dll
0x71fb0000 - 0x71fd1000 	C:\Windows\SYSTEM32\WINMM.dll
0x76300000 - 0x76306000 	C:\Windows\SYSTEM32\PSAPI.DLL
0x75f80000 - 0x75fd0000 	C:\Windows\SYSTEM32\WS2_32.dll
0x71c70000 - 0x71c9b000 	C:\Windows\SYSTEM32\WINMMBASE.dll
0x75ff0000 - 0x75ff8000 	C:\Windows\SYSTEM32\NSI.dll
0x76b30000 - 0x76b76000 	C:\Windows\SYSTEM32\cfgmgr32.dll
0x75f00000 - 0x75f1e000 	C:\Windows\SYSTEM32\DEVOBJ.dll
0x720a0000 - 0x720ac000 	C:\Program Files (x86)\Java\jre7\bin\verify.dll
0x71910000 - 0x71930000 	C:\Program Files (x86)\Java\jre7\bin\java.dll
0x718d0000 - 0x718e3000 	C:\Program Files (x86)\Java\jre7\bin\zip.dll
0x5e360000 - 0x5e4a3000 	C:\Program Files (x86)\Java\jre7\bin\awt.dll
0x76c00000 - 0x76c8b000 	C:\Windows\SYSTEM32\OLEAUT32.dll
0x76de0000 - 0x76f16000 	C:\Windows\SYSTEM32\combase.dll
0x72dd0000 - 0x72e77000 	C:\Windows\system32\apphelp.dll
0x71a40000 - 0x71a59000 	C:\Windows\system32\DWMAPI.DLL
0x726b0000 - 0x72738000 	C:\Windows\system32\uxtheme.dll
0x76760000 - 0x76879000 	C:\Windows\SYSTEM32\ole32.dll
0x74da0000 - 0x75e66000 	C:\Windows\SYSTEM32\SHELL32.dll
0x75f40000 - 0x75f80000 	C:\Windows\SYSTEM32\SHLWAPI.dll
0x73330000 - 0x733a3000 	C:\Windows\SYSTEM32\shcore.dll
0x5f9a0000 - 0x5f9d9000 	C:\Program Files (x86)\Java\jre7\bin\fontmanager.dll
0x718b0000 - 0x718c4000 	C:\Program Files (x86)\Java\jre7\bin\net.dll
0x72e80000 - 0x72eca000 	C:\Windows\system32\mswsock.dll
0x718a0000 - 0x718af000 	C:\Program Files (x86)\Java\jre7\bin\nio.dll
0x5e330000 - 0x5e360000 	C:\Program Files (x86)\Java\jre7\bin\t2k.dll
0x76b80000 - 0x76bf4000 	C:\Windows\SYSTEM32\clbcatq.dll
0x6a8a0000 - 0x6a9eb000 	C:\Windows\SYSTEM32\WindowsCodecs.dll
0x76dc0000 - 0x76dd1000 	C:\Windows\SYSTEM32\profapi.dll
0x5e300000 - 0x5e324000 	C:\Program Files (x86)\Java\jre7\bin\dcpr.dll
0x5e290000 - 0x5e2fd000 	C:\binaries\terrajava.dll
0x5e1a0000 - 0x5e287000 	C:\binaries\terramanager-funcate.dll
0x573f0000 - 0x57c96000 	C:\binaries\terralib.dll
0x64af0000 - 0x64b59000 	C:\Windows\SYSTEM32\MSVCP100.dll
0x6d880000 - 0x6db4c000 	C:\binaries\bgd.dll
0x5f980000 - 0x5f99b000 	C:\binaries\terraogc_xml.dll
0x5e180000 - 0x5e19d000 	C:\binaries\terraogc_sld.dll
0x5e150000 - 0x5e176000 	C:\binaries\terraogc_se.dll
0x5e110000 - 0x5e146000 	C:\binaries\terraogc_filter.dll
0x5da60000 - 0x5dab2000 	C:\binaries\terraogc_ows.dll
0x5e0f0000 - 0x5e109000 	C:\binaries\terraogc_common.dll
0x5da50000 - 0x5da5b000 	C:\binaries\terralib_shp.dll
0x5da40000 - 0x5da4e000 	C:\binaries\terralib_spl.dll
0x067c0000 - 0x06bb6000 	C:\binaries\qt-mt338.dll
0x613d0000 - 0x6149e000 	C:\Windows\SYSTEM32\OPENGL32.dll
0x613a0000 - 0x613c3000 	C:\Windows\SYSTEM32\GLU32.dll
0x597c0000 - 0x5983f000 	C:\binaries\qwt500.dll
0x0fbb0000 - 0x11baf000 	C:\binaries\berkelium.dll
0x06bc0000 - 0x06d01000 	C:\binaries\LIBMYSQL.dll
0x63100000 - 0x63121000 	C:\binaries\LIBPQ.dll
0x06d10000 - 0x06d71000 	C:\binaries\OCI.dll
0x59730000 - 0x597ba000 	C:\binaries\libtiff.dll
0x56580000 - 0x56d52000 	C:\binaries\gdal110.dll
0x12000000 - 0x121dc000 	C:\binaries\xerces-c_3_1.dll
0x596d0000 - 0x59725000 	C:\binaries\terraogc_wms.dll
0x59670000 - 0x596c3000 	C:\binaries\terraogc_gml.dll
0x59620000 - 0x59661000 	C:\binaries\terraogc_xsd.dll
0x5a810000 - 0x5a830000 	C:\binaries\terraogc_xacml.dll
0x71f30000 - 0x71f90000 	C:\Windows\SYSTEM32\WINSPOOL.DRV
0x7c340000 - 0x7c396000 	C:\Windows\SYSTEM32\MSVCR71.dll
0x608a0000 - 0x60979000 	C:\Windows\SYSTEM32\DDRAW.dll
0x727a0000 - 0x727a9000 	C:\Windows\SYSTEM32\Secur32.dll
0x75f20000 - 0x75f3b000 	C:\Windows\SYSTEM32\USERENV.dll
0x71520000 - 0x71570000 	C:\Windows\SYSTEM32\OLEACC.dll
0x54200000 - 0x54276000 	C:\Windows\SYSTEM32\RICHED20.dll
0x72ee0000 - 0x72ee8000 	C:\Windows\SYSTEM32\VERSION.dll
0x720b0000 - 0x720c4000 	C:\Windows\SYSTEM32\USP10.dll
0x72c50000 - 0x72cc5000 	C:\Windows\SYSTEM32\DNSAPI.dll
0x06e20000 - 0x06eca000 	C:\Windows\libeay32.dll
0x06ed0000 - 0x06edd000 	C:\binaries\libintl-2.dll
0x72ed0000 - 0x72ed6000 	C:\Windows\SYSTEM32\SHFOLDER.DLL
0x06ee0000 - 0x06f06000 	C:\Windows\ssleay32.dll
0x06f10000 - 0x06f36000 	C:\binaries\libexpat.dll
0x60770000 - 0x60811000 	C:\Windows\SYSTEM32\ODBC32.dll
0x60760000 - 0x60767000 	C:\Windows\SYSTEM32\DCIMAN32.dll
0x663b0000 - 0x663db000 	C:\Windows\SYSTEM32\msls31.dll
0x06f90000 - 0x0706b000 	C:\binaries\libiconv-2.dll
0x6f600000 - 0x6f61d000 	C:\Windows\SYSTEM32\gpapi.dll
0x74530000 - 0x74556000 	C:\Windows\SYSTEM32\ntmarta.dll
0x54e60000 - 0x55708000 	C:\binaries\icudt46.dll
0x53850000 - 0x53979000 	C:\Windows\SYSTEM32\dbghelp.dll
0x72040000 - 0x72050000 	C:\Windows\system32\napinsp.dll
0x72020000 - 0x72034000 	C:\Windows\system32\pnrpnsp.dll
0x72010000 - 0x72020000 	C:\Windows\system32\NLAapi.dll
0x72000000 - 0x72009000 	C:\Windows\System32\winrnr.dll
0x71ac0000 - 0x71ad0000 	C:\Windows\system32\wshbth.dll
0x726a0000 - 0x726a7000 	C:\Windows\System32\rasadhlp.dll
0x71c30000 - 0x71c6f000 	C:\Windows\System32\fwpuclnt.dll
0x72cd0000 - 0x72cf0000 	C:\Windows\SYSTEM32\IPHLPAPI.DLL
0x72c40000 - 0x72c48000 	C:\Windows\SYSTEM32\WINNSI.DLL
0x730d0000 - 0x730ea000 	C:\Windows\SYSTEM32\CRYPTSP.dll
0x73090000 - 0x730ce000 	C:\Windows\system32\rsaenh.dll
0x72c30000 - 0x72c40000 	C:\Windows\SYSTEM32\dhcpcsvc6.DLL
0x72c10000 - 0x72c22000 	C:\Windows\SYSTEM32\dhcpcsvc.DLL
0x595f0000 - 0x59615000 	C:\Program Files (x86)\Java\jre7\bin\jpeg.dll

VM Arguments:
jvm_args: -Dfile.encoding=ISO-8859-1 
java_command: com.nexusbr.gv.main.ConnectDBMain
Launcher Type: SUN_STANDARD

Environment Variables:
JAVA_HOME=C:\Program Files (x86)\Java\jre7
PATH=C:/Program Files (x86)/Java/jre7/bin/client;C:/Program Files (x86)/Java/jre7/bin;C:/Program Files (x86)/Java/jre7/lib/i386;C:\Program Files (x86)\PHP\;c:\Program Files (x86)\Intel\iCLS Client\;c:\Program Files\Intel\iCLS Client\;C:\Windows\system32;C:\Windows;C:\Windows\System32\Wbem;C:\Windows\System32\WindowsPowerShell\v1.0\;C:\Program Files\Intel\Intel(R) Management Engine Components\DAL;C:\Program Files\Intel\Intel(R) Management Engine Components\IPT;C:\Program Files (x86)\Intel\Intel(R) Management Engine Components\DAL;C:\Program Files (x86)\Intel\Intel(R) Management Engine Components\IPT;C:\Program Files (x86)\Intel\OpenCL SDK\3.0\bin\x86;C:\Program Files (x86)\Intel\OpenCL SDK\3.0\bin\x64;C:\Program Files (x86)\Windows Live\Shared;C:\binaries;c:\Program Files (x86)\Microsoft SQL Server\100\Tools\Binn\;c:\Program Files\Microsoft SQL Server\100\Tools\Binn\;c:\Program Files\Microsoft SQL Server\100\DTS\Binn\;C:\strawberry\c\bin;C:\strawberry\perl\site\bin;C:\strawberry\perl\bin;C:\Program Files (x86)\Microsoft SQL Server\110\Tools\Binn\ManagementStudio\;C:\Program Files (x86)\Microsoft SQL Server\110\Tools\Binn\;C:\Program Files\Microsoft SQL Server\110\Tools\Binn\;C:\Program Files (x86)\Microsoft SQL Server\110\DTS\Binn\;C:\Program Files\TortoiseSVN\bin;C:\Python34;C:\Program Files (x86)\Java\jre7\bin;C:\eclipse;
USERNAME=inacio
OS=Windows_NT
PROCESSOR_IDENTIFIER=Intel64 Family 6 Model 69 Stepping 1, GenuineIntel



---------------  S Y S T E M  ---------------

OS: Windows 8 , 64 bit Build 9200 

CPU:total 4 (2 cores per cpu, 2 threads per core) family 6 model 69 stepping 1, cmov, cx8, fxsr, mmx, sse, sse2, sse3, ssse3, sse4.1, sse4.2, popcnt, avx, avx2, aes, erms, ht, tsc, tscinvbit

Memory: 4k page, physical 8290700k(4435820k free), swap 9535884k(4330340k free)

vm_info: Java HotSpot(TM) Client VM (24.60-b09) for windows-x86 JRE (1.7.0_60-b19), built on May  7 2014 13:09:52 by "java_re" with unknown MS VC++:1600

time: Thu Jul 03 10:29:13 2014
elapsed time: 71 seconds

