#
# A fatal error has been detected by the Java Runtime Environment:
#
#  EXCEPTION_ACCESS_VIOLATION (0xc0000005) at pc=0x0fea9052, pid=10276, tid=3776
#
# JRE version: Java(TM) SE Runtime Environment (7.0_60-b19) (build 1.7.0_60-b19)
# Java VM: Java HotSpot(TM) Client VM (24.60-b09 mixed mode, sharing windows-x86 )
# Problematic frame:
# C  [berkelium.dll+0xa39052]
#
# Failed to write core dump. Minidumps are not enabled by default on client versions of Windows
#
# If you would like to submit a bug report, please visit:
#   http://bugreport.sun.com/bugreport/crash.jsp
#

---------------  T H R E A D  ---------------

Current thread (0x0204fc00):  VMThread [stack: 0x041b0000,0x04200000] [id=3776]

siginfo: ExceptionCode=0xc0000005, reading address 0x000000f8

Registers:
EAX=0x041ff5e4, EBX=0x000493e0, ECX=0x041ff5e4, EDX=0xfde559a0
ESP=0x041ff5d4, EBP=0x00000087, ESI=0x00000000, EDI=0x0fc6fca0
EIP=0x0fea9052, EFLAGS=0x00010206

Top of Stack: (sp=0x041ff5d4)
0x041ff5d4:   06bf2168 06bf2168 06b4ab00 00000000
0x041ff5e4:   fde559a0 00000086 06be36c0 06bec900
0x041ff5f4:   00000000 00000000 00000000 74616401
0x041ff604:   69642d61 06e20072 00000023 0000002f
0x041ff614:   00000000 06b77070 002e5bf3 06bf2000
0x041ff624:   06b4ab44 ffffff00 0f4dbf20 10ff9778
0x041ff634:   06690030 00000000 0000000f 10ffa730
0x041ff644:   00000001 0f4d9783 00000008 00000001 

Instructions: (pc=0x0fea9052)
0x0fea9032:   03 00 00 57 53 e8 f4 c8 60 ff 8b ea 8d 54 24 10
0x0fea9042:   52 8b f8 e8 26 ca 00 00 83 c4 04 03 38 13 68 04
0x0fea9052:   8b 86 f8 00 00 00 0b 86 fc 00 00 00 89 7c 24 20
0x0fea9062:   89 6c 24 24 75 3e 39 84 24 d4 00 00 00 7f 35 7c 


Register to memory mapping:

EAX=
[error occurred during error reporting (printing register info), id 0xc0000005]

Stack: [0x041b0000,0x04200000],  sp=0x041ff5d4,  free space=317k
Native frames: (J=compiled Java code, j=interpreted, Vv=VM code, C=native code)
C  [berkelium.dll+0xa39052]

VM_Operation (0x0578e8f0): Exit, mode: safepoint, requested by thread 0x0484a400


---------------  P R O C E S S  ---------------

Java Threads: ( => current thread )
  0x0461ec00 JavaThread "Image Fetcher 2" daemon [_thread_blocked, id=5036, stack(0x0a510000,0x0a560000)]
  0x04620400 JavaThread "Image Fetcher 1" daemon [_thread_blocked, id=7808, stack(0x0a480000,0x0a4d0000)]
  0x0461fc00 JavaThread "Image Fetcher 0" daemon [_thread_blocked, id=224, stack(0x0a3f0000,0x0a440000)]
  0x0462d800 JavaThread "Image Fetcher 3" daemon [_thread_blocked, id=9000, stack(0x0a360000,0x0a3b0000)]
  0x020f4000 JavaThread "Thread-32" [_thread_in_native, id=10720, stack(0x09a60000,0x09ab0000)]
  0x020f5c00 JavaThread "Thread-31" [_thread_in_native, id=2948, stack(0x099d0000,0x09a20000)]
  0x020f3400 JavaThread "Thread-30" [_thread_in_native, id=10924, stack(0x09940000,0x09990000)]
  0x020f5400 JavaThread "Thread-29" [_thread_in_native, id=5716, stack(0x098b0000,0x09900000)]
  0x08319400 JavaThread "Thread-28" [_thread_in_native, id=8692, stack(0x09820000,0x09870000)]
  0x08319000 JavaThread "Thread-27" [_thread_in_native, id=6672, stack(0x09790000,0x097e0000)]
  0x08318800 JavaThread "Thread-26" [_thread_in_native, id=8332, stack(0x09700000,0x09750000)]
  0x08318400 JavaThread "Thread-25" [_thread_in_native, id=7236, stack(0x09670000,0x096c0000)]
  0x0831b000 JavaThread "Thread-24" [_thread_in_native, id=4692, stack(0x095e0000,0x09630000)]
  0x0831a800 JavaThread "Thread-23" [_thread_in_native, id=4860, stack(0x079c0000,0x07a10000)]
  0x0831a400 JavaThread "Thread-22" [_thread_in_native, id=4884, stack(0x07930000,0x07980000)]
  0x0831bc00 JavaThread "Thread-21" [_thread_in_native, id=11136, stack(0x078a0000,0x078f0000)]
  0x0831b400 JavaThread "Thread-20" [_thread_in_native, id=5380, stack(0x07810000,0x07860000)]
  0x08319c00 JavaThread "Thread-19" [_thread_in_native, id=6404, stack(0x07780000,0x077d0000)]
  0x04beb800 JavaThread "Thread-18" [_thread_in_native, id=9916, stack(0x076f0000,0x07740000)]
  0x04beb400 JavaThread "WeakCollectionCleaner" daemon [_thread_blocked, id=9980, stack(0x07660000,0x076b0000)]
  0x04bad800 JavaThread "TimerQueue" daemon [_thread_blocked, id=2944, stack(0x075d0000,0x07620000)]
  0x04a68c00 JavaThread "Image Animator 3" daemon [_thread_blocked, id=9644, stack(0x07500000,0x07550000)]
  0x0072e000 JavaThread "DestroyJavaVM" [_thread_blocked, id=5692, stack(0x005c0000,0x00610000)]
  0x0484a400 JavaThread "AWT-EventQueue-0" [_thread_blocked, id=11100, stack(0x05740000,0x05790000)]
  0x047cb400 JavaThread "AWT-Shutdown" [_thread_blocked, id=6352, stack(0x05200000,0x05250000)]
  0x047ca000 JavaThread "Java2D Disposer" daemon [_thread_blocked, id=5204, stack(0x05030000,0x05080000)]
  0x020cb800 JavaThread "Service Thread" daemon [_thread_blocked, id=7832, stack(0x04510000,0x04560000)]
  0x020c7c00 JavaThread "C1 CompilerThread0" daemon [_thread_blocked, id=11020, stack(0x04480000,0x044d0000)]
  0x020c6800 JavaThread "Attach Listener" daemon [_thread_blocked, id=6372, stack(0x043f0000,0x04440000)]
  0x020c0c00 JavaThread "Signal Dispatcher" daemon [_thread_blocked, id=5952, stack(0x04360000,0x043b0000)]
  0x02052800 JavaThread "Finalizer" daemon [_thread_blocked, id=11036, stack(0x042d0000,0x04320000)]
  0x02051000 JavaThread "Reference Handler" daemon [_thread_blocked, id=5508, stack(0x04240000,0x04290000)]

Other Threads:
=>0x0204fc00 VMThread [stack: 0x041b0000,0x04200000] [id=3776]

VM state:at safepoint (shutting down)

VM Mutex/Monitor currently owned by a thread:  ([mutex/lock_event])
[0x0072c878] Threads_lock - owner thread: 0x0204fc00

Heap
 def new generation   total 13312K, used 4833K [0x24000000, 0x24e70000, 0x29550000)
  eden space 11840K,  28% used [0x24000000, 0x24357fc0, 0x24b90000)
  from space 1472K,  95% used [0x24b90000, 0x24cf04c0, 0x24d00000)
  to   space 1472K,   0% used [0x24d00000, 0x24d00000, 0x24e70000)
 tenured generation   total 30808K, used 30742K [0x29550000, 0x2b366000, 0x34000000)
   the space 30808K,  99% used [0x29550000, 0x2b355bd8, 0x2b355c00, 0x2b366000)
 compacting perm gen  total 12288K, used 8782K [0x34000000, 0x34c00000, 0x38000000)
   the space 12288K,  71% used [0x34000000, 0x34893a20, 0x34893c00, 0x34c00000)
    ro space 10240K,  42% used [0x38000000, 0x38434778, 0x38434800, 0x38a00000)
    rw space 12288K,  52% used [0x38a00000, 0x39049a68, 0x39049c00, 0x39600000)

Card table byte_map: [0x009c0000,0x00a70000] byte_map_base: 0x008a0000

Polling page: 0x00520000

Code Cache  [0x02130000, 0x02318000, 0x04130000)
 total_blobs=1142 nmethods=855 adapters=223 free_code_cache=30845Kb largest_free_block=31583616

Compilation events (10 events):
Event: 9.623 Thread 0x020c7c00  860             java.util.LinkedList$ListItr::<init> (52 bytes)
Event: 9.623 Thread 0x020c7c00 nmethod 860 0x0230d3c8 code [0x0230d4d0, 0x0230d5cc]
Event: 9.623 Thread 0x020c7c00  861   !         java.awt.Container::getComponentZOrder (43 bytes)
Event: 9.624 Thread 0x020c7c00 nmethod 861 0x0230d688 code [0x0230d7a0, 0x0230da3c]
Event: 9.641 Thread 0x020c7c00  862             java.awt.AWTEvent::<init> (81 bytes)
Event: 9.641 Thread 0x020c7c00 nmethod 862 0x0230db48 code [0x0230dc70, 0x0230de54]
Event: 9.802 Thread 0x020c7c00  863   !         javax.swing.JComponent::paintChildren (669 bytes)
Event: 9.805 Thread 0x020c7c00 nmethod 863 0x0230dfc8 code [0x0230e300, 0x0230f2bc]
Event: 9.825 Thread 0x020c7c00  864   !         java.awt.EventQueue::getNextEvent (84 bytes)
Event: 9.825 Thread 0x020c7c00 nmethod 864 0x02310d08 code [0x02310e70, 0x02311060]

GC Heap History (10 events):
Event: 3.183 GC heap before
{Heap before GC invocations=11 (full 1):
 def new generation   total 9408K, used 8643K [0x24000000, 0x24a30000, 0x29550000)
  eden space 8384K,  90% used [0x24000000, 0x24770e50, 0x24830000)
  from space 1024K, 100% used [0x24930000, 0x24a30000, 0x24a30000)
  to   space 1024K,   0% used [0x24830000, 0x24830000, 0x24930000)
 tenured generation   total 20720K, used 19956K [0x29550000, 0x2a98c000, 0x34000000)
   the space 20720K,  96% used [0x29550000, 0x2a8cd2c0, 0x2a8cd400, 0x2a98c000)
 compacting perm gen  total 12288K, used 8508K [0x34000000, 0x34c00000, 0x38000000)
   the space 12288K,  69% used [0x34000000, 0x3484f2e8, 0x3484f400, 0x34c00000)
    ro space 10240K,  42% used [0x38000000, 0x38434778, 0x38434800, 0x38a00000)
    rw space 12288K,  52% used [0x38a00000, 0x39049a68, 0x39049c00, 0x39600000)
Event: 3.235 GC heap after
Heap after GC invocations=12 (full 2):
 def new generation   total 10880K, used 0K [0x24000000, 0x24bc0000, 0x29550000)
  eden space 9728K,   0% used [0x24000000, 0x24000000, 0x24980000)
  from space 1152K,   0% used [0x24980000, 0x24980000, 0x24aa0000)
  to   space 1152K,   0% used [0x24aa0000, 0x24aa0000, 0x24bc0000)
 tenured generation   total 23980K, used 14386K [0x29550000, 0x2acbb000, 0x34000000)
   the space 23980K,  59% used [0x29550000, 0x2a35cbb8, 0x2a35cc00, 0x2acbb000)
 compacting perm gen  total 12288K, used 8508K [0x34000000, 0x34c00000, 0x38000000)
   the space 12288K,  69% used [0x34000000, 0x3484f2e8, 0x3484f400, 0x34c00000)
    ro space 10240K,  42% used [0x38000000, 0x38434778, 0x38434800, 0x38a00000)
    rw space 12288K,  52% used [0x38a00000, 0x39049a68, 0x39049c00, 0x39600000)
}
Event: 3.249 GC heap before
{Heap before GC invocations=12 (full 2):
 def new generation   total 10880K, used 8574K [0x24000000, 0x24bc0000, 0x29550000)
  eden space 9728K,  88% used [0x24000000, 0x2485fae0, 0x24980000)
  from space 1152K,   0% used [0x24980000, 0x24980000, 0x24aa0000)
  to   space 1152K,   0% used [0x24aa0000, 0x24aa0000, 0x24bc0000)
 tenured generation   total 23980K, used 14386K [0x29550000, 0x2acbb000, 0x34000000)
   the space 23980K,  59% used [0x29550000, 0x2a35cbb8, 0x2a35cc00, 0x2acbb000)
 compacting perm gen  total 12288K, used 8517K [0x34000000, 0x34c00000, 0x38000000)
   the space 12288K,  69% used [0x34000000, 0x348516e8, 0x34851800, 0x34c00000)
    ro space 10240K,  42% used [0x38000000, 0x38434778, 0x38434800, 0x38a00000)
    rw space 12288K,  52% used [0x38a00000, 0x39049a68, 0x39049c00, 0x39600000)
Event: 3.252 GC heap after
Heap after GC invocations=13 (full 2):
 def new generation   total 10880K, used 997K [0x24000000, 0x24bc0000, 0x29550000)
  eden space 9728K,   0% used [0x24000000, 0x24000000, 0x24980000)
  from space 1152K,  86% used [0x24aa0000, 0x24b99470, 0x24bc0000)
  to   space 1152K,   0% used [0x24980000, 0x24980000, 0x24aa0000)
 tenured generation   total 23980K, used 21840K [0x29550000, 0x2acbb000, 0x34000000)
   the space 23980K,  91% used [0x29550000, 0x2aaa4130, 0x2aaa4200, 0x2acbb000)
 compacting perm gen  total 12288K, used 8517K [0x34000000, 0x34c00000, 0x38000000)
   the space 12288K,  69% used [0x34000000, 0x348516e8, 0x34851800, 0x34c00000)
    ro space 10240K,  42% used [0x38000000, 0x38434778, 0x38434800, 0x38a00000)
    rw space 12288K,  52% used [0x38a00000, 0x39049a68, 0x39049c00, 0x39600000)
}
Event: 3.270 GC heap before
{Heap before GC invocations=13 (full 2):
 def new generation   total 10880K, used 10559K [0x24000000, 0x24bc0000, 0x29550000)
  eden space 9728K,  98% used [0x24000000, 0x249567d8, 0x24980000)
  from space 1152K,  86% used [0x24aa0000, 0x24b99470, 0x24bc0000)
  to   space 1152K,   0% used [0x24980000, 0x24980000, 0x24aa0000)
 tenured generation   total 23980K, used 21840K [0x29550000, 0x2acbb000, 0x34000000)
   the space 23980K,  91% used [0x29550000, 0x2aaa4130, 0x2aaa4200, 0x2acbb000)
 compacting perm gen  total 12288K, used 8517K [0x34000000, 0x34c00000, 0x38000000)
   the space 12288K,  69% used [0x34000000, 0x34851748, 0x34851800, 0x34c00000)
    ro space 10240K,  42% used [0x38000000, 0x38434778, 0x38434800, 0x38a00000)
    rw space 12288K,  52% used [0x38a00000, 0x39049a68, 0x39049c00, 0x39600000)
Event: 3.310 GC heap after
Heap after GC invocations=14 (full 3):
 def new generation   total 13312K, used 0K [0x24000000, 0x24e70000, 0x29550000)
  eden space 11840K,   0% used [0x24000000, 0x24000000, 0x24b90000)
  from space 1472K,   0% used [0x24b90000, 0x24b90000, 0x24d00000)
  to   space 1472K,   0% used [0x24d00000, 0x24d00000, 0x24e70000)
 tenured generation   total 29508K, used 17703K [0x29550000, 0x2b221000, 0x34000000)
   the space 29508K,  59% used [0x29550000, 0x2a699d18, 0x2a699e00, 0x2b221000)
 compacting perm gen  total 12288K, used 8517K [0x34000000, 0x34c00000, 0x38000000)
   the space 12288K,  69% used [0x34000000, 0x34851748, 0x34851800, 0x34c00000)
    ro space 10240K,  42% used [0x38000000, 0x38434778, 0x38434800, 0x38a00000)
    rw space 12288K,  52% used [0x38a00000, 0x39049a68, 0x39049c00, 0x39600000)
}
Event: 8.209 GC heap before
{Heap before GC invocations=14 (full 3):
 def new generation   total 13312K, used 12273K [0x24000000, 0x24e70000, 0x29550000)
  eden space 11840K,  99% used [0x24000000, 0x24b7c580, 0x24b90000)
  from space 1472K,  34% used [0x24b90000, 0x24c10020, 0x24d00000)
  to   space 1472K,   0% used [0x24d00000, 0x24d00000, 0x24e70000)
 tenured generation   total 29508K, used 17703K [0x29550000, 0x2b221000, 0x34000000)
   the space 29508K,  59% used [0x29550000, 0x2a699d18, 0x2a699e00, 0x2b221000)
 compacting perm gen  total 12288K, used 8778K [0x34000000, 0x34c00000, 0x38000000)
   the space 12288K,  71% used [0x34000000, 0x34892b40, 0x34892c00, 0x34c00000)
    ro space 10240K,  42% used [0x38000000, 0x38434778, 0x38434800, 0x38a00000)
    rw space 12288K,  52% used [0x38a00000, 0x39049a68, 0x39049c00, 0x39600000)
Event: 8.216 GC heap after
Heap after GC invocations=15 (full 3):
 def new generation   total 13312K, used 1472K [0x24000000, 0x24e70000, 0x29550000)
  eden space 11840K,   0% used [0x24000000, 0x24000000, 0x24b90000)
  from space 1472K, 100% used [0x24d00000, 0x24e70000, 0x24e70000)
  to   space 1472K,   0% used [0x24b90000, 0x24b90000, 0x24d00000)
 tenured generation   total 29508K, used 23225K [0x29550000, 0x2b221000, 0x34000000)
   the space 29508K,  78% used [0x29550000, 0x2abfe5f8, 0x2abfe600, 0x2b221000)
 compacting perm gen  total 12288K, used 8778K [0x34000000, 0x34c00000, 0x38000000)
   the space 12288K,  71% used [0x34000000, 0x34892b40, 0x34892c00, 0x34c00000)
    ro space 10240K,  42% used [0x38000000, 0x38434778, 0x38434800, 0x38a00000)
    rw space 12288K,  52% used [0x38a00000, 0x39049a68, 0x39049c00, 0x39600000)
}
Event: 8.258 GC heap before
{Heap before GC invocations=15 (full 3):
 def new generation   total 13312K, used 13312K [0x24000000, 0x24e70000, 0x29550000)
  eden space 11840K, 100% used [0x24000000, 0x24b90000, 0x24b90000)
  from space 1472K, 100% used [0x24d00000, 0x24e70000, 0x24e70000)
  to   space 1472K,   0% used [0x24b90000, 0x24b90000, 0x24d00000)
 tenured generation   total 29508K, used 23505K [0x29550000, 0x2b221000, 0x34000000)
   the space 29508K,  79% used [0x29550000, 0x2ac44560, 0x2ac44600, 0x2b221000)
 compacting perm gen  total 12288K, used 8778K [0x34000000, 0x34c00000, 0x38000000)
   the space 12288K,  71% used [0x34000000, 0x34892b70, 0x34892c00, 0x34c00000)
    ro space 10240K,  42% used [0x38000000, 0x38434778, 0x38434800, 0x38a00000)
    rw space 12288K,  52% used [0x38a00000, 0x39049a68, 0x39049c00, 0x39600000)
Event: 8.264 GC heap after
Heap after GC invocations=16 (full 3):
 def new generation   total 13312K, used 1409K [0x24000000, 0x24e70000, 0x29550000)
  eden space 11840K,   0% used [0x24000000, 0x24000000, 0x24b90000)
  from space 1472K,  95% used [0x24b90000, 0x24cf04c0, 0x24d00000)
  to   space 1472K,   0% used [0x24d00000, 0x24d00000, 0x24e70000)
 tenured generation   total 30808K, used 30742K [0x29550000, 0x2b366000, 0x34000000)
   the space 30808K,  99% used [0x29550000, 0x2b355bd8, 0x2b355c00, 0x2b366000)
 compacting perm gen  total 12288K, used 8778K [0x34000000, 0x34c00000, 0x38000000)
   the space 12288K,  71% used [0x34000000, 0x34892b70, 0x34892c00, 0x34c00000)
    ro space 10240K,  42% used [0x38000000, 0x38434778, 0x38434800, 0x38a00000)
    rw space 12288K,  52% used [0x38a00000, 0x39049a68, 0x39049c00, 0x39600000)
}

Deoptimization events (0 events):
No events

Internal exceptions (10 events):
Event: 5.019 Thread 0x0484a400 Threw 0x24595f40 at C:\re\jdk7u60\1081\hotspot\src\share\vm\prims\jvm.cpp:1244
Event: 7.233 Thread 0x0484a400 Threw 0x24664ed0 at C:\re\jdk7u60\1081\hotspot\src\share\vm\prims\jvm.cpp:1244
Event: 7.234 Thread 0x0484a400 Threw 0x2466a9c0 at C:\re\jdk7u60\1081\hotspot\src\share\vm\prims\jvm.cpp:1244
Event: 7.234 Thread 0x0484a400 Threw 0x24675880 at C:\re\jdk7u60\1081\hotspot\src\share\vm\prims\jvm.cpp:1244
Event: 7.235 Thread 0x0484a400 Threw 0x2467ac70 at C:\re\jdk7u60\1081\hotspot\src\share\vm\prims\jvm.cpp:1244
Event: 7.235 Thread 0x0484a400 Threw 0x24680098 at C:\re\jdk7u60\1081\hotspot\src\share\vm\prims\jvm.cpp:1244
Event: 7.235 Thread 0x0484a400 Threw 0x246854a8 at C:\re\jdk7u60\1081\hotspot\src\share\vm\prims\jvm.cpp:1244
Event: 7.236 Thread 0x0484a400 Threw 0x2468ab20 at C:\re\jdk7u60\1081\hotspot\src\share\vm\prims\jvm.cpp:1244
Event: 7.322 Thread 0x04a68c00 Threw 0x246ea190 at C:\re\jdk7u60\1081\hotspot\src\share\vm\prims\jvm.cpp:2917
Event: 7.322 Thread 0x04beb800 Threw 0x246d2418 at C:\re\jdk7u60\1081\hotspot\src\share\vm\prims\jvm.cpp:1244

Events (10 events):
Event: 10.473 Thread 0x0461f800 Thread exited: 0x0461f800
Event: 10.474 loading class 0x39670c20
Event: 10.474 loading class 0x39670bc8
Event: 10.474 Thread 0x0462d000 Thread exited: 0x0462d000
Event: 10.474 loading class 0x39670bc8 done
Event: 10.474 loading class 0x39670c20 done
Event: 10.474 Thread 0x0462f400 Thread exited: 0x0462f400
Event: 10.482 Thread 0x047cbc00 Thread exited: 0x047cbc00
Event: 10.574 Thread 0x0461f000 Thread exited: 0x0461f000
Event: 10.574 Executing VM operation: Exit


Dynamic libraries:
0x00a70000 - 0x00a9f000 	C:\Program Files (x86)\Java\jre7\bin\javaw.exe
0x76fe0000 - 0x77137000 	C:\Windows\SYSTEM32\ntdll.dll
0x74690000 - 0x747c0000 	C:\Windows\SYSTEM32\KERNEL32.DLL
0x76a80000 - 0x76b27000 	C:\Windows\SYSTEM32\KERNELBASE.dll
0x747c0000 - 0x7486e000 	C:\Windows\SYSTEM32\ADVAPI32.dll
0x764f0000 - 0x76606000 	C:\Windows\SYSTEM32\USER32.dll
0x73130000 - 0x73328000 	C:\Windows\WinSxS\x86_microsoft.windows.common-controls_6595b64144ccf1df_6.0.9200.16579_none_8937eec6860750f5\COMCTL32.dll
0x76000000 - 0x760b1000 	C:\Windows\SYSTEM32\msvcrt.dll
0x74870000 - 0x748a4000 	C:\Windows\SYSTEM32\sechost.dll
0x760c0000 - 0x7616c000 	C:\Windows\SYSTEM32\RPCRT4.dll
0x748b0000 - 0x749ad000 	C:\Windows\SYSTEM32\GDI32.dll
0x745d0000 - 0x745ed000 	C:\Windows\SYSTEM32\SspiCli.dll
0x745c0000 - 0x745c9000 	C:\Windows\SYSTEM32\CRYPTBASE.dll
0x74560000 - 0x745b1000 	C:\Windows\SYSTEM32\bcryptPrimitives.dll
0x762e0000 - 0x76300000 	C:\Windows\system32\IMM32.DLL
0x76680000 - 0x7675e000 	C:\Windows\SYSTEM32\MSCTF.dll
0x5e970000 - 0x5ea2f000 	C:\Program Files (x86)\Java\jre7\bin\msvcr100.dll
0x5e310000 - 0x5e698000 	C:\Program Files (x86)\Java\jre7\bin\client\jvm.dll
0x71c10000 - 0x71c18000 	C:\Windows\SYSTEM32\WSOCK32.dll
0x71fb0000 - 0x71fd1000 	C:\Windows\SYSTEM32\WINMM.dll
0x76300000 - 0x76306000 	C:\Windows\SYSTEM32\PSAPI.DLL
0x75f80000 - 0x75fd0000 	C:\Windows\SYSTEM32\WS2_32.dll
0x71c70000 - 0x71c9b000 	C:\Windows\SYSTEM32\WINMMBASE.dll
0x75ff0000 - 0x75ff8000 	C:\Windows\SYSTEM32\NSI.dll
0x76b30000 - 0x76b76000 	C:\Windows\SYSTEM32\cfgmgr32.dll
0x75f00000 - 0x75f1e000 	C:\Windows\SYSTEM32\DEVOBJ.dll
0x720a0000 - 0x720ac000 	C:\Program Files (x86)\Java\jre7\bin\verify.dll
0x70bb0000 - 0x70bd0000 	C:\Program Files (x86)\Java\jre7\bin\java.dll
0x70b90000 - 0x70ba3000 	C:\Program Files (x86)\Java\jre7\bin\zip.dll
0x6f490000 - 0x6f5d3000 	C:\Program Files (x86)\Java\jre7\bin\awt.dll
0x76c00000 - 0x76c8b000 	C:\Windows\SYSTEM32\OLEAUT32.dll
0x76de0000 - 0x76f16000 	C:\Windows\SYSTEM32\combase.dll
0x72dd0000 - 0x72e77000 	C:\Windows\system32\apphelp.dll
0x71a40000 - 0x71a59000 	C:\Windows\system32\DWMAPI.DLL
0x726b0000 - 0x72738000 	C:\Windows\system32\uxtheme.dll
0x76760000 - 0x76879000 	C:\Windows\SYSTEM32\ole32.dll
0x74da0000 - 0x75e66000 	C:\Windows\SYSTEM32\SHELL32.dll
0x75f40000 - 0x75f80000 	C:\Windows\SYSTEM32\SHLWAPI.dll
0x73330000 - 0x733a3000 	C:\Windows\SYSTEM32\shcore.dll
0x718b0000 - 0x718e9000 	C:\Program Files (x86)\Java\jre7\bin\fontmanager.dll
0x6f250000 - 0x6f264000 	C:\Program Files (x86)\Java\jre7\bin\net.dll
0x72e80000 - 0x72eca000 	C:\Windows\system32\mswsock.dll
0x718a0000 - 0x718af000 	C:\Program Files (x86)\Java\jre7\bin\nio.dll
0x706d0000 - 0x70700000 	C:\Program Files (x86)\Java\jre7\bin\t2k.dll
0x76b80000 - 0x76bf4000 	C:\Windows\SYSTEM32\clbcatq.dll
0x6a8a0000 - 0x6a9eb000 	C:\Windows\SYSTEM32\WindowsCodecs.dll
0x76dc0000 - 0x76dd1000 	C:\Windows\SYSTEM32\profapi.dll
0x68440000 - 0x68464000 	C:\Program Files (x86)\Java\jre7\bin\dcpr.dll
0x5e900000 - 0x5e96d000 	C:\binaries\terrajava.dll
0x5e220000 - 0x5e307000 	C:\binaries\terramanager-funcate.dll
0x59300000 - 0x59ba6000 	C:\binaries\terralib.dll
0x64af0000 - 0x64b59000 	C:\Windows\SYSTEM32\MSVCP100.dll
0x6d880000 - 0x6db4c000 	C:\binaries\bgd.dll
0x66b80000 - 0x66b9b000 	C:\binaries\terraogc_xml.dll
0x60460000 - 0x6047d000 	C:\binaries\terraogc_sld.dll
0x5f9a0000 - 0x5f9c6000 	C:\binaries\terraogc_se.dll
0x5e8c0000 - 0x5e8f6000 	C:\binaries\terraogc_filter.dll
0x5e1c0000 - 0x5e212000 	C:\binaries\terraogc_ows.dll
0x5f980000 - 0x5f999000 	C:\binaries\terraogc_common.dll
0x684c0000 - 0x684cb000 	C:\binaries\terralib_shp.dll
0x60450000 - 0x6045e000 	C:\binaries\terralib_spl.dll
0x05cf0000 - 0x060e6000 	C:\binaries\qt-mt338.dll
0x613d0000 - 0x6149e000 	C:\Windows\SYSTEM32\OPENGL32.dll
0x613a0000 - 0x613c3000 	C:\Windows\SYSTEM32\GLU32.dll
0x5e140000 - 0x5e1bf000 	C:\binaries\qwt500.dll
0x0f470000 - 0x1146f000 	C:\binaries\berkelium.dll
0x060f0000 - 0x06231000 	C:\binaries\LIBMYSQL.dll
0x63100000 - 0x63121000 	C:\binaries\LIBPQ.dll
0x06240000 - 0x062a1000 	C:\binaries\OCI.dll
0x5da30000 - 0x5daba000 	C:\binaries\libtiff.dll
0x56580000 - 0x56d52000 	C:\binaries\gdal110.dll
0x12000000 - 0x121dc000 	C:\binaries\xerces-c_3_1.dll
0x592a0000 - 0x592f5000 	C:\binaries\terraogc_wms.dll
0x59240000 - 0x59293000 	C:\binaries\terraogc_gml.dll
0x5e0f0000 - 0x5e131000 	C:\binaries\terraogc_xsd.dll
0x5a810000 - 0x5a830000 	C:\binaries\terraogc_xacml.dll
0x71f30000 - 0x71f90000 	C:\Windows\SYSTEM32\WINSPOOL.DRV
0x7c340000 - 0x7c396000 	C:\Windows\SYSTEM32\MSVCR71.dll
0x608a0000 - 0x60979000 	C:\Windows\SYSTEM32\DDRAW.dll
0x727a0000 - 0x727a9000 	C:\Windows\SYSTEM32\Secur32.dll
0x75f20000 - 0x75f3b000 	C:\Windows\SYSTEM32\USERENV.dll
0x71520000 - 0x71570000 	C:\Windows\SYSTEM32\OLEACC.dll
0x54200000 - 0x54276000 	C:\Windows\SYSTEM32\RICHED20.dll
0x72ee0000 - 0x72ee8000 	C:\Windows\SYSTEM32\VERSION.dll
0x720b0000 - 0x720c4000 	C:\Windows\SYSTEM32\USP10.dll
0x72c50000 - 0x72cc5000 	C:\Windows\SYSTEM32\DNSAPI.dll
0x06350000 - 0x063fa000 	C:\Windows\libeay32.dll
0x06400000 - 0x0640d000 	C:\binaries\libintl-2.dll
0x72ed0000 - 0x72ed6000 	C:\Windows\SYSTEM32\SHFOLDER.DLL
0x06410000 - 0x06436000 	C:\Windows\ssleay32.dll
0x06440000 - 0x06466000 	C:\binaries\libexpat.dll
0x60770000 - 0x60811000 	C:\Windows\SYSTEM32\ODBC32.dll
0x60760000 - 0x60767000 	C:\Windows\SYSTEM32\DCIMAN32.dll
0x663b0000 - 0x663db000 	C:\Windows\SYSTEM32\msls31.dll
0x064c0000 - 0x0659b000 	C:\binaries\libiconv-2.dll
0x6f600000 - 0x6f61d000 	C:\Windows\SYSTEM32\gpapi.dll
0x74530000 - 0x74556000 	C:\Windows\SYSTEM32\ntmarta.dll
0x54e60000 - 0x55708000 	C:\binaries\icudt46.dll
0x53850000 - 0x53979000 	C:\Windows\SYSTEM32\dbghelp.dll
0x72040000 - 0x72050000 	C:\Windows\system32\napinsp.dll
0x72020000 - 0x72034000 	C:\Windows\system32\pnrpnsp.dll
0x72010000 - 0x72020000 	C:\Windows\system32\NLAapi.dll
0x72000000 - 0x72009000 	C:\Windows\System32\winrnr.dll
0x71ac0000 - 0x71ad0000 	C:\Windows\system32\wshbth.dll
0x71c30000 - 0x71c6f000 	C:\Windows\System32\fwpuclnt.dll
0x726a0000 - 0x726a7000 	C:\Windows\System32\rasadhlp.dll
0x730d0000 - 0x730ea000 	C:\Windows\SYSTEM32\CRYPTSP.dll
0x73090000 - 0x730ce000 	C:\Windows\system32\rsaenh.dll
0x72cd0000 - 0x72cf0000 	C:\Windows\SYSTEM32\IPHLPAPI.DLL
0x72c40000 - 0x72c48000 	C:\Windows\SYSTEM32\WINNSI.DLL
0x72c30000 - 0x72c40000 	C:\Windows\SYSTEM32\dhcpcsvc6.DLL
0x72c10000 - 0x72c22000 	C:\Windows\SYSTEM32\dhcpcsvc.DLL
0x59210000 - 0x59235000 	C:\Program Files (x86)\Java\jre7\bin\jpeg.dll

VM Arguments:
jvm_args: -Dfile.encoding=ISO-8859-1 
java_command: com.nexusbr.gv.main.ConnectDBMain
Launcher Type: SUN_STANDARD

Environment Variables:
JAVA_HOME=C:\Program Files (x86)\Java\jre7
PATH=C:/Program Files (x86)/Java/jre7/bin/client;C:/Program Files (x86)/Java/jre7/bin;C:/Program Files (x86)/Java/jre7/lib/i386;C:\Program Files (x86)\PHP\;c:\Program Files (x86)\Intel\iCLS Client\;c:\Program Files\Intel\iCLS Client\;C:\Windows\system32;C:\Windows;C:\Windows\System32\Wbem;C:\Windows\System32\WindowsPowerShell\v1.0\;C:\Program Files\Intel\Intel(R) Management Engine Components\DAL;C:\Program Files\Intel\Intel(R) Management Engine Components\IPT;C:\Program Files (x86)\Intel\Intel(R) Management Engine Components\DAL;C:\Program Files (x86)\Intel\Intel(R) Management Engine Components\IPT;C:\Program Files (x86)\Intel\OpenCL SDK\3.0\bin\x86;C:\Program Files (x86)\Intel\OpenCL SDK\3.0\bin\x64;C:\Program Files (x86)\Windows Live\Shared;C:\binaries;c:\Program Files (x86)\Microsoft SQL Server\100\Tools\Binn\;c:\Program Files\Microsoft SQL Server\100\Tools\Binn\;c:\Program Files\Microsoft SQL Server\100\DTS\Binn\;C:\strawberry\c\bin;C:\strawberry\perl\site\bin;C:\strawberry\perl\bin;C:\Program Files (x86)\Microsoft SQL Server\110\Tools\Binn\ManagementStudio\;C:\Program Files (x86)\Microsoft SQL Server\110\Tools\Binn\;C:\Program Files\Microsoft SQL Server\110\Tools\Binn\;C:\Program Files (x86)\Microsoft SQL Server\110\DTS\Binn\;C:\Program Files\TortoiseSVN\bin;C:\Python34;C:\Program Files (x86)\Java\jre7\bin;C:\eclipse;
USERNAME=inacio
OS=Windows_NT
PROCESSOR_IDENTIFIER=Intel64 Family 6 Model 69 Stepping 1, GenuineIntel



---------------  S Y S T E M  ---------------

OS: Windows 8 , 64 bit Build 9200 

CPU:total 4 (2 cores per cpu, 2 threads per core) family 6 model 69 stepping 1, cmov, cx8, fxsr, mmx, sse, sse2, sse3, ssse3, sse4.1, sse4.2, popcnt, avx, avx2, aes, erms, ht, tsc, tscinvbit

Memory: 4k page, physical 8290700k(2566004k free), swap 9535884k(3598248k free)

vm_info: Java HotSpot(TM) Client VM (24.60-b09) for windows-x86 JRE (1.7.0_60-b19), built on May  7 2014 13:09:52 by "java_re" with unknown MS VC++:1600

time: Fri Jul 04 08:55:33 2014
elapsed time: 10 seconds

