#
# A fatal error has been detected by the Java Runtime Environment:
#
#  EXCEPTION_ACCESS_VIOLATION (0xc0000005) at pc=0x5b219052, pid=6980, tid=3840
#
# JRE version: Java(TM) SE Runtime Environment (7.0_60-b19) (build 1.7.0_60-b19)
# Java VM: Java HotSpot(TM) Client VM (24.60-b09 mixed mode, sharing windows-x86 )
# Problematic frame:
# C  [berkelium.dll+0xa39052]
#
# Failed to write core dump. Minidumps are not enabled by default on client versions of Windows
#
# If you would like to submit a bug report, please visit:
#   http://bugreport.sun.com/bugreport/crash.jsp
#

---------------  T H R E A D  ---------------

Current thread (0x00edfc00):  VMThread [stack: 0x04a70000,0x04ac0000] [id=3840]

siginfo: ExceptionCode=0xc0000005, reading address 0x000000f8

Registers:
EAX=0x04abee64, EBX=0x000493e0, ECX=0x04abee64, EDX=0xca8019f0
ESP=0x04abee54, EBP=0x0000005f, ESI=0x00000000, EDI=0xdc61bcf0
EIP=0x5b219052, EFLAGS=0x00010206

Top of Stack: (sp=0x04abee54)
0x04abee54:   072f1168 072f1168 0724ab00 00000000
0x04abee64:   ca8019f0 0000005f 072e3a20 072ec900
0x04abee74:   00000000 00000000 00000000 74616401
0x04abee84:   69642d61 07590072 00000023 0000002f
0x04abee94:   00000000 07277070 002e5bcb 072f1000
0x04abeea4:   0724ab44 ffffff00 5a84bf20 5c369778
0x04abeeb4:   06dc0030 00000000 0000000f 5c36a730
0x04abeec4:   00000001 5a849783 00000008 00000001 

Instructions: (pc=0x5b219052)
0x5b219032:   03 00 00 57 53 e8 f4 c8 60 ff 8b ea 8d 54 24 10
0x5b219042:   52 8b f8 e8 26 ca 00 00 83 c4 04 03 38 13 68 04
0x5b219052:   8b 86 f8 00 00 00 0b 86 fc 00 00 00 89 7c 24 20
0x5b219062:   89 6c 24 24 75 3e 39 84 24 d4 00 00 00 7f 35 7c 


Register to memory mapping:

EAX=
[error occurred during error reporting (printing register info), id 0xc0000005]

Stack: [0x04a70000,0x04ac0000],  sp=0x04abee54,  free space=315k
Native frames: (J=compiled Java code, j=interpreted, Vv=VM code, C=native code)
C  [berkelium.dll+0xa39052]

VM_Operation (0x0601e740): Exit, mode: safepoint, requested by thread 0x05b99800


---------------  P R O C E S S  ---------------

Java Threads: ( => current thread )
  0x05d1d800 JavaThread "Image Animator 3" daemon [_thread_blocked, id=9572, stack(0x07bf0000,0x07c40000)]
  0x05bef000 JavaThread "WeakCollectionCleaner" daemon [_thread_blocked, id=9788, stack(0x095f0000,0x09640000)]
  0x05efa400 JavaThread "TimerQueue" daemon [_thread_blocked, id=4604, stack(0x07d50000,0x07da0000)]
  0x00d1e000 JavaThread "DestroyJavaVM" [_thread_blocked, id=5596, stack(0x00e70000,0x00ec0000)]
  0x05b99800 JavaThread "AWT-EventQueue-0" [_thread_blocked, id=7596, stack(0x05fd0000,0x06020000)]
  0x0508f000 JavaThread "AWT-Shutdown" [_thread_blocked, id=4308, stack(0x056a0000,0x056f0000)]
  0x0508b400 JavaThread "Java2D Disposer" daemon [_thread_blocked, id=7448, stack(0x054c0000,0x05510000)]
  0x00f5b000 JavaThread "Service Thread" daemon [_thread_blocked, id=3732, stack(0x04dd0000,0x04e20000)]
  0x00f54800 JavaThread "C1 CompilerThread0" daemon [_thread_blocked, id=9344, stack(0x04d40000,0x04d90000)]
  0x00f52c00 JavaThread "Attach Listener" daemon [_thread_blocked, id=1076, stack(0x04cb0000,0x04d00000)]
  0x00f51c00 JavaThread "Signal Dispatcher" daemon [_thread_blocked, id=9008, stack(0x04c20000,0x04c70000)]
  0x00ee2800 JavaThread "Finalizer" daemon [_thread_blocked, id=8336, stack(0x04b90000,0x04be0000)]
  0x00ee1000 JavaThread "Reference Handler" daemon [_thread_blocked, id=8888, stack(0x04b00000,0x04b50000)]

Other Threads:
=>0x00edfc00 VMThread [stack: 0x04a70000,0x04ac0000] [id=3840]

VM state:at safepoint (shutting down)

VM Mutex/Monitor currently owned by a thread:  ([mutex/lock_event])
[0x00d1c260] Threads_lock - owner thread: 0x00edfc00

Heap
 def new generation   total 36288K, used 14273K [0x24000000, 0x26750000, 0x29550000)
  eden space 32320K,  32% used [0x24000000, 0x24a433b0, 0x25f90000)
  from space 3968K,  94% used [0x26370000, 0x2671d210, 0x26750000)
  to   space 3968K,   0% used [0x25f90000, 0x25f90000, 0x26370000)
 tenured generation   total 80404K, used 49079K [0x29550000, 0x2e3d5000, 0x34000000)
   the space 80404K,  61% used [0x29550000, 0x2c53de58, 0x2c53e000, 0x2e3d5000)
 compacting perm gen  total 12288K, used 8975K [0x34000000, 0x34c00000, 0x38000000)
   the space 12288K,  73% used [0x34000000, 0x348c3f98, 0x348c4000, 0x34c00000)
    ro space 10240K,  42% used [0x38000000, 0x38434778, 0x38434800, 0x38a00000)
    rw space 12288K,  52% used [0x38a00000, 0x39049a68, 0x39049c00, 0x39600000)

Card table byte_map: [0x028e0000,0x02990000] byte_map_base: 0x027c0000

Polling page: 0x00dc0000

Code Cache  [0x02a30000, 0x02d40000, 0x04a30000)
 total_blobs=1919 nmethods=1627 adapters=228 free_code_cache=29657Kb largest_free_block=30366400

Compilation events (10 events):
Event: 87.177 Thread 0x00f54800 1640             sun.awt.image.ImageDecoder::setHints (32 bytes)
Event: 87.178 Thread 0x00f54800 nmethod 1640 0x02d39508 code [0x02d39620, 0x02d39718]
Event: 92.151 Thread 0x00f54800 1641             java.awt.EventQueue::postEvent (13 bytes)
Event: 92.152 Thread 0x00f54800 nmethod 1641 0x02d39808 code [0x02d39910, 0x02d399c8]
Event: 92.624 Thread 0x00f54800 1642             br.org.funcate.glue.model.canvas.CanvasService::isGoogleActive (34 bytes)
Event: 92.625 Thread 0x00f54800 nmethod 1642 0x02d39a48 code [0x02d39b60, 0x02d39cac]
Event: 92.635 Thread 0x00f54800 1643             sun.awt.image.ToolkitImage::hasError (33 bytes)
Event: 92.635 Thread 0x00f54800 nmethod 1643 0x02d39dc8 code [0x02d39ed0, 0x02d39f9c]
Event: 92.648 Thread 0x00f54800 1644             javax.swing.JComponent::processMouseMotionEvent (46 bytes)
Event: 92.649 Thread 0x00f54800 nmethod 1644 0x02d3a008 code [0x02d3a140, 0x02d3a300]

GC Heap History (10 events):
Event: 47.796 GC heap before
{Heap before GC invocations=27 (full 7):
 def new generation   total 36288K, used 32112K [0x24000000, 0x26750000, 0x29550000)
  eden space 32320K,  99% used [0x24000000, 0x25f5c078, 0x25f90000)
  from space 3968K,   0% used [0x25f90000, 0x25f90000, 0x26370000)
  to   space 3968K,   0% used [0x26370000, 0x26370000, 0x26750000)
 tenured generation   total 80404K, used 36050K [0x29550000, 0x2e3d5000, 0x34000000)
   the space 80404K,  44% used [0x29550000, 0x2b884bb8, 0x2b884c00, 0x2e3d5000)
 compacting perm gen  total 12288K, used 8972K [0x34000000, 0x34c00000, 0x38000000)
   the space 12288K,  73% used [0x34000000, 0x348c3028, 0x348c3200, 0x34c00000)
    ro space 10240K,  42% used [0x38000000, 0x38434778, 0x38434800, 0x38a00000)
    rw space 12288K,  52% used [0x38a00000, 0x39049a68, 0x39049c00, 0x39600000)
Event: 47.800 GC heap after
Heap after GC invocations=28 (full 7):
 def new generation   total 36288K, used 3519K [0x24000000, 0x26750000, 0x29550000)
  eden space 32320K,   0% used [0x24000000, 0x24000000, 0x25f90000)
  from space 3968K,  88% used [0x26370000, 0x266dfc58, 0x26750000)
  to   space 3968K,   0% used [0x25f90000, 0x25f90000, 0x26370000)
 tenured generation   total 80404K, used 36050K [0x29550000, 0x2e3d5000, 0x34000000)
   the space 80404K,  44% used [0x29550000, 0x2b884bb8, 0x2b884c00, 0x2e3d5000)
 compacting perm gen  total 12288K, used 8972K [0x34000000, 0x34c00000, 0x38000000)
   the space 12288K,  73% used [0x34000000, 0x348c3028, 0x348c3200, 0x34c00000)
    ro space 10240K,  42% used [0x38000000, 0x38434778, 0x38434800, 0x38a00000)
    rw space 12288K,  52% used [0x38a00000, 0x39049a68, 0x39049c00, 0x39600000)
}
Event: 48.008 GC heap before
{Heap before GC invocations=28 (full 7):
 def new generation   total 36288K, used 35649K [0x24000000, 0x26750000, 0x29550000)
  eden space 32320K,  99% used [0x24000000, 0x25f60a10, 0x25f90000)
  from space 3968K,  88% used [0x26370000, 0x266dfc58, 0x26750000)
  to   space 3968K,   0% used [0x25f90000, 0x25f90000, 0x26370000)
 tenured generation   total 80404K, used 36050K [0x29550000, 0x2e3d5000, 0x34000000)
   the space 80404K,  44% used [0x29550000, 0x2b884bb8, 0x2b884c00, 0x2e3d5000)
 compacting perm gen  total 12288K, used 8972K [0x34000000, 0x34c00000, 0x38000000)
   the space 12288K,  73% used [0x34000000, 0x348c3028, 0x348c3200, 0x34c00000)
    ro space 10240K,  42% used [0x38000000, 0x38434778, 0x38434800, 0x38a00000)
    rw space 12288K,  52% used [0x38a00000, 0x39049a68, 0x39049c00, 0x39600000)
Event: 48.010 GC heap after
Heap after GC invocations=29 (full 7):
 def new generation   total 36288K, used 3122K [0x24000000, 0x26750000, 0x29550000)
  eden space 32320K,   0% used [0x24000000, 0x24000000, 0x25f90000)
  from space 3968K,  78% used [0x25f90000, 0x2629c8c8, 0x26370000)
  to   space 3968K,   0% used [0x26370000, 0x26370000, 0x26750000)
 tenured generation   total 80404K, used 36473K [0x29550000, 0x2e3d5000, 0x34000000)
   the space 80404K,  45% used [0x29550000, 0x2b8ee5a8, 0x2b8ee600, 0x2e3d5000)
 compacting perm gen  total 12288K, used 8972K [0x34000000, 0x34c00000, 0x38000000)
   the space 12288K,  73% used [0x34000000, 0x348c3028, 0x348c3200, 0x34c00000)
    ro space 10240K,  42% used [0x38000000, 0x38434778, 0x38434800, 0x38a00000)
    rw space 12288K,  52% used [0x38a00000, 0x39049a68, 0x39049c00, 0x39600000)
}
Event: 48.346 GC heap before
{Heap before GC invocations=29 (full 7):
 def new generation   total 36288K, used 35331K [0x24000000, 0x26750000, 0x29550000)
  eden space 32320K,  99% used [0x24000000, 0x25f74350, 0x25f90000)
  from space 3968K,  78% used [0x25f90000, 0x2629c8c8, 0x26370000)
  to   space 3968K,   0% used [0x26370000, 0x26370000, 0x26750000)
 tenured generation   total 80404K, used 36473K [0x29550000, 0x2e3d5000, 0x34000000)
   the space 80404K,  45% used [0x29550000, 0x2b8ee5a8, 0x2b8ee600, 0x2e3d5000)
 compacting perm gen  total 12288K, used 8972K [0x34000000, 0x34c00000, 0x38000000)
   the space 12288K,  73% used [0x34000000, 0x348c3038, 0x348c3200, 0x34c00000)
    ro space 10240K,  42% used [0x38000000, 0x38434778, 0x38434800, 0x38a00000)
    rw space 12288K,  52% used [0x38a00000, 0x39049a68, 0x39049c00, 0x39600000)
Event: 48.347 GC heap after
Heap after GC invocations=30 (full 7):
 def new generation   total 36288K, used 3124K [0x24000000, 0x26750000, 0x29550000)
  eden space 32320K,   0% used [0x24000000, 0x24000000, 0x25f90000)
  from space 3968K,  78% used [0x26370000, 0x2667d128, 0x26750000)
  to   space 3968K,   0% used [0x25f90000, 0x25f90000, 0x26370000)
 tenured generation   total 80404K, used 36498K [0x29550000, 0x2e3d5000, 0x34000000)
   the space 80404K,  45% used [0x29550000, 0x2b8f4ac8, 0x2b8f4c00, 0x2e3d5000)
 compacting perm gen  total 12288K, used 8972K [0x34000000, 0x34c00000, 0x38000000)
   the space 12288K,  73% used [0x34000000, 0x348c3038, 0x348c3200, 0x34c00000)
    ro space 10240K,  42% used [0x38000000, 0x38434778, 0x38434800, 0x38a00000)
    rw space 12288K,  52% used [0x38a00000, 0x39049a68, 0x39049c00, 0x39600000)
}
Event: 49.604 GC heap before
{Heap before GC invocations=30 (full 7):
 def new generation   total 36288K, used 33437K [0x24000000, 0x26750000, 0x29550000)
  eden space 32320K,  93% used [0x24000000, 0x25d9a350, 0x25f90000)
  from space 3968K,  78% used [0x26370000, 0x2667d128, 0x26750000)
  to   space 3968K,   0% used [0x25f90000, 0x25f90000, 0x26370000)
 tenured generation   total 80404K, used 36498K [0x29550000, 0x2e3d5000, 0x34000000)
   the space 80404K,  45% used [0x29550000, 0x2b8f4ac8, 0x2b8f4c00, 0x2e3d5000)
 compacting perm gen  total 12288K, used 8972K [0x34000000, 0x34c00000, 0x38000000)
   the space 12288K,  73% used [0x34000000, 0x348c30a8, 0x348c3200, 0x34c00000)
    ro space 10240K,  42% used [0x38000000, 0x38434778, 0x38434800, 0x38a00000)
    rw space 12288K,  52% used [0x38a00000, 0x39049a68, 0x39049c00, 0x39600000)
Event: 49.610 GC heap after
Heap after GC invocations=31 (full 7):
 def new generation   total 36288K, used 3913K [0x24000000, 0x26750000, 0x29550000)
  eden space 32320K,   0% used [0x24000000, 0x24000000, 0x25f90000)
  from space 3968K,  98% used [0x25f90000, 0x26362538, 0x26370000)
  to   space 3968K,   0% used [0x26370000, 0x26370000, 0x26750000)
 tenured generation   total 80404K, used 37292K [0x29550000, 0x2e3d5000, 0x34000000)
   the space 80404K,  46% used [0x29550000, 0x2b9bb018, 0x2b9bb200, 0x2e3d5000)
 compacting perm gen  total 12288K, used 8972K [0x34000000, 0x34c00000, 0x38000000)
   the space 12288K,  73% used [0x34000000, 0x348c30a8, 0x348c3200, 0x34c00000)
    ro space 10240K,  42% used [0x38000000, 0x38434778, 0x38434800, 0x38a00000)
    rw space 12288K,  52% used [0x38a00000, 0x39049a68, 0x39049c00, 0x39600000)
}
Event: 51.770 GC heap before
{Heap before GC invocations=31 (full 7):
 def new generation   total 36288K, used 36238K [0x24000000, 0x26750000, 0x29550000)
  eden space 32320K, 100% used [0x24000000, 0x25f90000, 0x25f90000)
  from space 3968K,  98% used [0x25f90000, 0x26363988, 0x26370000)
  to   space 3968K,   0% used [0x26370000, 0x26370000, 0x26750000)
 tenured generation   total 80404K, used 37292K [0x29550000, 0x2e3d5000, 0x34000000)
   the space 80404K,  46% used [0x29550000, 0x2b9bb018, 0x2b9bb200, 0x2e3d5000)
 compacting perm gen  total 12288K, used 8972K [0x34000000, 0x34c00000, 0x38000000)
   the space 12288K,  73% used [0x34000000, 0x348c30d8, 0x348c3200, 0x34c00000)
    ro space 10240K,  42% used [0x38000000, 0x38434778, 0x38434800, 0x38a00000)
    rw space 12288K,  52% used [0x38a00000, 0x39049a68, 0x39049c00, 0x39600000)
Event: 51.776 GC heap after
Heap after GC invocations=32 (full 7):
 def new generation   total 36288K, used 3764K [0x24000000, 0x26750000, 0x29550000)
  eden space 32320K,   0% used [0x24000000, 0x24000000, 0x25f90000)
  from space 3968K,  94% used [0x26370000, 0x2671d210, 0x26750000)
  to   space 3968K,   0% used [0x25f90000, 0x25f90000, 0x26370000)
 tenured generation   total 80404K, used 49079K [0x29550000, 0x2e3d5000, 0x34000000)
   the space 80404K,  61% used [0x29550000, 0x2c53de58, 0x2c53e000, 0x2e3d5000)
 compacting perm gen  total 12288K, used 8972K [0x34000000, 0x34c00000, 0x38000000)
   the space 12288K,  73% used [0x34000000, 0x348c30d8, 0x348c3200, 0x34c00000)
    ro space 10240K,  42% used [0x38000000, 0x38434778, 0x38434800, 0x38a00000)
    rw space 12288K,  52% used [0x38a00000, 0x39049a68, 0x39049c00, 0x39600000)
}

Deoptimization events (0 events):
No events

Internal exceptions (10 events):
Event: 50.632 Thread 0x05d1a800 Threw 0x250841f8 at C:\re\jdk7u60\1081\hotspot\src\share\vm\interpreter\interpreterRuntime.cpp:347
Event: 50.633 Thread 0x05d1ac00 Threw 0x2509b368 at C:\re\jdk7u60\1081\hotspot\src\share\vm\interpreter\interpreterRuntime.cpp:347
Event: 50.633 Thread 0x05d1c800 Threw 0x250b24d8 at C:\re\jdk7u60\1081\hotspot\src\share\vm\interpreter\interpreterRuntime.cpp:347
Event: 50.635 Thread 0x05d1bc00 Threw 0x250c9648 at C:\re\jdk7u60\1081\hotspot\src\share\vm\interpreter\interpreterRuntime.cpp:347
Event: 50.636 Thread 0x05d1e000 Threw 0x250e1880 at C:\re\jdk7u60\1081\hotspot\src\share\vm\interpreter\interpreterRuntime.cpp:347
Event: 50.636 Thread 0x05d1b400 Threw 0x250f89f0 at C:\re\jdk7u60\1081\hotspot\src\share\vm\interpreter\interpreterRuntime.cpp:347
Event: 50.637 Thread 0x05d1d400 Threw 0x2510fb60 at C:\re\jdk7u60\1081\hotspot\src\share\vm\interpreter\interpreterRuntime.cpp:347
Event: 50.637 Thread 0x05d1ac00 Threw 0x25126cd0 at C:\re\jdk7u60\1081\hotspot\src\share\vm\interpreter\interpreterRuntime.cpp:347
Event: 50.638 Thread 0x05d1a800 Threw 0x25162bc0 at C:\re\jdk7u60\1081\hotspot\src\share\vm\interpreter\interpreterRuntime.cpp:347
Event: 50.638 Thread 0x05d1bc00 Threw 0x2514ba50 at C:\re\jdk7u60\1081\hotspot\src\share\vm\interpreter\interpreterRuntime.cpp:347

Events (10 events):
Event: 93.368 loading class 0x39670c20
Event: 93.368 loading class 0x39670bc8
Event: 93.368 loading class 0x39670bc8 done
Event: 93.368 loading class 0x39670c20 done
Event: 93.368 Thread 0x05d1b400 Thread exited: 0x05d1b400
Event: 93.368 Thread 0x05d1cc00 Thread exited: 0x05d1cc00
Event: 93.368 Thread 0x05d1c000 Thread exited: 0x05d1c000
Event: 93.374 Thread 0x0508f400 Thread exited: 0x0508f400
Event: 93.469 Thread 0x05d1d400 Thread exited: 0x05d1d400
Event: 93.469 Executing VM operation: Exit


Dynamic libraries:
0x00a70000 - 0x00a9f000 	C:\Program Files (x86)\Java\jre7\bin\javaw.exe
0x76fe0000 - 0x77137000 	C:\Windows\SYSTEM32\ntdll.dll
0x74690000 - 0x747c0000 	C:\Windows\SYSTEM32\KERNEL32.DLL
0x76a80000 - 0x76b27000 	C:\Windows\SYSTEM32\KERNELBASE.dll
0x747c0000 - 0x7486e000 	C:\Windows\SYSTEM32\ADVAPI32.dll
0x764f0000 - 0x76606000 	C:\Windows\SYSTEM32\USER32.dll
0x73130000 - 0x73328000 	C:\Windows\WinSxS\x86_microsoft.windows.common-controls_6595b64144ccf1df_6.0.9200.16579_none_8937eec6860750f5\COMCTL32.dll
0x76000000 - 0x760b1000 	C:\Windows\SYSTEM32\msvcrt.dll
0x74870000 - 0x748a4000 	C:\Windows\SYSTEM32\sechost.dll
0x760c0000 - 0x7616c000 	C:\Windows\SYSTEM32\RPCRT4.dll
0x748b0000 - 0x749ad000 	C:\Windows\SYSTEM32\GDI32.dll
0x745d0000 - 0x745ed000 	C:\Windows\SYSTEM32\SspiCli.dll
0x745c0000 - 0x745c9000 	C:\Windows\SYSTEM32\CRYPTBASE.dll
0x74560000 - 0x745b1000 	C:\Windows\SYSTEM32\bcryptPrimitives.dll
0x762e0000 - 0x76300000 	C:\Windows\system32\IMM32.DLL
0x76680000 - 0x7675e000 	C:\Windows\SYSTEM32\MSCTF.dll
0x639d0000 - 0x63a8f000 	C:\Program Files (x86)\Java\jre7\bin\msvcr100.dll
0x6f250000 - 0x6f5d8000 	C:\Program Files (x86)\Java\jre7\bin\client\jvm.dll
0x71c10000 - 0x71c18000 	C:\Windows\SYSTEM32\WSOCK32.dll
0x71fb0000 - 0x71fd1000 	C:\Windows\SYSTEM32\WINMM.dll
0x76300000 - 0x76306000 	C:\Windows\SYSTEM32\PSAPI.DLL
0x75f80000 - 0x75fd0000 	C:\Windows\SYSTEM32\WS2_32.dll
0x71c70000 - 0x71c9b000 	C:\Windows\SYSTEM32\WINMMBASE.dll
0x75ff0000 - 0x75ff8000 	C:\Windows\SYSTEM32\NSI.dll
0x76b30000 - 0x76b76000 	C:\Windows\SYSTEM32\cfgmgr32.dll
0x75f00000 - 0x75f1e000 	C:\Windows\SYSTEM32\DEVOBJ.dll
0x720a0000 - 0x720ac000 	C:\Program Files (x86)\Java\jre7\bin\verify.dll
0x71910000 - 0x71930000 	C:\Program Files (x86)\Java\jre7\bin\java.dll
0x718d0000 - 0x718e3000 	C:\Program Files (x86)\Java\jre7\bin\zip.dll
0x61ff0000 - 0x62133000 	C:\Program Files (x86)\Java\jre7\bin\awt.dll
0x76c00000 - 0x76c8b000 	C:\Windows\SYSTEM32\OLEAUT32.dll
0x76de0000 - 0x76f16000 	C:\Windows\SYSTEM32\combase.dll
0x72dd0000 - 0x72e77000 	C:\Windows\system32\apphelp.dll
0x71a40000 - 0x71a59000 	C:\Windows\system32\DWMAPI.DLL
0x726b0000 - 0x72738000 	C:\Windows\system32\uxtheme.dll
0x76760000 - 0x76879000 	C:\Windows\SYSTEM32\ole32.dll
0x74da0000 - 0x75e66000 	C:\Windows\SYSTEM32\SHELL32.dll
0x75f40000 - 0x75f80000 	C:\Windows\SYSTEM32\SHLWAPI.dll
0x73330000 - 0x733a3000 	C:\Windows\SYSTEM32\shcore.dll
0x61fb0000 - 0x61fe9000 	C:\Program Files (x86)\Java\jre7\bin\fontmanager.dll
0x718b0000 - 0x718c4000 	C:\Program Files (x86)\Java\jre7\bin\net.dll
0x72e80000 - 0x72eca000 	C:\Windows\system32\mswsock.dll
0x718a0000 - 0x718af000 	C:\Program Files (x86)\Java\jre7\bin\nio.dll
0x66380000 - 0x663b0000 	C:\Program Files (x86)\Java\jre7\bin\t2k.dll
0x76b80000 - 0x76bf4000 	C:\Windows\SYSTEM32\clbcatq.dll
0x6a8a0000 - 0x6a9eb000 	C:\Windows\SYSTEM32\WindowsCodecs.dll
0x76dc0000 - 0x76dd1000 	C:\Windows\SYSTEM32\profapi.dll
0x61f80000 - 0x61fa4000 	C:\Program Files (x86)\Java\jre7\bin\dcpr.dll
0x61f10000 - 0x61f7d000 	C:\binaries\terrajava.dll
0x61e20000 - 0x61f07000 	C:\binaries\terramanager-funcate.dll
0x61570000 - 0x61e16000 	C:\binaries\terralib.dll
0x64af0000 - 0x64b59000 	C:\Windows\SYSTEM32\MSVCP100.dll
0x6d880000 - 0x6db4c000 	C:\binaries\bgd.dll
0x66b60000 - 0x66b7b000 	C:\binaries\terraogc_xml.dll
0x64cd0000 - 0x64ced000 	C:\binaries\terraogc_sld.dll
0x61540000 - 0x61566000 	C:\binaries\terraogc_se.dll
0x61500000 - 0x61536000 	C:\binaries\terraogc_filter.dll
0x614a0000 - 0x614f2000 	C:\binaries\terraogc_ows.dll
0x639b0000 - 0x639c9000 	C:\binaries\terraogc_common.dll
0x710d0000 - 0x710db000 	C:\binaries\terralib_shp.dll
0x68080000 - 0x6808e000 	C:\binaries\terralib_spl.dll
0x06560000 - 0x06956000 	C:\binaries\qt-mt338.dll
0x613d0000 - 0x6149e000 	C:\Windows\SYSTEM32\OPENGL32.dll
0x613a0000 - 0x613c3000 	C:\Windows\SYSTEM32\GLU32.dll
0x61320000 - 0x6139f000 	C:\binaries\qwt500.dll
0x5a7e0000 - 0x5c7df000 	C:\binaries\berkelium.dll
0x10000000 - 0x10141000 	C:\binaries\LIBMYSQL.dll
0x63100000 - 0x63121000 	C:\binaries\LIBPQ.dll
0x06960000 - 0x069c1000 	C:\binaries\OCI.dll
0x61290000 - 0x6131a000 	C:\binaries\libtiff.dll
0x60ab0000 - 0x61282000 	C:\binaries\gdal110.dll
0x12000000 - 0x121dc000 	C:\binaries\xerces-c_3_1.dll
0x60a50000 - 0x60aa5000 	C:\binaries\terraogc_wms.dll
0x609f0000 - 0x60a43000 	C:\binaries\terraogc_gml.dll
0x609a0000 - 0x609e1000 	C:\binaries\terraogc_xsd.dll
0x60980000 - 0x609a0000 	C:\binaries\terraogc_xacml.dll
0x71f30000 - 0x71f90000 	C:\Windows\SYSTEM32\WINSPOOL.DRV
0x7c340000 - 0x7c396000 	C:\Windows\SYSTEM32\MSVCR71.dll
0x608a0000 - 0x60979000 	C:\Windows\SYSTEM32\DDRAW.dll
0x727a0000 - 0x727a9000 	C:\Windows\SYSTEM32\Secur32.dll
0x75f20000 - 0x75f3b000 	C:\Windows\SYSTEM32\USERENV.dll
0x71520000 - 0x71570000 	C:\Windows\SYSTEM32\OLEACC.dll
0x60820000 - 0x60896000 	C:\Windows\SYSTEM32\RICHED20.dll
0x72ee0000 - 0x72ee8000 	C:\Windows\SYSTEM32\VERSION.dll
0x720b0000 - 0x720c4000 	C:\Windows\SYSTEM32\USP10.dll
0x72c50000 - 0x72cc5000 	C:\Windows\SYSTEM32\DNSAPI.dll
0x06a70000 - 0x06b1a000 	C:\Windows\libeay32.dll
0x06b20000 - 0x06b2d000 	C:\binaries\libintl-2.dll
0x72ed0000 - 0x72ed6000 	C:\Windows\SYSTEM32\SHFOLDER.DLL
0x06b30000 - 0x06b56000 	C:\Windows\ssleay32.dll
0x06b60000 - 0x06b86000 	C:\binaries\libexpat.dll
0x60770000 - 0x60811000 	C:\Windows\SYSTEM32\ODBC32.dll
0x60760000 - 0x60767000 	C:\Windows\SYSTEM32\DCIMAN32.dll
0x663b0000 - 0x663db000 	C:\Windows\SYSTEM32\msls31.dll
0x06be0000 - 0x06cbb000 	C:\binaries\libiconv-2.dll
0x6f600000 - 0x6f61d000 	C:\Windows\SYSTEM32\gpapi.dll
0x74530000 - 0x74556000 	C:\Windows\SYSTEM32\ntmarta.dll
0x5feb0000 - 0x60758000 	C:\binaries\icudt46.dll
0x666f0000 - 0x66819000 	C:\Windows\SYSTEM32\dbghelp.dll
0x72040000 - 0x72050000 	C:\Windows\system32\napinsp.dll
0x72020000 - 0x72034000 	C:\Windows\system32\pnrpnsp.dll
0x72010000 - 0x72020000 	C:\Windows\system32\NLAapi.dll
0x72000000 - 0x72009000 	C:\Windows\System32\winrnr.dll
0x71ac0000 - 0x71ad0000 	C:\Windows\system32\wshbth.dll
0x726a0000 - 0x726a7000 	C:\Windows\System32\rasadhlp.dll
0x71c30000 - 0x71c6f000 	C:\Windows\System32\fwpuclnt.dll
0x72cd0000 - 0x72cf0000 	C:\Windows\SYSTEM32\IPHLPAPI.DLL
0x72c40000 - 0x72c48000 	C:\Windows\SYSTEM32\WINNSI.DLL
0x730d0000 - 0x730ea000 	C:\Windows\SYSTEM32\CRYPTSP.dll
0x73090000 - 0x730ce000 	C:\Windows\system32\rsaenh.dll
0x72c30000 - 0x72c40000 	C:\Windows\SYSTEM32\dhcpcsvc6.DLL
0x72c10000 - 0x72c22000 	C:\Windows\SYSTEM32\dhcpcsvc.DLL
0x5fe80000 - 0x5fea5000 	C:\Program Files (x86)\Java\jre7\bin\jpeg.dll

VM Arguments:
jvm_args: -Dfile.encoding=ISO-8859-1 
java_command: com.nexusbr.gv.main.ConnectDBMain
Launcher Type: SUN_STANDARD

Environment Variables:
JAVA_HOME=C:\Program Files (x86)\Java\jre7
PATH=C:/Program Files (x86)/Java/jre7/bin/client;C:/Program Files (x86)/Java/jre7/bin;C:/Program Files (x86)/Java/jre7/lib/i386;C:\Program Files (x86)\PHP\;c:\Program Files (x86)\Intel\iCLS Client\;c:\Program Files\Intel\iCLS Client\;C:\Windows\system32;C:\Windows;C:\Windows\System32\Wbem;C:\Windows\System32\WindowsPowerShell\v1.0\;C:\Program Files\Intel\Intel(R) Management Engine Components\DAL;C:\Program Files\Intel\Intel(R) Management Engine Components\IPT;C:\Program Files (x86)\Intel\Intel(R) Management Engine Components\DAL;C:\Program Files (x86)\Intel\Intel(R) Management Engine Components\IPT;C:\Program Files (x86)\Intel\OpenCL SDK\3.0\bin\x86;C:\Program Files (x86)\Intel\OpenCL SDK\3.0\bin\x64;C:\Program Files (x86)\Windows Live\Shared;C:\binaries;c:\Program Files (x86)\Microsoft SQL Server\100\Tools\Binn\;c:\Program Files\Microsoft SQL Server\100\Tools\Binn\;c:\Program Files\Microsoft SQL Server\100\DTS\Binn\;C:\strawberry\c\bin;C:\strawberry\perl\site\bin;C:\strawberry\perl\bin;C:\Program Files (x86)\Microsoft SQL Server\110\Tools\Binn\ManagementStudio\;C:\Program Files (x86)\Microsoft SQL Server\110\Tools\Binn\;C:\Program Files\Microsoft SQL Server\110\Tools\Binn\;C:\Program Files (x86)\Microsoft SQL Server\110\DTS\Binn\;C:\Program Files\TortoiseSVN\bin;C:\Python34;C:\Program Files (x86)\Java\jre7\bin;C:\eclipse;
USERNAME=inacio
OS=Windows_NT
PROCESSOR_IDENTIFIER=Intel64 Family 6 Model 69 Stepping 1, GenuineIntel



---------------  S Y S T E M  ---------------

OS: Windows 8 , 64 bit Build 9200 

CPU:total 4 (2 cores per cpu, 2 threads per core) family 6 model 69 stepping 1, cmov, cx8, fxsr, mmx, sse, sse2, sse3, ssse3, sse4.1, sse4.2, popcnt, avx, avx2, aes, erms, ht, tsc, tscinvbit

Memory: 4k page, physical 8290700k(3963392k free), swap 9535884k(5093072k free)

vm_info: Java HotSpot(TM) Client VM (24.60-b09) for windows-x86 JRE (1.7.0_60-b19), built on May  7 2014 13:09:52 by "java_re" with unknown MS VC++:1600

time: Wed Jul 02 10:09:06 2014
elapsed time: 93 seconds

