#
# A fatal error has been detected by the Java Runtime Environment:
#
#  EXCEPTION_ACCESS_VIOLATION (0xc0000005) at pc=0x103e9052, pid=10476, tid=7420
#
# JRE version: Java(TM) SE Runtime Environment (7.0_60-b19) (build 1.7.0_60-b19)
# Java VM: Java HotSpot(TM) Client VM (24.60-b09 mixed mode, sharing windows-x86 )
# Problematic frame:
# C  [berkelium.dll+0xa39052]
#
# Failed to write core dump. Minidumps are not enabled by default on client versions of Windows
#
# If you would like to submit a bug report, please visit:
#   http://bugreport.sun.com/bugreport/crash.jsp
#

---------------  T H R E A D  ---------------

Current thread (0x023efc00):  VMThread [stack: 0x04640000,0x04690000] [id=7420]

siginfo: ExceptionCode=0xc0000005, reading address 0x000000f8

Registers:
EAX=0x0468f4a4, EBX=0x000493e0, ECX=0x0468f4a4, EDX=0x097d4d58
ESP=0x0468f494, EBP=0x00000088, ESI=0x00000000, EDI=0x1b5ef058
EIP=0x103e9052, EFLAGS=0x00010206

Top of Stack: (sp=0x0468f494)
0x0468f494:   07033168 07033168 06f8ab00 00000000
0x0468f4a4:   097d4d58 00000088 07023a20 0702e900
0x0468f4b4:   00000000 00000000 00000000 74616401
0x0468f4c4:   69642d61 072f0072 00000023 0000002f
0x0468f4d4:   00000000 06fb7070 002e5bf4 07033000
0x0468f4e4:   06f8ab44 ffffff00 0fa1bf20 11539778
0x0468f4f4:   06b00030 00000000 0000000f 1153a730
0x0468f504:   00000001 0fa19783 00000008 00000001 

Instructions: (pc=0x103e9052)
0x103e9032:   03 00 00 57 53 e8 f4 c8 60 ff 8b ea 8d 54 24 10
0x103e9042:   52 8b f8 e8 26 ca 00 00 83 c4 04 03 38 13 68 04
0x103e9052:   8b 86 f8 00 00 00 0b 86 fc 00 00 00 89 7c 24 20
0x103e9062:   89 6c 24 24 75 3e 39 84 24 d4 00 00 00 7f 35 7c 


Register to memory mapping:

EAX=
[error occurred during error reporting (printing register info), id 0xc0000005]

Stack: [0x04640000,0x04690000],  sp=0x0468f494,  free space=317k
Native frames: (J=compiled Java code, j=interpreted, Vv=VM code, C=native code)
C  [berkelium.dll+0xa39052]

[error occurred during error reporting (printing native stack), id 0xc0000005]

VM_Operation (0x05bfe4e0): Exit, mode: safepoint, requested by thread 0x0577a000


---------------  P R O C E S S  ---------------

Java Threads: ( => current thread )
  0x05ab6c00 JavaThread "Image Fetcher 0" daemon [_thread_blocked, id=11124, stack(0x07b40000,0x07b90000)]
  0x05ab5c00 JavaThread "WeakCollectionCleaner" daemon [_thread_blocked, id=9028, stack(0x09a70000,0x09ac0000)]
  0x05af9000 JavaThread "TimerQueue" daemon [_thread_blocked, id=7988, stack(0x07a20000,0x07a70000)]
  0x04b4f400 JavaThread "Image Fetcher 3" daemon [_thread_blocked, id=6848, stack(0x07950000,0x079a0000)]
  0x0234e000 JavaThread "DestroyJavaVM" [_thread_blocked, id=8156, stack(0x02280000,0x022d0000)]
  0x0577a000 JavaThread "AWT-EventQueue-0" [_thread_blocked, id=3912, stack(0x05bb0000,0x05c00000)]
  0x04c53400 JavaThread "AWT-Shutdown" [_thread_blocked, id=7864, stack(0x05280000,0x052d0000)]
  0x04c52800 JavaThread "Java2D Disposer" daemon [_thread_blocked, id=5848, stack(0x050b0000,0x05100000)]
  0x02469000 JavaThread "Service Thread" daemon [_thread_blocked, id=6460, stack(0x049a0000,0x049f0000)]
  0x02464c00 JavaThread "C1 CompilerThread0" daemon [_thread_blocked, id=10528, stack(0x04910000,0x04960000)]
  0x02463000 JavaThread "Attach Listener" daemon [_thread_blocked, id=7940, stack(0x04880000,0x048d0000)]
  0x02460c00 JavaThread "Signal Dispatcher" daemon [_thread_blocked, id=4516, stack(0x047f0000,0x04840000)]
  0x023f2800 JavaThread "Finalizer" daemon [_thread_blocked, id=10772, stack(0x04760000,0x047b0000)]
  0x023f1000 JavaThread "Reference Handler" daemon [_thread_blocked, id=5092, stack(0x046d0000,0x04720000)]

Other Threads:
=>0x023efc00 VMThread [stack: 0x04640000,0x04690000] [id=7420]

VM state:at safepoint (shutting down)

VM Mutex/Monitor currently owned by a thread:  ([mutex/lock_event])
[0x0234c4d0] Threads_lock - owner thread: 0x023efc00

Heap
 def new generation   total 13248K, used 8318K [0x24000000, 0x24e50000, 0x29550000)
  eden space 11840K,  70% used [0x24000000, 0x2481f858, 0x24b90000)
  from space 1408K,   0% used [0x24b90000, 0x24b90000, 0x24cf0000)
  to   space 1408K,   0% used [0x24cf0000, 0x24cf0000, 0x24e50000)
 tenured generation   total 29196K, used 17517K [0x29550000, 0x2b1d3000, 0x34000000)
   the space 29196K,  59% used [0x29550000, 0x2a66b458, 0x2a66b600, 0x2b1d3000)
 compacting perm gen  total 12288K, used 8559K [0x34000000, 0x34c00000, 0x38000000)
   the space 12288K,  69% used [0x34000000, 0x3485bef8, 0x3485c000, 0x34c00000)
    ro space 10240K,  42% used [0x38000000, 0x38434778, 0x38434800, 0x38a00000)
    rw space 12288K,  52% used [0x38a00000, 0x39049a68, 0x39049c00, 0x39600000)

Card table byte_map: [0x04550000,0x04600000] byte_map_base: 0x04430000

Polling page: 0x00af0000

Code Cache  [0x024d0000, 0x02680000, 0x044d0000)
 total_blobs=1006 nmethods=719 adapters=223 free_code_cache=31050Kb largest_free_block=31794368

Compilation events (10 events):
Event: 5.478 Thread 0x02464c00  722   !         sun.awt.AWTAutoShutdown::setToolkitBusy (124 bytes)
Event: 5.480 Thread 0x02464c00 nmethod 722 0x0267b848 code [0x0267b9c0, 0x0267bef4]
Event: 5.525 Thread 0x02464c00  723             java.awt.Toolkit$SelectiveAWTEventListener::eventDispatched (745 bytes)
Event: 5.528 Thread 0x02464c00 nmethod 723 0x0267c348 code [0x0267c480, 0x0267cd3c]
Event: 5.548 Thread 0x02464c00  724             java.security.AccessController::getContext (23 bytes)
Event: 5.549 Thread 0x02464c00 nmethod 724 0x0267d248 code [0x0267d360, 0x0267d458]
Event: 5.589 Thread 0x02464c00  726             java.awt.EventQueue::noEvents (29 bytes)
Event: 5.590 Thread 0x02464c00 nmethod 726 0x0267d508 code [0x0267d610, 0x0267d6f0]
Event: 5.846 Thread 0x02464c00  727             java.awt.Component::getCursor_NoClientCode (30 bytes)
Event: 5.846 Thread 0x02464c00 nmethod 727 0x0267d7c8 code [0x0267d8f0, 0x0267da24]

GC Heap History (10 events):
Event: 2.625 GC heap before
{Heap before GC invocations=9 (full 1):
 def new generation   total 9408K, used 9407K [0x24000000, 0x24a30000, 0x29550000)
  eden space 8384K, 100% used [0x24000000, 0x24830000, 0x24830000)
  from space 1024K,  99% used [0x24930000, 0x24a2fff8, 0x24a30000)
  to   space 1024K,   0% used [0x24830000, 0x24830000, 0x24930000)
 tenured generation   total 20724K, used 15775K [0x29550000, 0x2a98d000, 0x34000000)
   the space 20724K,  76% used [0x29550000, 0x2a4b7fe0, 0x2a4b8000, 0x2a98d000)
 compacting perm gen  total 12288K, used 7711K [0x34000000, 0x34c00000, 0x38000000)
   the space 12288K,  62% used [0x34000000, 0x34787c90, 0x34787e00, 0x34c00000)
    ro space 10240K,  42% used [0x38000000, 0x38434778, 0x38434800, 0x38a00000)
    rw space 12288K,  52% used [0x38a00000, 0x39049a68, 0x39049c00, 0x39600000)
Event: 2.634 GC heap after
Heap after GC invocations=10 (full 1):
 def new generation   total 9408K, used 1023K [0x24000000, 0x24a30000, 0x29550000)
  eden space 8384K,   0% used [0x24000000, 0x24000000, 0x24830000)
  from space 1024K,  99% used [0x24830000, 0x2492fff8, 0x24930000)
  to   space 1024K,   0% used [0x24930000, 0x24930000, 0x24a30000)
 tenured generation   total 20724K, used 17334K [0x29550000, 0x2a98d000, 0x34000000)
   the space 20724K,  83% used [0x29550000, 0x2a63d8b0, 0x2a63da00, 0x2a98d000)
 compacting perm gen  total 12288K, used 7711K [0x34000000, 0x34c00000, 0x38000000)
   the space 12288K,  62% used [0x34000000, 0x34787c90, 0x34787e00, 0x34c00000)
    ro space 10240K,  42% used [0x38000000, 0x38434778, 0x38434800, 0x38a00000)
    rw space 12288K,  52% used [0x38a00000, 0x39049a68, 0x39049c00, 0x39600000)
}
Event: 2.801 GC heap before
{Heap before GC invocations=10 (full 1):
 def new generation   total 9408K, used 9349K [0x24000000, 0x24a30000, 0x29550000)
  eden space 8384K,  99% used [0x24000000, 0x248214a0, 0x24830000)
  from space 1024K,  99% used [0x24830000, 0x2492fff8, 0x24930000)
  to   space 1024K,   0% used [0x24930000, 0x24930000, 0x24a30000)
 tenured generation   total 20724K, used 17334K [0x29550000, 0x2a98d000, 0x34000000)
   the space 20724K,  83% used [0x29550000, 0x2a63d8b0, 0x2a63da00, 0x2a98d000)
 compacting perm gen  total 12288K, used 8425K [0x34000000, 0x34c00000, 0x38000000)
   the space 12288K,  68% used [0x34000000, 0x3483a5d8, 0x3483a600, 0x34c00000)
    ro space 10240K,  42% used [0x38000000, 0x38434778, 0x38434800, 0x38a00000)
    rw space 12288K,  52% used [0x38a00000, 0x39049a68, 0x39049c00, 0x39600000)
Event: 2.808 GC heap after
Heap after GC invocations=11 (full 1):
 def new generation   total 9408K, used 1024K [0x24000000, 0x24a30000, 0x29550000)
  eden space 8384K,   0% used [0x24000000, 0x24000000, 0x24830000)
  from space 1024K, 100% used [0x24930000, 0x24a30000, 0x24a30000)
  to   space 1024K,   0% used [0x24830000, 0x24830000, 0x24930000)
 tenured generation   total 20724K, used 19110K [0x29550000, 0x2a98d000, 0x34000000)
   the space 20724K,  92% used [0x29550000, 0x2a7f9a38, 0x2a7f9c00, 0x2a98d000)
 compacting perm gen  total 12288K, used 8425K [0x34000000, 0x34c00000, 0x38000000)
   the space 12288K,  68% used [0x34000000, 0x3483a5d8, 0x3483a600, 0x34c00000)
    ro space 10240K,  42% used [0x38000000, 0x38434778, 0x38434800, 0x38a00000)
    rw space 12288K,  52% used [0x38a00000, 0x39049a68, 0x39049c00, 0x39600000)
}
Event: 2.885 GC heap before
{Heap before GC invocations=11 (full 1):
 def new generation   total 9408K, used 8367K [0x24000000, 0x24a30000, 0x29550000)
  eden space 8384K,  87% used [0x24000000, 0x2472be08, 0x24830000)
  from space 1024K, 100% used [0x24930000, 0x24a30000, 0x24a30000)
  to   space 1024K,   0% used [0x24830000, 0x24830000, 0x24930000)
 tenured generation   total 20724K, used 19110K [0x29550000, 0x2a98d000, 0x34000000)
   the space 20724K,  92% used [0x29550000, 0x2a7f9a38, 0x2a7f9c00, 0x2a98d000)
 compacting perm gen  total 12288K, used 8501K [0x34000000, 0x34c00000, 0x38000000)
   the space 12288K,  69% used [0x34000000, 0x3484d540, 0x3484d600, 0x34c00000)
    ro space 10240K,  42% used [0x38000000, 0x38434778, 0x38434800, 0x38a00000)
    rw space 12288K,  52% used [0x38a00000, 0x39049a68, 0x39049c00, 0x39600000)
Event: 2.939 GC heap after
Heap after GC invocations=12 (full 2):
 def new generation   total 9792K, used 0K [0x24000000, 0x24a90000, 0x29550000)
  eden space 8768K,   0% used [0x24000000, 0x24000000, 0x24890000)
  from space 1024K,   0% used [0x24890000, 0x24890000, 0x24990000)
  to   space 1024K,   0% used [0x24990000, 0x24990000, 0x24a90000)
 tenured generation   total 21480K, used 12887K [0x29550000, 0x2aa4a000, 0x34000000)
   the space 21480K,  59% used [0x29550000, 0x2a1e5c90, 0x2a1e5e00, 0x2aa4a000)
 compacting perm gen  total 12288K, used 8501K [0x34000000, 0x34c00000, 0x38000000)
   the space 12288K,  69% used [0x34000000, 0x3484d540, 0x3484d600, 0x34c00000)
    ro space 10240K,  42% used [0x38000000, 0x38434778, 0x38434800, 0x38a00000)
    rw space 12288K,  52% used [0x38a00000, 0x39049a68, 0x39049c00, 0x39600000)
}
Event: 2.940 GC heap before
{Heap before GC invocations=12 (full 2):
 def new generation   total 9792K, used 7569K [0x24000000, 0x24a90000, 0x29550000)
  eden space 8768K,  86% used [0x24000000, 0x24764790, 0x24890000)
  from space 1024K,   0% used [0x24890000, 0x24890000, 0x24990000)
  to   space 1024K,   0% used [0x24990000, 0x24990000, 0x24a90000)
 tenured generation   total 21480K, used 12887K [0x29550000, 0x2aa4a000, 0x34000000)
   the space 21480K,  59% used [0x29550000, 0x2a1e5c90, 0x2a1e5e00, 0x2aa4a000)
 compacting perm gen  total 12288K, used 8501K [0x34000000, 0x34c00000, 0x38000000)
   the space 12288K,  69% used [0x34000000, 0x3484d540, 0x3484d600, 0x34c00000)
    ro space 10240K,  42% used [0x38000000, 0x38434778, 0x38434800, 0x38a00000)
    rw space 12288K,  52% used [0x38a00000, 0x39049a68, 0x39049c00, 0x39600000)
Event: 2.942 GC heap after
Heap after GC invocations=13 (full 2):
 def new generation   total 9792K, used 15K [0x24000000, 0x24a90000, 0x29550000)
  eden space 8768K,   0% used [0x24000000, 0x24000000, 0x24890000)
  from space 1024K,   1% used [0x24990000, 0x24993e58, 0x24a90000)
  to   space 1024K,   0% used [0x24890000, 0x24890000, 0x24990000)
 tenured generation   total 21480K, used 20340K [0x29550000, 0x2aa4a000, 0x34000000)
   the space 21480K,  94% used [0x29550000, 0x2a92d208, 0x2a92d400, 0x2aa4a000)
 compacting perm gen  total 12288K, used 8501K [0x34000000, 0x34c00000, 0x38000000)
   the space 12288K,  69% used [0x34000000, 0x3484d540, 0x3484d600, 0x34c00000)
    ro space 10240K,  42% used [0x38000000, 0x38434778, 0x38434800, 0x38a00000)
    rw space 12288K,  52% used [0x38a00000, 0x39049a68, 0x39049c00, 0x39600000)
}
Event: 2.960 GC heap before
{Heap before GC invocations=13 (full 2):
 def new generation   total 9792K, used 7964K [0x24000000, 0x24a90000, 0x29550000)
  eden space 8768K,  90% used [0x24000000, 0x247c3450, 0x24890000)
  from space 1024K,   1% used [0x24990000, 0x24993e58, 0x24a90000)
  to   space 1024K,   0% used [0x24890000, 0x24890000, 0x24990000)
 tenured generation   total 21480K, used 20340K [0x29550000, 0x2aa4a000, 0x34000000)
   the space 21480K,  94% used [0x29550000, 0x2a92d208, 0x2a92d400, 0x2aa4a000)
 compacting perm gen  total 12288K, used 8501K [0x34000000, 0x34c00000, 0x38000000)
   the space 12288K,  69% used [0x34000000, 0x3484d540, 0x3484d600, 0x34c00000)
    ro space 10240K,  42% used [0x38000000, 0x38434778, 0x38434800, 0x38a00000)
    rw space 12288K,  52% used [0x38a00000, 0x39049a68, 0x39049c00, 0x39600000)
Event: 3.010 GC heap after
Heap after GC invocations=14 (full 3):
 def new generation   total 13248K, used 0K [0x24000000, 0x24e50000, 0x29550000)
  eden space 11840K,   0% used [0x24000000, 0x24000000, 0x24b90000)
  from space 1408K,   0% used [0x24b90000, 0x24b90000, 0x24cf0000)
  to   space 1408K,   0% used [0x24cf0000, 0x24cf0000, 0x24e50000)
 tenured generation   total 29196K, used 17517K [0x29550000, 0x2b1d3000, 0x34000000)
   the space 29196K,  59% used [0x29550000, 0x2a66b458, 0x2a66b600, 0x2b1d3000)
 compacting perm gen  total 12288K, used 8501K [0x34000000, 0x34c00000, 0x38000000)
   the space 12288K,  69% used [0x34000000, 0x3484d540, 0x3484d600, 0x34c00000)
    ro space 10240K,  42% used [0x38000000, 0x38434778, 0x38434800, 0x38a00000)
    rw space 12288K,  52% used [0x38a00000, 0x39049a68, 0x39049c00, 0x39600000)
}

Deoptimization events (0 events):
No events

Internal exceptions (10 events):
Event: 2.841 Thread 0x0577a000 Threw 0x241dcfd0 at C:\re\jdk7u60\1081\hotspot\src\share\vm\prims\jvm.cpp:1244
Event: 2.841 Thread 0x0577a000 Threw 0x241e4fe0 at C:\re\jdk7u60\1081\hotspot\src\share\vm\prims\jvm.cpp:1244
Event: 2.846 Thread 0x0577a000 Threw 0x241ecc80 at C:\re\jdk7u60\1081\hotspot\src\share\vm\prims\jvm.cpp:1244
Event: 2.852 Thread 0x0577a000 Threw 0x24217138 at C:\re\jdk7u60\1081\hotspot\src\share\vm\prims\jvm.cpp:1244
Event: 2.853 Thread 0x0577a000 Threw 0x2421ba88 at C:\re\jdk7u60\1081\hotspot\src\share\vm\prims\jvm.cpp:1244
Event: 2.861 Thread 0x0577a000 Threw 0x2421faf8 at C:\re\jdk7u60\1081\hotspot\src\share\vm\prims\jvm.cpp:1244
Event: 2.882 Thread 0x0577a000 Threw 0x242545d0 at C:\re\jdk7u60\1081\hotspot\src\share\vm\prims\jvm.cpp:1244
Event: 3.019 Thread 0x05ab8400 Threw 0x24421c00 at C:\re\jdk7u60\1081\hotspot\src\share\vm\prims\jvm.cpp:1244
Event: 3.020 Thread 0x05ab8400 Threw 0x244295a0 at C:\re\jdk7u60\1081\hotspot\src\share\vm\prims\jvm.cpp:1244
Event: 3.127 Thread 0x04b4f400 Threw 0x246ff7b0 at C:\re\jdk7u60\1081\hotspot\src\share\vm\prims\jvm.cpp:2917

Events (10 events):
Event: 6.157 loading class 0x39670c20
Event: 6.157 Thread 0x05ab7000 Thread exited: 0x05ab7000
Event: 6.157 loading class 0x39670bc8
Event: 6.158 loading class 0x39670bc8 done
Event: 6.158 loading class 0x39670c20 done
Event: 6.158 Thread 0x05ab6400 Thread exited: 0x05ab6400
Event: 6.158 Thread 0x05ab7800 Thread exited: 0x05ab7800
Event: 6.168 Thread 0x04c53c00 Thread exited: 0x04c53c00
Event: 6.259 Thread 0x05ab5800 Thread exited: 0x05ab5800
Event: 6.259 Executing VM operation: Exit


Dynamic libraries:
0x00a70000 - 0x00a9f000 	C:\Program Files (x86)\Java\jre7\bin\javaw.exe
0x76fe0000 - 0x77137000 	C:\Windows\SYSTEM32\ntdll.dll
0x74690000 - 0x747c0000 	C:\Windows\SYSTEM32\KERNEL32.DLL
0x76a80000 - 0x76b27000 	C:\Windows\SYSTEM32\KERNELBASE.dll
0x747c0000 - 0x7486e000 	C:\Windows\SYSTEM32\ADVAPI32.dll
0x764f0000 - 0x76606000 	C:\Windows\SYSTEM32\USER32.dll
0x73130000 - 0x73328000 	C:\Windows\WinSxS\x86_microsoft.windows.common-controls_6595b64144ccf1df_6.0.9200.16579_none_8937eec6860750f5\COMCTL32.dll
0x76000000 - 0x760b1000 	C:\Windows\SYSTEM32\msvcrt.dll
0x74870000 - 0x748a4000 	C:\Windows\SYSTEM32\sechost.dll
0x760c0000 - 0x7616c000 	C:\Windows\SYSTEM32\RPCRT4.dll
0x748b0000 - 0x749ad000 	C:\Windows\SYSTEM32\GDI32.dll
0x745d0000 - 0x745ed000 	C:\Windows\SYSTEM32\SspiCli.dll
0x745c0000 - 0x745c9000 	C:\Windows\SYSTEM32\CRYPTBASE.dll
0x74560000 - 0x745b1000 	C:\Windows\SYSTEM32\bcryptPrimitives.dll
0x762e0000 - 0x76300000 	C:\Windows\system32\IMM32.DLL
0x76680000 - 0x7675e000 	C:\Windows\SYSTEM32\MSCTF.dll
0x5e970000 - 0x5ea2f000 	C:\Program Files (x86)\Java\jre7\bin\msvcr100.dll
0x5e310000 - 0x5e698000 	C:\Program Files (x86)\Java\jre7\bin\client\jvm.dll
0x71c10000 - 0x71c18000 	C:\Windows\SYSTEM32\WSOCK32.dll
0x71fb0000 - 0x71fd1000 	C:\Windows\SYSTEM32\WINMM.dll
0x76300000 - 0x76306000 	C:\Windows\SYSTEM32\PSAPI.DLL
0x75f80000 - 0x75fd0000 	C:\Windows\SYSTEM32\WS2_32.dll
0x71c70000 - 0x71c9b000 	C:\Windows\SYSTEM32\WINMMBASE.dll
0x75ff0000 - 0x75ff8000 	C:\Windows\SYSTEM32\NSI.dll
0x76b30000 - 0x76b76000 	C:\Windows\SYSTEM32\cfgmgr32.dll
0x75f00000 - 0x75f1e000 	C:\Windows\SYSTEM32\DEVOBJ.dll
0x720a0000 - 0x720ac000 	C:\Program Files (x86)\Java\jre7\bin\verify.dll
0x70bb0000 - 0x70bd0000 	C:\Program Files (x86)\Java\jre7\bin\java.dll
0x70b90000 - 0x70ba3000 	C:\Program Files (x86)\Java\jre7\bin\zip.dll
0x6f490000 - 0x6f5d3000 	C:\Program Files (x86)\Java\jre7\bin\awt.dll
0x76c00000 - 0x76c8b000 	C:\Windows\SYSTEM32\OLEAUT32.dll
0x76de0000 - 0x76f16000 	C:\Windows\SYSTEM32\combase.dll
0x72dd0000 - 0x72e77000 	C:\Windows\system32\apphelp.dll
0x71a40000 - 0x71a59000 	C:\Windows\system32\DWMAPI.DLL
0x726b0000 - 0x72738000 	C:\Windows\system32\uxtheme.dll
0x76760000 - 0x76879000 	C:\Windows\SYSTEM32\ole32.dll
0x74da0000 - 0x75e66000 	C:\Windows\SYSTEM32\SHELL32.dll
0x75f40000 - 0x75f80000 	C:\Windows\SYSTEM32\SHLWAPI.dll
0x73330000 - 0x733a3000 	C:\Windows\SYSTEM32\shcore.dll
0x718b0000 - 0x718e9000 	C:\Program Files (x86)\Java\jre7\bin\fontmanager.dll
0x6f250000 - 0x6f264000 	C:\Program Files (x86)\Java\jre7\bin\net.dll
0x72e80000 - 0x72eca000 	C:\Windows\system32\mswsock.dll
0x718a0000 - 0x718af000 	C:\Program Files (x86)\Java\jre7\bin\nio.dll
0x706d0000 - 0x70700000 	C:\Program Files (x86)\Java\jre7\bin\t2k.dll
0x76b80000 - 0x76bf4000 	C:\Windows\SYSTEM32\clbcatq.dll
0x6a8a0000 - 0x6a9eb000 	C:\Windows\SYSTEM32\WindowsCodecs.dll
0x76dc0000 - 0x76dd1000 	C:\Windows\SYSTEM32\profapi.dll
0x68440000 - 0x68464000 	C:\Program Files (x86)\Java\jre7\bin\dcpr.dll
0x5e900000 - 0x5e96d000 	C:\binaries\terrajava.dll
0x5e220000 - 0x5e307000 	C:\binaries\terramanager-funcate.dll
0x59300000 - 0x59ba6000 	C:\binaries\terralib.dll
0x64af0000 - 0x64b59000 	C:\Windows\SYSTEM32\MSVCP100.dll
0x6d880000 - 0x6db4c000 	C:\binaries\bgd.dll
0x66b80000 - 0x66b9b000 	C:\binaries\terraogc_xml.dll
0x60460000 - 0x6047d000 	C:\binaries\terraogc_sld.dll
0x5f9a0000 - 0x5f9c6000 	C:\binaries\terraogc_se.dll
0x5e8c0000 - 0x5e8f6000 	C:\binaries\terraogc_filter.dll
0x5e1c0000 - 0x5e212000 	C:\binaries\terraogc_ows.dll
0x5f980000 - 0x5f999000 	C:\binaries\terraogc_common.dll
0x684c0000 - 0x684cb000 	C:\binaries\terralib_shp.dll
0x60450000 - 0x6045e000 	C:\binaries\terralib_spl.dll
0x06150000 - 0x06546000 	C:\binaries\qt-mt338.dll
0x613d0000 - 0x6149e000 	C:\Windows\SYSTEM32\OPENGL32.dll
0x613a0000 - 0x613c3000 	C:\Windows\SYSTEM32\GLU32.dll
0x5e140000 - 0x5e1bf000 	C:\binaries\qwt500.dll
0x0f9b0000 - 0x119af000 	C:\binaries\berkelium.dll
0x06550000 - 0x06691000 	C:\binaries\LIBMYSQL.dll
0x63100000 - 0x63121000 	C:\binaries\LIBPQ.dll
0x066a0000 - 0x06701000 	C:\binaries\OCI.dll
0x5da30000 - 0x5daba000 	C:\binaries\libtiff.dll
0x56580000 - 0x56d52000 	C:\binaries\gdal110.dll
0x12000000 - 0x121dc000 	C:\binaries\xerces-c_3_1.dll
0x592a0000 - 0x592f5000 	C:\binaries\terraogc_wms.dll
0x59240000 - 0x59293000 	C:\binaries\terraogc_gml.dll
0x5e0f0000 - 0x5e131000 	C:\binaries\terraogc_xsd.dll
0x5a810000 - 0x5a830000 	C:\binaries\terraogc_xacml.dll
0x71f30000 - 0x71f90000 	C:\Windows\SYSTEM32\WINSPOOL.DRV
0x7c340000 - 0x7c396000 	C:\Windows\SYSTEM32\MSVCR71.dll
0x608a0000 - 0x60979000 	C:\Windows\SYSTEM32\DDRAW.dll
0x727a0000 - 0x727a9000 	C:\Windows\SYSTEM32\Secur32.dll
0x75f20000 - 0x75f3b000 	C:\Windows\SYSTEM32\USERENV.dll
0x71520000 - 0x71570000 	C:\Windows\SYSTEM32\OLEACC.dll
0x54200000 - 0x54276000 	C:\Windows\SYSTEM32\RICHED20.dll
0x72ee0000 - 0x72ee8000 	C:\Windows\SYSTEM32\VERSION.dll
0x720b0000 - 0x720c4000 	C:\Windows\SYSTEM32\USP10.dll
0x72c50000 - 0x72cc5000 	C:\Windows\SYSTEM32\DNSAPI.dll
0x067b0000 - 0x0685a000 	C:\Windows\libeay32.dll
0x06860000 - 0x0686d000 	C:\binaries\libintl-2.dll
0x72ed0000 - 0x72ed6000 	C:\Windows\SYSTEM32\SHFOLDER.DLL
0x06870000 - 0x06896000 	C:\Windows\ssleay32.dll
0x068a0000 - 0x068c6000 	C:\binaries\libexpat.dll
0x60770000 - 0x60811000 	C:\Windows\SYSTEM32\ODBC32.dll
0x60760000 - 0x60767000 	C:\Windows\SYSTEM32\DCIMAN32.dll
0x663b0000 - 0x663db000 	C:\Windows\SYSTEM32\msls31.dll
0x06920000 - 0x069fb000 	C:\binaries\libiconv-2.dll
0x6f600000 - 0x6f61d000 	C:\Windows\SYSTEM32\gpapi.dll
0x74530000 - 0x74556000 	C:\Windows\SYSTEM32\ntmarta.dll
0x54e60000 - 0x55708000 	C:\binaries\icudt46.dll
0x53850000 - 0x53979000 	C:\Windows\SYSTEM32\dbghelp.dll
0x72040000 - 0x72050000 	C:\Windows\system32\napinsp.dll
0x72020000 - 0x72034000 	C:\Windows\system32\pnrpnsp.dll
0x72010000 - 0x72020000 	C:\Windows\system32\NLAapi.dll
0x72000000 - 0x72009000 	C:\Windows\System32\winrnr.dll
0x71ac0000 - 0x71ad0000 	C:\Windows\system32\wshbth.dll
0x726a0000 - 0x726a7000 	C:\Windows\System32\rasadhlp.dll
0x71c30000 - 0x71c6f000 	C:\Windows\System32\fwpuclnt.dll
0x72cd0000 - 0x72cf0000 	C:\Windows\SYSTEM32\IPHLPAPI.DLL
0x72c40000 - 0x72c48000 	C:\Windows\SYSTEM32\WINNSI.DLL
0x730d0000 - 0x730ea000 	C:\Windows\SYSTEM32\CRYPTSP.dll
0x73090000 - 0x730ce000 	C:\Windows\system32\rsaenh.dll
0x72c30000 - 0x72c40000 	C:\Windows\SYSTEM32\dhcpcsvc6.DLL
0x72c10000 - 0x72c22000 	C:\Windows\SYSTEM32\dhcpcsvc.DLL
0x59210000 - 0x59235000 	C:\Program Files (x86)\Java\jre7\bin\jpeg.dll

VM Arguments:
jvm_args: -Dfile.encoding=ISO-8859-1 
java_command: com.nexusbr.gv.main.ConnectDBMain
Launcher Type: SUN_STANDARD

Environment Variables:
JAVA_HOME=C:\Program Files (x86)\Java\jre7
PATH=C:/Program Files (x86)/Java/jre7/bin/client;C:/Program Files (x86)/Java/jre7/bin;C:/Program Files (x86)/Java/jre7/lib/i386;C:\Program Files (x86)\PHP\;c:\Program Files (x86)\Intel\iCLS Client\;c:\Program Files\Intel\iCLS Client\;C:\Windows\system32;C:\Windows;C:\Windows\System32\Wbem;C:\Windows\System32\WindowsPowerShell\v1.0\;C:\Program Files\Intel\Intel(R) Management Engine Components\DAL;C:\Program Files\Intel\Intel(R) Management Engine Components\IPT;C:\Program Files (x86)\Intel\Intel(R) Management Engine Components\DAL;C:\Program Files (x86)\Intel\Intel(R) Management Engine Components\IPT;C:\Program Files (x86)\Intel\OpenCL SDK\3.0\bin\x86;C:\Program Files (x86)\Intel\OpenCL SDK\3.0\bin\x64;C:\Program Files (x86)\Windows Live\Shared;C:\binaries;c:\Program Files (x86)\Microsoft SQL Server\100\Tools\Binn\;c:\Program Files\Microsoft SQL Server\100\Tools\Binn\;c:\Program Files\Microsoft SQL Server\100\DTS\Binn\;C:\strawberry\c\bin;C:\strawberry\perl\site\bin;C:\strawberry\perl\bin;C:\Program Files (x86)\Microsoft SQL Server\110\Tools\Binn\ManagementStudio\;C:\Program Files (x86)\Microsoft SQL Server\110\Tools\Binn\;C:\Program Files\Microsoft SQL Server\110\Tools\Binn\;C:\Program Files (x86)\Microsoft SQL Server\110\DTS\Binn\;C:\Program Files\TortoiseSVN\bin;C:\Python34;C:\Program Files (x86)\Java\jre7\bin;C:\eclipse;
USERNAME=inacio
OS=Windows_NT
PROCESSOR_IDENTIFIER=Intel64 Family 6 Model 69 Stepping 1, GenuineIntel



---------------  S Y S T E M  ---------------

OS: Windows 8 , 64 bit Build 9200 

CPU:total 4 (2 cores per cpu, 2 threads per core) family 6 model 69 stepping 1, cmov, cx8, fxsr, mmx, sse, sse2, sse3, ssse3, sse4.1, sse4.2, popcnt, avx, avx2, aes, erms, ht, tsc, tscinvbit

Memory: 4k page, physical 8290700k(2405052k free), swap 9535884k(3528256k free)

vm_info: Java HotSpot(TM) Client VM (24.60-b09) for windows-x86 JRE (1.7.0_60-b19), built on May  7 2014 13:09:52 by "java_re" with unknown MS VC++:1600

time: Fri Jul 04 10:10:23 2014
elapsed time: 6 seconds

