#
# A fatal error has been detected by the Java Runtime Environment:
#
#  EXCEPTION_ACCESS_VIOLATION (0xc0000005) at pc=0x0fbc9052, pid=8552, tid=5996
#
# JRE version: Java(TM) SE Runtime Environment (7.0_60-b19) (build 1.7.0_60-b19)
# Java VM: Java HotSpot(TM) Client VM (24.60-b09 mixed mode, sharing windows-x86 )
# Problematic frame:
# C  [berkelium.dll+0xa39052]
#
# Failed to write core dump. Minidumps are not enabled by default on client versions of Windows
#
# If you would like to submit a bug report, please visit:
#   http://bugreport.sun.com/bugreport/crash.jsp
#

---------------  T H R E A D  ---------------

Current thread (0x026efc00):  VMThread [stack: 0x010e0000,0x01130000] [id=5996]

siginfo: ExceptionCode=0xc0000005, reading address 0x000000f8

Registers:
EAX=0x0112f714, EBX=0x000493e0, ECX=0x0112f714, EDX=0x5419f6e0
ESP=0x0112f704, EBP=0x00000088, ESI=0x00000000, EDI=0x65fb99e0
EIP=0x0fbc9052, EFLAGS=0x00010206

Top of Stack: (sp=0x0112f704)
0x0112f704:   07332168 07332168 0728ab00 00000000
0x0112f714:   5419f6e0 00000088 07323a20 0732e900
0x0112f724:   00000000 00000000 00000000 74616401
0x0112f734:   69642d61 075e0072 00000023 0000002f
0x0112f744:   00000000 072b7070 002e5bf4 07332000
0x0112f754:   0728ab44 ffffff00 0f1fbf20 10d19778
0x0112f764:   06e00030 00000000 0000000f 10d1a730
0x0112f774:   00000001 0f1f9783 00000008 00000001 

Instructions: (pc=0x0fbc9052)
0x0fbc9032:   03 00 00 57 53 e8 f4 c8 60 ff 8b ea 8d 54 24 10
0x0fbc9042:   52 8b f8 e8 26 ca 00 00 83 c4 04 03 38 13 68 04
0x0fbc9052:   8b 86 f8 00 00 00 0b 86 fc 00 00 00 89 7c 24 20
0x0fbc9062:   89 6c 24 24 75 3e 39 84 24 d4 00 00 00 7f 35 7c 


Register to memory mapping:

EAX=
[error occurred during error reporting (printing register info), id 0xc0000005]

Stack: [0x010e0000,0x01130000],  sp=0x0112f704,  free space=317k
Native frames: (J=compiled Java code, j=interpreted, Vv=VM code, C=native code)
C  [berkelium.dll+0xa39052]

[error occurred during error reporting (printing native stack), id 0xc0000005]

VM_Operation (0x05f0e720): Exit, mode: safepoint, requested by thread 0x05a86400


---------------  P R O C E S S  ---------------

Java Threads: ( => current thread )
  0x05e30400 JavaThread "WeakCollectionCleaner" daemon [_thread_blocked, id=7664, stack(0x07e30000,0x07e80000)]
  0x05de1000 JavaThread "TimerQueue" daemon [_thread_blocked, id=11240, stack(0x07d10000,0x07d60000)]
  0x04e41000 JavaThread "Image Fetcher 3" daemon [_thread_blocked, id=9752, stack(0x07c40000,0x07c90000)]
  0x027fe000 JavaThread "DestroyJavaVM" [_thread_blocked, id=10812, stack(0x00d60000,0x00db0000)]
  0x05a86400 JavaThread "AWT-EventQueue-0" [_thread_blocked, id=7204, stack(0x05ec0000,0x05f10000)]
  0x04f5fc00 JavaThread "AWT-Shutdown" [_thread_blocked, id=5508, stack(0x05590000,0x055e0000)]
  0x04f5ec00 JavaThread "Java2D Disposer" daemon [_thread_blocked, id=7152, stack(0x05500000,0x05550000)]
  0x0276b800 JavaThread "Service Thread" daemon [_thread_blocked, id=6224, stack(0x04ca0000,0x04cf0000)]
  0x02764800 JavaThread "C1 CompilerThread0" daemon [_thread_blocked, id=5524, stack(0x04c10000,0x04c60000)]
  0x02762c00 JavaThread "Attach Listener" daemon [_thread_blocked, id=10860, stack(0x04b80000,0x04bd0000)]
  0x02761c00 JavaThread "Signal Dispatcher" daemon [_thread_blocked, id=11112, stack(0x04af0000,0x04b40000)]
  0x026f2800 JavaThread "Finalizer" daemon [_thread_blocked, id=10704, stack(0x04a60000,0x04ab0000)]
  0x026f1000 JavaThread "Reference Handler" daemon [_thread_blocked, id=7008, stack(0x049d0000,0x04a20000)]

Other Threads:
=>0x026efc00 VMThread [stack: 0x010e0000,0x01130000] [id=5996]

VM state:at safepoint (shutting down)

VM Mutex/Monitor currently owned by a thread:  ([mutex/lock_event])
[0x027fc5a0] Threads_lock - owner thread: 0x026efc00

Heap
 def new generation   total 14784K, used 5709K [0x24000000, 0x25000000, 0x29550000)
  eden space 13184K,  43% used [0x24000000, 0x24593510, 0x24ce0000)
  from space 1600K,   0% used [0x24ce0000, 0x24ce0000, 0x24e70000)
  to   space 1600K,   0% used [0x24e70000, 0x24e70000, 0x25000000)
 tenured generation   total 32668K, used 19598K [0x29550000, 0x2b537000, 0x34000000)
   the space 32668K,  59% used [0x29550000, 0x2a873bc0, 0x2a873c00, 0x2b537000)
 compacting perm gen  total 12288K, used 8571K [0x34000000, 0x34c00000, 0x38000000)
   the space 12288K,  69% used [0x34000000, 0x3485ef78, 0x3485f000, 0x34c00000)
    ro space 10240K,  42% used [0x38000000, 0x38434778, 0x38434800, 0x38a00000)
    rw space 12288K,  52% used [0x38a00000, 0x39049a68, 0x39049c00, 0x39600000)

Card table byte_map: [0x04880000,0x04930000] byte_map_base: 0x04760000

Polling page: 0x00c70000

Code Cache  [0x02800000, 0x029b0000, 0x04800000)
 total_blobs=993 nmethods=706 adapters=223 free_code_cache=31068Kb largest_free_block=31813248

Compilation events (10 events):
Event: 6.281 Thread 0x02764800  710   !         java.awt.Container::getMouseEventTargetImpl (255 bytes)
Event: 6.284 Thread 0x02764800 nmethod 710 0x029a7108 code [0x029a72b0, 0x029a7974]
Event: 6.306 Thread 0x02764800  711  s          java.awt.KeyboardFocusManager::getCurrentKeyboardFocusManager (34 bytes)
Event: 6.307 Thread 0x02764800 nmethod 711 0x029a7fc8 code [0x029a80f0, 0x029a8384]
Event: 6.314 Thread 0x02764800  712             java.awt.KeyboardFocusManager::getCurrentKeyboardFocusManager (7 bytes)
Event: 6.315 Thread 0x02764800 nmethod 712 0x029a84c8 code [0x029a8600, 0x029a88e0]
Event: 6.321 Thread 0x02764800  713             sun.awt.AWTAutoShutdown::isReadyToShutdown (35 bytes)
Event: 6.322 Thread 0x02764800 nmethod 713 0x029a8b48 code [0x029a8c60, 0x029a8d58]
Event: 6.522 Thread 0x02764800  714             java.awt.EventQueue::getNextEventPrivate (76 bytes)
Event: 6.523 Thread 0x02764800 nmethod 714 0x029a8dc8 code [0x029a8ee0, 0x029a901c]

GC Heap History (10 events):
Event: 3.068 GC heap before
{Heap before GC invocations=9 (full 1):
 def new generation   total 9408K, used 9222K [0x24000000, 0x24a30000, 0x29550000)
  eden space 8384K,  97% used [0x24000000, 0x24801850, 0x24830000)
  from space 1024K, 100% used [0x24930000, 0x24a30000, 0x24a30000)
  to   space 1024K,   0% used [0x24830000, 0x24830000, 0x24930000)
 tenured generation   total 20736K, used 15758K [0x29550000, 0x2a990000, 0x34000000)
   the space 20736K,  75% used [0x29550000, 0x2a4b3870, 0x2a4b3a00, 0x2a990000)
 compacting perm gen  total 12288K, used 7629K [0x34000000, 0x34c00000, 0x38000000)
   the space 12288K,  62% used [0x34000000, 0x34773510, 0x34773600, 0x34c00000)
    ro space 10240K,  42% used [0x38000000, 0x38434778, 0x38434800, 0x38a00000)
    rw space 12288K,  52% used [0x38a00000, 0x39049a68, 0x39049c00, 0x39600000)
Event: 3.078 GC heap after
Heap after GC invocations=10 (full 1):
 def new generation   total 9408K, used 1023K [0x24000000, 0x24a30000, 0x29550000)
  eden space 8384K,   0% used [0x24000000, 0x24000000, 0x24830000)
  from space 1024K,  99% used [0x24830000, 0x2492fff8, 0x24930000)
  to   space 1024K,   0% used [0x24930000, 0x24930000, 0x24a30000)
 tenured generation   total 20736K, used 17282K [0x29550000, 0x2a990000, 0x34000000)
   the space 20736K,  83% used [0x29550000, 0x2a6309c0, 0x2a630a00, 0x2a990000)
 compacting perm gen  total 12288K, used 7629K [0x34000000, 0x34c00000, 0x38000000)
   the space 12288K,  62% used [0x34000000, 0x34773510, 0x34773600, 0x34c00000)
    ro space 10240K,  42% used [0x38000000, 0x38434778, 0x38434800, 0x38a00000)
    rw space 12288K,  52% used [0x38a00000, 0x39049a68, 0x39049c00, 0x39600000)
}
Event: 3.279 GC heap before
{Heap before GC invocations=10 (full 1):
 def new generation   total 9408K, used 9407K [0x24000000, 0x24a30000, 0x29550000)
  eden space 8384K, 100% used [0x24000000, 0x24830000, 0x24830000)
  from space 1024K,  99% used [0x24830000, 0x2492fff8, 0x24930000)
  to   space 1024K,   0% used [0x24930000, 0x24930000, 0x24a30000)
 tenured generation   total 20736K, used 17282K [0x29550000, 0x2a990000, 0x34000000)
   the space 20736K,  83% used [0x29550000, 0x2a6309c0, 0x2a630a00, 0x2a990000)
 compacting perm gen  total 12288K, used 8100K [0x34000000, 0x34c00000, 0x38000000)
   the space 12288K,  65% used [0x34000000, 0x347e9348, 0x347e9400, 0x34c00000)
    ro space 10240K,  42% used [0x38000000, 0x38434778, 0x38434800, 0x38a00000)
    rw space 12288K,  52% used [0x38a00000, 0x39049a68, 0x39049c00, 0x39600000)
Event: 3.284 GC heap after
Heap after GC invocations=11 (full 1):
 def new generation   total 9408K, used 1024K [0x24000000, 0x24a30000, 0x29550000)
  eden space 8384K,   0% used [0x24000000, 0x24000000, 0x24830000)
  from space 1024K, 100% used [0x24930000, 0x24a30000, 0x24a30000)
  to   space 1024K,   0% used [0x24830000, 0x24830000, 0x24930000)
 tenured generation   total 20736K, used 19723K [0x29550000, 0x2a990000, 0x34000000)
   the space 20736K,  95% used [0x29550000, 0x2a892f10, 0x2a893000, 0x2a990000)
 compacting perm gen  total 12288K, used 8100K [0x34000000, 0x34c00000, 0x38000000)
   the space 12288K,  65% used [0x34000000, 0x347e9348, 0x347e9400, 0x34c00000)
    ro space 10240K,  42% used [0x38000000, 0x38434778, 0x38434800, 0x38a00000)
    rw space 12288K,  52% used [0x38a00000, 0x39049a68, 0x39049c00, 0x39600000)
}
Event: 3.347 GC heap before
{Heap before GC invocations=11 (full 1):
 def new generation   total 9408K, used 8711K [0x24000000, 0x24a30000, 0x29550000)
  eden space 8384K,  91% used [0x24000000, 0x24781f78, 0x24830000)
  from space 1024K, 100% used [0x24930000, 0x24a30000, 0x24a30000)
  to   space 1024K,   0% used [0x24830000, 0x24830000, 0x24930000)
 tenured generation   total 20736K, used 19723K [0x29550000, 0x2a990000, 0x34000000)
   the space 20736K,  95% used [0x29550000, 0x2a892f10, 0x2a893000, 0x2a990000)
 compacting perm gen  total 12288K, used 8509K [0x34000000, 0x34c00000, 0x38000000)
   the space 12288K,  69% used [0x34000000, 0x3484f7f8, 0x3484f800, 0x34c00000)
    ro space 10240K,  42% used [0x38000000, 0x38434778, 0x38434800, 0x38a00000)
    rw space 12288K,  52% used [0x38a00000, 0x39049a68, 0x39049c00, 0x39600000)
Event: 3.396 GC heap after
Heap after GC invocations=12 (full 2):
 def new generation   total 10944K, used 0K [0x24000000, 0x24bd0000, 0x29550000)
  eden space 9792K,   0% used [0x24000000, 0x24000000, 0x24990000)
  from space 1152K,   0% used [0x24990000, 0x24990000, 0x24ab0000)
  to   space 1152K,   0% used [0x24ab0000, 0x24ab0000, 0x24bd0000)
 tenured generation   total 24104K, used 14460K [0x29550000, 0x2acda000, 0x34000000)
   the space 24104K,  59% used [0x29550000, 0x2a36f2c0, 0x2a36f400, 0x2acda000)
 compacting perm gen  total 12288K, used 8509K [0x34000000, 0x34c00000, 0x38000000)
   the space 12288K,  69% used [0x34000000, 0x3484f7f8, 0x3484f800, 0x34c00000)
    ro space 10240K,  42% used [0x38000000, 0x38434778, 0x38434800, 0x38a00000)
    rw space 12288K,  52% used [0x38a00000, 0x39049a68, 0x39049c00, 0x39600000)
}
Event: 3.411 GC heap before
{Heap before GC invocations=12 (full 2):
 def new generation   total 10944K, used 8564K [0x24000000, 0x24bd0000, 0x29550000)
  eden space 9792K,  87% used [0x24000000, 0x2485d0b0, 0x24990000)
  from space 1152K,   0% used [0x24990000, 0x24990000, 0x24ab0000)
  to   space 1152K,   0% used [0x24ab0000, 0x24ab0000, 0x24bd0000)
 tenured generation   total 24104K, used 14460K [0x29550000, 0x2acda000, 0x34000000)
   the space 24104K,  59% used [0x29550000, 0x2a36f2c0, 0x2a36f400, 0x2acda000)
 compacting perm gen  total 12288K, used 8518K [0x34000000, 0x34c00000, 0x38000000)
   the space 12288K,  69% used [0x34000000, 0x34851bf8, 0x34851c00, 0x34c00000)
    ro space 10240K,  42% used [0x38000000, 0x38434778, 0x38434800, 0x38a00000)
    rw space 12288K,  52% used [0x38a00000, 0x39049a68, 0x39049c00, 0x39600000)
Event: 3.413 GC heap after
Heap after GC invocations=13 (full 2):
 def new generation   total 10944K, used 997K [0x24000000, 0x24bd0000, 0x29550000)
  eden space 9792K,   0% used [0x24000000, 0x24000000, 0x24990000)
  from space 1152K,  86% used [0x24ab0000, 0x24ba9470, 0x24bd0000)
  to   space 1152K,   0% used [0x24990000, 0x24990000, 0x24ab0000)
 tenured generation   total 24104K, used 21914K [0x29550000, 0x2acda000, 0x34000000)
   the space 24104K,  90% used [0x29550000, 0x2aab6838, 0x2aab6a00, 0x2acda000)
 compacting perm gen  total 12288K, used 8518K [0x34000000, 0x34c00000, 0x38000000)
   the space 12288K,  69% used [0x34000000, 0x34851bf8, 0x34851c00, 0x34c00000)
    ro space 10240K,  42% used [0x38000000, 0x38434778, 0x38434800, 0x38a00000)
    rw space 12288K,  52% used [0x38a00000, 0x39049a68, 0x39049c00, 0x39600000)
}
Event: 3.429 GC heap before
{Heap before GC invocations=13 (full 2):
 def new generation   total 10944K, used 10404K [0x24000000, 0x24bd0000, 0x29550000)
  eden space 9792K,  96% used [0x24000000, 0x2492fbd8, 0x24990000)
  from space 1152K,  86% used [0x24ab0000, 0x24ba9470, 0x24bd0000)
  to   space 1152K,   0% used [0x24990000, 0x24990000, 0x24ab0000)
 tenured generation   total 24104K, used 21914K [0x29550000, 0x2acda000, 0x34000000)
   the space 24104K,  90% used [0x29550000, 0x2aab6838, 0x2aab6a00, 0x2acda000)
 compacting perm gen  total 12288K, used 8518K [0x34000000, 0x34c00000, 0x38000000)
   the space 12288K,  69% used [0x34000000, 0x34851bf8, 0x34851c00, 0x34c00000)
    ro space 10240K,  42% used [0x38000000, 0x38434778, 0x38434800, 0x38a00000)
    rw space 12288K,  52% used [0x38a00000, 0x39049a68, 0x39049c00, 0x39600000)
Event: 3.468 GC heap after
Heap after GC invocations=14 (full 3):
 def new generation   total 14784K, used 0K [0x24000000, 0x25000000, 0x29550000)
  eden space 13184K,   0% used [0x24000000, 0x24000000, 0x24ce0000)
  from space 1600K,   0% used [0x24ce0000, 0x24ce0000, 0x24e70000)
  to   space 1600K,   0% used [0x24e70000, 0x24e70000, 0x25000000)
 tenured generation   total 32668K, used 19598K [0x29550000, 0x2b537000, 0x34000000)
   the space 32668K,  59% used [0x29550000, 0x2a873bc0, 0x2a873c00, 0x2b537000)
 compacting perm gen  total 12288K, used 8518K [0x34000000, 0x34c00000, 0x38000000)
   the space 12288K,  69% used [0x34000000, 0x34851bf8, 0x34851c00, 0x34c00000)
    ro space 10240K,  42% used [0x38000000, 0x38434778, 0x38434800, 0x38a00000)
    rw space 12288K,  52% used [0x38a00000, 0x39049a68, 0x39049c00, 0x39600000)
}

Deoptimization events (0 events):
No events

Internal exceptions (10 events):
Event: 3.332 Thread 0x05e31c00 Threw 0x242faf28 at C:\re\jdk7u60\1081\hotspot\src\share\vm\prims\jvm.cpp:1244
Event: 3.333 Thread 0x05a86400 Threw 0x24326020 at C:\re\jdk7u60\1081\hotspot\src\share\vm\prims\jvm.cpp:1244
Event: 3.333 Thread 0x05e31c00 Threw 0x2431ac60 at C:\re\jdk7u60\1081\hotspot\src\share\vm\prims\jvm.cpp:1244
Event: 3.333 Thread 0x05e31c00 Threw 0x243200f0 at C:\re\jdk7u60\1081\hotspot\src\share\vm\prims\jvm.cpp:1244
Event: 3.334 Thread 0x05a86400 Threw 0x2432de08 at C:\re\jdk7u60\1081\hotspot\src\share\vm\prims\jvm.cpp:1244
Event: 3.334 Thread 0x05e31c00 Threw 0x24344258 at C:\re\jdk7u60\1081\hotspot\src\share\vm\prims\jvm.cpp:1244
Event: 3.338 Thread 0x05a86400 Threw 0x2436d0d8 at C:\re\jdk7u60\1081\hotspot\src\share\vm\prims\jvm.cpp:1244
Event: 3.339 Thread 0x05a86400 Threw 0x24371a38 at C:\re\jdk7u60\1081\hotspot\src\share\vm\prims\jvm.cpp:1244
Event: 3.341 Thread 0x05a86400 Threw 0x24375aa8 at C:\re\jdk7u60\1081\hotspot\src\share\vm\prims\jvm.cpp:1244
Event: 3.408 Thread 0x05a86400 Threw 0x24101bf8 at C:\re\jdk7u60\1081\hotspot\src\share\vm\prims\jvm.cpp:1244

Events (10 events):
Event: 6.753 loading class 0x39670c20
Event: 6.753 loading class 0x39670bc8
Event: 6.753 loading class 0x39670bc8 done
Event: 6.754 loading class 0x39670c20 done
Event: 6.754 Thread 0x05e2e400 Thread exited: 0x05e2e400
Event: 6.754 Thread 0x05e30c00 Thread exited: 0x05e30c00
Event: 6.754 Thread 0x05e31c00 Thread exited: 0x05e31c00
Event: 6.774 Thread 0x04f60400 Thread exited: 0x04f60400
Event: 6.855 Thread 0x05e31000 Thread exited: 0x05e31000
Event: 6.855 Executing VM operation: Exit


Dynamic libraries:
0x00a70000 - 0x00a9f000 	C:\Program Files (x86)\Java\jre7\bin\javaw.exe
0x76fe0000 - 0x77137000 	C:\Windows\SYSTEM32\ntdll.dll
0x74690000 - 0x747c0000 	C:\Windows\SYSTEM32\KERNEL32.DLL
0x76a80000 - 0x76b27000 	C:\Windows\SYSTEM32\KERNELBASE.dll
0x747c0000 - 0x7486e000 	C:\Windows\SYSTEM32\ADVAPI32.dll
0x764f0000 - 0x76606000 	C:\Windows\SYSTEM32\USER32.dll
0x73130000 - 0x73328000 	C:\Windows\WinSxS\x86_microsoft.windows.common-controls_6595b64144ccf1df_6.0.9200.16579_none_8937eec6860750f5\COMCTL32.dll
0x76000000 - 0x760b1000 	C:\Windows\SYSTEM32\msvcrt.dll
0x74870000 - 0x748a4000 	C:\Windows\SYSTEM32\sechost.dll
0x760c0000 - 0x7616c000 	C:\Windows\SYSTEM32\RPCRT4.dll
0x748b0000 - 0x749ad000 	C:\Windows\SYSTEM32\GDI32.dll
0x745d0000 - 0x745ed000 	C:\Windows\SYSTEM32\SspiCli.dll
0x745c0000 - 0x745c9000 	C:\Windows\SYSTEM32\CRYPTBASE.dll
0x74560000 - 0x745b1000 	C:\Windows\SYSTEM32\bcryptPrimitives.dll
0x762e0000 - 0x76300000 	C:\Windows\system32\IMM32.DLL
0x76680000 - 0x7675e000 	C:\Windows\SYSTEM32\MSCTF.dll
0x5e970000 - 0x5ea2f000 	C:\Program Files (x86)\Java\jre7\bin\msvcr100.dll
0x5e310000 - 0x5e698000 	C:\Program Files (x86)\Java\jre7\bin\client\jvm.dll
0x71c10000 - 0x71c18000 	C:\Windows\SYSTEM32\WSOCK32.dll
0x71fb0000 - 0x71fd1000 	C:\Windows\SYSTEM32\WINMM.dll
0x76300000 - 0x76306000 	C:\Windows\SYSTEM32\PSAPI.DLL
0x75f80000 - 0x75fd0000 	C:\Windows\SYSTEM32\WS2_32.dll
0x71c70000 - 0x71c9b000 	C:\Windows\SYSTEM32\WINMMBASE.dll
0x75ff0000 - 0x75ff8000 	C:\Windows\SYSTEM32\NSI.dll
0x76b30000 - 0x76b76000 	C:\Windows\SYSTEM32\cfgmgr32.dll
0x75f00000 - 0x75f1e000 	C:\Windows\SYSTEM32\DEVOBJ.dll
0x720a0000 - 0x720ac000 	C:\Program Files (x86)\Java\jre7\bin\verify.dll
0x70bb0000 - 0x70bd0000 	C:\Program Files (x86)\Java\jre7\bin\java.dll
0x70b90000 - 0x70ba3000 	C:\Program Files (x86)\Java\jre7\bin\zip.dll
0x6f490000 - 0x6f5d3000 	C:\Program Files (x86)\Java\jre7\bin\awt.dll
0x76c00000 - 0x76c8b000 	C:\Windows\SYSTEM32\OLEAUT32.dll
0x76de0000 - 0x76f16000 	C:\Windows\SYSTEM32\combase.dll
0x72dd0000 - 0x72e77000 	C:\Windows\system32\apphelp.dll
0x71a40000 - 0x71a59000 	C:\Windows\system32\DWMAPI.DLL
0x726b0000 - 0x72738000 	C:\Windows\system32\uxtheme.dll
0x76760000 - 0x76879000 	C:\Windows\SYSTEM32\ole32.dll
0x74da0000 - 0x75e66000 	C:\Windows\SYSTEM32\SHELL32.dll
0x75f40000 - 0x75f80000 	C:\Windows\SYSTEM32\SHLWAPI.dll
0x73330000 - 0x733a3000 	C:\Windows\SYSTEM32\shcore.dll
0x6f260000 - 0x6f299000 	C:\Program Files (x86)\Java\jre7\bin\fontmanager.dll
0x718d0000 - 0x718e4000 	C:\Program Files (x86)\Java\jre7\bin\net.dll
0x72e80000 - 0x72eca000 	C:\Windows\system32\mswsock.dll
0x718c0000 - 0x718cf000 	C:\Program Files (x86)\Java\jre7\bin\nio.dll
0x6f230000 - 0x6f260000 	C:\Program Files (x86)\Java\jre7\bin\t2k.dll
0x76b80000 - 0x76bf4000 	C:\Windows\SYSTEM32\clbcatq.dll
0x6a8a0000 - 0x6a9eb000 	C:\Windows\SYSTEM32\WindowsCodecs.dll
0x76dc0000 - 0x76dd1000 	C:\Windows\SYSTEM32\profapi.dll
0x60450000 - 0x60474000 	C:\Program Files (x86)\Java\jre7\bin\dcpr.dll
0x5e900000 - 0x5e96d000 	C:\binaries\terrajava.dll
0x5e220000 - 0x5e307000 	C:\binaries\terramanager-funcate.dll
0x59300000 - 0x59ba6000 	C:\binaries\terralib.dll
0x64af0000 - 0x64b59000 	C:\Windows\SYSTEM32\MSVCP100.dll
0x6d880000 - 0x6db4c000 	C:\binaries\bgd.dll
0x66b80000 - 0x66b9b000 	C:\binaries\terraogc_xml.dll
0x5f9b0000 - 0x5f9cd000 	C:\binaries\terraogc_sld.dll
0x5f980000 - 0x5f9a6000 	C:\binaries\terraogc_se.dll
0x5e8c0000 - 0x5e8f6000 	C:\binaries\terraogc_filter.dll
0x5e1c0000 - 0x5e212000 	C:\binaries\terraogc_ows.dll
0x5e1a0000 - 0x5e1b9000 	C:\binaries\terraogc_common.dll
0x71870000 - 0x7187b000 	C:\binaries\terralib_shp.dll
0x706d0000 - 0x706de000 	C:\binaries\terralib_spl.dll
0x06450000 - 0x06846000 	C:\binaries\qt-mt338.dll
0x613d0000 - 0x6149e000 	C:\Windows\SYSTEM32\OPENGL32.dll
0x613a0000 - 0x613c3000 	C:\Windows\SYSTEM32\GLU32.dll
0x5e120000 - 0x5e19f000 	C:\binaries\qwt500.dll
0x0f190000 - 0x1118f000 	C:\binaries\berkelium.dll
0x06850000 - 0x06991000 	C:\binaries\LIBMYSQL.dll
0x63100000 - 0x63121000 	C:\binaries\LIBPQ.dll
0x069a0000 - 0x06a01000 	C:\binaries\OCI.dll
0x5da30000 - 0x5daba000 	C:\binaries\libtiff.dll
0x56580000 - 0x56d52000 	C:\binaries\gdal110.dll
0x12000000 - 0x121dc000 	C:\binaries\xerces-c_3_1.dll
0x592a0000 - 0x592f5000 	C:\binaries\terraogc_wms.dll
0x59240000 - 0x59293000 	C:\binaries\terraogc_gml.dll
0x591f0000 - 0x59231000 	C:\binaries\terraogc_xsd.dll
0x5e100000 - 0x5e120000 	C:\binaries\terraogc_xacml.dll
0x71f30000 - 0x71f90000 	C:\Windows\SYSTEM32\WINSPOOL.DRV
0x7c340000 - 0x7c396000 	C:\Windows\SYSTEM32\MSVCR71.dll
0x608a0000 - 0x60979000 	C:\Windows\SYSTEM32\DDRAW.dll
0x727a0000 - 0x727a9000 	C:\Windows\SYSTEM32\Secur32.dll
0x75f20000 - 0x75f3b000 	C:\Windows\SYSTEM32\USERENV.dll
0x71520000 - 0x71570000 	C:\Windows\SYSTEM32\OLEACC.dll
0x54200000 - 0x54276000 	C:\Windows\SYSTEM32\RICHED20.dll
0x72ee0000 - 0x72ee8000 	C:\Windows\SYSTEM32\VERSION.dll
0x720b0000 - 0x720c4000 	C:\Windows\SYSTEM32\USP10.dll
0x72c50000 - 0x72cc5000 	C:\Windows\SYSTEM32\DNSAPI.dll
0x06ab0000 - 0x06b5a000 	C:\Windows\libeay32.dll
0x06b60000 - 0x06b6d000 	C:\binaries\libintl-2.dll
0x72ed0000 - 0x72ed6000 	C:\Windows\SYSTEM32\SHFOLDER.DLL
0x06b70000 - 0x06b96000 	C:\Windows\ssleay32.dll
0x06ba0000 - 0x06bc6000 	C:\binaries\libexpat.dll
0x60770000 - 0x60811000 	C:\Windows\SYSTEM32\ODBC32.dll
0x60760000 - 0x60767000 	C:\Windows\SYSTEM32\DCIMAN32.dll
0x663b0000 - 0x663db000 	C:\Windows\SYSTEM32\msls31.dll
0x06c20000 - 0x06cfb000 	C:\binaries\libiconv-2.dll
0x6f600000 - 0x6f61d000 	C:\Windows\SYSTEM32\gpapi.dll
0x74530000 - 0x74556000 	C:\Windows\SYSTEM32\ntmarta.dll
0x54e60000 - 0x55708000 	C:\binaries\icudt46.dll
0x53850000 - 0x53979000 	C:\Windows\SYSTEM32\dbghelp.dll
0x72040000 - 0x72050000 	C:\Windows\system32\napinsp.dll
0x72020000 - 0x72034000 	C:\Windows\system32\pnrpnsp.dll
0x72010000 - 0x72020000 	C:\Windows\system32\NLAapi.dll
0x72000000 - 0x72009000 	C:\Windows\System32\winrnr.dll
0x71ac0000 - 0x71ad0000 	C:\Windows\system32\wshbth.dll
0x726a0000 - 0x726a7000 	C:\Windows\System32\rasadhlp.dll
0x71c30000 - 0x71c6f000 	C:\Windows\System32\fwpuclnt.dll
0x72cd0000 - 0x72cf0000 	C:\Windows\SYSTEM32\IPHLPAPI.DLL
0x72c40000 - 0x72c48000 	C:\Windows\SYSTEM32\WINNSI.DLL
0x730d0000 - 0x730ea000 	C:\Windows\SYSTEM32\CRYPTSP.dll
0x73090000 - 0x730ce000 	C:\Windows\system32\rsaenh.dll
0x72c30000 - 0x72c40000 	C:\Windows\SYSTEM32\dhcpcsvc6.DLL
0x72c10000 - 0x72c22000 	C:\Windows\SYSTEM32\dhcpcsvc.DLL
0x5a800000 - 0x5a825000 	C:\Program Files (x86)\Java\jre7\bin\jpeg.dll

VM Arguments:
jvm_args: -Dfile.encoding=ISO-8859-1 
java_command: com.nexusbr.gv.main.ConnectDBMain
Launcher Type: SUN_STANDARD

Environment Variables:
JAVA_HOME=C:\Program Files (x86)\Java\jre7
PATH=C:/Program Files (x86)/Java/jre7/bin/client;C:/Program Files (x86)/Java/jre7/bin;C:/Program Files (x86)/Java/jre7/lib/i386;C:\Program Files (x86)\PHP\;c:\Program Files (x86)\Intel\iCLS Client\;c:\Program Files\Intel\iCLS Client\;C:\Windows\system32;C:\Windows;C:\Windows\System32\Wbem;C:\Windows\System32\WindowsPowerShell\v1.0\;C:\Program Files\Intel\Intel(R) Management Engine Components\DAL;C:\Program Files\Intel\Intel(R) Management Engine Components\IPT;C:\Program Files (x86)\Intel\Intel(R) Management Engine Components\DAL;C:\Program Files (x86)\Intel\Intel(R) Management Engine Components\IPT;C:\Program Files (x86)\Intel\OpenCL SDK\3.0\bin\x86;C:\Program Files (x86)\Intel\OpenCL SDK\3.0\bin\x64;C:\Program Files (x86)\Windows Live\Shared;C:\binaries;c:\Program Files (x86)\Microsoft SQL Server\100\Tools\Binn\;c:\Program Files\Microsoft SQL Server\100\Tools\Binn\;c:\Program Files\Microsoft SQL Server\100\DTS\Binn\;C:\strawberry\c\bin;C:\strawberry\perl\site\bin;C:\strawberry\perl\bin;C:\Program Files (x86)\Microsoft SQL Server\110\Tools\Binn\ManagementStudio\;C:\Program Files (x86)\Microsoft SQL Server\110\Tools\Binn\;C:\Program Files\Microsoft SQL Server\110\Tools\Binn\;C:\Program Files (x86)\Microsoft SQL Server\110\DTS\Binn\;C:\Program Files\TortoiseSVN\bin;C:\Python34;C:\Program Files (x86)\Java\jre7\bin;C:\eclipse;
USERNAME=inacio
OS=Windows_NT
PROCESSOR_IDENTIFIER=Intel64 Family 6 Model 69 Stepping 1, GenuineIntel



---------------  S Y S T E M  ---------------

OS: Windows 8 , 64 bit Build 9200 

CPU:total 4 (2 cores per cpu, 2 threads per core) family 6 model 69 stepping 1, cmov, cx8, fxsr, mmx, sse, sse2, sse3, ssse3, sse4.1, sse4.2, popcnt, avx, avx2, aes, erms, ht, tsc, tscinvbit

Memory: 4k page, physical 8290700k(2499780k free), swap 9535884k(3735680k free)

vm_info: Java HotSpot(TM) Client VM (24.60-b09) for windows-x86 JRE (1.7.0_60-b19), built on May  7 2014 13:09:52 by "java_re" with unknown MS VC++:1600

time: Fri Jul 04 10:31:15 2014
elapsed time: 6 seconds

