#
# A fatal error has been detected by the Java Runtime Environment:
#
#  EXCEPTION_ACCESS_VIOLATION (0xc0000005) at pc=0x0fde9052, pid=8912, tid=9916
#
# JRE version: Java(TM) SE Runtime Environment (7.0_60-b19) (build 1.7.0_60-b19)
# Java VM: Java HotSpot(TM) Client VM (24.60-b09 mixed mode, sharing windows-x86 )
# Problematic frame:
# C  [berkelium.dll+0xa39052]
#
# Failed to write core dump. Minidumps are not enabled by default on client versions of Windows
#
# If you would like to submit a bug report, please visit:
#   http://bugreport.sun.com/bugreport/crash.jsp
#

---------------  T H R E A D  ---------------

Current thread (0x0292fc00):  VMThread [stack: 0x04bb0000,0x04c00000] [id=9916]

siginfo: ExceptionCode=0xc0000005, reading address 0x000000f8

Registers:
EAX=0x04bff114, EBX=0x000493e0, ECX=0x04bff114, EDX=0x4a53d400
ESP=0x04bff104, EBP=0x00000088, ESI=0x00000000, EDI=0x5c357700
EIP=0x0fde9052, EFLAGS=0x00010206

Top of Stack: (sp=0x04bff104)
0x04bff104:   075b3168 075b3168 0750ab00 00000000
0x04bff114:   4a53d400 00000088 075a3a20 075ae900
0x04bff124:   00000000 00000000 00000000 74616401
0x04bff134:   69642d61 07880072 00000023 0000002f
0x04bff144:   00000000 07537070 002e5bf4 075b3000
0x04bff154:   0750ab44 ffffff00 0f41bf20 10f39778
0x04bff164:   06fe0030 00000000 0000000f 10f3a730
0x04bff174:   00000001 0f419783 00000008 00000001 

Instructions: (pc=0x0fde9052)
0x0fde9032:   03 00 00 57 53 e8 f4 c8 60 ff 8b ea 8d 54 24 10
0x0fde9042:   52 8b f8 e8 26 ca 00 00 83 c4 04 03 38 13 68 04
0x0fde9052:   8b 86 f8 00 00 00 0b 86 fc 00 00 00 89 7c 24 20
0x0fde9062:   89 6c 24 24 75 3e 39 84 24 d4 00 00 00 7f 35 7c 


Register to memory mapping:

EAX=
[error occurred during error reporting (printing register info), id 0xc0000005]

Stack: [0x04bb0000,0x04c00000],  sp=0x04bff104,  free space=316k
Native frames: (J=compiled Java code, j=interpreted, Vv=VM code, C=native code)
C  [berkelium.dll+0xa39052]

[error occurred during error reporting (printing native stack), id 0xc0000005]

VM_Operation (0x0619e560): Exit, mode: safepoint, requested by thread 0x029a2800


---------------  P R O C E S S  ---------------

Java Threads: ( => current thread )
  0x060b9400 JavaThread "WeakCollectionCleaner" daemon [_thread_blocked, id=4860, stack(0x09930000,0x09980000)]
  0x060b4c00 JavaThread "TimerQueue" daemon [_thread_blocked, id=7164, stack(0x08090000,0x080e0000)]
  0x029a2c00 JavaThread "DestroyJavaVM" [_thread_blocked, id=10528, stack(0x02820000,0x02870000)]
  0x029a2800 JavaThread "AWT-EventQueue-0" [_thread_blocked, id=10388, stack(0x06150000,0x061a0000)]
  0x029a4800 JavaThread "AWT-Shutdown" [_thread_blocked, id=5376, stack(0x05820000,0x05870000)]
  0x029a3400 JavaThread "Java2D Disposer" daemon [_thread_blocked, id=11028, stack(0x05790000,0x057e0000)]
  0x029a2000 JavaThread "Service Thread" daemon [_thread_blocked, id=9000, stack(0x04f10000,0x04f60000)]
  0x029a8000 JavaThread "C1 CompilerThread0" daemon [_thread_blocked, id=9040, stack(0x04e80000,0x04ed0000)]
  0x029a1c00 JavaThread "Attach Listener" daemon [_thread_blocked, id=10788, stack(0x04df0000,0x04e40000)]
  0x029a4000 JavaThread "Signal Dispatcher" daemon [_thread_blocked, id=10468, stack(0x04d60000,0x04db0000)]
  0x02936000 JavaThread "Finalizer" daemon [_thread_blocked, id=1552, stack(0x04cd0000,0x04d20000)]
  0x02931000 JavaThread "Reference Handler" daemon [_thread_blocked, id=9140, stack(0x04c40000,0x04c90000)]

Other Threads:
=>0x0292fc00 VMThread [stack: 0x04bb0000,0x04c00000] [id=9916]

VM state:at safepoint (shutting down)

VM Mutex/Monitor currently owned by a thread:  ([mutex/lock_event])
[0x02abc810] Threads_lock - owner thread: 0x0292fc00

Heap
 def new generation   total 13376K, used 8083K [0x24000000, 0x24e80000, 0x29550000)
  eden space 11904K,  67% used [0x24000000, 0x247e4ec8, 0x24ba0000)
  from space 1472K,   0% used [0x24ba0000, 0x24ba0000, 0x24d10000)
  to   space 1472K,   0% used [0x24d10000, 0x24d10000, 0x24e80000)
 tenured generation   total 29612K, used 17766K [0x29550000, 0x2b23b000, 0x34000000)
   the space 29612K,  59% used [0x29550000, 0x2a6a99c0, 0x2a6a9a00, 0x2b23b000)
 compacting perm gen  total 12288K, used 8560K [0x34000000, 0x34c00000, 0x38000000)
   the space 12288K,  69% used [0x34000000, 0x3485c348, 0x3485c400, 0x34c00000)
    ro space 10240K,  42% used [0x38000000, 0x38434778, 0x38434800, 0x38a00000)
    rw space 12288K,  52% used [0x38a00000, 0x39049a68, 0x39049c00, 0x39600000)

Card table byte_map: [0x04ac0000,0x04b70000] byte_map_base: 0x049a0000

Polling page: 0x00f60000

Code Cache  [0x02ac0000, 0x02c70000, 0x04ac0000)
 total_blobs=1023 nmethods=736 adapters=223 free_code_cache=31042Kb largest_free_block=31786496

Compilation events (10 events):
Event: 10.936 Thread 0x029a8000  741             java.util.logging.Logger::isLoggable (25 bytes)
Event: 10.936 Thread 0x029a8000 nmethod 741 0x02b8bc88 code [0x02b8bd80, 0x02b8be30]
Event: 10.959 Thread 0x029a8000  742             sun.util.logging.PlatformLogger$JavaLoggerProxy::isLoggable (12 bytes)
Event: 10.959 Thread 0x029a8000 nmethod 742 0x02b8b908 code [0x02b8ba10, 0x02b8bb20]
Event: 10.959 Thread 0x029a8000  743             sun.util.logging.LoggingSupport::isLoggable (14 bytes)
Event: 10.959 Thread 0x029a8000 nmethod 743 0x02c6f408 code [0x02c6f500, 0x02c6f600]
Event: 10.959 Thread 0x029a8000  744             java.util.logging.LoggingProxyImpl::isLoggable (12 bytes)
Event: 10.959 Thread 0x029a8000 nmethod 744 0x02c6f708 code [0x02c6f810, 0x02c6f920]
Event: 12.371 Thread 0x029a8000  745             java.awt.geom.RectIterator::isDone (14 bytes)
Event: 12.371 Thread 0x029a8000 nmethod 745 0x02b8b748 code [0x02b8b840, 0x02b8b8d0]

GC Heap History (10 events):
Event: 2.665 GC heap before
{Heap before GC invocations=9 (full 1):
 def new generation   total 9408K, used 9408K [0x24000000, 0x24a30000, 0x29550000)
  eden space 8384K, 100% used [0x24000000, 0x24830000, 0x24830000)
  from space 1024K, 100% used [0x24930000, 0x24a30000, 0x24a30000)
  to   space 1024K,   0% used [0x24830000, 0x24830000, 0x24930000)
 tenured generation   total 20772K, used 15750K [0x29550000, 0x2a999000, 0x34000000)
   the space 20772K,  75% used [0x29550000, 0x2a4b1a80, 0x2a4b1c00, 0x2a999000)
 compacting perm gen  total 12288K, used 7681K [0x34000000, 0x34c00000, 0x38000000)
   the space 12288K,  62% used [0x34000000, 0x34780798, 0x34780800, 0x34c00000)
    ro space 10240K,  42% used [0x38000000, 0x38434778, 0x38434800, 0x38a00000)
    rw space 12288K,  52% used [0x38a00000, 0x39049a68, 0x39049c00, 0x39600000)
Event: 2.673 GC heap after
Heap after GC invocations=10 (full 1):
 def new generation   total 9408K, used 1024K [0x24000000, 0x24a30000, 0x29550000)
  eden space 8384K,   0% used [0x24000000, 0x24000000, 0x24830000)
  from space 1024K, 100% used [0x24830000, 0x24930000, 0x24930000)
  to   space 1024K,   0% used [0x24930000, 0x24930000, 0x24a30000)
 tenured generation   total 20772K, used 17325K [0x29550000, 0x2a999000, 0x34000000)
   the space 20772K,  83% used [0x29550000, 0x2a63b7a8, 0x2a63b800, 0x2a999000)
 compacting perm gen  total 12288K, used 7681K [0x34000000, 0x34c00000, 0x38000000)
   the space 12288K,  62% used [0x34000000, 0x34780798, 0x34780800, 0x34c00000)
    ro space 10240K,  42% used [0x38000000, 0x38434778, 0x38434800, 0x38a00000)
    rw space 12288K,  52% used [0x38a00000, 0x39049a68, 0x39049c00, 0x39600000)
}
Event: 2.851 GC heap before
{Heap before GC invocations=10 (full 1):
 def new generation   total 9408K, used 9408K [0x24000000, 0x24a30000, 0x29550000)
  eden space 8384K, 100% used [0x24000000, 0x24830000, 0x24830000)
  from space 1024K, 100% used [0x24830000, 0x24930000, 0x24930000)
  to   space 1024K,   0% used [0x24930000, 0x24930000, 0x24a30000)
 tenured generation   total 20772K, used 17325K [0x29550000, 0x2a999000, 0x34000000)
   the space 20772K,  83% used [0x29550000, 0x2a63b7a8, 0x2a63b800, 0x2a999000)
 compacting perm gen  total 12288K, used 8119K [0x34000000, 0x34c00000, 0x38000000)
   the space 12288K,  66% used [0x34000000, 0x347edfd8, 0x347ee000, 0x34c00000)
    ro space 10240K,  42% used [0x38000000, 0x38434778, 0x38434800, 0x38a00000)
    rw space 12288K,  52% used [0x38a00000, 0x39049a68, 0x39049c00, 0x39600000)
Event: 2.860 GC heap after
Heap after GC invocations=11 (full 1):
 def new generation   total 9408K, used 1024K [0x24000000, 0x24a30000, 0x29550000)
  eden space 8384K,   0% used [0x24000000, 0x24000000, 0x24830000)
  from space 1024K, 100% used [0x24930000, 0x24a30000, 0x24a30000)
  to   space 1024K,   0% used [0x24830000, 0x24830000, 0x24930000)
 tenured generation   total 20772K, used 19758K [0x29550000, 0x2a999000, 0x34000000)
   the space 20772K,  95% used [0x29550000, 0x2a89bad0, 0x2a89bc00, 0x2a999000)
 compacting perm gen  total 12288K, used 8119K [0x34000000, 0x34c00000, 0x38000000)
   the space 12288K,  66% used [0x34000000, 0x347edfd8, 0x347ee000, 0x34c00000)
    ro space 10240K,  42% used [0x38000000, 0x38434778, 0x38434800, 0x38a00000)
    rw space 12288K,  52% used [0x38a00000, 0x39049a68, 0x39049c00, 0x39600000)
}
Event: 2.935 GC heap before
{Heap before GC invocations=11 (full 1):
 def new generation   total 9408K, used 8990K [0x24000000, 0x24a30000, 0x29550000)
  eden space 8384K,  95% used [0x24000000, 0x247c7a88, 0x24830000)
  from space 1024K, 100% used [0x24930000, 0x24a30000, 0x24a30000)
  to   space 1024K,   0% used [0x24830000, 0x24830000, 0x24930000)
 tenured generation   total 20772K, used 19758K [0x29550000, 0x2a999000, 0x34000000)
   the space 20772K,  95% used [0x29550000, 0x2a89bad0, 0x2a89bc00, 0x2a999000)
 compacting perm gen  total 12288K, used 8502K [0x34000000, 0x34c00000, 0x38000000)
   the space 12288K,  69% used [0x34000000, 0x3484d980, 0x3484da00, 0x34c00000)
    ro space 10240K,  42% used [0x38000000, 0x38434778, 0x38434800, 0x38a00000)
    rw space 12288K,  52% used [0x38a00000, 0x39049a68, 0x39049c00, 0x39600000)
Event: 2.984 GC heap after
Heap after GC invocations=12 (full 2):
 def new generation   total 10112K, used 0K [0x24000000, 0x24af0000, 0x29550000)
  eden space 9024K,   0% used [0x24000000, 0x24000000, 0x248d0000)
  from space 1088K,   0% used [0x248d0000, 0x248d0000, 0x249e0000)
  to   space 1088K,   0% used [0x249e0000, 0x249e0000, 0x24af0000)
 tenured generation   total 22344K, used 13405K [0x29550000, 0x2ab22000, 0x34000000)
   the space 22344K,  59% used [0x29550000, 0x2a2676b0, 0x2a267800, 0x2ab22000)
 compacting perm gen  total 12288K, used 8502K [0x34000000, 0x34c00000, 0x38000000)
   the space 12288K,  69% used [0x34000000, 0x3484d980, 0x3484da00, 0x34c00000)
    ro space 10240K,  42% used [0x38000000, 0x38434778, 0x38434800, 0x38a00000)
    rw space 12288K,  52% used [0x38a00000, 0x39049a68, 0x39049c00, 0x39600000)
}
Event: 2.985 GC heap before
{Heap before GC invocations=12 (full 2):
 def new generation   total 10112K, used 7608K [0x24000000, 0x24af0000, 0x29550000)
  eden space 9024K,  84% used [0x24000000, 0x2476e308, 0x248d0000)
  from space 1088K,   0% used [0x248d0000, 0x248d0000, 0x249e0000)
  to   space 1088K,   0% used [0x249e0000, 0x249e0000, 0x24af0000)
 tenured generation   total 22344K, used 13405K [0x29550000, 0x2ab22000, 0x34000000)
   the space 22344K,  59% used [0x29550000, 0x2a2676b0, 0x2a267800, 0x2ab22000)
 compacting perm gen  total 12288K, used 8502K [0x34000000, 0x34c00000, 0x38000000)
   the space 12288K,  69% used [0x34000000, 0x3484d980, 0x3484da00, 0x34c00000)
    ro space 10240K,  42% used [0x38000000, 0x38434778, 0x38434800, 0x38a00000)
    rw space 12288K,  52% used [0x38a00000, 0x39049a68, 0x39049c00, 0x39600000)
Event: 2.987 GC heap after
Heap after GC invocations=13 (full 2):
 def new generation   total 10112K, used 26K [0x24000000, 0x24af0000, 0x29550000)
  eden space 9024K,   0% used [0x24000000, 0x24000000, 0x248d0000)
  from space 1088K,   2% used [0x249e0000, 0x249e68d8, 0x24af0000)
  to   space 1088K,   0% used [0x248d0000, 0x248d0000, 0x249e0000)
 tenured generation   total 22344K, used 20859K [0x29550000, 0x2ab22000, 0x34000000)
   the space 22344K,  93% used [0x29550000, 0x2a9aec28, 0x2a9aee00, 0x2ab22000)
 compacting perm gen  total 12288K, used 8502K [0x34000000, 0x34c00000, 0x38000000)
   the space 12288K,  69% used [0x34000000, 0x3484d980, 0x3484da00, 0x34c00000)
    ro space 10240K,  42% used [0x38000000, 0x38434778, 0x38434800, 0x38a00000)
    rw space 12288K,  52% used [0x38a00000, 0x39049a68, 0x39049c00, 0x39600000)
}
Event: 3.002 GC heap before
{Heap before GC invocations=13 (full 2):
 def new generation   total 10112K, used 8050K [0x24000000, 0x24af0000, 0x29550000)
  eden space 9024K,  88% used [0x24000000, 0x247d5f98, 0x248d0000)
  from space 1088K,   2% used [0x249e0000, 0x249e68d8, 0x24af0000)
  to   space 1088K,   0% used [0x248d0000, 0x248d0000, 0x249e0000)
 tenured generation   total 22344K, used 20859K [0x29550000, 0x2ab22000, 0x34000000)
   the space 22344K,  93% used [0x29550000, 0x2a9aec28, 0x2a9aee00, 0x2ab22000)
 compacting perm gen  total 12288K, used 8507K [0x34000000, 0x34c00000, 0x38000000)
   the space 12288K,  69% used [0x34000000, 0x3484ef98, 0x3484f000, 0x34c00000)
    ro space 10240K,  42% used [0x38000000, 0x38434778, 0x38434800, 0x38a00000)
    rw space 12288K,  52% used [0x38a00000, 0x39049a68, 0x39049c00, 0x39600000)
Event: 3.042 GC heap after
Heap after GC invocations=14 (full 3):
 def new generation   total 13376K, used 0K [0x24000000, 0x24e80000, 0x29550000)
  eden space 11904K,   0% used [0x24000000, 0x24000000, 0x24ba0000)
  from space 1472K,   0% used [0x24ba0000, 0x24ba0000, 0x24d10000)
  to   space 1472K,   0% used [0x24d10000, 0x24d10000, 0x24e80000)
 tenured generation   total 29612K, used 17766K [0x29550000, 0x2b23b000, 0x34000000)
   the space 29612K,  59% used [0x29550000, 0x2a6a99c0, 0x2a6a9a00, 0x2b23b000)
 compacting perm gen  total 12288K, used 8507K [0x34000000, 0x34c00000, 0x38000000)
   the space 12288K,  69% used [0x34000000, 0x3484ef98, 0x3484f000, 0x34c00000)
    ro space 10240K,  42% used [0x38000000, 0x38434778, 0x38434800, 0x38a00000)
    rw space 12288K,  52% used [0x38a00000, 0x39049a68, 0x39049c00, 0x39600000)
}

Deoptimization events (0 events):
No events

Internal exceptions (10 events):
Event: 2.910 Thread 0x029a2800 Threw 0x24269db0 at C:\re\jdk7u60\1081\hotspot\src\share\vm\prims\jvm.cpp:1244
Event: 2.910 Thread 0x029a2800 Threw 0x24271dc0 at C:\re\jdk7u60\1081\hotspot\src\share\vm\prims\jvm.cpp:1244
Event: 2.911 Thread 0x029a2800 Threw 0x24279528 at C:\re\jdk7u60\1081\hotspot\src\share\vm\prims\jvm.cpp:1244
Event: 2.915 Thread 0x029a2800 Threw 0x242a3f30 at C:\re\jdk7u60\1081\hotspot\src\share\vm\prims\jvm.cpp:1244
Event: 2.916 Thread 0x029a2800 Threw 0x242a8768 at C:\re\jdk7u60\1081\hotspot\src\share\vm\prims\jvm.cpp:1244
Event: 2.918 Thread 0x029a2800 Threw 0x242ac7d8 at C:\re\jdk7u60\1081\hotspot\src\share\vm\prims\jvm.cpp:1244
Event: 2.933 Thread 0x029a2800 Threw 0x242e0be8 at C:\re\jdk7u60\1081\hotspot\src\share\vm\prims\jvm.cpp:1244
Event: 2.993 Thread 0x060b3400 Threw 0x2424c360 at C:\re\jdk7u60\1081\hotspot\src\share\vm\prims\jvm.cpp:1244
Event: 2.994 Thread 0x060b3400 Threw 0x24252428 at C:\re\jdk7u60\1081\hotspot\src\share\vm\prims\jvm.cpp:1244
Event: 3.154 Thread 0x060b4000 Threw 0x24684838 at C:\re\jdk7u60\1081\hotspot\src\share\vm\prims\jvm.cpp:2917

Events (10 events):
Event: 12.680 loading class 0x39670c20
Event: 12.680 Thread 0x060b4800 Thread exited: 0x060b4800
Event: 12.680 loading class 0x39670bc8
Event: 12.681 loading class 0x39670bc8 done
Event: 12.681 loading class 0x39670c20 done
Event: 12.681 Thread 0x060ba000 Thread exited: 0x060ba000
Event: 12.681 Thread 0x060b8800 Thread exited: 0x060b8800
Event: 12.687 Thread 0x029a1400 Thread exited: 0x029a1400
Event: 12.781 Thread 0x060b6800 Thread exited: 0x060b6800
Event: 12.781 Executing VM operation: Exit


Dynamic libraries:
0x00a70000 - 0x00a9f000 	C:\Program Files (x86)\Java\jre7\bin\javaw.exe
0x76fe0000 - 0x77137000 	C:\Windows\SYSTEM32\ntdll.dll
0x74690000 - 0x747c0000 	C:\Windows\SYSTEM32\KERNEL32.DLL
0x76a80000 - 0x76b27000 	C:\Windows\SYSTEM32\KERNELBASE.dll
0x747c0000 - 0x7486e000 	C:\Windows\SYSTEM32\ADVAPI32.dll
0x764f0000 - 0x76606000 	C:\Windows\SYSTEM32\USER32.dll
0x73130000 - 0x73328000 	C:\Windows\WinSxS\x86_microsoft.windows.common-controls_6595b64144ccf1df_6.0.9200.16579_none_8937eec6860750f5\COMCTL32.dll
0x76000000 - 0x760b1000 	C:\Windows\SYSTEM32\msvcrt.dll
0x74870000 - 0x748a4000 	C:\Windows\SYSTEM32\sechost.dll
0x760c0000 - 0x7616c000 	C:\Windows\SYSTEM32\RPCRT4.dll
0x748b0000 - 0x749ad000 	C:\Windows\SYSTEM32\GDI32.dll
0x745d0000 - 0x745ed000 	C:\Windows\SYSTEM32\SspiCli.dll
0x745c0000 - 0x745c9000 	C:\Windows\SYSTEM32\CRYPTBASE.dll
0x74560000 - 0x745b1000 	C:\Windows\SYSTEM32\bcryptPrimitives.dll
0x762e0000 - 0x76300000 	C:\Windows\system32\IMM32.DLL
0x76680000 - 0x7675e000 	C:\Windows\SYSTEM32\MSCTF.dll
0x5e970000 - 0x5ea2f000 	C:\Program Files (x86)\Java\jre7\bin\msvcr100.dll
0x5e310000 - 0x5e698000 	C:\Program Files (x86)\Java\jre7\bin\client\jvm.dll
0x71c10000 - 0x71c18000 	C:\Windows\SYSTEM32\WSOCK32.dll
0x71fb0000 - 0x71fd1000 	C:\Windows\SYSTEM32\WINMM.dll
0x76300000 - 0x76306000 	C:\Windows\SYSTEM32\PSAPI.DLL
0x75f80000 - 0x75fd0000 	C:\Windows\SYSTEM32\WS2_32.dll
0x71c70000 - 0x71c9b000 	C:\Windows\SYSTEM32\WINMMBASE.dll
0x75ff0000 - 0x75ff8000 	C:\Windows\SYSTEM32\NSI.dll
0x76b30000 - 0x76b76000 	C:\Windows\SYSTEM32\cfgmgr32.dll
0x75f00000 - 0x75f1e000 	C:\Windows\SYSTEM32\DEVOBJ.dll
0x720a0000 - 0x720ac000 	C:\Program Files (x86)\Java\jre7\bin\verify.dll
0x70bb0000 - 0x70bd0000 	C:\Program Files (x86)\Java\jre7\bin\java.dll
0x70b90000 - 0x70ba3000 	C:\Program Files (x86)\Java\jre7\bin\zip.dll
0x6f490000 - 0x6f5d3000 	C:\Program Files (x86)\Java\jre7\bin\awt.dll
0x76c00000 - 0x76c8b000 	C:\Windows\SYSTEM32\OLEAUT32.dll
0x76de0000 - 0x76f16000 	C:\Windows\SYSTEM32\combase.dll
0x72dd0000 - 0x72e77000 	C:\Windows\system32\apphelp.dll
0x71a40000 - 0x71a59000 	C:\Windows\system32\DWMAPI.DLL
0x726b0000 - 0x72738000 	C:\Windows\system32\uxtheme.dll
0x76760000 - 0x76879000 	C:\Windows\SYSTEM32\ole32.dll
0x74da0000 - 0x75e66000 	C:\Windows\SYSTEM32\SHELL32.dll
0x75f40000 - 0x75f80000 	C:\Windows\SYSTEM32\SHLWAPI.dll
0x73330000 - 0x733a3000 	C:\Windows\SYSTEM32\shcore.dll
0x6f260000 - 0x6f299000 	C:\Program Files (x86)\Java\jre7\bin\fontmanager.dll
0x718d0000 - 0x718e4000 	C:\Program Files (x86)\Java\jre7\bin\net.dll
0x72e80000 - 0x72eca000 	C:\Windows\system32\mswsock.dll
0x718c0000 - 0x718cf000 	C:\Program Files (x86)\Java\jre7\bin\nio.dll
0x6f230000 - 0x6f260000 	C:\Program Files (x86)\Java\jre7\bin\t2k.dll
0x76b80000 - 0x76bf4000 	C:\Windows\SYSTEM32\clbcatq.dll
0x6a8a0000 - 0x6a9eb000 	C:\Windows\SYSTEM32\WindowsCodecs.dll
0x76dc0000 - 0x76dd1000 	C:\Windows\SYSTEM32\profapi.dll
0x60450000 - 0x60474000 	C:\Program Files (x86)\Java\jre7\bin\dcpr.dll
0x5e900000 - 0x5e96d000 	C:\binaries\terrajava.dll
0x5e220000 - 0x5e307000 	C:\binaries\terramanager-funcate.dll
0x59300000 - 0x59ba6000 	C:\binaries\terralib.dll
0x64af0000 - 0x64b59000 	C:\Windows\SYSTEM32\MSVCP100.dll
0x6d880000 - 0x6db4c000 	C:\binaries\bgd.dll
0x66b80000 - 0x66b9b000 	C:\binaries\terraogc_xml.dll
0x5f9b0000 - 0x5f9cd000 	C:\binaries\terraogc_sld.dll
0x5f980000 - 0x5f9a6000 	C:\binaries\terraogc_se.dll
0x5e8c0000 - 0x5e8f6000 	C:\binaries\terraogc_filter.dll
0x5e1c0000 - 0x5e212000 	C:\binaries\terraogc_ows.dll
0x5e1a0000 - 0x5e1b9000 	C:\binaries\terraogc_common.dll
0x71870000 - 0x7187b000 	C:\binaries\terralib_shp.dll
0x706d0000 - 0x706de000 	C:\binaries\terralib_spl.dll
0x066c0000 - 0x06ab6000 	C:\binaries\qt-mt338.dll
0x613d0000 - 0x6149e000 	C:\Windows\SYSTEM32\OPENGL32.dll
0x613a0000 - 0x613c3000 	C:\Windows\SYSTEM32\GLU32.dll
0x5e120000 - 0x5e19f000 	C:\binaries\qwt500.dll
0x0f3b0000 - 0x113af000 	C:\binaries\berkelium.dll
0x06ac0000 - 0x06c01000 	C:\binaries\LIBMYSQL.dll
0x63100000 - 0x63121000 	C:\binaries\LIBPQ.dll
0x06c10000 - 0x06c71000 	C:\binaries\OCI.dll
0x5da30000 - 0x5daba000 	C:\binaries\libtiff.dll
0x56580000 - 0x56d52000 	C:\binaries\gdal110.dll
0x12000000 - 0x121dc000 	C:\binaries\xerces-c_3_1.dll
0x592a0000 - 0x592f5000 	C:\binaries\terraogc_wms.dll
0x59240000 - 0x59293000 	C:\binaries\terraogc_gml.dll
0x591f0000 - 0x59231000 	C:\binaries\terraogc_xsd.dll
0x5e100000 - 0x5e120000 	C:\binaries\terraogc_xacml.dll
0x71f30000 - 0x71f90000 	C:\Windows\SYSTEM32\WINSPOOL.DRV
0x7c340000 - 0x7c396000 	C:\Windows\SYSTEM32\MSVCR71.dll
0x608a0000 - 0x60979000 	C:\Windows\SYSTEM32\DDRAW.dll
0x727a0000 - 0x727a9000 	C:\Windows\SYSTEM32\Secur32.dll
0x75f20000 - 0x75f3b000 	C:\Windows\SYSTEM32\USERENV.dll
0x71520000 - 0x71570000 	C:\Windows\SYSTEM32\OLEACC.dll
0x54200000 - 0x54276000 	C:\Windows\SYSTEM32\RICHED20.dll
0x72ee0000 - 0x72ee8000 	C:\Windows\SYSTEM32\VERSION.dll
0x720b0000 - 0x720c4000 	C:\Windows\SYSTEM32\USP10.dll
0x72c50000 - 0x72cc5000 	C:\Windows\SYSTEM32\DNSAPI.dll
0x06d20000 - 0x06dca000 	C:\Windows\libeay32.dll
0x06dd0000 - 0x06ddd000 	C:\binaries\libintl-2.dll
0x72ed0000 - 0x72ed6000 	C:\Windows\SYSTEM32\SHFOLDER.DLL
0x06de0000 - 0x06e06000 	C:\Windows\ssleay32.dll
0x06e10000 - 0x06e36000 	C:\binaries\libexpat.dll
0x60770000 - 0x60811000 	C:\Windows\SYSTEM32\ODBC32.dll
0x60760000 - 0x60767000 	C:\Windows\SYSTEM32\DCIMAN32.dll
0x663b0000 - 0x663db000 	C:\Windows\SYSTEM32\msls31.dll
0x06e90000 - 0x06f6b000 	C:\binaries\libiconv-2.dll
0x6f600000 - 0x6f61d000 	C:\Windows\SYSTEM32\gpapi.dll
0x74530000 - 0x74556000 	C:\Windows\SYSTEM32\ntmarta.dll
0x54e60000 - 0x55708000 	C:\binaries\icudt46.dll
0x53850000 - 0x53979000 	C:\Windows\SYSTEM32\dbghelp.dll
0x72040000 - 0x72050000 	C:\Windows\system32\napinsp.dll
0x72020000 - 0x72034000 	C:\Windows\system32\pnrpnsp.dll
0x72010000 - 0x72020000 	C:\Windows\system32\NLAapi.dll
0x72000000 - 0x72009000 	C:\Windows\System32\winrnr.dll
0x71ac0000 - 0x71ad0000 	C:\Windows\system32\wshbth.dll
0x726a0000 - 0x726a7000 	C:\Windows\System32\rasadhlp.dll
0x71c30000 - 0x71c6f000 	C:\Windows\System32\fwpuclnt.dll
0x72cd0000 - 0x72cf0000 	C:\Windows\SYSTEM32\IPHLPAPI.DLL
0x72c40000 - 0x72c48000 	C:\Windows\SYSTEM32\WINNSI.DLL
0x730d0000 - 0x730ea000 	C:\Windows\SYSTEM32\CRYPTSP.dll
0x73090000 - 0x730ce000 	C:\Windows\system32\rsaenh.dll
0x72c30000 - 0x72c40000 	C:\Windows\SYSTEM32\dhcpcsvc6.DLL
0x72c10000 - 0x72c22000 	C:\Windows\SYSTEM32\dhcpcsvc.DLL
0x5a800000 - 0x5a825000 	C:\Program Files (x86)\Java\jre7\bin\jpeg.dll

VM Arguments:
jvm_args: -Dfile.encoding=ISO-8859-1 
java_command: com.nexusbr.gv.main.ConnectDBMain
Launcher Type: SUN_STANDARD

Environment Variables:
JAVA_HOME=C:\Program Files (x86)\Java\jre7
PATH=C:/Program Files (x86)/Java/jre7/bin/client;C:/Program Files (x86)/Java/jre7/bin;C:/Program Files (x86)/Java/jre7/lib/i386;C:\Program Files (x86)\PHP\;c:\Program Files (x86)\Intel\iCLS Client\;c:\Program Files\Intel\iCLS Client\;C:\Windows\system32;C:\Windows;C:\Windows\System32\Wbem;C:\Windows\System32\WindowsPowerShell\v1.0\;C:\Program Files\Intel\Intel(R) Management Engine Components\DAL;C:\Program Files\Intel\Intel(R) Management Engine Components\IPT;C:\Program Files (x86)\Intel\Intel(R) Management Engine Components\DAL;C:\Program Files (x86)\Intel\Intel(R) Management Engine Components\IPT;C:\Program Files (x86)\Intel\OpenCL SDK\3.0\bin\x86;C:\Program Files (x86)\Intel\OpenCL SDK\3.0\bin\x64;C:\Program Files (x86)\Windows Live\Shared;C:\binaries;c:\Program Files (x86)\Microsoft SQL Server\100\Tools\Binn\;c:\Program Files\Microsoft SQL Server\100\Tools\Binn\;c:\Program Files\Microsoft SQL Server\100\DTS\Binn\;C:\strawberry\c\bin;C:\strawberry\perl\site\bin;C:\strawberry\perl\bin;C:\Program Files (x86)\Microsoft SQL Server\110\Tools\Binn\ManagementStudio\;C:\Program Files (x86)\Microsoft SQL Server\110\Tools\Binn\;C:\Program Files\Microsoft SQL Server\110\Tools\Binn\;C:\Program Files (x86)\Microsoft SQL Server\110\DTS\Binn\;C:\Program Files\TortoiseSVN\bin;C:\Python34;C:\Program Files (x86)\Java\jre7\bin;C:\eclipse;
USERNAME=inacio
OS=Windows_NT
PROCESSOR_IDENTIFIER=Intel64 Family 6 Model 69 Stepping 1, GenuineIntel



---------------  S Y S T E M  ---------------

OS: Windows 8 , 64 bit Build 9200 

CPU:total 4 (2 cores per cpu, 2 threads per core) family 6 model 69 stepping 1, cmov, cx8, fxsr, mmx, sse, sse2, sse3, ssse3, sse4.1, sse4.2, popcnt, avx, avx2, aes, erms, ht, tsc, tscinvbit

Memory: 4k page, physical 8290700k(2503808k free), swap 9535884k(3656636k free)

vm_info: Java HotSpot(TM) Client VM (24.60-b09) for windows-x86 JRE (1.7.0_60-b19), built on May  7 2014 13:09:52 by "java_re" with unknown MS VC++:1600

time: Fri Jul 04 10:28:31 2014
elapsed time: 12 seconds

