#
# A fatal error has been detected by the Java Runtime Environment:
#
#  EXCEPTION_ACCESS_VIOLATION (0xc0000005) at pc=0x102c9052, pid=7864, tid=1848
#
# JRE version: Java(TM) SE Runtime Environment (7.0_60-b19) (build 1.7.0_60-b19)
# Java VM: Java HotSpot(TM) Client VM (24.60-b09 mixed mode, sharing windows-x86 )
# Problematic frame:
# C  [berkelium.dll+0xa39052]
#
# Failed to write core dump. Minidumps are not enabled by default on client versions of Windows
#
# If you would like to submit a bug report, please visit:
#   http://bugreport.sun.com/bugreport/crash.jsp
#

---------------  T H R E A D  ---------------

Current thread (0x027efc00):  VMThread [stack: 0x04a20000,0x04a70000] [id=1848]

siginfo: ExceptionCode=0xc0000005, reading address 0x000000f8

Registers:
EAX=0x04a6f1f4, EBX=0x000493e0, ECX=0x04a6f1f4, EDX=0x613cfda0
ESP=0x04a6f1e4, EBP=0x00000087, ESI=0x00000000, EDI=0x731ea0a0
EIP=0x102c9052, EFLAGS=0x00010206

Top of Stack: (sp=0x04a6f1e4)
0x04a6f1e4:   07482168 07482168 073dab00 00000000
0x04a6f1f4:   613cfda0 00000087 074736c0 0747c900
0x04a6f204:   00000000 00000000 00000000 74616401
0x04a6f214:   69642d61 07720072 00000023 0000002f
0x04a6f224:   00000000 07407070 002e5bf3 07482000
0x04a6f234:   073dab44 ffffff00 0f8fbf20 11419778
0x04a6f244:   06ef0030 00000000 0000000f 1141a730
0x04a6f254:   00000001 0f8f9783 00000008 00000001 

Instructions: (pc=0x102c9052)
0x102c9032:   03 00 00 57 53 e8 f4 c8 60 ff 8b ea 8d 54 24 10
0x102c9042:   52 8b f8 e8 26 ca 00 00 83 c4 04 03 38 13 68 04
0x102c9052:   8b 86 f8 00 00 00 0b 86 fc 00 00 00 89 7c 24 20
0x102c9062:   89 6c 24 24 75 3e 39 84 24 d4 00 00 00 7f 35 7c 


Register to memory mapping:

EAX=
[error occurred during error reporting (printing register info), id 0xc0000005]

Stack: [0x04a20000,0x04a70000],  sp=0x04a6f1e4,  free space=316k
Native frames: (J=compiled Java code, j=interpreted, Vv=VM code, C=native code)
C  [berkelium.dll+0xa39052]

VM_Operation (0x05ffe4c0): Exit, mode: safepoint, requested by thread 0x05b77400


---------------  P R O C E S S  ---------------

Java Threads: ( => current thread )
  0x05e79800 JavaThread "Image Fetcher 3" daemon [_thread_blocked, id=8832, stack(0x08620000,0x08670000)]
  0x05e79000 JavaThread "Image Fetcher 2" daemon [_thread_blocked, id=10480, stack(0x08590000,0x085e0000)]
  0x05e77000 JavaThread "Image Fetcher 1" daemon [_thread_blocked, id=6596, stack(0x08200000,0x08250000)]
  0x05e7a800 JavaThread "Image Fetcher 0" daemon [_thread_blocked, id=9412, stack(0x07d80000,0x07dd0000)]
  0x05e78c00 JavaThread "Keep-Alive-Timer" daemon [_thread_blocked, id=10376, stack(0x079b0000,0x07a00000)]
  0x05e94c00 JavaThread "WeakCollectionCleaner" daemon [_thread_blocked, id=10788, stack(0x096a0000,0x096f0000)]
  0x05ea3000 JavaThread "TimerQueue" daemon [_thread_blocked, id=1288, stack(0x07e50000,0x07ea0000)]
  0x00ece000 JavaThread "DestroyJavaVM" [_thread_blocked, id=8284, stack(0x00e70000,0x00ec0000)]
  0x05b77400 JavaThread "AWT-EventQueue-0" [_thread_blocked, id=10532, stack(0x05fb0000,0x06000000)]
  0x04ff8400 JavaThread "AWT-Shutdown" [_thread_blocked, id=8480, stack(0x05680000,0x056d0000)]
  0x04ff7400 JavaThread "Java2D Disposer" daemon [_thread_blocked, id=10600, stack(0x055a0000,0x055f0000)]
  0x02869000 JavaThread "Service Thread" daemon [_thread_blocked, id=1460, stack(0x04d80000,0x04dd0000)]
  0x02864c00 JavaThread "C1 CompilerThread0" daemon [_thread_blocked, id=8440, stack(0x04cf0000,0x04d40000)]
  0x02863000 JavaThread "Attach Listener" daemon [_thread_blocked, id=10960, stack(0x04c60000,0x04cb0000)]
  0x02860c00 JavaThread "Signal Dispatcher" daemon [_thread_blocked, id=6696, stack(0x04bd0000,0x04c20000)]
  0x027f2800 JavaThread "Finalizer" daemon [_thread_blocked, id=9800, stack(0x04b40000,0x04b90000)]
  0x027f1000 JavaThread "Reference Handler" daemon [_thread_blocked, id=6288, stack(0x04ab0000,0x04b00000)]

Other Threads:
=>0x027efc00 VMThread [stack: 0x04a20000,0x04a70000] [id=1848]

VM state:at safepoint (shutting down)

VM Mutex/Monitor currently owned by a thread:  ([mutex/lock_event])
[0x00ecc538] Threads_lock - owner thread: 0x027efc00

Heap
 def new generation   total 78656K, used 17950K [0x24000000, 0x29550000, 0x29550000)
  eden space 69952K,  13% used [0x24000000, 0x24907878, 0x28450000)
  from space 8704K, 100% used [0x28cd0000, 0x29550000, 0x29550000)
  to   space 8704K,   0% used [0x28450000, 0x28450000, 0x28cd0000)
 tenured generation   total 174784K, used 138818K [0x29550000, 0x34000000, 0x34000000)
   the space 174784K,  79% used [0x29550000, 0x31ce0920, 0x31ce0a00, 0x34000000)
 compacting perm gen  total 12288K, used 8825K [0x34000000, 0x34c00000, 0x38000000)
   the space 12288K,  71% used [0x34000000, 0x3489e6d8, 0x3489e800, 0x34c00000)
    ro space 10240K,  42% used [0x38000000, 0x38434778, 0x38434800, 0x38a00000)
    rw space 12288K,  52% used [0x38a00000, 0x39049a68, 0x39049c00, 0x39600000)

Card table byte_map: [0x048d0000,0x04980000] byte_map_base: 0x047b0000

Polling page: 0x00d70000

Code Cache  [0x028d0000, 0x02bf8000, 0x048d0000)
 total_blobs=1952 nmethods=1663 adapters=225 free_code_cache=29552Kb largest_free_block=30261568

Compilation events (10 events):
Event: 75.155 Thread 0x02864c00 1668             java.awt.Component::bounds (24 bytes)
Event: 75.155 Thread 0x02864c00 nmethod 1668 0x02bf2148 code [0x02bf2240, 0x02bf2320]
Event: 76.448 Thread 0x02864c00 1669             java.util.IdentityHashMap$IdentityHashMapIterator::<init> (63 bytes)
Event: 76.449 Thread 0x02864c00 nmethod 1669 0x02bf2388 code [0x02bf2480, 0x02bf2560]
Event: 77.414 Thread 0x02864c00 1670             java.awt.MultipleGradientPaintContext::calculateSingleArrayGradient (262 bytes)
Event: 77.416 Thread 0x02864c00 nmethod 1670 0x02bf2688 code [0x02bf2850, 0x02bf2e08]
Event: 77.424 Thread 0x02864c00 1671             sun.awt.image.GifImageDecoder::ExtractWord (21 bytes)
Event: 77.425 Thread 0x02864c00 nmethod 1671 0x02bf3688 code [0x02bf3780, 0x02bf3830]
Event: 77.488 Thread 0x02864c00 1672             java.security.SecureRandom::next (61 bytes)
Event: 77.488 Thread 0x02864c00 nmethod 1672 0x02bf3908 code [0x02bf3a20, 0x02bf3d3c]

GC Heap History (10 events):
Event: 60.261 GC heap before
{Heap before GC invocations=67 (full 7):
 def new generation   total 62784K, used 60261K [0x24000000, 0x28420000, 0x29550000)
  eden space 55808K,  99% used [0x24000000, 0x2767b790, 0x27680000)
  from space 6976K,  64% used [0x27d50000, 0x281adf88, 0x28420000)
  to   space 6976K,   0% used [0x27680000, 0x27680000, 0x27d50000)
 tenured generation   total 139236K, used 130339K [0x29550000, 0x31d49000, 0x34000000)
   the space 139236K,  93% used [0x29550000, 0x31498d60, 0x31498e00, 0x31d49000)
 compacting perm gen  total 12288K, used 8824K [0x34000000, 0x34c00000, 0x38000000)
   the space 12288K,  71% used [0x34000000, 0x3489e050, 0x3489e200, 0x34c00000)
    ro space 10240K,  42% used [0x38000000, 0x38434778, 0x38434800, 0x38a00000)
    rw space 12288K,  52% used [0x38a00000, 0x39049a68, 0x39049c00, 0x39600000)
Event: 60.265 GC heap after
Heap after GC invocations=68 (full 7):
 def new generation   total 62784K, used 1691K [0x24000000, 0x28420000, 0x29550000)
  eden space 55808K,   0% used [0x24000000, 0x24000000, 0x27680000)
  from space 6976K,  24% used [0x27680000, 0x27826cb8, 0x27d50000)
  to   space 6976K,   0% used [0x27d50000, 0x27d50000, 0x28420000)
 tenured generation   total 139236K, used 134779K [0x29550000, 0x31d49000, 0x34000000)
   the space 139236K,  96% used [0x29550000, 0x318eec28, 0x318eee00, 0x31d49000)
 compacting perm gen  total 12288K, used 8824K [0x34000000, 0x34c00000, 0x38000000)
   the space 12288K,  71% used [0x34000000, 0x3489e050, 0x3489e200, 0x34c00000)
    ro space 10240K,  42% used [0x38000000, 0x38434778, 0x38434800, 0x38a00000)
    rw space 12288K,  52% used [0x38a00000, 0x39049a68, 0x39049c00, 0x39600000)
}
Event: 60.870 GC heap before
{Heap before GC invocations=68 (full 7):
 def new generation   total 62784K, used 57403K [0x24000000, 0x28420000, 0x29550000)
  eden space 55808K,  99% used [0x24000000, 0x276682e0, 0x27680000)
  from space 6976K,  24% used [0x27680000, 0x27826cb8, 0x27d50000)
  to   space 6976K,   0% used [0x27d50000, 0x27d50000, 0x28420000)
 tenured generation   total 139236K, used 134779K [0x29550000, 0x31d49000, 0x34000000)
   the space 139236K,  96% used [0x29550000, 0x318eec28, 0x318eee00, 0x31d49000)
 compacting perm gen  total 12288K, used 8824K [0x34000000, 0x34c00000, 0x38000000)
   the space 12288K,  71% used [0x34000000, 0x3489e0d0, 0x3489e200, 0x34c00000)
    ro space 10240K,  42% used [0x38000000, 0x38434778, 0x38434800, 0x38a00000)
    rw space 12288K,  52% used [0x38a00000, 0x39049a68, 0x39049c00, 0x39600000)
Event: 60.873 GC heap after
Heap after GC invocations=69 (full 7):
 def new generation   total 62784K, used 5617K [0x24000000, 0x28420000, 0x29550000)
  eden space 55808K,   0% used [0x24000000, 0x24000000, 0x27680000)
  from space 6976K,  80% used [0x27d50000, 0x282cc5b8, 0x28420000)
  to   space 6976K,   0% used [0x27680000, 0x27680000, 0x27d50000)
 tenured generation   total 139236K, used 134779K [0x29550000, 0x31d49000, 0x34000000)
   the space 139236K,  96% used [0x29550000, 0x318eec28, 0x318eee00, 0x31d49000)
 compacting perm gen  total 12288K, used 8824K [0x34000000, 0x34c00000, 0x38000000)
   the space 12288K,  71% used [0x34000000, 0x3489e0d0, 0x3489e200, 0x34c00000)
    ro space 10240K,  42% used [0x38000000, 0x38434778, 0x38434800, 0x38a00000)
    rw space 12288K,  52% used [0x38a00000, 0x39049a68, 0x39049c00, 0x39600000)
}
Event: 61.433 GC heap before
{Heap before GC invocations=69 (full 7):
 def new generation   total 62784K, used 59381K [0x24000000, 0x28420000, 0x29550000)
  eden space 55808K,  96% used [0x24000000, 0x27480ec8, 0x27680000)
  from space 6976K,  80% used [0x27d50000, 0x282cc5b8, 0x28420000)
  to   space 6976K,   0% used [0x27680000, 0x27680000, 0x27d50000)
 tenured generation   total 139236K, used 134779K [0x29550000, 0x31d49000, 0x34000000)
   the space 139236K,  96% used [0x29550000, 0x318eec28, 0x318eee00, 0x31d49000)
 compacting perm gen  total 12288K, used 8824K [0x34000000, 0x34c00000, 0x38000000)
   the space 12288K,  71% used [0x34000000, 0x3489e0e0, 0x3489e200, 0x34c00000)
    ro space 10240K,  42% used [0x38000000, 0x38434778, 0x38434800, 0x38a00000)
    rw space 12288K,  52% used [0x38a00000, 0x39049a68, 0x39049c00, 0x39600000)
Event: 61.437 GC heap after
Heap after GC invocations=70 (full 7):
 def new generation   total 62784K, used 6948K [0x24000000, 0x28420000, 0x29550000)
  eden space 55808K,   0% used [0x24000000, 0x24000000, 0x27680000)
  from space 6976K,  99% used [0x27680000, 0x27d490f0, 0x27d50000)
  to   space 6976K,   0% used [0x27d50000, 0x27d50000, 0x28420000)
 tenured generation   total 139236K, used 138180K [0x29550000, 0x31d49000, 0x34000000)
   the space 139236K,  99% used [0x29550000, 0x31c41330, 0x31c41400, 0x31d49000)
 compacting perm gen  total 12288K, used 8824K [0x34000000, 0x34c00000, 0x38000000)
   the space 12288K,  71% used [0x34000000, 0x3489e0e0, 0x3489e200, 0x34c00000)
    ro space 10240K,  42% used [0x38000000, 0x38434778, 0x38434800, 0x38a00000)
    rw space 12288K,  52% used [0x38a00000, 0x39049a68, 0x39049c00, 0x39600000)
}
Event: 66.025 GC heap before
{Heap before GC invocations=70 (full 7):
 def new generation   total 62784K, used 62756K [0x24000000, 0x28420000, 0x29550000)
  eden space 55808K, 100% used [0x24000000, 0x27680000, 0x27680000)
  from space 6976K,  99% used [0x27680000, 0x27d490f0, 0x27d50000)
  to   space 6976K,   0% used [0x27d50000, 0x27d50000, 0x28420000)
 tenured generation   total 139236K, used 138180K [0x29550000, 0x31d49000, 0x34000000)
   the space 139236K,  99% used [0x29550000, 0x31c41330, 0x31c41400, 0x31d49000)
 compacting perm gen  total 12288K, used 8824K [0x34000000, 0x34c00000, 0x38000000)
   the space 12288K,  71% used [0x34000000, 0x3489e100, 0x3489e200, 0x34c00000)
    ro space 10240K,  42% used [0x38000000, 0x38434778, 0x38434800, 0x38a00000)
    rw space 12288K,  52% used [0x38a00000, 0x39049a68, 0x39049c00, 0x39600000)
Event: 66.134 GC heap after
Heap after GC invocations=71 (full 8):
 def new generation   total 78656K, used 0K [0x24000000, 0x29550000, 0x29550000)
  eden space 69952K,   0% used [0x24000000, 0x24000000, 0x28450000)
  from space 8704K,   0% used [0x28450000, 0x28450000, 0x28cd0000)
  to   space 8704K,   0% used [0x28cd0000, 0x28cd0000, 0x29550000)
 tenured generation   total 174784K, used 128622K [0x29550000, 0x34000000, 0x34000000)
   the space 174784K,  73% used [0x29550000, 0x312ebad0, 0x312ebc00, 0x34000000)
 compacting perm gen  total 12288K, used 8822K [0x34000000, 0x34c00000, 0x38000000)
   the space 12288K,  71% used [0x34000000, 0x3489d848, 0x3489da00, 0x34c00000)
    ro space 10240K,  42% used [0x38000000, 0x38434778, 0x38434800, 0x38a00000)
    rw space 12288K,  52% used [0x38a00000, 0x39049a68, 0x39049c00, 0x39600000)
}
Event: 77.493 GC heap before
{Heap before GC invocations=71 (full 8):
 def new generation   total 78656K, used 69960K [0x24000000, 0x29550000, 0x29550000)
  eden space 69952K, 100% used [0x24000000, 0x28450000, 0x28450000)
  from space 8704K,   0% used [0x28450000, 0x28452010, 0x28cd0000)
  to   space 8704K,   0% used [0x28cd0000, 0x28cd0000, 0x29550000)
 tenured generation   total 174784K, used 128622K [0x29550000, 0x34000000, 0x34000000)
   the space 174784K,  73% used [0x29550000, 0x312ebad0, 0x312ebc00, 0x34000000)
 compacting perm gen  total 12288K, used 8822K [0x34000000, 0x34c00000, 0x38000000)
   the space 12288K,  71% used [0x34000000, 0x3489d888, 0x3489da00, 0x34c00000)
    ro space 10240K,  42% used [0x38000000, 0x38434778, 0x38434800, 0x38a00000)
    rw space 12288K,  52% used [0x38a00000, 0x39049a68, 0x39049c00, 0x39600000)
Event: 77.501 GC heap after
Heap after GC invocations=72 (full 8):
 def new generation   total 78656K, used 8704K [0x24000000, 0x29550000, 0x29550000)
  eden space 69952K,   0% used [0x24000000, 0x24000000, 0x28450000)
  from space 8704K, 100% used [0x28cd0000, 0x29550000, 0x29550000)
  to   space 8704K,   0% used [0x28450000, 0x28450000, 0x28cd0000)
 tenured generation   total 174784K, used 138818K [0x29550000, 0x34000000, 0x34000000)
   the space 174784K,  79% used [0x29550000, 0x31ce0920, 0x31ce0a00, 0x34000000)
 compacting perm gen  total 12288K, used 8822K [0x34000000, 0x34c00000, 0x38000000)
   the space 12288K,  71% used [0x34000000, 0x3489d888, 0x3489da00, 0x34c00000)
    ro space 10240K,  42% used [0x38000000, 0x38434778, 0x38434800, 0x38a00000)
    rw space 12288K,  52% used [0x38a00000, 0x39049a68, 0x39049c00, 0x39600000)
}

Deoptimization events (0 events):
No events

Internal exceptions (10 events):
Event: 54.276 Thread 0x08f34800 Threw 0x26914448 at C:\re\jdk7u60\1081\hotspot\src\share\vm\prims\jvm.cpp:2917
Event: 59.184 Thread 0x08f33400 Threw 0x242d7750 at C:\re\jdk7u60\1081\hotspot\src\share\vm\prims\jvm.cpp:2917
Event: 60.126 Thread 0x08f34800 Threw 0x26447ae0 at C:\re\jdk7u60\1081\hotspot\src\share\vm\prims\jvm.cpp:2917
Event: 60.717 Thread 0x08f32c00 Threw 0x2455ce70 at C:\re\jdk7u60\1081\hotspot\src\share\vm\prims\jvm.cpp:2917
Event: 60.790 Thread 0x05e94000 Threw 0x26758e90 at C:\re\jdk7u60\1081\hotspot\src\share\vm\prims\jvm.cpp:2917
Event: 65.348 Thread 0x09106400 Threw 0x27451d78 at C:\re\jdk7u60\1081\hotspot\src\share\vm\prims\jvm.cpp:2917
Event: 74.427 Thread 0x05e91400 Threw 0x25a8b150 at C:\re\jdk7u60\1081\hotspot\src\share\vm\prims\jvm.cpp:2917
Event: 75.638 Thread 0x05e91400 Threw 0x25a9ce90 at C:\re\jdk7u60\1081\hotspot\src\share\vm\prims\jvm.cpp:2917
Event: 77.419 Thread 0x05e79800 Threw 0x27015bb8 at C:\re\jdk7u60\1081\hotspot\src\share\vm\prims\jvm.cpp:2917
Event: 77.985 Thread 0x05e77000 Threw 0x2407f600 at C:\re\jdk7u60\1081\hotspot\src\share\vm\prims\jvm.cpp:2917

Events (10 events):
Event: 79.086 loading class 0x39670c20
Event: 79.086 loading class 0x39670bc8
Event: 79.086 loading class 0x39670bc8 done
Event: 79.086 loading class 0x39670c20 done
Event: 79.086 Thread 0x05e91400 Thread exited: 0x05e91400
Event: 79.086 Thread 0x05e92000 Thread exited: 0x05e92000
Event: 79.086 Thread 0x05e92c00 Thread exited: 0x05e92c00
Event: 79.106 Thread 0x04ff9000 Thread exited: 0x04ff9000
Event: 79.186 Thread 0x05e94000 Thread exited: 0x05e94000
Event: 79.186 Executing VM operation: Exit


Dynamic libraries:
0x00a70000 - 0x00a9f000 	C:\Program Files (x86)\Java\jre7\bin\javaw.exe
0x76fe0000 - 0x77137000 	C:\Windows\SYSTEM32\ntdll.dll
0x74690000 - 0x747c0000 	C:\Windows\SYSTEM32\KERNEL32.DLL
0x76a80000 - 0x76b27000 	C:\Windows\SYSTEM32\KERNELBASE.dll
0x747c0000 - 0x7486e000 	C:\Windows\SYSTEM32\ADVAPI32.dll
0x764f0000 - 0x76606000 	C:\Windows\SYSTEM32\USER32.dll
0x73130000 - 0x73328000 	C:\Windows\WinSxS\x86_microsoft.windows.common-controls_6595b64144ccf1df_6.0.9200.16579_none_8937eec6860750f5\COMCTL32.dll
0x76000000 - 0x760b1000 	C:\Windows\SYSTEM32\msvcrt.dll
0x74870000 - 0x748a4000 	C:\Windows\SYSTEM32\sechost.dll
0x760c0000 - 0x7616c000 	C:\Windows\SYSTEM32\RPCRT4.dll
0x748b0000 - 0x749ad000 	C:\Windows\SYSTEM32\GDI32.dll
0x745d0000 - 0x745ed000 	C:\Windows\SYSTEM32\SspiCli.dll
0x745c0000 - 0x745c9000 	C:\Windows\SYSTEM32\CRYPTBASE.dll
0x74560000 - 0x745b1000 	C:\Windows\SYSTEM32\bcryptPrimitives.dll
0x762e0000 - 0x76300000 	C:\Windows\system32\IMM32.DLL
0x76680000 - 0x7675e000 	C:\Windows\SYSTEM32\MSCTF.dll
0x5e970000 - 0x5ea2f000 	C:\Program Files (x86)\Java\jre7\bin\msvcr100.dll
0x5e310000 - 0x5e698000 	C:\Program Files (x86)\Java\jre7\bin\client\jvm.dll
0x71c10000 - 0x71c18000 	C:\Windows\SYSTEM32\WSOCK32.dll
0x71fb0000 - 0x71fd1000 	C:\Windows\SYSTEM32\WINMM.dll
0x76300000 - 0x76306000 	C:\Windows\SYSTEM32\PSAPI.DLL
0x75f80000 - 0x75fd0000 	C:\Windows\SYSTEM32\WS2_32.dll
0x71c70000 - 0x71c9b000 	C:\Windows\SYSTEM32\WINMMBASE.dll
0x75ff0000 - 0x75ff8000 	C:\Windows\SYSTEM32\NSI.dll
0x76b30000 - 0x76b76000 	C:\Windows\SYSTEM32\cfgmgr32.dll
0x75f00000 - 0x75f1e000 	C:\Windows\SYSTEM32\DEVOBJ.dll
0x720a0000 - 0x720ac000 	C:\Program Files (x86)\Java\jre7\bin\verify.dll
0x70bb0000 - 0x70bd0000 	C:\Program Files (x86)\Java\jre7\bin\java.dll
0x70b90000 - 0x70ba3000 	C:\Program Files (x86)\Java\jre7\bin\zip.dll
0x6f490000 - 0x6f5d3000 	C:\Program Files (x86)\Java\jre7\bin\awt.dll
0x76c00000 - 0x76c8b000 	C:\Windows\SYSTEM32\OLEAUT32.dll
0x76de0000 - 0x76f16000 	C:\Windows\SYSTEM32\combase.dll
0x72dd0000 - 0x72e77000 	C:\Windows\system32\apphelp.dll
0x71a40000 - 0x71a59000 	C:\Windows\system32\DWMAPI.DLL
0x726b0000 - 0x72738000 	C:\Windows\system32\uxtheme.dll
0x76760000 - 0x76879000 	C:\Windows\SYSTEM32\ole32.dll
0x74da0000 - 0x75e66000 	C:\Windows\SYSTEM32\SHELL32.dll
0x75f40000 - 0x75f80000 	C:\Windows\SYSTEM32\SHLWAPI.dll
0x73330000 - 0x733a3000 	C:\Windows\SYSTEM32\shcore.dll
0x718b0000 - 0x718e9000 	C:\Program Files (x86)\Java\jre7\bin\fontmanager.dll
0x6f250000 - 0x6f264000 	C:\Program Files (x86)\Java\jre7\bin\net.dll
0x72e80000 - 0x72eca000 	C:\Windows\system32\mswsock.dll
0x718a0000 - 0x718af000 	C:\Program Files (x86)\Java\jre7\bin\nio.dll
0x706d0000 - 0x70700000 	C:\Program Files (x86)\Java\jre7\bin\t2k.dll
0x76b80000 - 0x76bf4000 	C:\Windows\SYSTEM32\clbcatq.dll
0x6a8a0000 - 0x6a9eb000 	C:\Windows\SYSTEM32\WindowsCodecs.dll
0x76dc0000 - 0x76dd1000 	C:\Windows\SYSTEM32\profapi.dll
0x68440000 - 0x68464000 	C:\Program Files (x86)\Java\jre7\bin\dcpr.dll
0x5e900000 - 0x5e96d000 	C:\binaries\terrajava.dll
0x5e220000 - 0x5e307000 	C:\binaries\terramanager-funcate.dll
0x59300000 - 0x59ba6000 	C:\binaries\terralib.dll
0x64af0000 - 0x64b59000 	C:\Windows\SYSTEM32\MSVCP100.dll
0x6d880000 - 0x6db4c000 	C:\binaries\bgd.dll
0x66b80000 - 0x66b9b000 	C:\binaries\terraogc_xml.dll
0x60460000 - 0x6047d000 	C:\binaries\terraogc_sld.dll
0x5f9a0000 - 0x5f9c6000 	C:\binaries\terraogc_se.dll
0x5e8c0000 - 0x5e8f6000 	C:\binaries\terraogc_filter.dll
0x5e1c0000 - 0x5e212000 	C:\binaries\terraogc_ows.dll
0x5f980000 - 0x5f999000 	C:\binaries\terraogc_common.dll
0x684c0000 - 0x684cb000 	C:\binaries\terralib_shp.dll
0x60450000 - 0x6045e000 	C:\binaries\terralib_spl.dll
0x06550000 - 0x06946000 	C:\binaries\qt-mt338.dll
0x613d0000 - 0x6149e000 	C:\Windows\SYSTEM32\OPENGL32.dll
0x613a0000 - 0x613c3000 	C:\Windows\SYSTEM32\GLU32.dll
0x5e140000 - 0x5e1bf000 	C:\binaries\qwt500.dll
0x0f890000 - 0x1188f000 	C:\binaries\berkelium.dll
0x06950000 - 0x06a91000 	C:\binaries\LIBMYSQL.dll
0x63100000 - 0x63121000 	C:\binaries\LIBPQ.dll
0x06aa0000 - 0x06b01000 	C:\binaries\OCI.dll
0x5da30000 - 0x5daba000 	C:\binaries\libtiff.dll
0x56580000 - 0x56d52000 	C:\binaries\gdal110.dll
0x12000000 - 0x121dc000 	C:\binaries\xerces-c_3_1.dll
0x592a0000 - 0x592f5000 	C:\binaries\terraogc_wms.dll
0x59240000 - 0x59293000 	C:\binaries\terraogc_gml.dll
0x5e0f0000 - 0x5e131000 	C:\binaries\terraogc_xsd.dll
0x5a810000 - 0x5a830000 	C:\binaries\terraogc_xacml.dll
0x71f30000 - 0x71f90000 	C:\Windows\SYSTEM32\WINSPOOL.DRV
0x7c340000 - 0x7c396000 	C:\Windows\SYSTEM32\MSVCR71.dll
0x608a0000 - 0x60979000 	C:\Windows\SYSTEM32\DDRAW.dll
0x727a0000 - 0x727a9000 	C:\Windows\SYSTEM32\Secur32.dll
0x75f20000 - 0x75f3b000 	C:\Windows\SYSTEM32\USERENV.dll
0x71520000 - 0x71570000 	C:\Windows\SYSTEM32\OLEACC.dll
0x54200000 - 0x54276000 	C:\Windows\SYSTEM32\RICHED20.dll
0x72ee0000 - 0x72ee8000 	C:\Windows\SYSTEM32\VERSION.dll
0x720b0000 - 0x720c4000 	C:\Windows\SYSTEM32\USP10.dll
0x72c50000 - 0x72cc5000 	C:\Windows\SYSTEM32\DNSAPI.dll
0x06bb0000 - 0x06c5a000 	C:\Windows\libeay32.dll
0x06c60000 - 0x06c6d000 	C:\binaries\libintl-2.dll
0x72ed0000 - 0x72ed6000 	C:\Windows\SYSTEM32\SHFOLDER.DLL
0x06c70000 - 0x06c96000 	C:\Windows\ssleay32.dll
0x06ca0000 - 0x06cc6000 	C:\binaries\libexpat.dll
0x60770000 - 0x60811000 	C:\Windows\SYSTEM32\ODBC32.dll
0x60760000 - 0x60767000 	C:\Windows\SYSTEM32\DCIMAN32.dll
0x663b0000 - 0x663db000 	C:\Windows\SYSTEM32\msls31.dll
0x06d20000 - 0x06dfb000 	C:\binaries\libiconv-2.dll
0x6f600000 - 0x6f61d000 	C:\Windows\SYSTEM32\gpapi.dll
0x74530000 - 0x74556000 	C:\Windows\SYSTEM32\ntmarta.dll
0x54e60000 - 0x55708000 	C:\binaries\icudt46.dll
0x53850000 - 0x53979000 	C:\Windows\SYSTEM32\dbghelp.dll
0x72040000 - 0x72050000 	C:\Windows\system32\napinsp.dll
0x72020000 - 0x72034000 	C:\Windows\system32\pnrpnsp.dll
0x72010000 - 0x72020000 	C:\Windows\system32\NLAapi.dll
0x72000000 - 0x72009000 	C:\Windows\System32\winrnr.dll
0x71ac0000 - 0x71ad0000 	C:\Windows\system32\wshbth.dll
0x71c30000 - 0x71c6f000 	C:\Windows\System32\fwpuclnt.dll
0x726a0000 - 0x726a7000 	C:\Windows\System32\rasadhlp.dll
0x730d0000 - 0x730ea000 	C:\Windows\SYSTEM32\CRYPTSP.dll
0x73090000 - 0x730ce000 	C:\Windows\system32\rsaenh.dll
0x72cd0000 - 0x72cf0000 	C:\Windows\SYSTEM32\IPHLPAPI.DLL
0x72c40000 - 0x72c48000 	C:\Windows\SYSTEM32\WINNSI.DLL
0x72c30000 - 0x72c40000 	C:\Windows\SYSTEM32\dhcpcsvc6.DLL
0x72c10000 - 0x72c22000 	C:\Windows\SYSTEM32\dhcpcsvc.DLL
0x59210000 - 0x59235000 	C:\Program Files (x86)\Java\jre7\bin\jpeg.dll

VM Arguments:
jvm_args: -Dfile.encoding=ISO-8859-1 
java_command: com.nexusbr.gv.main.ConnectDBMain
Launcher Type: SUN_STANDARD

Environment Variables:
JAVA_HOME=C:\Program Files (x86)\Java\jre7
PATH=C:/Program Files (x86)/Java/jre7/bin/client;C:/Program Files (x86)/Java/jre7/bin;C:/Program Files (x86)/Java/jre7/lib/i386;C:\Program Files (x86)\PHP\;c:\Program Files (x86)\Intel\iCLS Client\;c:\Program Files\Intel\iCLS Client\;C:\Windows\system32;C:\Windows;C:\Windows\System32\Wbem;C:\Windows\System32\WindowsPowerShell\v1.0\;C:\Program Files\Intel\Intel(R) Management Engine Components\DAL;C:\Program Files\Intel\Intel(R) Management Engine Components\IPT;C:\Program Files (x86)\Intel\Intel(R) Management Engine Components\DAL;C:\Program Files (x86)\Intel\Intel(R) Management Engine Components\IPT;C:\Program Files (x86)\Intel\OpenCL SDK\3.0\bin\x86;C:\Program Files (x86)\Intel\OpenCL SDK\3.0\bin\x64;C:\Program Files (x86)\Windows Live\Shared;C:\binaries;c:\Program Files (x86)\Microsoft SQL Server\100\Tools\Binn\;c:\Program Files\Microsoft SQL Server\100\Tools\Binn\;c:\Program Files\Microsoft SQL Server\100\DTS\Binn\;C:\strawberry\c\bin;C:\strawberry\perl\site\bin;C:\strawberry\perl\bin;C:\Program Files (x86)\Microsoft SQL Server\110\Tools\Binn\ManagementStudio\;C:\Program Files (x86)\Microsoft SQL Server\110\Tools\Binn\;C:\Program Files\Microsoft SQL Server\110\Tools\Binn\;C:\Program Files (x86)\Microsoft SQL Server\110\DTS\Binn\;C:\Program Files\TortoiseSVN\bin;C:\Python34;C:\Program Files (x86)\Java\jre7\bin;C:\eclipse;
USERNAME=inacio
OS=Windows_NT
PROCESSOR_IDENTIFIER=Intel64 Family 6 Model 69 Stepping 1, GenuineIntel



---------------  S Y S T E M  ---------------

OS: Windows 8 , 64 bit Build 9200 

CPU:total 4 (2 cores per cpu, 2 threads per core) family 6 model 69 stepping 1, cmov, cx8, fxsr, mmx, sse, sse2, sse3, ssse3, sse4.1, sse4.2, popcnt, avx, avx2, aes, erms, ht, tsc, tscinvbit

Memory: 4k page, physical 8290700k(2244116k free), swap 9535884k(3366940k free)

vm_info: Java HotSpot(TM) Client VM (24.60-b09) for windows-x86 JRE (1.7.0_60-b19), built on May  7 2014 13:09:52 by "java_re" with unknown MS VC++:1600

time: Fri Jul 04 09:23:20 2014
elapsed time: 79 seconds

