#
# A fatal error has been detected by the Java Runtime Environment:
#
#  EXCEPTION_ACCESS_VIOLATION (0xc0000005) at pc=0x0fca9052, pid=7648, tid=5932
#
# JRE version: Java(TM) SE Runtime Environment (7.0_60-b19) (build 1.7.0_60-b19)
# Java VM: Java HotSpot(TM) Client VM (24.60-b09 mixed mode, sharing windows-x86 )
# Problematic frame:
# C  [berkelium.dll+0xa39052]
#
# Failed to write core dump. Minidumps are not enabled by default on client versions of Windows
#
# If you would like to submit a bug report, please visit:
#   http://bugreport.sun.com/bugreport/crash.jsp
#

---------------  T H R E A D  ---------------

Current thread (0x0273fc00):  VMThread [stack: 0x04910000,0x04960000] [id=5932]

siginfo: ExceptionCode=0xc0000005, reading address 0x000000f8

Registers:
EAX=0x0495f2c4, EBX=0x000493e0, ECX=0x0495f2c4, EDX=0xfb51dd80
ESP=0x0495f2b4, EBP=0x00000087, ESI=0x00000000, EDI=0x0d338080
EIP=0x0fca9052, EFLAGS=0x00010206

Top of Stack: (sp=0x0495f2b4)
0x0495f2b4:   072e9168 072e9168 0723ab00 00000000
0x0495f2c4:   fb51dd80 00000086 072d3a20 072dc900
0x0495f2d4:   00000000 00000000 00000000 74616401
0x0495f2e4:   69642d61 07560072 00000023 0000002f
0x0495f2f4:   00000000 07267070 002e5bf3 072e9000
0x0495f304:   0723ab44 ffffff00 0f2dbf20 10df9778
0x0495f314:   06db0030 00000000 0000000f 10dfa730
0x0495f324:   00000001 0f2d9783 00000008 00000001 

Instructions: (pc=0x0fca9052)
0x0fca9032:   03 00 00 57 53 e8 f4 c8 60 ff 8b ea 8d 54 24 10
0x0fca9042:   52 8b f8 e8 26 ca 00 00 83 c4 04 03 38 13 68 04
0x0fca9052:   8b 86 f8 00 00 00 0b 86 fc 00 00 00 89 7c 24 20
0x0fca9062:   89 6c 24 24 75 3e 39 84 24 d4 00 00 00 7f 35 7c 


Register to memory mapping:

EAX=
[error occurred during error reporting (printing register info), id 0xc0000005]

Stack: [0x04910000,0x04960000],  sp=0x0495f2b4,  free space=316k
Native frames: (J=compiled Java code, j=interpreted, Vv=VM code, C=native code)
C  [berkelium.dll+0xa39052]

VM_Operation (0x05ebe4c0): Exit, mode: safepoint, requested by thread 0x05a38800


---------------  P R O C E S S  ---------------

Java Threads: ( => current thread )
  0x027c5000 JavaThread "Thread-105" [_thread_in_native, id=7800, stack(0x0bc60000,0x0bcb0000)]
  0x027c2800 JavaThread "Thread-104" [_thread_in_native, id=6112, stack(0x0bbd0000,0x0bc20000)]
  0x027c6000 JavaThread "Thread-103" [_thread_in_native, id=8824, stack(0x0b490000,0x0b4e0000)]
  0x027c5c00 JavaThread "Thread-102" [_thread_in_native, id=11088, stack(0x0b400000,0x0b450000)]
  0x027c4800 JavaThread "Thread-101" [_thread_in_native, id=10904, stack(0x0b370000,0x0b3c0000)]
  0x08f0f800 JavaThread "Thread-100" [_thread_in_native, id=1400, stack(0x0b2e0000,0x0b330000)]
  0x08f13400 JavaThread "Thread-99" [_thread_in_native, id=4760, stack(0x0b250000,0x0b2a0000)]
  0x08f12c00 JavaThread "Thread-98" [_thread_in_native, id=5116, stack(0x0b1c0000,0x0b210000)]
  0x08f10800 JavaThread "Thread-97" [_thread_in_native, id=5608, stack(0x0b130000,0x0b180000)]
  0x08f11400 JavaThread "Thread-96" [_thread_in_native, id=5788, stack(0x0b0a0000,0x0b0f0000)]
  0x08f12000 JavaThread "Thread-95" [_thread_in_native, id=5572, stack(0x0b010000,0x0b060000)]
  0x08f10000 JavaThread "Thread-94" [_thread_in_native, id=9968, stack(0x0af80000,0x0afd0000)]
  0x08f10c00 JavaThread "Thread-93" [_thread_in_native, id=4700, stack(0x0aef0000,0x0af40000)]
  0x08f12400 JavaThread "Thread-92" [_thread_in_native, id=5476, stack(0x0ae60000,0x0aeb0000)]
  0x08f11800 JavaThread "Thread-91" [_thread_in_native, id=9288, stack(0x0add0000,0x0ae20000)]
  0x08dd6000 JavaThread "Thread-90" [_thread_in_native, id=44, stack(0x0ad40000,0x0ad90000)]
  0x08dd5400 JavaThread "Thread-89" [_thread_in_native, id=9632, stack(0x0acb0000,0x0ad00000)]
  0x08dd5c00 JavaThread "Thread-88" [_thread_in_native, id=3720, stack(0x0ac20000,0x0ac70000)]
  0x08dd4000 JavaThread "Thread-87" [_thread_in_native, id=10324, stack(0x0ab90000,0x0abe0000)]
  0x090e2400 JavaThread "Thread-86" [_thread_in_native, id=8456, stack(0x0ab00000,0x0ab50000)]
  0x090e1c00 JavaThread "Thread-85" [_thread_in_native, id=7864, stack(0x0aa70000,0x0aac0000)]
  0x090e1800 JavaThread "Thread-84" [_thread_in_native, id=3324, stack(0x0a9e0000,0x0aa30000)]
  0x090e0000 JavaThread "Thread-83" [_thread_in_native, id=3568, stack(0x0a950000,0x0a9a0000)]
  0x090e3000 JavaThread "Thread-82" [_thread_in_native, id=3736, stack(0x0a8c0000,0x0a910000)]
  0x090e1000 JavaThread "Keep-Alive-Timer" daemon [_thread_blocked, id=7440, stack(0x0a830000,0x0a880000)]
  0x08dd7c00 JavaThread "Thread-56" [_thread_in_native, id=9032, stack(0x0a710000,0x0a760000)]
  0x08dd7400 JavaThread "Thread-55" [_thread_in_native, id=4668, stack(0x0a680000,0x0a6d0000)]
  0x08dd6800 JavaThread "Thread-54" [_thread_in_native, id=5356, stack(0x0a5f0000,0x0a640000)]
  0x08dd4800 JavaThread "Thread-53" [_thread_in_native, id=4432, stack(0x0a560000,0x0a5b0000)]
  0x08dd5000 JavaThread "Thread-52" [_thread_in_native, id=8472, stack(0x0a4d0000,0x0a520000)]
  0x08dd6c00 JavaThread "Thread-51" [_thread_in_native, id=8840, stack(0x0a440000,0x0a490000)]
  0x08f0dc00 JavaThread "Thread-50" [_thread_in_native, id=7420, stack(0x0a3b0000,0x0a400000)]
  0x08f0c400 JavaThread "Thread-49" [_thread_in_native, id=7592, stack(0x0a320000,0x0a370000)]
  0x08f0c000 JavaThread "Thread-48" [_thread_in_native, id=9364, stack(0x0a290000,0x0a2e0000)]
  0x08f0cc00 JavaThread "Thread-47" [_thread_in_native, id=10652, stack(0x0a200000,0x0a250000)]
  0x08f0b000 JavaThread "Thread-46" [_thread_in_native, id=10380, stack(0x0a170000,0x0a1c0000)]
  0x08f0ec00 JavaThread "Thread-45" [_thread_in_native, id=1472, stack(0x0a0e0000,0x0a130000)]
  0x08f0d800 JavaThread "Thread-44" [_thread_in_native, id=7480, stack(0x0a050000,0x0a0a0000)]
  0x08f0b800 JavaThread "Thread-43" [_thread_in_native, id=7224, stack(0x09fc0000,0x0a010000)]
  0x08f0d000 JavaThread "Thread-42" [_thread_in_native, id=10288, stack(0x09f30000,0x09f80000)]
  0x08f0e400 JavaThread "Thread-41" [_thread_in_native, id=6336, stack(0x09ea0000,0x09ef0000)]
  0x05d5cc00 JavaThread "Thread-40" [_thread_in_native, id=5284, stack(0x09e10000,0x09e60000)]
  0x05d5d800 JavaThread "Thread-39" [_thread_in_native, id=9788, stack(0x09d80000,0x09dd0000)]
  0x05d5c400 JavaThread "Thread-38" [_thread_in_native, id=10692, stack(0x08660000,0x086b0000)]
  0x05d5b800 JavaThread "Thread-37" [_thread_in_native, id=10952, stack(0x08020000,0x08070000)]
  0x05d5f000 JavaThread "Thread-36" [_thread_in_native, id=1324, stack(0x07f90000,0x07fe0000)]
  0x05d5d400 JavaThread "Thread-35" [_thread_in_native, id=11160, stack(0x07f00000,0x07f50000)]
  0x05d5e000 JavaThread "Thread-34" [_thread_in_native, id=3688, stack(0x07eb0000,0x07f00000)]
  0x05d5c000 JavaThread "Thread-33" [_thread_in_native, id=6848, stack(0x07d30000,0x07d80000)]
  0x05d5e400 JavaThread "WeakCollectionCleaner" daemon [_thread_blocked, id=10440, stack(0x09d30000,0x09d80000)]
  0x05c73400 JavaThread "TimerQueue" daemon [_thread_blocked, id=6460, stack(0x07c90000,0x07ce0000)]
  0x04e19c00 JavaThread "Image Animator 3" daemon [_thread_blocked, id=8888, stack(0x07bc0000,0x07c10000)]
  0x00c9e000 JavaThread "DestroyJavaVM" [_thread_blocked, id=10596, stack(0x025d0000,0x02620000)]
  0x05a38800 JavaThread "AWT-EventQueue-0" [_thread_blocked, id=10368, stack(0x05e70000,0x05ec0000)]
  0x04ed7c00 JavaThread "AWT-Shutdown" [_thread_blocked, id=5652, stack(0x05540000,0x05590000)]
  0x04ed6c00 JavaThread "Java2D Disposer" daemon [_thread_blocked, id=1416, stack(0x05360000,0x053b0000)]
  0x027b9000 JavaThread "Service Thread" daemon [_thread_blocked, id=8716, stack(0x04c70000,0x04cc0000)]
  0x027b4c00 JavaThread "C1 CompilerThread0" daemon [_thread_blocked, id=4696, stack(0x04be0000,0x04c30000)]
  0x027b3000 JavaThread "Attach Listener" daemon [_thread_blocked, id=6700, stack(0x04b50000,0x04ba0000)]
  0x027b0c00 JavaThread "Signal Dispatcher" daemon [_thread_blocked, id=8084, stack(0x04ac0000,0x04b10000)]
  0x02742800 JavaThread "Finalizer" daemon [_thread_blocked, id=10848, stack(0x04a30000,0x04a80000)]
  0x02741000 JavaThread "Reference Handler" daemon [_thread_blocked, id=5584, stack(0x049a0000,0x049f0000)]

Other Threads:
=>0x0273fc00 VMThread [stack: 0x04910000,0x04960000] [id=5932]

VM state:at safepoint (shutting down)

VM Mutex/Monitor currently owned by a thread:  ([mutex/lock_event])
[0x00c9c608] Threads_lock - owner thread: 0x0273fc00

Heap
 def new generation   total 35712K, used 8673K [0x24000000, 0x266b0000, 0x29550000)
  eden space 31808K,  27% used [0x24000000, 0x24878558, 0x25f10000)
  from space 3904K,   0% used [0x25f10000, 0x25f10000, 0x262e0000)
  to   space 3904K,   0% used [0x262e0000, 0x262e0000, 0x266b0000)
 tenured generation   total 78740K, used 47242K [0x29550000, 0x2e235000, 0x34000000)
   the space 78740K,  59% used [0x29550000, 0x2c372a40, 0x2c372c00, 0x2e235000)
 compacting perm gen  total 12288K, used 8817K [0x34000000, 0x34c00000, 0x38000000)
   the space 12288K,  71% used [0x34000000, 0x3489c5d8, 0x3489c600, 0x34c00000)
    ro space 10240K,  42% used [0x38000000, 0x38434778, 0x38434800, 0x38a00000)
    rw space 12288K,  52% used [0x38a00000, 0x39049a68, 0x39049c00, 0x39600000)

Card table byte_map: [0x04820000,0x048d0000] byte_map_base: 0x04700000

Polling page: 0x00c60000

Code Cache  [0x02820000, 0x02a70000, 0x04820000)
 total_blobs=1411 nmethods=1122 adapters=225 free_code_cache=30427Kb largest_free_block=31157184

Compilation events (10 events):
Event: 22.541 Thread 0x027b4c00 1127             java.awt.Font::hashCode (76 bytes)
Event: 22.542 Thread 0x027b4c00 nmethod 1127 0x02a67e48 code [0x02a67f60, 0x02a68078]
Event: 22.702 Thread 0x027b4c00 1128             sun.font.FontDesignMetrics$MetricsKey::hashCode (5 bytes)
Event: 22.702 Thread 0x027b4c00 nmethod 1128 0x02a68188 code [0x02a68280, 0x02a68300]
Event: 22.832 Thread 0x027b4c00 1129             sun.awt.windows.WComponentPeer::updateCursorImmediately (7 bytes)
Event: 22.833 Thread 0x027b4c00 nmethod 1129 0x02a68348 code [0x02a68470, 0x02a68718]
Event: 23.425 Thread 0x027b4c00 1130             sun.font.FontDesignMetrics::getDefaultFrc (53 bytes)
Event: 23.426 Thread 0x027b4c00 nmethod 1130 0x02a688c8 code [0x02a68a30, 0x02a68e18]
Event: 23.828 Thread 0x027b4c00 1131             sun.java2d.SurfaceData::canRenderParallelograms (146 bytes)
Event: 23.829 Thread 0x027b4c00 nmethod 1131 0x02a69008 code [0x02a69130, 0x02a69328]

GC Heap History (10 events):
Event: 11.187 GC heap before
{Heap before GC invocations=16 (full 4):
 def new generation   total 18880K, used 16832K [0x24000000, 0x25470000, 0x29550000)
  eden space 16832K, 100% used [0x24000000, 0x25070000, 0x25070000)
  from space 2048K,   0% used [0x25070000, 0x25070000, 0x25270000)
  to   space 2048K,   0% used [0x25270000, 0x25270000, 0x25470000)
 tenured generation   total 41704K, used 25020K [0x29550000, 0x2be0a000, 0x34000000)
   the space 41704K,  59% used [0x29550000, 0x2adbf180, 0x2adbf200, 0x2be0a000)
 compacting perm gen  total 12288K, used 8780K [0x34000000, 0x34c00000, 0x38000000)
   the space 12288K,  71% used [0x34000000, 0x348931a0, 0x34893200, 0x34c00000)
    ro space 10240K,  42% used [0x38000000, 0x38434778, 0x38434800, 0x38a00000)
    rw space 12288K,  52% used [0x38a00000, 0x39049a68, 0x39049c00, 0x39600000)
Event: 11.192 GC heap after
Heap after GC invocations=17 (full 4):
 def new generation   total 18880K, used 2048K [0x24000000, 0x25470000, 0x29550000)
  eden space 16832K,   0% used [0x24000000, 0x24000000, 0x25070000)
  from space 2048K, 100% used [0x25270000, 0x25470000, 0x25470000)
  to   space 2048K,   0% used [0x25070000, 0x25070000, 0x25270000)
 tenured generation   total 41704K, used 29612K [0x29550000, 0x2be0a000, 0x34000000)
   the space 41704K,  71% used [0x29550000, 0x2b23b100, 0x2b23b200, 0x2be0a000)
 compacting perm gen  total 12288K, used 8780K [0x34000000, 0x34c00000, 0x38000000)
   the space 12288K,  71% used [0x34000000, 0x348931a0, 0x34893200, 0x34c00000)
    ro space 10240K,  42% used [0x38000000, 0x38434778, 0x38434800, 0x38a00000)
    rw space 12288K,  52% used [0x38a00000, 0x39049a68, 0x39049c00, 0x39600000)
}
Event: 12.505 GC heap before
{Heap before GC invocations=17 (full 4):
 def new generation   total 18880K, used 18773K [0x24000000, 0x25470000, 0x29550000)
  eden space 16832K,  99% used [0x24000000, 0x25055618, 0x25070000)
  from space 2048K, 100% used [0x25270000, 0x25470000, 0x25470000)
  to   space 2048K,   0% used [0x25070000, 0x25070000, 0x25270000)
 tenured generation   total 41704K, used 29868K [0x29550000, 0x2be0a000, 0x34000000)
   the space 41704K,  71% used [0x29550000, 0x2b27b110, 0x2b27b200, 0x2be0a000)
 compacting perm gen  total 12288K, used 8780K [0x34000000, 0x34c00000, 0x38000000)
   the space 12288K,  71% used [0x34000000, 0x34893220, 0x34893400, 0x34c00000)
    ro space 10240K,  42% used [0x38000000, 0x38434778, 0x38434800, 0x38a00000)
    rw space 12288K,  52% used [0x38a00000, 0x39049a68, 0x39049c00, 0x39600000)
Event: 12.513 GC heap after
Heap after GC invocations=18 (full 4):
 def new generation   total 18880K, used 2048K [0x24000000, 0x25470000, 0x29550000)
  eden space 16832K,   0% used [0x24000000, 0x24000000, 0x25070000)
  from space 2048K, 100% used [0x25070000, 0x25270000, 0x25270000)
  to   space 2048K,   0% used [0x25270000, 0x25270000, 0x25470000)
 tenured generation   total 41704K, used 37325K [0x29550000, 0x2be0a000, 0x34000000)
   the space 41704K,  89% used [0x29550000, 0x2b9c3618, 0x2b9c3800, 0x2be0a000)
 compacting perm gen  total 12288K, used 8780K [0x34000000, 0x34c00000, 0x38000000)
   the space 12288K,  71% used [0x34000000, 0x34893220, 0x34893400, 0x34c00000)
    ro space 10240K,  42% used [0x38000000, 0x38434778, 0x38434800, 0x38a00000)
    rw space 12288K,  52% used [0x38a00000, 0x39049a68, 0x39049c00, 0x39600000)
}
Event: 14.951 GC heap before
{Heap before GC invocations=18 (full 4):
 def new generation   total 18880K, used 17512K [0x24000000, 0x25470000, 0x29550000)
  eden space 16832K,  91% used [0x24000000, 0x24f1a210, 0x25070000)
  from space 2048K, 100% used [0x25070000, 0x25270000, 0x25270000)
  to   space 2048K,   0% used [0x25270000, 0x25270000, 0x25470000)
 tenured generation   total 41704K, used 37325K [0x29550000, 0x2be0a000, 0x34000000)
   the space 41704K,  89% used [0x29550000, 0x2b9c3618, 0x2b9c3800, 0x2be0a000)
 compacting perm gen  total 12288K, used 8798K [0x34000000, 0x34c00000, 0x38000000)
   the space 12288K,  71% used [0x34000000, 0x34897850, 0x34897a00, 0x34c00000)
    ro space 10240K,  42% used [0x38000000, 0x38434778, 0x38434800, 0x38a00000)
    rw space 12288K,  52% used [0x38a00000, 0x39049a68, 0x39049c00, 0x39600000)
Event: 15.020 GC heap after
Heap after GC invocations=19 (full 5):
 def new generation   total 30208K, used 0K [0x24000000, 0x260c0000, 0x29550000)
  eden space 26880K,   0% used [0x24000000, 0x24000000, 0x25a40000)
  from space 3328K,   0% used [0x25a40000, 0x25a40000, 0x25d80000)
  to   space 3328K,   0% used [0x25d80000, 0x25d80000, 0x260c0000)
 tenured generation   total 66804K, used 40081K [0x29550000, 0x2d68d000, 0x34000000)
   the space 66804K,  59% used [0x29550000, 0x2bc74438, 0x2bc74600, 0x2d68d000)
 compacting perm gen  total 12288K, used 8798K [0x34000000, 0x34c00000, 0x38000000)
   the space 12288K,  71% used [0x34000000, 0x34897850, 0x34897a00, 0x34c00000)
    ro space 10240K,  42% used [0x38000000, 0x38434778, 0x38434800, 0x38a00000)
    rw space 12288K,  52% used [0x38a00000, 0x39049a68, 0x39049c00, 0x39600000)
}
Event: 17.238 GC heap before
{Heap before GC invocations=19 (full 5):
 def new generation   total 30208K, used 27395K [0x24000000, 0x260c0000, 0x29550000)
  eden space 26880K, 100% used [0x24000000, 0x25a40000, 0x25a40000)
  from space 3328K,  15% used [0x25a40000, 0x25ac0c50, 0x25d80000)
  to   space 3328K,   0% used [0x25d80000, 0x25d80000, 0x260c0000)
 tenured generation   total 66804K, used 40081K [0x29550000, 0x2d68d000, 0x34000000)
   the space 66804K,  59% used [0x29550000, 0x2bc74438, 0x2bc74600, 0x2d68d000)
 compacting perm gen  total 12288K, used 8807K [0x34000000, 0x34c00000, 0x38000000)
   the space 12288K,  71% used [0x34000000, 0x34899ff8, 0x3489a000, 0x34c00000)
    ro space 10240K,  42% used [0x38000000, 0x38434778, 0x38434800, 0x38a00000)
    rw space 12288K,  52% used [0x38a00000, 0x39049a68, 0x39049c00, 0x39600000)
Event: 17.249 GC heap after
Heap after GC invocations=20 (full 5):
 def new generation   total 30208K, used 3328K [0x24000000, 0x260c0000, 0x29550000)
  eden space 26880K,   0% used [0x24000000, 0x24000000, 0x25a40000)
  from space 3328K, 100% used [0x25d80000, 0x260c0000, 0x260c0000)
  to   space 3328K,   0% used [0x25a40000, 0x25a40000, 0x25d80000)
 tenured generation   total 66804K, used 54346K [0x29550000, 0x2d68d000, 0x34000000)
   the space 66804K,  81% used [0x29550000, 0x2ca629f8, 0x2ca62a00, 0x2d68d000)
 compacting perm gen  total 12288K, used 8807K [0x34000000, 0x34c00000, 0x38000000)
   the space 12288K,  71% used [0x34000000, 0x34899ff8, 0x3489a000, 0x34c00000)
    ro space 10240K,  42% used [0x38000000, 0x38434778, 0x38434800, 0x38a00000)
    rw space 12288K,  52% used [0x38a00000, 0x39049a68, 0x39049c00, 0x39600000)
}
Event: 18.046 GC heap before
{Heap before GC invocations=20 (full 5):
 def new generation   total 30208K, used 27826K [0x24000000, 0x260c0000, 0x29550000)
  eden space 26880K,  91% used [0x24000000, 0x257ecb68, 0x25a40000)
  from space 3328K, 100% used [0x25d80000, 0x260c0000, 0x260c0000)
  to   space 3328K,   0% used [0x25a40000, 0x25a40000, 0x25d80000)
 tenured generation   total 66804K, used 54346K [0x29550000, 0x2d68d000, 0x34000000)
   the space 66804K,  81% used [0x29550000, 0x2ca629f8, 0x2ca62a00, 0x2d68d000)
 compacting perm gen  total 12288K, used 8808K [0x34000000, 0x34c00000, 0x38000000)
   the space 12288K,  71% used [0x34000000, 0x3489a018, 0x3489a200, 0x34c00000)
    ro space 10240K,  42% used [0x38000000, 0x38434778, 0x38434800, 0x38a00000)
    rw space 12288K,  52% used [0x38a00000, 0x39049a68, 0x39049c00, 0x39600000)
Event: 18.117 GC heap after
Heap after GC invocations=21 (full 6):
 def new generation   total 35712K, used 0K [0x24000000, 0x266b0000, 0x29550000)
  eden space 31808K,   0% used [0x24000000, 0x24000000, 0x25f10000)
  from space 3904K,   0% used [0x25f10000, 0x25f10000, 0x262e0000)
  to   space 3904K,   0% used [0x262e0000, 0x262e0000, 0x266b0000)
 tenured generation   total 78740K, used 47242K [0x29550000, 0x2e235000, 0x34000000)
   the space 78740K,  59% used [0x29550000, 0x2c372a40, 0x2c372c00, 0x2e235000)
 compacting perm gen  total 12288K, used 8808K [0x34000000, 0x34c00000, 0x38000000)
   the space 12288K,  71% used [0x34000000, 0x3489a018, 0x3489a200, 0x34c00000)
    ro space 10240K,  42% used [0x38000000, 0x38434778, 0x38434800, 0x38a00000)
    rw space 12288K,  52% used [0x38a00000, 0x39049a68, 0x39049c00, 0x39600000)
}

Deoptimization events (0 events):
No events

Internal exceptions (10 events):
Event: 11.089 Thread 0x05a38800 Threw 0x24e2c150 at C:\re\jdk7u60\1081\hotspot\src\share\vm\prims\jvm.cpp:1244
Event: 11.089 Thread 0x05a38800 Threw 0x24e31600 at C:\re\jdk7u60\1081\hotspot\src\share\vm\prims\jvm.cpp:1244
Event: 11.089 Thread 0x05a38800 Threw 0x24e369f0 at C:\re\jdk7u60\1081\hotspot\src\share\vm\prims\jvm.cpp:1244
Event: 11.090 Thread 0x05a38800 Threw 0x24e3be60 at C:\re\jdk7u60\1081\hotspot\src\share\vm\prims\jvm.cpp:1244
Event: 11.090 Thread 0x05a38800 Threw 0x24e41270 at C:\re\jdk7u60\1081\hotspot\src\share\vm\prims\jvm.cpp:1244
Event: 11.090 Thread 0x05a38800 Threw 0x24e46920 at C:\re\jdk7u60\1081\hotspot\src\share\vm\prims\jvm.cpp:1244
Event: 11.176 Thread 0x05d5ec00 Threw 0x24e9d230 at C:\re\jdk7u60\1081\hotspot\src\share\vm\prims\jvm.cpp:2917
Event: 11.176 Thread 0x08f0d000 Threw 0x24ea9cd8 at C:\re\jdk7u60\1081\hotspot\src\share\vm\prims\jvm.cpp:1244
Event: 14.928 Thread 0x05a38800 Threw 0x24cb9618 at C:\re\jdk7u60\1081\hotspot\src\share\vm\prims\jvm.cpp:1244
Event: 14.930 Thread 0x05a38800 Threw 0x24cbed58 at C:\re\jdk7u60\1081\hotspot\src\share\vm\prims\jvm.cpp:1244

Events (10 events):
Event: 23.896 loading class 0x39670c20
Event: 23.896 Thread 0x027c5400 Thread exited: 0x027c5400
Event: 23.896 Thread 0x027c3400 Thread exited: 0x027c3400
Event: 23.896 loading class 0x39670bc8
Event: 23.896 loading class 0x39670bc8 done
Event: 23.896 loading class 0x39670c20 done
Event: 23.896 Thread 0x027c3000 Thread exited: 0x027c3000
Event: 23.908 Thread 0x04ed8400 Thread exited: 0x04ed8400
Event: 23.997 Thread 0x027c4400 Thread exited: 0x027c4400
Event: 23.997 Executing VM operation: Exit


Dynamic libraries:
0x00a70000 - 0x00a9f000 	C:\Program Files (x86)\Java\jre7\bin\javaw.exe
0x76fe0000 - 0x77137000 	C:\Windows\SYSTEM32\ntdll.dll
0x74690000 - 0x747c0000 	C:\Windows\SYSTEM32\KERNEL32.DLL
0x76a80000 - 0x76b27000 	C:\Windows\SYSTEM32\KERNELBASE.dll
0x747c0000 - 0x7486e000 	C:\Windows\SYSTEM32\ADVAPI32.dll
0x764f0000 - 0x76606000 	C:\Windows\SYSTEM32\USER32.dll
0x73130000 - 0x73328000 	C:\Windows\WinSxS\x86_microsoft.windows.common-controls_6595b64144ccf1df_6.0.9200.16579_none_8937eec6860750f5\COMCTL32.dll
0x76000000 - 0x760b1000 	C:\Windows\SYSTEM32\msvcrt.dll
0x74870000 - 0x748a4000 	C:\Windows\SYSTEM32\sechost.dll
0x760c0000 - 0x7616c000 	C:\Windows\SYSTEM32\RPCRT4.dll
0x748b0000 - 0x749ad000 	C:\Windows\SYSTEM32\GDI32.dll
0x745d0000 - 0x745ed000 	C:\Windows\SYSTEM32\SspiCli.dll
0x745c0000 - 0x745c9000 	C:\Windows\SYSTEM32\CRYPTBASE.dll
0x74560000 - 0x745b1000 	C:\Windows\SYSTEM32\bcryptPrimitives.dll
0x762e0000 - 0x76300000 	C:\Windows\system32\IMM32.DLL
0x76680000 - 0x7675e000 	C:\Windows\SYSTEM32\MSCTF.dll
0x5e970000 - 0x5ea2f000 	C:\Program Files (x86)\Java\jre7\bin\msvcr100.dll
0x5e310000 - 0x5e698000 	C:\Program Files (x86)\Java\jre7\bin\client\jvm.dll
0x71c10000 - 0x71c18000 	C:\Windows\SYSTEM32\WSOCK32.dll
0x71fb0000 - 0x71fd1000 	C:\Windows\SYSTEM32\WINMM.dll
0x76300000 - 0x76306000 	C:\Windows\SYSTEM32\PSAPI.DLL
0x75f80000 - 0x75fd0000 	C:\Windows\SYSTEM32\WS2_32.dll
0x71c70000 - 0x71c9b000 	C:\Windows\SYSTEM32\WINMMBASE.dll
0x75ff0000 - 0x75ff8000 	C:\Windows\SYSTEM32\NSI.dll
0x76b30000 - 0x76b76000 	C:\Windows\SYSTEM32\cfgmgr32.dll
0x75f00000 - 0x75f1e000 	C:\Windows\SYSTEM32\DEVOBJ.dll
0x720a0000 - 0x720ac000 	C:\Program Files (x86)\Java\jre7\bin\verify.dll
0x70bb0000 - 0x70bd0000 	C:\Program Files (x86)\Java\jre7\bin\java.dll
0x70b90000 - 0x70ba3000 	C:\Program Files (x86)\Java\jre7\bin\zip.dll
0x6f490000 - 0x6f5d3000 	C:\Program Files (x86)\Java\jre7\bin\awt.dll
0x76c00000 - 0x76c8b000 	C:\Windows\SYSTEM32\OLEAUT32.dll
0x76de0000 - 0x76f16000 	C:\Windows\SYSTEM32\combase.dll
0x72dd0000 - 0x72e77000 	C:\Windows\system32\apphelp.dll
0x71a40000 - 0x71a59000 	C:\Windows\system32\DWMAPI.DLL
0x726b0000 - 0x72738000 	C:\Windows\system32\uxtheme.dll
0x76760000 - 0x76879000 	C:\Windows\SYSTEM32\ole32.dll
0x74da0000 - 0x75e66000 	C:\Windows\SYSTEM32\SHELL32.dll
0x75f40000 - 0x75f80000 	C:\Windows\SYSTEM32\SHLWAPI.dll
0x73330000 - 0x733a3000 	C:\Windows\SYSTEM32\shcore.dll
0x718b0000 - 0x718e9000 	C:\Program Files (x86)\Java\jre7\bin\fontmanager.dll
0x6f250000 - 0x6f264000 	C:\Program Files (x86)\Java\jre7\bin\net.dll
0x72e80000 - 0x72eca000 	C:\Windows\system32\mswsock.dll
0x718a0000 - 0x718af000 	C:\Program Files (x86)\Java\jre7\bin\nio.dll
0x706d0000 - 0x70700000 	C:\Program Files (x86)\Java\jre7\bin\t2k.dll
0x76b80000 - 0x76bf4000 	C:\Windows\SYSTEM32\clbcatq.dll
0x6a8a0000 - 0x6a9eb000 	C:\Windows\SYSTEM32\WindowsCodecs.dll
0x76dc0000 - 0x76dd1000 	C:\Windows\SYSTEM32\profapi.dll
0x68440000 - 0x68464000 	C:\Program Files (x86)\Java\jre7\bin\dcpr.dll
0x5e900000 - 0x5e96d000 	C:\binaries\terrajava.dll
0x5e220000 - 0x5e307000 	C:\binaries\terramanager-funcate.dll
0x59300000 - 0x59ba6000 	C:\binaries\terralib.dll
0x64af0000 - 0x64b59000 	C:\Windows\SYSTEM32\MSVCP100.dll
0x6d880000 - 0x6db4c000 	C:\binaries\bgd.dll
0x66b80000 - 0x66b9b000 	C:\binaries\terraogc_xml.dll
0x60460000 - 0x6047d000 	C:\binaries\terraogc_sld.dll
0x5f9a0000 - 0x5f9c6000 	C:\binaries\terraogc_se.dll
0x5e8c0000 - 0x5e8f6000 	C:\binaries\terraogc_filter.dll
0x5e1c0000 - 0x5e212000 	C:\binaries\terraogc_ows.dll
0x5f980000 - 0x5f999000 	C:\binaries\terraogc_common.dll
0x684c0000 - 0x684cb000 	C:\binaries\terralib_shp.dll
0x60450000 - 0x6045e000 	C:\binaries\terralib_spl.dll
0x06400000 - 0x067f6000 	C:\binaries\qt-mt338.dll
0x613d0000 - 0x6149e000 	C:\Windows\SYSTEM32\OPENGL32.dll
0x613a0000 - 0x613c3000 	C:\Windows\SYSTEM32\GLU32.dll
0x5e140000 - 0x5e1bf000 	C:\binaries\qwt500.dll
0x0f270000 - 0x1126f000 	C:\binaries\berkelium.dll
0x06800000 - 0x06941000 	C:\binaries\LIBMYSQL.dll
0x63100000 - 0x63121000 	C:\binaries\LIBPQ.dll
0x06950000 - 0x069b1000 	C:\binaries\OCI.dll
0x5da30000 - 0x5daba000 	C:\binaries\libtiff.dll
0x56580000 - 0x56d52000 	C:\binaries\gdal110.dll
0x12000000 - 0x121dc000 	C:\binaries\xerces-c_3_1.dll
0x592a0000 - 0x592f5000 	C:\binaries\terraogc_wms.dll
0x59240000 - 0x59293000 	C:\binaries\terraogc_gml.dll
0x5e0f0000 - 0x5e131000 	C:\binaries\terraogc_xsd.dll
0x5a810000 - 0x5a830000 	C:\binaries\terraogc_xacml.dll
0x71f30000 - 0x71f90000 	C:\Windows\SYSTEM32\WINSPOOL.DRV
0x7c340000 - 0x7c396000 	C:\Windows\SYSTEM32\MSVCR71.dll
0x608a0000 - 0x60979000 	C:\Windows\SYSTEM32\DDRAW.dll
0x727a0000 - 0x727a9000 	C:\Windows\SYSTEM32\Secur32.dll
0x75f20000 - 0x75f3b000 	C:\Windows\SYSTEM32\USERENV.dll
0x71520000 - 0x71570000 	C:\Windows\SYSTEM32\OLEACC.dll
0x54200000 - 0x54276000 	C:\Windows\SYSTEM32\RICHED20.dll
0x72ee0000 - 0x72ee8000 	C:\Windows\SYSTEM32\VERSION.dll
0x720b0000 - 0x720c4000 	C:\Windows\SYSTEM32\USP10.dll
0x72c50000 - 0x72cc5000 	C:\Windows\SYSTEM32\DNSAPI.dll
0x06a60000 - 0x06b0a000 	C:\Windows\libeay32.dll
0x06b10000 - 0x06b1d000 	C:\binaries\libintl-2.dll
0x72ed0000 - 0x72ed6000 	C:\Windows\SYSTEM32\SHFOLDER.DLL
0x06b20000 - 0x06b46000 	C:\Windows\ssleay32.dll
0x06b50000 - 0x06b76000 	C:\binaries\libexpat.dll
0x60770000 - 0x60811000 	C:\Windows\SYSTEM32\ODBC32.dll
0x60760000 - 0x60767000 	C:\Windows\SYSTEM32\DCIMAN32.dll
0x663b0000 - 0x663db000 	C:\Windows\SYSTEM32\msls31.dll
0x06bd0000 - 0x06cab000 	C:\binaries\libiconv-2.dll
0x6f600000 - 0x6f61d000 	C:\Windows\SYSTEM32\gpapi.dll
0x74530000 - 0x74556000 	C:\Windows\SYSTEM32\ntmarta.dll
0x54e60000 - 0x55708000 	C:\binaries\icudt46.dll
0x53850000 - 0x53979000 	C:\Windows\SYSTEM32\dbghelp.dll
0x72040000 - 0x72050000 	C:\Windows\system32\napinsp.dll
0x72020000 - 0x72034000 	C:\Windows\system32\pnrpnsp.dll
0x72010000 - 0x72020000 	C:\Windows\system32\NLAapi.dll
0x72000000 - 0x72009000 	C:\Windows\System32\winrnr.dll
0x71ac0000 - 0x71ad0000 	C:\Windows\system32\wshbth.dll
0x726a0000 - 0x726a7000 	C:\Windows\System32\rasadhlp.dll
0x71c30000 - 0x71c6f000 	C:\Windows\System32\fwpuclnt.dll
0x72cd0000 - 0x72cf0000 	C:\Windows\SYSTEM32\IPHLPAPI.DLL
0x72c40000 - 0x72c48000 	C:\Windows\SYSTEM32\WINNSI.DLL
0x730d0000 - 0x730ea000 	C:\Windows\SYSTEM32\CRYPTSP.dll
0x73090000 - 0x730ce000 	C:\Windows\system32\rsaenh.dll
0x72c30000 - 0x72c40000 	C:\Windows\SYSTEM32\dhcpcsvc6.DLL
0x72c10000 - 0x72c22000 	C:\Windows\SYSTEM32\dhcpcsvc.DLL
0x59210000 - 0x59235000 	C:\Program Files (x86)\Java\jre7\bin\jpeg.dll

VM Arguments:
jvm_args: -Dfile.encoding=ISO-8859-1 
java_command: com.nexusbr.gv.main.ConnectDBMain
Launcher Type: SUN_STANDARD

Environment Variables:
JAVA_HOME=C:\Program Files (x86)\Java\jre7
PATH=C:/Program Files (x86)/Java/jre7/bin/client;C:/Program Files (x86)/Java/jre7/bin;C:/Program Files (x86)/Java/jre7/lib/i386;C:\Program Files (x86)\PHP\;c:\Program Files (x86)\Intel\iCLS Client\;c:\Program Files\Intel\iCLS Client\;C:\Windows\system32;C:\Windows;C:\Windows\System32\Wbem;C:\Windows\System32\WindowsPowerShell\v1.0\;C:\Program Files\Intel\Intel(R) Management Engine Components\DAL;C:\Program Files\Intel\Intel(R) Management Engine Components\IPT;C:\Program Files (x86)\Intel\Intel(R) Management Engine Components\DAL;C:\Program Files (x86)\Intel\Intel(R) Management Engine Components\IPT;C:\Program Files (x86)\Intel\OpenCL SDK\3.0\bin\x86;C:\Program Files (x86)\Intel\OpenCL SDK\3.0\bin\x64;C:\Program Files (x86)\Windows Live\Shared;C:\binaries;c:\Program Files (x86)\Microsoft SQL Server\100\Tools\Binn\;c:\Program Files\Microsoft SQL Server\100\Tools\Binn\;c:\Program Files\Microsoft SQL Server\100\DTS\Binn\;C:\strawberry\c\bin;C:\strawberry\perl\site\bin;C:\strawberry\perl\bin;C:\Program Files (x86)\Microsoft SQL Server\110\Tools\Binn\ManagementStudio\;C:\Program Files (x86)\Microsoft SQL Server\110\Tools\Binn\;C:\Program Files\Microsoft SQL Server\110\Tools\Binn\;C:\Program Files (x86)\Microsoft SQL Server\110\DTS\Binn\;C:\Program Files\TortoiseSVN\bin;C:\Python34;C:\Program Files (x86)\Java\jre7\bin;C:\eclipse;
USERNAME=inacio
OS=Windows_NT
PROCESSOR_IDENTIFIER=Intel64 Family 6 Model 69 Stepping 1, GenuineIntel



---------------  S Y S T E M  ---------------

OS: Windows 8 , 64 bit Build 9200 

CPU:total 4 (2 cores per cpu, 2 threads per core) family 6 model 69 stepping 1, cmov, cx8, fxsr, mmx, sse, sse2, sse3, ssse3, sse4.1, sse4.2, popcnt, avx, avx2, aes, erms, ht, tsc, tscinvbit

Memory: 4k page, physical 8290700k(2507404k free), swap 9535884k(3528244k free)

vm_info: Java HotSpot(TM) Client VM (24.60-b09) for windows-x86 JRE (1.7.0_60-b19), built on May  7 2014 13:09:52 by "java_re" with unknown MS VC++:1600

time: Fri Jul 04 08:54:50 2014
elapsed time: 24 seconds

