#
# A fatal error has been detected by the Java Runtime Environment:
#
#  EXCEPTION_ACCESS_VIOLATION (0xc0000005) at pc=0x102d9052, pid=8648, tid=6404
#
# JRE version: Java(TM) SE Runtime Environment (7.0_60-b19) (build 1.7.0_60-b19)
# Java VM: Java HotSpot(TM) Client VM (24.60-b09 mixed mode, sharing windows-x86 )
# Problematic frame:
# C  [berkelium.dll+0xa39052]
#
# Failed to write core dump. Minidumps are not enabled by default on client versions of Windows
#
# If you would like to submit a bug report, please visit:
#   http://bugreport.sun.com/bugreport/crash.jsp
#

---------------  T H R E A D  ---------------

Current thread (0x0224fc00):  VMThread [stack: 0x043e0000,0x04430000] [id=6404]

siginfo: ExceptionCode=0xc0000005, reading address 0x000000f8

Registers:
EAX=0x0442f754, EBX=0x000493e0, ECX=0x0442f754, EDX=0x46df94d0
ESP=0x0442f744, EBP=0x00000088, ESI=0x00000000, EDI=0x58c137d0
EIP=0x102d9052, EFLAGS=0x00010206

Top of Stack: (sp=0x0442f744)
0x0442f744:   06de1168 06de1168 06d3ab00 00000000
0x0442f754:   46df94d0 00000088 06dd36c0 06ddd900
0x0442f764:   00000000 00000000 00000000 74616401
0x0442f774:   69642d61 07010072 00000023 0000002f
0x0442f784:   00000000 06d67070 002e5bf4 06de1000
0x0442f794:   06d3ab44 ffffff00 0f90bf20 11429778
0x0442f7a4:   068b0030 00000000 0000000f 1142a730
0x0442f7b4:   00000001 0f909783 00000008 00000001 

Instructions: (pc=0x102d9052)
0x102d9032:   03 00 00 57 53 e8 f4 c8 60 ff 8b ea 8d 54 24 10
0x102d9042:   52 8b f8 e8 26 ca 00 00 83 c4 04 03 38 13 68 04
0x102d9052:   8b 86 f8 00 00 00 0b 86 fc 00 00 00 89 7c 24 20
0x102d9062:   89 6c 24 24 75 3e 39 84 24 d4 00 00 00 7f 35 7c 


Register to memory mapping:

EAX=
[error occurred during error reporting (printing register info), id 0xc0000005]

Stack: [0x043e0000,0x04430000],  sp=0x0442f744,  free space=317k
Native frames: (J=compiled Java code, j=interpreted, Vv=VM code, C=native code)
C  [berkelium.dll+0xa39052]

[error occurred during error reporting (printing native stack), id 0xc0000005]

VM_Operation (0x059ce880): Exit, mode: safepoint, requested by thread 0x05547c00


---------------  P R O C E S S  ---------------

Java Threads: ( => current thread )
  0x05870800 JavaThread "Thread-17" [_thread_blocked, id=1040, stack(0x07950000,0x079a0000)]
  0x05870c00 JavaThread "WeakCollectionCleaner" daemon [_thread_blocked, id=7928, stack(0x07810000,0x07860000)]
  0x05887000 JavaThread "TimerQueue" daemon [_thread_blocked, id=1424, stack(0x07780000,0x077d0000)]
  0x0577f000 JavaThread "Image Fetcher 3" daemon [_thread_blocked, id=7528, stack(0x076b0000,0x07700000)]
  0x006fe000 JavaThread "DestroyJavaVM" [_thread_blocked, id=10472, stack(0x007e0000,0x00830000)]
  0x05547c00 JavaThread "AWT-EventQueue-0" [_thread_blocked, id=7308, stack(0x05980000,0x059d0000)]
  0x049b8400 JavaThread "AWT-Shutdown" [_thread_blocked, id=9208, stack(0x05050000,0x050a0000)]
  0x049b7400 JavaThread "Java2D Disposer" daemon [_thread_blocked, id=9348, stack(0x04fc0000,0x05010000)]
  0x022c9000 JavaThread "Service Thread" daemon [_thread_blocked, id=11120, stack(0x04740000,0x04790000)]
  0x022c4c00 JavaThread "C1 CompilerThread0" daemon [_thread_blocked, id=7100, stack(0x046b0000,0x04700000)]
  0x022c3000 JavaThread "Attach Listener" daemon [_thread_blocked, id=10492, stack(0x04620000,0x04670000)]
  0x022c0c00 JavaThread "Signal Dispatcher" daemon [_thread_blocked, id=6960, stack(0x04590000,0x045e0000)]
  0x02256000 JavaThread "Finalizer" daemon [_thread_blocked, id=6668, stack(0x04500000,0x04550000)]
  0x02251000 JavaThread "Reference Handler" daemon [_thread_blocked, id=5124, stack(0x04470000,0x044c0000)]

Other Threads:
=>0x0224fc00 VMThread [stack: 0x043e0000,0x04430000] [id=6404]

VM state:at safepoint (shutting down)

VM Mutex/Monitor currently owned by a thread:  ([mutex/lock_event])
[0x006fc400] Threads_lock - owner thread: 0x0224fc00

Heap
 def new generation   total 13312K, used 3578K [0x24000000, 0x24e70000, 0x29550000)
  eden space 11840K,  30% used [0x24000000, 0x2437ebb8, 0x24b90000)
  from space 1472K,   0% used [0x24b90000, 0x24b90000, 0x24d00000)
  to   space 1472K,   0% used [0x24d00000, 0x24d00000, 0x24e70000)
 tenured generation   total 29504K, used 17701K [0x29550000, 0x2b220000, 0x34000000)
   the space 29504K,  59% used [0x29550000, 0x2a699780, 0x2a699800, 0x2b220000)
 compacting perm gen  total 12288K, used 8567K [0x34000000, 0x34c00000, 0x38000000)
   the space 12288K,  69% used [0x34000000, 0x3485df20, 0x3485e000, 0x34c00000)
    ro space 10240K,  42% used [0x38000000, 0x38434778, 0x38434800, 0x38a00000)
    rw space 12288K,  52% used [0x38a00000, 0x39049a68, 0x39049c00, 0x39600000)

Card table byte_map: [0x04330000,0x043e0000] byte_map_base: 0x04210000

Polling page: 0x00700000

Code Cache  [0x02330000, 0x024d8000, 0x04330000)
 total_blobs=991 nmethods=704 adapters=223 free_code_cache=31080Kb largest_free_block=31825600

Compilation events (10 events):
Event: 3.950 Thread 0x022c4c00  707             java.util.Hashtable::initHashSeedAsNeeded (61 bytes)
Event: 3.951 Thread 0x022c4c00 nmethod 707 0x024d5308 code [0x024d5410, 0x024d552c]
Event: 4.006 Thread 0x022c4c00  708             java.awt.geom.Point2D::<init> (5 bytes)
Event: 4.006 Thread 0x022c4c00 nmethod 708 0x024d5588 code [0x024d5680, 0x024d5700]
Event: 4.078 Thread 0x022c4c00  709             java.util.ArrayList::iterator (10 bytes)
Event: 4.078 Thread 0x022c4c00 nmethod 709 0x024d5748 code [0x024d5840, 0x024d5920]
Event: 4.085 Thread 0x022c4c00  710             sun.awt.AWTAutoShutdown::isReadyToShutdown (35 bytes)
Event: 4.086 Thread 0x022c4c00 nmethod 710 0x024d5988 code [0x024d5aa0, 0x024d5b98]
Event: 4.125 Thread 0x022c4c00  712             java.util.EventObject::<init> (24 bytes)
Event: 4.126 Thread 0x022c4c00 nmethod 712 0x024d5ec8 code [0x024d5fd0, 0x024d60cc]

GC Heap History (10 events):
Event: 2.960 GC heap before
{Heap before GC invocations=9 (full 1):
 def new generation   total 9344K, used 9343K [0x24000000, 0x24a20000, 0x29550000)
  eden space 8320K, 100% used [0x24000000, 0x24820000, 0x24820000)
  from space 1024K,  99% used [0x24920000, 0x24a1fff8, 0x24a20000)
  to   space 1024K,   0% used [0x24820000, 0x24820000, 0x24920000)
 tenured generation   total 20712K, used 15713K [0x29550000, 0x2a98a000, 0x34000000)
   the space 20712K,  75% used [0x29550000, 0x2a4a86d8, 0x2a4a8800, 0x2a98a000)
 compacting perm gen  total 12288K, used 7298K [0x34000000, 0x34c00000, 0x38000000)
   the space 12288K,  59% used [0x34000000, 0x347208e0, 0x34720a00, 0x34c00000)
    ro space 10240K,  42% used [0x38000000, 0x38434778, 0x38434800, 0x38a00000)
    rw space 12288K,  52% used [0x38a00000, 0x39049a68, 0x39049c00, 0x39600000)
Event: 2.968 GC heap after
Heap after GC invocations=10 (full 1):
 def new generation   total 9344K, used 1024K [0x24000000, 0x24a20000, 0x29550000)
  eden space 8320K,   0% used [0x24000000, 0x24000000, 0x24820000)
  from space 1024K, 100% used [0x24820000, 0x24920000, 0x24920000)
  to   space 1024K,   0% used [0x24920000, 0x24920000, 0x24a20000)
 tenured generation   total 20712K, used 17746K [0x29550000, 0x2a98a000, 0x34000000)
   the space 20712K,  85% used [0x29550000, 0x2a6a4880, 0x2a6a4a00, 0x2a98a000)
 compacting perm gen  total 12288K, used 7298K [0x34000000, 0x34c00000, 0x38000000)
   the space 12288K,  59% used [0x34000000, 0x347208e0, 0x34720a00, 0x34c00000)
    ro space 10240K,  42% used [0x38000000, 0x38434778, 0x38434800, 0x38a00000)
    rw space 12288K,  52% used [0x38a00000, 0x39049a68, 0x39049c00, 0x39600000)
}
Event: 3.152 GC heap before
{Heap before GC invocations=10 (full 1):
 def new generation   total 9344K, used 9344K [0x24000000, 0x24a20000, 0x29550000)
  eden space 8320K, 100% used [0x24000000, 0x24820000, 0x24820000)
  from space 1024K, 100% used [0x24820000, 0x24920000, 0x24920000)
  to   space 1024K,   0% used [0x24920000, 0x24920000, 0x24a20000)
 tenured generation   total 20712K, used 17746K [0x29550000, 0x2a98a000, 0x34000000)
   the space 20712K,  85% used [0x29550000, 0x2a6a4880, 0x2a6a4a00, 0x2a98a000)
 compacting perm gen  total 12288K, used 8083K [0x34000000, 0x34c00000, 0x38000000)
   the space 12288K,  65% used [0x34000000, 0x347e4d00, 0x347e4e00, 0x34c00000)
    ro space 10240K,  42% used [0x38000000, 0x38434778, 0x38434800, 0x38a00000)
    rw space 12288K,  52% used [0x38a00000, 0x39049a68, 0x39049c00, 0x39600000)
Event: 3.157 GC heap after
Heap after GC invocations=11 (full 1):
 def new generation   total 9344K, used 1024K [0x24000000, 0x24a20000, 0x29550000)
  eden space 8320K,   0% used [0x24000000, 0x24000000, 0x24820000)
  from space 1024K, 100% used [0x24920000, 0x24a20000, 0x24a20000)
  to   space 1024K,   0% used [0x24820000, 0x24820000, 0x24920000)
 tenured generation   total 20712K, used 20063K [0x29550000, 0x2a98a000, 0x34000000)
   the space 20712K,  96% used [0x29550000, 0x2a8e7e50, 0x2a8e8000, 0x2a98a000)
 compacting perm gen  total 12288K, used 8083K [0x34000000, 0x34c00000, 0x38000000)
   the space 12288K,  65% used [0x34000000, 0x347e4d00, 0x347e4e00, 0x34c00000)
    ro space 10240K,  42% used [0x38000000, 0x38434778, 0x38434800, 0x38a00000)
    rw space 12288K,  52% used [0x38a00000, 0x39049a68, 0x39049c00, 0x39600000)
}
Event: 3.225 GC heap before
{Heap before GC invocations=11 (full 1):
 def new generation   total 9344K, used 8842K [0x24000000, 0x24a20000, 0x29550000)
  eden space 8320K,  93% used [0x24000000, 0x247a29f0, 0x24820000)
  from space 1024K, 100% used [0x24920000, 0x24a20000, 0x24a20000)
  to   space 1024K,   0% used [0x24820000, 0x24820000, 0x24920000)
 tenured generation   total 20712K, used 20063K [0x29550000, 0x2a98a000, 0x34000000)
   the space 20712K,  96% used [0x29550000, 0x2a8e7e50, 0x2a8e8000, 0x2a98a000)
 compacting perm gen  total 12288K, used 8509K [0x34000000, 0x34c00000, 0x38000000)
   the space 12288K,  69% used [0x34000000, 0x3484f7f8, 0x3484f800, 0x34c00000)
    ro space 10240K,  42% used [0x38000000, 0x38434778, 0x38434800, 0x38a00000)
    rw space 12288K,  52% used [0x38a00000, 0x39049a68, 0x39049c00, 0x39600000)
Event: 3.273 GC heap after
Heap after GC invocations=12 (full 2):
 def new generation   total 12096K, used 0K [0x24000000, 0x24d20000, 0x29550000)
  eden space 10752K,   0% used [0x24000000, 0x24000000, 0x24a80000)
  from space 1344K,   0% used [0x24a80000, 0x24a80000, 0x24bd0000)
  to   space 1344K,   0% used [0x24bd0000, 0x24bd0000, 0x24d20000)
 tenured generation   total 26808K, used 16082K [0x29550000, 0x2af7e000, 0x34000000)
   the space 26808K,  59% used [0x29550000, 0x2a504b20, 0x2a504c00, 0x2af7e000)
 compacting perm gen  total 12288K, used 8509K [0x34000000, 0x34c00000, 0x38000000)
   the space 12288K,  69% used [0x34000000, 0x3484f7f8, 0x3484f800, 0x34c00000)
    ro space 10240K,  42% used [0x38000000, 0x38434778, 0x38434800, 0x38a00000)
    rw space 12288K,  52% used [0x38a00000, 0x39049a68, 0x39049c00, 0x39600000)
}
Event: 3.304 GC heap before
{Heap before GC invocations=12 (full 2):
 def new generation   total 12096K, used 10562K [0x24000000, 0x24d20000, 0x29550000)
  eden space 10752K,  98% used [0x24000000, 0x24a50ae8, 0x24a80000)
  from space 1344K,   0% used [0x24a80000, 0x24a80000, 0x24bd0000)
  to   space 1344K,   0% used [0x24bd0000, 0x24bd0000, 0x24d20000)
 tenured generation   total 26808K, used 16082K [0x29550000, 0x2af7e000, 0x34000000)
   the space 26808K,  59% used [0x29550000, 0x2a504b20, 0x2a504c00, 0x2af7e000)
 compacting perm gen  total 12288K, used 8518K [0x34000000, 0x34c00000, 0x38000000)
   the space 12288K,  69% used [0x34000000, 0x34851bf8, 0x34851c00, 0x34c00000)
    ro space 10240K,  42% used [0x38000000, 0x38434778, 0x38434800, 0x38a00000)
    rw space 12288K,  52% used [0x38a00000, 0x39049a68, 0x39049c00, 0x39600000)
Event: 3.307 GC heap after
Heap after GC invocations=13 (full 2):
 def new generation   total 12096K, used 1000K [0x24000000, 0x24d20000, 0x29550000)
  eden space 10752K,   0% used [0x24000000, 0x24000000, 0x24a80000)
  from space 1344K,  74% used [0x24bd0000, 0x24cca030, 0x24d20000)
  to   space 1344K,   0% used [0x24a80000, 0x24a80000, 0x24bd0000)
 tenured generation   total 26808K, used 25401K [0x29550000, 0x2af7e000, 0x34000000)
   the space 26808K,  94% used [0x29550000, 0x2ae1e598, 0x2ae1e600, 0x2af7e000)
 compacting perm gen  total 12288K, used 8518K [0x34000000, 0x34c00000, 0x38000000)
   the space 12288K,  69% used [0x34000000, 0x34851bf8, 0x34851c00, 0x34c00000)
    ro space 10240K,  42% used [0x38000000, 0x38434778, 0x38434800, 0x38a00000)
    rw space 12288K,  52% used [0x38a00000, 0x39049a68, 0x39049c00, 0x39600000)
}
Event: 3.325 GC heap before
{Heap before GC invocations=13 (full 2):
 def new generation   total 12096K, used 10566K [0x24000000, 0x24d20000, 0x29550000)
  eden space 10752K,  88% used [0x24000000, 0x24957ab8, 0x24a80000)
  from space 1344K,  74% used [0x24bd0000, 0x24cca030, 0x24d20000)
  to   space 1344K,   0% used [0x24a80000, 0x24a80000, 0x24bd0000)
 tenured generation   total 26808K, used 25401K [0x29550000, 0x2af7e000, 0x34000000)
   the space 26808K,  94% used [0x29550000, 0x2ae1e598, 0x2ae1e600, 0x2af7e000)
 compacting perm gen  total 12288K, used 8519K [0x34000000, 0x34c00000, 0x38000000)
   the space 12288K,  69% used [0x34000000, 0x34851ca8, 0x34851e00, 0x34c00000)
    ro space 10240K,  42% used [0x38000000, 0x38434778, 0x38434800, 0x38a00000)
    rw space 12288K,  52% used [0x38a00000, 0x39049a68, 0x39049c00, 0x39600000)
Event: 3.367 GC heap after
Heap after GC invocations=14 (full 3):
 def new generation   total 13312K, used 0K [0x24000000, 0x24e70000, 0x29550000)
  eden space 11840K,   0% used [0x24000000, 0x24000000, 0x24b90000)
  from space 1472K,   0% used [0x24b90000, 0x24b90000, 0x24d00000)
  to   space 1472K,   0% used [0x24d00000, 0x24d00000, 0x24e70000)
 tenured generation   total 29504K, used 17701K [0x29550000, 0x2b220000, 0x34000000)
   the space 29504K,  59% used [0x29550000, 0x2a699780, 0x2a699800, 0x2b220000)
 compacting perm gen  total 12288K, used 8519K [0x34000000, 0x34c00000, 0x38000000)
   the space 12288K,  69% used [0x34000000, 0x34851ca8, 0x34851e00, 0x34c00000)
    ro space 10240K,  42% used [0x38000000, 0x38434778, 0x38434800, 0x38a00000)
    rw space 12288K,  52% used [0x38a00000, 0x39049a68, 0x39049c00, 0x39600000)
}

Deoptimization events (0 events):
No events

Internal exceptions (10 events):
Event: 3.213 Thread 0x05870800 Threw 0x24340570 at C:\re\jdk7u60\1081\hotspot\src\share\vm\prims\jvm.cpp:1244
Event: 3.215 Thread 0x05547c00 Threw 0x2435a1d8 at C:\re\jdk7u60\1081\hotspot\src\share\vm\prims\jvm.cpp:1244
Event: 3.216 Thread 0x05872000 Threw 0x24366958 at C:\re\jdk7u60\1081\hotspot\src\share\vm\prims\jvm.cpp:1244
Event: 3.216 Thread 0x05547c00 Threw 0x24370390 at C:\re\jdk7u60\1081\hotspot\src\share\vm\prims\jvm.cpp:1244
Event: 3.216 Thread 0x05872000 Threw 0x2436bc20 at C:\re\jdk7u60\1081\hotspot\src\share\vm\prims\jvm.cpp:1244
Event: 3.217 Thread 0x05872000 Threw 0x2438d288 at C:\re\jdk7u60\1081\hotspot\src\share\vm\prims\jvm.cpp:1244
Event: 3.217 Thread 0x05872000 Threw 0x24392718 at C:\re\jdk7u60\1081\hotspot\src\share\vm\prims\jvm.cpp:1244
Event: 3.218 Thread 0x05872000 Threw 0x243a97d8 at C:\re\jdk7u60\1081\hotspot\src\share\vm\prims\jvm.cpp:1244
Event: 3.218 Thread 0x05547c00 Threw 0x24374400 at C:\re\jdk7u60\1081\hotspot\src\share\vm\prims\jvm.cpp:1244
Event: 3.284 Thread 0x05547c00 Threw 0x24101bf8 at C:\re\jdk7u60\1081\hotspot\src\share\vm\prims\jvm.cpp:1244

Events (10 events):
Event: 4.757 loading class 0x39670c20
Event: 4.757 loading class 0x39670bc8
Event: 4.757 loading class 0x39670bc8 done
Event: 4.757 loading class 0x39670c20 done
Event: 4.757 Thread 0x05871800 Thread exited: 0x05871800
Event: 4.758 Thread 0x0586f800 Thread exited: 0x0586f800
Event: 4.758 Thread 0x05872400 Thread exited: 0x05872400
Event: 4.763 Thread 0x049b9000 Thread exited: 0x049b9000
Event: 4.858 Thread 0x05872000 Thread exited: 0x05872000
Event: 4.859 Executing VM operation: Exit


Dynamic libraries:
0x00a70000 - 0x00a9f000 	C:\Program Files (x86)\Java\jre7\bin\javaw.exe
0x76fe0000 - 0x77137000 	C:\Windows\SYSTEM32\ntdll.dll
0x74690000 - 0x747c0000 	C:\Windows\SYSTEM32\KERNEL32.DLL
0x76a80000 - 0x76b27000 	C:\Windows\SYSTEM32\KERNELBASE.dll
0x747c0000 - 0x7486e000 	C:\Windows\SYSTEM32\ADVAPI32.dll
0x764f0000 - 0x76606000 	C:\Windows\SYSTEM32\USER32.dll
0x73130000 - 0x73328000 	C:\Windows\WinSxS\x86_microsoft.windows.common-controls_6595b64144ccf1df_6.0.9200.16579_none_8937eec6860750f5\COMCTL32.dll
0x76000000 - 0x760b1000 	C:\Windows\SYSTEM32\msvcrt.dll
0x74870000 - 0x748a4000 	C:\Windows\SYSTEM32\sechost.dll
0x760c0000 - 0x7616c000 	C:\Windows\SYSTEM32\RPCRT4.dll
0x748b0000 - 0x749ad000 	C:\Windows\SYSTEM32\GDI32.dll
0x745d0000 - 0x745ed000 	C:\Windows\SYSTEM32\SspiCli.dll
0x745c0000 - 0x745c9000 	C:\Windows\SYSTEM32\CRYPTBASE.dll
0x74560000 - 0x745b1000 	C:\Windows\SYSTEM32\bcryptPrimitives.dll
0x762e0000 - 0x76300000 	C:\Windows\system32\IMM32.DLL
0x76680000 - 0x7675e000 	C:\Windows\SYSTEM32\MSCTF.dll
0x5e970000 - 0x5ea2f000 	C:\Program Files (x86)\Java\jre7\bin\msvcr100.dll
0x5e310000 - 0x5e698000 	C:\Program Files (x86)\Java\jre7\bin\client\jvm.dll
0x71c10000 - 0x71c18000 	C:\Windows\SYSTEM32\WSOCK32.dll
0x71fb0000 - 0x71fd1000 	C:\Windows\SYSTEM32\WINMM.dll
0x76300000 - 0x76306000 	C:\Windows\SYSTEM32\PSAPI.DLL
0x75f80000 - 0x75fd0000 	C:\Windows\SYSTEM32\WS2_32.dll
0x71c70000 - 0x71c9b000 	C:\Windows\SYSTEM32\WINMMBASE.dll
0x75ff0000 - 0x75ff8000 	C:\Windows\SYSTEM32\NSI.dll
0x76b30000 - 0x76b76000 	C:\Windows\SYSTEM32\cfgmgr32.dll
0x75f00000 - 0x75f1e000 	C:\Windows\SYSTEM32\DEVOBJ.dll
0x720a0000 - 0x720ac000 	C:\Program Files (x86)\Java\jre7\bin\verify.dll
0x70bb0000 - 0x70bd0000 	C:\Program Files (x86)\Java\jre7\bin\java.dll
0x70b90000 - 0x70ba3000 	C:\Program Files (x86)\Java\jre7\bin\zip.dll
0x6f490000 - 0x6f5d3000 	C:\Program Files (x86)\Java\jre7\bin\awt.dll
0x76c00000 - 0x76c8b000 	C:\Windows\SYSTEM32\OLEAUT32.dll
0x76de0000 - 0x76f16000 	C:\Windows\SYSTEM32\combase.dll
0x72dd0000 - 0x72e77000 	C:\Windows\system32\apphelp.dll
0x71a40000 - 0x71a59000 	C:\Windows\system32\DWMAPI.DLL
0x726b0000 - 0x72738000 	C:\Windows\system32\uxtheme.dll
0x76760000 - 0x76879000 	C:\Windows\SYSTEM32\ole32.dll
0x74da0000 - 0x75e66000 	C:\Windows\SYSTEM32\SHELL32.dll
0x75f40000 - 0x75f80000 	C:\Windows\SYSTEM32\SHLWAPI.dll
0x73330000 - 0x733a3000 	C:\Windows\SYSTEM32\shcore.dll
0x6f260000 - 0x6f299000 	C:\Program Files (x86)\Java\jre7\bin\fontmanager.dll
0x718d0000 - 0x718e4000 	C:\Program Files (x86)\Java\jre7\bin\net.dll
0x72e80000 - 0x72eca000 	C:\Windows\system32\mswsock.dll
0x718c0000 - 0x718cf000 	C:\Program Files (x86)\Java\jre7\bin\nio.dll
0x6f230000 - 0x6f260000 	C:\Program Files (x86)\Java\jre7\bin\t2k.dll
0x76b80000 - 0x76bf4000 	C:\Windows\SYSTEM32\clbcatq.dll
0x6a8a0000 - 0x6a9eb000 	C:\Windows\SYSTEM32\WindowsCodecs.dll
0x76dc0000 - 0x76dd1000 	C:\Windows\SYSTEM32\profapi.dll
0x60450000 - 0x60474000 	C:\Program Files (x86)\Java\jre7\bin\dcpr.dll
0x5e900000 - 0x5e96d000 	C:\binaries\terrajava.dll
0x5e220000 - 0x5e307000 	C:\binaries\terramanager-funcate.dll
0x59300000 - 0x59ba6000 	C:\binaries\terralib.dll
0x64af0000 - 0x64b59000 	C:\Windows\SYSTEM32\MSVCP100.dll
0x6d880000 - 0x6db4c000 	C:\binaries\bgd.dll
0x66b80000 - 0x66b9b000 	C:\binaries\terraogc_xml.dll
0x5f9b0000 - 0x5f9cd000 	C:\binaries\terraogc_sld.dll
0x5f980000 - 0x5f9a6000 	C:\binaries\terraogc_se.dll
0x5e8c0000 - 0x5e8f6000 	C:\binaries\terraogc_filter.dll
0x5e1c0000 - 0x5e212000 	C:\binaries\terraogc_ows.dll
0x5e1a0000 - 0x5e1b9000 	C:\binaries\terraogc_common.dll
0x71870000 - 0x7187b000 	C:\binaries\terralib_shp.dll
0x706d0000 - 0x706de000 	C:\binaries\terralib_spl.dll
0x05f00000 - 0x062f6000 	C:\binaries\qt-mt338.dll
0x613d0000 - 0x6149e000 	C:\Windows\SYSTEM32\OPENGL32.dll
0x613a0000 - 0x613c3000 	C:\Windows\SYSTEM32\GLU32.dll
0x5e120000 - 0x5e19f000 	C:\binaries\qwt500.dll
0x0f8a0000 - 0x1189f000 	C:\binaries\berkelium.dll
0x06300000 - 0x06441000 	C:\binaries\LIBMYSQL.dll
0x63100000 - 0x63121000 	C:\binaries\LIBPQ.dll
0x06450000 - 0x064b1000 	C:\binaries\OCI.dll
0x5da30000 - 0x5daba000 	C:\binaries\libtiff.dll
0x56580000 - 0x56d52000 	C:\binaries\gdal110.dll
0x12000000 - 0x121dc000 	C:\binaries\xerces-c_3_1.dll
0x592a0000 - 0x592f5000 	C:\binaries\terraogc_wms.dll
0x59240000 - 0x59293000 	C:\binaries\terraogc_gml.dll
0x591f0000 - 0x59231000 	C:\binaries\terraogc_xsd.dll
0x5e100000 - 0x5e120000 	C:\binaries\terraogc_xacml.dll
0x71f30000 - 0x71f90000 	C:\Windows\SYSTEM32\WINSPOOL.DRV
0x7c340000 - 0x7c396000 	C:\Windows\SYSTEM32\MSVCR71.dll
0x608a0000 - 0x60979000 	C:\Windows\SYSTEM32\DDRAW.dll
0x727a0000 - 0x727a9000 	C:\Windows\SYSTEM32\Secur32.dll
0x75f20000 - 0x75f3b000 	C:\Windows\SYSTEM32\USERENV.dll
0x71520000 - 0x71570000 	C:\Windows\SYSTEM32\OLEACC.dll
0x54200000 - 0x54276000 	C:\Windows\SYSTEM32\RICHED20.dll
0x72ee0000 - 0x72ee8000 	C:\Windows\SYSTEM32\VERSION.dll
0x720b0000 - 0x720c4000 	C:\Windows\SYSTEM32\USP10.dll
0x72c50000 - 0x72cc5000 	C:\Windows\SYSTEM32\DNSAPI.dll
0x06560000 - 0x0660a000 	C:\Windows\libeay32.dll
0x06610000 - 0x0661d000 	C:\binaries\libintl-2.dll
0x72ed0000 - 0x72ed6000 	C:\Windows\SYSTEM32\SHFOLDER.DLL
0x06620000 - 0x06646000 	C:\Windows\ssleay32.dll
0x06650000 - 0x06676000 	C:\binaries\libexpat.dll
0x60770000 - 0x60811000 	C:\Windows\SYSTEM32\ODBC32.dll
0x60760000 - 0x60767000 	C:\Windows\SYSTEM32\DCIMAN32.dll
0x663b0000 - 0x663db000 	C:\Windows\SYSTEM32\msls31.dll
0x066d0000 - 0x067ab000 	C:\binaries\libiconv-2.dll
0x6f600000 - 0x6f61d000 	C:\Windows\SYSTEM32\gpapi.dll
0x74530000 - 0x74556000 	C:\Windows\SYSTEM32\ntmarta.dll
0x54e60000 - 0x55708000 	C:\binaries\icudt46.dll
0x53850000 - 0x53979000 	C:\Windows\SYSTEM32\dbghelp.dll
0x72040000 - 0x72050000 	C:\Windows\system32\napinsp.dll
0x72020000 - 0x72034000 	C:\Windows\system32\pnrpnsp.dll
0x72010000 - 0x72020000 	C:\Windows\system32\NLAapi.dll
0x72000000 - 0x72009000 	C:\Windows\System32\winrnr.dll
0x71ac0000 - 0x71ad0000 	C:\Windows\system32\wshbth.dll
0x71c30000 - 0x71c6f000 	C:\Windows\System32\fwpuclnt.dll
0x726a0000 - 0x726a7000 	C:\Windows\System32\rasadhlp.dll
0x730d0000 - 0x730ea000 	C:\Windows\SYSTEM32\CRYPTSP.dll
0x73090000 - 0x730ce000 	C:\Windows\system32\rsaenh.dll
0x72cd0000 - 0x72cf0000 	C:\Windows\SYSTEM32\IPHLPAPI.DLL
0x72c40000 - 0x72c48000 	C:\Windows\SYSTEM32\WINNSI.DLL
0x72c30000 - 0x72c40000 	C:\Windows\SYSTEM32\dhcpcsvc6.DLL
0x72c10000 - 0x72c22000 	C:\Windows\SYSTEM32\dhcpcsvc.DLL
0x5a800000 - 0x5a825000 	C:\Program Files (x86)\Java\jre7\bin\jpeg.dll

VM Arguments:
jvm_args: -Dfile.encoding=ISO-8859-1 
java_command: com.nexusbr.gv.main.ConnectDBMain
Launcher Type: SUN_STANDARD

Environment Variables:
JAVA_HOME=C:\Program Files (x86)\Java\jre7
PATH=C:/Program Files (x86)/Java/jre7/bin/client;C:/Program Files (x86)/Java/jre7/bin;C:/Program Files (x86)/Java/jre7/lib/i386;C:\Program Files (x86)\PHP\;c:\Program Files (x86)\Intel\iCLS Client\;c:\Program Files\Intel\iCLS Client\;C:\Windows\system32;C:\Windows;C:\Windows\System32\Wbem;C:\Windows\System32\WindowsPowerShell\v1.0\;C:\Program Files\Intel\Intel(R) Management Engine Components\DAL;C:\Program Files\Intel\Intel(R) Management Engine Components\IPT;C:\Program Files (x86)\Intel\Intel(R) Management Engine Components\DAL;C:\Program Files (x86)\Intel\Intel(R) Management Engine Components\IPT;C:\Program Files (x86)\Intel\OpenCL SDK\3.0\bin\x86;C:\Program Files (x86)\Intel\OpenCL SDK\3.0\bin\x64;C:\Program Files (x86)\Windows Live\Shared;C:\binaries;c:\Program Files (x86)\Microsoft SQL Server\100\Tools\Binn\;c:\Program Files\Microsoft SQL Server\100\Tools\Binn\;c:\Program Files\Microsoft SQL Server\100\DTS\Binn\;C:\strawberry\c\bin;C:\strawberry\perl\site\bin;C:\strawberry\perl\bin;C:\Program Files (x86)\Microsoft SQL Server\110\Tools\Binn\ManagementStudio\;C:\Program Files (x86)\Microsoft SQL Server\110\Tools\Binn\;C:\Program Files\Microsoft SQL Server\110\Tools\Binn\;C:\Program Files (x86)\Microsoft SQL Server\110\DTS\Binn\;C:\Program Files\TortoiseSVN\bin;C:\Python34;C:\Program Files (x86)\Java\jre7\bin;C:\eclipse;
USERNAME=inacio
OS=Windows_NT
PROCESSOR_IDENTIFIER=Intel64 Family 6 Model 69 Stepping 1, GenuineIntel



---------------  S Y S T E M  ---------------

OS: Windows 8 , 64 bit Build 9200 

CPU:total 4 (2 cores per cpu, 2 threads per core) family 6 model 69 stepping 1, cmov, cx8, fxsr, mmx, sse, sse2, sse3, ssse3, sse4.1, sse4.2, popcnt, avx, avx2, aes, erms, ht, tsc, tscinvbit

Memory: 4k page, physical 8290700k(2515996k free), swap 9535884k(3685584k free)

vm_info: Java HotSpot(TM) Client VM (24.60-b09) for windows-x86 JRE (1.7.0_60-b19), built on May  7 2014 13:09:52 by "java_re" with unknown MS VC++:1600

time: Fri Jul 04 10:27:33 2014
elapsed time: 4 seconds

