#
# A fatal error has been detected by the Java Runtime Environment:
#
#  EXCEPTION_ACCESS_VIOLATION (0xc0000005) at pc=0x10219052, pid=9256, tid=7276
#
# JRE version: Java(TM) SE Runtime Environment (7.0_60-b19) (build 1.7.0_60-b19)
# Java VM: Java HotSpot(TM) Client VM (24.60-b09 mixed mode, sharing windows-x86 )
# Problematic frame:
# C  [berkelium.dll+0xa39052]
#
# Failed to write core dump. Minidumps are not enabled by default on client versions of Windows
#
# If you would like to submit a bug report, please visit:
#   http://bugreport.sun.com/bugreport/crash.jsp
#

---------------  T H R E A D  ---------------

Current thread (0x02b0fc00):  VMThread [stack: 0x04df0000,0x04e40000] [id=7276]

siginfo: ExceptionCode=0xc0000005, reading address 0x000000f8

Registers:
EAX=0x04e3f524, EBX=0x000493e0, ECX=0x04e3f524, EDX=0x2bec2a80
ESP=0x04e3f514, EBP=0x00000074, ESI=0x00000000, EDI=0x3dcdcd80
EIP=0x10219052, EFLAGS=0x00010206

Top of Stack: (sp=0x04e3f514)
0x04e3f514:   077c1168 077c1168 0771ab00 00000000
0x04e3f524:   2bec2a80 00000074 077b3a20 077bc990
0x04e3f534:   00000000 00000000 00000000 74616401
0x04e3f544:   69642d61 07a30072 00000023 0000002f
0x04e3f554:   00000000 07747070 002e5be0 077c1000
0x04e3f564:   0771ab44 ffffff00 0f84bf20 11369778
0x04e3f574:   071f0030 00000000 0000000f 1136a730
0x04e3f584:   00000001 0f849783 00000008 00000001 

Instructions: (pc=0x10219052)
0x10219032:   03 00 00 57 53 e8 f4 c8 60 ff 8b ea 8d 54 24 10
0x10219042:   52 8b f8 e8 26 ca 00 00 83 c4 04 03 38 13 68 04
0x10219052:   8b 86 f8 00 00 00 0b 86 fc 00 00 00 89 7c 24 20
0x10219062:   89 6c 24 24 75 3e 39 84 24 d4 00 00 00 7f 35 7c 


Register to memory mapping:

EAX=
[error occurred during error reporting (printing register info), id 0xc0000005]

Stack: [0x04df0000,0x04e40000],  sp=0x04e3f514,  free space=317k
Native frames: (J=compiled Java code, j=interpreted, Vv=VM code, C=native code)
C  [berkelium.dll+0xa39052]

[error occurred during error reporting (printing native stack), id 0xc0000005]

VM_Operation (0x063ae650): Exit, mode: safepoint, requested by thread 0x05f28800


---------------  P R O C E S S  ---------------

Java Threads: ( => current thread )
  0x06253000 JavaThread "Image Fetcher 2" daemon [_thread_blocked, id=3848, stack(0x07cc0000,0x07d10000)]
  0x06252800 JavaThread "Image Fetcher 3" daemon [_thread_blocked, id=8608, stack(0x08160000,0x081b0000)]
  0x06250400 JavaThread "WeakCollectionCleaner" daemon [_thread_blocked, id=7440, stack(0x0a260000,0x0a2b0000)]
  0x06299800 JavaThread "TimerQueue" daemon [_thread_blocked, id=9508, stack(0x081f0000,0x08240000)]
  0x0137e000 JavaThread "DestroyJavaVM" [_thread_blocked, id=3696, stack(0x012b0000,0x01300000)]
  0x05f28800 JavaThread "AWT-EventQueue-0" [_thread_blocked, id=9812, stack(0x06360000,0x063b0000)]
  0x05409000 JavaThread "AWT-Shutdown" [_thread_blocked, id=8352, stack(0x05a30000,0x05a80000)]
  0x05408400 JavaThread "Java2D Disposer" daemon [_thread_blocked, id=9404, stack(0x05940000,0x05990000)]
  0x02b91c00 JavaThread "Service Thread" daemon [_thread_blocked, id=8648, stack(0x05150000,0x051a0000)]
  0x02b85400 JavaThread "C1 CompilerThread0" daemon [_thread_blocked, id=1368, stack(0x050c0000,0x05110000)]
  0x02b83800 JavaThread "Attach Listener" daemon [_thread_blocked, id=1448, stack(0x05030000,0x05080000)]
  0x02b81400 JavaThread "Signal Dispatcher" daemon [_thread_blocked, id=10076, stack(0x04fa0000,0x04ff0000)]
  0x02b12800 JavaThread "Finalizer" daemon [_thread_blocked, id=7280, stack(0x04f10000,0x04f60000)]
  0x02b11000 JavaThread "Reference Handler" daemon [_thread_blocked, id=3644, stack(0x04e80000,0x04ed0000)]

Other Threads:
=>0x02b0fc00 VMThread [stack: 0x04df0000,0x04e40000] [id=7276]

VM state:at safepoint (shutting down)

VM Mutex/Monitor currently owned by a thread:  ([mutex/lock_event])
[0x0137c2c8] Threads_lock - owner thread: 0x02b0fc00

Heap
 def new generation   total 34752K, used 6327K [0x24000000, 0x265b0000, 0x29550000)
  eden space 30912K,  20% used [0x24000000, 0x2462dd68, 0x25e30000)
  from space 3840K,   0% used [0x25e30000, 0x25e30000, 0x261f0000)
  to   space 3840K,   0% used [0x261f0000, 0x261f0000, 0x265b0000)
 tenured generation   total 77100K, used 43883K [0x29550000, 0x2e09b000, 0x34000000)
   the space 77100K,  56% used [0x29550000, 0x2c02ac90, 0x2c02ae00, 0x2e09b000)
 compacting perm gen  total 12288K, used 10871K [0x34000000, 0x34c00000, 0x38000000)
   the space 12288K,  88% used [0x34000000, 0x34a9dd48, 0x34a9de00, 0x34c00000)
    ro space 10240K,  42% used [0x38000000, 0x38434778, 0x38434800, 0x38a00000)
    rw space 12288K,  52% used [0x38a00000, 0x39049a68, 0x39049c00, 0x39600000)

Card table byte_map: [0x04ca0000,0x04d50000] byte_map_base: 0x04b80000

Polling page: 0x01300000

Code Cache  [0x02ca0000, 0x03008000, 0x04ca0000)
 total_blobs=2054 nmethods=1754 adapters=236 free_code_cache=29312Kb largest_free_block=30014592

Compilation events (10 events):
Event: 116.787 Thread 0x02b85400 1776             sun.awt.image.ToolkitImage::hasError (33 bytes)
Event: 116.787 Thread 0x02b85400 nmethod 1776 0x02fff148 code [0x02fff250, 0x02fff31c]
Event: 116.787 Thread 0x02b85400 1777             sun.java2d.pipe.PixelToParallelogramConverter::fill (76 bytes)
Event: 116.787 Thread 0x02b85400 nmethod 1777 0x02fff388 code [0x02fff4e0, 0x02fff6d8]
Event: 116.882 Thread 0x02b85400 1778             org.geotools.feature.simple.SimpleFeatureTypeImpl::getAttributeDescriptors (8 bytes)
Event: 116.882 Thread 0x02b85400 nmethod 1778 0x02fff888 code [0x02fff980, 0x02fffa50]
Event: 117.814 Thread 0x02b85400 1779             java.awt.Component::eventEnabled (9 bytes)
Event: 117.814 Thread 0x02b85400 nmethod 1779 0x02fffac8 code [0x02fffbd0, 0x02fffc6c]
Event: 117.814 Thread 0x02b85400 1780             java.awt.Component::eventTypeEnabled (487 bytes)
Event: 117.814 Thread 0x02b85400 nmethod 1780 0x02fffd08 code [0x02fffe10, 0x03000320]

GC Heap History (10 events):
Event: 46.703 GC heap before
{Heap before GC invocations=32 (full 7):
 def new generation   total 34880K, used 34738K [0x24000000, 0x265d0000, 0x29550000)
  eden space 31040K,  99% used [0x24000000, 0x25e2c8d8, 0x25e50000)
  from space 3840K, 100% used [0x25e50000, 0x26210000, 0x26210000)
  to   space 3840K,   0% used [0x26210000, 0x26210000, 0x265d0000)
 tenured generation   total 77100K, used 72941K [0x29550000, 0x2e09b000, 0x34000000)
   the space 77100K,  94% used [0x29550000, 0x2dc8b518, 0x2dc8b600, 0x2e09b000)
 compacting perm gen  total 12288K, used 10816K [0x34000000, 0x34c00000, 0x38000000)
   the space 12288K,  88% used [0x34000000, 0x34a90218, 0x34a90400, 0x34c00000)
    ro space 10240K,  42% used [0x38000000, 0x38434778, 0x38434800, 0x38a00000)
    rw space 12288K,  52% used [0x38a00000, 0x39049a68, 0x39049c00, 0x39600000)
Event: 46.783 GC heap after
Heap after GC invocations=33 (full 8):
 def new generation   total 34816K, used 0K [0x24000000, 0x265c0000, 0x29550000)
  eden space 30976K,   0% used [0x24000000, 0x24000000, 0x25e40000)
  from space 3840K,   0% used [0x25e40000, 0x25e40000, 0x26200000)
  to   space 3840K,   0% used [0x26200000, 0x26200000, 0x265c0000)
 tenured generation   total 77100K, used 30698K [0x29550000, 0x2e09b000, 0x34000000)
   the space 77100K,  39% used [0x29550000, 0x2b34aa00, 0x2b34aa00, 0x2e09b000)
 compacting perm gen  total 12288K, used 10813K [0x34000000, 0x34c00000, 0x38000000)
   the space 12288K,  88% used [0x34000000, 0x34a8f6a8, 0x34a8f800, 0x34c00000)
    ro space 10240K,  42% used [0x38000000, 0x38434778, 0x38434800, 0x38a00000)
    rw space 12288K,  52% used [0x38a00000, 0x39049a68, 0x39049c00, 0x39600000)
}
Event: 51.647 GC heap before
{Heap before GC invocations=33 (full 8):
 def new generation   total 34816K, used 30976K [0x24000000, 0x265c0000, 0x29550000)
  eden space 30976K, 100% used [0x24000000, 0x25e40000, 0x25e40000)
  from space 3840K,   0% used [0x25e40000, 0x25e40000, 0x26200000)
  to   space 3840K,   0% used [0x26200000, 0x26200000, 0x265c0000)
 tenured generation   total 77100K, used 30698K [0x29550000, 0x2e09b000, 0x34000000)
   the space 77100K,  39% used [0x29550000, 0x2b34aa00, 0x2b34aa00, 0x2e09b000)
 compacting perm gen  total 12288K, used 10869K [0x34000000, 0x34c00000, 0x38000000)
   the space 12288K,  88% used [0x34000000, 0x34a9d410, 0x34a9d600, 0x34c00000)
    ro space 10240K,  42% used [0x38000000, 0x38434778, 0x38434800, 0x38a00000)
    rw space 12288K,  52% used [0x38a00000, 0x39049a68, 0x39049c00, 0x39600000)
Event: 51.653 GC heap after
Heap after GC invocations=34 (full 8):
 def new generation   total 34816K, used 3840K [0x24000000, 0x265c0000, 0x29550000)
  eden space 30976K,   0% used [0x24000000, 0x24000000, 0x25e40000)
  from space 3840K, 100% used [0x26200000, 0x265c0000, 0x265c0000)
  to   space 3840K,   0% used [0x25e40000, 0x25e40000, 0x26200000)
 tenured generation   total 77100K, used 43563K [0x29550000, 0x2e09b000, 0x34000000)
   the space 77100K,  56% used [0x29550000, 0x2bfdaf80, 0x2bfdb000, 0x2e09b000)
 compacting perm gen  total 12288K, used 10869K [0x34000000, 0x34c00000, 0x38000000)
   the space 12288K,  88% used [0x34000000, 0x34a9d410, 0x34a9d600, 0x34c00000)
    ro space 10240K,  42% used [0x38000000, 0x38434778, 0x38434800, 0x38a00000)
    rw space 12288K,  52% used [0x38a00000, 0x39049a68, 0x39049c00, 0x39600000)
}
Event: 55.367 GC heap before
{Heap before GC invocations=34 (full 8):
 def new generation   total 34816K, used 34134K [0x24000000, 0x265c0000, 0x29550000)
  eden space 30976K,  97% used [0x24000000, 0x25d95830, 0x25e40000)
  from space 3840K, 100% used [0x26200000, 0x265c0000, 0x265c0000)
  to   space 3840K,   0% used [0x25e40000, 0x25e40000, 0x26200000)
 tenured generation   total 77100K, used 43563K [0x29550000, 0x2e09b000, 0x34000000)
   the space 77100K,  56% used [0x29550000, 0x2bfdaf80, 0x2bfdb000, 0x2e09b000)
 compacting perm gen  total 12288K, used 10869K [0x34000000, 0x34c00000, 0x38000000)
   the space 12288K,  88% used [0x34000000, 0x34a9d530, 0x34a9d600, 0x34c00000)
    ro space 10240K,  42% used [0x38000000, 0x38434778, 0x38434800, 0x38a00000)
    rw space 12288K,  52% used [0x38a00000, 0x39049a68, 0x39049c00, 0x39600000)
Event: 55.373 GC heap after
Heap after GC invocations=35 (full 8):
 def new generation   total 34816K, used 3806K [0x24000000, 0x265c0000, 0x29550000)
  eden space 30976K,   0% used [0x24000000, 0x24000000, 0x25e40000)
  from space 3840K,  99% used [0x25e40000, 0x261f7af0, 0x26200000)
  to   space 3840K,   0% used [0x26200000, 0x26200000, 0x265c0000)
 tenured generation   total 77100K, used 59551K [0x29550000, 0x2e09b000, 0x34000000)
   the space 77100K,  77% used [0x29550000, 0x2cf77d38, 0x2cf77e00, 0x2e09b000)
 compacting perm gen  total 12288K, used 10869K [0x34000000, 0x34c00000, 0x38000000)
   the space 12288K,  88% used [0x34000000, 0x34a9d530, 0x34a9d600, 0x34c00000)
    ro space 10240K,  42% used [0x38000000, 0x38434778, 0x38434800, 0x38a00000)
    rw space 12288K,  52% used [0x38a00000, 0x39049a68, 0x39049c00, 0x39600000)
}
Event: 57.866 GC heap before
{Heap before GC invocations=35 (full 8):
 def new generation   total 34816K, used 34816K [0x24000000, 0x265c0000, 0x29550000)
  eden space 30976K, 100% used [0x24000000, 0x25e40000, 0x25e40000)
  from space 3840K, 100% used [0x25e40000, 0x26200000, 0x26200000)
  to   space 3840K,   0% used [0x26200000, 0x26200000, 0x265c0000)
 tenured generation   total 77100K, used 60977K [0x29550000, 0x2e09b000, 0x34000000)
   the space 77100K,  79% used [0x29550000, 0x2d0dc760, 0x2d0dc800, 0x2e09b000)
 compacting perm gen  total 12288K, used 10869K [0x34000000, 0x34c00000, 0x38000000)
   the space 12288K,  88% used [0x34000000, 0x34a9d560, 0x34a9d600, 0x34c00000)
    ro space 10240K,  42% used [0x38000000, 0x38434778, 0x38434800, 0x38a00000)
    rw space 12288K,  52% used [0x38a00000, 0x39049a68, 0x39049c00, 0x39600000)
Event: 57.872 GC heap after
Heap after GC invocations=36 (full 8):
 def new generation   total 34816K, used 3840K [0x24000000, 0x265c0000, 0x29550000)
  eden space 30976K,   0% used [0x24000000, 0x24000000, 0x25e40000)
  from space 3840K, 100% used [0x26200000, 0x265c0000, 0x265c0000)
  to   space 3840K,   0% used [0x25e40000, 0x25e40000, 0x26200000)
 tenured generation   total 77100K, used 76941K [0x29550000, 0x2e09b000, 0x34000000)
   the space 77100K,  99% used [0x29550000, 0x2e073450, 0x2e073600, 0x2e09b000)
 compacting perm gen  total 12288K, used 10869K [0x34000000, 0x34c00000, 0x38000000)
   the space 12288K,  88% used [0x34000000, 0x34a9d560, 0x34a9d600, 0x34c00000)
    ro space 10240K,  42% used [0x38000000, 0x38434778, 0x38434800, 0x38a00000)
    rw space 12288K,  52% used [0x38a00000, 0x39049a68, 0x39049c00, 0x39600000)
}
Event: 115.197 GC heap before
{Heap before GC invocations=36 (full 8):
 def new generation   total 34816K, used 31494K [0x24000000, 0x265c0000, 0x29550000)
  eden space 30976K,  89% used [0x24000000, 0x25b01af0, 0x25e40000)
  from space 3840K, 100% used [0x26200000, 0x265c0000, 0x265c0000)
  to   space 3840K,   0% used [0x25e40000, 0x25e40000, 0x26200000)
 tenured generation   total 77100K, used 76941K [0x29550000, 0x2e09b000, 0x34000000)
   the space 77100K,  99% used [0x29550000, 0x2e073450, 0x2e073600, 0x2e09b000)
 compacting perm gen  total 12288K, used 10869K [0x34000000, 0x34c00000, 0x38000000)
   the space 12288K,  88% used [0x34000000, 0x34a9d650, 0x34a9d800, 0x34c00000)
    ro space 10240K,  42% used [0x38000000, 0x38434778, 0x38434800, 0x38a00000)
    rw space 12288K,  52% used [0x38a00000, 0x39049a68, 0x39049c00, 0x39600000)
Event: 115.269 GC heap after
Heap after GC invocations=37 (full 9):
 def new generation   total 34752K, used 0K [0x24000000, 0x265b0000, 0x29550000)
  eden space 30912K,   0% used [0x24000000, 0x24000000, 0x25e30000)
  from space 3840K,   0% used [0x25e30000, 0x25e30000, 0x261f0000)
  to   space 3840K,   0% used [0x261f0000, 0x261f0000, 0x265b0000)
 tenured generation   total 77100K, used 43883K [0x29550000, 0x2e09b000, 0x34000000)
   the space 77100K,  56% used [0x29550000, 0x2c02ac90, 0x2c02ae00, 0x2e09b000)
 compacting perm gen  total 12288K, used 10869K [0x34000000, 0x34c00000, 0x38000000)
   the space 12288K,  88% used [0x34000000, 0x34a9d650, 0x34a9d800, 0x34c00000)
    ro space 10240K,  42% used [0x38000000, 0x38434778, 0x38434800, 0x38a00000)
    rw space 12288K,  52% used [0x38a00000, 0x39049a68, 0x39049c00, 0x39600000)
}

Deoptimization events (0 events):
No events

Internal exceptions (10 events):
Event: 58.867 Thread 0x06250800 Threw 0x245f7f58 at C:\re\jdk7u60\1081\hotspot\src\share\vm\prims\jvm.cpp:2917
Event: 59.684 Thread 0x093bac00 Threw 0x248f41e0 at C:\re\jdk7u60\1081\hotspot\src\share\vm\prims\jvm.cpp:2917
Event: 60.270 Thread 0x06250800 Threw 0x249ccee0 at C:\re\jdk7u60\1081\hotspot\src\share\vm\prims\jvm.cpp:2917
Event: 60.450 Thread 0x093bac00 Threw 0x24a5ba38 at C:\re\jdk7u60\1081\hotspot\src\share\vm\prims\jvm.cpp:2917
Event: 61.017 Thread 0x093bac00 Threw 0x24ae4768 at C:\re\jdk7u60\1081\hotspot\src\share\vm\prims\jvm.cpp:2917
Event: 61.753 Thread 0x06250800 Threw 0x24d90000 at C:\re\jdk7u60\1081\hotspot\src\share\vm\prims\jvm.cpp:2917
Event: 116.351 Thread 0x06252800 Threw 0x2442bc90 at C:\re\jdk7u60\1081\hotspot\src\share\vm\prims\jvm.cpp:2917
Event: 116.516 Thread 0x06252800 Threw 0x24442b40 at C:\re\jdk7u60\1081\hotspot\src\share\vm\prims\jvm.cpp:2917
Event: 116.869 Thread 0x06253000 Threw 0x24564130 at C:\re\jdk7u60\1081\hotspot\src\share\vm\prims\jvm.cpp:2917
Event: 117.048 Thread 0x06252800 Threw 0x245c5470 at C:\re\jdk7u60\1081\hotspot\src\share\vm\prims\jvm.cpp:2917

Events (10 events):
Event: 118.118 Thread 0x06250800 Thread added: 0x06250800
Event: 118.118 Thread 0x06251c00 Thread added: 0x06251c00
Event: 118.118 Thread 0x06251400 Thread exited: 0x06251400
Event: 118.118 Thread 0x06250800 Thread exited: 0x06250800
Event: 118.118 loading class 0x39670c20
Event: 118.118 loading class 0x39670c20 done
Event: 118.118 Thread 0x0624fc00 Thread exited: 0x0624fc00
Event: 118.123 Thread 0x05414800 Thread exited: 0x05414800
Event: 118.219 Thread 0x06251c00 Thread exited: 0x06251c00
Event: 118.219 Executing VM operation: Exit


Dynamic libraries:
0x00a70000 - 0x00a9f000 	C:\Program Files (x86)\Java\jre7\bin\javaw.exe
0x76fe0000 - 0x77137000 	C:\Windows\SYSTEM32\ntdll.dll
0x74690000 - 0x747c0000 	C:\Windows\SYSTEM32\KERNEL32.DLL
0x76a80000 - 0x76b27000 	C:\Windows\SYSTEM32\KERNELBASE.dll
0x747c0000 - 0x7486e000 	C:\Windows\SYSTEM32\ADVAPI32.dll
0x764f0000 - 0x76606000 	C:\Windows\SYSTEM32\USER32.dll
0x73130000 - 0x73328000 	C:\Windows\WinSxS\x86_microsoft.windows.common-controls_6595b64144ccf1df_6.0.9200.16579_none_8937eec6860750f5\COMCTL32.dll
0x76000000 - 0x760b1000 	C:\Windows\SYSTEM32\msvcrt.dll
0x74870000 - 0x748a4000 	C:\Windows\SYSTEM32\sechost.dll
0x760c0000 - 0x7616c000 	C:\Windows\SYSTEM32\RPCRT4.dll
0x748b0000 - 0x749ad000 	C:\Windows\SYSTEM32\GDI32.dll
0x745d0000 - 0x745ed000 	C:\Windows\SYSTEM32\SspiCli.dll
0x745c0000 - 0x745c9000 	C:\Windows\SYSTEM32\CRYPTBASE.dll
0x74560000 - 0x745b1000 	C:\Windows\SYSTEM32\bcryptPrimitives.dll
0x762e0000 - 0x76300000 	C:\Windows\system32\IMM32.DLL
0x76680000 - 0x7675e000 	C:\Windows\SYSTEM32\MSCTF.dll
0x5f9e0000 - 0x5fa9f000 	C:\Program Files (x86)\Java\jre7\bin\msvcr100.dll
0x6f250000 - 0x6f5d8000 	C:\Program Files (x86)\Java\jre7\bin\client\jvm.dll
0x71c10000 - 0x71c18000 	C:\Windows\SYSTEM32\WSOCK32.dll
0x71fb0000 - 0x71fd1000 	C:\Windows\SYSTEM32\WINMM.dll
0x76300000 - 0x76306000 	C:\Windows\SYSTEM32\PSAPI.DLL
0x75f80000 - 0x75fd0000 	C:\Windows\SYSTEM32\WS2_32.dll
0x71c70000 - 0x71c9b000 	C:\Windows\SYSTEM32\WINMMBASE.dll
0x75ff0000 - 0x75ff8000 	C:\Windows\SYSTEM32\NSI.dll
0x76b30000 - 0x76b76000 	C:\Windows\SYSTEM32\cfgmgr32.dll
0x75f00000 - 0x75f1e000 	C:\Windows\SYSTEM32\DEVOBJ.dll
0x720a0000 - 0x720ac000 	C:\Program Files (x86)\Java\jre7\bin\verify.dll
0x71910000 - 0x71930000 	C:\Program Files (x86)\Java\jre7\bin\java.dll
0x718d0000 - 0x718e3000 	C:\Program Files (x86)\Java\jre7\bin\zip.dll
0x5e360000 - 0x5e4a3000 	C:\Program Files (x86)\Java\jre7\bin\awt.dll
0x76c00000 - 0x76c8b000 	C:\Windows\SYSTEM32\OLEAUT32.dll
0x76de0000 - 0x76f16000 	C:\Windows\SYSTEM32\combase.dll
0x72dd0000 - 0x72e77000 	C:\Windows\system32\apphelp.dll
0x71a40000 - 0x71a59000 	C:\Windows\system32\DWMAPI.DLL
0x726b0000 - 0x72738000 	C:\Windows\system32\uxtheme.dll
0x76760000 - 0x76879000 	C:\Windows\SYSTEM32\ole32.dll
0x74da0000 - 0x75e66000 	C:\Windows\SYSTEM32\SHELL32.dll
0x75f40000 - 0x75f80000 	C:\Windows\SYSTEM32\SHLWAPI.dll
0x73330000 - 0x733a3000 	C:\Windows\SYSTEM32\shcore.dll
0x5f9a0000 - 0x5f9d9000 	C:\Program Files (x86)\Java\jre7\bin\fontmanager.dll
0x718b0000 - 0x718c4000 	C:\Program Files (x86)\Java\jre7\bin\net.dll
0x72e80000 - 0x72eca000 	C:\Windows\system32\mswsock.dll
0x718a0000 - 0x718af000 	C:\Program Files (x86)\Java\jre7\bin\nio.dll
0x5e330000 - 0x5e360000 	C:\Program Files (x86)\Java\jre7\bin\t2k.dll
0x76b80000 - 0x76bf4000 	C:\Windows\SYSTEM32\clbcatq.dll
0x6a8a0000 - 0x6a9eb000 	C:\Windows\SYSTEM32\WindowsCodecs.dll
0x76dc0000 - 0x76dd1000 	C:\Windows\SYSTEM32\profapi.dll
0x5e300000 - 0x5e324000 	C:\Program Files (x86)\Java\jre7\bin\dcpr.dll
0x5e290000 - 0x5e2fd000 	C:\binaries\terrajava.dll
0x5e1a0000 - 0x5e287000 	C:\binaries\terramanager-funcate.dll
0x573f0000 - 0x57c96000 	C:\binaries\terralib.dll
0x64af0000 - 0x64b59000 	C:\Windows\SYSTEM32\MSVCP100.dll
0x6d880000 - 0x6db4c000 	C:\binaries\bgd.dll
0x5f980000 - 0x5f99b000 	C:\binaries\terraogc_xml.dll
0x5e180000 - 0x5e19d000 	C:\binaries\terraogc_sld.dll
0x5e150000 - 0x5e176000 	C:\binaries\terraogc_se.dll
0x5e110000 - 0x5e146000 	C:\binaries\terraogc_filter.dll
0x5da60000 - 0x5dab2000 	C:\binaries\terraogc_ows.dll
0x5e0f0000 - 0x5e109000 	C:\binaries\terraogc_common.dll
0x5da50000 - 0x5da5b000 	C:\binaries\terralib_shp.dll
0x5da40000 - 0x5da4e000 	C:\binaries\terralib_spl.dll
0x068d0000 - 0x06cc6000 	C:\binaries\qt-mt338.dll
0x613d0000 - 0x6149e000 	C:\Windows\SYSTEM32\OPENGL32.dll
0x613a0000 - 0x613c3000 	C:\Windows\SYSTEM32\GLU32.dll
0x597c0000 - 0x5983f000 	C:\binaries\qwt500.dll
0x0f7e0000 - 0x117df000 	C:\binaries\berkelium.dll
0x06cd0000 - 0x06e11000 	C:\binaries\LIBMYSQL.dll
0x63100000 - 0x63121000 	C:\binaries\LIBPQ.dll
0x06e20000 - 0x06e81000 	C:\binaries\OCI.dll
0x59730000 - 0x597ba000 	C:\binaries\libtiff.dll
0x56580000 - 0x56d52000 	C:\binaries\gdal110.dll
0x12000000 - 0x121dc000 	C:\binaries\xerces-c_3_1.dll
0x596d0000 - 0x59725000 	C:\binaries\terraogc_wms.dll
0x59670000 - 0x596c3000 	C:\binaries\terraogc_gml.dll
0x59620000 - 0x59661000 	C:\binaries\terraogc_xsd.dll
0x5a810000 - 0x5a830000 	C:\binaries\terraogc_xacml.dll
0x71f30000 - 0x71f90000 	C:\Windows\SYSTEM32\WINSPOOL.DRV
0x7c340000 - 0x7c396000 	C:\Windows\SYSTEM32\MSVCR71.dll
0x608a0000 - 0x60979000 	C:\Windows\SYSTEM32\DDRAW.dll
0x727a0000 - 0x727a9000 	C:\Windows\SYSTEM32\Secur32.dll
0x75f20000 - 0x75f3b000 	C:\Windows\SYSTEM32\USERENV.dll
0x71520000 - 0x71570000 	C:\Windows\SYSTEM32\OLEACC.dll
0x54200000 - 0x54276000 	C:\Windows\SYSTEM32\RICHED20.dll
0x72ee0000 - 0x72ee8000 	C:\Windows\SYSTEM32\VERSION.dll
0x720b0000 - 0x720c4000 	C:\Windows\SYSTEM32\USP10.dll
0x72c50000 - 0x72cc5000 	C:\Windows\SYSTEM32\DNSAPI.dll
0x06f30000 - 0x06fda000 	C:\Windows\libeay32.dll
0x06fe0000 - 0x06fed000 	C:\binaries\libintl-2.dll
0x72ed0000 - 0x72ed6000 	C:\Windows\SYSTEM32\SHFOLDER.DLL
0x06ff0000 - 0x07016000 	C:\Windows\ssleay32.dll
0x07020000 - 0x07046000 	C:\binaries\libexpat.dll
0x60770000 - 0x60811000 	C:\Windows\SYSTEM32\ODBC32.dll
0x60760000 - 0x60767000 	C:\Windows\SYSTEM32\DCIMAN32.dll
0x663b0000 - 0x663db000 	C:\Windows\SYSTEM32\msls31.dll
0x070a0000 - 0x0717b000 	C:\binaries\libiconv-2.dll
0x6f600000 - 0x6f61d000 	C:\Windows\SYSTEM32\gpapi.dll
0x74530000 - 0x74556000 	C:\Windows\SYSTEM32\ntmarta.dll
0x54e60000 - 0x55708000 	C:\binaries\icudt46.dll
0x53850000 - 0x53979000 	C:\Windows\SYSTEM32\dbghelp.dll
0x72040000 - 0x72050000 	C:\Windows\system32\napinsp.dll
0x72020000 - 0x72034000 	C:\Windows\system32\pnrpnsp.dll
0x72010000 - 0x72020000 	C:\Windows\system32\NLAapi.dll
0x72000000 - 0x72009000 	C:\Windows\System32\winrnr.dll
0x71ac0000 - 0x71ad0000 	C:\Windows\system32\wshbth.dll
0x726a0000 - 0x726a7000 	C:\Windows\System32\rasadhlp.dll
0x71c30000 - 0x71c6f000 	C:\Windows\System32\fwpuclnt.dll
0x72cd0000 - 0x72cf0000 	C:\Windows\SYSTEM32\IPHLPAPI.DLL
0x72c40000 - 0x72c48000 	C:\Windows\SYSTEM32\WINNSI.DLL
0x730d0000 - 0x730ea000 	C:\Windows\SYSTEM32\CRYPTSP.dll
0x73090000 - 0x730ce000 	C:\Windows\system32\rsaenh.dll
0x72c30000 - 0x72c40000 	C:\Windows\SYSTEM32\dhcpcsvc6.DLL
0x72c10000 - 0x72c22000 	C:\Windows\SYSTEM32\dhcpcsvc.DLL
0x595f0000 - 0x59615000 	C:\Program Files (x86)\Java\jre7\bin\jpeg.dll

VM Arguments:
jvm_args: -Dfile.encoding=ISO-8859-1 
java_command: com.nexusbr.gv.main.ConnectDBMain
Launcher Type: SUN_STANDARD

Environment Variables:
JAVA_HOME=C:\Program Files (x86)\Java\jre7
PATH=C:/Program Files (x86)/Java/jre7/bin/client;C:/Program Files (x86)/Java/jre7/bin;C:/Program Files (x86)/Java/jre7/lib/i386;C:\Program Files (x86)\PHP\;c:\Program Files (x86)\Intel\iCLS Client\;c:\Program Files\Intel\iCLS Client\;C:\Windows\system32;C:\Windows;C:\Windows\System32\Wbem;C:\Windows\System32\WindowsPowerShell\v1.0\;C:\Program Files\Intel\Intel(R) Management Engine Components\DAL;C:\Program Files\Intel\Intel(R) Management Engine Components\IPT;C:\Program Files (x86)\Intel\Intel(R) Management Engine Components\DAL;C:\Program Files (x86)\Intel\Intel(R) Management Engine Components\IPT;C:\Program Files (x86)\Intel\OpenCL SDK\3.0\bin\x86;C:\Program Files (x86)\Intel\OpenCL SDK\3.0\bin\x64;C:\Program Files (x86)\Windows Live\Shared;C:\binaries;c:\Program Files (x86)\Microsoft SQL Server\100\Tools\Binn\;c:\Program Files\Microsoft SQL Server\100\Tools\Binn\;c:\Program Files\Microsoft SQL Server\100\DTS\Binn\;C:\strawberry\c\bin;C:\strawberry\perl\site\bin;C:\strawberry\perl\bin;C:\Program Files (x86)\Microsoft SQL Server\110\Tools\Binn\ManagementStudio\;C:\Program Files (x86)\Microsoft SQL Server\110\Tools\Binn\;C:\Program Files\Microsoft SQL Server\110\Tools\Binn\;C:\Program Files (x86)\Microsoft SQL Server\110\DTS\Binn\;C:\Program Files\TortoiseSVN\bin;C:\Python34;C:\Program Files (x86)\Java\jre7\bin;C:\eclipse;
USERNAME=inacio
OS=Windows_NT
PROCESSOR_IDENTIFIER=Intel64 Family 6 Model 69 Stepping 1, GenuineIntel



---------------  S Y S T E M  ---------------

OS: Windows 8 , 64 bit Build 9200 

CPU:total 4 (2 cores per cpu, 2 threads per core) family 6 model 69 stepping 1, cmov, cx8, fxsr, mmx, sse, sse2, sse3, ssse3, sse4.1, sse4.2, popcnt, avx, avx2, aes, erms, ht, tsc, tscinvbit

Memory: 4k page, physical 8290700k(4509956k free), swap 9535884k(4419584k free)

vm_info: Java HotSpot(TM) Client VM (24.60-b09) for windows-x86 JRE (1.7.0_60-b19), built on May  7 2014 13:09:52 by "java_re" with unknown MS VC++:1600

time: Thu Jul 03 10:28:00 2014
elapsed time: 118 seconds

