#
# A fatal error has been detected by the Java Runtime Environment:
#
#  EXCEPTION_ACCESS_VIOLATION (0xc0000005) at pc=0x0fc19052, pid=8040, tid=10324
#
# JRE version: Java(TM) SE Runtime Environment (7.0_60-b19) (build 1.7.0_60-b19)
# Java VM: Java HotSpot(TM) Client VM (24.60-b09 mixed mode, sharing windows-x86 )
# Problematic frame:
# C  [berkelium.dll+0xa39052]
#
# Failed to write core dump. Minidumps are not enabled by default on client versions of Windows
#
# If you would like to submit a bug report, please visit:
#   http://bugreport.sun.com/bugreport/crash.jsp
#

---------------  T H R E A D  ---------------

Current thread (0x026dfc00):  VMThread [stack: 0x048b0000,0x04900000] [id=10324]

siginfo: ExceptionCode=0xc0000005, reading address 0x000000f8

Registers:
EAX=0x048ff544, EBX=0x000493e0, ECX=0x048ff544, EDX=0x533618a8
ESP=0x048ff534, EBP=0x00000079, ESI=0x00000000, EDI=0x6517bba8
EIP=0x0fc19052, EFLAGS=0x00010202

Top of Stack: (sp=0x048ff534)
0x048ff534:   07ea2868 07ea2868 0720ab00 00000000
0x048ff544:   533618a8 00000079 07f42760 07ef0630
0x048ff554:   00000000 00000000 00000000 74616401
0x048ff564:   69642d61 07500072 00000023 0000002f
0x048ff574:   00000000 07237070 002e5be5 07ea2700
0x048ff584:   0720ab44 ffffff00 0f24bf20 10d69778
0x048ff594:   06d70030 00000000 0000000f 10d6a730
0x048ff5a4:   00000001 0f249783 00000008 00000001 

Instructions: (pc=0x0fc19052)
0x0fc19032:   03 00 00 57 53 e8 f4 c8 60 ff 8b ea 8d 54 24 10
0x0fc19042:   52 8b f8 e8 26 ca 00 00 83 c4 04 03 38 13 68 04
0x0fc19052:   8b 86 f8 00 00 00 0b 86 fc 00 00 00 89 7c 24 20
0x0fc19062:   89 6c 24 24 75 3e 39 84 24 d4 00 00 00 7f 35 7c 


Register to memory mapping:

EAX=
[error occurred during error reporting (printing register info), id 0xc0000005]

Stack: [0x048b0000,0x04900000],  sp=0x048ff534,  free space=317k
Native frames: (J=compiled Java code, j=interpreted, Vv=VM code, C=native code)
C  [berkelium.dll+0xa39052]

VM_Operation (0x05e7ea10): Exit, mode: safepoint, requested by thread 0x05a01c00


---------------  P R O C E S S  ---------------

Java Threads: ( => current thread )
  0x05d35800 JavaThread "WeakCollectionCleaner" daemon [_thread_blocked, id=10172, stack(0x094d0000,0x09520000)]
  0x05c41400 JavaThread "TimerQueue" daemon [_thread_blocked, id=10840, stack(0x07c40000,0x07c90000)]
  0x0265e000 JavaThread "DestroyJavaVM" [_thread_blocked, id=6096, stack(0x024f0000,0x02540000)]
  0x05a01c00 JavaThread "AWT-EventQueue-0" [_thread_blocked, id=940, stack(0x05e30000,0x05e80000)]
  0x04eca400 JavaThread "AWT-Shutdown" [_thread_blocked, id=5244, stack(0x05500000,0x05550000)]
  0x04ec9000 JavaThread "Java2D Disposer" daemon [_thread_blocked, id=6784, stack(0x05470000,0x054c0000)]
  0x0275ac00 JavaThread "Service Thread" daemon [_thread_blocked, id=10696, stack(0x04c10000,0x04c60000)]
  0x02754400 JavaThread "C1 CompilerThread0" daemon [_thread_blocked, id=9512, stack(0x04b80000,0x04bd0000)]
  0x02752800 JavaThread "Attach Listener" daemon [_thread_blocked, id=9968, stack(0x04af0000,0x04b40000)]
  0x02751800 JavaThread "Signal Dispatcher" daemon [_thread_blocked, id=5160, stack(0x04a60000,0x04ab0000)]
  0x026e2800 JavaThread "Finalizer" daemon [_thread_blocked, id=11256, stack(0x049d0000,0x04a20000)]
  0x026e1000 JavaThread "Reference Handler" daemon [_thread_blocked, id=7352, stack(0x04940000,0x04990000)]

Other Threads:
=>0x026dfc00 VMThread [stack: 0x048b0000,0x04900000] [id=10324]

VM state:at safepoint (shutting down)

VM Mutex/Monitor currently owned by a thread:  ([mutex/lock_event])
[0x0265c810] Threads_lock - owner thread: 0x026dfc00

Heap
 def new generation   total 78656K, used 43222K [0x24000000, 0x29550000, 0x29550000)
  eden space 69952K,  49% used [0x24000000, 0x261b5bc8, 0x28450000)
  from space 8704K, 100% used [0x28450000, 0x28cd0000, 0x28cd0000)
  to   space 8704K,   0% used [0x28cd0000, 0x28cd0000, 0x29550000)
 tenured generation   total 174784K, used 145151K [0x29550000, 0x34000000, 0x34000000)
   the space 174784K,  83% used [0x29550000, 0x3230fc08, 0x3230fe00, 0x34000000)
 compacting perm gen  total 12288K, used 10724K [0x34000000, 0x34c00000, 0x38000000)
   the space 12288K,  87% used [0x34000000, 0x34a79190, 0x34a79200, 0x34c00000)
    ro space 10240K,  42% used [0x38000000, 0x38434778, 0x38434800, 0x38a00000)
    rw space 12288K,  52% used [0x38a00000, 0x39049a68, 0x39049c00, 0x39600000)

Card table byte_map: [0x047c0000,0x04870000] byte_map_base: 0x046a0000

Polling page: 0x00f40000

Code Cache  [0x027c0000, 0x02b68000, 0x047c0000)
 total_blobs=2236 nmethods=1936 adapters=236 free_code_cache=29057Kb largest_free_block=29752576

Compilation events (10 events):
Event: 188.359 Thread 0x02754400 1953             java.awt.Component::getLocationOnScreen_NoTreeLock (104 bytes)
Event: 188.361 Thread 0x02754400 nmethod 1953 0x02b5dac8 code [0x02b5dc30, 0x02b5decc]
Event: 188.398 Thread 0x02754400 1954             sun.util.locale.LocaleUtils::toLowerString (95 bytes)
Event: 188.399 Thread 0x02754400 nmethod 1954 0x02b5e108 code [0x02b5e260, 0x02b5e704]
Event: 190.752 Thread 0x02754400 1955             java.util.LinkedList$ListItr::<init> (52 bytes)
Event: 190.753 Thread 0x02754400 nmethod 1955 0x02b5ebc8 code [0x02b5ecd0, 0x02b5edcc]
Event: 191.120 Thread 0x02754400 1956   !         java.awt.Toolkit::removeAWTEventListener (183 bytes)
Event: 191.122 Thread 0x02754400 nmethod 1956 0x02b5ee88 code [0x02b5f020, 0x02b5f64c]
Event: 199.983 Thread 0x02754400 1957             sun.java2d.pipe.Region::getIntersection (132 bytes)
Event: 199.984 Thread 0x02754400 nmethod 1957 0x02b5ff08 code [0x02b60030, 0x02b60224]

GC Heap History (10 events):
Event: 109.431 GC heap before
{Heap before GC invocations=30 (full 8):
 def new generation   total 61312K, used 61269K [0x24000000, 0x28280000, 0x29550000)
  eden space 54528K, 100% used [0x24000000, 0x27540000, 0x27540000)
  from space 6784K,  99% used [0x27540000, 0x27bd55a0, 0x27be0000)
  to   space 6784K,   0% used [0x27be0000, 0x27be0000, 0x28280000)
 tenured generation   total 136064K, used 95718K [0x29550000, 0x31a30000, 0x34000000)
   the space 136064K,  70% used [0x29550000, 0x2f2c9a30, 0x2f2c9c00, 0x31a30000)
 compacting perm gen  total 12288K, used 10722K [0x34000000, 0x34c00000, 0x38000000)
   the space 12288K,  87% used [0x34000000, 0x34a78a58, 0x34a78c00, 0x34c00000)
    ro space 10240K,  42% used [0x38000000, 0x38434778, 0x38434800, 0x38a00000)
    rw space 12288K,  52% used [0x38a00000, 0x39049a68, 0x39049c00, 0x39600000)
Event: 109.436 GC heap after
Heap after GC invocations=31 (full 8):
 def new generation   total 61312K, used 6680K [0x24000000, 0x28280000, 0x29550000)
  eden space 54528K,   0% used [0x24000000, 0x24000000, 0x27540000)
  from space 6784K,  98% used [0x27be0000, 0x28266248, 0x28280000)
  to   space 6784K,   0% used [0x27540000, 0x27540000, 0x27be0000)
 tenured generation   total 136064K, used 106382K [0x29550000, 0x31a30000, 0x34000000)
   the space 136064K,  78% used [0x29550000, 0x2fd33938, 0x2fd33a00, 0x31a30000)
 compacting perm gen  total 12288K, used 10722K [0x34000000, 0x34c00000, 0x38000000)
   the space 12288K,  87% used [0x34000000, 0x34a78a58, 0x34a78c00, 0x34c00000)
    ro space 10240K,  42% used [0x38000000, 0x38434778, 0x38434800, 0x38a00000)
    rw space 12288K,  52% used [0x38a00000, 0x39049a68, 0x39049c00, 0x39600000)
}
Event: 145.821 GC heap before
{Heap before GC invocations=31 (full 8):
 def new generation   total 61312K, used 61140K [0x24000000, 0x28280000, 0x29550000)
  eden space 54528K,  99% used [0x24000000, 0x2752ef80, 0x27540000)
  from space 6784K,  98% used [0x27be0000, 0x28266248, 0x28280000)
  to   space 6784K,   0% used [0x27540000, 0x27540000, 0x27be0000)
 tenured generation   total 136064K, used 106382K [0x29550000, 0x31a30000, 0x34000000)
   the space 136064K,  78% used [0x29550000, 0x2fd33938, 0x2fd33a00, 0x31a30000)
 compacting perm gen  total 12288K, used 10722K [0x34000000, 0x34c00000, 0x38000000)
   the space 12288K,  87% used [0x34000000, 0x34a78b28, 0x34a78c00, 0x34c00000)
    ro space 10240K,  42% used [0x38000000, 0x38434778, 0x38434800, 0x38a00000)
    rw space 12288K,  52% used [0x38a00000, 0x39049a68, 0x39049c00, 0x39600000)
Event: 145.834 GC heap after
Heap after GC invocations=32 (full 8):
 def new generation   total 61312K, used 6784K [0x24000000, 0x28280000, 0x29550000)
  eden space 54528K,   0% used [0x24000000, 0x24000000, 0x27540000)
  from space 6784K, 100% used [0x27540000, 0x27be0000, 0x27be0000)
  to   space 6784K,   0% used [0x27be0000, 0x27be0000, 0x28280000)
 tenured generation   total 136064K, used 122597K [0x29550000, 0x31a30000, 0x34000000)
   the space 136064K,  90% used [0x29550000, 0x30d09500, 0x30d09600, 0x31a30000)
 compacting perm gen  total 12288K, used 10722K [0x34000000, 0x34c00000, 0x38000000)
   the space 12288K,  87% used [0x34000000, 0x34a78b28, 0x34a78c00, 0x34c00000)
    ro space 10240K,  42% used [0x38000000, 0x38434778, 0x38434800, 0x38a00000)
    rw space 12288K,  52% used [0x38a00000, 0x39049a68, 0x39049c00, 0x39600000)
}
Event: 159.119 GC heap before
{Heap before GC invocations=32 (full 8):
 def new generation   total 61312K, used 61312K [0x24000000, 0x28280000, 0x29550000)
  eden space 54528K, 100% used [0x24000000, 0x27540000, 0x27540000)
  from space 6784K, 100% used [0x27540000, 0x27be0000, 0x27be0000)
  to   space 6784K,   0% used [0x27be0000, 0x27be0000, 0x28280000)
 tenured generation   total 136064K, used 122597K [0x29550000, 0x31a30000, 0x34000000)
   the space 136064K,  90% used [0x29550000, 0x30d09500, 0x30d09600, 0x31a30000)
 compacting perm gen  total 12288K, used 10722K [0x34000000, 0x34c00000, 0x38000000)
   the space 12288K,  87% used [0x34000000, 0x34a78b48, 0x34a78c00, 0x34c00000)
    ro space 10240K,  42% used [0x38000000, 0x38434778, 0x38434800, 0x38a00000)
    rw space 12288K,  52% used [0x38a00000, 0x39049a68, 0x39049c00, 0x39600000)
Event: 159.271 GC heap after
Heap after GC invocations=33 (full 9):
 def new generation   total 78656K, used 0K [0x24000000, 0x29550000, 0x29550000)
  eden space 69952K,   0% used [0x24000000, 0x24000000, 0x28450000)
  from space 8704K,   0% used [0x28450000, 0x28450000, 0x28cd0000)
  to   space 8704K,   0% used [0x28cd0000, 0x28cd0000, 0x29550000)
 tenured generation   total 174784K, used 126689K [0x29550000, 0x34000000, 0x34000000)
   the space 174784K,  72% used [0x29550000, 0x31108660, 0x31108800, 0x34000000)
 compacting perm gen  total 12288K, used 10722K [0x34000000, 0x34c00000, 0x38000000)
   the space 12288K,  87% used [0x34000000, 0x34a78b48, 0x34a78c00, 0x34c00000)
    ro space 10240K,  42% used [0x38000000, 0x38434778, 0x38434800, 0x38a00000)
    rw space 12288K,  52% used [0x38a00000, 0x39049a68, 0x39049c00, 0x39600000)
}
Event: 161.575 GC heap before
{Heap before GC invocations=33 (full 9):
 def new generation   total 78656K, used 69952K [0x24000000, 0x29550000, 0x29550000)
  eden space 69952K, 100% used [0x24000000, 0x28450000, 0x28450000)
  from space 8704K,   0% used [0x28450000, 0x28450000, 0x28cd0000)
  to   space 8704K,   0% used [0x28cd0000, 0x28cd0000, 0x29550000)
 tenured generation   total 174784K, used 126689K [0x29550000, 0x34000000, 0x34000000)
   the space 174784K,  72% used [0x29550000, 0x31108660, 0x31108800, 0x34000000)
 compacting perm gen  total 12288K, used 10722K [0x34000000, 0x34c00000, 0x38000000)
   the space 12288K,  87% used [0x34000000, 0x34a78b58, 0x34a78c00, 0x34c00000)
    ro space 10240K,  42% used [0x38000000, 0x38434778, 0x38434800, 0x38a00000)
    rw space 12288K,  52% used [0x38a00000, 0x39049a68, 0x39049c00, 0x39600000)
Event: 161.609 GC heap after
Heap after GC invocations=34 (full 9):
 def new generation   total 78656K, used 8704K [0x24000000, 0x29550000, 0x29550000)
  eden space 69952K,   0% used [0x24000000, 0x24000000, 0x28450000)
  from space 8704K, 100% used [0x28cd0000, 0x29550000, 0x29550000)
  to   space 8704K,   0% used [0x28450000, 0x28450000, 0x28cd0000)
 tenured generation   total 174784K, used 139576K [0x29550000, 0x34000000, 0x34000000)
   the space 174784K,  79% used [0x29550000, 0x31d9e3e8, 0x31d9e400, 0x34000000)
 compacting perm gen  total 12288K, used 10722K [0x34000000, 0x34c00000, 0x38000000)
   the space 12288K,  87% used [0x34000000, 0x34a78b58, 0x34a78c00, 0x34c00000)
    ro space 10240K,  42% used [0x38000000, 0x38434778, 0x38434800, 0x38a00000)
    rw space 12288K,  52% used [0x38a00000, 0x39049a68, 0x39049c00, 0x39600000)
}
Event: 173.511 GC heap before
{Heap before GC invocations=34 (full 9):
 def new generation   total 78656K, used 78435K [0x24000000, 0x29550000, 0x29550000)
  eden space 69952K,  99% used [0x24000000, 0x28418e50, 0x28450000)
  from space 8704K, 100% used [0x28cd0000, 0x29550000, 0x29550000)
  to   space 8704K,   0% used [0x28450000, 0x28450000, 0x28cd0000)
 tenured generation   total 174784K, used 139576K [0x29550000, 0x34000000, 0x34000000)
   the space 174784K,  79% used [0x29550000, 0x31d9e3e8, 0x31d9e400, 0x34000000)
 compacting perm gen  total 12288K, used 10722K [0x34000000, 0x34c00000, 0x38000000)
   the space 12288K,  87% used [0x34000000, 0x34a78b58, 0x34a78c00, 0x34c00000)
    ro space 10240K,  42% used [0x38000000, 0x38434778, 0x38434800, 0x38a00000)
    rw space 12288K,  52% used [0x38a00000, 0x39049a68, 0x39049c00, 0x39600000)
Event: 173.538 GC heap after
Heap after GC invocations=35 (full 9):
 def new generation   total 78656K, used 8704K [0x24000000, 0x29550000, 0x29550000)
  eden space 69952K,   0% used [0x24000000, 0x24000000, 0x28450000)
  from space 8704K, 100% used [0x28450000, 0x28cd0000, 0x28cd0000)
  to   space 8704K,   0% used [0x28cd0000, 0x28cd0000, 0x29550000)
 tenured generation   total 174784K, used 145151K [0x29550000, 0x34000000, 0x34000000)
   the space 174784K,  83% used [0x29550000, 0x3230fc08, 0x3230fe00, 0x34000000)
 compacting perm gen  total 12288K, used 10722K [0x34000000, 0x34c00000, 0x38000000)
   the space 12288K,  87% used [0x34000000, 0x34a78b58, 0x34a78c00, 0x34c00000)
    ro space 10240K,  42% used [0x38000000, 0x38434778, 0x38434800, 0x38a00000)
    rw space 12288K,  52% used [0x38a00000, 0x39049a68, 0x39049c00, 0x39600000)
}

Deoptimization events (0 events):
No events

Internal exceptions (10 events):
Event: 119.104 Thread 0x08f5c400 Threw 0x262ba030 at C:\re\jdk7u60\1081\hotspot\src\share\vm\prims\jvm.cpp:2917
Event: 120.020 Thread 0x05d33c00 Threw 0x263c6860 at C:\re\jdk7u60\1081\hotspot\src\share\vm\prims\jvm.cpp:2917
Event: 129.510 Thread 0x05d35400 Threw 0x268453e8 at C:\re\jdk7u60\1081\hotspot\src\share\vm\prims\jvm.cpp:2917
Event: 129.683 Thread 0x05d35400 Threw 0x26a07760 at C:\re\jdk7u60\1081\hotspot\src\share\vm\prims\jvm.cpp:2917
Event: 144.547 Thread 0x05d35400 Threw 0x26c7d638 at C:\re\jdk7u60\1081\hotspot\src\share\vm\prims\jvm.cpp:2917
Event: 148.506 Thread 0x05d35400 Threw 0x2506f9f8 at C:\re\jdk7u60\1081\hotspot\src\share\vm\prims\jvm.cpp:2917
Event: 156.376 Thread 0x05d35400 Threw 0x25b97d38 at C:\re\jdk7u60\1081\hotspot\src\share\vm\prims\jvm.cpp:2917
Event: 156.544 Thread 0x05d35400 Threw 0x25ba1ec0 at C:\re\jdk7u60\1081\hotspot\src\share\vm\prims\jvm.cpp:2917
Event: 172.968 Thread 0x05d36c00 Threw 0x280eca70 at C:\re\jdk7u60\1081\hotspot\src\share\vm\prims\jvm.cpp:2917
Event: 175.950 Thread 0x05d36c00 Threw 0x255a1140 at C:\re\jdk7u60\1081\hotspot\src\share\vm\prims\jvm.cpp:2917

Events (10 events):
Event: 206.528 Executing VM operation: RevokeBias done
Event: 206.528 Executing VM operation: RevokeBias
Event: 206.528 Executing VM operation: RevokeBias done
Event: 206.528 loading class 0x39670c20
Event: 206.528 Thread 0x05d34c00 Thread exited: 0x05d34c00
Event: 206.528 loading class 0x39670c20 done
Event: 206.528 Thread 0x05d34000 Thread exited: 0x05d34000
Event: 206.542 Thread 0x04ecb000 Thread exited: 0x04ecb000
Event: 206.628 Thread 0x05d36800 Thread exited: 0x05d36800
Event: 206.628 Executing VM operation: Exit


Dynamic libraries:
0x00a70000 - 0x00a9f000 	C:\Program Files (x86)\Java\jre7\bin\javaw.exe
0x76fe0000 - 0x77137000 	C:\Windows\SYSTEM32\ntdll.dll
0x74690000 - 0x747c0000 	C:\Windows\SYSTEM32\KERNEL32.DLL
0x76a80000 - 0x76b27000 	C:\Windows\SYSTEM32\KERNELBASE.dll
0x747c0000 - 0x7486e000 	C:\Windows\SYSTEM32\ADVAPI32.dll
0x764f0000 - 0x76606000 	C:\Windows\SYSTEM32\USER32.dll
0x73130000 - 0x73328000 	C:\Windows\WinSxS\x86_microsoft.windows.common-controls_6595b64144ccf1df_6.0.9200.16579_none_8937eec6860750f5\COMCTL32.dll
0x76000000 - 0x760b1000 	C:\Windows\SYSTEM32\msvcrt.dll
0x74870000 - 0x748a4000 	C:\Windows\SYSTEM32\sechost.dll
0x760c0000 - 0x7616c000 	C:\Windows\SYSTEM32\RPCRT4.dll
0x748b0000 - 0x749ad000 	C:\Windows\SYSTEM32\GDI32.dll
0x745d0000 - 0x745ed000 	C:\Windows\SYSTEM32\SspiCli.dll
0x745c0000 - 0x745c9000 	C:\Windows\SYSTEM32\CRYPTBASE.dll
0x74560000 - 0x745b1000 	C:\Windows\SYSTEM32\bcryptPrimitives.dll
0x762e0000 - 0x76300000 	C:\Windows\system32\IMM32.DLL
0x76680000 - 0x7675e000 	C:\Windows\SYSTEM32\MSCTF.dll
0x6f520000 - 0x6f5df000 	C:\Program Files (x86)\Java\jre7\bin\msvcr100.dll
0x5e310000 - 0x5e698000 	C:\Program Files (x86)\Java\jre7\bin\client\jvm.dll
0x71c10000 - 0x71c18000 	C:\Windows\SYSTEM32\WSOCK32.dll
0x71fb0000 - 0x71fd1000 	C:\Windows\SYSTEM32\WINMM.dll
0x76300000 - 0x76306000 	C:\Windows\SYSTEM32\PSAPI.DLL
0x75f80000 - 0x75fd0000 	C:\Windows\SYSTEM32\WS2_32.dll
0x71c70000 - 0x71c9b000 	C:\Windows\SYSTEM32\WINMMBASE.dll
0x75ff0000 - 0x75ff8000 	C:\Windows\SYSTEM32\NSI.dll
0x76b30000 - 0x76b76000 	C:\Windows\SYSTEM32\cfgmgr32.dll
0x75f00000 - 0x75f1e000 	C:\Windows\SYSTEM32\DEVOBJ.dll
0x720a0000 - 0x720ac000 	C:\Program Files (x86)\Java\jre7\bin\verify.dll
0x70bb0000 - 0x70bd0000 	C:\Program Files (x86)\Java\jre7\bin\java.dll
0x70b90000 - 0x70ba3000 	C:\Program Files (x86)\Java\jre7\bin\zip.dll
0x6f3d0000 - 0x6f513000 	C:\Program Files (x86)\Java\jre7\bin\awt.dll
0x76c00000 - 0x76c8b000 	C:\Windows\SYSTEM32\OLEAUT32.dll
0x76de0000 - 0x76f16000 	C:\Windows\SYSTEM32\combase.dll
0x72dd0000 - 0x72e77000 	C:\Windows\system32\apphelp.dll
0x71a40000 - 0x71a59000 	C:\Windows\system32\DWMAPI.DLL
0x726b0000 - 0x72738000 	C:\Windows\system32\uxtheme.dll
0x76760000 - 0x76879000 	C:\Windows\SYSTEM32\ole32.dll
0x74da0000 - 0x75e66000 	C:\Windows\SYSTEM32\SHELL32.dll
0x75f40000 - 0x75f80000 	C:\Windows\SYSTEM32\SHLWAPI.dll
0x73330000 - 0x733a3000 	C:\Windows\SYSTEM32\shcore.dll
0x718b0000 - 0x718e9000 	C:\Program Files (x86)\Java\jre7\bin\fontmanager.dll
0x6f250000 - 0x6f264000 	C:\Program Files (x86)\Java\jre7\bin\net.dll
0x72e80000 - 0x72eca000 	C:\Windows\system32\mswsock.dll
0x718a0000 - 0x718af000 	C:\Program Files (x86)\Java\jre7\bin\nio.dll
0x706d0000 - 0x70700000 	C:\Program Files (x86)\Java\jre7\bin\t2k.dll
0x76b80000 - 0x76bf4000 	C:\Windows\SYSTEM32\clbcatq.dll
0x6a8a0000 - 0x6a9eb000 	C:\Windows\SYSTEM32\WindowsCodecs.dll
0x76dc0000 - 0x76dd1000 	C:\Windows\SYSTEM32\profapi.dll
0x706a0000 - 0x706c4000 	C:\Program Files (x86)\Java\jre7\bin\dcpr.dll
0x6f360000 - 0x6f3cd000 	C:\binaries\terrajava.dll
0x68640000 - 0x68727000 	C:\binaries\terramanager-funcate.dll
0x59300000 - 0x59ba6000 	C:\binaries\terralib.dll
0x64af0000 - 0x64b59000 	C:\Windows\SYSTEM32\MSVCP100.dll
0x6d880000 - 0x6db4c000 	C:\binaries\bgd.dll
0x71910000 - 0x7192b000 	C:\binaries\terraogc_xml.dll
0x71500000 - 0x7151d000 	C:\binaries\terraogc_sld.dll
0x6f330000 - 0x6f356000 	C:\binaries\terraogc_se.dll
0x6f2f0000 - 0x6f326000 	C:\binaries\terraogc_filter.dll
0x685e0000 - 0x68632000 	C:\binaries\terraogc_ows.dll
0x6f2d0000 - 0x6f2e9000 	C:\binaries\terraogc_common.dll
0x6f2c0000 - 0x6f2cb000 	C:\binaries\terralib_shp.dll
0x6f2b0000 - 0x6f2be000 	C:\binaries\terralib_spl.dll
0x063d0000 - 0x067c6000 	C:\binaries\qt-mt338.dll
0x613d0000 - 0x6149e000 	C:\Windows\SYSTEM32\OPENGL32.dll
0x613a0000 - 0x613c3000 	C:\Windows\SYSTEM32\GLU32.dll
0x68560000 - 0x685df000 	C:\binaries\qwt500.dll
0x0f1e0000 - 0x111df000 	C:\binaries\berkelium.dll
0x067d0000 - 0x06911000 	C:\binaries\LIBMYSQL.dll
0x63100000 - 0x63121000 	C:\binaries\LIBPQ.dll
0x06920000 - 0x06981000 	C:\binaries\OCI.dll
0x684d0000 - 0x6855a000 	C:\binaries\libtiff.dll
0x583a0000 - 0x58b72000 	C:\binaries\gdal110.dll
0x12000000 - 0x121dc000 	C:\binaries\xerces-c_3_1.dll
0x5f000000 - 0x5f055000 	C:\binaries\terraogc_wms.dll
0x5efa0000 - 0x5eff3000 	C:\binaries\terraogc_gml.dll
0x5f980000 - 0x5f9c1000 	C:\binaries\terraogc_xsd.dll
0x6ab50000 - 0x6ab70000 	C:\binaries\terraogc_xacml.dll
0x71f30000 - 0x71f90000 	C:\Windows\SYSTEM32\WINSPOOL.DRV
0x7c340000 - 0x7c396000 	C:\Windows\SYSTEM32\MSVCR71.dll
0x608a0000 - 0x60979000 	C:\Windows\SYSTEM32\DDRAW.dll
0x727a0000 - 0x727a9000 	C:\Windows\SYSTEM32\Secur32.dll
0x75f20000 - 0x75f3b000 	C:\Windows\SYSTEM32\USERENV.dll
0x71520000 - 0x71570000 	C:\Windows\SYSTEM32\OLEACC.dll
0x54200000 - 0x54276000 	C:\Windows\SYSTEM32\RICHED20.dll
0x72ee0000 - 0x72ee8000 	C:\Windows\SYSTEM32\VERSION.dll
0x720b0000 - 0x720c4000 	C:\Windows\SYSTEM32\USP10.dll
0x72c50000 - 0x72cc5000 	C:\Windows\SYSTEM32\DNSAPI.dll
0x06a30000 - 0x06ada000 	C:\Windows\libeay32.dll
0x06ae0000 - 0x06aed000 	C:\binaries\libintl-2.dll
0x72ed0000 - 0x72ed6000 	C:\Windows\SYSTEM32\SHFOLDER.DLL
0x06af0000 - 0x06b16000 	C:\Windows\ssleay32.dll
0x06b20000 - 0x06b46000 	C:\binaries\libexpat.dll
0x60770000 - 0x60811000 	C:\Windows\SYSTEM32\ODBC32.dll
0x60760000 - 0x60767000 	C:\Windows\SYSTEM32\DCIMAN32.dll
0x663b0000 - 0x663db000 	C:\Windows\SYSTEM32\msls31.dll
0x06ba0000 - 0x06c7b000 	C:\binaries\libiconv-2.dll
0x6f600000 - 0x6f61d000 	C:\Windows\SYSTEM32\gpapi.dll
0x74530000 - 0x74556000 	C:\Windows\SYSTEM32\ntmarta.dll
0x57af0000 - 0x58398000 	C:\binaries\icudt46.dll
0x53850000 - 0x53979000 	C:\Windows\SYSTEM32\dbghelp.dll
0x72040000 - 0x72050000 	C:\Windows\system32\napinsp.dll
0x72020000 - 0x72034000 	C:\Windows\system32\pnrpnsp.dll
0x72010000 - 0x72020000 	C:\Windows\system32\NLAapi.dll
0x72000000 - 0x72009000 	C:\Windows\System32\winrnr.dll
0x71ac0000 - 0x71ad0000 	C:\Windows\system32\wshbth.dll
0x726a0000 - 0x726a7000 	C:\Windows\System32\rasadhlp.dll
0x71c30000 - 0x71c6f000 	C:\Windows\System32\fwpuclnt.dll
0x72cd0000 - 0x72cf0000 	C:\Windows\SYSTEM32\IPHLPAPI.DLL
0x72c40000 - 0x72c48000 	C:\Windows\SYSTEM32\WINNSI.DLL
0x730d0000 - 0x730ea000 	C:\Windows\SYSTEM32\CRYPTSP.dll
0x73090000 - 0x730ce000 	C:\Windows\system32\rsaenh.dll
0x72c30000 - 0x72c40000 	C:\Windows\SYSTEM32\dhcpcsvc6.DLL
0x72c10000 - 0x72c22000 	C:\Windows\SYSTEM32\dhcpcsvc.DLL
0x68440000 - 0x68465000 	C:\Program Files (x86)\Java\jre7\bin\jpeg.dll
0x71ea0000 - 0x71f22000 	C:\Windows\SYSTEM32\WINHTTP.dll
0x76310000 - 0x76492000 	C:\Windows\SYSTEM32\CRYPT32.dll
0x75fd0000 - 0x75fe2000 	C:\Windows\SYSTEM32\MSASN1.dll
0x73070000 - 0x73089000 	C:\Windows\SYSTEM32\ncrypt.dll
0x73050000 - 0x7306a000 	C:\Windows\SYSTEM32\bcrypt.dll
0x73020000 - 0x73047000 	C:\Windows\SYSTEM32\NTASN1.dll
0x6f5e0000 - 0x6f5fd000 	C:\Windows\SYSTEM32\cryptnet.dll
0x76620000 - 0x76676000 	C:\Windows\SYSTEM32\WLDAP32.dll
0x749b0000 - 0x74b5f000 	C:\Windows\SYSTEM32\SETUPAPI.dll
0x72f00000 - 0x73019000 	C:\Windows\system32\propsys.dll

VM Arguments:
jvm_args: -Dfile.encoding=ISO-8859-1 
java_command: com.nexusbr.gv.main.ConnectDBMain
Launcher Type: SUN_STANDARD

Environment Variables:
JAVA_HOME=C:\Program Files (x86)\Java\jre7
PATH=C:/Program Files (x86)/Java/jre7/bin/client;C:/Program Files (x86)/Java/jre7/bin;C:/Program Files (x86)/Java/jre7/lib/i386;C:\Program Files (x86)\PHP\;c:\Program Files (x86)\Intel\iCLS Client\;c:\Program Files\Intel\iCLS Client\;C:\Windows\system32;C:\Windows;C:\Windows\System32\Wbem;C:\Windows\System32\WindowsPowerShell\v1.0\;C:\Program Files\Intel\Intel(R) Management Engine Components\DAL;C:\Program Files\Intel\Intel(R) Management Engine Components\IPT;C:\Program Files (x86)\Intel\Intel(R) Management Engine Components\DAL;C:\Program Files (x86)\Intel\Intel(R) Management Engine Components\IPT;C:\Program Files (x86)\Intel\OpenCL SDK\3.0\bin\x86;C:\Program Files (x86)\Intel\OpenCL SDK\3.0\bin\x64;C:\Program Files (x86)\Windows Live\Shared;C:\binaries;c:\Program Files (x86)\Microsoft SQL Server\100\Tools\Binn\;c:\Program Files\Microsoft SQL Server\100\Tools\Binn\;c:\Program Files\Microsoft SQL Server\100\DTS\Binn\;C:\strawberry\c\bin;C:\strawberry\perl\site\bin;C:\strawberry\perl\bin;C:\Program Files (x86)\Microsoft SQL Server\110\Tools\Binn\ManagementStudio\;C:\Program Files (x86)\Microsoft SQL Server\110\Tools\Binn\;C:\Program Files\Microsoft SQL Server\110\Tools\Binn\;C:\Program Files (x86)\Microsoft SQL Server\110\DTS\Binn\;C:\Program Files\TortoiseSVN\bin;C:\Python34;C:\Program Files (x86)\Java\jre7\bin;C:\eclipse;
USERNAME=inacio
OS=Windows_NT
PROCESSOR_IDENTIFIER=Intel64 Family 6 Model 69 Stepping 1, GenuineIntel



---------------  S Y S T E M  ---------------

OS: Windows 8 , 64 bit Build 9200 

CPU:total 4 (2 cores per cpu, 2 threads per core) family 6 model 69 stepping 1, cmov, cx8, fxsr, mmx, sse, sse2, sse3, ssse3, sse4.1, sse4.2, popcnt, avx, avx2, aes, erms, ht, tsc, tscinvbit

Memory: 4k page, physical 8290700k(2508992k free), swap 9535884k(3045196k free)

vm_info: Java HotSpot(TM) Client VM (24.60-b09) for windows-x86 JRE (1.7.0_60-b19), built on May  7 2014 13:09:52 by "java_re" with unknown MS VC++:1600

time: Thu Jul 03 16:36:54 2014
elapsed time: 206 seconds

