#
# A fatal error has been detected by the Java Runtime Environment:
#
#  EXCEPTION_ACCESS_VIOLATION (0xc0000005) at pc=0x105e9052, pid=8288, tid=10080
#
# JRE version: Java(TM) SE Runtime Environment (7.0_60-b19) (build 1.7.0_60-b19)
# Java VM: Java HotSpot(TM) Client VM (24.60-b09 mixed mode, sharing windows-x86 )
# Problematic frame:
# C  [berkelium.dll+0xa39052]
#
# Failed to write core dump. Minidumps are not enabled by default on client versions of Windows
#
# If you would like to submit a bug report, please visit:
#   http://bugreport.sun.com/bugreport/crash.jsp
#

---------------  T H R E A D  ---------------

Current thread (0x029bfc00):  VMThread [stack: 0x04ca0000,0x04cf0000] [id=10080]

siginfo: ExceptionCode=0xc0000005, reading address 0x000000f8

Registers:
EAX=0x04cef014, EBX=0x000493e0, ECX=0x04cef014, EDX=0xba0e1c70
ESP=0x04cef004, EBP=0x00000073, ESI=0x00000000, EDI=0xcbefbf70
EIP=0x105e9052, EFLAGS=0x00010202

Top of Stack: (sp=0x04cef004)
0x04cef004:   076c1168 076c1168 0761ab00 00000000
0x04cef014:   ba0e1c70 00000073 076b3a20 076bc900
0x04cef024:   00000000 00000000 00000000 74616401
0x04cef034:   69642d61 07950072 00000023 0000002f
0x04cef044:   00000000 07647070 002e5bdf 076c1000
0x04cef054:   0761ab44 ffffff00 0fc1bf20 11739778
0x04cef064:   07170030 00000000 0000000f 1173a730
0x04cef074:   00000001 0fc19783 00000008 00000001 

Instructions: (pc=0x105e9052)
0x105e9032:   03 00 00 57 53 e8 f4 c8 60 ff 8b ea 8d 54 24 10
0x105e9042:   52 8b f8 e8 26 ca 00 00 83 c4 04 03 38 13 68 04
0x105e9052:   8b 86 f8 00 00 00 0b 86 fc 00 00 00 89 7c 24 20
0x105e9062:   89 6c 24 24 75 3e 39 84 24 d4 00 00 00 7f 35 7c 


Register to memory mapping:

EAX=
[error occurred during error reporting (printing register info), id 0xc0000005]

Stack: [0x04ca0000,0x04cf0000],  sp=0x04cef004,  free space=316k
Native frames: (J=compiled Java code, j=interpreted, Vv=VM code, C=native code)
C  [berkelium.dll+0xa39052]

VM_Operation (0x0627e500): Exit, mode: safepoint, requested by thread 0x02a33800


---------------  P R O C E S S  ---------------

Java Threads: ( => current thread )
  0x0612b000 JavaThread "Image Fetcher 3" daemon [_thread_blocked, id=8484, stack(0x0a200000,0x0a250000)]
  0x0612d400 JavaThread "WeakCollectionCleaner" daemon [_thread_blocked, id=8384, stack(0x0a0e0000,0x0a130000)]
  0x02a30c00 JavaThread "TimerQueue" daemon [_thread_blocked, id=5232, stack(0x08040000,0x08090000)]
  0x02a33400 JavaThread "Image Fetcher 2" daemon [_thread_blocked, id=3800, stack(0x07f70000,0x07fc0000)]
  0x02a34800 JavaThread "DestroyJavaVM" [_thread_blocked, id=3856, stack(0x01220000,0x01270000)]
  0x02a33800 JavaThread "AWT-EventQueue-0" [_thread_blocked, id=5188, stack(0x06230000,0x06280000)]
  0x02a32800 JavaThread "AWT-Shutdown" [_thread_blocked, id=9904, stack(0x05900000,0x05950000)]
  0x02a34000 JavaThread "Java2D Disposer" daemon [_thread_blocked, id=9120, stack(0x05870000,0x058c0000)]
  0x02a32000 JavaThread "Service Thread" daemon [_thread_blocked, id=9316, stack(0x05000000,0x05050000)]
  0x02a38000 JavaThread "C1 CompilerThread0" daemon [_thread_blocked, id=8676, stack(0x04f70000,0x04fc0000)]
  0x02a31400 JavaThread "Attach Listener" daemon [_thread_blocked, id=7188, stack(0x04ee0000,0x04f30000)]
  0x02a31c00 JavaThread "Signal Dispatcher" daemon [_thread_blocked, id=5804, stack(0x04e50000,0x04ea0000)]
  0x029c6000 JavaThread "Finalizer" daemon [_thread_blocked, id=8124, stack(0x04dc0000,0x04e10000)]
  0x029c1000 JavaThread "Reference Handler" daemon [_thread_blocked, id=3912, stack(0x04d30000,0x04d80000)]

Other Threads:
=>0x029bfc00 VMThread [stack: 0x04ca0000,0x04cf0000] [id=10080]

VM state:at safepoint (shutting down)

VM Mutex/Monitor currently owned by a thread:  ([mutex/lock_event])
[0x02abc5a0] Threads_lock - owner thread: 0x029bfc00

Heap
 def new generation   total 27712K, used 5754K [0x24000000, 0x25e10000, 0x29550000)
  eden space 24640K,  11% used [0x24000000, 0x242ad638, 0x25810000)
  from space 3072K,  98% used [0x25810000, 0x25b01560, 0x25b10000)
  to   space 3072K,   0% used [0x25b10000, 0x25b10000, 0x25e10000)
 tenured generation   total 61388K, used 58040K [0x29550000, 0x2d143000, 0x34000000)
   the space 61388K,  94% used [0x29550000, 0x2cdfe138, 0x2cdfe200, 0x2d143000)
 compacting perm gen  total 12288K, used 10592K [0x34000000, 0x34c00000, 0x38000000)
   the space 12288K,  86% used [0x34000000, 0x34a581e0, 0x34a58200, 0x34c00000)
    ro space 10240K,  42% used [0x38000000, 0x38434778, 0x38434800, 0x38a00000)
    rw space 12288K,  52% used [0x38a00000, 0x39049a68, 0x39049c00, 0x39600000)

Card table byte_map: [0x04b40000,0x04bf0000] byte_map_base: 0x04a20000

Polling page: 0x00ff0000

Code Cache  [0x02ac0000, 0x02d60000, 0x04ac0000)
 total_blobs=1554 nmethods=1258 adapters=232 free_code_cache=30099Kb largest_free_block=30819328

Compilation events (10 events):
Event: 16.336 Thread 0x02a38000 1270             sun.java2d.pipe.Region::clipScale (41 bytes)
Event: 16.337 Thread 0x02a38000 nmethod 1270 0x02d5a188 code [0x02d5a2e0, 0x02d5a44c]
Event: 16.345 Thread 0x02a38000 1271             sun.java2d.SunGraphics2D::getClipBounds (21 bytes)
Event: 16.345 Thread 0x02a38000 nmethod 1271 0x02d5a508 code [0x02d5a610, 0x02d5a6fc]
Event: 16.345 Thread 0x02a38000 1272             sun.java2d.SunGraphics2D::getClipBounds (102 bytes)
Event: 16.346 Thread 0x02a38000 nmethod 1272 0x02d5a788 code [0x02d5a970, 0x02d5ad54]
Event: 16.346 Thread 0x02a38000 1273             javax.swing.plaf.nimbus.AbstractRegionPainter::decodeX (87 bytes)
Event: 16.346 Thread 0x02a38000 nmethod 1273 0x02d5b188 code [0x02d5b2e0, 0x02d5b4bc]
Event: 16.346 Thread 0x02a38000 1274             javax.swing.plaf.nimbus.AbstractRegionPainter::decodeY (87 bytes)
Event: 16.346 Thread 0x02a38000 nmethod 1274 0x02d5b548 code [0x02d5b6a0, 0x02d5b87c]

GC Heap History (10 events):
Event: 8.272 GC heap before
{Heap before GC invocations=17 (full 4):
 def new generation   total 20800K, used 20800K [0x24000000, 0x25690000, 0x29550000)
  eden space 18496K, 100% used [0x24000000, 0x25210000, 0x25210000)
  from space 2304K, 100% used [0x25450000, 0x25690000, 0x25690000)
  to   space 2304K,   0% used [0x25210000, 0x25210000, 0x25450000)
 tenured generation   total 46080K, used 30696K [0x29550000, 0x2c250000, 0x34000000)
   the space 46080K,  66% used [0x29550000, 0x2b34a1d0, 0x2b34a200, 0x2c250000)
 compacting perm gen  total 12288K, used 9357K [0x34000000, 0x34c00000, 0x38000000)
   the space 12288K,  76% used [0x34000000, 0x34923450, 0x34923600, 0x34c00000)
    ro space 10240K,  42% used [0x38000000, 0x38434778, 0x38434800, 0x38a00000)
    rw space 12288K,  52% used [0x38a00000, 0x39049a68, 0x39049c00, 0x39600000)
Event: 8.284 GC heap after
Heap after GC invocations=18 (full 4):
 def new generation   total 20800K, used 1561K [0x24000000, 0x25690000, 0x29550000)
  eden space 18496K,   0% used [0x24000000, 0x24000000, 0x25210000)
  from space 2304K,  67% used [0x25210000, 0x253964f0, 0x25450000)
  to   space 2304K,   0% used [0x25450000, 0x25450000, 0x25690000)
 tenured generation   total 46080K, used 38185K [0x29550000, 0x2c250000, 0x34000000)
   the space 46080K,  82% used [0x29550000, 0x2ba9a718, 0x2ba9a800, 0x2c250000)
 compacting perm gen  total 12288K, used 9357K [0x34000000, 0x34c00000, 0x38000000)
   the space 12288K,  76% used [0x34000000, 0x34923450, 0x34923600, 0x34c00000)
    ro space 10240K,  42% used [0x38000000, 0x38434778, 0x38434800, 0x38a00000)
    rw space 12288K,  52% used [0x38a00000, 0x39049a68, 0x39049c00, 0x39600000)
}
Event: 9.575 GC heap before
{Heap before GC invocations=18 (full 4):
 def new generation   total 20800K, used 20249K [0x24000000, 0x25690000, 0x29550000)
  eden space 18496K, 100% used [0x24000000, 0x25210000, 0x25210000)
  from space 2304K,  76% used [0x25210000, 0x253c6500, 0x25450000)
  to   space 2304K,   0% used [0x25450000, 0x25450000, 0x25690000)
 tenured generation   total 46080K, used 38185K [0x29550000, 0x2c250000, 0x34000000)
   the space 46080K,  82% used [0x29550000, 0x2ba9a718, 0x2ba9a800, 0x2c250000)
 compacting perm gen  total 12288K, used 10582K [0x34000000, 0x34c00000, 0x38000000)
   the space 12288K,  86% used [0x34000000, 0x34a55988, 0x34a55a00, 0x34c00000)
    ro space 10240K,  42% used [0x38000000, 0x38434778, 0x38434800, 0x38a00000)
    rw space 12288K,  52% used [0x38a00000, 0x39049a68, 0x39049c00, 0x39600000)
Event: 9.583 GC heap after
Heap after GC invocations=19 (full 4):
 def new generation   total 20800K, used 2304K [0x24000000, 0x25690000, 0x29550000)
  eden space 18496K,   0% used [0x24000000, 0x24000000, 0x25210000)
  from space 2304K, 100% used [0x25450000, 0x25690000, 0x25690000)
  to   space 2304K,   0% used [0x25210000, 0x25210000, 0x25450000)
 tenured generation   total 46080K, used 43063K [0x29550000, 0x2c250000, 0x34000000)
   the space 46080K,  93% used [0x29550000, 0x2bf5df78, 0x2bf5e000, 0x2c250000)
 compacting perm gen  total 12288K, used 10582K [0x34000000, 0x34c00000, 0x38000000)
   the space 12288K,  86% used [0x34000000, 0x34a55988, 0x34a55a00, 0x34c00000)
    ro space 10240K,  42% used [0x38000000, 0x38434778, 0x38434800, 0x38a00000)
    rw space 12288K,  52% used [0x38a00000, 0x39049a68, 0x39049c00, 0x39600000)
}
Event: 11.441 GC heap before
{Heap before GC invocations=19 (full 4):
 def new generation   total 20800K, used 20563K [0x24000000, 0x25690000, 0x29550000)
  eden space 18496K,  98% used [0x24000000, 0x251d4f30, 0x25210000)
  from space 2304K, 100% used [0x25450000, 0x25690000, 0x25690000)
  to   space 2304K,   0% used [0x25210000, 0x25210000, 0x25450000)
 tenured generation   total 46080K, used 43063K [0x29550000, 0x2c250000, 0x34000000)
   the space 46080K,  93% used [0x29550000, 0x2bf5df78, 0x2bf5e000, 0x2c250000)
 compacting perm gen  total 12288K, used 10582K [0x34000000, 0x34c00000, 0x38000000)
   the space 12288K,  86% used [0x34000000, 0x34a559b8, 0x34a55a00, 0x34c00000)
    ro space 10240K,  42% used [0x38000000, 0x38434778, 0x38434800, 0x38a00000)
    rw space 12288K,  52% used [0x38a00000, 0x39049a68, 0x39049c00, 0x39600000)
Event: 11.531 GC heap after
Heap after GC invocations=20 (full 5):
 def new generation   total 27712K, used 0K [0x24000000, 0x25e10000, 0x29550000)
  eden space 24640K,   0% used [0x24000000, 0x24000000, 0x25810000)
  from space 3072K,   0% used [0x25810000, 0x25810000, 0x25b10000)
  to   space 3072K,   0% used [0x25b10000, 0x25b10000, 0x25e10000)
 tenured generation   total 61388K, used 36897K [0x29550000, 0x2d143000, 0x34000000)
   the space 61388K,  60% used [0x29550000, 0x2b958518, 0x2b958600, 0x2d143000)
 compacting perm gen  total 12288K, used 10582K [0x34000000, 0x34c00000, 0x38000000)
   the space 12288K,  86% used [0x34000000, 0x34a559b8, 0x34a55a00, 0x34c00000)
    ro space 10240K,  42% used [0x38000000, 0x38434778, 0x38434800, 0x38a00000)
    rw space 12288K,  52% used [0x38a00000, 0x39049a68, 0x39049c00, 0x39600000)
}
Event: 14.602 GC heap before
{Heap before GC invocations=20 (full 5):
 def new generation   total 27712K, used 23089K [0x24000000, 0x25e10000, 0x29550000)
  eden space 24640K,  93% used [0x24000000, 0x2568c538, 0x25810000)
  from space 3072K,   0% used [0x25810000, 0x25810000, 0x25b10000)
  to   space 3072K,   0% used [0x25b10000, 0x25b10000, 0x25e10000)
 tenured generation   total 61388K, used 36897K [0x29550000, 0x2d143000, 0x34000000)
   the space 61388K,  60% used [0x29550000, 0x2b958518, 0x2b958600, 0x2d143000)
 compacting perm gen  total 12288K, used 10582K [0x34000000, 0x34c00000, 0x38000000)
   the space 12288K,  86% used [0x34000000, 0x34a55b48, 0x34a55c00, 0x34c00000)
    ro space 10240K,  42% used [0x38000000, 0x38434778, 0x38434800, 0x38a00000)
    rw space 12288K,  52% used [0x38a00000, 0x39049a68, 0x39049c00, 0x39600000)
Event: 14.607 GC heap after
Heap after GC invocations=21 (full 5):
 def new generation   total 27712K, used 3072K [0x24000000, 0x25e10000, 0x29550000)
  eden space 24640K,   0% used [0x24000000, 0x24000000, 0x25810000)
  from space 3072K, 100% used [0x25b10000, 0x25e10000, 0x25e10000)
  to   space 3072K,   0% used [0x25810000, 0x25810000, 0x25b10000)
 tenured generation   total 61388K, used 45049K [0x29550000, 0x2d143000, 0x34000000)
   the space 61388K,  73% used [0x29550000, 0x2c14e6e8, 0x2c14e800, 0x2d143000)
 compacting perm gen  total 12288K, used 10582K [0x34000000, 0x34c00000, 0x38000000)
   the space 12288K,  86% used [0x34000000, 0x34a55b48, 0x34a55c00, 0x34c00000)
    ro space 10240K,  42% used [0x38000000, 0x38434778, 0x38434800, 0x38a00000)
    rw space 12288K,  52% used [0x38a00000, 0x39049a68, 0x39049c00, 0x39600000)
}
Event: 16.235 GC heap before
{Heap before GC invocations=21 (full 5):
 def new generation   total 27712K, used 27712K [0x24000000, 0x25e10000, 0x29550000)
  eden space 24640K, 100% used [0x24000000, 0x25810000, 0x25810000)
  from space 3072K, 100% used [0x25b10000, 0x25e10000, 0x25e10000)
  to   space 3072K,   0% used [0x25810000, 0x25810000, 0x25b10000)
 tenured generation   total 61388K, used 46022K [0x29550000, 0x2d143000, 0x34000000)
   the space 61388K,  74% used [0x29550000, 0x2c241ba8, 0x2c241c00, 0x2d143000)
 compacting perm gen  total 12288K, used 10590K [0x34000000, 0x34c00000, 0x38000000)
   the space 12288K,  86% used [0x34000000, 0x34a57bd8, 0x34a57c00, 0x34c00000)
    ro space 10240K,  42% used [0x38000000, 0x38434778, 0x38434800, 0x38a00000)
    rw space 12288K,  52% used [0x38a00000, 0x39049a68, 0x39049c00, 0x39600000)
Event: 16.241 GC heap after
Heap after GC invocations=22 (full 5):
 def new generation   total 27712K, used 3013K [0x24000000, 0x25e10000, 0x29550000)
  eden space 24640K,   0% used [0x24000000, 0x24000000, 0x25810000)
  from space 3072K,  98% used [0x25810000, 0x25b01560, 0x25b10000)
  to   space 3072K,   0% used [0x25b10000, 0x25b10000, 0x25e10000)
 tenured generation   total 61388K, used 58040K [0x29550000, 0x2d143000, 0x34000000)
   the space 61388K,  94% used [0x29550000, 0x2cdfe138, 0x2cdfe200, 0x2d143000)
 compacting perm gen  total 12288K, used 10590K [0x34000000, 0x34c00000, 0x38000000)
   the space 12288K,  86% used [0x34000000, 0x34a57bd8, 0x34a57c00, 0x34c00000)
    ro space 10240K,  42% used [0x38000000, 0x38434778, 0x38434800, 0x38a00000)
    rw space 12288K,  52% used [0x38a00000, 0x39049a68, 0x39049c00, 0x39600000)
}

Deoptimization events (0 events):
No events

Internal exceptions (10 events):
Event: 8.689 Thread 0x09571000 Threw 0x24c11048 at C:\re\jdk7u60\1081\hotspot\src\share\vm\prims\jvm.cpp:1244
Event: 8.690 Thread 0x09571000 Threw 0x24c19ef0 at C:\re\jdk7u60\1081\hotspot\src\share\vm\prims\jvm.cpp:1244
Event: 8.714 Thread 0x09571000 Threw 0x24c4dca8 at C:\re\jdk7u60\1081\hotspot\src\share\vm\interpreter\interpreterRuntime.cpp:362
Event: 9.991 Thread 0x02a33400 Threw 0x241ef1e0 at C:\re\jdk7u60\1081\hotspot\src\share\vm\prims\jvm.cpp:2917
Event: 11.420 Thread 0x0612b000 Threw 0x25140460 at C:\re\jdk7u60\1081\hotspot\src\share\vm\prims\jvm.cpp:2917
Event: 12.354 Thread 0x02a33400 Threw 0x24881f90 at C:\re\jdk7u60\1081\hotspot\src\share\vm\prims\jvm.cpp:2917
Event: 12.502 Thread 0x0612b000 Threw 0x24927228 at C:\re\jdk7u60\1081\hotspot\src\share\vm\prims\jvm.cpp:2917
Event: 14.633 Thread 0x06128800 Threw 0x24fd47a8 at C:\re\jdk7u60\1081\hotspot\src\share\vm\prims\jvm.cpp:1244
Event: 14.720 Thread 0x06128800 Threw 0x250c9ff8 at C:\re\jdk7u60\1081\hotspot\src\share\vm\interpreter\interpreterRuntime.cpp:362
Event: 16.499 Thread 0x02a33400 Threw 0x2427b050 at C:\re\jdk7u60\1081\hotspot\src\share\vm\prims\jvm.cpp:2917

Events (10 events):
Event: 19.295 loading class 0x39670c20 done
Event: 19.296 Thread 0x0612c000 Thread exited: 0x0612c000
Event: 19.296 Executing VM operation: RevokeBias
Event: 19.296 Executing VM operation: RevokeBias done
Event: 19.296 Executing VM operation: RevokeBias
Event: 19.296 Executing VM operation: RevokeBias done
Event: 19.296 Thread 0x0612c800 Thread exited: 0x0612c800
Event: 19.301 Thread 0x02a32c00 Thread exited: 0x02a32c00
Event: 19.396 Thread 0x0612dc00 Thread exited: 0x0612dc00
Event: 19.396 Executing VM operation: Exit


Dynamic libraries:
0x00a70000 - 0x00a9f000 	C:\Program Files (x86)\Java\jre7\bin\javaw.exe
0x76fe0000 - 0x77137000 	C:\Windows\SYSTEM32\ntdll.dll
0x74690000 - 0x747c0000 	C:\Windows\SYSTEM32\KERNEL32.DLL
0x76a80000 - 0x76b27000 	C:\Windows\SYSTEM32\KERNELBASE.dll
0x747c0000 - 0x7486e000 	C:\Windows\SYSTEM32\ADVAPI32.dll
0x764f0000 - 0x76606000 	C:\Windows\SYSTEM32\USER32.dll
0x73130000 - 0x73328000 	C:\Windows\WinSxS\x86_microsoft.windows.common-controls_6595b64144ccf1df_6.0.9200.16579_none_8937eec6860750f5\COMCTL32.dll
0x76000000 - 0x760b1000 	C:\Windows\SYSTEM32\msvcrt.dll
0x74870000 - 0x748a4000 	C:\Windows\SYSTEM32\sechost.dll
0x760c0000 - 0x7616c000 	C:\Windows\SYSTEM32\RPCRT4.dll
0x748b0000 - 0x749ad000 	C:\Windows\SYSTEM32\GDI32.dll
0x745d0000 - 0x745ed000 	C:\Windows\SYSTEM32\SspiCli.dll
0x745c0000 - 0x745c9000 	C:\Windows\SYSTEM32\CRYPTBASE.dll
0x74560000 - 0x745b1000 	C:\Windows\SYSTEM32\bcryptPrimitives.dll
0x762e0000 - 0x76300000 	C:\Windows\system32\IMM32.DLL
0x76680000 - 0x7675e000 	C:\Windows\SYSTEM32\MSCTF.dll
0x5f9e0000 - 0x5fa9f000 	C:\Program Files (x86)\Java\jre7\bin\msvcr100.dll
0x6f250000 - 0x6f5d8000 	C:\Program Files (x86)\Java\jre7\bin\client\jvm.dll
0x71c10000 - 0x71c18000 	C:\Windows\SYSTEM32\WSOCK32.dll
0x71fb0000 - 0x71fd1000 	C:\Windows\SYSTEM32\WINMM.dll
0x76300000 - 0x76306000 	C:\Windows\SYSTEM32\PSAPI.DLL
0x75f80000 - 0x75fd0000 	C:\Windows\SYSTEM32\WS2_32.dll
0x71c70000 - 0x71c9b000 	C:\Windows\SYSTEM32\WINMMBASE.dll
0x75ff0000 - 0x75ff8000 	C:\Windows\SYSTEM32\NSI.dll
0x76b30000 - 0x76b76000 	C:\Windows\SYSTEM32\cfgmgr32.dll
0x75f00000 - 0x75f1e000 	C:\Windows\SYSTEM32\DEVOBJ.dll
0x720a0000 - 0x720ac000 	C:\Program Files (x86)\Java\jre7\bin\verify.dll
0x71910000 - 0x71930000 	C:\Program Files (x86)\Java\jre7\bin\java.dll
0x718d0000 - 0x718e3000 	C:\Program Files (x86)\Java\jre7\bin\zip.dll
0x5e360000 - 0x5e4a3000 	C:\Program Files (x86)\Java\jre7\bin\awt.dll
0x76c00000 - 0x76c8b000 	C:\Windows\SYSTEM32\OLEAUT32.dll
0x76de0000 - 0x76f16000 	C:\Windows\SYSTEM32\combase.dll
0x72dd0000 - 0x72e77000 	C:\Windows\system32\apphelp.dll
0x71a40000 - 0x71a59000 	C:\Windows\system32\DWMAPI.DLL
0x726b0000 - 0x72738000 	C:\Windows\system32\uxtheme.dll
0x76760000 - 0x76879000 	C:\Windows\SYSTEM32\ole32.dll
0x74da0000 - 0x75e66000 	C:\Windows\SYSTEM32\SHELL32.dll
0x75f40000 - 0x75f80000 	C:\Windows\SYSTEM32\SHLWAPI.dll
0x73330000 - 0x733a3000 	C:\Windows\SYSTEM32\shcore.dll
0x5f9a0000 - 0x5f9d9000 	C:\Program Files (x86)\Java\jre7\bin\fontmanager.dll
0x718b0000 - 0x718c4000 	C:\Program Files (x86)\Java\jre7\bin\net.dll
0x72e80000 - 0x72eca000 	C:\Windows\system32\mswsock.dll
0x718a0000 - 0x718af000 	C:\Program Files (x86)\Java\jre7\bin\nio.dll
0x5e330000 - 0x5e360000 	C:\Program Files (x86)\Java\jre7\bin\t2k.dll
0x76b80000 - 0x76bf4000 	C:\Windows\SYSTEM32\clbcatq.dll
0x6a8a0000 - 0x6a9eb000 	C:\Windows\SYSTEM32\WindowsCodecs.dll
0x76dc0000 - 0x76dd1000 	C:\Windows\SYSTEM32\profapi.dll
0x5e300000 - 0x5e324000 	C:\Program Files (x86)\Java\jre7\bin\dcpr.dll
0x5e290000 - 0x5e2fd000 	C:\binaries\terrajava.dll
0x5e1a0000 - 0x5e287000 	C:\binaries\terramanager-funcate.dll
0x573f0000 - 0x57c96000 	C:\binaries\terralib.dll
0x64af0000 - 0x64b59000 	C:\Windows\SYSTEM32\MSVCP100.dll
0x6d880000 - 0x6db4c000 	C:\binaries\bgd.dll
0x5f980000 - 0x5f99b000 	C:\binaries\terraogc_xml.dll
0x5e180000 - 0x5e19d000 	C:\binaries\terraogc_sld.dll
0x5e150000 - 0x5e176000 	C:\binaries\terraogc_se.dll
0x5e110000 - 0x5e146000 	C:\binaries\terraogc_filter.dll
0x5da60000 - 0x5dab2000 	C:\binaries\terraogc_ows.dll
0x5e0f0000 - 0x5e109000 	C:\binaries\terraogc_common.dll
0x5da50000 - 0x5da5b000 	C:\binaries\terralib_shp.dll
0x5da40000 - 0x5da4e000 	C:\binaries\terralib_spl.dll
0x067d0000 - 0x06bc6000 	C:\binaries\qt-mt338.dll
0x613d0000 - 0x6149e000 	C:\Windows\SYSTEM32\OPENGL32.dll
0x613a0000 - 0x613c3000 	C:\Windows\SYSTEM32\GLU32.dll
0x597c0000 - 0x5983f000 	C:\binaries\qwt500.dll
0x0fbb0000 - 0x11baf000 	C:\binaries\berkelium.dll
0x06bd0000 - 0x06d11000 	C:\binaries\LIBMYSQL.dll
0x63100000 - 0x63121000 	C:\binaries\LIBPQ.dll
0x06d20000 - 0x06d81000 	C:\binaries\OCI.dll
0x59730000 - 0x597ba000 	C:\binaries\libtiff.dll
0x56580000 - 0x56d52000 	C:\binaries\gdal110.dll
0x12000000 - 0x121dc000 	C:\binaries\xerces-c_3_1.dll
0x596d0000 - 0x59725000 	C:\binaries\terraogc_wms.dll
0x59670000 - 0x596c3000 	C:\binaries\terraogc_gml.dll
0x59620000 - 0x59661000 	C:\binaries\terraogc_xsd.dll
0x5a810000 - 0x5a830000 	C:\binaries\terraogc_xacml.dll
0x71f30000 - 0x71f90000 	C:\Windows\SYSTEM32\WINSPOOL.DRV
0x7c340000 - 0x7c396000 	C:\Windows\SYSTEM32\MSVCR71.dll
0x608a0000 - 0x60979000 	C:\Windows\SYSTEM32\DDRAW.dll
0x727a0000 - 0x727a9000 	C:\Windows\SYSTEM32\Secur32.dll
0x75f20000 - 0x75f3b000 	C:\Windows\SYSTEM32\USERENV.dll
0x71520000 - 0x71570000 	C:\Windows\SYSTEM32\OLEACC.dll
0x54200000 - 0x54276000 	C:\Windows\SYSTEM32\RICHED20.dll
0x72ee0000 - 0x72ee8000 	C:\Windows\SYSTEM32\VERSION.dll
0x720b0000 - 0x720c4000 	C:\Windows\SYSTEM32\USP10.dll
0x72c50000 - 0x72cc5000 	C:\Windows\SYSTEM32\DNSAPI.dll
0x06e30000 - 0x06eda000 	C:\Windows\libeay32.dll
0x06ee0000 - 0x06eed000 	C:\binaries\libintl-2.dll
0x72ed0000 - 0x72ed6000 	C:\Windows\SYSTEM32\SHFOLDER.DLL
0x06ef0000 - 0x06f16000 	C:\Windows\ssleay32.dll
0x06f20000 - 0x06f46000 	C:\binaries\libexpat.dll
0x60770000 - 0x60811000 	C:\Windows\SYSTEM32\ODBC32.dll
0x60760000 - 0x60767000 	C:\Windows\SYSTEM32\DCIMAN32.dll
0x663b0000 - 0x663db000 	C:\Windows\SYSTEM32\msls31.dll
0x06fa0000 - 0x0707b000 	C:\binaries\libiconv-2.dll
0x6f600000 - 0x6f61d000 	C:\Windows\SYSTEM32\gpapi.dll
0x74530000 - 0x74556000 	C:\Windows\SYSTEM32\ntmarta.dll
0x54e60000 - 0x55708000 	C:\binaries\icudt46.dll
0x53850000 - 0x53979000 	C:\Windows\SYSTEM32\dbghelp.dll
0x72040000 - 0x72050000 	C:\Windows\system32\napinsp.dll
0x72020000 - 0x72034000 	C:\Windows\system32\pnrpnsp.dll
0x72010000 - 0x72020000 	C:\Windows\system32\NLAapi.dll
0x72000000 - 0x72009000 	C:\Windows\System32\winrnr.dll
0x71ac0000 - 0x71ad0000 	C:\Windows\system32\wshbth.dll
0x726a0000 - 0x726a7000 	C:\Windows\System32\rasadhlp.dll
0x71c30000 - 0x71c6f000 	C:\Windows\System32\fwpuclnt.dll
0x72cd0000 - 0x72cf0000 	C:\Windows\SYSTEM32\IPHLPAPI.DLL
0x72c40000 - 0x72c48000 	C:\Windows\SYSTEM32\WINNSI.DLL
0x730d0000 - 0x730ea000 	C:\Windows\SYSTEM32\CRYPTSP.dll
0x73090000 - 0x730ce000 	C:\Windows\system32\rsaenh.dll
0x72c30000 - 0x72c40000 	C:\Windows\SYSTEM32\dhcpcsvc6.DLL
0x72c10000 - 0x72c22000 	C:\Windows\SYSTEM32\dhcpcsvc.DLL
0x595f0000 - 0x59615000 	C:\Program Files (x86)\Java\jre7\bin\jpeg.dll

VM Arguments:
jvm_args: -Dfile.encoding=ISO-8859-1 
java_command: com.nexusbr.gv.main.ConnectDBMain
Launcher Type: SUN_STANDARD

Environment Variables:
JAVA_HOME=C:\Program Files (x86)\Java\jre7
PATH=C:/Program Files (x86)/Java/jre7/bin/client;C:/Program Files (x86)/Java/jre7/bin;C:/Program Files (x86)/Java/jre7/lib/i386;C:\Program Files (x86)\PHP\;c:\Program Files (x86)\Intel\iCLS Client\;c:\Program Files\Intel\iCLS Client\;C:\Windows\system32;C:\Windows;C:\Windows\System32\Wbem;C:\Windows\System32\WindowsPowerShell\v1.0\;C:\Program Files\Intel\Intel(R) Management Engine Components\DAL;C:\Program Files\Intel\Intel(R) Management Engine Components\IPT;C:\Program Files (x86)\Intel\Intel(R) Management Engine Components\DAL;C:\Program Files (x86)\Intel\Intel(R) Management Engine Components\IPT;C:\Program Files (x86)\Intel\OpenCL SDK\3.0\bin\x86;C:\Program Files (x86)\Intel\OpenCL SDK\3.0\bin\x64;C:\Program Files (x86)\Windows Live\Shared;C:\binaries;c:\Program Files (x86)\Microsoft SQL Server\100\Tools\Binn\;c:\Program Files\Microsoft SQL Server\100\Tools\Binn\;c:\Program Files\Microsoft SQL Server\100\DTS\Binn\;C:\strawberry\c\bin;C:\strawberry\perl\site\bin;C:\strawberry\perl\bin;C:\Program Files (x86)\Microsoft SQL Server\110\Tools\Binn\ManagementStudio\;C:\Program Files (x86)\Microsoft SQL Server\110\Tools\Binn\;C:\Program Files\Microsoft SQL Server\110\Tools\Binn\;C:\Program Files (x86)\Microsoft SQL Server\110\DTS\Binn\;C:\Program Files\TortoiseSVN\bin;C:\Python34;C:\Program Files (x86)\Java\jre7\bin;C:\eclipse;
USERNAME=inacio
OS=Windows_NT
PROCESSOR_IDENTIFIER=Intel64 Family 6 Model 69 Stepping 1, GenuineIntel



---------------  S Y S T E M  ---------------

OS: Windows 8 , 64 bit Build 9200 

CPU:total 4 (2 cores per cpu, 2 threads per core) family 6 model 69 stepping 1, cmov, cx8, fxsr, mmx, sse, sse2, sse3, ssse3, sse4.1, sse4.2, popcnt, avx, avx2, aes, erms, ht, tsc, tscinvbit

Memory: 4k page, physical 8290700k(4423928k free), swap 9535884k(4334044k free)

vm_info: Java HotSpot(TM) Client VM (24.60-b09) for windows-x86 JRE (1.7.0_60-b19), built on May  7 2014 13:09:52 by "java_re" with unknown MS VC++:1600

time: Thu Jul 03 09:56:09 2014
elapsed time: 19 seconds

