#
# A fatal error has been detected by the Java Runtime Environment:
#
#  EXCEPTION_ACCESS_VIOLATION (0xc0000005) at pc=0x0ffc9052, pid=11160, tid=10424
#
# JRE version: Java(TM) SE Runtime Environment (7.0_60-b19) (build 1.7.0_60-b19)
# Java VM: Java HotSpot(TM) Client VM (24.60-b09 mixed mode, sharing windows-x86 )
# Problematic frame:
# C  [berkelium.dll+0xa39052]
#
# Failed to write core dump. Minidumps are not enabled by default on client versions of Windows
#
# If you would like to submit a bug report, please visit:
#   http://bugreport.sun.com/bugreport/crash.jsp
#

---------------  T H R E A D  ---------------

Current thread (0x01ebfc00):  VMThread [stack: 0x04160000,0x041b0000] [id=10424]

siginfo: ExceptionCode=0xc0000005, reading address 0x000000f8

Registers:
EAX=0x041af0b4, EBX=0x000493e0, ECX=0x041af0b4, EDX=0xa6df5650
ESP=0x041af0a4, EBP=0x00000078, ESI=0x00000000, EDI=0xb8c0f950
EIP=0x0ffc9052, EFLAGS=0x00010206

Top of Stack: (sp=0x041af0a4)
0x041af0a4:   06af0168 06af0168 06a4ab00 00000000
0x041af0b4:   a6df5650 00000078 06ae36c0 06aec900
0x041af0c4:   00000000 00000000 00000000 74616401
0x041af0d4:   69642d61 06db0072 00000023 0000002f
0x041af0e4:   00000000 06a77070 002e5be4 06af0000
0x041af0f4:   06a4ab44 ffffff00 0f5fbf20 11119778
0x041af104:   065c0030 00000000 0000000f 1111a730
0x041af114:   00000001 0f5f9783 00000008 00000001 

Instructions: (pc=0x0ffc9052)
0x0ffc9032:   03 00 00 57 53 e8 f4 c8 60 ff 8b ea 8d 54 24 10
0x0ffc9042:   52 8b f8 e8 26 ca 00 00 83 c4 04 03 38 13 68 04
0x0ffc9052:   8b 86 f8 00 00 00 0b 86 fc 00 00 00 89 7c 24 20
0x0ffc9062:   89 6c 24 24 75 3e 39 84 24 d4 00 00 00 7f 35 7c 


Register to memory mapping:

EAX=
[error occurred during error reporting (printing register info), id 0xc0000005]

Stack: [0x04160000,0x041b0000],  sp=0x041af0a4,  free space=316k
Native frames: (J=compiled Java code, j=interpreted, Vv=VM code, C=native code)
C  [berkelium.dll+0xa39052]

[error occurred during error reporting (printing native stack), id 0xc0000005]

VM_Operation (0x0571ea30): Exit, mode: safepoint, requested by thread 0x01f31400


---------------  P R O C E S S  ---------------

Java Threads: ( => current thread )
  0x0898c800 JavaThread "Image Fetcher 3" daemon [_thread_blocked, id=4192, stack(0x07410000,0x07460000)]
  0x0537d000 JavaThread "WeakCollectionCleaner" daemon [_thread_blocked, id=1904, stack(0x08d30000,0x08d80000)]
  0x01f31c00 JavaThread "TimerQueue" daemon [_thread_blocked, id=10972, stack(0x074e0000,0x07530000)]
  0x01f34000 JavaThread "DestroyJavaVM" [_thread_blocked, id=5472, stack(0x004d0000,0x00520000)]
  0x01f31400 JavaThread "AWT-EventQueue-0" [_thread_blocked, id=3668, stack(0x056d0000,0x05720000)]
  0x01f33400 JavaThread "AWT-Shutdown" [_thread_blocked, id=6704, stack(0x04da0000,0x04df0000)]
  0x01f32800 JavaThread "Java2D Disposer" daemon [_thread_blocked, id=10408, stack(0x04d10000,0x04d60000)]
  0x01f34800 JavaThread "Service Thread" daemon [_thread_blocked, id=10608, stack(0x044c0000,0x04510000)]
  0x01f38800 JavaThread "C1 CompilerThread0" daemon [_thread_blocked, id=9792, stack(0x04430000,0x04480000)]
  0x01f32c00 JavaThread "Attach Listener" daemon [_thread_blocked, id=10248, stack(0x043a0000,0x043f0000)]
  0x01f33c00 JavaThread "Signal Dispatcher" daemon [_thread_blocked, id=8548, stack(0x04310000,0x04360000)]
  0x01ec6000 JavaThread "Finalizer" daemon [_thread_blocked, id=8728, stack(0x04280000,0x042d0000)]
  0x01ec1000 JavaThread "Reference Handler" daemon [_thread_blocked, id=4668, stack(0x041f0000,0x04240000)]

Other Threads:
=>0x01ebfc00 VMThread [stack: 0x04160000,0x041b0000] [id=10424]

VM state:at safepoint (shutting down)

VM Mutex/Monitor currently owned by a thread:  ([mutex/lock_event])
[0x0203c468] Threads_lock - owner thread: 0x01ebfc00

Heap
 def new generation   total 33472K, used 17838K [0x24000000, 0x26450000, 0x29550000)
  eden space 29760K,  47% used [0x24000000, 0x24dcb958, 0x25d10000)
  from space 3712K, 100% used [0x260b0000, 0x26450000, 0x26450000)
  to   space 3712K,   0% used [0x25d10000, 0x25d10000, 0x260b0000)
 tenured generation   total 74328K, used 66965K [0x29550000, 0x2dde6000, 0x34000000)
   the space 74328K,  90% used [0x29550000, 0x2d6b5660, 0x2d6b5800, 0x2dde6000)
 compacting perm gen  total 12288K, used 10647K [0x34000000, 0x34c00000, 0x38000000)
   the space 12288K,  86% used [0x34000000, 0x34a65f40, 0x34a66000, 0x34c00000)
    ro space 10240K,  42% used [0x38000000, 0x38434778, 0x38434800, 0x38a00000)
    rw space 12288K,  52% used [0x38a00000, 0x39049a68, 0x39049c00, 0x39600000)

Card table byte_map: [0x04070000,0x04120000] byte_map_base: 0x03f50000

Polling page: 0x00520000

Code Cache  [0x02070000, 0x02318000, 0x04070000)
 total_blobs=1619 nmethods=1321 adapters=234 free_code_cache=30057Kb largest_free_block=30777856

Compilation events (10 events):
Event: 28.871 Thread 0x01f38800 1334             sun.reflect.UnsafeBooleanFieldAccessorImpl::setBoolean (30 bytes)
Event: 28.872 Thread 0x01f38800 nmethod 1334 0x023137c8 code [0x02313920, 0x02313ba8]
Event: 28.886 Thread 0x01f38800 1335             java.awt.EventQueue::dispatchEvent (80 bytes)
Event: 28.888 Thread 0x01f38800 nmethod 1335 0x02313f48 code [0x023140c0, 0x02314500]
Event: 28.888 Thread 0x01f38800 1336             java.awt.EventQueue::getAccessControlContextFrom (53 bytes)
Event: 28.888 Thread 0x01f38800 nmethod 1336 0x02314988 code [0x02314ac0, 0x02314d14]
Event: 28.888 Thread 0x01f38800 1337             java.awt.EventQueue::access$200 (7 bytes)
Event: 28.888 Thread 0x01f38800 nmethod 1337 0x02314ec8 code [0x02314fc0, 0x0231504c]
Event: 28.889 Thread 0x01f38800 1338             java.awt.EventQueue::dispatchEventImpl (149 bytes)
Event: 28.890 Thread 0x01f38800 nmethod 1338 0x023150c8 code [0x023152c0, 0x0231588c]

GC Heap History (10 events):
Event: 8.229 GC heap before
{Heap before GC invocations=16 (full 4):
 def new generation   total 17984K, used 15964K [0x24000000, 0x25380000, 0x29550000)
  eden space 16000K,  99% used [0x24000000, 0x24f97170, 0x24fa0000)
  from space 1984K,   0% used [0x24fa0000, 0x24fa0000, 0x25190000)
  to   space 1984K,   0% used [0x25190000, 0x25190000, 0x25380000)
 tenured generation   total 39784K, used 23868K [0x29550000, 0x2bc2a000, 0x34000000)
   the space 39784K,  59% used [0x29550000, 0x2ac9f0e0, 0x2ac9f200, 0x2bc2a000)
 compacting perm gen  total 12288K, used 9124K [0x34000000, 0x34c00000, 0x38000000)
   the space 12288K,  74% used [0x34000000, 0x348e93c0, 0x348e9400, 0x34c00000)
    ro space 10240K,  42% used [0x38000000, 0x38434778, 0x38434800, 0x38a00000)
    rw space 12288K,  52% used [0x38a00000, 0x39049a68, 0x39049c00, 0x39600000)
Event: 8.235 GC heap after
Heap after GC invocations=17 (full 4):
 def new generation   total 17984K, used 1984K [0x24000000, 0x25380000, 0x29550000)
  eden space 16000K,   0% used [0x24000000, 0x24000000, 0x24fa0000)
  from space 1984K, 100% used [0x25190000, 0x25380000, 0x25380000)
  to   space 1984K,   0% used [0x24fa0000, 0x24fa0000, 0x25190000)
 tenured generation   total 39784K, used 31783K [0x29550000, 0x2bc2a000, 0x34000000)
   the space 39784K,  79% used [0x29550000, 0x2b459eb0, 0x2b45a000, 0x2bc2a000)
 compacting perm gen  total 12288K, used 9124K [0x34000000, 0x34c00000, 0x38000000)
   the space 12288K,  74% used [0x34000000, 0x348e93c0, 0x348e9400, 0x34c00000)
    ro space 10240K,  42% used [0x38000000, 0x38434778, 0x38434800, 0x38a00000)
    rw space 12288K,  52% used [0x38a00000, 0x39049a68, 0x39049c00, 0x39600000)
}
Event: 8.421 GC heap before
{Heap before GC invocations=17 (full 4):
 def new generation   total 17984K, used 17984K [0x24000000, 0x25380000, 0x29550000)
  eden space 16000K, 100% used [0x24000000, 0x24fa0000, 0x24fa0000)
  from space 1984K, 100% used [0x25190000, 0x25380000, 0x25380000)
  to   space 1984K,   0% used [0x24fa0000, 0x24fa0000, 0x25190000)
 tenured generation   total 39784K, used 31783K [0x29550000, 0x2bc2a000, 0x34000000)
   the space 39784K,  79% used [0x29550000, 0x2b459eb0, 0x2b45a000, 0x2bc2a000)
 compacting perm gen  total 12288K, used 9294K [0x34000000, 0x34c00000, 0x38000000)
   the space 12288K,  75% used [0x34000000, 0x34913890, 0x34913a00, 0x34c00000)
    ro space 10240K,  42% used [0x38000000, 0x38434778, 0x38434800, 0x38a00000)
    rw space 12288K,  52% used [0x38a00000, 0x39049a68, 0x39049c00, 0x39600000)
Event: 8.512 GC heap after
Heap after GC invocations=18 (full 5):
 def new generation   total 33472K, used 0K [0x24000000, 0x26450000, 0x29550000)
  eden space 29760K,   0% used [0x24000000, 0x24000000, 0x25d10000)
  from space 3712K,   0% used [0x25d10000, 0x25d10000, 0x260b0000)
  to   space 3712K,   0% used [0x260b0000, 0x260b0000, 0x26450000)
 tenured generation   total 74328K, used 44596K [0x29550000, 0x2dde6000, 0x34000000)
   the space 74328K,  59% used [0x29550000, 0x2c0dd2a8, 0x2c0dd400, 0x2dde6000)
 compacting perm gen  total 12288K, used 9294K [0x34000000, 0x34c00000, 0x38000000)
   the space 12288K,  75% used [0x34000000, 0x34913890, 0x34913a00, 0x34c00000)
    ro space 10240K,  42% used [0x38000000, 0x38434778, 0x38434800, 0x38a00000)
    rw space 12288K,  52% used [0x38a00000, 0x39049a68, 0x39049c00, 0x39600000)
}
Event: 8.949 GC heap before
{Heap before GC invocations=18 (full 5):
 def new generation   total 33472K, used 29760K [0x24000000, 0x26450000, 0x29550000)
  eden space 29760K, 100% used [0x24000000, 0x25d10000, 0x25d10000)
  from space 3712K,   0% used [0x25d10000, 0x25d10000, 0x260b0000)
  to   space 3712K,   0% used [0x260b0000, 0x260b0000, 0x26450000)
 tenured generation   total 74328K, used 44596K [0x29550000, 0x2dde6000, 0x34000000)
   the space 74328K,  59% used [0x29550000, 0x2c0dd2a8, 0x2c0dd400, 0x2dde6000)
 compacting perm gen  total 12288K, used 9294K [0x34000000, 0x34c00000, 0x38000000)
   the space 12288K,  75% used [0x34000000, 0x34913980, 0x34913a00, 0x34c00000)
    ro space 10240K,  42% used [0x38000000, 0x38434778, 0x38434800, 0x38a00000)
    rw space 12288K,  52% used [0x38a00000, 0x39049a68, 0x39049c00, 0x39600000)
Event: 8.959 GC heap after
Heap after GC invocations=19 (full 5):
 def new generation   total 33472K, used 3712K [0x24000000, 0x26450000, 0x29550000)
  eden space 29760K,   0% used [0x24000000, 0x24000000, 0x25d10000)
  from space 3712K, 100% used [0x260b0000, 0x26450000, 0x26450000)
  to   space 3712K,   0% used [0x25d10000, 0x25d10000, 0x260b0000)
 tenured generation   total 74328K, used 47242K [0x29550000, 0x2dde6000, 0x34000000)
   the space 74328K,  63% used [0x29550000, 0x2c372a00, 0x2c372a00, 0x2dde6000)
 compacting perm gen  total 12288K, used 9294K [0x34000000, 0x34c00000, 0x38000000)
   the space 12288K,  75% used [0x34000000, 0x34913980, 0x34913a00, 0x34c00000)
    ro space 10240K,  42% used [0x38000000, 0x38434778, 0x38434800, 0x38a00000)
    rw space 12288K,  52% used [0x38a00000, 0x39049a68, 0x39049c00, 0x39600000)
}
Event: 14.737 GC heap before
{Heap before GC invocations=19 (full 5):
 def new generation   total 33472K, used 33472K [0x24000000, 0x26450000, 0x29550000)
  eden space 29760K, 100% used [0x24000000, 0x25d10000, 0x25d10000)
  from space 3712K, 100% used [0x260b0000, 0x26450000, 0x26450000)
  to   space 3712K,   0% used [0x25d10000, 0x25d10000, 0x260b0000)
 tenured generation   total 74328K, used 47242K [0x29550000, 0x2dde6000, 0x34000000)
   the space 74328K,  63% used [0x29550000, 0x2c372a00, 0x2c372a00, 0x2dde6000)
 compacting perm gen  total 12288K, used 9313K [0x34000000, 0x34c00000, 0x38000000)
   the space 12288K,  75% used [0x34000000, 0x34918548, 0x34918600, 0x34c00000)
    ro space 10240K,  42% used [0x38000000, 0x38434778, 0x38434800, 0x38a00000)
    rw space 12288K,  52% used [0x38a00000, 0x39049a68, 0x39049c00, 0x39600000)
Event: 14.752 GC heap after
Heap after GC invocations=20 (full 5):
 def new generation   total 33472K, used 3712K [0x24000000, 0x26450000, 0x29550000)
  eden space 29760K,   0% used [0x24000000, 0x24000000, 0x25d10000)
  from space 3712K, 100% used [0x25d10000, 0x260b0000, 0x260b0000)
  to   space 3712K,   0% used [0x260b0000, 0x260b0000, 0x26450000)
 tenured generation   total 74328K, used 58862K [0x29550000, 0x2dde6000, 0x34000000)
   the space 74328K,  79% used [0x29550000, 0x2cecb880, 0x2cecba00, 0x2dde6000)
 compacting perm gen  total 12288K, used 9313K [0x34000000, 0x34c00000, 0x38000000)
   the space 12288K,  75% used [0x34000000, 0x34918548, 0x34918600, 0x34c00000)
    ro space 10240K,  42% used [0x38000000, 0x38434778, 0x38434800, 0x38a00000)
    rw space 12288K,  52% used [0x38a00000, 0x39049a68, 0x39049c00, 0x39600000)
}
Event: 19.526 GC heap before
{Heap before GC invocations=20 (full 5):
 def new generation   total 33472K, used 33472K [0x24000000, 0x26450000, 0x29550000)
  eden space 29760K, 100% used [0x24000000, 0x25d10000, 0x25d10000)
  from space 3712K, 100% used [0x25d10000, 0x260b0000, 0x260b0000)
  to   space 3712K,   0% used [0x260b0000, 0x260b0000, 0x26450000)
 tenured generation   total 74328K, used 58862K [0x29550000, 0x2dde6000, 0x34000000)
   the space 74328K,  79% used [0x29550000, 0x2cecb880, 0x2cecba00, 0x2dde6000)
 compacting perm gen  total 12288K, used 10588K [0x34000000, 0x34c00000, 0x38000000)
   the space 12288K,  86% used [0x34000000, 0x34a57150, 0x34a57200, 0x34c00000)
    ro space 10240K,  42% used [0x38000000, 0x38434778, 0x38434800, 0x38a00000)
    rw space 12288K,  52% used [0x38a00000, 0x39049a68, 0x39049c00, 0x39600000)
Event: 19.544 GC heap after
Heap after GC invocations=21 (full 5):
 def new generation   total 33472K, used 3712K [0x24000000, 0x26450000, 0x29550000)
  eden space 29760K,   0% used [0x24000000, 0x24000000, 0x25d10000)
  from space 3712K, 100% used [0x260b0000, 0x26450000, 0x26450000)
  to   space 3712K,   0% used [0x25d10000, 0x25d10000, 0x260b0000)
 tenured generation   total 74328K, used 66965K [0x29550000, 0x2dde6000, 0x34000000)
   the space 74328K,  90% used [0x29550000, 0x2d6b5660, 0x2d6b5800, 0x2dde6000)
 compacting perm gen  total 12288K, used 10588K [0x34000000, 0x34c00000, 0x38000000)
   the space 12288K,  86% used [0x34000000, 0x34a57150, 0x34a57200, 0x34c00000)
    ro space 10240K,  42% used [0x38000000, 0x38434778, 0x38434800, 0x38a00000)
    rw space 12288K,  52% used [0x38a00000, 0x39049a68, 0x39049c00, 0x39600000)
}

Deoptimization events (0 events):
No events

Internal exceptions (10 events):
Event: 19.695 Thread 0x01f31400 Threw 0x24003a10 at C:\re\jdk7u60\1081\hotspot\src\share\vm\prims\jvm.cpp:1244
Event: 20.130 Thread 0x01f31400 Threw 0x2400d870 at C:\re\jdk7u60\1081\hotspot\src\share\vm\prims\jvm.cpp:1244
Event: 20.131 Thread 0x01f31400 Threw 0x24013be8 at C:\re\jdk7u60\1081\hotspot\src\share\vm\prims\jvm.cpp:1244
Event: 20.164 Thread 0x01f31400 Threw 0x24028b70 at C:\re\jdk7u60\1081\hotspot\src\share\vm\prims\jvm.cpp:1244
Event: 20.167 Thread 0x01f31400 Threw 0x2402f008 at C:\re\jdk7u60\1081\hotspot\src\share\vm\prims\jvm.cpp:1244
Event: 20.168 Thread 0x01f31400 Threw 0x2403e740 at C:\re\jdk7u60\1081\hotspot\src\share\vm\prims\jvm.cpp:1244
Event: 20.168 Thread 0x01f31400 Threw 0x24044de8 at C:\re\jdk7u60\1081\hotspot\src\share\vm\prims\jvm.cpp:1244
Event: 20.169 Thread 0x01f31400 Threw 0x2404be30 at C:\re\jdk7u60\1081\hotspot\src\share\vm\prims\jvm.cpp:1244
Event: 20.171 Thread 0x01f31400 Threw 0x24055398 at C:\re\jdk7u60\1081\hotspot\src\share\vm\prims\jvm.cpp:1244
Event: 20.171 Thread 0x01f31400 Threw 0x2405b910 at C:\re\jdk7u60\1081\hotspot\src\share\vm\prims\jvm.cpp:1244

Events (10 events):
Event: 30.206 loading class 0x39670c20 done
Event: 30.206 Thread 0x0537bc00 Thread exited: 0x0537bc00
Event: 30.206 Executing VM operation: RevokeBias
Event: 30.206 Executing VM operation: RevokeBias done
Event: 30.206 Executing VM operation: RevokeBias
Event: 30.206 Executing VM operation: RevokeBias done
Event: 30.206 Thread 0x0537c400 Thread exited: 0x0537c400
Event: 30.227 Thread 0x01f32000 Thread exited: 0x01f32000
Event: 30.307 Thread 0x0537ac00 Thread exited: 0x0537ac00
Event: 30.307 Executing VM operation: Exit


Dynamic libraries:
0x00a70000 - 0x00a9f000 	C:\Program Files (x86)\Java\jre7\bin\javaw.exe
0x76fe0000 - 0x77137000 	C:\Windows\SYSTEM32\ntdll.dll
0x74690000 - 0x747c0000 	C:\Windows\SYSTEM32\KERNEL32.DLL
0x76a80000 - 0x76b27000 	C:\Windows\SYSTEM32\KERNELBASE.dll
0x747c0000 - 0x7486e000 	C:\Windows\SYSTEM32\ADVAPI32.dll
0x764f0000 - 0x76606000 	C:\Windows\SYSTEM32\USER32.dll
0x73130000 - 0x73328000 	C:\Windows\WinSxS\x86_microsoft.windows.common-controls_6595b64144ccf1df_6.0.9200.16579_none_8937eec6860750f5\COMCTL32.dll
0x76000000 - 0x760b1000 	C:\Windows\SYSTEM32\msvcrt.dll
0x74870000 - 0x748a4000 	C:\Windows\SYSTEM32\sechost.dll
0x760c0000 - 0x7616c000 	C:\Windows\SYSTEM32\RPCRT4.dll
0x748b0000 - 0x749ad000 	C:\Windows\SYSTEM32\GDI32.dll
0x745d0000 - 0x745ed000 	C:\Windows\SYSTEM32\SspiCli.dll
0x745c0000 - 0x745c9000 	C:\Windows\SYSTEM32\CRYPTBASE.dll
0x74560000 - 0x745b1000 	C:\Windows\SYSTEM32\bcryptPrimitives.dll
0x762e0000 - 0x76300000 	C:\Windows\system32\IMM32.DLL
0x76680000 - 0x7675e000 	C:\Windows\SYSTEM32\MSCTF.dll
0x6f3f0000 - 0x6f4af000 	C:\Program Files (x86)\Java\jre7\bin\msvcr100.dll
0x5e310000 - 0x5e698000 	C:\Program Files (x86)\Java\jre7\bin\client\jvm.dll
0x71c10000 - 0x71c18000 	C:\Windows\SYSTEM32\WSOCK32.dll
0x71fb0000 - 0x71fd1000 	C:\Windows\SYSTEM32\WINMM.dll
0x76300000 - 0x76306000 	C:\Windows\SYSTEM32\PSAPI.DLL
0x75f80000 - 0x75fd0000 	C:\Windows\SYSTEM32\WS2_32.dll
0x71c70000 - 0x71c9b000 	C:\Windows\SYSTEM32\WINMMBASE.dll
0x75ff0000 - 0x75ff8000 	C:\Windows\SYSTEM32\NSI.dll
0x76b30000 - 0x76b76000 	C:\Windows\SYSTEM32\cfgmgr32.dll
0x75f00000 - 0x75f1e000 	C:\Windows\SYSTEM32\DEVOBJ.dll
0x720a0000 - 0x720ac000 	C:\Program Files (x86)\Java\jre7\bin\verify.dll
0x70bb0000 - 0x70bd0000 	C:\Program Files (x86)\Java\jre7\bin\java.dll
0x70b90000 - 0x70ba3000 	C:\Program Files (x86)\Java\jre7\bin\zip.dll
0x6f2a0000 - 0x6f3e3000 	C:\Program Files (x86)\Java\jre7\bin\awt.dll
0x76c00000 - 0x76c8b000 	C:\Windows\SYSTEM32\OLEAUT32.dll
0x76de0000 - 0x76f16000 	C:\Windows\SYSTEM32\combase.dll
0x72dd0000 - 0x72e77000 	C:\Windows\system32\apphelp.dll
0x71a40000 - 0x71a59000 	C:\Windows\system32\DWMAPI.DLL
0x726b0000 - 0x72738000 	C:\Windows\system32\uxtheme.dll
0x76760000 - 0x76879000 	C:\Windows\SYSTEM32\ole32.dll
0x74da0000 - 0x75e66000 	C:\Windows\SYSTEM32\SHELL32.dll
0x75f40000 - 0x75f80000 	C:\Windows\SYSTEM32\SHLWAPI.dll
0x73330000 - 0x733a3000 	C:\Windows\SYSTEM32\shcore.dll
0x718b0000 - 0x718e9000 	C:\Program Files (x86)\Java\jre7\bin\fontmanager.dll
0x6f250000 - 0x6f264000 	C:\Program Files (x86)\Java\jre7\bin\net.dll
0x72e80000 - 0x72eca000 	C:\Windows\system32\mswsock.dll
0x718a0000 - 0x718af000 	C:\Program Files (x86)\Java\jre7\bin\nio.dll
0x706d0000 - 0x70700000 	C:\Program Files (x86)\Java\jre7\bin\t2k.dll
0x76b80000 - 0x76bf4000 	C:\Windows\SYSTEM32\clbcatq.dll
0x6a8a0000 - 0x6a9eb000 	C:\Windows\SYSTEM32\WindowsCodecs.dll
0x76dc0000 - 0x76dd1000 	C:\Windows\SYSTEM32\profapi.dll
0x706a0000 - 0x706c4000 	C:\Program Files (x86)\Java\jre7\bin\dcpr.dll
0x686c0000 - 0x6872d000 	C:\binaries\terrajava.dll
0x685d0000 - 0x686b7000 	C:\binaries\terramanager-funcate.dll
0x59300000 - 0x59ba6000 	C:\binaries\terralib.dll
0x64af0000 - 0x64b59000 	C:\Windows\SYSTEM32\MSVCP100.dll
0x6d880000 - 0x6db4c000 	C:\binaries\bgd.dll
0x71500000 - 0x7151b000 	C:\binaries\terraogc_xml.dll
0x6ab50000 - 0x6ab6d000 	C:\binaries\terraogc_sld.dll
0x685a0000 - 0x685c6000 	C:\binaries\terraogc_se.dll
0x68560000 - 0x68596000 	C:\binaries\terraogc_filter.dll
0x68500000 - 0x68552000 	C:\binaries\terraogc_ows.dll
0x684e0000 - 0x684f9000 	C:\binaries\terraogc_common.dll
0x6f190000 - 0x6f19b000 	C:\binaries\terralib_shp.dll
0x684d0000 - 0x684de000 	C:\binaries\terralib_spl.dll
0x05c10000 - 0x06006000 	C:\binaries\qt-mt338.dll
0x613d0000 - 0x6149e000 	C:\Windows\SYSTEM32\OPENGL32.dll
0x613a0000 - 0x613c3000 	C:\Windows\SYSTEM32\GLU32.dll
0x5efe0000 - 0x5f05f000 	C:\binaries\qwt500.dll
0x0f590000 - 0x1158f000 	C:\binaries\berkelium.dll
0x06010000 - 0x06151000 	C:\binaries\LIBMYSQL.dll
0x63100000 - 0x63121000 	C:\binaries\LIBPQ.dll
0x06160000 - 0x061c1000 	C:\binaries\OCI.dll
0x5ef50000 - 0x5efda000 	C:\binaries\libtiff.dll
0x574c0000 - 0x57c92000 	C:\binaries\gdal110.dll
0x12000000 - 0x121dc000 	C:\binaries\xerces-c_3_1.dll
0x5eef0000 - 0x5ef45000 	C:\binaries\terraogc_wms.dll
0x5ee90000 - 0x5eee3000 	C:\binaries\terraogc_gml.dll
0x5f980000 - 0x5f9c1000 	C:\binaries\terraogc_xsd.dll
0x68450000 - 0x68470000 	C:\binaries\terraogc_xacml.dll
0x71f30000 - 0x71f90000 	C:\Windows\SYSTEM32\WINSPOOL.DRV
0x7c340000 - 0x7c396000 	C:\Windows\SYSTEM32\MSVCR71.dll
0x608a0000 - 0x60979000 	C:\Windows\SYSTEM32\DDRAW.dll
0x727a0000 - 0x727a9000 	C:\Windows\SYSTEM32\Secur32.dll
0x75f20000 - 0x75f3b000 	C:\Windows\SYSTEM32\USERENV.dll
0x71520000 - 0x71570000 	C:\Windows\SYSTEM32\OLEACC.dll
0x54200000 - 0x54276000 	C:\Windows\SYSTEM32\RICHED20.dll
0x72ee0000 - 0x72ee8000 	C:\Windows\SYSTEM32\VERSION.dll
0x720b0000 - 0x720c4000 	C:\Windows\SYSTEM32\USP10.dll
0x72c50000 - 0x72cc5000 	C:\Windows\SYSTEM32\DNSAPI.dll
0x06270000 - 0x0631a000 	C:\Windows\libeay32.dll
0x06320000 - 0x0632d000 	C:\binaries\libintl-2.dll
0x72ed0000 - 0x72ed6000 	C:\Windows\SYSTEM32\SHFOLDER.DLL
0x06330000 - 0x06356000 	C:\Windows\ssleay32.dll
0x06360000 - 0x06386000 	C:\binaries\libexpat.dll
0x60770000 - 0x60811000 	C:\Windows\SYSTEM32\ODBC32.dll
0x60760000 - 0x60767000 	C:\Windows\SYSTEM32\DCIMAN32.dll
0x663b0000 - 0x663db000 	C:\Windows\SYSTEM32\msls31.dll
0x063e0000 - 0x064bb000 	C:\binaries\libiconv-2.dll
0x6f600000 - 0x6f61d000 	C:\Windows\SYSTEM32\gpapi.dll
0x74530000 - 0x74556000 	C:\Windows\SYSTEM32\ntmarta.dll
0x564b0000 - 0x56d58000 	C:\binaries\icudt46.dll
0x53850000 - 0x53979000 	C:\Windows\SYSTEM32\dbghelp.dll
0x72040000 - 0x72050000 	C:\Windows\system32\napinsp.dll
0x72020000 - 0x72034000 	C:\Windows\system32\pnrpnsp.dll
0x72010000 - 0x72020000 	C:\Windows\system32\NLAapi.dll
0x72000000 - 0x72009000 	C:\Windows\System32\winrnr.dll
0x71ac0000 - 0x71ad0000 	C:\Windows\system32\wshbth.dll
0x71c30000 - 0x71c6f000 	C:\Windows\System32\fwpuclnt.dll
0x726a0000 - 0x726a7000 	C:\Windows\System32\rasadhlp.dll
0x730d0000 - 0x730ea000 	C:\Windows\SYSTEM32\CRYPTSP.dll
0x73090000 - 0x730ce000 	C:\Windows\system32\rsaenh.dll
0x72cd0000 - 0x72cf0000 	C:\Windows\SYSTEM32\IPHLPAPI.DLL
0x72c40000 - 0x72c48000 	C:\Windows\SYSTEM32\WINNSI.DLL
0x72c30000 - 0x72c40000 	C:\Windows\SYSTEM32\dhcpcsvc6.DLL
0x72c10000 - 0x72c22000 	C:\Windows\SYSTEM32\dhcpcsvc.DLL
0x60450000 - 0x60475000 	C:\Program Files (x86)\Java\jre7\bin\jpeg.dll

VM Arguments:
jvm_args: -Dfile.encoding=ISO-8859-1 
java_command: com.nexusbr.gv.main.ConnectDBMain
Launcher Type: SUN_STANDARD

Environment Variables:
JAVA_HOME=C:\Program Files (x86)\Java\jre7
PATH=C:/Program Files (x86)/Java/jre7/bin/client;C:/Program Files (x86)/Java/jre7/bin;C:/Program Files (x86)/Java/jre7/lib/i386;C:\Program Files (x86)\PHP\;c:\Program Files (x86)\Intel\iCLS Client\;c:\Program Files\Intel\iCLS Client\;C:\Windows\system32;C:\Windows;C:\Windows\System32\Wbem;C:\Windows\System32\WindowsPowerShell\v1.0\;C:\Program Files\Intel\Intel(R) Management Engine Components\DAL;C:\Program Files\Intel\Intel(R) Management Engine Components\IPT;C:\Program Files (x86)\Intel\Intel(R) Management Engine Components\DAL;C:\Program Files (x86)\Intel\Intel(R) Management Engine Components\IPT;C:\Program Files (x86)\Intel\OpenCL SDK\3.0\bin\x86;C:\Program Files (x86)\Intel\OpenCL SDK\3.0\bin\x64;C:\Program Files (x86)\Windows Live\Shared;C:\binaries;c:\Program Files (x86)\Microsoft SQL Server\100\Tools\Binn\;c:\Program Files\Microsoft SQL Server\100\Tools\Binn\;c:\Program Files\Microsoft SQL Server\100\DTS\Binn\;C:\strawberry\c\bin;C:\strawberry\perl\site\bin;C:\strawberry\perl\bin;C:\Program Files (x86)\Microsoft SQL Server\110\Tools\Binn\ManagementStudio\;C:\Program Files (x86)\Microsoft SQL Server\110\Tools\Binn\;C:\Program Files\Microsoft SQL Server\110\Tools\Binn\;C:\Program Files (x86)\Microsoft SQL Server\110\DTS\Binn\;C:\Program Files\TortoiseSVN\bin;C:\Python34;C:\Program Files (x86)\Java\jre7\bin;C:\eclipse;
USERNAME=inacio
OS=Windows_NT
PROCESSOR_IDENTIFIER=Intel64 Family 6 Model 69 Stepping 1, GenuineIntel



---------------  S Y S T E M  ---------------

OS: Windows 8 , 64 bit Build 9200 

CPU:total 4 (2 cores per cpu, 2 threads per core) family 6 model 69 stepping 1, cmov, cx8, fxsr, mmx, sse, sse2, sse3, ssse3, sse4.1, sse4.2, popcnt, avx, avx2, aes, erms, ht, tsc, tscinvbit

Memory: 4k page, physical 8290700k(2367388k free), swap 9535884k(2987760k free)

vm_info: Java HotSpot(TM) Client VM (24.60-b09) for windows-x86 JRE (1.7.0_60-b19), built on May  7 2014 13:09:52 by "java_re" with unknown MS VC++:1600

time: Thu Jul 03 15:48:42 2014
elapsed time: 30 seconds

