#
# A fatal error has been detected by the Java Runtime Environment:
#
#  EXCEPTION_ACCESS_VIOLATION (0xc0000005) at pc=0x105e9052, pid=4692, tid=8992
#
# JRE version: Java(TM) SE Runtime Environment (7.0_60-b19) (build 1.7.0_60-b19)
# Java VM: Java HotSpot(TM) Client VM (24.60-b09 mixed mode, sharing windows-x86 )
# Problematic frame:
# C  [berkelium.dll+0xa39052]
#
# Failed to write core dump. Minidumps are not enabled by default on client versions of Windows
#
# If you would like to submit a bug report, please visit:
#   http://bugreport.sun.com/bugreport/crash.jsp
#

---------------  T H R E A D  ---------------

Current thread (0x00c3fc00):  VMThread [stack: 0x04700000,0x04750000] [id=8992]

siginfo: ExceptionCode=0xc0000005, reading address 0x000000f8

Registers:
EAX=0x0474f3d4, EBX=0x000493e0, ECX=0x0474f3d4, EDX=0xce7a17b8
ESP=0x0474f3c4, EBP=0x00000073, ESI=0x00000000, EDI=0xe05bbab8
EIP=0x105e9052, EFLAGS=0x00010202

Top of Stack: (sp=0x0474f3c4)
0x0474f3c4:   059a26a8 059a26a8 0705ab00 00000000
0x0474f3d4:   ce7a17b8 00000073 05966900 07b54ab0
0x0474f3e4:   00000000 00000000 00000000 74616401
0x0474f3f4:   69642d61 07350072 00000023 0000002f
0x0474f404:   00000000 07087070 002e5bdf 059a2540
0x0474f414:   0705ab44 ffffff00 0fc1bf20 11739778
0x0474f424:   06bc0630 00000000 0000000f 1173a730
0x0474f434:   00000001 0fc19783 00000008 00000001 

Instructions: (pc=0x105e9052)
0x105e9032:   03 00 00 57 53 e8 f4 c8 60 ff 8b ea 8d 54 24 10
0x105e9042:   52 8b f8 e8 26 ca 00 00 83 c4 04 03 38 13 68 04
0x105e9052:   8b 86 f8 00 00 00 0b 86 fc 00 00 00 89 7c 24 20
0x105e9062:   89 6c 24 24 75 3e 39 84 24 d4 00 00 00 7f 35 7c 


Register to memory mapping:

EAX=
[error occurred during error reporting (printing register info), id 0xc0000005]

Stack: [0x04700000,0x04750000],  sp=0x0474f3c4,  free space=316k
Native frames: (J=compiled Java code, j=interpreted, Vv=VM code, C=native code)
C  [berkelium.dll+0xa39052]

VM_Operation (0x05cbe6f0): Exit, mode: safepoint, requested by thread 0x04d2e000


---------------  P R O C E S S  ---------------

Java Threads: ( => current thread )
  0x0509ec00 JavaThread "WeakCollectionCleaner" daemon [_thread_blocked, id=9180, stack(0x09b30000,0x09b80000)]
  0x04d2f400 JavaThread "TimerQueue" daemon [_thread_blocked, id=4224, stack(0x07ae0000,0x07b30000)]
  0x04d30c00 JavaThread "DestroyJavaVM" [_thread_blocked, id=4500, stack(0x00ae0000,0x00b30000)]
  0x04d2e000 JavaThread "AWT-EventQueue-0" [_thread_blocked, id=5060, stack(0x05c70000,0x05cc0000)]
  0x04d31400 JavaThread "AWT-Shutdown" [_thread_blocked, id=8048, stack(0x05740000,0x05790000)]
  0x04d2e800 JavaThread "Java2D Disposer" daemon [_thread_blocked, id=3960, stack(0x05570000,0x055c0000)]
  0x00cb7800 JavaThread "Service Thread" daemon [_thread_blocked, id=8604, stack(0x04a60000,0x04ab0000)]
  0x00cb4c00 JavaThread "C1 CompilerThread0" daemon [_thread_blocked, id=48, stack(0x049d0000,0x04a20000)]
  0x00cb3000 JavaThread "Attach Listener" daemon [_thread_blocked, id=1460, stack(0x04940000,0x04990000)]
  0x00cb0c00 JavaThread "Signal Dispatcher" daemon [_thread_blocked, id=4700, stack(0x048b0000,0x04900000)]
  0x00c42800 JavaThread "Finalizer" daemon [_thread_blocked, id=6148, stack(0x04820000,0x04870000)]
  0x00c41000 JavaThread "Reference Handler" daemon [_thread_blocked, id=7540, stack(0x04790000,0x047e0000)]

Other Threads:
=>0x00c3fc00 VMThread [stack: 0x04700000,0x04750000] [id=8992]

VM state:at safepoint (shutting down)

VM Mutex/Monitor currently owned by a thread:  ([mutex/lock_event])
[0x00a1c810] Threads_lock - owner thread: 0x00c3fc00

Heap
 def new generation   total 27648K, used 10521K [0x24000000, 0x25e00000, 0x29550000)
  eden space 24576K,  30% used [0x24000000, 0x2474fe30, 0x25800000)
  from space 3072K,  98% used [0x25800000, 0x25af6848, 0x25b00000)
  to   space 3072K,   0% used [0x25b00000, 0x25b00000, 0x25e00000)
 tenured generation   total 61340K, used 59370K [0x29550000, 0x2d137000, 0x34000000)
   the space 61340K,  96% used [0x29550000, 0x2cf4a9f8, 0x2cf4aa00, 0x2d137000)
 compacting perm gen  total 12288K, used 10597K [0x34000000, 0x34c00000, 0x38000000)
   the space 12288K,  86% used [0x34000000, 0x34a595e8, 0x34a59600, 0x34c00000)
    ro space 10240K,  42% used [0x38000000, 0x38434778, 0x38434800, 0x38a00000)
    rw space 12288K,  52% used [0x38a00000, 0x39049a68, 0x39049c00, 0x39600000)

Card table byte_map: [0x04650000,0x04700000] byte_map_base: 0x04530000

Polling page: 0x00a00000

Code Cache  [0x02650000, 0x02918000, 0x04650000)
 total_blobs=1654 nmethods=1356 adapters=234 free_code_cache=29944Kb largest_free_block=30661888

Compilation events (10 events):
Event: 25.529 Thread 0x00cb4c00 1369             java.awt.geom.RoundRectIterator::isDone (17 bytes)
Event: 25.529 Thread 0x00cb4c00 nmethod 1369 0x02910e08 code [0x02910f00, 0x02910fa0]
Event: 25.530 Thread 0x00cb4c00 1370             java.awt.geom.AffineTransform::getScaleX (5 bytes)
Event: 25.530 Thread 0x00cb4c00 nmethod 1370 0x02911008 code [0x02911100, 0x02911180]
Event: 25.530 Thread 0x00cb4c00 1371             java.awt.geom.AffineTransform::getScaleY (5 bytes)
Event: 25.530 Thread 0x00cb4c00 nmethod 1371 0x029111c8 code [0x029112c0, 0x02911340]
Event: 30.160 Thread 0x00cb4c00 1372   !         java.awt.EventQueue::setCurrentEventAndMostRecentTimeImpl (169 bytes)
Event: 30.161 Thread 0x00cb4c00 nmethod 1372 0x02911388 code [0x029114f0, 0x029118ac]
Event: 30.161 Thread 0x00cb4c00 1373   !         java.awt.Container::dispatchEventImpl (129 bytes)
Event: 30.161 Thread 0x00cb4c00 nmethod 1373 0x02911bc8 code [0x02911d20, 0x02912108]

GC Heap History (10 events):
Event: 8.784 GC heap before
{Heap before GC invocations=17 (full 4):
 def new generation   total 20160K, used 20160K [0x24000000, 0x255e0000, 0x29550000)
  eden space 17920K, 100% used [0x24000000, 0x25180000, 0x25180000)
  from space 2240K, 100% used [0x253b0000, 0x255e0000, 0x255e0000)
  to   space 2240K,   0% used [0x25180000, 0x25180000, 0x253b0000)
 tenured generation   total 44692K, used 30755K [0x29550000, 0x2c0f5000, 0x34000000)
   the space 44692K,  68% used [0x29550000, 0x2b358ee8, 0x2b359000, 0x2c0f5000)
 compacting perm gen  total 12288K, used 9325K [0x34000000, 0x34c00000, 0x38000000)
   the space 12288K,  75% used [0x34000000, 0x3491b598, 0x3491b600, 0x34c00000)
    ro space 10240K,  42% used [0x38000000, 0x38434778, 0x38434800, 0x38a00000)
    rw space 12288K,  52% used [0x38a00000, 0x39049a68, 0x39049c00, 0x39600000)
Event: 8.794 GC heap after
Heap after GC invocations=18 (full 4):
 def new generation   total 20160K, used 966K [0x24000000, 0x255e0000, 0x29550000)
  eden space 17920K,   0% used [0x24000000, 0x24000000, 0x25180000)
  from space 2240K,  43% used [0x25180000, 0x25271b00, 0x253b0000)
  to   space 2240K,   0% used [0x253b0000, 0x253b0000, 0x255e0000)
 tenured generation   total 44692K, used 38183K [0x29550000, 0x2c0f5000, 0x34000000)
   the space 44692K,  85% used [0x29550000, 0x2ba99e50, 0x2ba9a000, 0x2c0f5000)
 compacting perm gen  total 12288K, used 9325K [0x34000000, 0x34c00000, 0x38000000)
   the space 12288K,  75% used [0x34000000, 0x3491b598, 0x3491b600, 0x34c00000)
    ro space 10240K,  42% used [0x38000000, 0x38434778, 0x38434800, 0x38a00000)
    rw space 12288K,  52% used [0x38a00000, 0x39049a68, 0x39049c00, 0x39600000)
}
Event: 9.953 GC heap before
{Heap before GC invocations=18 (full 4):
 def new generation   total 20160K, used 19014K [0x24000000, 0x255e0000, 0x29550000)
  eden space 17920K,  99% used [0x24000000, 0x2516fe18, 0x25180000)
  from space 2240K,  51% used [0x25180000, 0x252a1b10, 0x253b0000)
  to   space 2240K,   0% used [0x253b0000, 0x253b0000, 0x255e0000)
 tenured generation   total 44692K, used 38183K [0x29550000, 0x2c0f5000, 0x34000000)
   the space 44692K,  85% used [0x29550000, 0x2ba99e50, 0x2ba9a000, 0x2c0f5000)
 compacting perm gen  total 12288K, used 10582K [0x34000000, 0x34c00000, 0x38000000)
   the space 12288K,  86% used [0x34000000, 0x34a559b8, 0x34a55a00, 0x34c00000)
    ro space 10240K,  42% used [0x38000000, 0x38434778, 0x38434800, 0x38a00000)
    rw space 12288K,  52% used [0x38a00000, 0x39049a68, 0x39049c00, 0x39600000)
Event: 9.960 GC heap after
Heap after GC invocations=19 (full 4):
 def new generation   total 20160K, used 2240K [0x24000000, 0x255e0000, 0x29550000)
  eden space 17920K,   0% used [0x24000000, 0x24000000, 0x25180000)
  from space 2240K, 100% used [0x253b0000, 0x255e0000, 0x255e0000)
  to   space 2240K,   0% used [0x25180000, 0x25180000, 0x253b0000)
 tenured generation   total 44692K, used 41943K [0x29550000, 0x2c0f5000, 0x34000000)
   the space 44692K,  93% used [0x29550000, 0x2be45cc8, 0x2be45e00, 0x2c0f5000)
 compacting perm gen  total 12288K, used 10582K [0x34000000, 0x34c00000, 0x38000000)
   the space 12288K,  86% used [0x34000000, 0x34a559b8, 0x34a55a00, 0x34c00000)
    ro space 10240K,  42% used [0x38000000, 0x38434778, 0x38434800, 0x38a00000)
    rw space 12288K,  52% used [0x38a00000, 0x39049a68, 0x39049c00, 0x39600000)
}
Event: 10.730 GC heap before
{Heap before GC invocations=19 (full 4):
 def new generation   total 20160K, used 19038K [0x24000000, 0x255e0000, 0x29550000)
  eden space 17920K,  93% used [0x24000000, 0x25067a00, 0x25180000)
  from space 2240K, 100% used [0x253b0000, 0x255e0000, 0x255e0000)
  to   space 2240K,   0% used [0x25180000, 0x25180000, 0x253b0000)
 tenured generation   total 44692K, used 41943K [0x29550000, 0x2c0f5000, 0x34000000)
   the space 44692K,  93% used [0x29550000, 0x2be45cc8, 0x2be45e00, 0x2c0f5000)
 compacting perm gen  total 12288K, used 10582K [0x34000000, 0x34c00000, 0x38000000)
   the space 12288K,  86% used [0x34000000, 0x34a559c8, 0x34a55a00, 0x34c00000)
    ro space 10240K,  42% used [0x38000000, 0x38434778, 0x38434800, 0x38a00000)
    rw space 12288K,  52% used [0x38a00000, 0x39049a68, 0x39049c00, 0x39600000)
Event: 10.799 GC heap after
Heap after GC invocations=20 (full 5):
 def new generation   total 27648K, used 0K [0x24000000, 0x25e00000, 0x29550000)
  eden space 24576K,   0% used [0x24000000, 0x24000000, 0x25800000)
  from space 3072K,   0% used [0x25800000, 0x25800000, 0x25b00000)
  to   space 3072K,   0% used [0x25b00000, 0x25b00000, 0x25e00000)
 tenured generation   total 61340K, used 36803K [0x29550000, 0x2d137000, 0x34000000)
   the space 61340K,  59% used [0x29550000, 0x2b940fc8, 0x2b941000, 0x2d137000)
 compacting perm gen  total 12288K, used 10582K [0x34000000, 0x34c00000, 0x38000000)
   the space 12288K,  86% used [0x34000000, 0x34a559c8, 0x34a55a00, 0x34c00000)
    ro space 10240K,  42% used [0x38000000, 0x38434778, 0x38434800, 0x38a00000)
    rw space 12288K,  52% used [0x38a00000, 0x39049a68, 0x39049c00, 0x39600000)
}
Event: 21.165 GC heap before
{Heap before GC invocations=20 (full 5):
 def new generation   total 27648K, used 24576K [0x24000000, 0x25e00000, 0x29550000)
  eden space 24576K,  99% used [0x24000000, 0x257ffff8, 0x25800000)
  from space 3072K,   0% used [0x25800000, 0x25800140, 0x25b00000)
  to   space 3072K,   0% used [0x25b00000, 0x25b00000, 0x25e00000)
 tenured generation   total 61340K, used 36803K [0x29550000, 0x2d137000, 0x34000000)
   the space 61340K,  59% used [0x29550000, 0x2b940fc8, 0x2b941000, 0x2d137000)
 compacting perm gen  total 12288K, used 10587K [0x34000000, 0x34c00000, 0x38000000)
   the space 12288K,  86% used [0x34000000, 0x34a56e80, 0x34a57000, 0x34c00000)
    ro space 10240K,  42% used [0x38000000, 0x38434778, 0x38434800, 0x38a00000)
    rw space 12288K,  52% used [0x38a00000, 0x39049a68, 0x39049c00, 0x39600000)
Event: 21.170 GC heap after
Heap after GC invocations=21 (full 5):
 def new generation   total 27648K, used 3072K [0x24000000, 0x25e00000, 0x29550000)
  eden space 24576K,   0% used [0x24000000, 0x24000000, 0x25800000)
  from space 3072K, 100% used [0x25b00000, 0x25e00000, 0x25e00000)
  to   space 3072K,   0% used [0x25800000, 0x25800000, 0x25b00000)
 tenured generation   total 61340K, used 46718K [0x29550000, 0x2d137000, 0x34000000)
   the space 61340K,  76% used [0x29550000, 0x2c2ef898, 0x2c2efa00, 0x2d137000)
 compacting perm gen  total 12288K, used 10587K [0x34000000, 0x34c00000, 0x38000000)
   the space 12288K,  86% used [0x34000000, 0x34a56e80, 0x34a57000, 0x34c00000)
    ro space 10240K,  42% used [0x38000000, 0x38434778, 0x38434800, 0x38a00000)
    rw space 12288K,  52% used [0x38a00000, 0x39049a68, 0x39049c00, 0x39600000)
}
Event: 24.430 GC heap before
{Heap before GC invocations=21 (full 5):
 def new generation   total 27648K, used 27648K [0x24000000, 0x25e00000, 0x29550000)
  eden space 24576K, 100% used [0x24000000, 0x25800000, 0x25800000)
  from space 3072K, 100% used [0x25b00000, 0x25e00000, 0x25e00000)
  to   space 3072K,   0% used [0x25800000, 0x25800000, 0x25b00000)
 tenured generation   total 61340K, used 47118K [0x29550000, 0x2d137000, 0x34000000)
   the space 61340K,  76% used [0x29550000, 0x2c353930, 0x2c353a00, 0x2d137000)
 compacting perm gen  total 12288K, used 10587K [0x34000000, 0x34c00000, 0x38000000)
   the space 12288K,  86% used [0x34000000, 0x34a56f40, 0x34a57000, 0x34c00000)
    ro space 10240K,  42% used [0x38000000, 0x38434778, 0x38434800, 0x38a00000)
    rw space 12288K,  52% used [0x38a00000, 0x39049a68, 0x39049c00, 0x39600000)
Event: 24.437 GC heap after
Heap after GC invocations=22 (full 5):
 def new generation   total 27648K, used 3034K [0x24000000, 0x25e00000, 0x29550000)
  eden space 24576K,   0% used [0x24000000, 0x24000000, 0x25800000)
  from space 3072K,  98% used [0x25800000, 0x25af6848, 0x25b00000)
  to   space 3072K,   0% used [0x25b00000, 0x25b00000, 0x25e00000)
 tenured generation   total 61340K, used 59370K [0x29550000, 0x2d137000, 0x34000000)
   the space 61340K,  96% used [0x29550000, 0x2cf4a9f8, 0x2cf4aa00, 0x2d137000)
 compacting perm gen  total 12288K, used 10587K [0x34000000, 0x34c00000, 0x38000000)
   the space 12288K,  86% used [0x34000000, 0x34a56f40, 0x34a57000, 0x34c00000)
    ro space 10240K,  42% used [0x38000000, 0x38434778, 0x38434800, 0x38a00000)
    rw space 12288K,  52% used [0x38a00000, 0x39049a68, 0x39049c00, 0x39600000)
}

Deoptimization events (0 events):
No events

Internal exceptions (10 events):
Event: 11.887 Thread 0x0509d400 Threw 0x249a67b8 at C:\re\jdk7u60\1081\hotspot\src\share\vm\prims\jvm.cpp:2917
Event: 13.347 Thread 0x04d2ec00 Threw 0x25263cb0 at C:\re\jdk7u60\1081\hotspot\src\share\vm\prims\jvm.cpp:2917
Event: 20.210 Thread 0x04d2e000 Threw 0x252e0eb0 at C:\re\jdk7u60\1081\hotspot\src\share\vm\prims\jvm.cpp:1244
Event: 20.211 Thread 0x04d2e000 Threw 0x252e72a8 at C:\re\jdk7u60\1081\hotspot\src\share\vm\prims\jvm.cpp:1244
Event: 20.654 Thread 0x04d2ec00 Threw 0x253090c8 at C:\re\jdk7u60\1081\hotspot\src\share\vm\prims\jvm.cpp:2917
Event: 21.389 Thread 0x04d2ec00 Threw 0x2402d490 at C:\re\jdk7u60\1081\hotspot\src\share\vm\prims\jvm.cpp:2917
Event: 23.191 Thread 0x0509f800 Threw 0x240fcaa8 at C:\re\jdk7u60\1081\hotspot\src\share\vm\prims\jvm.cpp:2917
Event: 24.440 Thread 0x08ec9000 Threw 0x24018778 at C:\re\jdk7u60\1081\hotspot\src\share\vm\prims\jvm.cpp:1244
Event: 24.555 Thread 0x08ec9000 Threw 0x24168998 at C:\re\jdk7u60\1081\hotspot\src\share\vm\interpreter\interpreterRuntime.cpp:362
Event: 25.573 Thread 0x04d2ec00 Threw 0x246f1ab8 at C:\re\jdk7u60\1081\hotspot\src\share\vm\prims\jvm.cpp:2917

Events (10 events):
Event: 414.220 Thread 0x0509cc00 Thread exited: 0x0509cc00
Event: 414.229 Thread 0x04d2f800 Thread exited: 0x04d2f800
Event: 414.242 Executing VM operation: RevokeBias
Event: 414.246 Executing VM operation: RevokeBias done
Event: 414.246 Executing VM operation: RevokeBias
Event: 414.246 Executing VM operation: RevokeBias done
Event: 414.246 Thread 0x050a2c00 Thread exited: 0x050a2c00
Event: 414.246 Thread 0x050a0c00 Thread exited: 0x050a0c00
Event: 414.325 Thread 0x0509e800 Thread exited: 0x0509e800
Event: 414.325 Executing VM operation: Exit


Dynamic libraries:
0x00a70000 - 0x00a9f000 	C:\Program Files (x86)\Java\jre7\bin\javaw.exe
0x76fe0000 - 0x77137000 	C:\Windows\SYSTEM32\ntdll.dll
0x74690000 - 0x747c0000 	C:\Windows\SYSTEM32\KERNEL32.DLL
0x76a80000 - 0x76b27000 	C:\Windows\SYSTEM32\KERNELBASE.dll
0x747c0000 - 0x7486e000 	C:\Windows\SYSTEM32\ADVAPI32.dll
0x764f0000 - 0x76606000 	C:\Windows\SYSTEM32\USER32.dll
0x73130000 - 0x73328000 	C:\Windows\WinSxS\x86_microsoft.windows.common-controls_6595b64144ccf1df_6.0.9200.16579_none_8937eec6860750f5\COMCTL32.dll
0x76000000 - 0x760b1000 	C:\Windows\SYSTEM32\msvcrt.dll
0x74870000 - 0x748a4000 	C:\Windows\SYSTEM32\sechost.dll
0x760c0000 - 0x7616c000 	C:\Windows\SYSTEM32\RPCRT4.dll
0x748b0000 - 0x749ad000 	C:\Windows\SYSTEM32\GDI32.dll
0x745d0000 - 0x745ed000 	C:\Windows\SYSTEM32\SspiCli.dll
0x745c0000 - 0x745c9000 	C:\Windows\SYSTEM32\CRYPTBASE.dll
0x74560000 - 0x745b1000 	C:\Windows\SYSTEM32\bcryptPrimitives.dll
0x762e0000 - 0x76300000 	C:\Windows\system32\IMM32.DLL
0x76680000 - 0x7675e000 	C:\Windows\SYSTEM32\MSCTF.dll
0x5f9e0000 - 0x5fa9f000 	C:\Program Files (x86)\Java\jre7\bin\msvcr100.dll
0x6f250000 - 0x6f5d8000 	C:\Program Files (x86)\Java\jre7\bin\client\jvm.dll
0x71c10000 - 0x71c18000 	C:\Windows\SYSTEM32\WSOCK32.dll
0x71fb0000 - 0x71fd1000 	C:\Windows\SYSTEM32\WINMM.dll
0x76300000 - 0x76306000 	C:\Windows\SYSTEM32\PSAPI.DLL
0x75f80000 - 0x75fd0000 	C:\Windows\SYSTEM32\WS2_32.dll
0x71c70000 - 0x71c9b000 	C:\Windows\SYSTEM32\WINMMBASE.dll
0x75ff0000 - 0x75ff8000 	C:\Windows\SYSTEM32\NSI.dll
0x76b30000 - 0x76b76000 	C:\Windows\SYSTEM32\cfgmgr32.dll
0x75f00000 - 0x75f1e000 	C:\Windows\SYSTEM32\DEVOBJ.dll
0x720a0000 - 0x720ac000 	C:\Program Files (x86)\Java\jre7\bin\verify.dll
0x71910000 - 0x71930000 	C:\Program Files (x86)\Java\jre7\bin\java.dll
0x718d0000 - 0x718e3000 	C:\Program Files (x86)\Java\jre7\bin\zip.dll
0x5e360000 - 0x5e4a3000 	C:\Program Files (x86)\Java\jre7\bin\awt.dll
0x76c00000 - 0x76c8b000 	C:\Windows\SYSTEM32\OLEAUT32.dll
0x76de0000 - 0x76f16000 	C:\Windows\SYSTEM32\combase.dll
0x72dd0000 - 0x72e77000 	C:\Windows\system32\apphelp.dll
0x71a40000 - 0x71a59000 	C:\Windows\system32\DWMAPI.DLL
0x726b0000 - 0x72738000 	C:\Windows\system32\uxtheme.dll
0x76760000 - 0x76879000 	C:\Windows\SYSTEM32\ole32.dll
0x74da0000 - 0x75e66000 	C:\Windows\SYSTEM32\SHELL32.dll
0x75f40000 - 0x75f80000 	C:\Windows\SYSTEM32\SHLWAPI.dll
0x73330000 - 0x733a3000 	C:\Windows\SYSTEM32\shcore.dll
0x5f9a0000 - 0x5f9d9000 	C:\Program Files (x86)\Java\jre7\bin\fontmanager.dll
0x718b0000 - 0x718c4000 	C:\Program Files (x86)\Java\jre7\bin\net.dll
0x72e80000 - 0x72eca000 	C:\Windows\system32\mswsock.dll
0x718a0000 - 0x718af000 	C:\Program Files (x86)\Java\jre7\bin\nio.dll
0x5e330000 - 0x5e360000 	C:\Program Files (x86)\Java\jre7\bin\t2k.dll
0x76b80000 - 0x76bf4000 	C:\Windows\SYSTEM32\clbcatq.dll
0x6a8a0000 - 0x6a9eb000 	C:\Windows\SYSTEM32\WindowsCodecs.dll
0x76dc0000 - 0x76dd1000 	C:\Windows\SYSTEM32\profapi.dll
0x5e300000 - 0x5e324000 	C:\Program Files (x86)\Java\jre7\bin\dcpr.dll
0x5e290000 - 0x5e2fd000 	C:\binaries\terrajava.dll
0x5e1a0000 - 0x5e287000 	C:\binaries\terramanager-funcate.dll
0x573f0000 - 0x57c96000 	C:\binaries\terralib.dll
0x64af0000 - 0x64b59000 	C:\Windows\SYSTEM32\MSVCP100.dll
0x6d880000 - 0x6db4c000 	C:\binaries\bgd.dll
0x5f980000 - 0x5f99b000 	C:\binaries\terraogc_xml.dll
0x5e180000 - 0x5e19d000 	C:\binaries\terraogc_sld.dll
0x5e150000 - 0x5e176000 	C:\binaries\terraogc_se.dll
0x5e110000 - 0x5e146000 	C:\binaries\terraogc_filter.dll
0x5da60000 - 0x5dab2000 	C:\binaries\terraogc_ows.dll
0x5e0f0000 - 0x5e109000 	C:\binaries\terraogc_common.dll
0x5da50000 - 0x5da5b000 	C:\binaries\terralib_shp.dll
0x5da40000 - 0x5da4e000 	C:\binaries\terralib_spl.dll
0x06220000 - 0x06616000 	C:\binaries\qt-mt338.dll
0x613d0000 - 0x6149e000 	C:\Windows\SYSTEM32\OPENGL32.dll
0x613a0000 - 0x613c3000 	C:\Windows\SYSTEM32\GLU32.dll
0x597c0000 - 0x5983f000 	C:\binaries\qwt500.dll
0x0fbb0000 - 0x11baf000 	C:\binaries\berkelium.dll
0x06620000 - 0x06761000 	C:\binaries\LIBMYSQL.dll
0x63100000 - 0x63121000 	C:\binaries\LIBPQ.dll
0x06770000 - 0x067d1000 	C:\binaries\OCI.dll
0x59730000 - 0x597ba000 	C:\binaries\libtiff.dll
0x56580000 - 0x56d52000 	C:\binaries\gdal110.dll
0x12000000 - 0x121dc000 	C:\binaries\xerces-c_3_1.dll
0x596d0000 - 0x59725000 	C:\binaries\terraogc_wms.dll
0x59670000 - 0x596c3000 	C:\binaries\terraogc_gml.dll
0x59620000 - 0x59661000 	C:\binaries\terraogc_xsd.dll
0x5a810000 - 0x5a830000 	C:\binaries\terraogc_xacml.dll
0x71f30000 - 0x71f90000 	C:\Windows\SYSTEM32\WINSPOOL.DRV
0x7c340000 - 0x7c396000 	C:\Windows\SYSTEM32\MSVCR71.dll
0x608a0000 - 0x60979000 	C:\Windows\SYSTEM32\DDRAW.dll
0x727a0000 - 0x727a9000 	C:\Windows\SYSTEM32\Secur32.dll
0x75f20000 - 0x75f3b000 	C:\Windows\SYSTEM32\USERENV.dll
0x71520000 - 0x71570000 	C:\Windows\SYSTEM32\OLEACC.dll
0x54200000 - 0x54276000 	C:\Windows\SYSTEM32\RICHED20.dll
0x72ee0000 - 0x72ee8000 	C:\Windows\SYSTEM32\VERSION.dll
0x720b0000 - 0x720c4000 	C:\Windows\SYSTEM32\USP10.dll
0x72c50000 - 0x72cc5000 	C:\Windows\SYSTEM32\DNSAPI.dll
0x06880000 - 0x0692a000 	C:\Windows\libeay32.dll
0x06930000 - 0x0693d000 	C:\binaries\libintl-2.dll
0x72ed0000 - 0x72ed6000 	C:\Windows\SYSTEM32\SHFOLDER.DLL
0x06940000 - 0x06966000 	C:\Windows\ssleay32.dll
0x06970000 - 0x06996000 	C:\binaries\libexpat.dll
0x60770000 - 0x60811000 	C:\Windows\SYSTEM32\ODBC32.dll
0x60760000 - 0x60767000 	C:\Windows\SYSTEM32\DCIMAN32.dll
0x663b0000 - 0x663db000 	C:\Windows\SYSTEM32\msls31.dll
0x069f0000 - 0x06acb000 	C:\binaries\libiconv-2.dll
0x6f600000 - 0x6f61d000 	C:\Windows\SYSTEM32\gpapi.dll
0x74530000 - 0x74556000 	C:\Windows\SYSTEM32\ntmarta.dll
0x54e60000 - 0x55708000 	C:\binaries\icudt46.dll
0x53850000 - 0x53979000 	C:\Windows\SYSTEM32\dbghelp.dll
0x72040000 - 0x72050000 	C:\Windows\system32\napinsp.dll
0x72020000 - 0x72034000 	C:\Windows\system32\pnrpnsp.dll
0x72010000 - 0x72020000 	C:\Windows\system32\NLAapi.dll
0x72000000 - 0x72009000 	C:\Windows\System32\winrnr.dll
0x71ac0000 - 0x71ad0000 	C:\Windows\system32\wshbth.dll
0x726a0000 - 0x726a7000 	C:\Windows\System32\rasadhlp.dll
0x71c30000 - 0x71c6f000 	C:\Windows\System32\fwpuclnt.dll
0x72cd0000 - 0x72cf0000 	C:\Windows\SYSTEM32\IPHLPAPI.DLL
0x72c40000 - 0x72c48000 	C:\Windows\SYSTEM32\WINNSI.DLL
0x730d0000 - 0x730ea000 	C:\Windows\SYSTEM32\CRYPTSP.dll
0x73090000 - 0x730ce000 	C:\Windows\system32\rsaenh.dll
0x72c30000 - 0x72c40000 	C:\Windows\SYSTEM32\dhcpcsvc6.DLL
0x72c10000 - 0x72c22000 	C:\Windows\SYSTEM32\dhcpcsvc.DLL
0x595f0000 - 0x59615000 	C:\Program Files (x86)\Java\jre7\bin\jpeg.dll
0x71ea0000 - 0x71f22000 	C:\Windows\SYSTEM32\WINHTTP.dll
0x76310000 - 0x76492000 	C:\Windows\SYSTEM32\CRYPT32.dll
0x75fd0000 - 0x75fe2000 	C:\Windows\SYSTEM32\MSASN1.dll
0x73070000 - 0x73089000 	C:\Windows\SYSTEM32\ncrypt.dll
0x73050000 - 0x7306a000 	C:\Windows\SYSTEM32\bcrypt.dll
0x73020000 - 0x73047000 	C:\Windows\SYSTEM32\NTASN1.dll
0x6f5e0000 - 0x6f5fd000 	C:\Windows\SYSTEM32\cryptnet.dll
0x76620000 - 0x76676000 	C:\Windows\SYSTEM32\WLDAP32.dll
0x749b0000 - 0x74b5f000 	C:\Windows\SYSTEM32\SETUPAPI.dll
0x72f00000 - 0x73019000 	C:\Windows\system32\propsys.dll

VM Arguments:
jvm_args: -Dfile.encoding=ISO-8859-1 
java_command: com.nexusbr.gv.main.ConnectDBMain
Launcher Type: SUN_STANDARD

Environment Variables:
JAVA_HOME=C:\Program Files (x86)\Java\jre7
PATH=C:/Program Files (x86)/Java/jre7/bin/client;C:/Program Files (x86)/Java/jre7/bin;C:/Program Files (x86)/Java/jre7/lib/i386;C:\Program Files (x86)\PHP\;c:\Program Files (x86)\Intel\iCLS Client\;c:\Program Files\Intel\iCLS Client\;C:\Windows\system32;C:\Windows;C:\Windows\System32\Wbem;C:\Windows\System32\WindowsPowerShell\v1.0\;C:\Program Files\Intel\Intel(R) Management Engine Components\DAL;C:\Program Files\Intel\Intel(R) Management Engine Components\IPT;C:\Program Files (x86)\Intel\Intel(R) Management Engine Components\DAL;C:\Program Files (x86)\Intel\Intel(R) Management Engine Components\IPT;C:\Program Files (x86)\Intel\OpenCL SDK\3.0\bin\x86;C:\Program Files (x86)\Intel\OpenCL SDK\3.0\bin\x64;C:\Program Files (x86)\Windows Live\Shared;C:\binaries;c:\Program Files (x86)\Microsoft SQL Server\100\Tools\Binn\;c:\Program Files\Microsoft SQL Server\100\Tools\Binn\;c:\Program Files\Microsoft SQL Server\100\DTS\Binn\;C:\strawberry\c\bin;C:\strawberry\perl\site\bin;C:\strawberry\perl\bin;C:\Program Files (x86)\Microsoft SQL Server\110\Tools\Binn\ManagementStudio\;C:\Program Files (x86)\Microsoft SQL Server\110\Tools\Binn\;C:\Program Files\Microsoft SQL Server\110\Tools\Binn\;C:\Program Files (x86)\Microsoft SQL Server\110\DTS\Binn\;C:\Program Files\TortoiseSVN\bin;C:\Python34;C:\Program Files (x86)\Java\jre7\bin;C:\eclipse;
USERNAME=inacio
OS=Windows_NT
PROCESSOR_IDENTIFIER=Intel64 Family 6 Model 69 Stepping 1, GenuineIntel



---------------  S Y S T E M  ---------------

OS: Windows 8 , 64 bit Build 9200 

CPU:total 4 (2 cores per cpu, 2 threads per core) family 6 model 69 stepping 1, cmov, cx8, fxsr, mmx, sse, sse2, sse3, ssse3, sse4.1, sse4.2, popcnt, avx, avx2, aes, erms, ht, tsc, tscinvbit

Memory: 4k page, physical 8290700k(4327360k free), swap 9535884k(4287080k free)

vm_info: Java HotSpot(TM) Client VM (24.60-b09) for windows-x86 JRE (1.7.0_60-b19), built on May  7 2014 13:09:52 by "java_re" with unknown MS VC++:1600

time: Thu Jul 03 10:01:52 2014
elapsed time: 414 seconds

