#
# A fatal error has been detected by the Java Runtime Environment:
#
#  EXCEPTION_ACCESS_VIOLATION (0xc0000005) at pc=0x1a9e9052, pid=888, tid=11016
#
# JRE version: Java(TM) SE Runtime Environment (7.0_60-b19) (build 1.7.0_60-b19)
# Java VM: Java HotSpot(TM) Client VM (24.60-b09 mixed mode windows-x86 )
# Problematic frame:
# C  [berkelium.dll+0xa39052]
#
# Failed to write core dump. Minidumps are not enabled by default on client versions of Windows
#
# If you would like to submit a bug report, please visit:
#   http://bugreport.sun.com/bugreport/crash.jsp
#

---------------  T H R E A D  ---------------

Current thread (0x020e3800):  VMThread [stack: 0x18240000,0x18290000] [id=11016]

siginfo: ExceptionCode=0xc0000005, reading address 0x000000f8

Registers:
EAX=0x1828f0d4, EBX=0x000493e0, ECX=0x1828f0d4, EDX=0x66b8b148
ESP=0x1828f0c4, EBP=0x00000087, ESI=0x00000000, EDI=0x789a5448
EIP=0x1a9e9052, EFLAGS=0x00010206

Top of Stack: (sp=0x1828f0c4)
0x1828f0c4:   1cc57168 1cc57168 1cbaab00 00000000
0x1828f0d4:   66b8b148 00000087 1cc436c0 1cc4c900
0x1828f0e4:   00000000 00000000 00000000 74616401
0x1828f0f4:   69642d61 1cf20072 00000023 0000002f
0x1828f104:   00000000 1cbd7070 002e5bf3 1cc57000
0x1828f114:   1cbaab44 ffffff00 1a01bf20 1bb39778
0x1828f124:   1c720030 00000000 0000000f 1bb3a730
0x1828f134:   00000001 1a019783 00000008 00000001 

Instructions: (pc=0x1a9e9052)
0x1a9e9032:   03 00 00 57 53 e8 f4 c8 60 ff 8b ea 8d 54 24 10
0x1a9e9042:   52 8b f8 e8 26 ca 00 00 83 c4 04 03 38 13 68 04
0x1a9e9052:   8b 86 f8 00 00 00 0b 86 fc 00 00 00 89 7c 24 20
0x1a9e9062:   89 6c 24 24 75 3e 39 84 24 d4 00 00 00 7f 35 7c 


Register to memory mapping:

EAX=
[error occurred during error reporting (printing register info), id 0xc0000005]

Stack: [0x18240000,0x18290000],  sp=0x1828f0c4,  free space=316k
Native frames: (J=compiled Java code, j=interpreted, Vv=VM code, C=native code)
C  [berkelium.dll+0xa39052]

VM_Operation (0x19d4ea50): Exit, mode: safepoint, requested by thread 0x18ee4400


---------------  P R O C E S S  ---------------

Java Threads: ( => current thread )
  0x1dfa1c00 JavaThread "Image Fetcher 2" daemon [_thread_blocked, id=10960, stack(0x20910000,0x20960000)]
  0x1dfa5000 JavaThread "Image Fetcher 1" daemon [_thread_blocked, id=8004, stack(0x20880000,0x208d0000)]
  0x1dfa4000 JavaThread "Image Fetcher 0" daemon [_thread_blocked, id=8440, stack(0x203f0000,0x20440000)]
  0x1dfa5400 JavaThread "Image Fetcher 3" daemon [_thread_blocked, id=3112, stack(0x1fb60000,0x1fbb0000)]
  0x1e013000 JavaThread "Thread-32" [_thread_blocked, id=10524, stack(0x1f260000,0x1f2b0000)]
  0x1e016800 JavaThread "Thread-31" [_thread_blocked, id=7164, stack(0x1f1d0000,0x1f220000)]
  0x1e014400 JavaThread "Thread-30" [_thread_blocked, id=9324, stack(0x1f140000,0x1f190000)]
  0x1e013800 JavaThread "Thread-29" [_thread_blocked, id=5692, stack(0x1f0b0000,0x1f100000)]
  0x1e015800 JavaThread "Thread-28" [_thread_blocked, id=11056, stack(0x1f020000,0x1f070000)]
  0x1de29400 JavaThread "Thread-27" [_thread_blocked, id=6260, stack(0x1ef90000,0x1efe0000)]
  0x1e0ad800 JavaThread "Thread-26" [_thread_blocked, id=10980, stack(0x1ef00000,0x1ef50000)]
  0x1e0ac800 JavaThread "Thread-25" [_thread_blocked, id=8672, stack(0x1ee70000,0x1eec0000)]
  0x1e0ac000 JavaThread "Thread-24" [_thread_blocked, id=9308, stack(0x1ede0000,0x1ee30000)]
  0x1e0ab800 JavaThread "Thread-23" [_thread_blocked, id=3572, stack(0x1e750000,0x1e7a0000)]
  0x1e0ae000 JavaThread "Thread-22" [_thread_blocked, id=4392, stack(0x1d900000,0x1d950000)]
  0x1e0ad400 JavaThread "Thread-21" [_thread_blocked, id=9912, stack(0x1d870000,0x1d8c0000)]
  0x1e0ab400 JavaThread "Thread-20" [_thread_blocked, id=128, stack(0x1d7c0000,0x1d810000)]
  0x1e0aa800 JavaThread "Thread-19" [_thread_blocked, id=11228, stack(0x1d730000,0x1d780000)]
  0x1e0aac00 JavaThread "Thread-18" [_thread_blocked, id=4860, stack(0x1d6a0000,0x1d6f0000)]
  0x1de29c00 JavaThread "WeakCollectionCleaner" daemon [_thread_blocked, id=7388, stack(0x1d610000,0x1d660000)]
  0x1dda9400 JavaThread "TimerQueue" daemon [_thread_blocked, id=7176, stack(0x1d580000,0x1d5d0000)]
  0x1dcfe800 JavaThread "Image Animator 3" daemon [_thread_blocked, id=10860, stack(0x1d4b0000,0x1d500000)]
  0x0214e400 JavaThread "DestroyJavaVM" [_thread_blocked, id=7152, stack(0x01ea0000,0x01ef0000)]
  0x18ee4400 JavaThread "AWT-EventQueue-0" [_thread_blocked, id=6840, stack(0x19d00000,0x19d50000)]
  0x185a1000 JavaThread "AWT-Shutdown" [_thread_blocked, id=10140, stack(0x197d0000,0x19820000)]
  0x1859e000 JavaThread "Java2D Disposer" daemon [_thread_blocked, id=1904, stack(0x196d0000,0x19720000)]
  0x183ecc00 JavaThread "Service Thread" daemon [_thread_blocked, id=10448, stack(0x18cc0000,0x18d10000)]
  0x183ec400 JavaThread "C1 CompilerThread0" daemon [_thread_blocked, id=7528, stack(0x18c30000,0x18c80000)]
  0x183e0000 JavaThread "JDWP Command Reader" daemon [_thread_blocked, id=10060, stack(0x18ba0000,0x18bf0000)]
  0x183da000 JavaThread "JDWP Event Helper Thread" daemon [_thread_blocked, id=1272, stack(0x18b10000,0x18b60000)]
  0x183d7400 JavaThread "JDWP Transport Listener: dt_socket" daemon [_thread_blocked, id=7800, stack(0x18a80000,0x18ad0000)]
  0x183cb000 JavaThread "Attach Listener" daemon [_thread_blocked, id=6432, stack(0x18680000,0x186d0000)]
  0x183c8c00 JavaThread "Signal Dispatcher" daemon [_thread_blocked, id=5268, stack(0x185f0000,0x18640000)]
  0x020eb800 JavaThread "Finalizer" daemon [_thread_blocked, id=11220, stack(0x18360000,0x183b0000)]
  0x020e6800 JavaThread "Reference Handler" daemon [_thread_blocked, id=4564, stack(0x182d0000,0x18320000)]

Other Threads:
=>0x020e3800 VMThread [stack: 0x18240000,0x18290000] [id=11016]

VM state:at safepoint (shutting down)

VM Mutex/Monitor currently owned by a thread:  ([mutex/lock_event])
[0x0214cda8] Threads_lock - owner thread: 0x020e3800

Heap
 def new generation   total 15936K, used 12482K [0x04200000, 0x05340000, 0x09750000)
  eden space 14208K,  75% used [0x04200000, 0x04c80900, 0x04fe0000)
  from space 1728K, 100% used [0x05190000, 0x05340000, 0x05340000)
  to   space 1728K,   0% used [0x04fe0000, 0x04fe0000, 0x05190000)
 tenured generation   total 35200K, used 23068K [0x09750000, 0x0b9b0000, 0x14200000)
   the space 35200K,  65% used [0x09750000, 0x0add7308, 0x0add7400, 0x0b9b0000)
 compacting perm gen  total 16128K, used 16069K [0x14200000, 0x151c0000, 0x18200000)
   the space 16128K,  99% used [0x14200000, 0x151b14b8, 0x151b1600, 0x151c0000)
No shared spaces configured.

Card table byte_map: [0x04150000,0x04200000] byte_map_base: 0x0412f000

Polling page: 0x00a50000

Code Cache  [0x02150000, 0x02340000, 0x04150000)
 total_blobs=1143 nmethods=866 adapters=221 free_code_cache=30786Kb largest_free_block=31524480

Compilation events (10 events):
Event: 9.733 Thread 0x183ec400  872   !         java.awt.EventQueue::getNextEvent (84 bytes)
Event: 9.734 Thread 0x183ec400 nmethod 872 0x0233e608 code [0x0233e780, 0x0233e970]
Event: 9.781 Thread 0x183ec400  873             java.awt.event.MouseEvent::getModifiersEx (29 bytes)
Event: 9.782 Thread 0x183ec400 nmethod 873 0x0233ebc8 code [0x0233ecc0, 0x0233ed7c]
Event: 9.848 Thread 0x183ec400  874             sun.java2d.SurfaceData::getSourceSurfaceData (110 bytes)
Event: 9.850 Thread 0x183ec400 nmethod 874 0x0233ee08 code [0x0233ef60, 0x0233f188]
Event: 9.850 Thread 0x183ec400  875             java.awt.Component::isFocusOwner (5 bytes)
Event: 9.850 Thread 0x183ec400 nmethod 875 0x0233f488 code [0x0233f5a0, 0x0233f674]
Event: 9.901 Thread 0x183ec400  876             java.awt.Component::contains (7 bytes)
Event: 9.902 Thread 0x183ec400 nmethod 876 0x0233f788 code [0x0233f880, 0x0233f940]

GC Heap History (10 events):
Event: 2.898 GC heap before
{Heap before GC invocations=9 (full 1):
 def new generation   total 9728K, used 9727K [0x04200000, 0x04c80000, 0x09750000)
  eden space 8704K, 100% used [0x04200000, 0x04a80000, 0x04a80000)
  from space 1024K,  99% used [0x04b80000, 0x04c7fff8, 0x04c80000)
  to   space 1024K,   0% used [0x04a80000, 0x04a80000, 0x04b80000)
 tenured generation   total 21368K, used 16916K [0x09750000, 0x0ac2e000, 0x14200000)
   the space 21368K,  79% used [0x09750000, 0x0a7d5038, 0x0a7d5200, 0x0ac2e000)
 compacting perm gen  total 14336K, used 14264K [0x14200000, 0x15000000, 0x18200000)
   the space 14336K,  99% used [0x14200000, 0x14fee1f8, 0x14fee200, 0x15000000)
No shared spaces configured.
Event: 2.906 GC heap after
Heap after GC invocations=10 (full 1):
 def new generation   total 9728K, used 1024K [0x04200000, 0x04c80000, 0x09750000)
  eden space 8704K,   0% used [0x04200000, 0x04200000, 0x04a80000)
  from space 1024K, 100% used [0x04a80000, 0x04b80000, 0x04b80000)
  to   space 1024K,   0% used [0x04b80000, 0x04b80000, 0x04c80000)
 tenured generation   total 21368K, used 19532K [0x09750000, 0x0ac2e000, 0x14200000)
   the space 21368K,  91% used [0x09750000, 0x0aa63258, 0x0aa63400, 0x0ac2e000)
 compacting perm gen  total 14336K, used 14264K [0x14200000, 0x15000000, 0x18200000)
   the space 14336K,  99% used [0x14200000, 0x14fee1f8, 0x14fee200, 0x15000000)
No shared spaces configured.
}
Event: 3.118 GC heap before
{Heap before GC invocations=10 (full 1):
 def new generation   total 9728K, used 9728K [0x04200000, 0x04c80000, 0x09750000)
  eden space 8704K, 100% used [0x04200000, 0x04a80000, 0x04a80000)
  from space 1024K, 100% used [0x04a80000, 0x04b80000, 0x04b80000)
  to   space 1024K,   0% used [0x04b80000, 0x04b80000, 0x04c80000)
 tenured generation   total 21368K, used 19532K [0x09750000, 0x0ac2e000, 0x14200000)
   the space 21368K,  91% used [0x09750000, 0x0aa63258, 0x0aa63400, 0x0ac2e000)
 compacting perm gen  total 15360K, used 15358K [0x14200000, 0x15100000, 0x18200000)
   the space 15360K,  99% used [0x14200000, 0x150ff900, 0x150ffa00, 0x15100000)
No shared spaces configured.
Event: 3.160 GC heap after
Heap after GC invocations=11 (full 2):
 def new generation   total 15936K, used 0K [0x04200000, 0x05340000, 0x09750000)
  eden space 14208K,   0% used [0x04200000, 0x04200000, 0x04fe0000)
  from space 1728K,   0% used [0x04fe0000, 0x04fe0000, 0x05190000)
  to   space 1728K,   0% used [0x05190000, 0x05190000, 0x05340000)
 tenured generation   total 35200K, used 21119K [0x09750000, 0x0b9b0000, 0x14200000)
   the space 35200K,  59% used [0x09750000, 0x0abefcf8, 0x0abefe00, 0x0b9b0000)
 compacting perm gen  total 15360K, used 15358K [0x14200000, 0x15100000, 0x18200000)
   the space 15360K,  99% used [0x14200000, 0x150ff900, 0x150ffa00, 0x15100000)
No shared spaces configured.
}
Event: 3.234 GC heap before
{Heap before GC invocations=11 (full 2):
 def new generation   total 15936K, used 12738K [0x04200000, 0x05340000, 0x09750000)
  eden space 14208K,  89% used [0x04200000, 0x04e70980, 0x04fe0000)
  from space 1728K,   0% used [0x04fe0000, 0x04fe0000, 0x05190000)
  to   space 1728K,   0% used [0x05190000, 0x05190000, 0x05340000)
 tenured generation   total 35200K, used 21119K [0x09750000, 0x0b9b0000, 0x14200000)
   the space 35200K,  59% used [0x09750000, 0x0abefcf8, 0x0abefe00, 0x0b9b0000)
 compacting perm gen  total 15872K, used 15666K [0x14200000, 0x15180000, 0x18200000)
   the space 15872K,  98% used [0x14200000, 0x1514c890, 0x1514ca00, 0x15180000)
No shared spaces configured.
Event: 3.239 GC heap after
Heap after GC invocations=12 (full 2):
 def new generation   total 15936K, used 1228K [0x04200000, 0x05340000, 0x09750000)
  eden space 14208K,   0% used [0x04200000, 0x04200000, 0x04fe0000)
  from space 1728K,  71% used [0x05190000, 0x052c3118, 0x05340000)
  to   space 1728K,   0% used [0x04fe0000, 0x04fe0000, 0x05190000)
 tenured generation   total 35200K, used 27683K [0x09750000, 0x0b9b0000, 0x14200000)
   the space 35200K,  78% used [0x09750000, 0x0b258fc0, 0x0b259000, 0x0b9b0000)
 compacting perm gen  total 15872K, used 15666K [0x14200000, 0x15180000, 0x18200000)
   the space 15872K,  98% used [0x14200000, 0x1514c890, 0x1514ca00, 0x15180000)
No shared spaces configured.
}
Event: 3.269 GC heap before
{Heap before GC invocations=12 (full 2):
 def new generation   total 15936K, used 14602K [0x04200000, 0x05340000, 0x09750000)
  eden space 14208K,  94% used [0x04200000, 0x04f0f8b8, 0x04fe0000)
  from space 1728K,  71% used [0x05190000, 0x052c3118, 0x05340000)
  to   space 1728K,   0% used [0x04fe0000, 0x04fe0000, 0x05190000)
 tenured generation   total 35200K, used 27683K [0x09750000, 0x0b9b0000, 0x14200000)
   the space 35200K,  78% used [0x09750000, 0x0b258fc0, 0x0b259000, 0x0b9b0000)
 compacting perm gen  total 15872K, used 15667K [0x14200000, 0x15180000, 0x18200000)
   the space 15872K,  98% used [0x14200000, 0x1514cf50, 0x1514d000, 0x15180000)
No shared spaces configured.
Event: 3.312 GC heap after
Heap after GC invocations=13 (full 3):
 def new generation   total 15936K, used 0K [0x04200000, 0x05340000, 0x09750000)
  eden space 14208K,   0% used [0x04200000, 0x04200000, 0x04fe0000)
  from space 1728K,   0% used [0x04fe0000, 0x04fe0000, 0x05190000)
  to   space 1728K,   0% used [0x05190000, 0x05190000, 0x05340000)
 tenured generation   total 35200K, used 18269K [0x09750000, 0x0b9b0000, 0x14200000)
   the space 35200K,  51% used [0x09750000, 0x0a9275d8, 0x0a927600, 0x0b9b0000)
 compacting perm gen  total 15872K, used 15667K [0x14200000, 0x15180000, 0x18200000)
   the space 15872K,  98% used [0x14200000, 0x1514cf50, 0x1514d000, 0x15180000)
No shared spaces configured.
}
Event: 8.276 GC heap before
{Heap before GC invocations=13 (full 3):
 def new generation   total 15936K, used 14418K [0x04200000, 0x05340000, 0x09750000)
  eden space 14208K,  99% used [0x04200000, 0x04fd49f0, 0x04fe0000)
  from space 1728K,  14% used [0x04fe0000, 0x05020010, 0x05190000)
  to   space 1728K,   0% used [0x05190000, 0x05190000, 0x05340000)
 tenured generation   total 35200K, used 18269K [0x09750000, 0x0b9b0000, 0x14200000)
   the space 35200K,  51% used [0x09750000, 0x0a9275d8, 0x0a927600, 0x0b9b0000)
 compacting perm gen  total 16128K, used 16064K [0x14200000, 0x151c0000, 0x18200000)
   the space 16128K,  99% used [0x14200000, 0x151b03d8, 0x151b0400, 0x151c0000)
No shared spaces configured.
Event: 8.281 GC heap after
Heap after GC invocations=14 (full 3):
 def new generation   total 15936K, used 1728K [0x04200000, 0x05340000, 0x09750000)
  eden space 14208K,   0% used [0x04200000, 0x04200000, 0x04fe0000)
  from space 1728K, 100% used [0x05190000, 0x05340000, 0x05340000)
  to   space 1728K,   0% used [0x04fe0000, 0x04fe0000, 0x05190000)
 tenured generation   total 35200K, used 23068K [0x09750000, 0x0b9b0000, 0x14200000)
   the space 35200K,  65% used [0x09750000, 0x0add7308, 0x0add7400, 0x0b9b0000)
 compacting perm gen  total 16128K, used 16064K [0x14200000, 0x151c0000, 0x18200000)
   the space 16128K,  99% used [0x14200000, 0x151b03d8, 0x151b0400, 0x151c0000)
No shared spaces configured.
}

Deoptimization events (0 events):
No events

Internal exceptions (10 events):
Event: 4.490 Thread 0x18ee4400 Threw 0x045cfe68 at C:\re\jdk7u60\1081\hotspot\src\share\vm\prims\jvm.cpp:1244
Event: 7.069 Thread 0x18ee4400 Threw 0x046b9ec0 at C:\re\jdk7u60\1081\hotspot\src\share\vm\prims\jvm.cpp:1244
Event: 7.071 Thread 0x18ee4400 Threw 0x046bf9b0 at C:\re\jdk7u60\1081\hotspot\src\share\vm\prims\jvm.cpp:1244
Event: 7.072 Thread 0x18ee4400 Threw 0x046c4db8 at C:\re\jdk7u60\1081\hotspot\src\share\vm\prims\jvm.cpp:1244
Event: 7.073 Thread 0x18ee4400 Threw 0x046ca1a8 at C:\re\jdk7u60\1081\hotspot\src\share\vm\prims\jvm.cpp:1244
Event: 7.074 Thread 0x18ee4400 Threw 0x046cf5b8 at C:\re\jdk7u60\1081\hotspot\src\share\vm\prims\jvm.cpp:1244
Event: 7.075 Thread 0x18ee4400 Threw 0x046d4a20 at C:\re\jdk7u60\1081\hotspot\src\share\vm\prims\jvm.cpp:1244
Event: 7.076 Thread 0x18ee4400 Threw 0x046da098 at C:\re\jdk7u60\1081\hotspot\src\share\vm\prims\jvm.cpp:1244
Event: 7.164 Thread 0x1dcfe800 Threw 0x04732e18 at C:\re\jdk7u60\1081\hotspot\src\share\vm\prims\jvm.cpp:2917
Event: 7.165 Thread 0x1e0ac800 Threw 0x047361a8 at C:\re\jdk7u60\1081\hotspot\src\share\vm\prims\jvm.cpp:1244

Events (10 events):
Event: 10.278 loading class 0x0204c228
Event: 10.278 Thread 0x1dfa2800 Thread exited: 0x1dfa2800
Event: 10.278 loading class 0x0204c1d0
Event: 10.278 loading class 0x0204c1d0 done
Event: 10.278 loading class 0x0204c228 done
Event: 10.278 Thread 0x1dfa2400 Thread exited: 0x1dfa2400
Event: 10.279 Thread 0x1dfa3000 Thread exited: 0x1dfa3000
Event: 10.290 Thread 0x185a1800 Thread exited: 0x185a1800
Event: 10.380 Thread 0x1dfa4800 Thread exited: 0x1dfa4800
Event: 10.381 Executing VM operation: Exit


Dynamic libraries:
0x00a70000 - 0x00a9f000 	C:\Program Files (x86)\Java\jre7\bin\javaw.exe
0x76fe0000 - 0x77137000 	C:\Windows\SYSTEM32\ntdll.dll
0x74690000 - 0x747c0000 	C:\Windows\SYSTEM32\KERNEL32.DLL
0x76a80000 - 0x76b27000 	C:\Windows\SYSTEM32\KERNELBASE.dll
0x747c0000 - 0x7486e000 	C:\Windows\SYSTEM32\ADVAPI32.dll
0x764f0000 - 0x76606000 	C:\Windows\SYSTEM32\USER32.dll
0x73130000 - 0x73328000 	C:\Windows\WinSxS\x86_microsoft.windows.common-controls_6595b64144ccf1df_6.0.9200.16579_none_8937eec6860750f5\COMCTL32.dll
0x76000000 - 0x760b1000 	C:\Windows\SYSTEM32\msvcrt.dll
0x74870000 - 0x748a4000 	C:\Windows\SYSTEM32\sechost.dll
0x760c0000 - 0x7616c000 	C:\Windows\SYSTEM32\RPCRT4.dll
0x748b0000 - 0x749ad000 	C:\Windows\SYSTEM32\GDI32.dll
0x745d0000 - 0x745ed000 	C:\Windows\SYSTEM32\SspiCli.dll
0x745c0000 - 0x745c9000 	C:\Windows\SYSTEM32\CRYPTBASE.dll
0x74560000 - 0x745b1000 	C:\Windows\SYSTEM32\bcryptPrimitives.dll
0x762e0000 - 0x76300000 	C:\Windows\system32\IMM32.DLL
0x76680000 - 0x7675e000 	C:\Windows\SYSTEM32\MSCTF.dll
0x5e970000 - 0x5ea2f000 	C:\Program Files (x86)\Java\jre7\bin\msvcr100.dll
0x5e310000 - 0x5e698000 	C:\Program Files (x86)\Java\jre7\bin\client\jvm.dll
0x71c10000 - 0x71c18000 	C:\Windows\SYSTEM32\WSOCK32.dll
0x71fb0000 - 0x71fd1000 	C:\Windows\SYSTEM32\WINMM.dll
0x76300000 - 0x76306000 	C:\Windows\SYSTEM32\PSAPI.DLL
0x75f80000 - 0x75fd0000 	C:\Windows\SYSTEM32\WS2_32.dll
0x71c70000 - 0x71c9b000 	C:\Windows\SYSTEM32\WINMMBASE.dll
0x75ff0000 - 0x75ff8000 	C:\Windows\SYSTEM32\NSI.dll
0x76b30000 - 0x76b76000 	C:\Windows\SYSTEM32\cfgmgr32.dll
0x75f00000 - 0x75f1e000 	C:\Windows\SYSTEM32\DEVOBJ.dll
0x720a0000 - 0x720ac000 	C:\Program Files (x86)\Java\jre7\bin\verify.dll
0x70bb0000 - 0x70bd0000 	C:\Program Files (x86)\Java\jre7\bin\java.dll
0x68440000 - 0x6846a000 	C:\Program Files (x86)\Java\jre7\bin\jdwp.dll
0x684c0000 - 0x684c7000 	C:\Program Files (x86)\Java\jre7\bin\npt.dll
0x70b90000 - 0x70ba3000 	C:\Program Files (x86)\Java\jre7\bin\zip.dll
0x66b90000 - 0x66b98000 	C:\Program Files (x86)\Java\jre7\bin\dt_socket.dll
0x72040000 - 0x72050000 	C:\Windows\system32\napinsp.dll
0x72020000 - 0x72034000 	C:\Windows\system32\pnrpnsp.dll
0x72010000 - 0x72020000 	C:\Windows\system32\NLAapi.dll
0x72e80000 - 0x72eca000 	C:\Windows\System32\mswsock.dll
0x72c50000 - 0x72cc5000 	C:\Windows\SYSTEM32\DNSAPI.dll
0x72000000 - 0x72009000 	C:\Windows\System32\winrnr.dll
0x71ac0000 - 0x71ad0000 	C:\Windows\system32\wshbth.dll
0x71c30000 - 0x71c6f000 	C:\Windows\System32\fwpuclnt.dll
0x726a0000 - 0x726a7000 	C:\Windows\System32\rasadhlp.dll
0x6f490000 - 0x6f5d3000 	C:\Program Files (x86)\Java\jre7\bin\awt.dll
0x76c00000 - 0x76c8b000 	C:\Windows\SYSTEM32\OLEAUT32.dll
0x76de0000 - 0x76f16000 	C:\Windows\SYSTEM32\combase.dll
0x72dd0000 - 0x72e77000 	C:\Windows\system32\apphelp.dll
0x71a40000 - 0x71a59000 	C:\Windows\system32\DWMAPI.DLL
0x726b0000 - 0x72738000 	C:\Windows\system32\uxtheme.dll
0x76760000 - 0x76879000 	C:\Windows\SYSTEM32\ole32.dll
0x74da0000 - 0x75e66000 	C:\Windows\SYSTEM32\SHELL32.dll
0x75f40000 - 0x75f80000 	C:\Windows\SYSTEM32\SHLWAPI.dll
0x73330000 - 0x733a3000 	C:\Windows\SYSTEM32\shcore.dll
0x718b0000 - 0x718e9000 	C:\Program Files (x86)\Java\jre7\bin\fontmanager.dll
0x6f250000 - 0x6f264000 	C:\Program Files (x86)\Java\jre7\bin\net.dll
0x718a0000 - 0x718af000 	C:\Program Files (x86)\Java\jre7\bin\nio.dll
0x706d0000 - 0x70700000 	C:\Program Files (x86)\Java\jre7\bin\t2k.dll
0x76b80000 - 0x76bf4000 	C:\Windows\SYSTEM32\clbcatq.dll
0x6a8a0000 - 0x6a9eb000 	C:\Windows\SYSTEM32\WindowsCodecs.dll
0x76dc0000 - 0x76dd1000 	C:\Windows\SYSTEM32\profapi.dll
0x60450000 - 0x60474000 	C:\Program Files (x86)\Java\jre7\bin\dcpr.dll
0x5e900000 - 0x5e96d000 	C:\binaries\terrajava.dll
0x5e220000 - 0x5e307000 	C:\binaries\terramanager-funcate.dll
0x59300000 - 0x59ba6000 	C:\binaries\terralib.dll
0x64af0000 - 0x64b59000 	C:\Windows\SYSTEM32\MSVCP100.dll
0x6d880000 - 0x6db4c000 	C:\binaries\bgd.dll
0x5f9b0000 - 0x5f9cb000 	C:\binaries\terraogc_xml.dll
0x5f990000 - 0x5f9ad000 	C:\binaries\terraogc_sld.dll
0x5e8d0000 - 0x5e8f6000 	C:\binaries\terraogc_se.dll
0x5e1e0000 - 0x5e216000 	C:\binaries\terraogc_filter.dll
0x5e180000 - 0x5e1d2000 	C:\binaries\terraogc_ows.dll
0x5e8b0000 - 0x5e8c9000 	C:\binaries\terraogc_common.dll
0x66b80000 - 0x66b8b000 	C:\binaries\terralib_shp.dll
0x5f980000 - 0x5f98e000 	C:\binaries\terralib_spl.dll
0x39d00000 - 0x3a0f6000 	C:\binaries\qt-mt338.dll
0x613d0000 - 0x6149e000 	C:\Windows\SYSTEM32\OPENGL32.dll
0x613a0000 - 0x613c3000 	C:\Windows\SYSTEM32\GLU32.dll
0x5e100000 - 0x5e17f000 	C:\binaries\qwt500.dll
0x19fb0000 - 0x1bfaf000 	C:\binaries\berkelium.dll
0x1bfb0000 - 0x1c0f1000 	C:\binaries\LIBMYSQL.dll
0x63100000 - 0x63121000 	C:\binaries\LIBPQ.dll
0x1c100000 - 0x1c161000 	C:\binaries\OCI.dll
0x5da30000 - 0x5daba000 	C:\binaries\libtiff.dll
0x56580000 - 0x56d52000 	C:\binaries\gdal110.dll
0x1c180000 - 0x1c35c000 	C:\binaries\xerces-c_3_1.dll
0x592a0000 - 0x592f5000 	C:\binaries\terraogc_wms.dll
0x59240000 - 0x59293000 	C:\binaries\terraogc_gml.dll
0x591f0000 - 0x59231000 	C:\binaries\terraogc_xsd.dll
0x5a810000 - 0x5a830000 	C:\binaries\terraogc_xacml.dll
0x71f30000 - 0x71f90000 	C:\Windows\SYSTEM32\WINSPOOL.DRV
0x7c340000 - 0x7c396000 	C:\Windows\SYSTEM32\MSVCR71.dll
0x608a0000 - 0x60979000 	C:\Windows\SYSTEM32\DDRAW.dll
0x727a0000 - 0x727a9000 	C:\Windows\SYSTEM32\Secur32.dll
0x75f20000 - 0x75f3b000 	C:\Windows\SYSTEM32\USERENV.dll
0x71520000 - 0x71570000 	C:\Windows\SYSTEM32\OLEACC.dll
0x54200000 - 0x54276000 	C:\Windows\SYSTEM32\RICHED20.dll
0x72ee0000 - 0x72ee8000 	C:\Windows\SYSTEM32\VERSION.dll
0x720b0000 - 0x720c4000 	C:\Windows\SYSTEM32\USP10.dll
0x1c3f0000 - 0x1c49a000 	C:\Windows\libeay32.dll
0x1c4a0000 - 0x1c4ad000 	C:\binaries\libintl-2.dll
0x72ed0000 - 0x72ed6000 	C:\Windows\SYSTEM32\SHFOLDER.DLL
0x1c4b0000 - 0x1c4d6000 	C:\Windows\ssleay32.dll
0x1c4e0000 - 0x1c506000 	C:\binaries\libexpat.dll
0x60770000 - 0x60811000 	C:\Windows\SYSTEM32\ODBC32.dll
0x60760000 - 0x60767000 	C:\Windows\SYSTEM32\DCIMAN32.dll
0x663b0000 - 0x663db000 	C:\Windows\SYSTEM32\msls31.dll
0x1c560000 - 0x1c63b000 	C:\binaries\libiconv-2.dll
0x6f600000 - 0x6f61d000 	C:\Windows\SYSTEM32\gpapi.dll
0x74530000 - 0x74556000 	C:\Windows\SYSTEM32\ntmarta.dll
0x54e60000 - 0x55708000 	C:\binaries\icudt46.dll
0x53850000 - 0x53979000 	C:\Windows\SYSTEM32\dbghelp.dll
0x72cd0000 - 0x72cf0000 	C:\Windows\SYSTEM32\IPHLPAPI.DLL
0x72c40000 - 0x72c48000 	C:\Windows\SYSTEM32\WINNSI.DLL
0x730d0000 - 0x730ea000 	C:\Windows\SYSTEM32\CRYPTSP.dll
0x73090000 - 0x730ce000 	C:\Windows\system32\rsaenh.dll
0x72c30000 - 0x72c40000 	C:\Windows\SYSTEM32\dhcpcsvc6.DLL
0x72c10000 - 0x72c22000 	C:\Windows\SYSTEM32\dhcpcsvc.DLL
0x591c0000 - 0x591e5000 	C:\Program Files (x86)\Java\jre7\bin\jpeg.dll

VM Arguments:
jvm_args: -agentlib:jdwp=transport=dt_socket,suspend=y,address=localhost:18961 -Dfile.encoding=ISO-8859-1 
java_command: com.nexusbr.gv.main.ConnectDBMain
Launcher Type: SUN_STANDARD

Environment Variables:
JAVA_HOME=C:\Program Files (x86)\Java\jre7
PATH=C:/Program Files (x86)/Java/jre7/bin/client;C:/Program Files (x86)/Java/jre7/bin;C:/Program Files (x86)/Java/jre7/lib/i386;C:\Program Files (x86)\PHP\;c:\Program Files (x86)\Intel\iCLS Client\;c:\Program Files\Intel\iCLS Client\;C:\Windows\system32;C:\Windows;C:\Windows\System32\Wbem;C:\Windows\System32\WindowsPowerShell\v1.0\;C:\Program Files\Intel\Intel(R) Management Engine Components\DAL;C:\Program Files\Intel\Intel(R) Management Engine Components\IPT;C:\Program Files (x86)\Intel\Intel(R) Management Engine Components\DAL;C:\Program Files (x86)\Intel\Intel(R) Management Engine Components\IPT;C:\Program Files (x86)\Intel\OpenCL SDK\3.0\bin\x86;C:\Program Files (x86)\Intel\OpenCL SDK\3.0\bin\x64;C:\Program Files (x86)\Windows Live\Shared;C:\binaries;c:\Program Files (x86)\Microsoft SQL Server\100\Tools\Binn\;c:\Program Files\Microsoft SQL Server\100\Tools\Binn\;c:\Program Files\Microsoft SQL Server\100\DTS\Binn\;C:\strawberry\c\bin;C:\strawberry\perl\site\bin;C:\strawberry\perl\bin;C:\Program Files (x86)\Microsoft SQL Server\110\Tools\Binn\ManagementStudio\;C:\Program Files (x86)\Microsoft SQL Server\110\Tools\Binn\;C:\Program Files\Microsoft SQL Server\110\Tools\Binn\;C:\Program Files (x86)\Microsoft SQL Server\110\DTS\Binn\;C:\Program Files\TortoiseSVN\bin;C:\Python34;C:\Program Files (x86)\Java\jre7\bin;C:\eclipse;
USERNAME=inacio
OS=Windows_NT
PROCESSOR_IDENTIFIER=Intel64 Family 6 Model 69 Stepping 1, GenuineIntel



---------------  S Y S T E M  ---------------

OS: Windows 8 , 64 bit Build 9200 

CPU:total 4 (2 cores per cpu, 2 threads per core) family 6 model 69 stepping 1, cmov, cx8, fxsr, mmx, sse, sse2, sse3, ssse3, sse4.1, sse4.2, popcnt, avx, avx2, aes, erms, ht, tsc, tscinvbit

Memory: 4k page, physical 8290700k(2424184k free), swap 9535884k(3555672k free)

vm_info: Java HotSpot(TM) Client VM (24.60-b09) for windows-x86 JRE (1.7.0_60-b19), built on May  7 2014 13:09:52 by "java_re" with unknown MS VC++:1600

time: Fri Jul 04 09:24:52 2014
elapsed time: 10 seconds

