#
# A fatal error has been detected by the Java Runtime Environment:
#
#  EXCEPTION_ACCESS_VIOLATION (0xc0000005) at pc=0x5b219052, pid=1560, tid=9804
#
# JRE version: Java(TM) SE Runtime Environment (7.0_60-b19) (build 1.7.0_60-b19)
# Java VM: Java HotSpot(TM) Client VM (24.60-b09 mixed mode, sharing windows-x86 )
# Problematic frame:
# C  [berkelium.dll+0xa39052]
#
# Failed to write core dump. Minidumps are not enabled by default on client versions of Windows
#
# If you would like to submit a bug report, please visit:
#   http://bugreport.sun.com/bugreport/crash.jsp
#

---------------  T H R E A D  ---------------

Current thread (0x02bcfc00):  VMThread [stack: 0x04e20000,0x04e70000] [id=9804]

siginfo: ExceptionCode=0xc0000005, reading address 0x000000f8

Registers:
EAX=0x04e6f744, EBX=0x000493e0, ECX=0x04e6f744, EDX=0xbac784f8
ESP=0x04e6f734, EBP=0x0000005f, ESI=0x00000000, EDI=0xcca927f8
EIP=0x5b219052, EFLAGS=0x00010206

Top of Stack: (sp=0x04e6f734)
0x04e6f734:   088b3168 088b3168 0763ab00 00000000
0x04e6f744:   bac784f8 0000005f 076f4ca0 08282000
0x04e6f754:   00000000 00000000 00000000 74616401
0x04e6f764:   69642d61 5a850072 00000023 0000002f
0x04e6f774:   00000000 07667070 002e5bcb 088b3000
0x04e6f784:   5c36a750 5c36a700 00000000 00000001
0x04e6f794:   00000024 00000000 0000000f 5c36a730
0x04e6f7a4:   00000001 5a849783 00000008 00000001 

Instructions: (pc=0x5b219052)
0x5b219032:   03 00 00 57 53 e8 f4 c8 60 ff 8b ea 8d 54 24 10
0x5b219042:   52 8b f8 e8 26 ca 00 00 83 c4 04 03 38 13 68 04
0x5b219052:   8b 86 f8 00 00 00 0b 86 fc 00 00 00 89 7c 24 20
0x5b219062:   89 6c 24 24 75 3e 39 84 24 d4 00 00 00 7f 35 7c 


Register to memory mapping:

EAX=
[error occurred during error reporting (printing register info), id 0xc0000005]

Stack: [0x04e20000,0x04e70000],  sp=0x04e6f734,  free space=317k
Native frames: (J=compiled Java code, j=interpreted, Vv=VM code, C=native code)
C  [berkelium.dll+0xa39052]

VM_Operation (0x063de4a0): Exit, mode: safepoint, requested by thread 0x05f53c00


---------------  P R O C E S S  ---------------

Java Threads: ( => current thread )
  0x062c2800 JavaThread "Image Fetcher 0" daemon [_thread_blocked, id=10152, stack(0x05b80000,0x05bd0000)]
  0x062c2000 JavaThread "Image Fetcher 3" daemon [_thread_blocked, id=60, stack(0x07fa0000,0x07ff0000)]
  0x062c3400 JavaThread "WeakCollectionCleaner" daemon [_thread_blocked, id=8092, stack(0x08190000,0x081e0000)]
  0x061dd800 JavaThread "TimerQueue" daemon [_thread_blocked, id=4180, stack(0x08070000,0x080c0000)]
  0x02d2e000 JavaThread "DestroyJavaVM" [_thread_blocked, id=9716, stack(0x01310000,0x01360000)]
  0x05f53c00 JavaThread "AWT-EventQueue-0" [_thread_blocked, id=9868, stack(0x06390000,0x063e0000)]
  0x05443000 JavaThread "AWT-Shutdown" [_thread_blocked, id=9252, stack(0x05a60000,0x05ab0000)]
  0x05442000 JavaThread "Java2D Disposer" daemon [_thread_blocked, id=6780, stack(0x05a10000,0x05a60000)]
  0x02c49000 JavaThread "Service Thread" daemon [_thread_blocked, id=7696, stack(0x05180000,0x051d0000)]
  0x02c44c00 JavaThread "C1 CompilerThread0" daemon [_thread_blocked, id=5432, stack(0x050f0000,0x05140000)]
  0x02c43000 JavaThread "Attach Listener" daemon [_thread_blocked, id=6064, stack(0x05060000,0x050b0000)]
  0x02c40c00 JavaThread "Signal Dispatcher" daemon [_thread_blocked, id=8548, stack(0x04fd0000,0x05020000)]
  0x02bd6000 JavaThread "Finalizer" daemon [_thread_blocked, id=7976, stack(0x04f40000,0x04f90000)]
  0x02bd1000 JavaThread "Reference Handler" daemon [_thread_blocked, id=4548, stack(0x04eb0000,0x04f00000)]

Other Threads:
=>0x02bcfc00 VMThread [stack: 0x04e20000,0x04e70000] [id=9804]

VM state:at safepoint (shutting down)

VM Mutex/Monitor currently owned by a thread:  ([mutex/lock_event])
[0x02d2c4d0] Threads_lock - owner thread: 0x02bcfc00

Heap
 def new generation   total 78656K, used 17205K [0x24000000, 0x29550000, 0x29550000)
  eden space 69952K,  24% used [0x24000000, 0x250cd4a0, 0x28450000)
  from space 8704K,   0% used [0x28cd0000, 0x28cd0000, 0x29550000)
  to   space 8704K,   0% used [0x28450000, 0x28450000, 0x28cd0000)
 tenured generation   total 174784K, used 151080K [0x29550000, 0x34000000, 0x34000000)
   the space 174784K,  86% used [0x29550000, 0x328da040, 0x328da200, 0x34000000)
 compacting perm gen  total 12288K, used 11222K [0x34000000, 0x34c00000, 0x38000000)
   the space 12288K,  91% used [0x34000000, 0x34af5948, 0x34af5a00, 0x34c00000)
    ro space 10240K,  42% used [0x38000000, 0x38434778, 0x38434800, 0x38a00000)
    rw space 12288K,  52% used [0x38a00000, 0x39049a68, 0x39049c00, 0x39600000)

Card table byte_map: [0x04d30000,0x04de0000] byte_map_base: 0x04c10000

Polling page: 0x01360000

Code Cache  [0x02d30000, 0x031e0000, 0x04d30000)
 total_blobs=2926 nmethods=2623 adapters=238 free_code_cache=27999Kb largest_free_block=28666752

Compilation events (10 events):
Event: 1906.573 Thread 0x02c44c00 2669             org.geotools.feature.simple.SimpleFeatureBuilder::add (20 bytes)
Event: 1906.573 Thread 0x02c44c00 nmethod 2669 0x031d7848 code [0x031d7940, 0x031d79ec]
Event: 1907.557 Thread 0x02c44c00 2670             java.util.TreeMap::colorOf (13 bytes)
Event: 1907.557 Thread 0x02c44c00 nmethod 2670 0x031d7a48 code [0x031d7b40, 0x031d7bd0]
Event: 4429.987 Thread 0x02c44c00 2671             java.lang.ThreadLocal$ThreadLocalMap::access$100 (7 bytes)
Event: 4429.987 Thread 0x02c44c00 nmethod 2671 0x031d7c48 code [0x031d7d40, 0x031d7dcc]
Event: 4431.098 Thread 0x02c44c00 2672             sun.java2d.SunGraphics2D::validateBasicStroke (332 bytes)
Event: 4431.099 Thread 0x02c44c00 nmethod 2672 0x031d7e48 code [0x031d8010, 0x031d847c]
Event: 4431.253 Thread 0x02c44c00 2673             sun.font.StrikeCache::doDispose (241 bytes)
Event: 4431.254 Thread 0x02c44c00 nmethod 2673 0x031d8948 code [0x031d8ae0, 0x031d90b0]

GC Heap History (10 events):
Event: 1894.880 GC heap before
{Heap before GC invocations=106 (full 26):
 def new generation   total 78656K, used 78438K [0x24000000, 0x29550000, 0x29550000)
  eden space 69952K,  99% used [0x24000000, 0x28419b90, 0x28450000)
  from space 8704K, 100% used [0x28450000, 0x28cd0000, 0x28cd0000)
  to   space 8704K,   0% used [0x28cd0000, 0x28cd0000, 0x29550000)
 tenured generation   total 174784K, used 160279K [0x29550000, 0x34000000, 0x34000000)
   the space 174784K,  91% used [0x29550000, 0x331d5ce0, 0x331d5e00, 0x34000000)
 compacting perm gen  total 12288K, used 11220K [0x34000000, 0x34c00000, 0x38000000)
   the space 12288K,  91% used [0x34000000, 0x34af53c0, 0x34af5400, 0x34c00000)
    ro space 10240K,  42% used [0x38000000, 0x38434778, 0x38434800, 0x38a00000)
    rw space 12288K,  52% used [0x38a00000, 0x39049a68, 0x39049c00, 0x39600000)
Event: 1894.989 GC heap after
Heap after GC invocations=107 (full 27):
 def new generation   total 78656K, used 0K [0x24000000, 0x29550000, 0x29550000)
  eden space 69952K,   0% used [0x24000000, 0x24000000, 0x28450000)
  from space 8704K,   0% used [0x28450000, 0x28450000, 0x28cd0000)
  to   space 8704K,   0% used [0x28cd0000, 0x28cd0000, 0x29550000)
 tenured generation   total 174784K, used 150793K [0x29550000, 0x34000000, 0x34000000)
   the space 174784K,  86% used [0x29550000, 0x32892608, 0x32892800, 0x34000000)
 compacting perm gen  total 12288K, used 11220K [0x34000000, 0x34c00000, 0x38000000)
   the space 12288K,  91% used [0x34000000, 0x34af53c0, 0x34af5400, 0x34c00000)
    ro space 10240K,  42% used [0x38000000, 0x38434778, 0x38434800, 0x38a00000)
    rw space 12288K,  52% used [0x38a00000, 0x39049a68, 0x39049c00, 0x39600000)
}
Event: 1896.896 GC heap before
{Heap before GC invocations=107 (full 27):
 def new generation   total 78656K, used 70523K [0x24000000, 0x29550000, 0x29550000)
  eden space 69952K,  99% used [0x24000000, 0x2841ebf0, 0x28450000)
  from space 8704K,   8% used [0x28450000, 0x28510030, 0x28cd0000)
  to   space 8704K,   0% used [0x28cd0000, 0x28cd0000, 0x29550000)
 tenured generation   total 174784K, used 150793K [0x29550000, 0x34000000, 0x34000000)
   the space 174784K,  86% used [0x29550000, 0x32892608, 0x32892800, 0x34000000)
 compacting perm gen  total 12288K, used 11221K [0x34000000, 0x34c00000, 0x38000000)
   the space 12288K,  91% used [0x34000000, 0x34af5660, 0x34af5800, 0x34c00000)
    ro space 10240K,  42% used [0x38000000, 0x38434778, 0x38434800, 0x38a00000)
    rw space 12288K,  52% used [0x38a00000, 0x39049a68, 0x39049c00, 0x39600000)
Event: 1896.905 GC heap after
Heap after GC invocations=108 (full 27):
 def new generation   total 78656K, used 8704K [0x24000000, 0x29550000, 0x29550000)
  eden space 69952K,   0% used [0x24000000, 0x24000000, 0x28450000)
  from space 8704K, 100% used [0x28cd0000, 0x29550000, 0x29550000)
  to   space 8704K,   0% used [0x28450000, 0x28450000, 0x28cd0000)
 tenured generation   total 174784K, used 162966K [0x29550000, 0x34000000, 0x34000000)
   the space 174784K,  93% used [0x29550000, 0x33475a88, 0x33475c00, 0x34000000)
 compacting perm gen  total 12288K, used 11221K [0x34000000, 0x34c00000, 0x38000000)
   the space 12288K,  91% used [0x34000000, 0x34af5660, 0x34af5800, 0x34c00000)
    ro space 10240K,  42% used [0x38000000, 0x38434778, 0x38434800, 0x38a00000)
    rw space 12288K,  52% used [0x38a00000, 0x39049a68, 0x39049c00, 0x39600000)
}
Event: 1897.875 GC heap before
{Heap before GC invocations=108 (full 27):
 def new generation   total 78656K, used 78656K [0x24000000, 0x29550000, 0x29550000)
  eden space 69952K, 100% used [0x24000000, 0x28450000, 0x28450000)
  from space 8704K, 100% used [0x28cd0000, 0x29550000, 0x29550000)
  to   space 8704K,   0% used [0x28450000, 0x28450000, 0x28cd0000)
 tenured generation   total 174784K, used 162966K [0x29550000, 0x34000000, 0x34000000)
   the space 174784K,  93% used [0x29550000, 0x33475a88, 0x33475c00, 0x34000000)
 compacting perm gen  total 12288K, used 11221K [0x34000000, 0x34c00000, 0x38000000)
   the space 12288K,  91% used [0x34000000, 0x34af5660, 0x34af5800, 0x34c00000)
    ro space 10240K,  42% used [0x38000000, 0x38434778, 0x38434800, 0x38a00000)
    rw space 12288K,  52% used [0x38a00000, 0x39049a68, 0x39049c00, 0x39600000)
Event: 1897.984 GC heap after
Heap after GC invocations=109 (full 28):
 def new generation   total 78656K, used 0K [0x24000000, 0x29550000, 0x29550000)
  eden space 69952K,   0% used [0x24000000, 0x24000000, 0x28450000)
  from space 8704K,   0% used [0x28cd0000, 0x28cd0000, 0x29550000)
  to   space 8704K,   0% used [0x28450000, 0x28450000, 0x28cd0000)
 tenured generation   total 174784K, used 140695K [0x29550000, 0x34000000, 0x34000000)
   the space 174784K,  80% used [0x29550000, 0x31eb5e68, 0x31eb6000, 0x34000000)
 compacting perm gen  total 12288K, used 11220K [0x34000000, 0x34c00000, 0x38000000)
   the space 12288K,  91% used [0x34000000, 0x34af5350, 0x34af5400, 0x34c00000)
    ro space 10240K,  42% used [0x38000000, 0x38434778, 0x38434800, 0x38a00000)
    rw space 12288K,  52% used [0x38a00000, 0x39049a68, 0x39049c00, 0x39600000)
}
Event: 1909.087 GC heap before
{Heap before GC invocations=109 (full 28):
 def new generation   total 78656K, used 69801K [0x24000000, 0x29550000, 0x29550000)
  eden space 69952K,  99% used [0x24000000, 0x2842a7f8, 0x28450000)
  from space 8704K,   0% used [0x28cd0000, 0x28cd0000, 0x29550000)
  to   space 8704K,   0% used [0x28450000, 0x28450000, 0x28cd0000)
 tenured generation   total 174784K, used 140695K [0x29550000, 0x34000000, 0x34000000)
   the space 174784K,  80% used [0x29550000, 0x31eb5e68, 0x31eb6000, 0x34000000)
 compacting perm gen  total 12288K, used 11220K [0x34000000, 0x34c00000, 0x38000000)
   the space 12288K,  91% used [0x34000000, 0x34af5350, 0x34af5400, 0x34c00000)
    ro space 10240K,  42% used [0x38000000, 0x38434778, 0x38434800, 0x38a00000)
    rw space 12288K,  52% used [0x38a00000, 0x39049a68, 0x39049c00, 0x39600000)
Event: 1909.096 GC heap after
Heap after GC invocations=110 (full 28):
 def new generation   total 78656K, used 8704K [0x24000000, 0x29550000, 0x29550000)
  eden space 69952K,   0% used [0x24000000, 0x24000000, 0x28450000)
  from space 8704K, 100% used [0x28450000, 0x28cd0000, 0x28cd0000)
  to   space 8704K,   0% used [0x28cd0000, 0x28cd0000, 0x29550000)
 tenured generation   total 174784K, used 155344K [0x29550000, 0x34000000, 0x34000000)
   the space 174784K,  88% used [0x29550000, 0x32d04198, 0x32d04200, 0x34000000)
 compacting perm gen  total 12288K, used 11220K [0x34000000, 0x34c00000, 0x38000000)
   the space 12288K,  91% used [0x34000000, 0x34af5350, 0x34af5400, 0x34c00000)
    ro space 10240K,  42% used [0x38000000, 0x38434778, 0x38434800, 0x38a00000)
    rw space 12288K,  52% used [0x38a00000, 0x39049a68, 0x39049c00, 0x39600000)
}
Event: 4431.124 GC heap before
{Heap before GC invocations=110 (full 28):
 def new generation   total 78656K, used 78598K [0x24000000, 0x29550000, 0x29550000)
  eden space 69952K,  99% used [0x24000000, 0x28441898, 0x28450000)
  from space 8704K, 100% used [0x28450000, 0x28cd0000, 0x28cd0000)
  to   space 8704K,   0% used [0x28cd0000, 0x28cd0000, 0x29550000)
 tenured generation   total 174784K, used 155344K [0x29550000, 0x34000000, 0x34000000)
   the space 174784K,  88% used [0x29550000, 0x32d04198, 0x32d04200, 0x34000000)
 compacting perm gen  total 12288K, used 11220K [0x34000000, 0x34c00000, 0x38000000)
   the space 12288K,  91% used [0x34000000, 0x34af5360, 0x34af5400, 0x34c00000)
    ro space 10240K,  42% used [0x38000000, 0x38434778, 0x38434800, 0x38a00000)
    rw space 12288K,  52% used [0x38a00000, 0x39049a68, 0x39049c00, 0x39600000)
Event: 4431.252 GC heap after
Heap after GC invocations=111 (full 29):
 def new generation   total 78656K, used 0K [0x24000000, 0x29550000, 0x29550000)
  eden space 69952K,   0% used [0x24000000, 0x24000000, 0x28450000)
  from space 8704K,   0% used [0x28cd0000, 0x28cd0000, 0x29550000)
  to   space 8704K,   0% used [0x28450000, 0x28450000, 0x28cd0000)
 tenured generation   total 174784K, used 151080K [0x29550000, 0x34000000, 0x34000000)
   the space 174784K,  86% used [0x29550000, 0x328da040, 0x328da200, 0x34000000)
 compacting perm gen  total 12288K, used 11220K [0x34000000, 0x34c00000, 0x38000000)
   the space 12288K,  91% used [0x34000000, 0x34af5360, 0x34af5400, 0x34c00000)
    ro space 10240K,  42% used [0x38000000, 0x38434778, 0x38434800, 0x38a00000)
    rw space 12288K,  52% used [0x38a00000, 0x39049a68, 0x39049c00, 0x39600000)
}

Deoptimization events (0 events):
No events

Internal exceptions (10 events):
Event: 1883.493 Thread 0x062c3800 Threw 0x25eda530 at C:\re\jdk7u60\1081\hotspot\src\share\vm\prims\jvm.cpp:2917
Event: 1883.854 Thread 0x062c3800 Threw 0x24001998 at C:\re\jdk7u60\1081\hotspot\src\share\vm\prims\jvm.cpp:2917
Event: 1892.495 Thread 0x062c2c00 Threw 0x24428be0 at C:\re\jdk7u60\1081\hotspot\src\share\vm\prims\jvm.cpp:2917
Event: 1893.955 Thread 0x062c2c00 Threw 0x2443ce50 at C:\re\jdk7u60\1081\hotspot\src\share\vm\prims\jvm.cpp:2917
Event: 1894.196 Thread 0x098b5000 Threw 0x2694e138 at C:\re\jdk7u60\1081\hotspot\src\share\vm\prims\jvm.cpp:2917
Event: 1899.794 Thread 0x062c3800 Threw 0x2578d6f0 at C:\re\jdk7u60\1081\hotspot\src\share\vm\prims\jvm.cpp:2917
Event: 1907.546 Thread 0x098b5000 Threw 0x27262920 at C:\re\jdk7u60\1081\hotspot\src\share\vm\prims\jvm.cpp:2917
Event: 1912.507 Thread 0x098b5000 Threw 0x2553c1f0 at C:\re\jdk7u60\1081\hotspot\src\share\vm\prims\jvm.cpp:2917
Event: 4431.270 Thread 0x062c2000 Threw 0x2443c520 at C:\re\jdk7u60\1081\hotspot\src\share\vm\prims\jvm.cpp:2917
Event: 4431.515 Thread 0x062c2000 Threw 0x2460df20 at C:\re\jdk7u60\1081\hotspot\src\share\vm\prims\jvm.cpp:2917

Events (10 events):
Event: 4434.720 Thread 0x062c2c00 Thread added: 0x062c2c00
Event: 4434.720 Thread 0x062c4c00 Thread added: 0x062c4c00
Event: 4434.721 Thread 0x062c4800 Thread exited: 0x062c4800
Event: 4434.721 loading class 0x39670c20
Event: 4434.721 loading class 0x39670c20 done
Event: 4434.721 Thread 0x062c1400 Thread exited: 0x062c1400
Event: 4434.722 Thread 0x062c4c00 Thread exited: 0x062c4c00
Event: 4434.731 Thread 0x05443800 Thread exited: 0x05443800
Event: 4434.822 Thread 0x062c2c00 Thread exited: 0x062c2c00
Event: 4434.822 Executing VM operation: Exit


Dynamic libraries:
0x00a70000 - 0x00a9f000 	C:\Program Files (x86)\Java\jre7\bin\javaw.exe
0x76fe0000 - 0x77137000 	C:\Windows\SYSTEM32\ntdll.dll
0x74690000 - 0x747c0000 	C:\Windows\SYSTEM32\KERNEL32.DLL
0x76a80000 - 0x76b27000 	C:\Windows\SYSTEM32\KERNELBASE.dll
0x747c0000 - 0x7486e000 	C:\Windows\SYSTEM32\ADVAPI32.dll
0x764f0000 - 0x76606000 	C:\Windows\SYSTEM32\USER32.dll
0x73130000 - 0x73328000 	C:\Windows\WinSxS\x86_microsoft.windows.common-controls_6595b64144ccf1df_6.0.9200.16579_none_8937eec6860750f5\COMCTL32.dll
0x76000000 - 0x760b1000 	C:\Windows\SYSTEM32\msvcrt.dll
0x74870000 - 0x748a4000 	C:\Windows\SYSTEM32\sechost.dll
0x760c0000 - 0x7616c000 	C:\Windows\SYSTEM32\RPCRT4.dll
0x748b0000 - 0x749ad000 	C:\Windows\SYSTEM32\GDI32.dll
0x745d0000 - 0x745ed000 	C:\Windows\SYSTEM32\SspiCli.dll
0x745c0000 - 0x745c9000 	C:\Windows\SYSTEM32\CRYPTBASE.dll
0x74560000 - 0x745b1000 	C:\Windows\SYSTEM32\bcryptPrimitives.dll
0x762e0000 - 0x76300000 	C:\Windows\system32\IMM32.DLL
0x76680000 - 0x7675e000 	C:\Windows\SYSTEM32\MSCTF.dll
0x639d0000 - 0x63a8f000 	C:\Program Files (x86)\Java\jre7\bin\msvcr100.dll
0x6f250000 - 0x6f5d8000 	C:\Program Files (x86)\Java\jre7\bin\client\jvm.dll
0x71c10000 - 0x71c18000 	C:\Windows\SYSTEM32\WSOCK32.dll
0x71fb0000 - 0x71fd1000 	C:\Windows\SYSTEM32\WINMM.dll
0x76300000 - 0x76306000 	C:\Windows\SYSTEM32\PSAPI.DLL
0x75f80000 - 0x75fd0000 	C:\Windows\SYSTEM32\WS2_32.dll
0x71c70000 - 0x71c9b000 	C:\Windows\SYSTEM32\WINMMBASE.dll
0x75ff0000 - 0x75ff8000 	C:\Windows\SYSTEM32\NSI.dll
0x76b30000 - 0x76b76000 	C:\Windows\SYSTEM32\cfgmgr32.dll
0x75f00000 - 0x75f1e000 	C:\Windows\SYSTEM32\DEVOBJ.dll
0x720a0000 - 0x720ac000 	C:\Program Files (x86)\Java\jre7\bin\verify.dll
0x71910000 - 0x71930000 	C:\Program Files (x86)\Java\jre7\bin\java.dll
0x718d0000 - 0x718e3000 	C:\Program Files (x86)\Java\jre7\bin\zip.dll
0x61ff0000 - 0x62133000 	C:\Program Files (x86)\Java\jre7\bin\awt.dll
0x76c00000 - 0x76c8b000 	C:\Windows\SYSTEM32\OLEAUT32.dll
0x76de0000 - 0x76f16000 	C:\Windows\SYSTEM32\combase.dll
0x72dd0000 - 0x72e77000 	C:\Windows\system32\apphelp.dll
0x71a40000 - 0x71a59000 	C:\Windows\system32\DWMAPI.DLL
0x726b0000 - 0x72738000 	C:\Windows\system32\uxtheme.dll
0x76760000 - 0x76879000 	C:\Windows\SYSTEM32\ole32.dll
0x74da0000 - 0x75e66000 	C:\Windows\SYSTEM32\SHELL32.dll
0x75f40000 - 0x75f80000 	C:\Windows\SYSTEM32\SHLWAPI.dll
0x73330000 - 0x733a3000 	C:\Windows\SYSTEM32\shcore.dll
0x61fb0000 - 0x61fe9000 	C:\Program Files (x86)\Java\jre7\bin\fontmanager.dll
0x718b0000 - 0x718c4000 	C:\Program Files (x86)\Java\jre7\bin\net.dll
0x72e80000 - 0x72eca000 	C:\Windows\system32\mswsock.dll
0x718a0000 - 0x718af000 	C:\Program Files (x86)\Java\jre7\bin\nio.dll
0x66380000 - 0x663b0000 	C:\Program Files (x86)\Java\jre7\bin\t2k.dll
0x76b80000 - 0x76bf4000 	C:\Windows\SYSTEM32\clbcatq.dll
0x6a8a0000 - 0x6a9eb000 	C:\Windows\SYSTEM32\WindowsCodecs.dll
0x76dc0000 - 0x76dd1000 	C:\Windows\SYSTEM32\profapi.dll
0x61f80000 - 0x61fa4000 	C:\Program Files (x86)\Java\jre7\bin\dcpr.dll
0x61f10000 - 0x61f7d000 	C:\binaries\terrajava.dll
0x61e20000 - 0x61f07000 	C:\binaries\terramanager-funcate.dll
0x61570000 - 0x61e16000 	C:\binaries\terralib.dll
0x64af0000 - 0x64b59000 	C:\Windows\SYSTEM32\MSVCP100.dll
0x6d880000 - 0x6db4c000 	C:\binaries\bgd.dll
0x66b60000 - 0x66b7b000 	C:\binaries\terraogc_xml.dll
0x64cd0000 - 0x64ced000 	C:\binaries\terraogc_sld.dll
0x61540000 - 0x61566000 	C:\binaries\terraogc_se.dll
0x61500000 - 0x61536000 	C:\binaries\terraogc_filter.dll
0x614a0000 - 0x614f2000 	C:\binaries\terraogc_ows.dll
0x639b0000 - 0x639c9000 	C:\binaries\terraogc_common.dll
0x710d0000 - 0x710db000 	C:\binaries\terralib_shp.dll
0x68080000 - 0x6808e000 	C:\binaries\terralib_spl.dll
0x06930000 - 0x06d26000 	C:\binaries\qt-mt338.dll
0x613d0000 - 0x6149e000 	C:\Windows\SYSTEM32\OPENGL32.dll
0x613a0000 - 0x613c3000 	C:\Windows\SYSTEM32\GLU32.dll
0x61320000 - 0x6139f000 	C:\binaries\qwt500.dll
0x5a7e0000 - 0x5c7df000 	C:\binaries\berkelium.dll
0x10000000 - 0x10141000 	C:\binaries\LIBMYSQL.dll
0x63100000 - 0x63121000 	C:\binaries\LIBPQ.dll
0x06d30000 - 0x06d91000 	C:\binaries\OCI.dll
0x61290000 - 0x6131a000 	C:\binaries\libtiff.dll
0x60ab0000 - 0x61282000 	C:\binaries\gdal110.dll
0x12000000 - 0x121dc000 	C:\binaries\xerces-c_3_1.dll
0x60a50000 - 0x60aa5000 	C:\binaries\terraogc_wms.dll
0x609f0000 - 0x60a43000 	C:\binaries\terraogc_gml.dll
0x609a0000 - 0x609e1000 	C:\binaries\terraogc_xsd.dll
0x60980000 - 0x609a0000 	C:\binaries\terraogc_xacml.dll
0x71f30000 - 0x71f90000 	C:\Windows\SYSTEM32\WINSPOOL.DRV
0x7c340000 - 0x7c396000 	C:\Windows\SYSTEM32\MSVCR71.dll
0x608a0000 - 0x60979000 	C:\Windows\SYSTEM32\DDRAW.dll
0x727a0000 - 0x727a9000 	C:\Windows\SYSTEM32\Secur32.dll
0x75f20000 - 0x75f3b000 	C:\Windows\SYSTEM32\USERENV.dll
0x71520000 - 0x71570000 	C:\Windows\SYSTEM32\OLEACC.dll
0x60820000 - 0x60896000 	C:\Windows\SYSTEM32\RICHED20.dll
0x72ee0000 - 0x72ee8000 	C:\Windows\SYSTEM32\VERSION.dll
0x720b0000 - 0x720c4000 	C:\Windows\SYSTEM32\USP10.dll
0x72c50000 - 0x72cc5000 	C:\Windows\SYSTEM32\DNSAPI.dll
0x06e40000 - 0x06eea000 	C:\Windows\libeay32.dll
0x06ef0000 - 0x06efd000 	C:\binaries\libintl-2.dll
0x72ed0000 - 0x72ed6000 	C:\Windows\SYSTEM32\SHFOLDER.DLL
0x06f00000 - 0x06f26000 	C:\Windows\ssleay32.dll
0x06f30000 - 0x06f56000 	C:\binaries\libexpat.dll
0x60770000 - 0x60811000 	C:\Windows\SYSTEM32\ODBC32.dll
0x60760000 - 0x60767000 	C:\Windows\SYSTEM32\DCIMAN32.dll
0x663b0000 - 0x663db000 	C:\Windows\SYSTEM32\msls31.dll
0x06fb0000 - 0x0708b000 	C:\binaries\libiconv-2.dll
0x6f600000 - 0x6f61d000 	C:\Windows\SYSTEM32\gpapi.dll
0x74530000 - 0x74556000 	C:\Windows\SYSTEM32\ntmarta.dll
0x5feb0000 - 0x60758000 	C:\binaries\icudt46.dll
0x666f0000 - 0x66819000 	C:\Windows\SYSTEM32\dbghelp.dll
0x72040000 - 0x72050000 	C:\Windows\system32\napinsp.dll
0x72020000 - 0x72034000 	C:\Windows\system32\pnrpnsp.dll
0x72010000 - 0x72020000 	C:\Windows\system32\NLAapi.dll
0x72000000 - 0x72009000 	C:\Windows\System32\winrnr.dll
0x71ac0000 - 0x71ad0000 	C:\Windows\system32\wshbth.dll
0x726a0000 - 0x726a7000 	C:\Windows\System32\rasadhlp.dll
0x71c30000 - 0x71c6f000 	C:\Windows\System32\fwpuclnt.dll
0x72cd0000 - 0x72cf0000 	C:\Windows\SYSTEM32\IPHLPAPI.DLL
0x72c40000 - 0x72c48000 	C:\Windows\SYSTEM32\WINNSI.DLL
0x730d0000 - 0x730ea000 	C:\Windows\SYSTEM32\CRYPTSP.dll
0x73090000 - 0x730ce000 	C:\Windows\system32\rsaenh.dll
0x72c30000 - 0x72c40000 	C:\Windows\SYSTEM32\dhcpcsvc6.DLL
0x72c10000 - 0x72c22000 	C:\Windows\SYSTEM32\dhcpcsvc.DLL
0x5fe80000 - 0x5fea5000 	C:\Program Files (x86)\Java\jre7\bin\jpeg.dll
0x71ea0000 - 0x71f22000 	C:\Windows\SYSTEM32\WINHTTP.dll
0x76310000 - 0x76492000 	C:\Windows\SYSTEM32\CRYPT32.dll
0x75fd0000 - 0x75fe2000 	C:\Windows\SYSTEM32\MSASN1.dll
0x73070000 - 0x73089000 	C:\Windows\SYSTEM32\ncrypt.dll
0x73050000 - 0x7306a000 	C:\Windows\SYSTEM32\bcrypt.dll
0x73020000 - 0x73047000 	C:\Windows\SYSTEM32\NTASN1.dll
0x6f5e0000 - 0x6f5fd000 	C:\Windows\SYSTEM32\cryptnet.dll
0x76620000 - 0x76676000 	C:\Windows\SYSTEM32\WLDAP32.dll
0x749b0000 - 0x74b5f000 	C:\Windows\SYSTEM32\SETUPAPI.dll
0x72f00000 - 0x73019000 	C:\Windows\system32\propsys.dll

VM Arguments:
jvm_args: -Dfile.encoding=ISO-8859-1 
java_command: com.nexusbr.gv.main.ConnectDBMain
Launcher Type: SUN_STANDARD

Environment Variables:
JAVA_HOME=C:\Program Files (x86)\Java\jre7
PATH=C:/Program Files (x86)/Java/jre7/bin/client;C:/Program Files (x86)/Java/jre7/bin;C:/Program Files (x86)/Java/jre7/lib/i386;C:\Program Files (x86)\PHP\;c:\Program Files (x86)\Intel\iCLS Client\;c:\Program Files\Intel\iCLS Client\;C:\Windows\system32;C:\Windows;C:\Windows\System32\Wbem;C:\Windows\System32\WindowsPowerShell\v1.0\;C:\Program Files\Intel\Intel(R) Management Engine Components\DAL;C:\Program Files\Intel\Intel(R) Management Engine Components\IPT;C:\Program Files (x86)\Intel\Intel(R) Management Engine Components\DAL;C:\Program Files (x86)\Intel\Intel(R) Management Engine Components\IPT;C:\Program Files (x86)\Intel\OpenCL SDK\3.0\bin\x86;C:\Program Files (x86)\Intel\OpenCL SDK\3.0\bin\x64;C:\Program Files (x86)\Windows Live\Shared;C:\binaries;c:\Program Files (x86)\Microsoft SQL Server\100\Tools\Binn\;c:\Program Files\Microsoft SQL Server\100\Tools\Binn\;c:\Program Files\Microsoft SQL Server\100\DTS\Binn\;C:\strawberry\c\bin;C:\strawberry\perl\site\bin;C:\strawberry\perl\bin;C:\Program Files (x86)\Microsoft SQL Server\110\Tools\Binn\ManagementStudio\;C:\Program Files (x86)\Microsoft SQL Server\110\Tools\Binn\;C:\Program Files\Microsoft SQL Server\110\Tools\Binn\;C:\Program Files (x86)\Microsoft SQL Server\110\DTS\Binn\;C:\Program Files\TortoiseSVN\bin;C:\Python34;C:\Program Files (x86)\Java\jre7\bin;C:\eclipse;
USERNAME=inacio
OS=Windows_NT
PROCESSOR_IDENTIFIER=Intel64 Family 6 Model 69 Stepping 1, GenuineIntel



---------------  S Y S T E M  ---------------

OS: Windows 8 , 64 bit Build 9200 

CPU:total 4 (2 cores per cpu, 2 threads per core) family 6 model 69 stepping 1, cmov, cx8, fxsr, mmx, sse, sse2, sse3, ssse3, sse4.1, sse4.2, popcnt, avx, avx2, aes, erms, ht, tsc, tscinvbit

Memory: 4k page, physical 8290700k(4491400k free), swap 9535884k(5508540k free)

vm_info: Java HotSpot(TM) Client VM (24.60-b09) for windows-x86 JRE (1.7.0_60-b19), built on May  7 2014 13:09:52 by "java_re" with unknown MS VC++:1600

time: Wed Jul 02 10:04:42 2014
elapsed time: 4434 seconds

