#
# A fatal error has been detected by the Java Runtime Environment:
#
#  EXCEPTION_ACCESS_VIOLATION (0xc0000005) at pc=0x0fb69052, pid=4764, tid=8984
#
# JRE version: Java(TM) SE Runtime Environment (7.0_60-b19) (build 1.7.0_60-b19)
# Java VM: Java HotSpot(TM) Client VM (24.60-b09 mixed mode, sharing windows-x86 )
# Problematic frame:
# C  [berkelium.dll+0xa39052]
#
# Failed to write core dump. Minidumps are not enabled by default on client versions of Windows
#
# If you would like to submit a bug report, please visit:
#   http://bugreport.sun.com/bugreport/crash.jsp
#

---------------  T H R E A D  ---------------

Current thread (0x02befc00):  VMThread [stack: 0x04e40000,0x04e90000] [id=8984]

siginfo: ExceptionCode=0xc0000005, reading address 0x000000f8

Registers:
EAX=0x04e8f5d4, EBX=0x000493e0, ECX=0x04e8f5d4, EDX=0x134fde58
ESP=0x04e8f5c4, EBP=0x00000075, ESI=0x00000000, EDI=0x25318158
EIP=0x0fb69052, EFLAGS=0x00010202

Top of Stack: (sp=0x04e8f5c4)
0x04e8f5c4:   07851168 07851168 077aab00 00000000
0x04e8f5d4:   134fde58 00000075 07843a20 0784c900
0x04e8f5e4:   00000000 00000000 00000000 74616401
0x04e8f5f4:   69642d61 07a60072 00000023 0000002f
0x04e8f604:   00000000 077d7070 002e5be1 07851000
0x04e8f614:   077aab44 ffffff00 0f19bf20 10cb9778
0x04e8f624:   07320030 00000000 0000000f 10cba730
0x04e8f634:   00000001 0f199783 00000008 00000001 

Instructions: (pc=0x0fb69052)
0x0fb69032:   03 00 00 57 53 e8 f4 c8 60 ff 8b ea 8d 54 24 10
0x0fb69042:   52 8b f8 e8 26 ca 00 00 83 c4 04 03 38 13 68 04
0x0fb69052:   8b 86 f8 00 00 00 0b 86 fc 00 00 00 89 7c 24 20
0x0fb69062:   89 6c 24 24 75 3e 39 84 24 d4 00 00 00 7f 35 7c 


Register to memory mapping:

EAX=
[error occurred during error reporting (printing register info), id 0xc0000005]

Stack: [0x04e40000,0x04e90000],  sp=0x04e8f5c4,  free space=317k
Native frames: (J=compiled Java code, j=interpreted, Vv=VM code, C=native code)
C  [berkelium.dll+0xa39052]

VM_Operation (0x0642e8a0): Exit, mode: safepoint, requested by thread 0x05fa8c00


---------------  P R O C E S S  ---------------

Java Threads: ( => current thread )
  0x062f6400 JavaThread "Image Fetcher 1" daemon [_thread_blocked, id=6460, stack(0x0a3c0000,0x0a410000)]
  0x062f5000 JavaThread "WeakCollectionCleaner" daemon [_thread_blocked, id=8124, stack(0x09aa0000,0x09af0000)]
  0x062bc800 JavaThread "TimerQueue" daemon [_thread_blocked, id=2972, stack(0x08200000,0x08250000)]
  0x02bce000 JavaThread "DestroyJavaVM" [_thread_blocked, id=8152, stack(0x02a80000,0x02ad0000)]
  0x05fa8c00 JavaThread "AWT-EventQueue-0" [_thread_blocked, id=9120, stack(0x063e0000,0x06430000)]
  0x0545a000 JavaThread "AWT-Shutdown" [_thread_blocked, id=9948, stack(0x05ab0000,0x05b00000)]
  0x05458c00 JavaThread "Java2D Disposer" daemon [_thread_blocked, id=8144, stack(0x05a20000,0x05a70000)]
  0x02c6b000 JavaThread "Service Thread" daemon [_thread_blocked, id=8084, stack(0x051a0000,0x051f0000)]
  0x02c64800 JavaThread "C1 CompilerThread0" daemon [_thread_blocked, id=7512, stack(0x05110000,0x05160000)]
  0x02c62c00 JavaThread "Attach Listener" daemon [_thread_blocked, id=6836, stack(0x05080000,0x050d0000)]
  0x02c61c00 JavaThread "Signal Dispatcher" daemon [_thread_blocked, id=4668, stack(0x04ff0000,0x05040000)]
  0x02bf2800 JavaThread "Finalizer" daemon [_thread_blocked, id=9308, stack(0x04f60000,0x04fb0000)]
  0x02bf1000 JavaThread "Reference Handler" daemon [_thread_blocked, id=8460, stack(0x04ed0000,0x04f20000)]

Other Threads:
=>0x02befc00 VMThread [stack: 0x04e40000,0x04e90000] [id=8984]

VM state:at safepoint (shutting down)

VM Mutex/Monitor currently owned by a thread:  ([mutex/lock_event])
[0x02bcc608] Threads_lock - owner thread: 0x02befc00

Heap
 def new generation   total 25472K, used 3964K [0x24000000, 0x25ba0000, 0x29550000)
  eden space 22656K,  17% used [0x24000000, 0x243df0f8, 0x25620000)
  from space 2816K,   0% used [0x25620000, 0x25620000, 0x258e0000)
  to   space 2816K,   0% used [0x258e0000, 0x258e0000, 0x25ba0000)
 tenured generation   total 56428K, used 33856K [0x29550000, 0x2cc6b000, 0x34000000)
   the space 56428K,  59% used [0x29550000, 0x2b660258, 0x2b660400, 0x2cc6b000)
 compacting perm gen  total 12288K, used 10598K [0x34000000, 0x34c00000, 0x38000000)
   the space 12288K,  86% used [0x34000000, 0x34a59b30, 0x34a59c00, 0x34c00000)
    ro space 10240K,  42% used [0x38000000, 0x38434778, 0x38434800, 0x38a00000)
    rw space 12288K,  52% used [0x38a00000, 0x39049a68, 0x39049c00, 0x39600000)

Card table byte_map: [0x04cd0000,0x04d80000] byte_map_base: 0x04bb0000

Polling page: 0x02ad0000

Code Cache  [0x02cd0000, 0x02f50000, 0x04cd0000)
 total_blobs=1495 nmethods=1199 adapters=232 free_code_cache=30226Kb largest_free_block=30949760

Compilation events (10 events):
Event: 21.167 Thread 0x02c64800 1211   !         java.awt.Container::increaseComponentCount (124 bytes)
Event: 21.168 Thread 0x02c64800 nmethod 1211 0x02f4acc8 code [0x02f4ae10, 0x02f4b1f8]
Event: 21.361 Thread 0x02c64800 1212             java.awt.EventQueue$3::<init> (20 bytes)
Event: 21.361 Thread 0x02c64800 nmethod 1212 0x02f4b5c8 code [0x02f4b6c0, 0x02f4b770]
Event: 21.361 Thread 0x02c64800 1213             java.awt.EventQueue$3::run (5 bytes)
Event: 21.361 Thread 0x02c64800 nmethod 1213 0x02f4b7c8 code [0x02f4b8d0, 0x02f4b97c]
Event: 21.361 Thread 0x02c64800 1214             java.awt.EventQueue$3::run (17 bytes)
Event: 21.362 Thread 0x02c64800 nmethod 1214 0x02f4ba48 code [0x02f4bb50, 0x02f4bbfc]
Event: 21.417 Thread 0x02c64800 1215             java.awt.EventDispatchThread$1::evaluate (2 bytes)
Event: 21.417 Thread 0x02c64800 nmethod 1215 0x02f4bcc8 code [0x02f4bdc0, 0x02f4be40]

GC Heap History (10 events):
Event: 6.342 GC heap before
{Heap before GC invocations=15 (full 3):
 def new generation   total 11712K, used 11712K [0x24000000, 0x24cb0000, 0x29550000)
  eden space 10432K, 100% used [0x24000000, 0x24a30000, 0x24a30000)
  from space 1280K, 100% used [0x24b70000, 0x24cb0000, 0x24cb0000)
  to   space 1280K,   0% used [0x24a30000, 0x24a30000, 0x24b70000)
 tenured generation   total 25824K, used 19368K [0x29550000, 0x2ae88000, 0x34000000)
   the space 25824K,  75% used [0x29550000, 0x2a83a1d8, 0x2a83a200, 0x2ae88000)
 compacting perm gen  total 12288K, used 9239K [0x34000000, 0x34c00000, 0x38000000)
   the space 12288K,  75% used [0x34000000, 0x34905eb8, 0x34906000, 0x34c00000)
    ro space 10240K,  42% used [0x38000000, 0x38434778, 0x38434800, 0x38a00000)
    rw space 12288K,  52% used [0x38a00000, 0x39049a68, 0x39049c00, 0x39600000)
Event: 6.425 GC heap after
Heap after GC invocations=16 (full 4):
 def new generation   total 20160K, used 0K [0x24000000, 0x255e0000, 0x29550000)
  eden space 17920K,   0% used [0x24000000, 0x24000000, 0x25180000)
  from space 2240K,   0% used [0x25180000, 0x25180000, 0x253b0000)
  to   space 2240K,   0% used [0x253b0000, 0x253b0000, 0x255e0000)
 tenured generation   total 44704K, used 26820K [0x29550000, 0x2c0f8000, 0x34000000)
   the space 44704K,  59% used [0x29550000, 0x2af81288, 0x2af81400, 0x2c0f8000)
 compacting perm gen  total 12288K, used 9233K [0x34000000, 0x34c00000, 0x38000000)
   the space 12288K,  75% used [0x34000000, 0x349044f0, 0x34904600, 0x34c00000)
    ro space 10240K,  42% used [0x38000000, 0x38434778, 0x38434800, 0x38a00000)
    rw space 12288K,  52% used [0x38a00000, 0x39049a68, 0x39049c00, 0x39600000)
}
Event: 6.738 GC heap before
{Heap before GC invocations=16 (full 4):
 def new generation   total 20160K, used 17920K [0x24000000, 0x255e0000, 0x29550000)
  eden space 17920K, 100% used [0x24000000, 0x25180000, 0x25180000)
  from space 2240K,   0% used [0x25180000, 0x25180000, 0x253b0000)
  to   space 2240K,   0% used [0x253b0000, 0x253b0000, 0x255e0000)
 tenured generation   total 44704K, used 26820K [0x29550000, 0x2c0f8000, 0x34000000)
   the space 44704K,  59% used [0x29550000, 0x2af81288, 0x2af81400, 0x2c0f8000)
 compacting perm gen  total 12288K, used 9293K [0x34000000, 0x34c00000, 0x38000000)
   the space 12288K,  75% used [0x34000000, 0x349136e8, 0x34913800, 0x34c00000)
    ro space 10240K,  42% used [0x38000000, 0x38434778, 0x38434800, 0x38a00000)
    rw space 12288K,  52% used [0x38a00000, 0x39049a68, 0x39049c00, 0x39600000)
Event: 6.748 GC heap after
Heap after GC invocations=17 (full 4):
 def new generation   total 20160K, used 2240K [0x24000000, 0x255e0000, 0x29550000)
  eden space 17920K,   0% used [0x24000000, 0x24000000, 0x25180000)
  from space 2240K, 100% used [0x253b0000, 0x255e0000, 0x255e0000)
  to   space 2240K,   0% used [0x25180000, 0x25180000, 0x253b0000)
 tenured generation   total 44704K, used 30743K [0x29550000, 0x2c0f8000, 0x34000000)
   the space 44704K,  68% used [0x29550000, 0x2b355fc0, 0x2b356000, 0x2c0f8000)
 compacting perm gen  total 12288K, used 9293K [0x34000000, 0x34c00000, 0x38000000)
   the space 12288K,  75% used [0x34000000, 0x349136e8, 0x34913800, 0x34c00000)
    ro space 10240K,  42% used [0x38000000, 0x38434778, 0x38434800, 0x38a00000)
    rw space 12288K,  52% used [0x38a00000, 0x39049a68, 0x39049c00, 0x39600000)
}
Event: 9.012 GC heap before
{Heap before GC invocations=17 (full 4):
 def new generation   total 20160K, used 20160K [0x24000000, 0x255e0000, 0x29550000)
  eden space 17920K, 100% used [0x24000000, 0x25180000, 0x25180000)
  from space 2240K, 100% used [0x253b0000, 0x255e0000, 0x255e0000)
  to   space 2240K,   0% used [0x25180000, 0x25180000, 0x253b0000)
 tenured generation   total 44704K, used 30743K [0x29550000, 0x2c0f8000, 0x34000000)
   the space 44704K,  68% used [0x29550000, 0x2b355fc0, 0x2b356000, 0x2c0f8000)
 compacting perm gen  total 12288K, used 9316K [0x34000000, 0x34c00000, 0x38000000)
   the space 12288K,  75% used [0x34000000, 0x34919200, 0x34919200, 0x34c00000)
    ro space 10240K,  42% used [0x38000000, 0x38434778, 0x38434800, 0x38a00000)
    rw space 12288K,  52% used [0x38a00000, 0x39049a68, 0x39049c00, 0x39600000)
Event: 9.021 GC heap after
Heap after GC invocations=18 (full 4):
 def new generation   total 20160K, used 2240K [0x24000000, 0x255e0000, 0x29550000)
  eden space 17920K,   0% used [0x24000000, 0x24000000, 0x25180000)
  from space 2240K, 100% used [0x25180000, 0x253b0000, 0x253b0000)
  to   space 2240K,   0% used [0x253b0000, 0x253b0000, 0x255e0000)
 tenured generation   total 44704K, used 37103K [0x29550000, 0x2c0f8000, 0x34000000)
   the space 44704K,  82% used [0x29550000, 0x2b98bfc8, 0x2b98c000, 0x2c0f8000)
 compacting perm gen  total 12288K, used 9316K [0x34000000, 0x34c00000, 0x38000000)
   the space 12288K,  75% used [0x34000000, 0x34919200, 0x34919200, 0x34c00000)
    ro space 10240K,  42% used [0x38000000, 0x38434778, 0x38434800, 0x38a00000)
    rw space 12288K,  52% used [0x38a00000, 0x39049a68, 0x39049c00, 0x39600000)
}
Event: 10.075 GC heap before
{Heap before GC invocations=18 (full 4):
 def new generation   total 20160K, used 20160K [0x24000000, 0x255e0000, 0x29550000)
  eden space 17920K, 100% used [0x24000000, 0x25180000, 0x25180000)
  from space 2240K, 100% used [0x25180000, 0x253b0000, 0x253b0000)
  to   space 2240K,   0% used [0x253b0000, 0x253b0000, 0x255e0000)
 tenured generation   total 44704K, used 37106K [0x29550000, 0x2c0f8000, 0x34000000)
   the space 44704K,  83% used [0x29550000, 0x2b98c8f8, 0x2b98ca00, 0x2c0f8000)
 compacting perm gen  total 12288K, used 10580K [0x34000000, 0x34c00000, 0x38000000)
   the space 12288K,  86% used [0x34000000, 0x34a55388, 0x34a55400, 0x34c00000)
    ro space 10240K,  42% used [0x38000000, 0x38434778, 0x38434800, 0x38a00000)
    rw space 12288K,  52% used [0x38a00000, 0x39049a68, 0x39049c00, 0x39600000)
Event: 10.084 GC heap after
Heap after GC invocations=19 (full 4):
 def new generation   total 20160K, used 2240K [0x24000000, 0x255e0000, 0x29550000)
  eden space 17920K,   0% used [0x24000000, 0x24000000, 0x25180000)
  from space 2240K, 100% used [0x253b0000, 0x255e0000, 0x255e0000)
  to   space 2240K,   0% used [0x25180000, 0x25180000, 0x253b0000)
 tenured generation   total 44704K, used 42371K [0x29550000, 0x2c0f8000, 0x34000000)
   the space 44704K,  94% used [0x29550000, 0x2beb0fb8, 0x2beb1000, 0x2c0f8000)
 compacting perm gen  total 12288K, used 10580K [0x34000000, 0x34c00000, 0x38000000)
   the space 12288K,  86% used [0x34000000, 0x34a55388, 0x34a55400, 0x34c00000)
    ro space 10240K,  42% used [0x38000000, 0x38434778, 0x38434800, 0x38a00000)
    rw space 12288K,  52% used [0x38a00000, 0x39049a68, 0x39049c00, 0x39600000)
}
Event: 14.194 GC heap before
{Heap before GC invocations=19 (full 4):
 def new generation   total 20160K, used 20160K [0x24000000, 0x255e0000, 0x29550000)
  eden space 17920K, 100% used [0x24000000, 0x25180000, 0x25180000)
  from space 2240K, 100% used [0x253b0000, 0x255e0000, 0x255e0000)
  to   space 2240K,   0% used [0x25180000, 0x25180000, 0x253b0000)
 tenured generation   total 44704K, used 42371K [0x29550000, 0x2c0f8000, 0x34000000)
   the space 44704K,  94% used [0x29550000, 0x2beb0fb8, 0x2beb1000, 0x2c0f8000)
 compacting perm gen  total 12288K, used 10583K [0x34000000, 0x34c00000, 0x38000000)
   the space 12288K,  86% used [0x34000000, 0x34a55c18, 0x34a55e00, 0x34c00000)
    ro space 10240K,  42% used [0x38000000, 0x38434778, 0x38434800, 0x38a00000)
    rw space 12288K,  52% used [0x38a00000, 0x39049a68, 0x39049c00, 0x39600000)
Event: 14.283 GC heap after
Heap after GC invocations=20 (full 5):
 def new generation   total 25472K, used 0K [0x24000000, 0x25ba0000, 0x29550000)
  eden space 22656K,   0% used [0x24000000, 0x24000000, 0x25620000)
  from space 2816K,   0% used [0x25620000, 0x25620000, 0x258e0000)
  to   space 2816K,   0% used [0x258e0000, 0x258e0000, 0x25ba0000)
 tenured generation   total 56428K, used 33856K [0x29550000, 0x2cc6b000, 0x34000000)
   the space 56428K,  59% used [0x29550000, 0x2b660258, 0x2b660400, 0x2cc6b000)
 compacting perm gen  total 12288K, used 10583K [0x34000000, 0x34c00000, 0x38000000)
   the space 12288K,  86% used [0x34000000, 0x34a55c18, 0x34a55e00, 0x34c00000)
    ro space 10240K,  42% used [0x38000000, 0x38434778, 0x38434800, 0x38a00000)
    rw space 12288K,  52% used [0x38a00000, 0x39049a68, 0x39049c00, 0x39600000)
}

Deoptimization events (0 events):
No events

Internal exceptions (10 events):
Event: 9.453 Thread 0x096b1c00 Threw 0x24d5fb90 at C:\re\jdk7u60\1081\hotspot\src\share\vm\prims\jvm.cpp:1244
Event: 9.453 Thread 0x096b1c00 Threw 0x24d61ec0 at C:\re\jdk7u60\1081\hotspot\src\share\vm\prims\jvm.cpp:1244
Event: 9.453 Thread 0x096b1c00 Threw 0x24d65938 at C:\re\jdk7u60\1081\hotspot\src\share\vm\prims\jvm.cpp:1244
Event: 9.454 Thread 0x096b1c00 Threw 0x24d6ad98 at C:\re\jdk7u60\1081\hotspot\src\share\vm\prims\jvm.cpp:1244
Event: 9.455 Thread 0x096b1c00 Threw 0x24d6fe90 at C:\re\jdk7u60\1081\hotspot\src\share\vm\prims\jvm.cpp:1244
Event: 9.456 Thread 0x096b1c00 Threw 0x24d7c0c0 at C:\re\jdk7u60\1081\hotspot\src\share\vm\prims\jvm.cpp:1244
Event: 10.460 Thread 0x062f6400 Threw 0x242d4ab0 at C:\re\jdk7u60\1081\hotspot\src\share\vm\prims\jvm.cpp:2917
Event: 12.161 Thread 0x05fa8c00 Threw 0x243dbd88 at C:\re\jdk7u60\1081\hotspot\src\share\vm\prims\jvm.cpp:1244
Event: 13.169 Thread 0x09329400 Threw 0x24370820 at C:\re\jdk7u60\1081\hotspot\src\share\vm\prims\jvm.cpp:2917
Event: 14.603 Thread 0x0539a400 Threw 0x240085d0 at C:\re\jdk7u60\1081\hotspot\src\share\vm\prims\jvm.cpp:2917

Events (10 events):
Event: 21.826 Thread 0x062f5c00 Thread exited: 0x062f5c00
Event: 21.826 loading class 0x39670c20
Event: 21.826 loading class 0x39670bc8
Event: 21.826 Thread 0x062f7c00 Thread exited: 0x062f7c00
Event: 21.826 loading class 0x39670bc8 done
Event: 21.826 loading class 0x39670c20 done
Event: 21.826 Thread 0x062f8400 Thread exited: 0x062f8400
Event: 21.835 Thread 0x0545ac00 Thread exited: 0x0545ac00
Event: 21.926 Thread 0x062f7800 Thread exited: 0x062f7800
Event: 21.927 Executing VM operation: Exit


Dynamic libraries:
0x00a70000 - 0x00a9f000 	C:\Program Files (x86)\Java\jre7\bin\javaw.exe
0x76fe0000 - 0x77137000 	C:\Windows\SYSTEM32\ntdll.dll
0x74690000 - 0x747c0000 	C:\Windows\SYSTEM32\KERNEL32.DLL
0x76a80000 - 0x76b27000 	C:\Windows\SYSTEM32\KERNELBASE.dll
0x747c0000 - 0x7486e000 	C:\Windows\SYSTEM32\ADVAPI32.dll
0x764f0000 - 0x76606000 	C:\Windows\SYSTEM32\USER32.dll
0x73130000 - 0x73328000 	C:\Windows\WinSxS\x86_microsoft.windows.common-controls_6595b64144ccf1df_6.0.9200.16579_none_8937eec6860750f5\COMCTL32.dll
0x76000000 - 0x760b1000 	C:\Windows\SYSTEM32\msvcrt.dll
0x74870000 - 0x748a4000 	C:\Windows\SYSTEM32\sechost.dll
0x760c0000 - 0x7616c000 	C:\Windows\SYSTEM32\RPCRT4.dll
0x748b0000 - 0x749ad000 	C:\Windows\SYSTEM32\GDI32.dll
0x745d0000 - 0x745ed000 	C:\Windows\SYSTEM32\SspiCli.dll
0x745c0000 - 0x745c9000 	C:\Windows\SYSTEM32\CRYPTBASE.dll
0x74560000 - 0x745b1000 	C:\Windows\SYSTEM32\bcryptPrimitives.dll
0x762e0000 - 0x76300000 	C:\Windows\system32\IMM32.DLL
0x76680000 - 0x7675e000 	C:\Windows\SYSTEM32\MSCTF.dll
0x667a0000 - 0x6685f000 	C:\Program Files (x86)\Java\jre7\bin\msvcr100.dll
0x6f250000 - 0x6f5d8000 	C:\Program Files (x86)\Java\jre7\bin\client\jvm.dll
0x71c10000 - 0x71c18000 	C:\Windows\SYSTEM32\WSOCK32.dll
0x71fb0000 - 0x71fd1000 	C:\Windows\SYSTEM32\WINMM.dll
0x76300000 - 0x76306000 	C:\Windows\SYSTEM32\PSAPI.DLL
0x75f80000 - 0x75fd0000 	C:\Windows\SYSTEM32\WS2_32.dll
0x71c70000 - 0x71c9b000 	C:\Windows\SYSTEM32\WINMMBASE.dll
0x75ff0000 - 0x75ff8000 	C:\Windows\SYSTEM32\NSI.dll
0x76b30000 - 0x76b76000 	C:\Windows\SYSTEM32\cfgmgr32.dll
0x75f00000 - 0x75f1e000 	C:\Windows\SYSTEM32\DEVOBJ.dll
0x720a0000 - 0x720ac000 	C:\Program Files (x86)\Java\jre7\bin\verify.dll
0x71910000 - 0x71930000 	C:\Program Files (x86)\Java\jre7\bin\java.dll
0x718d0000 - 0x718e3000 	C:\Program Files (x86)\Java\jre7\bin\zip.dll
0x5e360000 - 0x5e4a3000 	C:\Program Files (x86)\Java\jre7\bin\awt.dll
0x76c00000 - 0x76c8b000 	C:\Windows\SYSTEM32\OLEAUT32.dll
0x76de0000 - 0x76f16000 	C:\Windows\SYSTEM32\combase.dll
0x72dd0000 - 0x72e77000 	C:\Windows\system32\apphelp.dll
0x71a40000 - 0x71a59000 	C:\Windows\system32\DWMAPI.DLL
0x726b0000 - 0x72738000 	C:\Windows\system32\uxtheme.dll
0x76760000 - 0x76879000 	C:\Windows\SYSTEM32\ole32.dll
0x74da0000 - 0x75e66000 	C:\Windows\SYSTEM32\SHELL32.dll
0x75f40000 - 0x75f80000 	C:\Windows\SYSTEM32\SHLWAPI.dll
0x73330000 - 0x733a3000 	C:\Windows\SYSTEM32\shcore.dll
0x5f9a0000 - 0x5f9d9000 	C:\Program Files (x86)\Java\jre7\bin\fontmanager.dll
0x718b0000 - 0x718c4000 	C:\Program Files (x86)\Java\jre7\bin\net.dll
0x72e80000 - 0x72eca000 	C:\Windows\system32\mswsock.dll
0x718a0000 - 0x718af000 	C:\Program Files (x86)\Java\jre7\bin\nio.dll
0x5e330000 - 0x5e360000 	C:\Program Files (x86)\Java\jre7\bin\t2k.dll
0x76b80000 - 0x76bf4000 	C:\Windows\SYSTEM32\clbcatq.dll
0x6a8a0000 - 0x6a9eb000 	C:\Windows\SYSTEM32\WindowsCodecs.dll
0x76dc0000 - 0x76dd1000 	C:\Windows\SYSTEM32\profapi.dll
0x681f0000 - 0x68214000 	C:\Program Files (x86)\Java\jre7\bin\dcpr.dll
0x66730000 - 0x6679d000 	C:\binaries\terrajava.dll
0x616e0000 - 0x617c7000 	C:\binaries\terramanager-funcate.dll
0x59f30000 - 0x5a7d6000 	C:\binaries\terralib.dll
0x64af0000 - 0x64b59000 	C:\Windows\SYSTEM32\MSVCP100.dll
0x6d880000 - 0x6db4c000 	C:\binaries\bgd.dll
0x6b5a0000 - 0x6b5bb000 	C:\binaries\terraogc_xml.dll
0x681d0000 - 0x681ed000 	C:\binaries\terraogc_sld.dll
0x66700000 - 0x66726000 	C:\binaries\terraogc_se.dll
0x616a0000 - 0x616d6000 	C:\binaries\terraogc_filter.dll
0x61640000 - 0x61692000 	C:\binaries\terraogc_ows.dll
0x61620000 - 0x61639000 	C:\binaries\terraogc_common.dll
0x6f180000 - 0x6f18b000 	C:\binaries\terralib_shp.dll
0x61610000 - 0x6161e000 	C:\binaries\terralib_spl.dll
0x06970000 - 0x06d66000 	C:\binaries\qt-mt338.dll
0x613d0000 - 0x6149e000 	C:\Windows\SYSTEM32\OPENGL32.dll
0x613a0000 - 0x613c3000 	C:\Windows\SYSTEM32\GLU32.dll
0x61590000 - 0x6160f000 	C:\binaries\qwt500.dll
0x0f130000 - 0x1112f000 	C:\binaries\berkelium.dll
0x06d70000 - 0x06eb1000 	C:\binaries\LIBMYSQL.dll
0x63100000 - 0x63121000 	C:\binaries\LIBPQ.dll
0x06ec0000 - 0x06f21000 	C:\binaries\OCI.dll
0x60cd0000 - 0x60d5a000 	C:\binaries\libtiff.dll
0x59750000 - 0x59f22000 	C:\binaries\gdal110.dll
0x12000000 - 0x121dc000 	C:\binaries\xerces-c_3_1.dll
0x61530000 - 0x61585000 	C:\binaries\terraogc_wms.dll
0x60c70000 - 0x60cc3000 	C:\binaries\terraogc_gml.dll
0x60400000 - 0x60441000 	C:\binaries\terraogc_xsd.dll
0x60c50000 - 0x60c70000 	C:\binaries\terraogc_xacml.dll
0x71f30000 - 0x71f90000 	C:\Windows\SYSTEM32\WINSPOOL.DRV
0x7c340000 - 0x7c396000 	C:\Windows\SYSTEM32\MSVCR71.dll
0x608a0000 - 0x60979000 	C:\Windows\SYSTEM32\DDRAW.dll
0x727a0000 - 0x727a9000 	C:\Windows\SYSTEM32\Secur32.dll
0x75f20000 - 0x75f3b000 	C:\Windows\SYSTEM32\USERENV.dll
0x71520000 - 0x71570000 	C:\Windows\SYSTEM32\OLEACC.dll
0x54200000 - 0x54276000 	C:\Windows\SYSTEM32\RICHED20.dll
0x72ee0000 - 0x72ee8000 	C:\Windows\SYSTEM32\VERSION.dll
0x720b0000 - 0x720c4000 	C:\Windows\SYSTEM32\USP10.dll
0x72c50000 - 0x72cc5000 	C:\Windows\SYSTEM32\DNSAPI.dll
0x06fd0000 - 0x0707a000 	C:\Windows\libeay32.dll
0x07080000 - 0x0708d000 	C:\binaries\libintl-2.dll
0x72ed0000 - 0x72ed6000 	C:\Windows\SYSTEM32\SHFOLDER.DLL
0x07090000 - 0x070b6000 	C:\Windows\ssleay32.dll
0x070c0000 - 0x070e6000 	C:\binaries\libexpat.dll
0x60770000 - 0x60811000 	C:\Windows\SYSTEM32\ODBC32.dll
0x60760000 - 0x60767000 	C:\Windows\SYSTEM32\DCIMAN32.dll
0x663b0000 - 0x663db000 	C:\Windows\SYSTEM32\msls31.dll
0x07140000 - 0x0721b000 	C:\binaries\libiconv-2.dll
0x6f600000 - 0x6f61d000 	C:\Windows\SYSTEM32\gpapi.dll
0x74530000 - 0x74556000 	C:\Windows\SYSTEM32\ntmarta.dll
0x582d0000 - 0x58b78000 	C:\binaries\icudt46.dll
0x53850000 - 0x53979000 	C:\Windows\SYSTEM32\dbghelp.dll
0x72040000 - 0x72050000 	C:\Windows\system32\napinsp.dll
0x72020000 - 0x72034000 	C:\Windows\system32\pnrpnsp.dll
0x72010000 - 0x72020000 	C:\Windows\system32\NLAapi.dll
0x72000000 - 0x72009000 	C:\Windows\System32\winrnr.dll
0x71ac0000 - 0x71ad0000 	C:\Windows\system32\wshbth.dll
0x726a0000 - 0x726a7000 	C:\Windows\System32\rasadhlp.dll
0x71c30000 - 0x71c6f000 	C:\Windows\System32\fwpuclnt.dll
0x72cd0000 - 0x72cf0000 	C:\Windows\SYSTEM32\IPHLPAPI.DLL
0x72c40000 - 0x72c48000 	C:\Windows\SYSTEM32\WINNSI.DLL
0x730d0000 - 0x730ea000 	C:\Windows\SYSTEM32\CRYPTSP.dll
0x73090000 - 0x730ce000 	C:\Windows\system32\rsaenh.dll
0x72c30000 - 0x72c40000 	C:\Windows\SYSTEM32\dhcpcsvc6.DLL
0x72c10000 - 0x72c22000 	C:\Windows\SYSTEM32\dhcpcsvc.DLL
0x603d0000 - 0x603f5000 	C:\Program Files (x86)\Java\jre7\bin\jpeg.dll

VM Arguments:
jvm_args: -Dfile.encoding=ISO-8859-1 
java_command: com.nexusbr.gv.main.ConnectDBMain
Launcher Type: SUN_STANDARD

Environment Variables:
JAVA_HOME=C:\Program Files (x86)\Java\jre7
PATH=C:/Program Files (x86)/Java/jre7/bin/client;C:/Program Files (x86)/Java/jre7/bin;C:/Program Files (x86)/Java/jre7/lib/i386;C:\Program Files (x86)\PHP\;c:\Program Files (x86)\Intel\iCLS Client\;c:\Program Files\Intel\iCLS Client\;C:\Windows\system32;C:\Windows;C:\Windows\System32\Wbem;C:\Windows\System32\WindowsPowerShell\v1.0\;C:\Program Files\Intel\Intel(R) Management Engine Components\DAL;C:\Program Files\Intel\Intel(R) Management Engine Components\IPT;C:\Program Files (x86)\Intel\Intel(R) Management Engine Components\DAL;C:\Program Files (x86)\Intel\Intel(R) Management Engine Components\IPT;C:\Program Files (x86)\Intel\OpenCL SDK\3.0\bin\x86;C:\Program Files (x86)\Intel\OpenCL SDK\3.0\bin\x64;C:\Program Files (x86)\Windows Live\Shared;C:\binaries;c:\Program Files (x86)\Microsoft SQL Server\100\Tools\Binn\;c:\Program Files\Microsoft SQL Server\100\Tools\Binn\;c:\Program Files\Microsoft SQL Server\100\DTS\Binn\;C:\strawberry\c\bin;C:\strawberry\perl\site\bin;C:\strawberry\perl\bin;C:\Program Files (x86)\Microsoft SQL Server\110\Tools\Binn\ManagementStudio\;C:\Program Files (x86)\Microsoft SQL Server\110\Tools\Binn\;C:\Program Files\Microsoft SQL Server\110\Tools\Binn\;C:\Program Files (x86)\Microsoft SQL Server\110\DTS\Binn\;C:\Program Files\TortoiseSVN\bin;C:\Python34;C:\Program Files (x86)\Java\jre7\bin;C:\eclipse;
USERNAME=inacio
OS=Windows_NT
PROCESSOR_IDENTIFIER=Intel64 Family 6 Model 69 Stepping 1, GenuineIntel



---------------  S Y S T E M  ---------------

OS: Windows 8 , 64 bit Build 9200 

CPU:total 4 (2 cores per cpu, 2 threads per core) family 6 model 69 stepping 1, cmov, cx8, fxsr, mmx, sse, sse2, sse3, ssse3, sse4.1, sse4.2, popcnt, avx, avx2, aes, erms, ht, tsc, tscinvbit

Memory: 4k page, physical 8290700k(4837572k free), swap 9535884k(4968852k free)

vm_info: Java HotSpot(TM) Client VM (24.60-b09) for windows-x86 JRE (1.7.0_60-b19), built on May  7 2014 13:09:52 by "java_re" with unknown MS VC++:1600

time: Thu Jul 03 11:32:42 2014
elapsed time: 21 seconds

