#
# A fatal error has been detected by the Java Runtime Environment:
#
#  EXCEPTION_ACCESS_VIOLATION (0xc0000005) at pc=0x10809052, pid=6904, tid=6032
#
# JRE version: Java(TM) SE Runtime Environment (7.0_60-b19) (build 1.7.0_60-b19)
# Java VM: Java HotSpot(TM) Client VM (24.60-b09 mixed mode, sharing windows-x86 )
# Problematic frame:
# C  [berkelium.dll+0xa39052]
#
# Failed to write core dump. Minidumps are not enabled by default on client versions of Windows
#
# If you would like to submit a bug report, please visit:
#   http://bugreport.sun.com/bugreport/crash.jsp
#

---------------  T H R E A D  ---------------

Current thread (0x0281fc00):  VMThread [stack: 0x04af0000,0x04b40000] [id=6032]

siginfo: ExceptionCode=0xc0000005, reading address 0x000000f8

Registers:
EAX=0x04b3f544, EBX=0x000493e0, ECX=0x04b3f544, EDX=0xd4e26258
ESP=0x04b3f534, EBP=0x00000065, ESI=0x00000000, EDI=0xe6c40558
EIP=0x10809052, EFLAGS=0x00010206

Top of Stack: (sp=0x04b3f534)
0x04b3f534:   07583168 07583168 074dab00 00000000
0x04b3f544:   d4e26258 00000065 07573a20 0757c900
0x04b3f554:   00000000 00000000 00000000 74616401
0x04b3f564:   69642d61 07770072 00000023 0000002f
0x04b3f574:   00000000 07507070 002e5bd1 07583000
0x04b3f584:   074dab44 ffffff00 0fe3bf20 11959778
0x04b3f594:   06fb0030 00000000 0000000f 1195a730
0x04b3f5a4:   00000001 0fe39783 00000008 00000001 

Instructions: (pc=0x10809052)
0x10809032:   03 00 00 57 53 e8 f4 c8 60 ff 8b ea 8d 54 24 10
0x10809042:   52 8b f8 e8 26 ca 00 00 83 c4 04 03 38 13 68 04
0x10809052:   8b 86 f8 00 00 00 0b 86 fc 00 00 00 89 7c 24 20
0x10809062:   89 6c 24 24 75 3e 39 84 24 d4 00 00 00 7f 35 7c 


Register to memory mapping:

EAX=
[error occurred during error reporting (printing register info), id 0xc0000005]

Stack: [0x04af0000,0x04b40000],  sp=0x04b3f534,  free space=317k
Native frames: (J=compiled Java code, j=interpreted, Vv=VM code, C=native code)
C  [berkelium.dll+0xa39052]

VM_Operation (0x060de7f0): Exit, mode: safepoint, requested by thread 0x05c56800


---------------  P R O C E S S  ---------------

Java Threads: ( => current thread )
  0x09127800 JavaThread "Image Fetcher 3" daemon [_thread_blocked, id=8160, stack(0x07ef0000,0x07f40000)]
  0x05f95800 JavaThread "Image Fetcher 2" daemon [_thread_blocked, id=7096, stack(0x08110000,0x08160000)]
  0x05f97400 JavaThread "WeakCollectionCleaner" daemon [_thread_blocked, id=4864, stack(0x09f40000,0x09f90000)]
  0x05ec9c00 JavaThread "TimerQueue" daemon [_thread_blocked, id=4628, stack(0x07ea0000,0x07ef0000)]
  0x029fe000 JavaThread "DestroyJavaVM" [_thread_blocked, id=6548, stack(0x00e90000,0x00ee0000)]
  0x05c56800 JavaThread "AWT-EventQueue-0" [_thread_blocked, id=1820, stack(0x06090000,0x060e0000)]
  0x0511a000 JavaThread "AWT-Shutdown" [_thread_blocked, id=7420, stack(0x05760000,0x057b0000)]
  0x050cfc00 JavaThread "Java2D Disposer" daemon [_thread_blocked, id=5556, stack(0x056d0000,0x05720000)]
  0x0289b800 JavaThread "Service Thread" daemon [_thread_blocked, id=4572, stack(0x04e50000,0x04ea0000)]
  0x02897800 JavaThread "C1 CompilerThread0" daemon [_thread_blocked, id=6344, stack(0x04dc0000,0x04e10000)]
  0x02896400 JavaThread "Attach Listener" daemon [_thread_blocked, id=5188, stack(0x04d30000,0x04d80000)]
  0x02894800 JavaThread "Signal Dispatcher" daemon [_thread_blocked, id=8252, stack(0x04ca0000,0x04cf0000)]
  0x02822800 JavaThread "Finalizer" daemon [_thread_blocked, id=4524, stack(0x04c10000,0x04c60000)]
  0x02821000 JavaThread "Reference Handler" daemon [_thread_blocked, id=9812, stack(0x04b80000,0x04bd0000)]

Other Threads:
=>0x0281fc00 VMThread [stack: 0x04af0000,0x04b40000] [id=6032]

VM state:at safepoint (shutting down)

VM Mutex/Monitor currently owned by a thread:  ([mutex/lock_event])
[0x029fc7a8] Threads_lock - owner thread: 0x0281fc00

Heap
 def new generation   total 23360K, used 5643K [0x24000000, 0x25950000, 0x29550000)
  eden space 20800K,  14% used [0x24000000, 0x24302c98, 0x25450000)
  from space 2560K, 100% used [0x256d0000, 0x25950000, 0x25950000)
  to   space 2560K,   0% used [0x25450000, 0x25450000, 0x256d0000)
 tenured generation   total 51672K, used 39657K [0x29550000, 0x2c7c6000, 0x34000000)
   the space 51672K,  76% used [0x29550000, 0x2bc0a5e8, 0x2bc0a600, 0x2c7c6000)
 compacting perm gen  total 12288K, used 9498K [0x34000000, 0x34c00000, 0x38000000)
   the space 12288K,  77% used [0x34000000, 0x34946830, 0x34946a00, 0x34c00000)
    ro space 10240K,  42% used [0x38000000, 0x38434778, 0x38434800, 0x38a00000)
    rw space 12288K,  52% used [0x38a00000, 0x39049a68, 0x39049c00, 0x39600000)

Card table byte_map: [0x04a00000,0x04ab0000] byte_map_base: 0x048e0000

Polling page: 0x00e30000

Code Cache  [0x02a00000, 0x02c80000, 0x04a00000)
 total_blobs=1555 nmethods=1265 adapters=226 free_code_cache=30228Kb largest_free_block=30953152

Compilation events (10 events):
Event: 28.934 Thread 0x02897800 1270             javax.swing.plaf.nimbus.SynthPainterImpl::paintBorder (33 bytes)
Event: 28.934 Thread 0x02897800 nmethod 1270 0x02c78ec8 code [0x02c78fd0, 0x02c790c8]
Event: 28.940 Thread 0x02897800 1271             java.awt.image.BufferedImage::getWidth (8 bytes)
Event: 28.941 Thread 0x02897800 nmethod 1271 0x02c791c8 code [0x02c792c0, 0x02c79350]
Event: 28.941 Thread 0x02897800 1272             java.awt.image.BufferedImage::getHeight (8 bytes)
Event: 28.941 Thread 0x02897800 nmethod 1272 0x02c793c8 code [0x02c794c0, 0x02c79550]
Event: 29.048 Thread 0x02897800 1273             java.awt.geom.RoundRectIterator::isDone (17 bytes)
Event: 29.048 Thread 0x02897800 nmethod 1273 0x02c795c8 code [0x02c796c0, 0x02c79760]
Event: 29.049 Thread 0x02897800 1274             sun.java2d.pipe.AlphaPaintPipe::renderPathTile (491 bytes)
Event: 29.050 Thread 0x02897800 nmethod 1274 0x02c797c8 code [0x02c799b0, 0x02c7a348]

GC Heap History (10 events):
Event: 13.870 GC heap before
{Heap before GC invocations=16 (full 4):
 def new generation   total 14848K, used 12090K [0x24000000, 0x25010000, 0x29550000)
  eden space 13248K,  91% used [0x24000000, 0x24bceb60, 0x24cf0000)
  from space 1600K,   0% used [0x24cf0000, 0x24cf0000, 0x24e80000)
  to   space 1600K,   0% used [0x24e80000, 0x24e80000, 0x25010000)
 tenured generation   total 32664K, used 19597K [0x29550000, 0x2b536000, 0x34000000)
   the space 32664K,  59% used [0x29550000, 0x2a8736f8, 0x2a873800, 0x2b536000)
 compacting perm gen  total 12288K, used 8585K [0x34000000, 0x34c00000, 0x38000000)
   the space 12288K,  69% used [0x34000000, 0x348626b8, 0x34862800, 0x34c00000)
    ro space 10240K,  42% used [0x38000000, 0x38434778, 0x38434800, 0x38a00000)
    rw space 12288K,  52% used [0x38a00000, 0x39049a68, 0x39049c00, 0x39600000)
Event: 13.872 GC heap after
Heap after GC invocations=17 (full 4):
 def new generation   total 14848K, used 1588K [0x24000000, 0x25010000, 0x29550000)
  eden space 13248K,   0% used [0x24000000, 0x24000000, 0x24cf0000)
  from space 1600K,  99% used [0x24e80000, 0x2500d0c0, 0x25010000)
  to   space 1600K,   0% used [0x24cf0000, 0x24cf0000, 0x24e80000)
 tenured generation   total 32664K, used 20796K [0x29550000, 0x2b536000, 0x34000000)
   the space 32664K,  63% used [0x29550000, 0x2a99f2e8, 0x2a99f400, 0x2b536000)
 compacting perm gen  total 12288K, used 8585K [0x34000000, 0x34c00000, 0x38000000)
   the space 12288K,  69% used [0x34000000, 0x348626b8, 0x34862800, 0x34c00000)
    ro space 10240K,  42% used [0x38000000, 0x38434778, 0x38434800, 0x38a00000)
    rw space 12288K,  52% used [0x38a00000, 0x39049a68, 0x39049c00, 0x39600000)
}
Event: 14.907 GC heap before
{Heap before GC invocations=17 (full 4):
 def new generation   total 14848K, used 14835K [0x24000000, 0x25010000, 0x29550000)
  eden space 13248K,  99% used [0x24000000, 0x24cefc88, 0x24cf0000)
  from space 1600K,  99% used [0x24e80000, 0x2500d0c0, 0x25010000)
  to   space 1600K,   0% used [0x24cf0000, 0x24cf0000, 0x24e80000)
 tenured generation   total 32664K, used 20796K [0x29550000, 0x2b536000, 0x34000000)
   the space 32664K,  63% used [0x29550000, 0x2a99f2e8, 0x2a99f400, 0x2b536000)
 compacting perm gen  total 12288K, used 8585K [0x34000000, 0x34c00000, 0x38000000)
   the space 12288K,  69% used [0x34000000, 0x34862728, 0x34862800, 0x34c00000)
    ro space 10240K,  42% used [0x38000000, 0x38434778, 0x38434800, 0x38a00000)
    rw space 12288K,  52% used [0x38a00000, 0x39049a68, 0x39049c00, 0x39600000)
Event: 14.910 GC heap after
Heap after GC invocations=18 (full 4):
 def new generation   total 14848K, used 1480K [0x24000000, 0x25010000, 0x29550000)
  eden space 13248K,   0% used [0x24000000, 0x24000000, 0x24cf0000)
  from space 1600K,  92% used [0x24cf0000, 0x24e62368, 0x24e80000)
  to   space 1600K,   0% used [0x24e80000, 0x24e80000, 0x25010000)
 tenured generation   total 32664K, used 29504K [0x29550000, 0x2b536000, 0x34000000)
   the space 32664K,  90% used [0x29550000, 0x2b2202e0, 0x2b220400, 0x2b536000)
 compacting perm gen  total 12288K, used 8585K [0x34000000, 0x34c00000, 0x38000000)
   the space 12288K,  69% used [0x34000000, 0x34862728, 0x34862800, 0x34c00000)
    ro space 10240K,  42% used [0x38000000, 0x38434778, 0x38434800, 0x38a00000)
    rw space 12288K,  52% used [0x38a00000, 0x39049a68, 0x39049c00, 0x39600000)
}
Event: 16.536 GC heap before
{Heap before GC invocations=18 (full 4):
 def new generation   total 14848K, used 14728K [0x24000000, 0x25010000, 0x29550000)
  eden space 13248K, 100% used [0x24000000, 0x24cf0000, 0x24cf0000)
  from space 1600K,  92% used [0x24cf0000, 0x24e62368, 0x24e80000)
  to   space 1600K,   0% used [0x24e80000, 0x24e80000, 0x25010000)
 tenured generation   total 32664K, used 29696K [0x29550000, 0x2b536000, 0x34000000)
   the space 32664K,  90% used [0x29550000, 0x2b2502f0, 0x2b250400, 0x2b536000)
 compacting perm gen  total 12288K, used 8585K [0x34000000, 0x34c00000, 0x38000000)
   the space 12288K,  69% used [0x34000000, 0x34862778, 0x34862800, 0x34c00000)
    ro space 10240K,  42% used [0x38000000, 0x38434778, 0x38434800, 0x38a00000)
    rw space 12288K,  52% used [0x38a00000, 0x39049a68, 0x39049c00, 0x39600000)
Event: 16.542 GC heap after
Heap after GC invocations=19 (full 4):
 def new generation   total 14848K, used 1246K [0x24000000, 0x25010000, 0x29550000)
  eden space 13248K,   0% used [0x24000000, 0x24000000, 0x24cf0000)
  from space 1600K,  77% used [0x24e80000, 0x24fb79b8, 0x25010000)
  to   space 1600K,   0% used [0x24cf0000, 0x24cf0000, 0x24e80000)
 tenured generation   total 36792K, used 36709K [0x29550000, 0x2b93e000, 0x34000000)
   the space 36792K,  99% used [0x29550000, 0x2b9297a0, 0x2b929800, 0x2b93e000)
 compacting perm gen  total 12288K, used 8585K [0x34000000, 0x34c00000, 0x38000000)
   the space 12288K,  69% used [0x34000000, 0x34862778, 0x34862800, 0x34c00000)
    ro space 10240K,  42% used [0x38000000, 0x38434778, 0x38434800, 0x38a00000)
    rw space 12288K,  52% used [0x38a00000, 0x39049a68, 0x39049c00, 0x39600000)
}
Event: 26.776 GC heap before
{Heap before GC invocations=19 (full 4):
 def new generation   total 14848K, used 14494K [0x24000000, 0x25010000, 0x29550000)
  eden space 13248K, 100% used [0x24000000, 0x24cf0000, 0x24cf0000)
  from space 1600K,  77% used [0x24e80000, 0x24fb79b8, 0x25010000)
  to   space 1600K,   0% used [0x24cf0000, 0x24cf0000, 0x24e80000)
 tenured generation   total 36792K, used 36709K [0x29550000, 0x2b93e000, 0x34000000)
   the space 36792K,  99% used [0x29550000, 0x2b9297a0, 0x2b929800, 0x2b93e000)
 compacting perm gen  total 12288K, used 9260K [0x34000000, 0x34c00000, 0x38000000)
   the space 12288K,  75% used [0x34000000, 0x3490b108, 0x3490b200, 0x34c00000)
    ro space 10240K,  42% used [0x38000000, 0x38434778, 0x38434800, 0x38a00000)
    rw space 12288K,  52% used [0x38a00000, 0x39049a68, 0x39049c00, 0x39600000)
Event: 26.842 GC heap after
Heap after GC invocations=20 (full 5):
 def new generation   total 23360K, used 0K [0x24000000, 0x25950000, 0x29550000)
  eden space 20800K,   0% used [0x24000000, 0x24000000, 0x25450000)
  from space 2560K,   0% used [0x25450000, 0x25450000, 0x256d0000)
  to   space 2560K,   0% used [0x256d0000, 0x256d0000, 0x25950000)
 tenured generation   total 51672K, used 31002K [0x29550000, 0x2c7c6000, 0x34000000)
   the space 51672K,  59% used [0x29550000, 0x2b396a78, 0x2b396c00, 0x2c7c6000)
 compacting perm gen  total 12288K, used 9260K [0x34000000, 0x34c00000, 0x38000000)
   the space 12288K,  75% used [0x34000000, 0x3490b108, 0x3490b200, 0x34c00000)
    ro space 10240K,  42% used [0x38000000, 0x38434778, 0x38434800, 0x38a00000)
    rw space 12288K,  52% used [0x38a00000, 0x39049a68, 0x39049c00, 0x39600000)
}
Event: 28.735 GC heap before
{Heap before GC invocations=20 (full 5):
 def new generation   total 23360K, used 20812K [0x24000000, 0x25950000, 0x29550000)
  eden space 20800K, 100% used [0x24000000, 0x25450000, 0x25450000)
  from space 2560K,   0% used [0x25450000, 0x25453270, 0x256d0000)
  to   space 2560K,   0% used [0x256d0000, 0x256d0000, 0x25950000)
 tenured generation   total 51672K, used 31002K [0x29550000, 0x2c7c6000, 0x34000000)
   the space 51672K,  59% used [0x29550000, 0x2b396a78, 0x2b396c00, 0x2c7c6000)
 compacting perm gen  total 12288K, used 9494K [0x34000000, 0x34c00000, 0x38000000)
   the space 12288K,  77% used [0x34000000, 0x349459c0, 0x34945a00, 0x34c00000)
    ro space 10240K,  42% used [0x38000000, 0x38434778, 0x38434800, 0x38a00000)
    rw space 12288K,  52% used [0x38a00000, 0x39049a68, 0x39049c00, 0x39600000)
Event: 28.741 GC heap after
Heap after GC invocations=21 (full 5):
 def new generation   total 23360K, used 2560K [0x24000000, 0x25950000, 0x29550000)
  eden space 20800K,   0% used [0x24000000, 0x24000000, 0x25450000)
  from space 2560K, 100% used [0x256d0000, 0x25950000, 0x25950000)
  to   space 2560K,   0% used [0x25450000, 0x25450000, 0x256d0000)
 tenured generation   total 51672K, used 39657K [0x29550000, 0x2c7c6000, 0x34000000)
   the space 51672K,  76% used [0x29550000, 0x2bc0a5e8, 0x2bc0a600, 0x2c7c6000)
 compacting perm gen  total 12288K, used 9494K [0x34000000, 0x34c00000, 0x38000000)
   the space 12288K,  77% used [0x34000000, 0x349459c0, 0x34945a00, 0x34c00000)
    ro space 10240K,  42% used [0x38000000, 0x38434778, 0x38434800, 0x38a00000)
    rw space 12288K,  52% used [0x38a00000, 0x39049a68, 0x39049c00, 0x39600000)
}

Deoptimization events (0 events):
No events

Internal exceptions (10 events):
Event: 26.995 Thread 0x09127000 Threw 0x24c02a78 at C:\re\jdk7u60\1081\hotspot\src\share\vm\prims\jvm.cpp:1244
Event: 26.995 Thread 0x09127000 Threw 0x24c0b080 at C:\re\jdk7u60\1081\hotspot\src\share\vm\prims\jvm.cpp:1244
Event: 26.996 Thread 0x09127000 Threw 0x24c11818 at C:\re\jdk7u60\1081\hotspot\src\share\vm\prims\jvm.cpp:1244
Event: 26.996 Thread 0x09127000 Threw 0x24c17b30 at C:\re\jdk7u60\1081\hotspot\src\share\vm\prims\jvm.cpp:1244
Event: 26.997 Thread 0x09127000 Threw 0x24c1be68 at C:\re\jdk7u60\1081\hotspot\src\share\vm\prims\jvm.cpp:1244
Event: 26.998 Thread 0x09127000 Threw 0x24c21560 at C:\re\jdk7u60\1081\hotspot\src\share\vm\prims\jvm.cpp:1244
Event: 26.998 Thread 0x09127000 Threw 0x24c24f38 at C:\re\jdk7u60\1081\hotspot\src\share\vm\prims\jvm.cpp:1244
Event: 26.999 Thread 0x09127000 Threw 0x24c30610 at C:\re\jdk7u60\1081\hotspot\src\share\vm\prims\jvm.cpp:1244
Event: 27.000 Thread 0x09127000 Threw 0x24c39258 at C:\re\jdk7u60\1081\hotspot\src\share\vm\interpreter\linkResolver.cpp:883
Event: 29.116 Thread 0x05f95800 Threw 0x24177978 at C:\re\jdk7u60\1081\hotspot\src\share\vm\prims\jvm.cpp:2917

Events (10 events):
Event: 33.371 Thread 0x09126c00 Thread exited: 0x09126c00
Event: 33.371 loading class 0x39670bc8 done
Event: 33.371 loading class 0x39670c20 done
Event: 33.371 Thread 0x09124c00 Thread exited: 0x09124c00
Event: 33.371 Executing VM operation: RevokeBias
Event: 33.371 Executing VM operation: RevokeBias done
Event: 33.371 Thread 0x09125800 Thread exited: 0x09125800
Event: 33.378 Thread 0x0511a800 Thread exited: 0x0511a800
Event: 33.471 Thread 0x09125000 Thread exited: 0x09125000
Event: 33.471 Executing VM operation: Exit


Dynamic libraries:
0x00a70000 - 0x00a9f000 	C:\Program Files (x86)\Java\jre7\bin\javaw.exe
0x76fe0000 - 0x77137000 	C:\Windows\SYSTEM32\ntdll.dll
0x74690000 - 0x747c0000 	C:\Windows\SYSTEM32\KERNEL32.DLL
0x76a80000 - 0x76b27000 	C:\Windows\SYSTEM32\KERNELBASE.dll
0x747c0000 - 0x7486e000 	C:\Windows\SYSTEM32\ADVAPI32.dll
0x764f0000 - 0x76606000 	C:\Windows\SYSTEM32\USER32.dll
0x73130000 - 0x73328000 	C:\Windows\WinSxS\x86_microsoft.windows.common-controls_6595b64144ccf1df_6.0.9200.16579_none_8937eec6860750f5\COMCTL32.dll
0x76000000 - 0x760b1000 	C:\Windows\SYSTEM32\msvcrt.dll
0x74870000 - 0x748a4000 	C:\Windows\SYSTEM32\sechost.dll
0x760c0000 - 0x7616c000 	C:\Windows\SYSTEM32\RPCRT4.dll
0x748b0000 - 0x749ad000 	C:\Windows\SYSTEM32\GDI32.dll
0x745d0000 - 0x745ed000 	C:\Windows\SYSTEM32\SspiCli.dll
0x745c0000 - 0x745c9000 	C:\Windows\SYSTEM32\CRYPTBASE.dll
0x74560000 - 0x745b1000 	C:\Windows\SYSTEM32\bcryptPrimitives.dll
0x762e0000 - 0x76300000 	C:\Windows\system32\IMM32.DLL
0x76680000 - 0x7675e000 	C:\Windows\SYSTEM32\MSCTF.dll
0x5f9e0000 - 0x5fa9f000 	C:\Program Files (x86)\Java\jre7\bin\msvcr100.dll
0x6f250000 - 0x6f5d8000 	C:\Program Files (x86)\Java\jre7\bin\client\jvm.dll
0x71c10000 - 0x71c18000 	C:\Windows\SYSTEM32\WSOCK32.dll
0x71fb0000 - 0x71fd1000 	C:\Windows\SYSTEM32\WINMM.dll
0x76300000 - 0x76306000 	C:\Windows\SYSTEM32\PSAPI.DLL
0x75f80000 - 0x75fd0000 	C:\Windows\SYSTEM32\WS2_32.dll
0x71c70000 - 0x71c9b000 	C:\Windows\SYSTEM32\WINMMBASE.dll
0x75ff0000 - 0x75ff8000 	C:\Windows\SYSTEM32\NSI.dll
0x76b30000 - 0x76b76000 	C:\Windows\SYSTEM32\cfgmgr32.dll
0x75f00000 - 0x75f1e000 	C:\Windows\SYSTEM32\DEVOBJ.dll
0x720a0000 - 0x720ac000 	C:\Program Files (x86)\Java\jre7\bin\verify.dll
0x71910000 - 0x71930000 	C:\Program Files (x86)\Java\jre7\bin\java.dll
0x718d0000 - 0x718e3000 	C:\Program Files (x86)\Java\jre7\bin\zip.dll
0x5e360000 - 0x5e4a3000 	C:\Program Files (x86)\Java\jre7\bin\awt.dll
0x76c00000 - 0x76c8b000 	C:\Windows\SYSTEM32\OLEAUT32.dll
0x76de0000 - 0x76f16000 	C:\Windows\SYSTEM32\combase.dll
0x72dd0000 - 0x72e77000 	C:\Windows\system32\apphelp.dll
0x71a40000 - 0x71a59000 	C:\Windows\system32\DWMAPI.DLL
0x726b0000 - 0x72738000 	C:\Windows\system32\uxtheme.dll
0x76760000 - 0x76879000 	C:\Windows\SYSTEM32\ole32.dll
0x74da0000 - 0x75e66000 	C:\Windows\SYSTEM32\SHELL32.dll
0x75f40000 - 0x75f80000 	C:\Windows\SYSTEM32\SHLWAPI.dll
0x73330000 - 0x733a3000 	C:\Windows\SYSTEM32\shcore.dll
0x5f9a0000 - 0x5f9d9000 	C:\Program Files (x86)\Java\jre7\bin\fontmanager.dll
0x718b0000 - 0x718c4000 	C:\Program Files (x86)\Java\jre7\bin\net.dll
0x72e80000 - 0x72eca000 	C:\Windows\system32\mswsock.dll
0x718a0000 - 0x718af000 	C:\Program Files (x86)\Java\jre7\bin\nio.dll
0x5e330000 - 0x5e360000 	C:\Program Files (x86)\Java\jre7\bin\t2k.dll
0x76b80000 - 0x76bf4000 	C:\Windows\SYSTEM32\clbcatq.dll
0x6a8a0000 - 0x6a9eb000 	C:\Windows\SYSTEM32\WindowsCodecs.dll
0x76dc0000 - 0x76dd1000 	C:\Windows\SYSTEM32\profapi.dll
0x5e300000 - 0x5e324000 	C:\Program Files (x86)\Java\jre7\bin\dcpr.dll
0x5e290000 - 0x5e2fd000 	C:\binaries\terrajava.dll
0x5e1a0000 - 0x5e287000 	C:\binaries\terramanager-funcate.dll
0x573f0000 - 0x57c96000 	C:\binaries\terralib.dll
0x64af0000 - 0x64b59000 	C:\Windows\SYSTEM32\MSVCP100.dll
0x6d880000 - 0x6db4c000 	C:\binaries\bgd.dll
0x5f980000 - 0x5f99b000 	C:\binaries\terraogc_xml.dll
0x5e180000 - 0x5e19d000 	C:\binaries\terraogc_sld.dll
0x5e150000 - 0x5e176000 	C:\binaries\terraogc_se.dll
0x5e110000 - 0x5e146000 	C:\binaries\terraogc_filter.dll
0x5da60000 - 0x5dab2000 	C:\binaries\terraogc_ows.dll
0x5e0f0000 - 0x5e109000 	C:\binaries\terraogc_common.dll
0x5da50000 - 0x5da5b000 	C:\binaries\terralib_shp.dll
0x5da40000 - 0x5da4e000 	C:\binaries\terralib_spl.dll
0x06610000 - 0x06a06000 	C:\binaries\qt-mt338.dll
0x613d0000 - 0x6149e000 	C:\Windows\SYSTEM32\OPENGL32.dll
0x613a0000 - 0x613c3000 	C:\Windows\SYSTEM32\GLU32.dll
0x597c0000 - 0x5983f000 	C:\binaries\qwt500.dll
0x0fdd0000 - 0x11dcf000 	C:\binaries\berkelium.dll
0x06a10000 - 0x06b51000 	C:\binaries\LIBMYSQL.dll
0x63100000 - 0x63121000 	C:\binaries\LIBPQ.dll
0x06b60000 - 0x06bc1000 	C:\binaries\OCI.dll
0x59730000 - 0x597ba000 	C:\binaries\libtiff.dll
0x56580000 - 0x56d52000 	C:\binaries\gdal110.dll
0x12000000 - 0x121dc000 	C:\binaries\xerces-c_3_1.dll
0x596d0000 - 0x59725000 	C:\binaries\terraogc_wms.dll
0x59670000 - 0x596c3000 	C:\binaries\terraogc_gml.dll
0x59620000 - 0x59661000 	C:\binaries\terraogc_xsd.dll
0x5a810000 - 0x5a830000 	C:\binaries\terraogc_xacml.dll
0x71f30000 - 0x71f90000 	C:\Windows\SYSTEM32\WINSPOOL.DRV
0x7c340000 - 0x7c396000 	C:\Windows\SYSTEM32\MSVCR71.dll
0x608a0000 - 0x60979000 	C:\Windows\SYSTEM32\DDRAW.dll
0x727a0000 - 0x727a9000 	C:\Windows\SYSTEM32\Secur32.dll
0x75f20000 - 0x75f3b000 	C:\Windows\SYSTEM32\USERENV.dll
0x71520000 - 0x71570000 	C:\Windows\SYSTEM32\OLEACC.dll
0x54200000 - 0x54276000 	C:\Windows\SYSTEM32\RICHED20.dll
0x72ee0000 - 0x72ee8000 	C:\Windows\SYSTEM32\VERSION.dll
0x720b0000 - 0x720c4000 	C:\Windows\SYSTEM32\USP10.dll
0x72c50000 - 0x72cc5000 	C:\Windows\SYSTEM32\DNSAPI.dll
0x06c70000 - 0x06d1a000 	C:\Windows\libeay32.dll
0x06d20000 - 0x06d2d000 	C:\binaries\libintl-2.dll
0x72ed0000 - 0x72ed6000 	C:\Windows\SYSTEM32\SHFOLDER.DLL
0x06d30000 - 0x06d56000 	C:\Windows\ssleay32.dll
0x06d60000 - 0x06d86000 	C:\binaries\libexpat.dll
0x60770000 - 0x60811000 	C:\Windows\SYSTEM32\ODBC32.dll
0x60760000 - 0x60767000 	C:\Windows\SYSTEM32\DCIMAN32.dll
0x663b0000 - 0x663db000 	C:\Windows\SYSTEM32\msls31.dll
0x06de0000 - 0x06ebb000 	C:\binaries\libiconv-2.dll
0x6f600000 - 0x6f61d000 	C:\Windows\SYSTEM32\gpapi.dll
0x74530000 - 0x74556000 	C:\Windows\SYSTEM32\ntmarta.dll
0x54e60000 - 0x55708000 	C:\binaries\icudt46.dll
0x53850000 - 0x53979000 	C:\Windows\SYSTEM32\dbghelp.dll
0x72040000 - 0x72050000 	C:\Windows\system32\napinsp.dll
0x72020000 - 0x72034000 	C:\Windows\system32\pnrpnsp.dll
0x72010000 - 0x72020000 	C:\Windows\system32\NLAapi.dll
0x72000000 - 0x72009000 	C:\Windows\System32\winrnr.dll
0x71ac0000 - 0x71ad0000 	C:\Windows\system32\wshbth.dll
0x726a0000 - 0x726a7000 	C:\Windows\System32\rasadhlp.dll
0x71c30000 - 0x71c6f000 	C:\Windows\System32\fwpuclnt.dll
0x72cd0000 - 0x72cf0000 	C:\Windows\SYSTEM32\IPHLPAPI.DLL
0x72c40000 - 0x72c48000 	C:\Windows\SYSTEM32\WINNSI.DLL
0x730d0000 - 0x730ea000 	C:\Windows\SYSTEM32\CRYPTSP.dll
0x73090000 - 0x730ce000 	C:\Windows\system32\rsaenh.dll
0x72c30000 - 0x72c40000 	C:\Windows\SYSTEM32\dhcpcsvc6.DLL
0x72c10000 - 0x72c22000 	C:\Windows\SYSTEM32\dhcpcsvc.DLL
0x595f0000 - 0x59615000 	C:\Program Files (x86)\Java\jre7\bin\jpeg.dll

VM Arguments:
jvm_args: -Dfile.encoding=ISO-8859-1 
java_command: com.nexusbr.gv.main.ConnectDBMain
Launcher Type: SUN_STANDARD

Environment Variables:
JAVA_HOME=C:\Program Files (x86)\Java\jre7
PATH=C:/Program Files (x86)/Java/jre7/bin/client;C:/Program Files (x86)/Java/jre7/bin;C:/Program Files (x86)/Java/jre7/lib/i386;C:\Program Files (x86)\PHP\;c:\Program Files (x86)\Intel\iCLS Client\;c:\Program Files\Intel\iCLS Client\;C:\Windows\system32;C:\Windows;C:\Windows\System32\Wbem;C:\Windows\System32\WindowsPowerShell\v1.0\;C:\Program Files\Intel\Intel(R) Management Engine Components\DAL;C:\Program Files\Intel\Intel(R) Management Engine Components\IPT;C:\Program Files (x86)\Intel\Intel(R) Management Engine Components\DAL;C:\Program Files (x86)\Intel\Intel(R) Management Engine Components\IPT;C:\Program Files (x86)\Intel\OpenCL SDK\3.0\bin\x86;C:\Program Files (x86)\Intel\OpenCL SDK\3.0\bin\x64;C:\Program Files (x86)\Windows Live\Shared;C:\binaries;c:\Program Files (x86)\Microsoft SQL Server\100\Tools\Binn\;c:\Program Files\Microsoft SQL Server\100\Tools\Binn\;c:\Program Files\Microsoft SQL Server\100\DTS\Binn\;C:\strawberry\c\bin;C:\strawberry\perl\site\bin;C:\strawberry\perl\bin;C:\Program Files (x86)\Microsoft SQL Server\110\Tools\Binn\ManagementStudio\;C:\Program Files (x86)\Microsoft SQL Server\110\Tools\Binn\;C:\Program Files\Microsoft SQL Server\110\Tools\Binn\;C:\Program Files (x86)\Microsoft SQL Server\110\DTS\Binn\;C:\Program Files\TortoiseSVN\bin;C:\Python34;C:\Program Files (x86)\Java\jre7\bin;C:\eclipse;
USERNAME=inacio
OS=Windows_NT
PROCESSOR_IDENTIFIER=Intel64 Family 6 Model 69 Stepping 1, GenuineIntel



---------------  S Y S T E M  ---------------

OS: Windows 8 , 64 bit Build 9200 

CPU:total 4 (2 cores per cpu, 2 threads per core) family 6 model 69 stepping 1, cmov, cx8, fxsr, mmx, sse, sse2, sse3, ssse3, sse4.1, sse4.2, popcnt, avx, avx2, aes, erms, ht, tsc, tscinvbit

Memory: 4k page, physical 8290700k(4573564k free), swap 9535884k(5035600k free)

vm_info: Java HotSpot(TM) Client VM (24.60-b09) for windows-x86 JRE (1.7.0_60-b19), built on May  7 2014 13:09:52 by "java_re" with unknown MS VC++:1600

time: Wed Jul 02 17:21:30 2014
elapsed time: 33 seconds

