#
# A fatal error has been detected by the Java Runtime Environment:
#
#  EXCEPTION_ACCESS_VIOLATION (0xc0000005) at pc=0x0fca9052, pid=248, tid=5116
#
# JRE version: Java(TM) SE Runtime Environment (7.0_60-b19) (build 1.7.0_60-b19)
# Java VM: Java HotSpot(TM) Client VM (24.60-b09 mixed mode, sharing windows-x86 )
# Problematic frame:
# C  [berkelium.dll+0xa39052]
#
# Failed to write core dump. Minidumps are not enabled by default on client versions of Windows
#
# If you would like to submit a bug report, please visit:
#   http://bugreport.sun.com/bugreport/crash.jsp
#

---------------  T H R E A D  ---------------

Current thread (0x020bfc00):  VMThread [stack: 0x04390000,0x043e0000] [id=5116]

siginfo: ExceptionCode=0xc0000005, reading address 0x000000f8

Registers:
EAX=0x043df074, EBX=0x000493e0, ECX=0x043df074, EDX=0x1e743c18
ESP=0x043df064, EBP=0x00000087, ESI=0x00000000, EDI=0x3055df18
EIP=0x0fca9052, EFLAGS=0x00010206

Top of Stack: (sp=0x043df064)
0x043df064:   06da2168 06da2168 06cfab00 00000000
0x043df074:   1e743c18 00000087 06d93a20 06d9c900
0x043df084:   00000000 00000000 00000000 74616401
0x043df094:   69642d61 07070072 00000023 0000002f
0x043df0a4:   00000000 06d27070 002e5bf3 06da2000
0x043df0b4:   06cfab44 ffffff00 0f2dbf20 10df9778
0x043df0c4:   06830030 00000000 0000000f 10dfa730
0x043df0d4:   00000001 0f2d9783 00000008 00000001 

Instructions: (pc=0x0fca9052)
0x0fca9032:   03 00 00 57 53 e8 f4 c8 60 ff 8b ea 8d 54 24 10
0x0fca9042:   52 8b f8 e8 26 ca 00 00 83 c4 04 03 38 13 68 04
0x0fca9052:   8b 86 f8 00 00 00 0b 86 fc 00 00 00 89 7c 24 20
0x0fca9062:   89 6c 24 24 75 3e 39 84 24 d4 00 00 00 7f 35 7c 


Register to memory mapping:

EAX=
[error occurred during error reporting (printing register info), id 0xc0000005]

Stack: [0x04390000,0x043e0000],  sp=0x043df064,  free space=316k
Native frames: (J=compiled Java code, j=interpreted, Vv=VM code, C=native code)
C  [berkelium.dll+0xa39052]

VM_Operation (0x0594e700): Exit, mode: safepoint, requested by thread 0x049e7000


---------------  P R O C E S S  ---------------

Java Threads: ( => current thread )
  0x04862400 JavaThread "Keep-Alive-Timer" daemon [_thread_blocked, id=10136, stack(0x079e0000,0x07a30000)]
  0x04abc800 JavaThread "WeakCollectionCleaner" daemon [_thread_blocked, id=8912, stack(0x07830000,0x07880000)]
  0x04d2fc00 JavaThread "TimerQueue" daemon [_thread_blocked, id=7292, stack(0x077a0000,0x077f0000)]
  0x021be000 JavaThread "DestroyJavaVM" [_thread_blocked, id=9032, stack(0x02050000,0x020a0000)]
  0x049e7000 JavaThread "AWT-EventQueue-0" [_thread_blocked, id=4400, stack(0x05900000,0x05950000)]
  0x04960800 JavaThread "AWT-Shutdown" [_thread_blocked, id=10500, stack(0x053d0000,0x05420000)]
  0x0495f800 JavaThread "Java2D Disposer" daemon [_thread_blocked, id=1516, stack(0x05340000,0x05390000)]
  0x02142000 JavaThread "Service Thread" daemon [_thread_blocked, id=8692, stack(0x046f0000,0x04740000)]
  0x02134400 JavaThread "C1 CompilerThread0" daemon [_thread_blocked, id=7164, stack(0x04660000,0x046b0000)]
  0x02132800 JavaThread "Attach Listener" daemon [_thread_blocked, id=10652, stack(0x045d0000,0x04620000)]
  0x02131800 JavaThread "Signal Dispatcher" daemon [_thread_blocked, id=3856, stack(0x04540000,0x04590000)]
  0x020c2800 JavaThread "Finalizer" daemon [_thread_blocked, id=44, stack(0x044b0000,0x04500000)]
  0x020c1000 JavaThread "Reference Handler" daemon [_thread_blocked, id=9860, stack(0x04420000,0x04470000)]

Other Threads:
=>0x020bfc00 VMThread [stack: 0x04390000,0x043e0000] [id=5116]

VM state:at safepoint (shutting down)

VM Mutex/Monitor currently owned by a thread:  ([mutex/lock_event])
[0x021bc400] Threads_lock - owner thread: 0x020bfc00

Heap
 def new generation   total 31872K, used 14247K [0x24000000, 0x26290000, 0x29550000)
  eden space 28352K,  50% used [0x24000000, 0x24de9f38, 0x25bb0000)
  from space 3520K,   0% used [0x25bb0000, 0x25bb0000, 0x25f20000)
  to   space 3520K,   0% used [0x25f20000, 0x25f20000, 0x26290000)
 tenured generation   total 70640K, used 42381K [0x29550000, 0x2da4c000, 0x34000000)
   the space 70640K,  59% used [0x29550000, 0x2beb36d0, 0x2beb3800, 0x2da4c000)
 compacting perm gen  total 12288K, used 8793K [0x34000000, 0x34c00000, 0x38000000)
   the space 12288K,  71% used [0x34000000, 0x34896490, 0x34896600, 0x34c00000)
    ro space 10240K,  42% used [0x38000000, 0x38434778, 0x38434800, 0x38a00000)
    rw space 12288K,  52% used [0x38a00000, 0x39049a68, 0x39049c00, 0x39600000)

Card table byte_map: [0x04240000,0x042f0000] byte_map_base: 0x04120000

Polling page: 0x00680000

Code Cache  [0x021c0000, 0x023d0000, 0x041c0000)
 total_blobs=1281 nmethods=994 adapters=223 free_code_cache=30663Kb largest_free_block=31398144

Compilation events (10 events):
Event: 20.051 Thread 0x02134400  999             br.org.funcate.glue.controller.CanvasController::getEventHandler (5 bytes)
Event: 20.051 Thread 0x02134400 nmethod 999 0x023cd2c8 code [0x023cd3c0, 0x023cd440]
Event: 20.067 Thread 0x02134400 1000             java.util.HashMap::removeEntryForKey (159 bytes)
Event: 20.068 Thread 0x02134400 nmethod 1000 0x023cd488 code [0x023cd5c0, 0x023cd844]
Event: 20.123 Thread 0x02134400 1001             java.util.HashMap::remove (19 bytes)
Event: 20.123 Thread 0x02134400 nmethod 1001 0x023cdac8 code [0x023cdbd0, 0x023cdc7c]
Event: 20.162 Thread 0x02134400 1002             br.org.funcate.glue.model.Box::getY1 (5 bytes)
Event: 20.162 Thread 0x02134400 nmethod 1002 0x023cdd08 code [0x023cde00, 0x023cde80]
Event: 20.202 Thread 0x02134400 1003   !         java.awt.EventQueue::setCurrentEventAndMostRecentTimeImpl (169 bytes)
Event: 20.203 Thread 0x02134400 nmethod 1003 0x023cdec8 code [0x023ce030, 0x023ce3ec]

GC Heap History (10 events):
Event: 7.061 GC heap before
{Heap before GC invocations=14 (full 2):
 def new generation   total 13888K, used 12387K [0x24000000, 0x24f10000, 0x29550000)
  eden space 12352K, 100% used [0x24000000, 0x24c10000, 0x24c10000)
  from space 1536K,   2% used [0x24d90000, 0x24d98c58, 0x24f10000)
  to   space 1536K,   0% used [0x24c10000, 0x24c10000, 0x24d90000)
 tenured generation   total 30748K, used 29632K [0x29550000, 0x2b357000, 0x34000000)
   the space 30748K,  96% used [0x29550000, 0x2b240068, 0x2b240200, 0x2b357000)
 compacting perm gen  total 12288K, used 8788K [0x34000000, 0x34c00000, 0x38000000)
   the space 12288K,  71% used [0x34000000, 0x348953b8, 0x34895400, 0x34c00000)
    ro space 10240K,  42% used [0x38000000, 0x38434778, 0x38434800, 0x38a00000)
    rw space 12288K,  52% used [0x38a00000, 0x39049a68, 0x39049c00, 0x39600000)
Event: 7.127 GC heap after
Heap after GC invocations=15 (full 3):
 def new generation   total 17088K, used 0K [0x24000000, 0x25280000, 0x29550000)
  eden space 15232K,   0% used [0x24000000, 0x24000000, 0x24ee0000)
  from space 1856K,   0% used [0x24ee0000, 0x24ee0000, 0x250b0000)
  to   space 1856K,   0% used [0x250b0000, 0x250b0000, 0x25280000)
 tenured generation   total 37588K, used 22550K [0x29550000, 0x2ba05000, 0x34000000)
   the space 37588K,  59% used [0x29550000, 0x2ab55a28, 0x2ab55c00, 0x2ba05000)
 compacting perm gen  total 12288K, used 8788K [0x34000000, 0x34c00000, 0x38000000)
   the space 12288K,  71% used [0x34000000, 0x348953b8, 0x34895400, 0x34c00000)
    ro space 10240K,  42% used [0x38000000, 0x38434778, 0x38434800, 0x38a00000)
    rw space 12288K,  52% used [0x38a00000, 0x39049a68, 0x39049c00, 0x39600000)
}
Event: 7.205 GC heap before
{Heap before GC invocations=15 (full 3):
 def new generation   total 17088K, used 15233K [0x24000000, 0x25280000, 0x29550000)
  eden space 15232K, 100% used [0x24000000, 0x24ee0000, 0x24ee0000)
  from space 1856K,   0% used [0x24ee0000, 0x24ee0478, 0x250b0000)
  to   space 1856K,   0% used [0x250b0000, 0x250b0000, 0x25280000)
 tenured generation   total 37588K, used 22550K [0x29550000, 0x2ba05000, 0x34000000)
   the space 37588K,  59% used [0x29550000, 0x2ab55a28, 0x2ab55c00, 0x2ba05000)
 compacting perm gen  total 12288K, used 8788K [0x34000000, 0x34c00000, 0x38000000)
   the space 12288K,  71% used [0x34000000, 0x348953e8, 0x34895400, 0x34c00000)
    ro space 10240K,  42% used [0x38000000, 0x38434778, 0x38434800, 0x38a00000)
    rw space 12288K,  52% used [0x38a00000, 0x39049a68, 0x39049c00, 0x39600000)
Event: 7.210 GC heap after
Heap after GC invocations=16 (full 3):
 def new generation   total 17088K, used 1855K [0x24000000, 0x25280000, 0x29550000)
  eden space 15232K,   0% used [0x24000000, 0x24000000, 0x24ee0000)
  from space 1856K,  99% used [0x250b0000, 0x2527ff70, 0x25280000)
  to   space 1856K,   0% used [0x24ee0000, 0x24ee0000, 0x250b0000)
 tenured generation   total 37588K, used 27875K [0x29550000, 0x2ba05000, 0x34000000)
   the space 37588K,  74% used [0x29550000, 0x2b088f78, 0x2b089000, 0x2ba05000)
 compacting perm gen  total 12288K, used 8788K [0x34000000, 0x34c00000, 0x38000000)
   the space 12288K,  71% used [0x34000000, 0x348953e8, 0x34895400, 0x34c00000)
    ro space 10240K,  42% used [0x38000000, 0x38434778, 0x38434800, 0x38a00000)
    rw space 12288K,  52% used [0x38a00000, 0x39049a68, 0x39049c00, 0x39600000)
}
Event: 9.573 GC heap before
{Heap before GC invocations=16 (full 3):
 def new generation   total 17088K, used 14710K [0x24000000, 0x25280000, 0x29550000)
  eden space 15232K,  84% used [0x24000000, 0x24c8d9a8, 0x24ee0000)
  from space 1856K,  99% used [0x250b0000, 0x2527ff70, 0x25280000)
  to   space 1856K,   0% used [0x24ee0000, 0x24ee0000, 0x250b0000)
 tenured generation   total 37588K, used 27875K [0x29550000, 0x2ba05000, 0x34000000)
   the space 37588K,  74% used [0x29550000, 0x2b088f78, 0x2b089000, 0x2ba05000)
 compacting perm gen  total 12288K, used 8788K [0x34000000, 0x34c00000, 0x38000000)
   the space 12288K,  71% used [0x34000000, 0x348953f8, 0x34895400, 0x34c00000)
    ro space 10240K,  42% used [0x38000000, 0x38434778, 0x38434800, 0x38a00000)
    rw space 12288K,  52% used [0x38a00000, 0x39049a68, 0x39049c00, 0x39600000)
Event: 9.623 GC heap after
Heap after GC invocations=17 (full 4):
 def new generation   total 23360K, used 0K [0x24000000, 0x25950000, 0x29550000)
  eden space 20800K,   0% used [0x24000000, 0x24000000, 0x25450000)
  from space 2560K,   0% used [0x25450000, 0x25450000, 0x256d0000)
  to   space 2560K,   0% used [0x256d0000, 0x256d0000, 0x25950000)
 tenured generation   total 51804K, used 31080K [0x29550000, 0x2c7e7000, 0x34000000)
   the space 51804K,  59% used [0x29550000, 0x2b3aa018, 0x2b3aa200, 0x2c7e7000)
 compacting perm gen  total 12288K, used 8782K [0x34000000, 0x34c00000, 0x38000000)
   the space 12288K,  71% used [0x34000000, 0x34893a40, 0x34893c00, 0x34c00000)
    ro space 10240K,  42% used [0x38000000, 0x38434778, 0x38434800, 0x38a00000)
    rw space 12288K,  52% used [0x38a00000, 0x39049a68, 0x39049c00, 0x39600000)
}
Event: 9.679 GC heap before
{Heap before GC invocations=17 (full 4):
 def new generation   total 23360K, used 20591K [0x24000000, 0x25950000, 0x29550000)
  eden space 20800K,  98% used [0x24000000, 0x2541bd60, 0x25450000)
  from space 2560K,   0% used [0x25450000, 0x25450000, 0x256d0000)
  to   space 2560K,   0% used [0x256d0000, 0x256d0000, 0x25950000)
 tenured generation   total 51804K, used 31080K [0x29550000, 0x2c7e7000, 0x34000000)
   the space 51804K,  59% used [0x29550000, 0x2b3aa018, 0x2b3aa200, 0x2c7e7000)
 compacting perm gen  total 12288K, used 8783K [0x34000000, 0x34c00000, 0x38000000)
   the space 12288K,  71% used [0x34000000, 0x34893dd0, 0x34893e00, 0x34c00000)
    ro space 10240K,  42% used [0x38000000, 0x38434778, 0x38434800, 0x38a00000)
    rw space 12288K,  52% used [0x38a00000, 0x39049a68, 0x39049c00, 0x39600000)
Event: 9.685 GC heap after
Heap after GC invocations=18 (full 4):
 def new generation   total 23360K, used 2557K [0x24000000, 0x25950000, 0x29550000)
  eden space 20800K,   0% used [0x24000000, 0x24000000, 0x25450000)
  from space 2560K,  99% used [0x256d0000, 0x2594f420, 0x25950000)
  to   space 2560K,   0% used [0x25450000, 0x25450000, 0x256d0000)
 tenured generation   total 51804K, used 44192K [0x29550000, 0x2c7e7000, 0x34000000)
   the space 51804K,  85% used [0x29550000, 0x2c0783f8, 0x2c078400, 0x2c7e7000)
 compacting perm gen  total 12288K, used 8783K [0x34000000, 0x34c00000, 0x38000000)
   the space 12288K,  71% used [0x34000000, 0x34893dd0, 0x34893e00, 0x34c00000)
    ro space 10240K,  42% used [0x38000000, 0x38434778, 0x38434800, 0x38a00000)
    rw space 12288K,  52% used [0x38a00000, 0x39049a68, 0x39049c00, 0x39600000)
}
Event: 10.822 GC heap before
{Heap before GC invocations=18 (full 4):
 def new generation   total 23360K, used 23153K [0x24000000, 0x25950000, 0x29550000)
  eden space 20800K,  99% used [0x24000000, 0x2541d2a0, 0x25450000)
  from space 2560K,  99% used [0x256d0000, 0x2594f420, 0x25950000)
  to   space 2560K,   0% used [0x25450000, 0x25450000, 0x256d0000)
 tenured generation   total 51804K, used 44192K [0x29550000, 0x2c7e7000, 0x34000000)
   the space 51804K,  85% used [0x29550000, 0x2c0783f8, 0x2c078400, 0x2c7e7000)
 compacting perm gen  total 12288K, used 8783K [0x34000000, 0x34c00000, 0x38000000)
   the space 12288K,  71% used [0x34000000, 0x34893ed0, 0x34894000, 0x34c00000)
    ro space 10240K,  42% used [0x38000000, 0x38434778, 0x38434800, 0x38a00000)
    rw space 12288K,  52% used [0x38a00000, 0x39049a68, 0x39049c00, 0x39600000)
Event: 10.869 GC heap after
Heap after GC invocations=19 (full 5):
 def new generation   total 31872K, used 0K [0x24000000, 0x26290000, 0x29550000)
  eden space 28352K,   0% used [0x24000000, 0x24000000, 0x25bb0000)
  from space 3520K,   0% used [0x25bb0000, 0x25bb0000, 0x25f20000)
  to   space 3520K,   0% used [0x25f20000, 0x25f20000, 0x26290000)
 tenured generation   total 70640K, used 42381K [0x29550000, 0x2da4c000, 0x34000000)
   the space 70640K,  59% used [0x29550000, 0x2beb36d0, 0x2beb3800, 0x2da4c000)
 compacting perm gen  total 12288K, used 8783K [0x34000000, 0x34c00000, 0x38000000)
   the space 12288K,  71% used [0x34000000, 0x34893ed0, 0x34894000, 0x34c00000)
    ro space 10240K,  42% used [0x38000000, 0x38434778, 0x38434800, 0x38a00000)
    rw space 12288K,  52% used [0x38a00000, 0x39049a68, 0x39049c00, 0x39600000)
}

Deoptimization events (0 events):
No events

Internal exceptions (10 events):
Event: 9.632 Thread 0x04863800 Threw 0x24926070 at C:\re\jdk7u60\1081\hotspot\src\share\vm\prims\jvm.cpp:2917
Event: 9.633 Thread 0x04abe800 Threw 0x2492e940 at C:\re\jdk7u60\1081\hotspot\src\share\vm\prims\jni.cpp:743
Event: 9.633 Thread 0x04abec00 Threw 0x24919518 at C:\re\jdk7u60\1081\hotspot\src\share\vm\prims\jni.cpp:743
Event: 9.633 Thread 0x04abe800 Threw 0x2492ec28 at C:\re\jdk7u60\1081\hotspot\src\share\vm\prims\jni.cpp:743
Event: 9.633 Thread 0x04abec00 Threw 0x24919788 at C:\re\jdk7u60\1081\hotspot\src\share\vm\prims\jni.cpp:743
Event: 9.633 Thread 0x04abe800 Threw 0x2492ee98 at C:\re\jdk7u60\1081\hotspot\src\share\vm\prims\jni.cpp:743
Event: 9.633 Thread 0x04abec00 Threw 0x249199f8 at C:\re\jdk7u60\1081\hotspot\src\share\vm\prims\jni.cpp:743
Event: 10.214 Thread 0x04abdc00 Threw 0x24414a60 at C:\re\jdk7u60\1081\hotspot\src\share\vm\prims\jvm.cpp:2917
Event: 10.874 Thread 0x04a65c00 Threw 0x24178900 at C:\re\jdk7u60\1081\hotspot\src\share\vm\prims\jvm.cpp:2917
Event: 11.040 Thread 0x04863800 Threw 0x2438a520 at C:\re\jdk7u60\1081\hotspot\src\share\vm\prims\jvm.cpp:2917

Events (10 events):
Event: 21.746 loading class 0x39670c20
Event: 21.746 loading class 0x39670bc8
Event: 21.746 Thread 0x04860c00 Thread exited: 0x04860c00
Event: 21.746 loading class 0x39670bc8 done
Event: 21.746 loading class 0x39670c20 done
Event: 21.747 Thread 0x04862c00 Thread exited: 0x04862c00
Event: 21.747 Thread 0x04861400 Thread exited: 0x04861400
Event: 21.769 Thread 0x04961000 Thread exited: 0x04961000
Event: 21.847 Thread 0x04861800 Thread exited: 0x04861800
Event: 21.847 Executing VM operation: Exit


Dynamic libraries:
0x00a70000 - 0x00a9f000 	C:\Program Files (x86)\Java\jre7\bin\javaw.exe
0x76fe0000 - 0x77137000 	C:\Windows\SYSTEM32\ntdll.dll
0x74690000 - 0x747c0000 	C:\Windows\SYSTEM32\KERNEL32.DLL
0x76a80000 - 0x76b27000 	C:\Windows\SYSTEM32\KERNELBASE.dll
0x747c0000 - 0x7486e000 	C:\Windows\SYSTEM32\ADVAPI32.dll
0x764f0000 - 0x76606000 	C:\Windows\SYSTEM32\USER32.dll
0x73130000 - 0x73328000 	C:\Windows\WinSxS\x86_microsoft.windows.common-controls_6595b64144ccf1df_6.0.9200.16579_none_8937eec6860750f5\COMCTL32.dll
0x76000000 - 0x760b1000 	C:\Windows\SYSTEM32\msvcrt.dll
0x74870000 - 0x748a4000 	C:\Windows\SYSTEM32\sechost.dll
0x760c0000 - 0x7616c000 	C:\Windows\SYSTEM32\RPCRT4.dll
0x748b0000 - 0x749ad000 	C:\Windows\SYSTEM32\GDI32.dll
0x745d0000 - 0x745ed000 	C:\Windows\SYSTEM32\SspiCli.dll
0x745c0000 - 0x745c9000 	C:\Windows\SYSTEM32\CRYPTBASE.dll
0x74560000 - 0x745b1000 	C:\Windows\SYSTEM32\bcryptPrimitives.dll
0x762e0000 - 0x76300000 	C:\Windows\system32\IMM32.DLL
0x76680000 - 0x7675e000 	C:\Windows\SYSTEM32\MSCTF.dll
0x5e970000 - 0x5ea2f000 	C:\Program Files (x86)\Java\jre7\bin\msvcr100.dll
0x5e310000 - 0x5e698000 	C:\Program Files (x86)\Java\jre7\bin\client\jvm.dll
0x71c10000 - 0x71c18000 	C:\Windows\SYSTEM32\WSOCK32.dll
0x71fb0000 - 0x71fd1000 	C:\Windows\SYSTEM32\WINMM.dll
0x76300000 - 0x76306000 	C:\Windows\SYSTEM32\PSAPI.DLL
0x75f80000 - 0x75fd0000 	C:\Windows\SYSTEM32\WS2_32.dll
0x71c70000 - 0x71c9b000 	C:\Windows\SYSTEM32\WINMMBASE.dll
0x75ff0000 - 0x75ff8000 	C:\Windows\SYSTEM32\NSI.dll
0x76b30000 - 0x76b76000 	C:\Windows\SYSTEM32\cfgmgr32.dll
0x75f00000 - 0x75f1e000 	C:\Windows\SYSTEM32\DEVOBJ.dll
0x720a0000 - 0x720ac000 	C:\Program Files (x86)\Java\jre7\bin\verify.dll
0x70bb0000 - 0x70bd0000 	C:\Program Files (x86)\Java\jre7\bin\java.dll
0x70b90000 - 0x70ba3000 	C:\Program Files (x86)\Java\jre7\bin\zip.dll
0x6f490000 - 0x6f5d3000 	C:\Program Files (x86)\Java\jre7\bin\awt.dll
0x76c00000 - 0x76c8b000 	C:\Windows\SYSTEM32\OLEAUT32.dll
0x76de0000 - 0x76f16000 	C:\Windows\SYSTEM32\combase.dll
0x72dd0000 - 0x72e77000 	C:\Windows\system32\apphelp.dll
0x71a40000 - 0x71a59000 	C:\Windows\system32\DWMAPI.DLL
0x726b0000 - 0x72738000 	C:\Windows\system32\uxtheme.dll
0x76760000 - 0x76879000 	C:\Windows\SYSTEM32\ole32.dll
0x74da0000 - 0x75e66000 	C:\Windows\SYSTEM32\SHELL32.dll
0x75f40000 - 0x75f80000 	C:\Windows\SYSTEM32\SHLWAPI.dll
0x73330000 - 0x733a3000 	C:\Windows\SYSTEM32\shcore.dll
0x718b0000 - 0x718e9000 	C:\Program Files (x86)\Java\jre7\bin\fontmanager.dll
0x6f250000 - 0x6f264000 	C:\Program Files (x86)\Java\jre7\bin\net.dll
0x72e80000 - 0x72eca000 	C:\Windows\system32\mswsock.dll
0x718a0000 - 0x718af000 	C:\Program Files (x86)\Java\jre7\bin\nio.dll
0x706d0000 - 0x70700000 	C:\Program Files (x86)\Java\jre7\bin\t2k.dll
0x76b80000 - 0x76bf4000 	C:\Windows\SYSTEM32\clbcatq.dll
0x6a8a0000 - 0x6a9eb000 	C:\Windows\SYSTEM32\WindowsCodecs.dll
0x76dc0000 - 0x76dd1000 	C:\Windows\SYSTEM32\profapi.dll
0x68440000 - 0x68464000 	C:\Program Files (x86)\Java\jre7\bin\dcpr.dll
0x5e900000 - 0x5e96d000 	C:\binaries\terrajava.dll
0x5e220000 - 0x5e307000 	C:\binaries\terramanager-funcate.dll
0x59300000 - 0x59ba6000 	C:\binaries\terralib.dll
0x64af0000 - 0x64b59000 	C:\Windows\SYSTEM32\MSVCP100.dll
0x6d880000 - 0x6db4c000 	C:\binaries\bgd.dll
0x66b80000 - 0x66b9b000 	C:\binaries\terraogc_xml.dll
0x60460000 - 0x6047d000 	C:\binaries\terraogc_sld.dll
0x5f9a0000 - 0x5f9c6000 	C:\binaries\terraogc_se.dll
0x5e8c0000 - 0x5e8f6000 	C:\binaries\terraogc_filter.dll
0x5e1c0000 - 0x5e212000 	C:\binaries\terraogc_ows.dll
0x5f980000 - 0x5f999000 	C:\binaries\terraogc_common.dll
0x684c0000 - 0x684cb000 	C:\binaries\terralib_shp.dll
0x60450000 - 0x6045e000 	C:\binaries\terralib_spl.dll
0x05e90000 - 0x06286000 	C:\binaries\qt-mt338.dll
0x613d0000 - 0x6149e000 	C:\Windows\SYSTEM32\OPENGL32.dll
0x613a0000 - 0x613c3000 	C:\Windows\SYSTEM32\GLU32.dll
0x5e140000 - 0x5e1bf000 	C:\binaries\qwt500.dll
0x0f270000 - 0x1126f000 	C:\binaries\berkelium.dll
0x06290000 - 0x063d1000 	C:\binaries\LIBMYSQL.dll
0x63100000 - 0x63121000 	C:\binaries\LIBPQ.dll
0x063e0000 - 0x06441000 	C:\binaries\OCI.dll
0x5da30000 - 0x5daba000 	C:\binaries\libtiff.dll
0x56580000 - 0x56d52000 	C:\binaries\gdal110.dll
0x12000000 - 0x121dc000 	C:\binaries\xerces-c_3_1.dll
0x592a0000 - 0x592f5000 	C:\binaries\terraogc_wms.dll
0x59240000 - 0x59293000 	C:\binaries\terraogc_gml.dll
0x5e0f0000 - 0x5e131000 	C:\binaries\terraogc_xsd.dll
0x5a810000 - 0x5a830000 	C:\binaries\terraogc_xacml.dll
0x71f30000 - 0x71f90000 	C:\Windows\SYSTEM32\WINSPOOL.DRV
0x7c340000 - 0x7c396000 	C:\Windows\SYSTEM32\MSVCR71.dll
0x608a0000 - 0x60979000 	C:\Windows\SYSTEM32\DDRAW.dll
0x727a0000 - 0x727a9000 	C:\Windows\SYSTEM32\Secur32.dll
0x75f20000 - 0x75f3b000 	C:\Windows\SYSTEM32\USERENV.dll
0x71520000 - 0x71570000 	C:\Windows\SYSTEM32\OLEACC.dll
0x54200000 - 0x54276000 	C:\Windows\SYSTEM32\RICHED20.dll
0x72ee0000 - 0x72ee8000 	C:\Windows\SYSTEM32\VERSION.dll
0x720b0000 - 0x720c4000 	C:\Windows\SYSTEM32\USP10.dll
0x72c50000 - 0x72cc5000 	C:\Windows\SYSTEM32\DNSAPI.dll
0x064f0000 - 0x0659a000 	C:\Windows\libeay32.dll
0x065a0000 - 0x065ad000 	C:\binaries\libintl-2.dll
0x72ed0000 - 0x72ed6000 	C:\Windows\SYSTEM32\SHFOLDER.DLL
0x065b0000 - 0x065d6000 	C:\Windows\ssleay32.dll
0x065e0000 - 0x06606000 	C:\binaries\libexpat.dll
0x60770000 - 0x60811000 	C:\Windows\SYSTEM32\ODBC32.dll
0x60760000 - 0x60767000 	C:\Windows\SYSTEM32\DCIMAN32.dll
0x663b0000 - 0x663db000 	C:\Windows\SYSTEM32\msls31.dll
0x06660000 - 0x0673b000 	C:\binaries\libiconv-2.dll
0x6f600000 - 0x6f61d000 	C:\Windows\SYSTEM32\gpapi.dll
0x74530000 - 0x74556000 	C:\Windows\SYSTEM32\ntmarta.dll
0x54e60000 - 0x55708000 	C:\binaries\icudt46.dll
0x53850000 - 0x53979000 	C:\Windows\SYSTEM32\dbghelp.dll
0x72040000 - 0x72050000 	C:\Windows\system32\napinsp.dll
0x72020000 - 0x72034000 	C:\Windows\system32\pnrpnsp.dll
0x72010000 - 0x72020000 	C:\Windows\system32\NLAapi.dll
0x72000000 - 0x72009000 	C:\Windows\System32\winrnr.dll
0x71ac0000 - 0x71ad0000 	C:\Windows\system32\wshbth.dll
0x726a0000 - 0x726a7000 	C:\Windows\System32\rasadhlp.dll
0x71c30000 - 0x71c6f000 	C:\Windows\System32\fwpuclnt.dll
0x72cd0000 - 0x72cf0000 	C:\Windows\SYSTEM32\IPHLPAPI.DLL
0x72c40000 - 0x72c48000 	C:\Windows\SYSTEM32\WINNSI.DLL
0x730d0000 - 0x730ea000 	C:\Windows\SYSTEM32\CRYPTSP.dll
0x73090000 - 0x730ce000 	C:\Windows\system32\rsaenh.dll
0x72c30000 - 0x72c40000 	C:\Windows\SYSTEM32\dhcpcsvc6.DLL
0x72c10000 - 0x72c22000 	C:\Windows\SYSTEM32\dhcpcsvc.DLL
0x59210000 - 0x59235000 	C:\Program Files (x86)\Java\jre7\bin\jpeg.dll

VM Arguments:
jvm_args: -Dfile.encoding=ISO-8859-1 
java_command: com.nexusbr.gv.main.ConnectDBMain
Launcher Type: SUN_STANDARD

Environment Variables:
JAVA_HOME=C:\Program Files (x86)\Java\jre7
PATH=C:/Program Files (x86)/Java/jre7/bin/client;C:/Program Files (x86)/Java/jre7/bin;C:/Program Files (x86)/Java/jre7/lib/i386;C:\Program Files (x86)\PHP\;c:\Program Files (x86)\Intel\iCLS Client\;c:\Program Files\Intel\iCLS Client\;C:\Windows\system32;C:\Windows;C:\Windows\System32\Wbem;C:\Windows\System32\WindowsPowerShell\v1.0\;C:\Program Files\Intel\Intel(R) Management Engine Components\DAL;C:\Program Files\Intel\Intel(R) Management Engine Components\IPT;C:\Program Files (x86)\Intel\Intel(R) Management Engine Components\DAL;C:\Program Files (x86)\Intel\Intel(R) Management Engine Components\IPT;C:\Program Files (x86)\Intel\OpenCL SDK\3.0\bin\x86;C:\Program Files (x86)\Intel\OpenCL SDK\3.0\bin\x64;C:\Program Files (x86)\Windows Live\Shared;C:\binaries;c:\Program Files (x86)\Microsoft SQL Server\100\Tools\Binn\;c:\Program Files\Microsoft SQL Server\100\Tools\Binn\;c:\Program Files\Microsoft SQL Server\100\DTS\Binn\;C:\strawberry\c\bin;C:\strawberry\perl\site\bin;C:\strawberry\perl\bin;C:\Program Files (x86)\Microsoft SQL Server\110\Tools\Binn\ManagementStudio\;C:\Program Files (x86)\Microsoft SQL Server\110\Tools\Binn\;C:\Program Files\Microsoft SQL Server\110\Tools\Binn\;C:\Program Files (x86)\Microsoft SQL Server\110\DTS\Binn\;C:\Program Files\TortoiseSVN\bin;C:\Python34;C:\Program Files (x86)\Java\jre7\bin;C:\eclipse;
USERNAME=inacio
OS=Windows_NT
PROCESSOR_IDENTIFIER=Intel64 Family 6 Model 69 Stepping 1, GenuineIntel



---------------  S Y S T E M  ---------------

OS: Windows 8 , 64 bit Build 9200 

CPU:total 4 (2 cores per cpu, 2 threads per core) family 6 model 69 stepping 1, cmov, cx8, fxsr, mmx, sse, sse2, sse3, ssse3, sse4.1, sse4.2, popcnt, avx, avx2, aes, erms, ht, tsc, tscinvbit

Memory: 4k page, physical 8290700k(2475776k free), swap 9535884k(3538812k free)

vm_info: Java HotSpot(TM) Client VM (24.60-b09) for windows-x86 JRE (1.7.0_60-b19), built on May  7 2014 13:09:52 by "java_re" with unknown MS VC++:1600

time: Fri Jul 04 09:04:39 2014
elapsed time: 21 seconds

