#
# A fatal error has been detected by the Java Runtime Environment:
#
#  EXCEPTION_ACCESS_VIOLATION (0xc0000005) at pc=0x10169052, pid=10620, tid=7124
#
# JRE version: Java(TM) SE Runtime Environment (7.0_60-b19) (build 1.7.0_60-b19)
# Java VM: Java HotSpot(TM) Client VM (24.60-b09 mixed mode, sharing windows-x86 )
# Problematic frame:
# C  [berkelium.dll+0xa39052]
#
# Failed to write core dump. Minidumps are not enabled by default on client versions of Windows
#
# If you would like to submit a bug report, please visit:
#   http://bugreport.sun.com/bugreport/crash.jsp
#

---------------  T H R E A D  ---------------

Current thread (0x02b1fc00):  VMThread [stack: 0x04d90000,0x04de0000] [id=7124]

siginfo: ExceptionCode=0xc0000005, reading address 0x000000f8

Registers:
EAX=0x04ddf314, EBX=0x000493e0, ECX=0x04ddf314, EDX=0x2bbaf910
ESP=0x04ddf304, EBP=0x00000088, ESI=0x00000000, EDI=0x3d9c9c10
EIP=0x10169052, EFLAGS=0x00010206

Top of Stack: (sp=0x04ddf304)
0x04ddf304:   077a3168 077a3168 076fab00 00000000
0x04ddf314:   2bbaf910 00000088 07794a20 0779f900
0x04ddf324:   00000000 00000000 00000000 74616401
0x04ddf334:   69642d61 07a50072 00000023 0000002f
0x04ddf344:   00000000 07727070 002e5bf4 077a3000
0x04ddf354:   076fab44 ffffff00 0f79bf20 112b9778
0x04ddf364:   07270030 00000000 0000000f 112ba730
0x04ddf374:   00000001 0f799783 00000008 00000001 

Instructions: (pc=0x10169052)
0x10169032:   03 00 00 57 53 e8 f4 c8 60 ff 8b ea 8d 54 24 10
0x10169042:   52 8b f8 e8 26 ca 00 00 83 c4 04 03 38 13 68 04
0x10169052:   8b 86 f8 00 00 00 0b 86 fc 00 00 00 89 7c 24 20
0x10169062:   89 6c 24 24 75 3e 39 84 24 d4 00 00 00 7f 35 7c 


Register to memory mapping:

EAX=
[error occurred during error reporting (printing register info), id 0xc0000005]

Stack: [0x04d90000,0x04de0000],  sp=0x04ddf304,  free space=316k
Native frames: (J=compiled Java code, j=interpreted, Vv=VM code, C=native code)
C  [berkelium.dll+0xa39052]

[error occurred during error reporting (printing native stack), id 0xc0000005]

VM_Operation (0x0636e590): Exit, mode: safepoint, requested by thread 0x02b91c00


---------------  P R O C E S S  ---------------

Java Threads: ( => current thread )
  0x0620e800 JavaThread "Image Fetcher 3" daemon [_thread_blocked, id=3892, stack(0x080b0000,0x08100000)]
  0x0620c400 JavaThread "WeakCollectionCleaner" daemon [_thread_blocked, id=1848, stack(0x08210000,0x08260000)]
  0x0620bc00 JavaThread "TimerQueue" daemon [_thread_blocked, id=9128, stack(0x08180000,0x081d0000)]
  0x02b94800 JavaThread "DestroyJavaVM" [_thread_blocked, id=7204, stack(0x01220000,0x01270000)]
  0x02b91c00 JavaThread "AWT-EventQueue-0" [_thread_blocked, id=6916, stack(0x06320000,0x06370000)]
  0x02b92000 JavaThread "AWT-Shutdown" [_thread_blocked, id=1136, stack(0x059e0000,0x05a30000)]
  0x02b93800 JavaThread "Java2D Disposer" daemon [_thread_blocked, id=1460, stack(0x05950000,0x059a0000)]
  0x02b91400 JavaThread "Service Thread" daemon [_thread_blocked, id=6244, stack(0x050f0000,0x05140000)]
  0x02b98000 JavaThread "C1 CompilerThread0" daemon [_thread_blocked, id=9192, stack(0x05060000,0x050b0000)]
  0x02b93400 JavaThread "Attach Listener" daemon [_thread_blocked, id=10448, stack(0x04fd0000,0x05020000)]
  0x02b92800 JavaThread "Signal Dispatcher" daemon [_thread_blocked, id=10636, stack(0x04f40000,0x04f90000)]
  0x02b26000 JavaThread "Finalizer" daemon [_thread_blocked, id=4524, stack(0x04eb0000,0x04f00000)]
  0x02b21000 JavaThread "Reference Handler" daemon [_thread_blocked, id=8824, stack(0x04e20000,0x04e70000)]

Other Threads:
=>0x02b1fc00 VMThread [stack: 0x04d90000,0x04de0000] [id=7124]

VM state:at safepoint (shutting down)

VM Mutex/Monitor currently owned by a thread:  ([mutex/lock_event])
[0x0129c670] Threads_lock - owner thread: 0x02b1fc00

Heap
 def new generation   total 39360K, used 29157K [0x24000000, 0x26ab0000, 0x29550000)
  eden space 35008K,  83% used [0x24000000, 0x25c79770, 0x26230000)
  from space 4352K,   0% used [0x26230000, 0x26230000, 0x26670000)
  to   space 4352K,   0% used [0x26670000, 0x26670000, 0x26ab0000)
 tenured generation   total 87212K, used 52324K [0x29550000, 0x2ea7b000, 0x34000000)
   the space 87212K,  59% used [0x29550000, 0x2c8693c0, 0x2c869400, 0x2ea7b000)
 compacting perm gen  total 12288K, used 9558K [0x34000000, 0x34c00000, 0x38000000)
   the space 12288K,  77% used [0x34000000, 0x34955918, 0x34955a00, 0x34c00000)
    ro space 10240K,  42% used [0x38000000, 0x38434778, 0x38434800, 0x38a00000)
    rw space 12288K,  52% used [0x38a00000, 0x39049a68, 0x39049c00, 0x39600000)

Card table byte_map: [0x04c80000,0x04d30000] byte_map_base: 0x04b60000

Polling page: 0x010e0000

Code Cache  [0x02c00000, 0x02eb8000, 0x04c00000)
 total_blobs=1649 nmethods=1358 adapters=227 free_code_cache=29994Kb largest_free_block=30713664

Compilation events (10 events):
Event: 26.592 Thread 0x02b98000 1361             java.awt.event.MouseEvent::getY (5 bytes)
Event: 26.592 Thread 0x02b98000 nmethod 1361 0x02eaf9c8 code [0x02eafac0, 0x02eafb40]
Event: 30.891 Thread 0x02b98000 1363             javax.swing.UIDefaults$TextAndMnemonicHashMap::get (358 bytes)
Event: 30.903 Thread 0x02b98000 nmethod 1363 0x02eafe48 code [0x02eb03b0, 0x02eb1d0c]
Event: 30.903 Thread 0x02b98000 1364             sun.java2d.SunGraphics2D::setRenderingHint (523 bytes)
Event: 30.907 Thread 0x02b98000 nmethod 1364 0x02eb4308 code [0x02eb44e0, 0x02eb4c8c]
Event: 31.265 Thread 0x02b98000 1366             java.util.HashSet::remove (20 bytes)
Event: 31.265 Thread 0x02b98000 nmethod 1366 0x02eb54c8 code [0x02eb55d0, 0x02eb567c]
Event: 31.528 Thread 0x02b98000 1367             java.awt.Toolkit::getEventQueue (7 bytes)
Event: 31.528 Thread 0x02b98000 nmethod 1367 0x02eb56c8 code [0x02eb57d0, 0x02eb5868]

GC Heap History (10 events):
Event: 7.076 GC heap before
{Heap before GC invocations=16 (full 4):
 def new generation   total 25216K, used 22464K [0x24000000, 0x25b50000, 0x29550000)
  eden space 22464K, 100% used [0x24000000, 0x255f0000, 0x255f0000)
  from space 2752K,   0% used [0x255f0000, 0x255f0000, 0x258a0000)
  to   space 2752K,   0% used [0x258a0000, 0x258a0000, 0x25b50000)
 tenured generation   total 55820K, used 33490K [0x29550000, 0x2cbd3000, 0x34000000)
   the space 55820K,  59% used [0x29550000, 0x2b6049d0, 0x2b604a00, 0x2cbd3000)
 compacting perm gen  total 12288K, used 9290K [0x34000000, 0x34c00000, 0x38000000)
   the space 12288K,  75% used [0x34000000, 0x34912b70, 0x34912c00, 0x34c00000)
    ro space 10240K,  42% used [0x38000000, 0x38434778, 0x38434800, 0x38a00000)
    rw space 12288K,  52% used [0x38a00000, 0x39049a68, 0x39049c00, 0x39600000)
Event: 7.097 GC heap after
Heap after GC invocations=17 (full 4):
 def new generation   total 25216K, used 2752K [0x24000000, 0x25b50000, 0x29550000)
  eden space 22464K,   0% used [0x24000000, 0x24000000, 0x255f0000)
  from space 2752K, 100% used [0x258a0000, 0x25b50000, 0x25b50000)
  to   space 2752K,   0% used [0x255f0000, 0x255f0000, 0x258a0000)
 tenured generation   total 55820K, used 37856K [0x29550000, 0x2cbd3000, 0x34000000)
   the space 55820K,  67% used [0x29550000, 0x2ba48390, 0x2ba48400, 0x2cbd3000)
 compacting perm gen  total 12288K, used 9290K [0x34000000, 0x34c00000, 0x38000000)
   the space 12288K,  75% used [0x34000000, 0x34912b70, 0x34912c00, 0x34c00000)
    ro space 10240K,  42% used [0x38000000, 0x38434778, 0x38434800, 0x38a00000)
    rw space 12288K,  52% used [0x38a00000, 0x39049a68, 0x39049c00, 0x39600000)
}
Event: 11.449 GC heap before
{Heap before GC invocations=17 (full 4):
 def new generation   total 25216K, used 24128K [0x24000000, 0x25b50000, 0x29550000)
  eden space 22464K,  95% used [0x24000000, 0x254e0300, 0x255f0000)
  from space 2752K, 100% used [0x258a0000, 0x25b50000, 0x25b50000)
  to   space 2752K,   0% used [0x255f0000, 0x255f0000, 0x258a0000)
 tenured generation   total 55820K, used 37856K [0x29550000, 0x2cbd3000, 0x34000000)
   the space 55820K,  67% used [0x29550000, 0x2ba48390, 0x2ba48400, 0x2cbd3000)
 compacting perm gen  total 12288K, used 9309K [0x34000000, 0x34c00000, 0x38000000)
   the space 12288K,  75% used [0x34000000, 0x34917570, 0x34917600, 0x34c00000)
    ro space 10240K,  42% used [0x38000000, 0x38434778, 0x38434800, 0x38a00000)
    rw space 12288K,  52% used [0x38a00000, 0x39049a68, 0x39049c00, 0x39600000)
Event: 11.456 GC heap after
Heap after GC invocations=18 (full 4):
 def new generation   total 25216K, used 2440K [0x24000000, 0x25b50000, 0x29550000)
  eden space 22464K,   0% used [0x24000000, 0x24000000, 0x255f0000)
  from space 2752K,  88% used [0x255f0000, 0x25852130, 0x258a0000)
  to   space 2752K,   0% used [0x258a0000, 0x258a0000, 0x25b50000)
 tenured generation   total 55820K, used 39900K [0x29550000, 0x2cbd3000, 0x34000000)
   the space 55820K,  71% used [0x29550000, 0x2bc472c8, 0x2bc47400, 0x2cbd3000)
 compacting perm gen  total 12288K, used 9309K [0x34000000, 0x34c00000, 0x38000000)
   the space 12288K,  75% used [0x34000000, 0x34917570, 0x34917600, 0x34c00000)
    ro space 10240K,  42% used [0x38000000, 0x38434778, 0x38434800, 0x38a00000)
    rw space 12288K,  52% used [0x38a00000, 0x39049a68, 0x39049c00, 0x39600000)
}
Event: 15.601 GC heap before
{Heap before GC invocations=18 (full 4):
 def new generation   total 25216K, used 22410K [0x24000000, 0x25b50000, 0x29550000)
  eden space 22464K,  88% used [0x24000000, 0x25380878, 0x255f0000)
  from space 2752K,  88% used [0x255f0000, 0x25852130, 0x258a0000)
  to   space 2752K,   0% used [0x258a0000, 0x258a0000, 0x25b50000)
 tenured generation   total 55820K, used 39900K [0x29550000, 0x2cbd3000, 0x34000000)
   the space 55820K,  71% used [0x29550000, 0x2bc472c8, 0x2bc47400, 0x2cbd3000)
 compacting perm gen  total 12288K, used 9488K [0x34000000, 0x34c00000, 0x38000000)
   the space 12288K,  77% used [0x34000000, 0x34944328, 0x34944400, 0x34c00000)
    ro space 10240K,  42% used [0x38000000, 0x38434778, 0x38434800, 0x38a00000)
    rw space 12288K,  52% used [0x38a00000, 0x39049a68, 0x39049c00, 0x39600000)
Event: 15.609 GC heap after
Heap after GC invocations=19 (full 4):
 def new generation   total 25216K, used 2712K [0x24000000, 0x25b50000, 0x29550000)
  eden space 22464K,   0% used [0x24000000, 0x24000000, 0x255f0000)
  from space 2752K,  98% used [0x258a0000, 0x25b46150, 0x25b50000)
  to   space 2752K,   0% used [0x255f0000, 0x255f0000, 0x258a0000)
 tenured generation   total 55820K, used 51943K [0x29550000, 0x2cbd3000, 0x34000000)
   the space 55820K,  93% used [0x29550000, 0x2c809e28, 0x2c80a000, 0x2cbd3000)
 compacting perm gen  total 12288K, used 9488K [0x34000000, 0x34c00000, 0x38000000)
   the space 12288K,  77% used [0x34000000, 0x34944328, 0x34944400, 0x34c00000)
    ro space 10240K,  42% used [0x38000000, 0x38434778, 0x38434800, 0x38a00000)
    rw space 12288K,  52% used [0x38a00000, 0x39049a68, 0x39049c00, 0x39600000)
}
Event: 16.814 GC heap before
{Heap before GC invocations=19 (full 4):
 def new generation   total 25216K, used 25192K [0x24000000, 0x25b50000, 0x29550000)
  eden space 22464K, 100% used [0x24000000, 0x255f0000, 0x255f0000)
  from space 2752K,  99% used [0x258a0000, 0x25b4a2f0, 0x25b50000)
  to   space 2752K,   0% used [0x255f0000, 0x255f0000, 0x258a0000)
 tenured generation   total 55820K, used 51943K [0x29550000, 0x2cbd3000, 0x34000000)
   the space 55820K,  93% used [0x29550000, 0x2c809e28, 0x2c80a000, 0x2cbd3000)
 compacting perm gen  total 12288K, used 9488K [0x34000000, 0x34c00000, 0x38000000)
   the space 12288K,  77% used [0x34000000, 0x34944378, 0x34944400, 0x34c00000)
    ro space 10240K,  42% used [0x38000000, 0x38434778, 0x38434800, 0x38a00000)
    rw space 12288K,  52% used [0x38a00000, 0x39049a68, 0x39049c00, 0x39600000)
Event: 16.827 GC heap after
Heap after GC invocations=20 (full 4):
 def new generation   total 25216K, used 1930K [0x24000000, 0x25b50000, 0x29550000)
  eden space 22464K,   0% used [0x24000000, 0x24000000, 0x255f0000)
  from space 2752K,  70% used [0x255f0000, 0x257d2a38, 0x258a0000)
  to   space 2752K,   0% used [0x258a0000, 0x258a0000, 0x25b50000)
 tenured generation   total 68820K, used 68654K [0x29550000, 0x2d885000, 0x34000000)
   the space 68820K,  99% used [0x29550000, 0x2d85b958, 0x2d85ba00, 0x2d885000)
 compacting perm gen  total 12288K, used 9488K [0x34000000, 0x34c00000, 0x38000000)
   the space 12288K,  77% used [0x34000000, 0x34944378, 0x34944400, 0x34c00000)
    ro space 10240K,  42% used [0x38000000, 0x38434778, 0x38434800, 0x38a00000)
    rw space 12288K,  52% used [0x38a00000, 0x39049a68, 0x39049c00, 0x39600000)
}
Event: 22.983 GC heap before
{Heap before GC invocations=20 (full 4):
 def new generation   total 25216K, used 24394K [0x24000000, 0x25b50000, 0x29550000)
  eden space 22464K, 100% used [0x24000000, 0x255f0000, 0x255f0000)
  from space 2752K,  70% used [0x255f0000, 0x257d2a38, 0x258a0000)
  to   space 2752K,   0% used [0x258a0000, 0x258a0000, 0x25b50000)
 tenured generation   total 68820K, used 68654K [0x29550000, 0x2d885000, 0x34000000)
   the space 68820K,  99% used [0x29550000, 0x2d85b958, 0x2d85ba00, 0x2d885000)
 compacting perm gen  total 12288K, used 9489K [0x34000000, 0x34c00000, 0x38000000)
   the space 12288K,  77% used [0x34000000, 0x34944488, 0x34944600, 0x34c00000)
    ro space 10240K,  42% used [0x38000000, 0x38434778, 0x38434800, 0x38a00000)
    rw space 12288K,  52% used [0x38a00000, 0x39049a68, 0x39049c00, 0x39600000)
Event: 23.084 GC heap after
Heap after GC invocations=21 (full 5):
 def new generation   total 39360K, used 0K [0x24000000, 0x26ab0000, 0x29550000)
  eden space 35008K,   0% used [0x24000000, 0x24000000, 0x26230000)
  from space 4352K,   0% used [0x26230000, 0x26230000, 0x26670000)
  to   space 4352K,   0% used [0x26670000, 0x26670000, 0x26ab0000)
 tenured generation   total 87212K, used 52324K [0x29550000, 0x2ea7b000, 0x34000000)
   the space 87212K,  59% used [0x29550000, 0x2c8693c0, 0x2c869400, 0x2ea7b000)
 compacting perm gen  total 12288K, used 9489K [0x34000000, 0x34c00000, 0x38000000)
   the space 12288K,  77% used [0x34000000, 0x34944488, 0x34944600, 0x34c00000)
    ro space 10240K,  42% used [0x38000000, 0x38434778, 0x38434800, 0x38a00000)
    rw space 12288K,  52% used [0x38a00000, 0x39049a68, 0x39049c00, 0x39600000)
}

Deoptimization events (0 events):
No events

Internal exceptions (10 events):
Event: 25.032 Thread 0x02b91c00 Threw 0x24f29ca8 at C:\re\jdk7u60\1081\hotspot\src\share\vm\prims\jvm.cpp:1244
Event: 25.427 Thread 0x02b91c00 Threw 0x24f33ba8 at C:\re\jdk7u60\1081\hotspot\src\share\vm\prims\jvm.cpp:1244
Event: 25.427 Thread 0x02b91c00 Threw 0x24f60a28 at C:\re\jdk7u60\1081\hotspot\src\share\vm\prims\jvm.cpp:1244
Event: 25.462 Thread 0x02b91c00 Threw 0x24f758c8 at C:\re\jdk7u60\1081\hotspot\src\share\vm\prims\jvm.cpp:1244
Event: 25.464 Thread 0x02b91c00 Threw 0x24f7e710 at C:\re\jdk7u60\1081\hotspot\src\share\vm\prims\jvm.cpp:1244
Event: 25.465 Thread 0x02b91c00 Threw 0x24f87388 at C:\re\jdk7u60\1081\hotspot\src\share\vm\prims\jvm.cpp:1244
Event: 25.465 Thread 0x02b91c00 Threw 0x24f8da30 at C:\re\jdk7u60\1081\hotspot\src\share\vm\prims\jvm.cpp:1244
Event: 25.466 Thread 0x02b91c00 Threw 0x24f94a78 at C:\re\jdk7u60\1081\hotspot\src\share\vm\prims\jvm.cpp:1244
Event: 25.467 Thread 0x02b91c00 Threw 0x24f9e020 at C:\re\jdk7u60\1081\hotspot\src\share\vm\prims\jvm.cpp:1244
Event: 25.468 Thread 0x02b91c00 Threw 0x24fa4598 at C:\re\jdk7u60\1081\hotspot\src\share\vm\prims\jvm.cpp:1244

Events (10 events):
Event: 32.440 loading class 0x39670c20
Event: 32.440 loading class 0x39670bc8
Event: 32.440 Thread 0x06211400 Thread exited: 0x06211400
Event: 32.440 loading class 0x39670bc8 done
Event: 32.440 loading class 0x39670c20 done
Event: 32.440 Thread 0x06211c00 Thread exited: 0x06211c00
Event: 32.440 Thread 0x0620f000 Thread exited: 0x0620f000
Event: 32.447 Thread 0x02b90c00 Thread exited: 0x02b90c00
Event: 32.541 Thread 0x0620b800 Thread exited: 0x0620b800
Event: 32.541 Executing VM operation: Exit


Dynamic libraries:
0x00a70000 - 0x00a9f000 	C:\Program Files (x86)\Java\jre7\bin\javaw.exe
0x76fe0000 - 0x77137000 	C:\Windows\SYSTEM32\ntdll.dll
0x74690000 - 0x747c0000 	C:\Windows\SYSTEM32\KERNEL32.DLL
0x76a80000 - 0x76b27000 	C:\Windows\SYSTEM32\KERNELBASE.dll
0x747c0000 - 0x7486e000 	C:\Windows\SYSTEM32\ADVAPI32.dll
0x764f0000 - 0x76606000 	C:\Windows\SYSTEM32\USER32.dll
0x73130000 - 0x73328000 	C:\Windows\WinSxS\x86_microsoft.windows.common-controls_6595b64144ccf1df_6.0.9200.16579_none_8937eec6860750f5\COMCTL32.dll
0x76000000 - 0x760b1000 	C:\Windows\SYSTEM32\msvcrt.dll
0x74870000 - 0x748a4000 	C:\Windows\SYSTEM32\sechost.dll
0x760c0000 - 0x7616c000 	C:\Windows\SYSTEM32\RPCRT4.dll
0x748b0000 - 0x749ad000 	C:\Windows\SYSTEM32\GDI32.dll
0x745d0000 - 0x745ed000 	C:\Windows\SYSTEM32\SspiCli.dll
0x745c0000 - 0x745c9000 	C:\Windows\SYSTEM32\CRYPTBASE.dll
0x74560000 - 0x745b1000 	C:\Windows\SYSTEM32\bcryptPrimitives.dll
0x762e0000 - 0x76300000 	C:\Windows\system32\IMM32.DLL
0x76680000 - 0x7675e000 	C:\Windows\SYSTEM32\MSCTF.dll
0x5e970000 - 0x5ea2f000 	C:\Program Files (x86)\Java\jre7\bin\msvcr100.dll
0x5e310000 - 0x5e698000 	C:\Program Files (x86)\Java\jre7\bin\client\jvm.dll
0x71c10000 - 0x71c18000 	C:\Windows\SYSTEM32\WSOCK32.dll
0x71fb0000 - 0x71fd1000 	C:\Windows\SYSTEM32\WINMM.dll
0x76300000 - 0x76306000 	C:\Windows\SYSTEM32\PSAPI.DLL
0x75f80000 - 0x75fd0000 	C:\Windows\SYSTEM32\WS2_32.dll
0x71c70000 - 0x71c9b000 	C:\Windows\SYSTEM32\WINMMBASE.dll
0x75ff0000 - 0x75ff8000 	C:\Windows\SYSTEM32\NSI.dll
0x76b30000 - 0x76b76000 	C:\Windows\SYSTEM32\cfgmgr32.dll
0x75f00000 - 0x75f1e000 	C:\Windows\SYSTEM32\DEVOBJ.dll
0x720a0000 - 0x720ac000 	C:\Program Files (x86)\Java\jre7\bin\verify.dll
0x70bb0000 - 0x70bd0000 	C:\Program Files (x86)\Java\jre7\bin\java.dll
0x70b90000 - 0x70ba3000 	C:\Program Files (x86)\Java\jre7\bin\zip.dll
0x6f490000 - 0x6f5d3000 	C:\Program Files (x86)\Java\jre7\bin\awt.dll
0x76c00000 - 0x76c8b000 	C:\Windows\SYSTEM32\OLEAUT32.dll
0x76de0000 - 0x76f16000 	C:\Windows\SYSTEM32\combase.dll
0x72dd0000 - 0x72e77000 	C:\Windows\system32\apphelp.dll
0x71a40000 - 0x71a59000 	C:\Windows\system32\DWMAPI.DLL
0x726b0000 - 0x72738000 	C:\Windows\system32\uxtheme.dll
0x76760000 - 0x76879000 	C:\Windows\SYSTEM32\ole32.dll
0x74da0000 - 0x75e66000 	C:\Windows\SYSTEM32\SHELL32.dll
0x75f40000 - 0x75f80000 	C:\Windows\SYSTEM32\SHLWAPI.dll
0x73330000 - 0x733a3000 	C:\Windows\SYSTEM32\shcore.dll
0x718b0000 - 0x718e9000 	C:\Program Files (x86)\Java\jre7\bin\fontmanager.dll
0x6f250000 - 0x6f264000 	C:\Program Files (x86)\Java\jre7\bin\net.dll
0x72e80000 - 0x72eca000 	C:\Windows\system32\mswsock.dll
0x718a0000 - 0x718af000 	C:\Program Files (x86)\Java\jre7\bin\nio.dll
0x706d0000 - 0x70700000 	C:\Program Files (x86)\Java\jre7\bin\t2k.dll
0x76b80000 - 0x76bf4000 	C:\Windows\SYSTEM32\clbcatq.dll
0x6a8a0000 - 0x6a9eb000 	C:\Windows\SYSTEM32\WindowsCodecs.dll
0x76dc0000 - 0x76dd1000 	C:\Windows\SYSTEM32\profapi.dll
0x68440000 - 0x68464000 	C:\Program Files (x86)\Java\jre7\bin\dcpr.dll
0x5e900000 - 0x5e96d000 	C:\binaries\terrajava.dll
0x5e220000 - 0x5e307000 	C:\binaries\terramanager-funcate.dll
0x59300000 - 0x59ba6000 	C:\binaries\terralib.dll
0x64af0000 - 0x64b59000 	C:\Windows\SYSTEM32\MSVCP100.dll
0x6d880000 - 0x6db4c000 	C:\binaries\bgd.dll
0x66b80000 - 0x66b9b000 	C:\binaries\terraogc_xml.dll
0x60460000 - 0x6047d000 	C:\binaries\terraogc_sld.dll
0x5f9a0000 - 0x5f9c6000 	C:\binaries\terraogc_se.dll
0x5e8c0000 - 0x5e8f6000 	C:\binaries\terraogc_filter.dll
0x5e1c0000 - 0x5e212000 	C:\binaries\terraogc_ows.dll
0x5f980000 - 0x5f999000 	C:\binaries\terraogc_common.dll
0x684c0000 - 0x684cb000 	C:\binaries\terralib_shp.dll
0x60450000 - 0x6045e000 	C:\binaries\terralib_spl.dll
0x068c0000 - 0x06cb6000 	C:\binaries\qt-mt338.dll
0x613d0000 - 0x6149e000 	C:\Windows\SYSTEM32\OPENGL32.dll
0x613a0000 - 0x613c3000 	C:\Windows\SYSTEM32\GLU32.dll
0x5e140000 - 0x5e1bf000 	C:\binaries\qwt500.dll
0x0f730000 - 0x1172f000 	C:\binaries\berkelium.dll
0x06cc0000 - 0x06e01000 	C:\binaries\LIBMYSQL.dll
0x63100000 - 0x63121000 	C:\binaries\LIBPQ.dll
0x06e10000 - 0x06e71000 	C:\binaries\OCI.dll
0x5da30000 - 0x5daba000 	C:\binaries\libtiff.dll
0x56580000 - 0x56d52000 	C:\binaries\gdal110.dll
0x12000000 - 0x121dc000 	C:\binaries\xerces-c_3_1.dll
0x592a0000 - 0x592f5000 	C:\binaries\terraogc_wms.dll
0x59240000 - 0x59293000 	C:\binaries\terraogc_gml.dll
0x5e0f0000 - 0x5e131000 	C:\binaries\terraogc_xsd.dll
0x5a810000 - 0x5a830000 	C:\binaries\terraogc_xacml.dll
0x71f30000 - 0x71f90000 	C:\Windows\SYSTEM32\WINSPOOL.DRV
0x7c340000 - 0x7c396000 	C:\Windows\SYSTEM32\MSVCR71.dll
0x608a0000 - 0x60979000 	C:\Windows\SYSTEM32\DDRAW.dll
0x727a0000 - 0x727a9000 	C:\Windows\SYSTEM32\Secur32.dll
0x75f20000 - 0x75f3b000 	C:\Windows\SYSTEM32\USERENV.dll
0x71520000 - 0x71570000 	C:\Windows\SYSTEM32\OLEACC.dll
0x54200000 - 0x54276000 	C:\Windows\SYSTEM32\RICHED20.dll
0x72ee0000 - 0x72ee8000 	C:\Windows\SYSTEM32\VERSION.dll
0x720b0000 - 0x720c4000 	C:\Windows\SYSTEM32\USP10.dll
0x72c50000 - 0x72cc5000 	C:\Windows\SYSTEM32\DNSAPI.dll
0x06f20000 - 0x06fca000 	C:\Windows\libeay32.dll
0x06fd0000 - 0x06fdd000 	C:\binaries\libintl-2.dll
0x72ed0000 - 0x72ed6000 	C:\Windows\SYSTEM32\SHFOLDER.DLL
0x06fe0000 - 0x07006000 	C:\Windows\ssleay32.dll
0x07010000 - 0x07036000 	C:\binaries\libexpat.dll
0x60770000 - 0x60811000 	C:\Windows\SYSTEM32\ODBC32.dll
0x60760000 - 0x60767000 	C:\Windows\SYSTEM32\DCIMAN32.dll
0x663b0000 - 0x663db000 	C:\Windows\SYSTEM32\msls31.dll
0x07090000 - 0x0716b000 	C:\binaries\libiconv-2.dll
0x6f600000 - 0x6f61d000 	C:\Windows\SYSTEM32\gpapi.dll
0x74530000 - 0x74556000 	C:\Windows\SYSTEM32\ntmarta.dll
0x54e60000 - 0x55708000 	C:\binaries\icudt46.dll
0x53850000 - 0x53979000 	C:\Windows\SYSTEM32\dbghelp.dll
0x72040000 - 0x72050000 	C:\Windows\system32\napinsp.dll
0x72020000 - 0x72034000 	C:\Windows\system32\pnrpnsp.dll
0x72010000 - 0x72020000 	C:\Windows\system32\NLAapi.dll
0x72000000 - 0x72009000 	C:\Windows\System32\winrnr.dll
0x71ac0000 - 0x71ad0000 	C:\Windows\system32\wshbth.dll
0x726a0000 - 0x726a7000 	C:\Windows\System32\rasadhlp.dll
0x71c30000 - 0x71c6f000 	C:\Windows\System32\fwpuclnt.dll
0x72cd0000 - 0x72cf0000 	C:\Windows\SYSTEM32\IPHLPAPI.DLL
0x72c40000 - 0x72c48000 	C:\Windows\SYSTEM32\WINNSI.DLL
0x730d0000 - 0x730ea000 	C:\Windows\SYSTEM32\CRYPTSP.dll
0x73090000 - 0x730ce000 	C:\Windows\system32\rsaenh.dll
0x72c30000 - 0x72c40000 	C:\Windows\SYSTEM32\dhcpcsvc6.DLL
0x72c10000 - 0x72c22000 	C:\Windows\SYSTEM32\dhcpcsvc.DLL
0x59210000 - 0x59235000 	C:\Program Files (x86)\Java\jre7\bin\jpeg.dll

VM Arguments:
jvm_args: -Dfile.encoding=ISO-8859-1 
java_command: com.nexusbr.gv.main.ConnectDBMain
Launcher Type: SUN_STANDARD

Environment Variables:
JAVA_HOME=C:\Program Files (x86)\Java\jre7
PATH=C:/Program Files (x86)/Java/jre7/bin/client;C:/Program Files (x86)/Java/jre7/bin;C:/Program Files (x86)/Java/jre7/lib/i386;C:\Program Files (x86)\PHP\;c:\Program Files (x86)\Intel\iCLS Client\;c:\Program Files\Intel\iCLS Client\;C:\Windows\system32;C:\Windows;C:\Windows\System32\Wbem;C:\Windows\System32\WindowsPowerShell\v1.0\;C:\Program Files\Intel\Intel(R) Management Engine Components\DAL;C:\Program Files\Intel\Intel(R) Management Engine Components\IPT;C:\Program Files (x86)\Intel\Intel(R) Management Engine Components\DAL;C:\Program Files (x86)\Intel\Intel(R) Management Engine Components\IPT;C:\Program Files (x86)\Intel\OpenCL SDK\3.0\bin\x86;C:\Program Files (x86)\Intel\OpenCL SDK\3.0\bin\x64;C:\Program Files (x86)\Windows Live\Shared;C:\binaries;c:\Program Files (x86)\Microsoft SQL Server\100\Tools\Binn\;c:\Program Files\Microsoft SQL Server\100\Tools\Binn\;c:\Program Files\Microsoft SQL Server\100\DTS\Binn\;C:\strawberry\c\bin;C:\strawberry\perl\site\bin;C:\strawberry\perl\bin;C:\Program Files (x86)\Microsoft SQL Server\110\Tools\Binn\ManagementStudio\;C:\Program Files (x86)\Microsoft SQL Server\110\Tools\Binn\;C:\Program Files\Microsoft SQL Server\110\Tools\Binn\;C:\Program Files (x86)\Microsoft SQL Server\110\DTS\Binn\;C:\Program Files\TortoiseSVN\bin;C:\Python34;C:\Program Files (x86)\Java\jre7\bin;C:\eclipse;
USERNAME=inacio
OS=Windows_NT
PROCESSOR_IDENTIFIER=Intel64 Family 6 Model 69 Stepping 1, GenuineIntel



---------------  S Y S T E M  ---------------

OS: Windows 8 , 64 bit Build 9200 

CPU:total 4 (2 cores per cpu, 2 threads per core) family 6 model 69 stepping 1, cmov, cx8, fxsr, mmx, sse, sse2, sse3, ssse3, sse4.1, sse4.2, popcnt, avx, avx2, aes, erms, ht, tsc, tscinvbit

Memory: 4k page, physical 8290700k(2287976k free), swap 9535884k(3396228k free)

vm_info: Java HotSpot(TM) Client VM (24.60-b09) for windows-x86 JRE (1.7.0_60-b19), built on May  7 2014 13:09:52 by "java_re" with unknown MS VC++:1600

time: Fri Jul 04 10:19:57 2014
elapsed time: 32 seconds

