#
# A fatal error has been detected by the Java Runtime Environment:
#
#  EXCEPTION_ACCESS_VIOLATION (0xc0000005) at pc=0x103d9052, pid=3776, tid=1844
#
# JRE version: Java(TM) SE Runtime Environment (7.0_60-b19) (build 1.7.0_60-b19)
# Java VM: Java HotSpot(TM) Client VM (24.60-b09 mixed mode, sharing windows-x86 )
# Problematic frame:
# C  [berkelium.dll+0xa39052]
#
# Failed to write core dump. Minidumps are not enabled by default on client versions of Windows
#
# If you would like to submit a bug report, please visit:
#   http://bugreport.sun.com/bugreport/crash.jsp
#

---------------  T H R E A D  ---------------

Current thread (0x025afc00):  VMThread [stack: 0x048d0000,0x04920000] [id=1844]

siginfo: ExceptionCode=0xc0000005, reading address 0x000000f8

Registers:
EAX=0x0491f6d4, EBX=0x000493e0, ECX=0x0491f6d4, EDX=0xe4472f90
ESP=0x0491f6c4, EBP=0x00000078, ESI=0x00000000, EDI=0xf628d290
EIP=0x103d9052, EFLAGS=0x00010206

Top of Stack: (sp=0x0491f6c4)
0x0491f6c4:   07335168 07335168 0728ab00 00000000
0x0491f6d4:   e4472f90 00000078 073236c0 0732c900
0x0491f6e4:   00000000 00000000 00000000 74616401
0x0491f6f4:   69642d61 07550072 00000023 0000002f
0x0491f704:   00000000 072b7070 002e5be4 07335000
0x0491f714:   0728ab44 ffffff00 0fa0bf20 11529778
0x0491f724:   06da0030 00000000 0000000f 1152a730
0x0491f734:   00000001 0fa09783 00000008 00000001 

Instructions: (pc=0x103d9052)
0x103d9032:   03 00 00 57 53 e8 f4 c8 60 ff 8b ea 8d 54 24 10
0x103d9042:   52 8b f8 e8 26 ca 00 00 83 c4 04 03 38 13 68 04
0x103d9052:   8b 86 f8 00 00 00 0b 86 fc 00 00 00 89 7c 24 20
0x103d9062:   89 6c 24 24 75 3e 39 84 24 d4 00 00 00 7f 35 7c 


Register to memory mapping:

EAX=
[error occurred during error reporting (printing register info), id 0xc0000005]

Stack: [0x048d0000,0x04920000],  sp=0x0491f6c4,  free space=317k
Native frames: (J=compiled Java code, j=interpreted, Vv=VM code, C=native code)
C  [berkelium.dll+0xa39052]

[error occurred during error reporting (printing native stack), id 0xc0000005]

VM_Operation (0x05eae5d0): Exit, mode: safepoint, requested by thread 0x02622c00


---------------  P R O C E S S  ---------------

Java Threads: ( => current thread )
  0x05d4ac00 JavaThread "Thread-110" [_thread_in_native, id=6388, stack(0x0acc0000,0x0ad10000)]
  0x05d48c00 JavaThread "Thread-109" [_thread_in_native, id=6548, stack(0x0ac30000,0x0ac80000)]
  0x05d4a400 JavaThread "Thread-108" [_thread_in_native, id=6012, stack(0x0aba0000,0x0abf0000)]
  0x05d49400 JavaThread "Thread-107" [_thread_in_native, id=10572, stack(0x0a310000,0x0a360000)]
  0x05d4a000 JavaThread "Thread-106" [_thread_in_native, id=7440, stack(0x0a280000,0x0a2d0000)]
  0x05d49800 JavaThread "Thread-105" [_thread_in_native, id=4584, stack(0x0a1f0000,0x0a240000)]
  0x08dc9000 JavaThread "Thread-104" [_thread_in_native, id=6096, stack(0x0a160000,0x0a1b0000)]
  0x08dcbc00 JavaThread "Thread-103" [_thread_in_native, id=9544, stack(0x0a0d0000,0x0a120000)]
  0x08dcb000 JavaThread "Thread-102" [_thread_in_native, id=6408, stack(0x0a040000,0x0a090000)]
  0x08dca000 JavaThread "Thread-101" [_thread_in_native, id=9900, stack(0x09fb0000,0x0a000000)]
  0x08dc9800 JavaThread "Thread-100" [_thread_in_native, id=9696, stack(0x09f20000,0x09f70000)]
  0x08dc8c00 JavaThread "Thread-99" [_thread_in_native, id=5380, stack(0x09e90000,0x09ee0000)]
  0x08dcc400 JavaThread "Thread-98" [_thread_in_native, id=10796, stack(0x09e00000,0x09e50000)]
  0x05b37000 JavaThread "Thread-97" [_thread_in_native, id=10852, stack(0x09d70000,0x09dc0000)]
  0x05b3bc00 JavaThread "Thread-96" [_thread_in_native, id=5760, stack(0x09ce0000,0x09d30000)]
  0x05b3a400 JavaThread "Thread-95" [_thread_in_native, id=10816, stack(0x09c50000,0x09ca0000)]
  0x05b36c00 JavaThread "Thread-94" [_thread_in_native, id=5640, stack(0x09bc0000,0x09c10000)]
  0x05b3dc00 JavaThread "Thread-89" [_thread_in_native, id=10604, stack(0x098f0000,0x09940000)]
  0x05b3d000 JavaThread "Thread-87" [_thread_in_native, id=10792, stack(0x097d0000,0x09820000)]
  0x05b3ac00 JavaThread "Thread-84" [_thread_in_native, id=3200, stack(0x09620000,0x09670000)]
  0x08dcac00 JavaThread "Image Fetcher 2" daemon [_thread_blocked, id=6244, stack(0x07dc0000,0x07e10000)]
  0x08dca400 JavaThread "Image Fetcher 0" daemon [_thread_blocked, id=6140, stack(0x07d30000,0x07d80000)]
  0x05b3d800 JavaThread "Image Fetcher 1" daemon [_thread_blocked, id=10684, stack(0x07e50000,0x07ea0000)]
  0x05b3c800 JavaThread "WeakCollectionCleaner" daemon [_thread_blocked, id=7940, stack(0x09540000,0x09590000)]
  0x02621400 JavaThread "TimerQueue" daemon [_thread_blocked, id=10964, stack(0x07ca0000,0x07cf0000)]
  0x02624800 JavaThread "Image Animator 3" daemon [_thread_blocked, id=580, stack(0x07bd0000,0x07c20000)]
  0x02620c00 JavaThread "DestroyJavaVM" [_thread_blocked, id=11128, stack(0x00c70000,0x00cc0000)]
  0x02622c00 JavaThread "AWT-EventQueue-0" [_thread_blocked, id=7516, stack(0x05e60000,0x05eb0000)]
  0x02621c00 JavaThread "AWT-Shutdown" [_thread_blocked, id=5604, stack(0x05530000,0x05580000)]
  0x02624000 JavaThread "Java2D Disposer" daemon [_thread_blocked, id=10740, stack(0x054a0000,0x054f0000)]
  0x02622000 JavaThread "Service Thread" daemon [_thread_blocked, id=11248, stack(0x04c30000,0x04c80000)]
  0x02628000 JavaThread "C1 CompilerThread0" daemon [_thread_blocked, id=508, stack(0x04ba0000,0x04bf0000)]
  0x02623800 JavaThread "Attach Listener" daemon [_thread_blocked, id=10412, stack(0x04b10000,0x04b60000)]
  0x02623400 JavaThread "Signal Dispatcher" daemon [_thread_blocked, id=5036, stack(0x04a80000,0x04ad0000)]
  0x025b6000 JavaThread "Finalizer" daemon [_thread_blocked, id=1016, stack(0x049f0000,0x04a40000)]
  0x025b1000 JavaThread "Reference Handler" daemon [_thread_blocked, id=8624, stack(0x04960000,0x049b0000)]

Other Threads:
=>0x025afc00 VMThread [stack: 0x048d0000,0x04920000] [id=1844]

VM state:at safepoint (shutting down)

VM Mutex/Monitor currently owned by a thread:  ([mutex/lock_event])
[0x026ac538] Threads_lock - owner thread: 0x025afc00

Heap
 def new generation   total 23104K, used 9523K [0x24000000, 0x25910000, 0x29550000)
  eden space 20544K,  34% used [0x24000000, 0x246e5020, 0x25410000)
  from space 2560K,  96% used [0x25410000, 0x25677f10, 0x25690000)
  to   space 2560K,   0% used [0x25690000, 0x25690000, 0x25910000)
 tenured generation   total 51184K, used 50457K [0x29550000, 0x2c74c000, 0x34000000)
   the space 51184K,  98% used [0x29550000, 0x2c696748, 0x2c696800, 0x2c74c000)
 compacting perm gen  total 12288K, used 8813K [0x34000000, 0x34c00000, 0x38000000)
   the space 12288K,  71% used [0x34000000, 0x3489b480, 0x3489b600, 0x34c00000)
    ro space 10240K,  42% used [0x38000000, 0x38434778, 0x38434800, 0x38a00000)
    rw space 12288K,  52% used [0x38a00000, 0x39049a68, 0x39049c00, 0x39600000)

Card table byte_map: [0x04750000,0x04800000] byte_map_base: 0x04630000

Polling page: 0x00cc0000

Code Cache  [0x02750000, 0x02960000, 0x04750000)
 total_blobs=1252 nmethods=965 adapters=223 free_code_cache=30678Kb largest_free_block=31414080

Compilation events (10 events):
Event: 12.665 Thread 0x02628000  970             java.util.GregorianCalendar::<init> (60 bytes)
Event: 12.666 Thread 0x02628000 nmethod 970 0x02959588 code [0x029596a0, 0x02959814]
Event: 12.672 Thread 0x02628000  971             br.org.funcate.glue.model.cache.Tile::getIndexX (5 bytes)
Event: 12.673 Thread 0x02628000 nmethod 971 0x02959908 code [0x02959a00, 0x02959a80]
Event: 12.673 Thread 0x02628000  972             br.org.funcate.glue.model.cache.Tile::getIndexY (5 bytes)
Event: 12.673 Thread 0x02628000 nmethod 972 0x02959ac8 code [0x02959bc0, 0x02959c40]
Event: 12.679 Thread 0x02628000  973             java.lang.Boolean::valueOf (14 bytes)
Event: 12.679 Thread 0x02628000 nmethod 973 0x02959c88 code [0x02959d80, 0x02959e00]
Event: 12.679 Thread 0x02628000  974   !         sun.java2d.pipe.DrawImage::renderImageScale (160 bytes)
Event: 12.680 Thread 0x02628000 nmethod 974 0x02959e48 code [0x02959fa0, 0x0295a3cc]

GC Heap History (10 events):
Event: 5.877 GC heap before
{Heap before GC invocations=14 (full 3):
 def new generation   total 13376K, used 11902K [0x24000000, 0x24e80000, 0x29550000)
  eden space 11904K,  99% used [0x24000000, 0x24b9fb50, 0x24ba0000)
  from space 1472K,   0% used [0x24ba0000, 0x24ba0000, 0x24d10000)
  to   space 1472K,   0% used [0x24d10000, 0x24d10000, 0x24e80000)
 tenured generation   total 29620K, used 17771K [0x29550000, 0x2b23d000, 0x34000000)
   the space 29620K,  59% used [0x29550000, 0x2a6aae40, 0x2a6ab000, 0x2b23d000)
 compacting perm gen  total 12288K, used 8778K [0x34000000, 0x34c00000, 0x38000000)
   the space 12288K,  71% used [0x34000000, 0x34892a88, 0x34892c00, 0x34c00000)
    ro space 10240K,  42% used [0x38000000, 0x38434778, 0x38434800, 0x38a00000)
    rw space 12288K,  52% used [0x38a00000, 0x39049a68, 0x39049c00, 0x39600000)
Event: 5.886 GC heap after
Heap after GC invocations=15 (full 3):
 def new generation   total 13376K, used 1127K [0x24000000, 0x24e80000, 0x29550000)
  eden space 11904K,   0% used [0x24000000, 0x24000000, 0x24ba0000)
  from space 1472K,  76% used [0x24d10000, 0x24e29ea0, 0x24e80000)
  to   space 1472K,   0% used [0x24ba0000, 0x24ba0000, 0x24d10000)
 tenured generation   total 29620K, used 23964K [0x29550000, 0x2b23d000, 0x34000000)
   the space 29620K,  80% used [0x29550000, 0x2acb7210, 0x2acb7400, 0x2b23d000)
 compacting perm gen  total 12288K, used 8778K [0x34000000, 0x34c00000, 0x38000000)
   the space 12288K,  71% used [0x34000000, 0x34892a88, 0x34892c00, 0x34c00000)
    ro space 10240K,  42% used [0x38000000, 0x38434778, 0x38434800, 0x38a00000)
    rw space 12288K,  52% used [0x38a00000, 0x39049a68, 0x39049c00, 0x39600000)
}
Event: 6.800 GC heap before
{Heap before GC invocations=15 (full 3):
 def new generation   total 13376K, used 13341K [0x24000000, 0x24e80000, 0x29550000)
  eden space 11904K, 100% used [0x24000000, 0x24ba0000, 0x24ba0000)
  from space 1472K,  97% used [0x24d10000, 0x24e77658, 0x24e80000)
  to   space 1472K,   0% used [0x24ba0000, 0x24ba0000, 0x24d10000)
 tenured generation   total 29620K, used 24476K [0x29550000, 0x2b23d000, 0x34000000)
   the space 29620K,  82% used [0x29550000, 0x2ad37230, 0x2ad37400, 0x2b23d000)
 compacting perm gen  total 12288K, used 8779K [0x34000000, 0x34c00000, 0x38000000)
   the space 12288K,  71% used [0x34000000, 0x34892c60, 0x34892e00, 0x34c00000)
    ro space 10240K,  42% used [0x38000000, 0x38434778, 0x38434800, 0x38a00000)
    rw space 12288K,  52% used [0x38a00000, 0x39049a68, 0x39049c00, 0x39600000)
Event: 6.805 GC heap after
Heap after GC invocations=16 (full 3):
 def new generation   total 13376K, used 1306K [0x24000000, 0x24e80000, 0x29550000)
  eden space 11904K,   0% used [0x24000000, 0x24000000, 0x24ba0000)
  from space 1472K,  88% used [0x24ba0000, 0x24ce6ba8, 0x24d10000)
  to   space 1472K,   0% used [0x24d10000, 0x24d10000, 0x24e80000)
 tenured generation   total 30916K, used 30855K [0x29550000, 0x2b381000, 0x34000000)
   the space 30916K,  99% used [0x29550000, 0x2b371f70, 0x2b372000, 0x2b381000)
 compacting perm gen  total 12288K, used 8779K [0x34000000, 0x34c00000, 0x38000000)
   the space 12288K,  71% used [0x34000000, 0x34892c60, 0x34892e00, 0x34c00000)
    ro space 10240K,  42% used [0x38000000, 0x38434778, 0x38434800, 0x38a00000)
    rw space 12288K,  52% used [0x38a00000, 0x39049a68, 0x39049c00, 0x39600000)
}
Event: 7.699 GC heap before
{Heap before GC invocations=16 (full 3):
 def new generation   total 13376K, used 13210K [0x24000000, 0x24e80000, 0x29550000)
  eden space 11904K,  99% used [0x24000000, 0x24b9ff98, 0x24ba0000)
  from space 1472K,  88% used [0x24ba0000, 0x24ce6ba8, 0x24d10000)
  to   space 1472K,   0% used [0x24d10000, 0x24d10000, 0x24e80000)
 tenured generation   total 30916K, used 30855K [0x29550000, 0x2b381000, 0x34000000)
   the space 30916K,  99% used [0x29550000, 0x2b371f70, 0x2b372000, 0x2b381000)
 compacting perm gen  total 12288K, used 8808K [0x34000000, 0x34c00000, 0x38000000)
   the space 12288K,  71% used [0x34000000, 0x3489a318, 0x3489a400, 0x34c00000)
    ro space 10240K,  42% used [0x38000000, 0x38434778, 0x38434800, 0x38a00000)
    rw space 12288K,  52% used [0x38a00000, 0x39049a68, 0x39049c00, 0x39600000)
Event: 7.773 GC heap after
Heap after GC invocations=17 (full 4):
 def new generation   total 23104K, used 0K [0x24000000, 0x25910000, 0x29550000)
  eden space 20544K,   0% used [0x24000000, 0x24000000, 0x25410000)
  from space 2560K,   0% used [0x25410000, 0x25410000, 0x25690000)
  to   space 2560K,   0% used [0x25690000, 0x25690000, 0x25910000)
 tenured generation   total 51184K, used 30709K [0x29550000, 0x2c74c000, 0x34000000)
   the space 51184K,  59% used [0x29550000, 0x2b34d638, 0x2b34d800, 0x2c74c000)
 compacting perm gen  total 12288K, used 8802K [0x34000000, 0x34c00000, 0x38000000)
   the space 12288K,  71% used [0x34000000, 0x348989c0, 0x34898a00, 0x34c00000)
    ro space 10240K,  42% used [0x38000000, 0x38434778, 0x38434800, 0x38a00000)
    rw space 12288K,  52% used [0x38a00000, 0x39049a68, 0x39049c00, 0x39600000)
}
Event: 9.528 GC heap before
{Heap before GC invocations=17 (full 4):
 def new generation   total 23104K, used 20600K [0x24000000, 0x25910000, 0x29550000)
  eden space 20544K, 100% used [0x24000000, 0x25410000, 0x25410000)
  from space 2560K,   2% used [0x25410000, 0x2541e358, 0x25690000)
  to   space 2560K,   0% used [0x25690000, 0x25690000, 0x25910000)
 tenured generation   total 51184K, used 30709K [0x29550000, 0x2c74c000, 0x34000000)
   the space 51184K,  59% used [0x29550000, 0x2b34d638, 0x2b34d800, 0x2c74c000)
 compacting perm gen  total 12288K, used 8802K [0x34000000, 0x34c00000, 0x38000000)
   the space 12288K,  71% used [0x34000000, 0x34898ad0, 0x34898c00, 0x34c00000)
    ro space 10240K,  42% used [0x38000000, 0x38434778, 0x38434800, 0x38a00000)
    rw space 12288K,  52% used [0x38a00000, 0x39049a68, 0x39049c00, 0x39600000)
Event: 9.534 GC heap after
Heap after GC invocations=18 (full 4):
 def new generation   total 23104K, used 2560K [0x24000000, 0x25910000, 0x29550000)
  eden space 20544K,   0% used [0x24000000, 0x24000000, 0x25410000)
  from space 2560K, 100% used [0x25690000, 0x25910000, 0x25910000)
  to   space 2560K,   0% used [0x25410000, 0x25410000, 0x25690000)
 tenured generation   total 51184K, used 41438K [0x29550000, 0x2c74c000, 0x34000000)
   the space 51184K,  80% used [0x29550000, 0x2bdc7bc0, 0x2bdc7c00, 0x2c74c000)
 compacting perm gen  total 12288K, used 8802K [0x34000000, 0x34c00000, 0x38000000)
   the space 12288K,  71% used [0x34000000, 0x34898ad0, 0x34898c00, 0x34c00000)
    ro space 10240K,  42% used [0x38000000, 0x38434778, 0x38434800, 0x38a00000)
    rw space 12288K,  52% used [0x38a00000, 0x39049a68, 0x39049c00, 0x39600000)
}
Event: 10.385 GC heap before
{Heap before GC invocations=18 (full 4):
 def new generation   total 23104K, used 22825K [0x24000000, 0x25910000, 0x29550000)
  eden space 20544K,  98% used [0x24000000, 0x253ca470, 0x25410000)
  from space 2560K, 100% used [0x25690000, 0x25910000, 0x25910000)
  to   space 2560K,   0% used [0x25410000, 0x25410000, 0x25690000)
 tenured generation   total 51184K, used 41438K [0x29550000, 0x2c74c000, 0x34000000)
   the space 51184K,  80% used [0x29550000, 0x2bdc7bc0, 0x2bdc7c00, 0x2c74c000)
 compacting perm gen  total 12288K, used 8802K [0x34000000, 0x34c00000, 0x38000000)
   the space 12288K,  71% used [0x34000000, 0x34898af0, 0x34898c00, 0x34c00000)
    ro space 10240K,  42% used [0x38000000, 0x38434778, 0x38434800, 0x38a00000)
    rw space 12288K,  52% used [0x38a00000, 0x39049a68, 0x39049c00, 0x39600000)
Event: 10.399 GC heap after
Heap after GC invocations=19 (full 4):
 def new generation   total 23104K, used 2463K [0x24000000, 0x25910000, 0x29550000)
  eden space 20544K,   0% used [0x24000000, 0x24000000, 0x25410000)
  from space 2560K,  96% used [0x25410000, 0x25677f10, 0x25690000)
  to   space 2560K,   0% used [0x25690000, 0x25690000, 0x25910000)
 tenured generation   total 51184K, used 50457K [0x29550000, 0x2c74c000, 0x34000000)
   the space 51184K,  98% used [0x29550000, 0x2c696748, 0x2c696800, 0x2c74c000)
 compacting perm gen  total 12288K, used 8802K [0x34000000, 0x34c00000, 0x38000000)
   the space 12288K,  71% used [0x34000000, 0x34898af0, 0x34898c00, 0x34c00000)
    ro space 10240K,  42% used [0x38000000, 0x38434778, 0x38434800, 0x38a00000)
    rw space 12288K,  52% used [0x38a00000, 0x39049a68, 0x39049c00, 0x39600000)
}

Deoptimization events (0 events):
No events

Internal exceptions (10 events):
Event: 5.857 Thread 0x05b3d000 Threw 0x2492a5d8 at C:\re\jdk7u60\1081\hotspot\src\share\vm\prims\jvm.cpp:1244
Event: 7.680 Thread 0x02622c00 Threw 0x24925108 at C:\re\jdk7u60\1081\hotspot\src\share\vm\prims\jvm.cpp:1244
Event: 7.682 Thread 0x02622c00 Threw 0x2492a848 at C:\re\jdk7u60\1081\hotspot\src\share\vm\prims\jvm.cpp:1244
Event: 7.684 Thread 0x02622c00 Threw 0x24938770 at C:\re\jdk7u60\1081\hotspot\src\share\vm\prims\jvm.cpp:1244
Event: 7.686 Thread 0x02622c00 Threw 0x2493d990 at C:\re\jdk7u60\1081\hotspot\src\share\vm\prims\jvm.cpp:1244
Event: 9.719 Thread 0x05b38400 Threw 0x246b0328 at C:\re\jdk7u60\1081\hotspot\src\share\vm\prims\jvm.cpp:2917
Event: 11.390 Thread 0x08dcac00 Threw 0x24239b18 at C:\re\jdk7u60\1081\hotspot\src\share\vm\prims\jvm.cpp:2917
Event: 11.395 Thread 0x05b39000 Threw 0x2423ee68 at C:\re\jdk7u60\1081\hotspot\src\share\vm\prims\jni.cpp:743
Event: 11.395 Thread 0x05b39000 Threw 0x2423f150 at C:\re\jdk7u60\1081\hotspot\src\share\vm\prims\jni.cpp:743
Event: 11.395 Thread 0x05b39000 Threw 0x2423f3c0 at C:\re\jdk7u60\1081\hotspot\src\share\vm\prims\jni.cpp:743

Events (10 events):
Event: 12.825 Thread 0x05d48800 Thread exited: 0x05d48800
Event: 12.826 Thread 0x05d4b800 Thread exited: 0x05d4b800
Event: 12.828 Thread 0x02622800 Thread exited: 0x02622800
Event: 12.848 loading class 0x39670c20
Event: 12.851 loading class 0x39670bc8
Event: 12.851 loading class 0x39670bc8 done
Event: 12.851 loading class 0x39670c20 done
Event: 12.851 Thread 0x05d48000 Thread exited: 0x05d48000
Event: 12.901 Thread 0x05d4b400 Thread exited: 0x05d4b400
Event: 12.901 Executing VM operation: Exit


Dynamic libraries:
0x00a70000 - 0x00a9f000 	C:\Program Files (x86)\Java\jre7\bin\javaw.exe
0x76fe0000 - 0x77137000 	C:\Windows\SYSTEM32\ntdll.dll
0x74690000 - 0x747c0000 	C:\Windows\SYSTEM32\KERNEL32.DLL
0x76a80000 - 0x76b27000 	C:\Windows\SYSTEM32\KERNELBASE.dll
0x747c0000 - 0x7486e000 	C:\Windows\SYSTEM32\ADVAPI32.dll
0x764f0000 - 0x76606000 	C:\Windows\SYSTEM32\USER32.dll
0x73130000 - 0x73328000 	C:\Windows\WinSxS\x86_microsoft.windows.common-controls_6595b64144ccf1df_6.0.9200.16579_none_8937eec6860750f5\COMCTL32.dll
0x76000000 - 0x760b1000 	C:\Windows\SYSTEM32\msvcrt.dll
0x74870000 - 0x748a4000 	C:\Windows\SYSTEM32\sechost.dll
0x760c0000 - 0x7616c000 	C:\Windows\SYSTEM32\RPCRT4.dll
0x748b0000 - 0x749ad000 	C:\Windows\SYSTEM32\GDI32.dll
0x745d0000 - 0x745ed000 	C:\Windows\SYSTEM32\SspiCli.dll
0x745c0000 - 0x745c9000 	C:\Windows\SYSTEM32\CRYPTBASE.dll
0x74560000 - 0x745b1000 	C:\Windows\SYSTEM32\bcryptPrimitives.dll
0x762e0000 - 0x76300000 	C:\Windows\system32\IMM32.DLL
0x76680000 - 0x7675e000 	C:\Windows\SYSTEM32\MSCTF.dll
0x6f3f0000 - 0x6f4af000 	C:\Program Files (x86)\Java\jre7\bin\msvcr100.dll
0x5e310000 - 0x5e698000 	C:\Program Files (x86)\Java\jre7\bin\client\jvm.dll
0x71c10000 - 0x71c18000 	C:\Windows\SYSTEM32\WSOCK32.dll
0x71fb0000 - 0x71fd1000 	C:\Windows\SYSTEM32\WINMM.dll
0x76300000 - 0x76306000 	C:\Windows\SYSTEM32\PSAPI.DLL
0x75f80000 - 0x75fd0000 	C:\Windows\SYSTEM32\WS2_32.dll
0x71c70000 - 0x71c9b000 	C:\Windows\SYSTEM32\WINMMBASE.dll
0x75ff0000 - 0x75ff8000 	C:\Windows\SYSTEM32\NSI.dll
0x76b30000 - 0x76b76000 	C:\Windows\SYSTEM32\cfgmgr32.dll
0x75f00000 - 0x75f1e000 	C:\Windows\SYSTEM32\DEVOBJ.dll
0x720a0000 - 0x720ac000 	C:\Program Files (x86)\Java\jre7\bin\verify.dll
0x70bb0000 - 0x70bd0000 	C:\Program Files (x86)\Java\jre7\bin\java.dll
0x70b90000 - 0x70ba3000 	C:\Program Files (x86)\Java\jre7\bin\zip.dll
0x6f2a0000 - 0x6f3e3000 	C:\Program Files (x86)\Java\jre7\bin\awt.dll
0x76c00000 - 0x76c8b000 	C:\Windows\SYSTEM32\OLEAUT32.dll
0x76de0000 - 0x76f16000 	C:\Windows\SYSTEM32\combase.dll
0x72dd0000 - 0x72e77000 	C:\Windows\system32\apphelp.dll
0x71a40000 - 0x71a59000 	C:\Windows\system32\DWMAPI.DLL
0x726b0000 - 0x72738000 	C:\Windows\system32\uxtheme.dll
0x76760000 - 0x76879000 	C:\Windows\SYSTEM32\ole32.dll
0x74da0000 - 0x75e66000 	C:\Windows\SYSTEM32\SHELL32.dll
0x75f40000 - 0x75f80000 	C:\Windows\SYSTEM32\SHLWAPI.dll
0x73330000 - 0x733a3000 	C:\Windows\SYSTEM32\shcore.dll
0x718b0000 - 0x718e9000 	C:\Program Files (x86)\Java\jre7\bin\fontmanager.dll
0x6f250000 - 0x6f264000 	C:\Program Files (x86)\Java\jre7\bin\net.dll
0x72e80000 - 0x72eca000 	C:\Windows\system32\mswsock.dll
0x718a0000 - 0x718af000 	C:\Program Files (x86)\Java\jre7\bin\nio.dll
0x706d0000 - 0x70700000 	C:\Program Files (x86)\Java\jre7\bin\t2k.dll
0x76b80000 - 0x76bf4000 	C:\Windows\SYSTEM32\clbcatq.dll
0x6a8a0000 - 0x6a9eb000 	C:\Windows\SYSTEM32\WindowsCodecs.dll
0x76dc0000 - 0x76dd1000 	C:\Windows\SYSTEM32\profapi.dll
0x706a0000 - 0x706c4000 	C:\Program Files (x86)\Java\jre7\bin\dcpr.dll
0x686c0000 - 0x6872d000 	C:\binaries\terrajava.dll
0x685d0000 - 0x686b7000 	C:\binaries\terramanager-funcate.dll
0x59300000 - 0x59ba6000 	C:\binaries\terralib.dll
0x64af0000 - 0x64b59000 	C:\Windows\SYSTEM32\MSVCP100.dll
0x6d880000 - 0x6db4c000 	C:\binaries\bgd.dll
0x71500000 - 0x7151b000 	C:\binaries\terraogc_xml.dll
0x6ab50000 - 0x6ab6d000 	C:\binaries\terraogc_sld.dll
0x685a0000 - 0x685c6000 	C:\binaries\terraogc_se.dll
0x68560000 - 0x68596000 	C:\binaries\terraogc_filter.dll
0x68500000 - 0x68552000 	C:\binaries\terraogc_ows.dll
0x684e0000 - 0x684f9000 	C:\binaries\terraogc_common.dll
0x6f190000 - 0x6f19b000 	C:\binaries\terralib_shp.dll
0x684d0000 - 0x684de000 	C:\binaries\terralib_spl.dll
0x06400000 - 0x067f6000 	C:\binaries\qt-mt338.dll
0x613d0000 - 0x6149e000 	C:\Windows\SYSTEM32\OPENGL32.dll
0x613a0000 - 0x613c3000 	C:\Windows\SYSTEM32\GLU32.dll
0x5efe0000 - 0x5f05f000 	C:\binaries\qwt500.dll
0x0f9a0000 - 0x1199f000 	C:\binaries\berkelium.dll
0x06800000 - 0x06941000 	C:\binaries\LIBMYSQL.dll
0x63100000 - 0x63121000 	C:\binaries\LIBPQ.dll
0x06950000 - 0x069b1000 	C:\binaries\OCI.dll
0x5ef50000 - 0x5efda000 	C:\binaries\libtiff.dll
0x574c0000 - 0x57c92000 	C:\binaries\gdal110.dll
0x12000000 - 0x121dc000 	C:\binaries\xerces-c_3_1.dll
0x5eef0000 - 0x5ef45000 	C:\binaries\terraogc_wms.dll
0x5ee90000 - 0x5eee3000 	C:\binaries\terraogc_gml.dll
0x5f980000 - 0x5f9c1000 	C:\binaries\terraogc_xsd.dll
0x68450000 - 0x68470000 	C:\binaries\terraogc_xacml.dll
0x71f30000 - 0x71f90000 	C:\Windows\SYSTEM32\WINSPOOL.DRV
0x7c340000 - 0x7c396000 	C:\Windows\SYSTEM32\MSVCR71.dll
0x608a0000 - 0x60979000 	C:\Windows\SYSTEM32\DDRAW.dll
0x727a0000 - 0x727a9000 	C:\Windows\SYSTEM32\Secur32.dll
0x75f20000 - 0x75f3b000 	C:\Windows\SYSTEM32\USERENV.dll
0x71520000 - 0x71570000 	C:\Windows\SYSTEM32\OLEACC.dll
0x54200000 - 0x54276000 	C:\Windows\SYSTEM32\RICHED20.dll
0x72ee0000 - 0x72ee8000 	C:\Windows\SYSTEM32\VERSION.dll
0x720b0000 - 0x720c4000 	C:\Windows\SYSTEM32\USP10.dll
0x72c50000 - 0x72cc5000 	C:\Windows\SYSTEM32\DNSAPI.dll
0x06a60000 - 0x06b0a000 	C:\Windows\libeay32.dll
0x06b10000 - 0x06b1d000 	C:\binaries\libintl-2.dll
0x72ed0000 - 0x72ed6000 	C:\Windows\SYSTEM32\SHFOLDER.DLL
0x06b20000 - 0x06b46000 	C:\Windows\ssleay32.dll
0x06b50000 - 0x06b76000 	C:\binaries\libexpat.dll
0x60770000 - 0x60811000 	C:\Windows\SYSTEM32\ODBC32.dll
0x60760000 - 0x60767000 	C:\Windows\SYSTEM32\DCIMAN32.dll
0x663b0000 - 0x663db000 	C:\Windows\SYSTEM32\msls31.dll
0x06bd0000 - 0x06cab000 	C:\binaries\libiconv-2.dll
0x6f600000 - 0x6f61d000 	C:\Windows\SYSTEM32\gpapi.dll
0x74530000 - 0x74556000 	C:\Windows\SYSTEM32\ntmarta.dll
0x564b0000 - 0x56d58000 	C:\binaries\icudt46.dll
0x53850000 - 0x53979000 	C:\Windows\SYSTEM32\dbghelp.dll
0x72040000 - 0x72050000 	C:\Windows\system32\napinsp.dll
0x72020000 - 0x72034000 	C:\Windows\system32\pnrpnsp.dll
0x72010000 - 0x72020000 	C:\Windows\system32\NLAapi.dll
0x72000000 - 0x72009000 	C:\Windows\System32\winrnr.dll
0x71ac0000 - 0x71ad0000 	C:\Windows\system32\wshbth.dll
0x71c30000 - 0x71c6f000 	C:\Windows\System32\fwpuclnt.dll
0x726a0000 - 0x726a7000 	C:\Windows\System32\rasadhlp.dll
0x730d0000 - 0x730ea000 	C:\Windows\SYSTEM32\CRYPTSP.dll
0x73090000 - 0x730ce000 	C:\Windows\system32\rsaenh.dll
0x72cd0000 - 0x72cf0000 	C:\Windows\SYSTEM32\IPHLPAPI.DLL
0x72c40000 - 0x72c48000 	C:\Windows\SYSTEM32\WINNSI.DLL
0x72c30000 - 0x72c40000 	C:\Windows\SYSTEM32\dhcpcsvc6.DLL
0x72c10000 - 0x72c22000 	C:\Windows\SYSTEM32\dhcpcsvc.DLL
0x60450000 - 0x60475000 	C:\Program Files (x86)\Java\jre7\bin\jpeg.dll

VM Arguments:
jvm_args: -Dfile.encoding=ISO-8859-1 
java_command: com.nexusbr.gv.main.ConnectDBMain
Launcher Type: SUN_STANDARD

Environment Variables:
JAVA_HOME=C:\Program Files (x86)\Java\jre7
PATH=C:/Program Files (x86)/Java/jre7/bin/client;C:/Program Files (x86)/Java/jre7/bin;C:/Program Files (x86)/Java/jre7/lib/i386;C:\Program Files (x86)\PHP\;c:\Program Files (x86)\Intel\iCLS Client\;c:\Program Files\Intel\iCLS Client\;C:\Windows\system32;C:\Windows;C:\Windows\System32\Wbem;C:\Windows\System32\WindowsPowerShell\v1.0\;C:\Program Files\Intel\Intel(R) Management Engine Components\DAL;C:\Program Files\Intel\Intel(R) Management Engine Components\IPT;C:\Program Files (x86)\Intel\Intel(R) Management Engine Components\DAL;C:\Program Files (x86)\Intel\Intel(R) Management Engine Components\IPT;C:\Program Files (x86)\Intel\OpenCL SDK\3.0\bin\x86;C:\Program Files (x86)\Intel\OpenCL SDK\3.0\bin\x64;C:\Program Files (x86)\Windows Live\Shared;C:\binaries;c:\Program Files (x86)\Microsoft SQL Server\100\Tools\Binn\;c:\Program Files\Microsoft SQL Server\100\Tools\Binn\;c:\Program Files\Microsoft SQL Server\100\DTS\Binn\;C:\strawberry\c\bin;C:\strawberry\perl\site\bin;C:\strawberry\perl\bin;C:\Program Files (x86)\Microsoft SQL Server\110\Tools\Binn\ManagementStudio\;C:\Program Files (x86)\Microsoft SQL Server\110\Tools\Binn\;C:\Program Files\Microsoft SQL Server\110\Tools\Binn\;C:\Program Files (x86)\Microsoft SQL Server\110\DTS\Binn\;C:\Program Files\TortoiseSVN\bin;C:\Python34;C:\Program Files (x86)\Java\jre7\bin;C:\eclipse;
USERNAME=inacio
OS=Windows_NT
PROCESSOR_IDENTIFIER=Intel64 Family 6 Model 69 Stepping 1, GenuineIntel



---------------  S Y S T E M  ---------------

OS: Windows 8 , 64 bit Build 9200 

CPU:total 4 (2 cores per cpu, 2 threads per core) family 6 model 69 stepping 1, cmov, cx8, fxsr, mmx, sse, sse2, sse3, ssse3, sse4.1, sse4.2, popcnt, avx, avx2, aes, erms, ht, tsc, tscinvbit

Memory: 4k page, physical 8290700k(2609152k free), swap 9535884k(2855992k free)

vm_info: Java HotSpot(TM) Client VM (24.60-b09) for windows-x86 JRE (1.7.0_60-b19), built on May  7 2014 13:09:52 by "java_re" with unknown MS VC++:1600

time: Thu Jul 03 16:05:53 2014
elapsed time: 13 seconds

