#
# A fatal error has been detected by the Java Runtime Environment:
#
#  EXCEPTION_ACCESS_VIOLATION (0xc0000005) at pc=0x0fc09052, pid=3620, tid=5616
#
# JRE version: Java(TM) SE Runtime Environment (7.0_60-b19) (build 1.7.0_60-b19)
# Java VM: Java HotSpot(TM) Client VM (24.60-b09 mixed mode, sharing windows-x86 )
# Problematic frame:
# C  [berkelium.dll+0xa39052]
#
# Failed to write core dump. Minidumps are not enabled by default on client versions of Windows
#
# If you would like to submit a bug report, please visit:
#   http://bugreport.sun.com/bugreport/crash.jsp
#

---------------  T H R E A D  ---------------

Current thread (0x0236fc00):  VMThread [stack: 0x04690000,0x046e0000] [id=5616]

siginfo: ExceptionCode=0xc0000005, reading address 0x000000f8

Registers:
EAX=0x046df434, EBX=0x000493e0, ECX=0x046df434, EDX=0x1173f808
ESP=0x046df424, EBP=0x00000066, ESI=0x00000000, EDI=0x23559b08
EIP=0x0fc09052, EFLAGS=0x00010206

Top of Stack: (sp=0x046df424)
0x046df424:   07081168 07081168 06fdab00 00000000
0x046df434:   1173f808 00000066 07073a20 0707e900
0x046df444:   00000000 00000000 00000000 74616401
0x046df454:   69642d61 07300072 00000023 0000002f
0x046df464:   00000000 07007070 002e5bd2 07081000
0x046df474:   06fdab44 ffffff00 0f23bf20 10d59778
0x046df484:   06b50030 00000000 0000000f 10d5a730
0x046df494:   00000001 0f239783 00000008 00000001 

Instructions: (pc=0x0fc09052)
0x0fc09032:   03 00 00 57 53 e8 f4 c8 60 ff 8b ea 8d 54 24 10
0x0fc09042:   52 8b f8 e8 26 ca 00 00 83 c4 04 03 38 13 68 04
0x0fc09052:   8b 86 f8 00 00 00 0b 86 fc 00 00 00 89 7c 24 20
0x0fc09062:   89 6c 24 24 75 3e 39 84 24 d4 00 00 00 7f 35 7c 


Register to memory mapping:

EAX=
[error occurred during error reporting (printing register info), id 0xc0000005]

Stack: [0x04690000,0x046e0000],  sp=0x046df424,  free space=317k
Native frames: (J=compiled Java code, j=interpreted, Vv=VM code, C=native code)
C  [berkelium.dll+0xa39052]

VM_Operation (0x05c4e660): Exit, mode: safepoint, requested by thread 0x057c9800


---------------  P R O C E S S  ---------------

Java Threads: ( => current thread )
  0x08c30800 JavaThread "Image Fetcher 3" daemon [_thread_blocked, id=1820, stack(0x07b60000,0x07bb0000)]
  0x05aea000 JavaThread "Image Fetcher 2" daemon [_thread_blocked, id=9452, stack(0x07ad0000,0x07b20000)]
  0x05aeac00 JavaThread "WeakCollectionCleaner" daemon [_thread_blocked, id=5232, stack(0x09ad0000,0x09b20000)]
  0x05b3ec00 JavaThread "TimerQueue" daemon [_thread_blocked, id=4188, stack(0x07a30000,0x07a80000)]
  0x0249e000 JavaThread "DestroyJavaVM" [_thread_blocked, id=4780, stack(0x00aa0000,0x00af0000)]
  0x057c9800 JavaThread "AWT-EventQueue-0" [_thread_blocked, id=8260, stack(0x05c00000,0x05c50000)]
  0x04cbcc00 JavaThread "AWT-Shutdown" [_thread_blocked, id=3800, stack(0x052d0000,0x05320000)]
  0x04cb3800 JavaThread "Java2D Disposer" daemon [_thread_blocked, id=7512, stack(0x05100000,0x05150000)]
  0x023eb800 JavaThread "Service Thread" daemon [_thread_blocked, id=4260, stack(0x049f0000,0x04a40000)]
  0x023e7c00 JavaThread "C1 CompilerThread0" daemon [_thread_blocked, id=6760, stack(0x04960000,0x049b0000)]
  0x023e6800 JavaThread "Attach Listener" daemon [_thread_blocked, id=5416, stack(0x048d0000,0x04920000)]
  0x023e0c00 JavaThread "Signal Dispatcher" daemon [_thread_blocked, id=4624, stack(0x04840000,0x04890000)]
  0x02372800 JavaThread "Finalizer" daemon [_thread_blocked, id=7428, stack(0x047b0000,0x04800000)]
  0x02371000 JavaThread "Reference Handler" daemon [_thread_blocked, id=7540, stack(0x04720000,0x04770000)]

Other Threads:
=>0x0236fc00 VMThread [stack: 0x04690000,0x046e0000] [id=5616]

VM state:at safepoint (shutting down)

VM Mutex/Monitor currently owned by a thread:  ([mutex/lock_event])
[0x0249c538] Threads_lock - owner thread: 0x0236fc00

Heap
 def new generation   total 22528K, used 6231K [0x24000000, 0x25870000, 0x29550000)
  eden space 20032K,  18% used [0x24000000, 0x243aa368, 0x25390000)
  from space 2496K,  99% used [0x25600000, 0x2586bb58, 0x25870000)
  to   space 2496K,   0% used [0x25390000, 0x25390000, 0x25600000)
 tenured generation   total 49908K, used 36830K [0x29550000, 0x2c60d000, 0x34000000)
   the space 49908K,  73% used [0x29550000, 0x2b947868, 0x2b947a00, 0x2c60d000)
 compacting perm gen  total 12288K, used 9503K [0x34000000, 0x34c00000, 0x38000000)
   the space 12288K,  77% used [0x34000000, 0x34947e78, 0x34948000, 0x34c00000)
    ro space 10240K,  42% used [0x38000000, 0x38434778, 0x38434800, 0x38a00000)
    rw space 12288K,  52% used [0x38a00000, 0x39049a68, 0x39049c00, 0x39600000)

Card table byte_map: [0x04540000,0x045f0000] byte_map_base: 0x04420000

Polling page: 0x00a10000

Code Cache  [0x024c0000, 0x02730000, 0x044c0000)
 total_blobs=1507 nmethods=1217 adapters=226 free_code_cache=30297Kb largest_free_block=31024128

Compilation events (10 events):
Event: 23.776 Thread 0x023e7c00 1222   !         java.awt.EventQueue::getNextEvent (84 bytes)
Event: 23.777 Thread 0x023e7c00 nmethod 1222 0x02728bc8 code [0x02728d30, 0x02728f20]
Event: 24.096 Thread 0x023e7c00 1223             java.lang.reflect.Field::getFieldAccessor (35 bytes)
Event: 24.097 Thread 0x023e7c00 nmethod 1223 0x02729148 code [0x02729240, 0x027292fc]
Event: 24.097 Thread 0x023e7c00 1224             java.lang.reflect.Field::getDeclaringClass (5 bytes)
Event: 24.097 Thread 0x023e7c00 nmethod 1224 0x02729388 code [0x02729480, 0x02729500]
Event: 24.201 Thread 0x023e7c00 1225             br.org.funcate.glue.controller.CanvasController::getEventHandler (5 bytes)
Event: 24.201 Thread 0x023e7c00 nmethod 1225 0x02729548 code [0x02729640, 0x027296c0]
Event: 24.248 Thread 0x023e7c00 1226             sun.reflect.UnsafeFieldAccessorImpl::ensureObj (23 bytes)
Event: 24.249 Thread 0x023e7c00 nmethod 1226 0x02729708 code [0x02729840, 0x027299f0]

GC Heap History (10 events):
Event: 8.209 GC heap before
{Heap before GC invocations=15 (full 3):
 def new generation   total 11712K, used 9896K [0x24000000, 0x24cb0000, 0x29550000)
  eden space 10432K,  82% used [0x24000000, 0x2486a070, 0x24a30000)
  from space 1280K, 100% used [0x24b70000, 0x24cb0000, 0x24cb0000)
  to   space 1280K,   0% used [0x24a30000, 0x24a30000, 0x24b70000)
 tenured generation   total 25828K, used 19364K [0x29550000, 0x2ae89000, 0x34000000)
   the space 25828K,  74% used [0x29550000, 0x2a839270, 0x2a839400, 0x2ae89000)
 compacting perm gen  total 12288K, used 9268K [0x34000000, 0x34c00000, 0x38000000)
   the space 12288K,  75% used [0x34000000, 0x3490d080, 0x3490d200, 0x34c00000)
    ro space 10240K,  42% used [0x38000000, 0x38434778, 0x38434800, 0x38a00000)
    rw space 12288K,  52% used [0x38a00000, 0x39049a68, 0x39049c00, 0x39600000)
Event: 8.213 GC heap after
Heap after GC invocations=16 (full 3):
 def new generation   total 11712K, used 843K [0x24000000, 0x24cb0000, 0x29550000)
  eden space 10432K,   0% used [0x24000000, 0x24000000, 0x24a30000)
  from space 1280K,  65% used [0x24a30000, 0x24b02d78, 0x24b70000)
  to   space 1280K,   0% used [0x24b70000, 0x24b70000, 0x24cb0000)
 tenured generation   total 25828K, used 20617K [0x29550000, 0x2ae89000, 0x34000000)
   the space 25828K,  79% used [0x29550000, 0x2a9724d8, 0x2a972600, 0x2ae89000)
 compacting perm gen  total 12288K, used 9268K [0x34000000, 0x34c00000, 0x38000000)
   the space 12288K,  75% used [0x34000000, 0x3490d080, 0x3490d200, 0x34c00000)
    ro space 10240K,  42% used [0x38000000, 0x38434778, 0x38434800, 0x38a00000)
    rw space 12288K,  52% used [0x38a00000, 0x39049a68, 0x39049c00, 0x39600000)
}
Event: 8.531 GC heap before
{Heap before GC invocations=16 (full 3):
 def new generation   total 11712K, used 11242K [0x24000000, 0x24cb0000, 0x29550000)
  eden space 10432K,  99% used [0x24000000, 0x24a27c60, 0x24a30000)
  from space 1280K,  65% used [0x24a30000, 0x24b02d78, 0x24b70000)
  to   space 1280K,   0% used [0x24b70000, 0x24b70000, 0x24cb0000)
 tenured generation   total 25828K, used 20617K [0x29550000, 0x2ae89000, 0x34000000)
   the space 25828K,  79% used [0x29550000, 0x2a9724d8, 0x2a972600, 0x2ae89000)
 compacting perm gen  total 12288K, used 9442K [0x34000000, 0x34c00000, 0x38000000)
   the space 12288K,  76% used [0x34000000, 0x34938840, 0x34938a00, 0x34c00000)
    ro space 10240K,  42% used [0x38000000, 0x38434778, 0x38434800, 0x38a00000)
    rw space 12288K,  52% used [0x38a00000, 0x39049a68, 0x39049c00, 0x39600000)
Event: 8.603 GC heap after
Heap after GC invocations=17 (full 4):
 def new generation   total 15680K, used 0K [0x24000000, 0x25100000, 0x29550000)
  eden space 13952K,   0% used [0x24000000, 0x24000000, 0x24da0000)
  from space 1728K,   0% used [0x24da0000, 0x24da0000, 0x24f50000)
  to   space 1728K,   0% used [0x24f50000, 0x24f50000, 0x25100000)
 tenured generation   total 34640K, used 20783K [0x29550000, 0x2b724000, 0x34000000)
   the space 34640K,  59% used [0x29550000, 0x2a99bf10, 0x2a99c000, 0x2b724000)
 compacting perm gen  total 12288K, used 9434K [0x34000000, 0x34c00000, 0x38000000)
   the space 12288K,  76% used [0x34000000, 0x34936a78, 0x34936c00, 0x34c00000)
    ro space 10240K,  42% used [0x38000000, 0x38434778, 0x38434800, 0x38a00000)
    rw space 12288K,  52% used [0x38a00000, 0x39049a68, 0x39049c00, 0x39600000)
}
Event: 18.986 GC heap before
{Heap before GC invocations=17 (full 4):
 def new generation   total 15680K, used 12513K [0x24000000, 0x25100000, 0x29550000)
  eden space 13952K,  89% used [0x24000000, 0x24c387b0, 0x24da0000)
  from space 1728K,   0% used [0x24da0000, 0x24da0000, 0x24f50000)
  to   space 1728K,   0% used [0x24f50000, 0x24f50000, 0x25100000)
 tenured generation   total 34640K, used 20783K [0x29550000, 0x2b724000, 0x34000000)
   the space 34640K,  59% used [0x29550000, 0x2a99bf10, 0x2a99c000, 0x2b724000)
 compacting perm gen  total 12288K, used 9495K [0x34000000, 0x34c00000, 0x38000000)
   the space 12288K,  77% used [0x34000000, 0x34945c00, 0x34945c00, 0x34c00000)
    ro space 10240K,  42% used [0x38000000, 0x38434778, 0x38434800, 0x38a00000)
    rw space 12288K,  52% used [0x38a00000, 0x39049a68, 0x39049c00, 0x39600000)
Event: 18.989 GC heap after
Heap after GC invocations=18 (full 4):
 def new generation   total 15680K, used 1646K [0x24000000, 0x25100000, 0x29550000)
  eden space 13952K,   0% used [0x24000000, 0x24000000, 0x24da0000)
  from space 1728K,  95% used [0x24f50000, 0x250ebb90, 0x25100000)
  to   space 1728K,   0% used [0x24da0000, 0x24da0000, 0x24f50000)
 tenured generation   total 34640K, used 25762K [0x29550000, 0x2b724000, 0x34000000)
   the space 34640K,  74% used [0x29550000, 0x2ae78bc0, 0x2ae78c00, 0x2b724000)
 compacting perm gen  total 12288K, used 9495K [0x34000000, 0x34c00000, 0x38000000)
   the space 12288K,  77% used [0x34000000, 0x34945c00, 0x34945c00, 0x34c00000)
    ro space 10240K,  42% used [0x38000000, 0x38434778, 0x38434800, 0x38a00000)
    rw space 12288K,  52% used [0x38a00000, 0x39049a68, 0x39049c00, 0x39600000)
}
Event: 19.015 GC heap before
{Heap before GC invocations=18 (full 4):
 def new generation   total 15680K, used 14285K [0x24000000, 0x25100000, 0x29550000)
  eden space 13952K,  90% used [0x24000000, 0x24c57928, 0x24da0000)
  from space 1728K,  95% used [0x24f50000, 0x250ebb90, 0x25100000)
  to   space 1728K,   0% used [0x24da0000, 0x24da0000, 0x24f50000)
 tenured generation   total 34640K, used 25762K [0x29550000, 0x2b724000, 0x34000000)
   the space 34640K,  74% used [0x29550000, 0x2ae78bc0, 0x2ae78c00, 0x2b724000)
 compacting perm gen  total 12288K, used 9495K [0x34000000, 0x34c00000, 0x38000000)
   the space 12288K,  77% used [0x34000000, 0x34945c10, 0x34945e00, 0x34c00000)
    ro space 10240K,  42% used [0x38000000, 0x38434778, 0x38434800, 0x38a00000)
    rw space 12288K,  52% used [0x38a00000, 0x39049a68, 0x39049c00, 0x39600000)
Event: 19.072 GC heap after
Heap after GC invocations=19 (full 5):
 def new generation   total 22528K, used 0K [0x24000000, 0x25870000, 0x29550000)
  eden space 20032K,   0% used [0x24000000, 0x24000000, 0x25390000)
  from space 2496K,   0% used [0x25390000, 0x25390000, 0x25600000)
  to   space 2496K,   0% used [0x25600000, 0x25600000, 0x25870000)
 tenured generation   total 49908K, used 29942K [0x29550000, 0x2c60d000, 0x34000000)
   the space 49908K,  59% used [0x29550000, 0x2b28da90, 0x2b28dc00, 0x2c60d000)
 compacting perm gen  total 12288K, used 9495K [0x34000000, 0x34c00000, 0x38000000)
   the space 12288K,  77% used [0x34000000, 0x34945c10, 0x34945e00, 0x34c00000)
    ro space 10240K,  42% used [0x38000000, 0x38434778, 0x38434800, 0x38a00000)
    rw space 12288K,  52% used [0x38a00000, 0x39049a68, 0x39049c00, 0x39600000)
}
Event: 21.831 GC heap before
{Heap before GC invocations=19 (full 5):
 def new generation   total 22528K, used 20032K [0x24000000, 0x25870000, 0x29550000)
  eden space 20032K, 100% used [0x24000000, 0x25390000, 0x25390000)
  from space 2496K,   0% used [0x25390000, 0x25390000, 0x25600000)
  to   space 2496K,   0% used [0x25600000, 0x25600000, 0x25870000)
 tenured generation   total 49908K, used 29942K [0x29550000, 0x2c60d000, 0x34000000)
   the space 49908K,  59% used [0x29550000, 0x2b28da90, 0x2b28dc00, 0x2c60d000)
 compacting perm gen  total 12288K, used 9495K [0x34000000, 0x34c00000, 0x38000000)
   the space 12288K,  77% used [0x34000000, 0x34945d30, 0x34945e00, 0x34c00000)
    ro space 10240K,  42% used [0x38000000, 0x38434778, 0x38434800, 0x38a00000)
    rw space 12288K,  52% used [0x38a00000, 0x39049a68, 0x39049c00, 0x39600000)
Event: 21.834 GC heap after
Heap after GC invocations=20 (full 5):
 def new generation   total 22528K, used 2478K [0x24000000, 0x25870000, 0x29550000)
  eden space 20032K,   0% used [0x24000000, 0x24000000, 0x25390000)
  from space 2496K,  99% used [0x25600000, 0x2586bb58, 0x25870000)
  to   space 2496K,   0% used [0x25390000, 0x25390000, 0x25600000)
 tenured generation   total 49908K, used 36830K [0x29550000, 0x2c60d000, 0x34000000)
   the space 49908K,  73% used [0x29550000, 0x2b947868, 0x2b947a00, 0x2c60d000)
 compacting perm gen  total 12288K, used 9495K [0x34000000, 0x34c00000, 0x38000000)
   the space 12288K,  77% used [0x34000000, 0x34945d30, 0x34945e00, 0x34c00000)
    ro space 10240K,  42% used [0x38000000, 0x38434778, 0x38434800, 0x38a00000)
    rw space 12288K,  52% used [0x38a00000, 0x39049a68, 0x39049c00, 0x39600000)
}

Deoptimization events (0 events):
No events

Internal exceptions (10 events):
Event: 8.605 Thread 0x02372800 Threw 0x24040af8 at C:\re\jdk7u60\1081\hotspot\src\share\vm\interpreter\linkResolver.cpp:883
Event: 9.922 Thread 0x08de2c00 Threw 0x2403e548 at C:\re\jdk7u60\1081\hotspot\src\share\vm\prims\jvm.cpp:2917
Event: 19.000 Thread 0x05aea000 Threw 0x24c0f478 at C:\re\jdk7u60\1081\hotspot\src\share\vm\prims\jvm.cpp:2917
Event: 19.891 Thread 0x05aea000 Threw 0x2469d318 at C:\re\jdk7u60\1081\hotspot\src\share\vm\prims\jvm.cpp:2917
Event: 20.107 Thread 0x08c30800 Threw 0x248e3938 at C:\re\jdk7u60\1081\hotspot\src\share\vm\prims\jvm.cpp:2917
Event: 21.904 Thread 0x05aea000 Threw 0x240283c0 at C:\re\jdk7u60\1081\hotspot\src\share\vm\prims\jvm.cpp:2917
Event: 22.208 Thread 0x057c9800 Threw 0x240347e8 at C:\re\jdk7u60\1081\hotspot\src\share\vm\prims\jvm.cpp:1244
Event: 22.209 Thread 0x057c9800 Threw 0x2404ccd0 at C:\re\jdk7u60\1081\hotspot\src\share\vm\prims\jvm.cpp:1244
Event: 22.348 Thread 0x08c30800 Threw 0x240dc6d0 at C:\re\jdk7u60\1081\hotspot\src\share\vm\prims\jvm.cpp:2917
Event: 22.929 Thread 0x05aea000 Threw 0x2436c8e0 at C:\re\jdk7u60\1081\hotspot\src\share\vm\prims\jvm.cpp:2917

Events (10 events):
Event: 24.824 loading class 0x39670c20
Event: 24.824 loading class 0x39670bc8
Event: 24.824 Thread 0x08c31c00 Thread exited: 0x08c31c00
Event: 24.824 loading class 0x39670bc8 done
Event: 24.824 loading class 0x39670c20 done
Event: 24.824 Thread 0x08c31000 Thread exited: 0x08c31000
Event: 24.825 Thread 0x08c31400 Thread exited: 0x08c31400
Event: 24.845 Thread 0x04cbd800 Thread exited: 0x04cbd800
Event: 24.924 Thread 0x08c33000 Thread exited: 0x08c33000
Event: 24.925 Executing VM operation: Exit


Dynamic libraries:
0x00a70000 - 0x00a9f000 	C:\Program Files (x86)\Java\jre7\bin\javaw.exe
0x76fe0000 - 0x77137000 	C:\Windows\SYSTEM32\ntdll.dll
0x74690000 - 0x747c0000 	C:\Windows\SYSTEM32\KERNEL32.DLL
0x76a80000 - 0x76b27000 	C:\Windows\SYSTEM32\KERNELBASE.dll
0x747c0000 - 0x7486e000 	C:\Windows\SYSTEM32\ADVAPI32.dll
0x764f0000 - 0x76606000 	C:\Windows\SYSTEM32\USER32.dll
0x73130000 - 0x73328000 	C:\Windows\WinSxS\x86_microsoft.windows.common-controls_6595b64144ccf1df_6.0.9200.16579_none_8937eec6860750f5\COMCTL32.dll
0x76000000 - 0x760b1000 	C:\Windows\SYSTEM32\msvcrt.dll
0x74870000 - 0x748a4000 	C:\Windows\SYSTEM32\sechost.dll
0x760c0000 - 0x7616c000 	C:\Windows\SYSTEM32\RPCRT4.dll
0x748b0000 - 0x749ad000 	C:\Windows\SYSTEM32\GDI32.dll
0x745d0000 - 0x745ed000 	C:\Windows\SYSTEM32\SspiCli.dll
0x745c0000 - 0x745c9000 	C:\Windows\SYSTEM32\CRYPTBASE.dll
0x74560000 - 0x745b1000 	C:\Windows\SYSTEM32\bcryptPrimitives.dll
0x762e0000 - 0x76300000 	C:\Windows\system32\IMM32.DLL
0x76680000 - 0x7675e000 	C:\Windows\SYSTEM32\MSCTF.dll
0x5f9e0000 - 0x5fa9f000 	C:\Program Files (x86)\Java\jre7\bin\msvcr100.dll
0x6f250000 - 0x6f5d8000 	C:\Program Files (x86)\Java\jre7\bin\client\jvm.dll
0x71c10000 - 0x71c18000 	C:\Windows\SYSTEM32\WSOCK32.dll
0x71fb0000 - 0x71fd1000 	C:\Windows\SYSTEM32\WINMM.dll
0x76300000 - 0x76306000 	C:\Windows\SYSTEM32\PSAPI.DLL
0x75f80000 - 0x75fd0000 	C:\Windows\SYSTEM32\WS2_32.dll
0x71c70000 - 0x71c9b000 	C:\Windows\SYSTEM32\WINMMBASE.dll
0x75ff0000 - 0x75ff8000 	C:\Windows\SYSTEM32\NSI.dll
0x76b30000 - 0x76b76000 	C:\Windows\SYSTEM32\cfgmgr32.dll
0x75f00000 - 0x75f1e000 	C:\Windows\SYSTEM32\DEVOBJ.dll
0x720a0000 - 0x720ac000 	C:\Program Files (x86)\Java\jre7\bin\verify.dll
0x71910000 - 0x71930000 	C:\Program Files (x86)\Java\jre7\bin\java.dll
0x718d0000 - 0x718e3000 	C:\Program Files (x86)\Java\jre7\bin\zip.dll
0x5e360000 - 0x5e4a3000 	C:\Program Files (x86)\Java\jre7\bin\awt.dll
0x76c00000 - 0x76c8b000 	C:\Windows\SYSTEM32\OLEAUT32.dll
0x76de0000 - 0x76f16000 	C:\Windows\SYSTEM32\combase.dll
0x72dd0000 - 0x72e77000 	C:\Windows\system32\apphelp.dll
0x71a40000 - 0x71a59000 	C:\Windows\system32\DWMAPI.DLL
0x726b0000 - 0x72738000 	C:\Windows\system32\uxtheme.dll
0x76760000 - 0x76879000 	C:\Windows\SYSTEM32\ole32.dll
0x74da0000 - 0x75e66000 	C:\Windows\SYSTEM32\SHELL32.dll
0x75f40000 - 0x75f80000 	C:\Windows\SYSTEM32\SHLWAPI.dll
0x73330000 - 0x733a3000 	C:\Windows\SYSTEM32\shcore.dll
0x5f9a0000 - 0x5f9d9000 	C:\Program Files (x86)\Java\jre7\bin\fontmanager.dll
0x718b0000 - 0x718c4000 	C:\Program Files (x86)\Java\jre7\bin\net.dll
0x72e80000 - 0x72eca000 	C:\Windows\system32\mswsock.dll
0x718a0000 - 0x718af000 	C:\Program Files (x86)\Java\jre7\bin\nio.dll
0x5e330000 - 0x5e360000 	C:\Program Files (x86)\Java\jre7\bin\t2k.dll
0x76b80000 - 0x76bf4000 	C:\Windows\SYSTEM32\clbcatq.dll
0x6a8a0000 - 0x6a9eb000 	C:\Windows\SYSTEM32\WindowsCodecs.dll
0x76dc0000 - 0x76dd1000 	C:\Windows\SYSTEM32\profapi.dll
0x5e300000 - 0x5e324000 	C:\Program Files (x86)\Java\jre7\bin\dcpr.dll
0x5e290000 - 0x5e2fd000 	C:\binaries\terrajava.dll
0x5e1a0000 - 0x5e287000 	C:\binaries\terramanager-funcate.dll
0x573f0000 - 0x57c96000 	C:\binaries\terralib.dll
0x64af0000 - 0x64b59000 	C:\Windows\SYSTEM32\MSVCP100.dll
0x6d880000 - 0x6db4c000 	C:\binaries\bgd.dll
0x5f980000 - 0x5f99b000 	C:\binaries\terraogc_xml.dll
0x5e180000 - 0x5e19d000 	C:\binaries\terraogc_sld.dll
0x5e150000 - 0x5e176000 	C:\binaries\terraogc_se.dll
0x5e110000 - 0x5e146000 	C:\binaries\terraogc_filter.dll
0x5da60000 - 0x5dab2000 	C:\binaries\terraogc_ows.dll
0x5e0f0000 - 0x5e109000 	C:\binaries\terraogc_common.dll
0x5da50000 - 0x5da5b000 	C:\binaries\terralib_shp.dll
0x5da40000 - 0x5da4e000 	C:\binaries\terralib_spl.dll
0x061a0000 - 0x06596000 	C:\binaries\qt-mt338.dll
0x613d0000 - 0x6149e000 	C:\Windows\SYSTEM32\OPENGL32.dll
0x613a0000 - 0x613c3000 	C:\Windows\SYSTEM32\GLU32.dll
0x597c0000 - 0x5983f000 	C:\binaries\qwt500.dll
0x0f1d0000 - 0x111cf000 	C:\binaries\berkelium.dll
0x065a0000 - 0x066e1000 	C:\binaries\LIBMYSQL.dll
0x63100000 - 0x63121000 	C:\binaries\LIBPQ.dll
0x066f0000 - 0x06751000 	C:\binaries\OCI.dll
0x59730000 - 0x597ba000 	C:\binaries\libtiff.dll
0x56580000 - 0x56d52000 	C:\binaries\gdal110.dll
0x12000000 - 0x121dc000 	C:\binaries\xerces-c_3_1.dll
0x596d0000 - 0x59725000 	C:\binaries\terraogc_wms.dll
0x59670000 - 0x596c3000 	C:\binaries\terraogc_gml.dll
0x59620000 - 0x59661000 	C:\binaries\terraogc_xsd.dll
0x5a810000 - 0x5a830000 	C:\binaries\terraogc_xacml.dll
0x71f30000 - 0x71f90000 	C:\Windows\SYSTEM32\WINSPOOL.DRV
0x7c340000 - 0x7c396000 	C:\Windows\SYSTEM32\MSVCR71.dll
0x608a0000 - 0x60979000 	C:\Windows\SYSTEM32\DDRAW.dll
0x727a0000 - 0x727a9000 	C:\Windows\SYSTEM32\Secur32.dll
0x75f20000 - 0x75f3b000 	C:\Windows\SYSTEM32\USERENV.dll
0x71520000 - 0x71570000 	C:\Windows\SYSTEM32\OLEACC.dll
0x54200000 - 0x54276000 	C:\Windows\SYSTEM32\RICHED20.dll
0x72ee0000 - 0x72ee8000 	C:\Windows\SYSTEM32\VERSION.dll
0x720b0000 - 0x720c4000 	C:\Windows\SYSTEM32\USP10.dll
0x72c50000 - 0x72cc5000 	C:\Windows\SYSTEM32\DNSAPI.dll
0x06800000 - 0x068aa000 	C:\Windows\libeay32.dll
0x068b0000 - 0x068bd000 	C:\binaries\libintl-2.dll
0x72ed0000 - 0x72ed6000 	C:\Windows\SYSTEM32\SHFOLDER.DLL
0x068c0000 - 0x068e6000 	C:\Windows\ssleay32.dll
0x068f0000 - 0x06916000 	C:\binaries\libexpat.dll
0x60770000 - 0x60811000 	C:\Windows\SYSTEM32\ODBC32.dll
0x60760000 - 0x60767000 	C:\Windows\SYSTEM32\DCIMAN32.dll
0x663b0000 - 0x663db000 	C:\Windows\SYSTEM32\msls31.dll
0x06970000 - 0x06a4b000 	C:\binaries\libiconv-2.dll
0x6f600000 - 0x6f61d000 	C:\Windows\SYSTEM32\gpapi.dll
0x74530000 - 0x74556000 	C:\Windows\SYSTEM32\ntmarta.dll
0x54e60000 - 0x55708000 	C:\binaries\icudt46.dll
0x53850000 - 0x53979000 	C:\Windows\SYSTEM32\dbghelp.dll
0x72040000 - 0x72050000 	C:\Windows\system32\napinsp.dll
0x72020000 - 0x72034000 	C:\Windows\system32\pnrpnsp.dll
0x72010000 - 0x72020000 	C:\Windows\system32\NLAapi.dll
0x72000000 - 0x72009000 	C:\Windows\System32\winrnr.dll
0x71ac0000 - 0x71ad0000 	C:\Windows\system32\wshbth.dll
0x726a0000 - 0x726a7000 	C:\Windows\System32\rasadhlp.dll
0x71c30000 - 0x71c6f000 	C:\Windows\System32\fwpuclnt.dll
0x72cd0000 - 0x72cf0000 	C:\Windows\SYSTEM32\IPHLPAPI.DLL
0x72c40000 - 0x72c48000 	C:\Windows\SYSTEM32\WINNSI.DLL
0x730d0000 - 0x730ea000 	C:\Windows\SYSTEM32\CRYPTSP.dll
0x73090000 - 0x730ce000 	C:\Windows\system32\rsaenh.dll
0x72c30000 - 0x72c40000 	C:\Windows\SYSTEM32\dhcpcsvc6.DLL
0x72c10000 - 0x72c22000 	C:\Windows\SYSTEM32\dhcpcsvc.DLL
0x595f0000 - 0x59615000 	C:\Program Files (x86)\Java\jre7\bin\jpeg.dll

VM Arguments:
jvm_args: -Dfile.encoding=ISO-8859-1 
java_command: com.nexusbr.gv.main.ConnectDBMain
Launcher Type: SUN_STANDARD

Environment Variables:
JAVA_HOME=C:\Program Files (x86)\Java\jre7
PATH=C:/Program Files (x86)/Java/jre7/bin/client;C:/Program Files (x86)/Java/jre7/bin;C:/Program Files (x86)/Java/jre7/lib/i386;C:\Program Files (x86)\PHP\;c:\Program Files (x86)\Intel\iCLS Client\;c:\Program Files\Intel\iCLS Client\;C:\Windows\system32;C:\Windows;C:\Windows\System32\Wbem;C:\Windows\System32\WindowsPowerShell\v1.0\;C:\Program Files\Intel\Intel(R) Management Engine Components\DAL;C:\Program Files\Intel\Intel(R) Management Engine Components\IPT;C:\Program Files (x86)\Intel\Intel(R) Management Engine Components\DAL;C:\Program Files (x86)\Intel\Intel(R) Management Engine Components\IPT;C:\Program Files (x86)\Intel\OpenCL SDK\3.0\bin\x86;C:\Program Files (x86)\Intel\OpenCL SDK\3.0\bin\x64;C:\Program Files (x86)\Windows Live\Shared;C:\binaries;c:\Program Files (x86)\Microsoft SQL Server\100\Tools\Binn\;c:\Program Files\Microsoft SQL Server\100\Tools\Binn\;c:\Program Files\Microsoft SQL Server\100\DTS\Binn\;C:\strawberry\c\bin;C:\strawberry\perl\site\bin;C:\strawberry\perl\bin;C:\Program Files (x86)\Microsoft SQL Server\110\Tools\Binn\ManagementStudio\;C:\Program Files (x86)\Microsoft SQL Server\110\Tools\Binn\;C:\Program Files\Microsoft SQL Server\110\Tools\Binn\;C:\Program Files (x86)\Microsoft SQL Server\110\DTS\Binn\;C:\Program Files\TortoiseSVN\bin;C:\Python34;C:\Program Files (x86)\Java\jre7\bin;C:\eclipse;
USERNAME=inacio
OS=Windows_NT
PROCESSOR_IDENTIFIER=Intel64 Family 6 Model 69 Stepping 1, GenuineIntel



---------------  S Y S T E M  ---------------

OS: Windows 8 , 64 bit Build 9200 

CPU:total 4 (2 cores per cpu, 2 threads per core) family 6 model 69 stepping 1, cmov, cx8, fxsr, mmx, sse, sse2, sse3, ssse3, sse4.1, sse4.2, popcnt, avx, avx2, aes, erms, ht, tsc, tscinvbit

Memory: 4k page, physical 8290700k(4526368k free), swap 9535884k(5009268k free)

vm_info: Java HotSpot(TM) Client VM (24.60-b09) for windows-x86 JRE (1.7.0_60-b19), built on May  7 2014 13:09:52 by "java_re" with unknown MS VC++:1600

time: Wed Jul 02 17:38:26 2014
elapsed time: 24 seconds

