#
# A fatal error has been detected by the Java Runtime Environment:
#
#  EXCEPTION_ACCESS_VIOLATION (0xc0000005) at pc=0x10539052, pid=8984, tid=520
#
# JRE version: Java(TM) SE Runtime Environment (7.0_60-b19) (build 1.7.0_60-b19)
# Java VM: Java HotSpot(TM) Client VM (24.60-b09 mixed mode, sharing windows-x86 )
# Problematic frame:
# C  [berkelium.dll+0xa39052]
#
# Failed to write core dump. Minidumps are not enabled by default on client versions of Windows
#
# If you would like to submit a bug report, please visit:
#   http://bugreport.sun.com/bugreport/crash.jsp
#

---------------  T H R E A D  ---------------

Current thread (0x0263fc00):  VMThread [stack: 0x04930000,0x04980000] [id=520]

siginfo: ExceptionCode=0xc0000005, reading address 0x000000f8

Registers:
EAX=0x0497f444, EBX=0x000493e0, ECX=0x0497f444, EDX=0xead01dd0
ESP=0x0497f434, EBP=0x00000074, ESI=0x00000000, EDI=0xfcb1c0d0
EIP=0x10539052, EFLAGS=0x00010206

Top of Stack: (sp=0x0497f434)
0x0497f434:   080666a8 080666a8 072cab00 00000000
0x0497f444:   ead01dd0 00000074 080411c0 0aca0990
0x0497f454:   00000000 00000000 00000000 74616401
0x0497f464:   69642d61 07600072 00000023 0000002f
0x0497f474:   00000000 072f7070 002e5be1 08066540
0x0497f484:   072cab44 ffffff00 0fb6bf20 11689778
0x0497f494:   06e00030 00000000 0000000f 1168a730
0x0497f4a4:   00000001 0fb69783 00000008 00000001 

Instructions: (pc=0x10539052)
0x10539032:   03 00 00 57 53 e8 f4 c8 60 ff 8b ea 8d 54 24 10
0x10539042:   52 8b f8 e8 26 ca 00 00 83 c4 04 03 38 13 68 04
0x10539052:   8b 86 f8 00 00 00 0b 86 fc 00 00 00 89 7c 24 20
0x10539062:   89 6c 24 24 75 3e 39 84 24 d4 00 00 00 7f 35 7c 


Register to memory mapping:

EAX=
[error occurred during error reporting (printing register info), id 0xc0000005]

Stack: [0x04930000,0x04980000],  sp=0x0497f434,  free space=317k
Native frames: (J=compiled Java code, j=interpreted, Vv=VM code, C=native code)
C  [berkelium.dll+0xa39052]

[error occurred during error reporting (printing native stack), id 0xc0000005]

VM_Operation (0x05f0e880): Exit, mode: safepoint, requested by thread 0x05a85c00


---------------  P R O C E S S  ---------------

Java Threads: ( => current thread )
  0x092c7000 JavaThread "Image Fetcher 1" daemon [_thread_blocked, id=5128, stack(0x085d0000,0x08620000)]
  0x05df5c00 JavaThread "WeakCollectionCleaner" daemon [_thread_blocked, id=9308, stack(0x09d80000,0x09dd0000)]
  0x05daf800 JavaThread "TimerQueue" daemon [_thread_blocked, id=8528, stack(0x07d30000,0x07d80000)]
  0x00e5e000 JavaThread "DestroyJavaVM" [_thread_blocked, id=4692, stack(0x025d0000,0x02620000)]
  0x05a85c00 JavaThread "AWT-EventQueue-0" [_thread_blocked, id=8740, stack(0x05ec0000,0x05f10000)]
  0x04f59800 JavaThread "AWT-Shutdown" [_thread_blocked, id=128, stack(0x05580000,0x055d0000)]
  0x04f58800 JavaThread "Java2D Disposer" daemon [_thread_blocked, id=5524, stack(0x054f0000,0x05540000)]
  0x026cb800 JavaThread "Service Thread" daemon [_thread_blocked, id=5272, stack(0x04c90000,0x04ce0000)]
  0x026b4800 JavaThread "C1 CompilerThread0" daemon [_thread_blocked, id=8384, stack(0x04c00000,0x04c50000)]
  0x026b3000 JavaThread "Attach Listener" daemon [_thread_blocked, id=9188, stack(0x04b70000,0x04bc0000)]
  0x026b0c00 JavaThread "Signal Dispatcher" daemon [_thread_blocked, id=8472, stack(0x04ae0000,0x04b30000)]
  0x02642800 JavaThread "Finalizer" daemon [_thread_blocked, id=6920, stack(0x04a50000,0x04aa0000)]
  0x02641000 JavaThread "Reference Handler" daemon [_thread_blocked, id=5188, stack(0x049c0000,0x04a10000)]

Other Threads:
=>0x0263fc00 VMThread [stack: 0x04930000,0x04980000] [id=520]

VM state:at safepoint (shutting down)

VM Mutex/Monitor currently owned by a thread:  ([mutex/lock_event])
[0x00e5c5a0] Threads_lock - owner thread: 0x0263fc00

Heap
 def new generation   total 68544K, used 30362K [0x24000000, 0x28a50000, 0x29550000)
  eden space 60992K,  37% used [0x24000000, 0x25646880, 0x27b90000)
  from space 7552K, 100% used [0x27b90000, 0x282f0000, 0x282f0000)
  to   space 7552K,   0% used [0x282f0000, 0x282f0000, 0x28a50000)
 tenured generation   total 152092K, used 134465K [0x29550000, 0x329d7000, 0x34000000)
   the space 152092K,  88% used [0x29550000, 0x318a0748, 0x318a0800, 0x329d7000)
 compacting perm gen  total 12288K, used 10995K [0x34000000, 0x34c00000, 0x38000000)
   the space 12288K,  89% used [0x34000000, 0x34abce78, 0x34abd000, 0x34c00000)
    ro space 10240K,  42% used [0x38000000, 0x38434778, 0x38434800, 0x38a00000)
    rw space 12288K,  52% used [0x38a00000, 0x39049a68, 0x39049c00, 0x39600000)

Card table byte_map: [0x047a0000,0x04850000] byte_map_base: 0x04680000

Polling page: 0x00d10000

Code Cache  [0x02720000, 0x02ae8000, 0x04720000)
 total_blobs=2324 nmethods=2023 adapters=237 free_code_cache=28910Kb largest_free_block=29600512

Compilation events (10 events):
Event: 170.966 Thread 0x026b4800 2045             java.awt.geom.RectIterator::<init> (66 bytes)
Event: 170.966 Thread 0x026b4800 nmethod 2045 0x02ae4248 code [0x02ae4380, 0x02ae44e0]
Event: 175.393 Thread 0x026b4800 2047             java.util.concurrent.locks.ReentrantReadWriteLock::readLock (5 bytes)
Event: 175.394 Thread 0x026b4800 nmethod 2047 0x02ae48c8 code [0x02ae49c0, 0x02ae4a40]
Event: 175.394 Thread 0x026b4800 2048             java.util.concurrent.locks.ReentrantReadWriteLock::readLock (5 bytes)
Event: 175.394 Thread 0x026b4800 nmethod 2048 0x02ae4a88 code [0x02ae4b80, 0x02ae4c00]
Event: 177.513 Thread 0x026b4800 2049             javax.swing.TimerQueue::now (8 bytes)
Event: 177.513 Thread 0x026b4800 nmethod 2049 0x02ae4c48 code [0x02ae4d40, 0x02ae4dc0]
Event: 178.227 Thread 0x026b4800 2050             java.awt.Container::updateGraphicsData (59 bytes)
Event: 178.228 Thread 0x026b4800 nmethod 2050 0x02ae4e08 code [0x02ae4f90, 0x02ae525c]

GC Heap History (10 events):
Event: 143.935 GC heap before
{Heap before GC invocations=48 (full 9):
 def new generation   total 43136K, used 43039K [0x24000000, 0x26ec0000, 0x29550000)
  eden space 38400K,  99% used [0x24000000, 0x26569d20, 0x26580000)
  from space 4736K,  99% used [0x26a20000, 0x26ebe080, 0x26ec0000)
  to   space 4736K,   0% used [0x26580000, 0x26580000, 0x26a20000)
 tenured generation   total 117912K, used 117679K [0x29550000, 0x30876000, 0x34000000)
   the space 117912K,  99% used [0x29550000, 0x3083be90, 0x3083c000, 0x30876000)
 compacting perm gen  total 12288K, used 10990K [0x34000000, 0x34c00000, 0x38000000)
   the space 12288K,  89% used [0x34000000, 0x34abbaf0, 0x34abbc00, 0x34c00000)
    ro space 10240K,  42% used [0x38000000, 0x38434778, 0x38434800, 0x38a00000)
    rw space 12288K,  52% used [0x38a00000, 0x39049a68, 0x39049c00, 0x39600000)
Event: 144.020 GC heap after
Heap after GC invocations=49 (full 10):
 def new generation   total 68544K, used 0K [0x24000000, 0x28a50000, 0x29550000)
  eden space 60992K,   0% used [0x24000000, 0x24000000, 0x27b90000)
  from space 7552K,   0% used [0x27b90000, 0x27b90000, 0x282f0000)
  to   space 7552K,   0% used [0x282f0000, 0x282f0000, 0x28a50000)
 tenured generation   total 152092K, used 91254K [0x29550000, 0x329d7000, 0x34000000)
   the space 152092K,  59% used [0x29550000, 0x2ee6d878, 0x2ee6da00, 0x329d7000)
 compacting perm gen  total 12288K, used 10990K [0x34000000, 0x34c00000, 0x38000000)
   the space 12288K,  89% used [0x34000000, 0x34abbaf0, 0x34abbc00, 0x34c00000)
    ro space 10240K,  42% used [0x38000000, 0x38434778, 0x38434800, 0x38a00000)
    rw space 12288K,  52% used [0x38a00000, 0x39049a68, 0x39049c00, 0x39600000)
}
Event: 153.736 GC heap before
{Heap before GC invocations=49 (full 10):
 def new generation   total 68544K, used 58551K [0x24000000, 0x28a50000, 0x29550000)
  eden space 60992K,  95% used [0x24000000, 0x2792dc08, 0x27b90000)
  from space 7552K,   0% used [0x27b90000, 0x27b90000, 0x282f0000)
  to   space 7552K,   0% used [0x282f0000, 0x282f0000, 0x28a50000)
 tenured generation   total 152092K, used 91254K [0x29550000, 0x329d7000, 0x34000000)
   the space 152092K,  59% used [0x29550000, 0x2ee6d878, 0x2ee6da00, 0x329d7000)
 compacting perm gen  total 12288K, used 10990K [0x34000000, 0x34c00000, 0x38000000)
   the space 12288K,  89% used [0x34000000, 0x34abbb00, 0x34abbc00, 0x34c00000)
    ro space 10240K,  42% used [0x38000000, 0x38434778, 0x38434800, 0x38a00000)
    rw space 12288K,  52% used [0x38a00000, 0x39049a68, 0x39049c00, 0x39600000)
Event: 153.742 GC heap after
Heap after GC invocations=50 (full 10):
 def new generation   total 68544K, used 7551K [0x24000000, 0x28a50000, 0x29550000)
  eden space 60992K,   0% used [0x24000000, 0x24000000, 0x27b90000)
  from space 7552K,  99% used [0x282f0000, 0x28a4fff0, 0x28a50000)
  to   space 7552K,   0% used [0x27b90000, 0x27b90000, 0x282f0000)
 tenured generation   total 152092K, used 92035K [0x29550000, 0x329d7000, 0x34000000)
   the space 152092K,  60% used [0x29550000, 0x2ef30d68, 0x2ef30e00, 0x329d7000)
 compacting perm gen  total 12288K, used 10990K [0x34000000, 0x34c00000, 0x38000000)
   the space 12288K,  89% used [0x34000000, 0x34abbb00, 0x34abbc00, 0x34c00000)
    ro space 10240K,  42% used [0x38000000, 0x38434778, 0x38434800, 0x38a00000)
    rw space 12288K,  52% used [0x38a00000, 0x39049a68, 0x39049c00, 0x39600000)
}
Event: 157.328 GC heap before
{Heap before GC invocations=50 (full 10):
 def new generation   total 68544K, used 65987K [0x24000000, 0x28a50000, 0x29550000)
  eden space 60992K,  95% used [0x24000000, 0x27910d10, 0x27b90000)
  from space 7552K,  99% used [0x282f0000, 0x28a4fff0, 0x28a50000)
  to   space 7552K,   0% used [0x27b90000, 0x27b90000, 0x282f0000)
 tenured generation   total 152092K, used 92035K [0x29550000, 0x329d7000, 0x34000000)
   the space 152092K,  60% used [0x29550000, 0x2ef30d68, 0x2ef30e00, 0x329d7000)
 compacting perm gen  total 12288K, used 10990K [0x34000000, 0x34c00000, 0x38000000)
   the space 12288K,  89% used [0x34000000, 0x34abbb40, 0x34abbc00, 0x34c00000)
    ro space 10240K,  42% used [0x38000000, 0x38434778, 0x38434800, 0x38a00000)
    rw space 12288K,  52% used [0x38a00000, 0x39049a68, 0x39049c00, 0x39600000)
Event: 157.335 GC heap after
Heap after GC invocations=51 (full 10):
 def new generation   total 68544K, used 7475K [0x24000000, 0x28a50000, 0x29550000)
  eden space 60992K,   0% used [0x24000000, 0x24000000, 0x27b90000)
  from space 7552K,  98% used [0x27b90000, 0x282dcea8, 0x282f0000)
  to   space 7552K,   0% used [0x282f0000, 0x282f0000, 0x28a50000)
 tenured generation   total 152092K, used 108141K [0x29550000, 0x329d7000, 0x34000000)
   the space 152092K,  71% used [0x29550000, 0x2feeb618, 0x2feeb800, 0x329d7000)
 compacting perm gen  total 12288K, used 10990K [0x34000000, 0x34c00000, 0x38000000)
   the space 12288K,  89% used [0x34000000, 0x34abbb40, 0x34abbc00, 0x34c00000)
    ro space 10240K,  42% used [0x38000000, 0x38434778, 0x38434800, 0x38a00000)
    rw space 12288K,  52% used [0x38a00000, 0x39049a68, 0x39049c00, 0x39600000)
}
Event: 164.575 GC heap before
{Heap before GC invocations=51 (full 10):
 def new generation   total 68544K, used 68333K [0x24000000, 0x28a50000, 0x29550000)
  eden space 60992K,  99% used [0x24000000, 0x27b6e7d8, 0x27b90000)
  from space 7552K,  98% used [0x27b90000, 0x282dcea8, 0x282f0000)
  to   space 7552K,   0% used [0x282f0000, 0x282f0000, 0x28a50000)
 tenured generation   total 152092K, used 108333K [0x29550000, 0x329d7000, 0x34000000)
   the space 152092K,  71% used [0x29550000, 0x2ff1b628, 0x2ff1b800, 0x329d7000)
 compacting perm gen  total 12288K, used 10993K [0x34000000, 0x34c00000, 0x38000000)
   the space 12288K,  89% used [0x34000000, 0x34abc7f0, 0x34abc800, 0x34c00000)
    ro space 10240K,  42% used [0x38000000, 0x38434778, 0x38434800, 0x38a00000)
    rw space 12288K,  52% used [0x38a00000, 0x39049a68, 0x39049c00, 0x39600000)
Event: 164.582 GC heap after
Heap after GC invocations=52 (full 10):
 def new generation   total 68544K, used 7431K [0x24000000, 0x28a50000, 0x29550000)
  eden space 60992K,   0% used [0x24000000, 0x24000000, 0x27b90000)
  from space 7552K,  98% used [0x282f0000, 0x28a31e98, 0x28a50000)
  to   space 7552K,   0% used [0x27b90000, 0x27b90000, 0x282f0000)
 tenured generation   total 152092K, used 119542K [0x29550000, 0x329d7000, 0x34000000)
   the space 152092K,  78% used [0x29550000, 0x30a0db10, 0x30a0dc00, 0x329d7000)
 compacting perm gen  total 12288K, used 10993K [0x34000000, 0x34c00000, 0x38000000)
   the space 12288K,  89% used [0x34000000, 0x34abc7f0, 0x34abc800, 0x34c00000)
    ro space 10240K,  42% used [0x38000000, 0x38434778, 0x38434800, 0x38a00000)
    rw space 12288K,  52% used [0x38a00000, 0x39049a68, 0x39049c00, 0x39600000)
}
Event: 175.217 GC heap before
{Heap before GC invocations=52 (full 10):
 def new generation   total 68544K, used 68199K [0x24000000, 0x28a50000, 0x29550000)
  eden space 60992K,  99% used [0x24000000, 0x27b58108, 0x27b90000)
  from space 7552K,  98% used [0x282f0000, 0x28a31e98, 0x28a50000)
  to   space 7552K,   0% used [0x27b90000, 0x27b90000, 0x282f0000)
 tenured generation   total 152092K, used 119542K [0x29550000, 0x329d7000, 0x34000000)
   the space 152092K,  78% used [0x29550000, 0x30a0db10, 0x30a0dc00, 0x329d7000)
 compacting perm gen  total 12288K, used 10994K [0x34000000, 0x34c00000, 0x38000000)
   the space 12288K,  89% used [0x34000000, 0x34abc860, 0x34abca00, 0x34c00000)
    ro space 10240K,  42% used [0x38000000, 0x38434778, 0x38434800, 0x38a00000)
    rw space 12288K,  52% used [0x38a00000, 0x39049a68, 0x39049c00, 0x39600000)
Event: 175.226 GC heap after
Heap after GC invocations=53 (full 10):
 def new generation   total 68544K, used 7552K [0x24000000, 0x28a50000, 0x29550000)
  eden space 60992K,   0% used [0x24000000, 0x24000000, 0x27b90000)
  from space 7552K, 100% used [0x27b90000, 0x282f0000, 0x282f0000)
  to   space 7552K,   0% used [0x282f0000, 0x282f0000, 0x28a50000)
 tenured generation   total 152092K, used 134465K [0x29550000, 0x329d7000, 0x34000000)
   the space 152092K,  88% used [0x29550000, 0x318a0748, 0x318a0800, 0x329d7000)
 compacting perm gen  total 12288K, used 10994K [0x34000000, 0x34c00000, 0x38000000)
   the space 12288K,  89% used [0x34000000, 0x34abc860, 0x34abca00, 0x34c00000)
    ro space 10240K,  42% used [0x38000000, 0x38434778, 0x38434800, 0x38a00000)
    rw space 12288K,  52% used [0x38a00000, 0x39049a68, 0x39049c00, 0x39600000)
}

Deoptimization events (0 events):
No events

Internal exceptions (10 events):
Event: 155.875 Thread 0x092c7000 Threw 0x2587a6e0 at C:\re\jdk7u60\1081\hotspot\src\share\vm\prims\jvm.cpp:2917
Event: 157.764 Thread 0x08fb7800 Threw 0x243a4b18 at C:\re\jdk7u60\1081\hotspot\src\share\vm\prims\jvm.cpp:2917
Event: 159.112 Thread 0x0911c400 Threw 0x24bd2b30 at C:\re\jdk7u60\1081\hotspot\src\share\vm\prims\jvm.cpp:2917
Event: 159.439 Thread 0x05a85c00 Threw 0x25bfd418 at C:\re\jdk7u60\1081\hotspot\src\share\vm\prims\jvm.cpp:1244
Event: 162.005 Thread 0x08fb7800 Threw 0x25f6fb28 at C:\re\jdk7u60\1081\hotspot\src\share\vm\prims\jvm.cpp:2917
Event: 165.145 Thread 0x0911c400 Threw 0x247df668 at C:\re\jdk7u60\1081\hotspot\src\share\vm\prims\jvm.cpp:2917
Event: 168.238 Thread 0x08fb7800 Threw 0x24918c20 at C:\re\jdk7u60\1081\hotspot\src\share\vm\prims\jvm.cpp:2917
Event: 171.257 Thread 0x0911c400 Threw 0x26cc1f48 at C:\re\jdk7u60\1081\hotspot\src\share\vm\prims\jvm.cpp:2917
Event: 175.201 Thread 0x08fb7800 Threw 0x27795828 at C:\re\jdk7u60\1081\hotspot\src\share\vm\prims\jvm.cpp:2917
Event: 175.467 Thread 0x0c019800 Threw 0x254fbb88 at C:\re\jdk7u60\1081\hotspot\src\share\vm\prims\jvm.cpp:2917

Events (10 events):
Event: 183.114 Thread 0x05df5400 Thread added: 0x05df5400
Event: 183.114 Thread 0x05df6c00 Thread added: 0x05df6c00
Event: 183.114 loading class 0x39670c20
Event: 183.114 loading class 0x39670c20 done
Event: 183.114 Thread 0x05df6000 Thread exited: 0x05df6000
Event: 183.114 Thread 0x05df4000 Thread exited: 0x05df4000
Event: 183.114 Thread 0x05df5400 Thread exited: 0x05df5400
Event: 183.123 Thread 0x04f59c00 Thread exited: 0x04f59c00
Event: 183.215 Thread 0x05df6c00 Thread exited: 0x05df6c00
Event: 183.215 Executing VM operation: Exit


Dynamic libraries:
0x00a70000 - 0x00a9f000 	C:\Program Files (x86)\Java\jre7\bin\javaw.exe
0x76fe0000 - 0x77137000 	C:\Windows\SYSTEM32\ntdll.dll
0x74690000 - 0x747c0000 	C:\Windows\SYSTEM32\KERNEL32.DLL
0x76a80000 - 0x76b27000 	C:\Windows\SYSTEM32\KERNELBASE.dll
0x747c0000 - 0x7486e000 	C:\Windows\SYSTEM32\ADVAPI32.dll
0x764f0000 - 0x76606000 	C:\Windows\SYSTEM32\USER32.dll
0x73130000 - 0x73328000 	C:\Windows\WinSxS\x86_microsoft.windows.common-controls_6595b64144ccf1df_6.0.9200.16579_none_8937eec6860750f5\COMCTL32.dll
0x76000000 - 0x760b1000 	C:\Windows\SYSTEM32\msvcrt.dll
0x74870000 - 0x748a4000 	C:\Windows\SYSTEM32\sechost.dll
0x760c0000 - 0x7616c000 	C:\Windows\SYSTEM32\RPCRT4.dll
0x748b0000 - 0x749ad000 	C:\Windows\SYSTEM32\GDI32.dll
0x745d0000 - 0x745ed000 	C:\Windows\SYSTEM32\SspiCli.dll
0x745c0000 - 0x745c9000 	C:\Windows\SYSTEM32\CRYPTBASE.dll
0x74560000 - 0x745b1000 	C:\Windows\SYSTEM32\bcryptPrimitives.dll
0x762e0000 - 0x76300000 	C:\Windows\system32\IMM32.DLL
0x76680000 - 0x7675e000 	C:\Windows\SYSTEM32\MSCTF.dll
0x5fa00000 - 0x5fabf000 	C:\Program Files (x86)\Java\jre7\bin\msvcr100.dll
0x6f250000 - 0x6f5d8000 	C:\Program Files (x86)\Java\jre7\bin\client\jvm.dll
0x71c10000 - 0x71c18000 	C:\Windows\SYSTEM32\WSOCK32.dll
0x71fb0000 - 0x71fd1000 	C:\Windows\SYSTEM32\WINMM.dll
0x76300000 - 0x76306000 	C:\Windows\SYSTEM32\PSAPI.DLL
0x75f80000 - 0x75fd0000 	C:\Windows\SYSTEM32\WS2_32.dll
0x71c70000 - 0x71c9b000 	C:\Windows\SYSTEM32\WINMMBASE.dll
0x75ff0000 - 0x75ff8000 	C:\Windows\SYSTEM32\NSI.dll
0x76b30000 - 0x76b76000 	C:\Windows\SYSTEM32\cfgmgr32.dll
0x75f00000 - 0x75f1e000 	C:\Windows\SYSTEM32\DEVOBJ.dll
0x720a0000 - 0x720ac000 	C:\Program Files (x86)\Java\jre7\bin\verify.dll
0x71910000 - 0x71930000 	C:\Program Files (x86)\Java\jre7\bin\java.dll
0x718d0000 - 0x718e3000 	C:\Program Files (x86)\Java\jre7\bin\zip.dll
0x5e360000 - 0x5e4a3000 	C:\Program Files (x86)\Java\jre7\bin\awt.dll
0x76c00000 - 0x76c8b000 	C:\Windows\SYSTEM32\OLEAUT32.dll
0x76de0000 - 0x76f16000 	C:\Windows\SYSTEM32\combase.dll
0x72dd0000 - 0x72e77000 	C:\Windows\system32\apphelp.dll
0x71a40000 - 0x71a59000 	C:\Windows\system32\DWMAPI.DLL
0x726b0000 - 0x72738000 	C:\Windows\system32\uxtheme.dll
0x76760000 - 0x76879000 	C:\Windows\SYSTEM32\ole32.dll
0x74da0000 - 0x75e66000 	C:\Windows\SYSTEM32\SHELL32.dll
0x75f40000 - 0x75f80000 	C:\Windows\SYSTEM32\SHLWAPI.dll
0x73330000 - 0x733a3000 	C:\Windows\SYSTEM32\shcore.dll
0x5f9a0000 - 0x5f9d9000 	C:\Program Files (x86)\Java\jre7\bin\fontmanager.dll
0x718b0000 - 0x718c4000 	C:\Program Files (x86)\Java\jre7\bin\net.dll
0x72e80000 - 0x72eca000 	C:\Windows\system32\mswsock.dll
0x718a0000 - 0x718af000 	C:\Program Files (x86)\Java\jre7\bin\nio.dll
0x5e330000 - 0x5e360000 	C:\Program Files (x86)\Java\jre7\bin\t2k.dll
0x76b80000 - 0x76bf4000 	C:\Windows\SYSTEM32\clbcatq.dll
0x6a8a0000 - 0x6a9eb000 	C:\Windows\SYSTEM32\WindowsCodecs.dll
0x76dc0000 - 0x76dd1000 	C:\Windows\SYSTEM32\profapi.dll
0x5e300000 - 0x5e324000 	C:\Program Files (x86)\Java\jre7\bin\dcpr.dll
0x5e290000 - 0x5e2fd000 	C:\binaries\terrajava.dll
0x5e1a0000 - 0x5e287000 	C:\binaries\terramanager-funcate.dll
0x582d0000 - 0x58b76000 	C:\binaries\terralib.dll
0x64af0000 - 0x64b59000 	C:\Windows\SYSTEM32\MSVCP100.dll
0x6d880000 - 0x6db4c000 	C:\binaries\bgd.dll
0x5f9e0000 - 0x5f9fb000 	C:\binaries\terraogc_xml.dll
0x5f980000 - 0x5f99d000 	C:\binaries\terraogc_sld.dll
0x5e170000 - 0x5e196000 	C:\binaries\terraogc_se.dll
0x5e130000 - 0x5e166000 	C:\binaries\terraogc_filter.dll
0x5da60000 - 0x5dab2000 	C:\binaries\terraogc_ows.dll
0x5e110000 - 0x5e129000 	C:\binaries\terraogc_common.dll
0x5e100000 - 0x5e10b000 	C:\binaries\terralib_shp.dll
0x5e0f0000 - 0x5e0fe000 	C:\binaries\terralib_spl.dll
0x06460000 - 0x06856000 	C:\binaries\qt-mt338.dll
0x613d0000 - 0x6149e000 	C:\Windows\SYSTEM32\OPENGL32.dll
0x613a0000 - 0x613c3000 	C:\Windows\SYSTEM32\GLU32.dll
0x597c0000 - 0x5983f000 	C:\binaries\qwt500.dll
0x0fb00000 - 0x11aff000 	C:\binaries\berkelium.dll
0x06860000 - 0x069a1000 	C:\binaries\LIBMYSQL.dll
0x63100000 - 0x63121000 	C:\binaries\LIBPQ.dll
0x069b0000 - 0x06a11000 	C:\binaries\OCI.dll
0x59730000 - 0x597ba000 	C:\binaries\libtiff.dll
0x57af0000 - 0x582c2000 	C:\binaries\gdal110.dll
0x12000000 - 0x121dc000 	C:\binaries\xerces-c_3_1.dll
0x596d0000 - 0x59725000 	C:\binaries\terraogc_wms.dll
0x59670000 - 0x596c3000 	C:\binaries\terraogc_gml.dll
0x59620000 - 0x59661000 	C:\binaries\terraogc_xsd.dll
0x5da40000 - 0x5da60000 	C:\binaries\terraogc_xacml.dll
0x71f30000 - 0x71f90000 	C:\Windows\SYSTEM32\WINSPOOL.DRV
0x7c340000 - 0x7c396000 	C:\Windows\SYSTEM32\MSVCR71.dll
0x608a0000 - 0x60979000 	C:\Windows\SYSTEM32\DDRAW.dll
0x727a0000 - 0x727a9000 	C:\Windows\SYSTEM32\Secur32.dll
0x75f20000 - 0x75f3b000 	C:\Windows\SYSTEM32\USERENV.dll
0x71520000 - 0x71570000 	C:\Windows\SYSTEM32\OLEACC.dll
0x54200000 - 0x54276000 	C:\Windows\SYSTEM32\RICHED20.dll
0x72ee0000 - 0x72ee8000 	C:\Windows\SYSTEM32\VERSION.dll
0x720b0000 - 0x720c4000 	C:\Windows\SYSTEM32\USP10.dll
0x72c50000 - 0x72cc5000 	C:\Windows\SYSTEM32\DNSAPI.dll
0x06ac0000 - 0x06b6a000 	C:\Windows\libeay32.dll
0x06b70000 - 0x06b7d000 	C:\binaries\libintl-2.dll
0x72ed0000 - 0x72ed6000 	C:\Windows\SYSTEM32\SHFOLDER.DLL
0x06b80000 - 0x06ba6000 	C:\Windows\ssleay32.dll
0x06bb0000 - 0x06bd6000 	C:\binaries\libexpat.dll
0x60770000 - 0x60811000 	C:\Windows\SYSTEM32\ODBC32.dll
0x60760000 - 0x60767000 	C:\Windows\SYSTEM32\DCIMAN32.dll
0x663b0000 - 0x663db000 	C:\Windows\SYSTEM32\msls31.dll
0x06c30000 - 0x06d0b000 	C:\binaries\libiconv-2.dll
0x6f600000 - 0x6f61d000 	C:\Windows\SYSTEM32\gpapi.dll
0x74530000 - 0x74556000 	C:\Windows\SYSTEM32\ntmarta.dll
0x57240000 - 0x57ae8000 	C:\binaries\icudt46.dll
0x53850000 - 0x53979000 	C:\Windows\SYSTEM32\dbghelp.dll
0x726a0000 - 0x726a7000 	C:\Windows\System32\rasadhlp.dll
0x72040000 - 0x72050000 	C:\Windows\system32\napinsp.dll
0x72020000 - 0x72034000 	C:\Windows\system32\pnrpnsp.dll
0x72010000 - 0x72020000 	C:\Windows\system32\NLAapi.dll
0x72000000 - 0x72009000 	C:\Windows\System32\winrnr.dll
0x71ac0000 - 0x71ad0000 	C:\Windows\system32\wshbth.dll
0x71c30000 - 0x71c6f000 	C:\Windows\System32\fwpuclnt.dll
0x72cd0000 - 0x72cf0000 	C:\Windows\SYSTEM32\IPHLPAPI.DLL
0x72c40000 - 0x72c48000 	C:\Windows\SYSTEM32\WINNSI.DLL
0x730d0000 - 0x730ea000 	C:\Windows\SYSTEM32\CRYPTSP.dll
0x73090000 - 0x730ce000 	C:\Windows\system32\rsaenh.dll
0x72c30000 - 0x72c40000 	C:\Windows\SYSTEM32\dhcpcsvc6.DLL
0x72c10000 - 0x72c22000 	C:\Windows\SYSTEM32\dhcpcsvc.DLL
0x5a800000 - 0x5a825000 	C:\Program Files (x86)\Java\jre7\bin\jpeg.dll
0x71ea0000 - 0x71f22000 	C:\Windows\SYSTEM32\WINHTTP.dll
0x76310000 - 0x76492000 	C:\Windows\SYSTEM32\CRYPT32.dll
0x75fd0000 - 0x75fe2000 	C:\Windows\SYSTEM32\MSASN1.dll
0x73070000 - 0x73089000 	C:\Windows\SYSTEM32\ncrypt.dll
0x73050000 - 0x7306a000 	C:\Windows\SYSTEM32\bcrypt.dll
0x73020000 - 0x73047000 	C:\Windows\SYSTEM32\NTASN1.dll
0x6f5e0000 - 0x6f5fd000 	C:\Windows\SYSTEM32\cryptnet.dll
0x76620000 - 0x76676000 	C:\Windows\SYSTEM32\WLDAP32.dll
0x749b0000 - 0x74b5f000 	C:\Windows\SYSTEM32\SETUPAPI.dll
0x72f00000 - 0x73019000 	C:\Windows\system32\propsys.dll

VM Arguments:
jvm_args: -Dfile.encoding=ISO-8859-1 
java_command: com.nexusbr.gv.main.ConnectDBMain
Launcher Type: SUN_STANDARD

Environment Variables:
JAVA_HOME=C:\Program Files (x86)\Java\jre7
PATH=C:/Program Files (x86)/Java/jre7/bin/client;C:/Program Files (x86)/Java/jre7/bin;C:/Program Files (x86)/Java/jre7/lib/i386;C:\Program Files (x86)\PHP\;c:\Program Files (x86)\Intel\iCLS Client\;c:\Program Files\Intel\iCLS Client\;C:\Windows\system32;C:\Windows;C:\Windows\System32\Wbem;C:\Windows\System32\WindowsPowerShell\v1.0\;C:\Program Files\Intel\Intel(R) Management Engine Components\DAL;C:\Program Files\Intel\Intel(R) Management Engine Components\IPT;C:\Program Files (x86)\Intel\Intel(R) Management Engine Components\DAL;C:\Program Files (x86)\Intel\Intel(R) Management Engine Components\IPT;C:\Program Files (x86)\Intel\OpenCL SDK\3.0\bin\x86;C:\Program Files (x86)\Intel\OpenCL SDK\3.0\bin\x64;C:\Program Files (x86)\Windows Live\Shared;C:\binaries;c:\Program Files (x86)\Microsoft SQL Server\100\Tools\Binn\;c:\Program Files\Microsoft SQL Server\100\Tools\Binn\;c:\Program Files\Microsoft SQL Server\100\DTS\Binn\;C:\strawberry\c\bin;C:\strawberry\perl\site\bin;C:\strawberry\perl\bin;C:\Program Files (x86)\Microsoft SQL Server\110\Tools\Binn\ManagementStudio\;C:\Program Files (x86)\Microsoft SQL Server\110\Tools\Binn\;C:\Program Files\Microsoft SQL Server\110\Tools\Binn\;C:\Program Files (x86)\Microsoft SQL Server\110\DTS\Binn\;C:\Program Files\TortoiseSVN\bin;C:\Python34;C:\Program Files (x86)\Java\jre7\bin;C:\eclipse;
USERNAME=inacio
OS=Windows_NT
PROCESSOR_IDENTIFIER=Intel64 Family 6 Model 69 Stepping 1, GenuineIntel



---------------  S Y S T E M  ---------------

OS: Windows 8 , 64 bit Build 9200 

CPU:total 4 (2 cores per cpu, 2 threads per core) family 6 model 69 stepping 1, cmov, cx8, fxsr, mmx, sse, sse2, sse3, ssse3, sse4.1, sse4.2, popcnt, avx, avx2, aes, erms, ht, tsc, tscinvbit

Memory: 4k page, physical 8290700k(4681696k free), swap 9535884k(4745932k free)

vm_info: Java HotSpot(TM) Client VM (24.60-b09) for windows-x86 JRE (1.7.0_60-b19), built on May  7 2014 13:09:52 by "java_re" with unknown MS VC++:1600

time: Thu Jul 03 11:21:22 2014
elapsed time: 183 seconds

