#
# A fatal error has been detected by the Java Runtime Environment:
#
#  EXCEPTION_ACCESS_VIOLATION (0xc0000005) at pc=0x10129052, pid=11068, tid=11056
#
# JRE version: Java(TM) SE Runtime Environment (7.0_60-b19) (build 1.7.0_60-b19)
# Java VM: Java HotSpot(TM) Client VM (24.60-b09 mixed mode, sharing windows-x86 )
# Problematic frame:
# C  [berkelium.dll+0xa39052]
#
# Failed to write core dump. Minidumps are not enabled by default on client versions of Windows
#
# If you would like to submit a bug report, please visit:
#   http://bugreport.sun.com/bugreport/crash.jsp
#

---------------  T H R E A D  ---------------

Current thread (0x022cfc00):  VMThread [stack: 0x023b0000,0x02400000] [id=11056]

siginfo: ExceptionCode=0xc0000005, reading address 0x000000f8

Registers:
EAX=0x023ff0f4, EBX=0x000493e0, ECX=0x023ff0f4, EDX=0x71f2a068
ESP=0x023ff0e4, EBP=0x00000079, ESI=0x00000000, EDI=0x83d44368
EIP=0x10129052, EFLAGS=0x00010202

Top of Stack: (sp=0x023ff0e4)
0x023ff0e4:   079966a8 079966a8 06deab00 00000000
0x023ff0f4:   71f2a068 00000079 0792ac00 079f8d80
0x023ff104:   00000000 00000000 00000000 74616401
0x023ff114:   69642d61 0f760072 00000023 0000002f
0x023ff124:   00000000 06e17070 002e5be5 07996540
0x023ff134:   1127a750 1127a700 00000000 00000001
0x023ff144:   00000024 00000000 0000000f 1127a730
0x023ff154:   00000001 0f759783 00000008 00000001 

Instructions: (pc=0x10129052)
0x10129032:   03 00 00 57 53 e8 f4 c8 60 ff 8b ea 8d 54 24 10
0x10129042:   52 8b f8 e8 26 ca 00 00 83 c4 04 03 38 13 68 04
0x10129052:   8b 86 f8 00 00 00 0b 86 fc 00 00 00 89 7c 24 20
0x10129062:   89 6c 24 24 75 3e 39 84 24 d4 00 00 00 7f 35 7c 


Register to memory mapping:

EAX=
[error occurred during error reporting (printing register info), id 0xc0000005]

Stack: [0x023b0000,0x02400000],  sp=0x023ff0e4,  free space=316k
Native frames: (J=compiled Java code, j=interpreted, Vv=VM code, C=native code)
C  [berkelium.dll+0xa39052]

VM_Operation (0x05a4e290): Exit, mode: safepoint, requested by thread 0x055c7400


---------------  P R O C E S S  ---------------

Java Threads: ( => current thread )
  0x08d87400 JavaThread "Image Fetcher 3" daemon [_thread_blocked, id=9456, stack(0x053a0000,0x053f0000)]
  0x08d86c00 JavaThread "Image Fetcher 2" daemon [_thread_blocked, id=10784, stack(0x05310000,0x05360000)]
  0x08d85400 JavaThread "Image Fetcher 1" daemon [_thread_blocked, id=6484, stack(0x05280000,0x052d0000)]
  0x08d86800 JavaThread "Image Fetcher 0" daemon [_thread_blocked, id=8644, stack(0x051f0000,0x05240000)]
  0x08a2a800 JavaThread "Keep-Alive-SocketCleaner" daemon [_thread_blocked, id=10828, stack(0x09cb0000,0x09d00000)]
  0x08d9d400 JavaThread "Image Animator 2" daemon [_thread_blocked, id=8372, stack(0x0d9d0000,0x0da20000)]
  0x05911800 JavaThread "WeakCollectionCleaner" daemon [_thread_blocked, id=7736, stack(0x090c0000,0x09110000)]
  0x05923800 JavaThread "TimerQueue" daemon [_thread_blocked, id=1816, stack(0x07820000,0x07870000)]
  0x00bde000 JavaThread "DestroyJavaVM" [_thread_blocked, id=4248, stack(0x00aa0000,0x00af0000)]
  0x055c7400 JavaThread "AWT-EventQueue-0" [_thread_blocked, id=7192, stack(0x05a00000,0x05a50000)]
  0x04a82400 JavaThread "AWT-Shutdown" [_thread_blocked, id=10432, stack(0x050c0000,0x05110000)]
  0x04a81800 JavaThread "Java2D Disposer" daemon [_thread_blocked, id=10744, stack(0x05070000,0x050c0000)]
  0x0234d800 JavaThread "Service Thread" daemon [_thread_blocked, id=580, stack(0x047d0000,0x04820000)]
  0x02347800 JavaThread "C1 CompilerThread0" daemon [_thread_blocked, id=10320, stack(0x04740000,0x04790000)]
  0x02343c00 JavaThread "Attach Listener" daemon [_thread_blocked, id=8284, stack(0x046b0000,0x04700000)]
  0x02342800 JavaThread "Signal Dispatcher" daemon [_thread_blocked, id=10920, stack(0x04620000,0x04670000)]
  0x022d2800 JavaThread "Finalizer" daemon [_thread_blocked, id=7952, stack(0x04590000,0x045e0000)]
  0x022d1000 JavaThread "Reference Handler" daemon [_thread_blocked, id=1660, stack(0x04500000,0x04550000)]

Other Threads:
=>0x022cfc00 VMThread [stack: 0x023b0000,0x02400000] [id=11056]

VM state:at safepoint (shutting down)

VM Mutex/Monitor currently owned by a thread:  ([mutex/lock_event])
[0x00bdc400] Threads_lock - owner thread: 0x022cfc00

Heap
 def new generation   total 78656K, used 26803K [0x24000000, 0x29550000, 0x29550000)
  eden space 69952K,  25% used [0x24000000, 0x251acec8, 0x28450000)
  from space 8704K, 100% used [0x28450000, 0x28cd0000, 0x28cd0000)
  to   space 8704K,   0% used [0x28cd0000, 0x28cd0000, 0x29550000)
 tenured generation   total 174784K, used 66589K [0x29550000, 0x34000000, 0x34000000)
   the space 174784K,  38% used [0x29550000, 0x2d6576e8, 0x2d657800, 0x34000000)
 compacting perm gen  total 12288K, used 12190K [0x34000000, 0x34c00000, 0x38000000)
   the space 12288K,  99% used [0x34000000, 0x34be7808, 0x34be7a00, 0x34c00000)
    ro space 10240K,  42% used [0x38000000, 0x38434778, 0x38434800, 0x38a00000)
    rw space 12288K,  52% used [0x38a00000, 0x39049a68, 0x39049c00, 0x39600000)

Card table byte_map: [0x04450000,0x04500000] byte_map_base: 0x04330000

Polling page: 0x007d0000

Code Cache  [0x02450000, 0x02888000, 0x04450000)
 total_blobs=2557 nmethods=2255 adapters=238 free_code_cache=28471Kb largest_free_block=29152320

Compilation events (10 events):
Event: 478.623 Thread 0x02347800 2278             sun.awt.image.PNGImageDecoder::getByte (11 bytes)
Event: 478.624 Thread 0x02347800 nmethod 2278 0x02881ec8 code [0x02881fc0, 0x02882070]
Event: 478.668 Thread 0x02347800 2279             java.util.concurrent.locks.AbstractQueuedSynchronizer::acquireShared (14 bytes)
Event: 478.669 Thread 0x02347800 nmethod 2279 0x02882108 code [0x02882210, 0x028822d8]
Event: 478.669 Thread 0x02347800 2280             java.util.concurrent.locks.AbstractQueuedSynchronizer::apparentlyFirstQueuedIsExclusive (38 bytes)
Event: 478.669 Thread 0x02347800 nmethod 2280 0x02882348 code [0x02882440, 0x02882510]
Event: 478.669 Thread 0x02347800 2281             java.util.concurrent.locks.AbstractQueuedSynchronizer::releaseShared (16 bytes)
Event: 478.669 Thread 0x02347800 nmethod 2281 0x028825c8 code [0x028826e0, 0x028827b8]
Event: 478.669 Thread 0x02347800 2282             java.util.concurrent.locks.AbstractQueuedSynchronizer::doReleaseShared (79 bytes)
Event: 478.669 Thread 0x02347800 nmethod 2282 0x02882848 code [0x02882950, 0x02882abc]

GC Heap History (10 events):
Event: 418.417 GC heap before
{Heap before GC invocations=89 (full 13):
 def new generation   total 78656K, used 78432K [0x24000000, 0x29550000, 0x29550000)
  eden space 69952K,  99% used [0x24000000, 0x28418db8, 0x28450000)
  from space 8704K,  99% used [0x28cd0000, 0x2954f370, 0x29550000)
  to   space 8704K,   0% used [0x28450000, 0x28450000, 0x28cd0000)
 tenured generation   total 174784K, used 148401K [0x29550000, 0x34000000, 0x34000000)
   the space 174784K,  84% used [0x29550000, 0x3263c6c0, 0x3263c800, 0x34000000)
 compacting perm gen  total 12288K, used 10913K [0x34000000, 0x34c00000, 0x38000000)
   the space 12288K,  88% used [0x34000000, 0x34aa8500, 0x34aa8600, 0x34c00000)
    ro space 10240K,  42% used [0x38000000, 0x38434778, 0x38434800, 0x38a00000)
    rw space 12288K,  52% used [0x38a00000, 0x39049a68, 0x39049c00, 0x39600000)
Event: 418.422 GC heap after
Heap after GC invocations=90 (full 13):
 def new generation   total 78656K, used 7479K [0x24000000, 0x29550000, 0x29550000)
  eden space 69952K,   0% used [0x24000000, 0x24000000, 0x28450000)
  from space 8704K,  85% used [0x28450000, 0x28b9dcf0, 0x28cd0000)
  to   space 8704K,   0% used [0x28cd0000, 0x28cd0000, 0x29550000)
 tenured generation   total 174784K, used 153602K [0x29550000, 0x34000000, 0x34000000)
   the space 174784K,  87% used [0x29550000, 0x32b50b80, 0x32b50c00, 0x34000000)
 compacting perm gen  total 12288K, used 10913K [0x34000000, 0x34c00000, 0x38000000)
   the space 12288K,  88% used [0x34000000, 0x34aa8500, 0x34aa8600, 0x34c00000)
    ro space 10240K,  42% used [0x38000000, 0x38434778, 0x38434800, 0x38a00000)
    rw space 12288K,  52% used [0x38a00000, 0x39049a68, 0x39049c00, 0x39600000)
}
Event: 447.489 GC heap before
{Heap before GC invocations=90 (full 13):
 def new generation   total 78656K, used 76123K [0x24000000, 0x29550000, 0x29550000)
  eden space 69952K,  98% used [0x24000000, 0x283092f0, 0x28450000)
  from space 8704K,  85% used [0x28450000, 0x28b9dcf0, 0x28cd0000)
  to   space 8704K,   0% used [0x28cd0000, 0x28cd0000, 0x29550000)
 tenured generation   total 174784K, used 153602K [0x29550000, 0x34000000, 0x34000000)
   the space 174784K,  87% used [0x29550000, 0x32b50b80, 0x32b50c00, 0x34000000)
 compacting perm gen  total 12288K, used 10917K [0x34000000, 0x34c00000, 0x38000000)
   the space 12288K,  88% used [0x34000000, 0x34aa9750, 0x34aa9800, 0x34c00000)
    ro space 10240K,  42% used [0x38000000, 0x38434778, 0x38434800, 0x38a00000)
    rw space 12288K,  52% used [0x38a00000, 0x39049a68, 0x39049c00, 0x39600000)
Event: 447.496 GC heap after
Heap after GC invocations=91 (full 13):
 def new generation   total 78656K, used 8704K [0x24000000, 0x29550000, 0x29550000)
  eden space 69952K,   0% used [0x24000000, 0x24000000, 0x28450000)
  from space 8704K, 100% used [0x28cd0000, 0x29550000, 0x29550000)
  to   space 8704K,   0% used [0x28450000, 0x28450000, 0x28cd0000)
 tenured generation   total 174784K, used 160898K [0x29550000, 0x34000000, 0x34000000)
   the space 174784K,  92% used [0x29550000, 0x33270a28, 0x33270c00, 0x34000000)
 compacting perm gen  total 12288K, used 10917K [0x34000000, 0x34c00000, 0x38000000)
   the space 12288K,  88% used [0x34000000, 0x34aa9750, 0x34aa9800, 0x34c00000)
    ro space 10240K,  42% used [0x38000000, 0x38434778, 0x38434800, 0x38a00000)
    rw space 12288K,  52% used [0x38a00000, 0x39049a68, 0x39049c00, 0x39600000)
}
Event: 462.240 GC heap before
{Heap before GC invocations=91 (full 13):
 def new generation   total 78656K, used 78656K [0x24000000, 0x29550000, 0x29550000)
  eden space 69952K, 100% used [0x24000000, 0x28450000, 0x28450000)
  from space 8704K, 100% used [0x28cd0000, 0x29550000, 0x29550000)
  to   space 8704K,   0% used [0x28450000, 0x28450000, 0x28cd0000)
 tenured generation   total 174784K, used 160898K [0x29550000, 0x34000000, 0x34000000)
   the space 174784K,  92% used [0x29550000, 0x33270a28, 0x33270c00, 0x34000000)
 compacting perm gen  total 12288K, used 11623K [0x34000000, 0x34c00000, 0x38000000)
   the space 12288K,  94% used [0x34000000, 0x34b59c88, 0x34b59e00, 0x34c00000)
    ro space 10240K,  42% used [0x38000000, 0x38434778, 0x38434800, 0x38a00000)
    rw space 12288K,  52% used [0x38a00000, 0x39049a68, 0x39049c00, 0x39600000)
Event: 462.313 GC heap after
Heap after GC invocations=92 (full 14):
 def new generation   total 78656K, used 0K [0x24000000, 0x29550000, 0x29550000)
  eden space 69952K,   0% used [0x24000000, 0x24000000, 0x28450000)
  from space 8704K,   0% used [0x28450000, 0x28450000, 0x28cd0000)
  to   space 8704K,   0% used [0x28cd0000, 0x28cd0000, 0x29550000)
 tenured generation   total 174784K, used 41585K [0x29550000, 0x34000000, 0x34000000)
   the space 174784K,  23% used [0x29550000, 0x2bdec4e8, 0x2bdec600, 0x34000000)
 compacting perm gen  total 12288K, used 11623K [0x34000000, 0x34c00000, 0x38000000)
   the space 12288K,  94% used [0x34000000, 0x34b59c88, 0x34b59e00, 0x34c00000)
    ro space 10240K,  42% used [0x38000000, 0x38434778, 0x38434800, 0x38a00000)
    rw space 12288K,  52% used [0x38a00000, 0x39049a68, 0x39049c00, 0x39600000)
}
Event: 470.962 GC heap before
{Heap before GC invocations=92 (full 14):
 def new generation   total 78656K, used 70206K [0x24000000, 0x29550000, 0x29550000)
  eden space 69952K, 100% used [0x24000000, 0x28450000, 0x28450000)
  from space 8704K,   2% used [0x28450000, 0x2848f840, 0x28cd0000)
  to   space 8704K,   0% used [0x28cd0000, 0x28cd0000, 0x29550000)
 tenured generation   total 174784K, used 41585K [0x29550000, 0x34000000, 0x34000000)
   the space 174784K,  23% used [0x29550000, 0x2bdec4e8, 0x2bdec600, 0x34000000)
 compacting perm gen  total 12288K, used 12188K [0x34000000, 0x34c00000, 0x38000000)
   the space 12288K,  99% used [0x34000000, 0x34be7210, 0x34be7400, 0x34c00000)
    ro space 10240K,  42% used [0x38000000, 0x38434778, 0x38434800, 0x38a00000)
    rw space 12288K,  52% used [0x38a00000, 0x39049a68, 0x39049c00, 0x39600000)
Event: 470.973 GC heap after
Heap after GC invocations=93 (full 14):
 def new generation   total 78656K, used 8704K [0x24000000, 0x29550000, 0x29550000)
  eden space 69952K,   0% used [0x24000000, 0x24000000, 0x28450000)
  from space 8704K, 100% used [0x28cd0000, 0x29550000, 0x29550000)
  to   space 8704K,   0% used [0x28450000, 0x28450000, 0x28cd0000)
 tenured generation   total 174784K, used 49297K [0x29550000, 0x34000000, 0x34000000)
   the space 174784K,  28% used [0x29550000, 0x2c5747a0, 0x2c574800, 0x34000000)
 compacting perm gen  total 12288K, used 12188K [0x34000000, 0x34c00000, 0x38000000)
   the space 12288K,  99% used [0x34000000, 0x34be7210, 0x34be7400, 0x34c00000)
    ro space 10240K,  42% used [0x38000000, 0x38434778, 0x38434800, 0x38a00000)
    rw space 12288K,  52% used [0x38a00000, 0x39049a68, 0x39049c00, 0x39600000)
}
Event: 478.636 GC heap before
{Heap before GC invocations=93 (full 14):
 def new generation   total 78656K, used 78611K [0x24000000, 0x29550000, 0x29550000)
  eden space 69952K,  99% used [0x24000000, 0x28444f88, 0x28450000)
  from space 8704K, 100% used [0x28cd0000, 0x29550000, 0x29550000)
  to   space 8704K,   0% used [0x28450000, 0x28450000, 0x28cd0000)
 tenured generation   total 174784K, used 49553K [0x29550000, 0x34000000, 0x34000000)
   the space 174784K,  28% used [0x29550000, 0x2c5b47b0, 0x2c5b4800, 0x34000000)
 compacting perm gen  total 12288K, used 12188K [0x34000000, 0x34c00000, 0x38000000)
   the space 12288K,  99% used [0x34000000, 0x34be7220, 0x34be7400, 0x34c00000)
    ro space 10240K,  42% used [0x38000000, 0x38434778, 0x38434800, 0x38a00000)
    rw space 12288K,  52% used [0x38a00000, 0x39049a68, 0x39049c00, 0x39600000)
Event: 478.654 GC heap after
Heap after GC invocations=94 (full 14):
 def new generation   total 78656K, used 8704K [0x24000000, 0x29550000, 0x29550000)
  eden space 69952K,   0% used [0x24000000, 0x24000000, 0x28450000)
  from space 8704K, 100% used [0x28450000, 0x28cd0000, 0x28cd0000)
  to   space 8704K,   0% used [0x28cd0000, 0x28cd0000, 0x29550000)
 tenured generation   total 174784K, used 66589K [0x29550000, 0x34000000, 0x34000000)
   the space 174784K,  38% used [0x29550000, 0x2d6576e8, 0x2d657800, 0x34000000)
 compacting perm gen  total 12288K, used 12188K [0x34000000, 0x34c00000, 0x38000000)
   the space 12288K,  99% used [0x34000000, 0x34be7220, 0x34be7400, 0x34c00000)
    ro space 10240K,  42% used [0x38000000, 0x38434778, 0x38434800, 0x38a00000)
    rw space 12288K,  52% used [0x38a00000, 0x39049a68, 0x39049c00, 0x39600000)
}

Deoptimization events (0 events):
No events

Internal exceptions (10 events):
Event: 462.792 Thread 0x055c7400 Threw 0x243b3588 at C:\re\jdk7u60\1081\hotspot\src\share\vm\prims\jvm.cpp:1244
Event: 462.794 Thread 0x055c7400 Threw 0x243bd858 at C:\re\jdk7u60\1081\hotspot\src\share\vm\prims\jvm.cpp:1244
Event: 462.794 Thread 0x055c7400 Threw 0x243c2978 at C:\re\jdk7u60\1081\hotspot\src\share\vm\prims\jvm.cpp:1244
Event: 462.795 Thread 0x055c7400 Threw 0x243c7060 at C:\re\jdk7u60\1081\hotspot\src\share\vm\prims\jvm.cpp:1244
Event: 462.796 Thread 0x055c7400 Threw 0x243cb8a8 at C:\re\jdk7u60\1081\hotspot\src\share\vm\prims\jvm.cpp:1244
Event: 462.796 Thread 0x055c7400 Threw 0x243cfb88 at C:\re\jdk7u60\1081\hotspot\src\share\vm\prims\jvm.cpp:1244
Event: 462.797 Thread 0x055c7400 Threw 0x243d4580 at C:\re\jdk7u60\1081\hotspot\src\share\vm\prims\jvm.cpp:1244
Event: 462.797 Thread 0x055c7400 Threw 0x243dae68 at C:\re\jdk7u60\1081\hotspot\src\share\vm\prims\jvm.cpp:1244
Event: 462.802 Thread 0x055c7400 Threw 0x243dfad8 at C:\re\jdk7u60\1081\hotspot\src\share\vm\prims\jvm.cpp:1244
Event: 462.802 Thread 0x055c7400 Threw 0x243e5020 at C:\re\jdk7u60\1081\hotspot\src\share\vm\prims\jvm.cpp:1244

Events (10 events):
Event: 479.278 Thread 0x05912c00 Thread added: 0x05912c00
Event: 479.278 Thread 0x05915000 Thread added: 0x05915000
Event: 479.278 loading class 0x39670c20
Event: 479.278 Thread 0x05915000 Thread exited: 0x05915000
Event: 479.278 Thread 0x05914c00 Thread exited: 0x05914c00
Event: 479.278 loading class 0x39670c20 done
Event: 479.278 Thread 0x05912c00 Thread exited: 0x05912c00
Event: 479.286 Thread 0x04a82c00 Thread exited: 0x04a82c00
Event: 479.378 Thread 0x05913800 Thread exited: 0x05913800
Event: 479.378 Executing VM operation: Exit


Dynamic libraries:
0x00a70000 - 0x00a9f000 	C:\Program Files (x86)\Java\jre7\bin\javaw.exe
0x76fe0000 - 0x77137000 	C:\Windows\SYSTEM32\ntdll.dll
0x74690000 - 0x747c0000 	C:\Windows\SYSTEM32\KERNEL32.DLL
0x76a80000 - 0x76b27000 	C:\Windows\SYSTEM32\KERNELBASE.dll
0x747c0000 - 0x7486e000 	C:\Windows\SYSTEM32\ADVAPI32.dll
0x764f0000 - 0x76606000 	C:\Windows\SYSTEM32\USER32.dll
0x73130000 - 0x73328000 	C:\Windows\WinSxS\x86_microsoft.windows.common-controls_6595b64144ccf1df_6.0.9200.16579_none_8937eec6860750f5\COMCTL32.dll
0x76000000 - 0x760b1000 	C:\Windows\SYSTEM32\msvcrt.dll
0x74870000 - 0x748a4000 	C:\Windows\SYSTEM32\sechost.dll
0x760c0000 - 0x7616c000 	C:\Windows\SYSTEM32\RPCRT4.dll
0x748b0000 - 0x749ad000 	C:\Windows\SYSTEM32\GDI32.dll
0x745d0000 - 0x745ed000 	C:\Windows\SYSTEM32\SspiCli.dll
0x745c0000 - 0x745c9000 	C:\Windows\SYSTEM32\CRYPTBASE.dll
0x74560000 - 0x745b1000 	C:\Windows\SYSTEM32\bcryptPrimitives.dll
0x762e0000 - 0x76300000 	C:\Windows\system32\IMM32.DLL
0x76680000 - 0x7675e000 	C:\Windows\SYSTEM32\MSCTF.dll
0x6f3d0000 - 0x6f48f000 	C:\Program Files (x86)\Java\jre7\bin\msvcr100.dll
0x5e310000 - 0x5e698000 	C:\Program Files (x86)\Java\jre7\bin\client\jvm.dll
0x71c10000 - 0x71c18000 	C:\Windows\SYSTEM32\WSOCK32.dll
0x71fb0000 - 0x71fd1000 	C:\Windows\SYSTEM32\WINMM.dll
0x76300000 - 0x76306000 	C:\Windows\SYSTEM32\PSAPI.DLL
0x75f80000 - 0x75fd0000 	C:\Windows\SYSTEM32\WS2_32.dll
0x71c70000 - 0x71c9b000 	C:\Windows\SYSTEM32\WINMMBASE.dll
0x75ff0000 - 0x75ff8000 	C:\Windows\SYSTEM32\NSI.dll
0x76b30000 - 0x76b76000 	C:\Windows\SYSTEM32\cfgmgr32.dll
0x75f00000 - 0x75f1e000 	C:\Windows\SYSTEM32\DEVOBJ.dll
0x720a0000 - 0x720ac000 	C:\Program Files (x86)\Java\jre7\bin\verify.dll
0x70bb0000 - 0x70bd0000 	C:\Program Files (x86)\Java\jre7\bin\java.dll
0x70b90000 - 0x70ba3000 	C:\Program Files (x86)\Java\jre7\bin\zip.dll
0x6f490000 - 0x6f5d3000 	C:\Program Files (x86)\Java\jre7\bin\awt.dll
0x76c00000 - 0x76c8b000 	C:\Windows\SYSTEM32\OLEAUT32.dll
0x76de0000 - 0x76f16000 	C:\Windows\SYSTEM32\combase.dll
0x72dd0000 - 0x72e77000 	C:\Windows\system32\apphelp.dll
0x71a40000 - 0x71a59000 	C:\Windows\system32\DWMAPI.DLL
0x726b0000 - 0x72738000 	C:\Windows\system32\uxtheme.dll
0x76760000 - 0x76879000 	C:\Windows\SYSTEM32\ole32.dll
0x74da0000 - 0x75e66000 	C:\Windows\SYSTEM32\SHELL32.dll
0x75f40000 - 0x75f80000 	C:\Windows\SYSTEM32\SHLWAPI.dll
0x73330000 - 0x733a3000 	C:\Windows\SYSTEM32\shcore.dll
0x718b0000 - 0x718e9000 	C:\Program Files (x86)\Java\jre7\bin\fontmanager.dll
0x6f250000 - 0x6f264000 	C:\Program Files (x86)\Java\jre7\bin\net.dll
0x72e80000 - 0x72eca000 	C:\Windows\system32\mswsock.dll
0x718a0000 - 0x718af000 	C:\Program Files (x86)\Java\jre7\bin\nio.dll
0x706d0000 - 0x70700000 	C:\Program Files (x86)\Java\jre7\bin\t2k.dll
0x76b80000 - 0x76bf4000 	C:\Windows\SYSTEM32\clbcatq.dll
0x6a8a0000 - 0x6a9eb000 	C:\Windows\SYSTEM32\WindowsCodecs.dll
0x76dc0000 - 0x76dd1000 	C:\Windows\SYSTEM32\profapi.dll
0x706a0000 - 0x706c4000 	C:\Program Files (x86)\Java\jre7\bin\dcpr.dll
0x6f360000 - 0x6f3cd000 	C:\binaries\terrajava.dll
0x68640000 - 0x68727000 	C:\binaries\terramanager-funcate.dll
0x59300000 - 0x59ba6000 	C:\binaries\terralib.dll
0x64af0000 - 0x64b59000 	C:\Windows\SYSTEM32\MSVCP100.dll
0x6d880000 - 0x6db4c000 	C:\binaries\bgd.dll
0x71910000 - 0x7192b000 	C:\binaries\terraogc_xml.dll
0x71500000 - 0x7151d000 	C:\binaries\terraogc_sld.dll
0x6f330000 - 0x6f356000 	C:\binaries\terraogc_se.dll
0x6f2f0000 - 0x6f326000 	C:\binaries\terraogc_filter.dll
0x685e0000 - 0x68632000 	C:\binaries\terraogc_ows.dll
0x6f2d0000 - 0x6f2e9000 	C:\binaries\terraogc_common.dll
0x6f2c0000 - 0x6f2cb000 	C:\binaries\terralib_shp.dll
0x6f2b0000 - 0x6f2be000 	C:\binaries\terralib_spl.dll
0x05fa0000 - 0x06396000 	C:\binaries\qt-mt338.dll
0x613d0000 - 0x6149e000 	C:\Windows\SYSTEM32\OPENGL32.dll
0x613a0000 - 0x613c3000 	C:\Windows\SYSTEM32\GLU32.dll
0x68560000 - 0x685df000 	C:\binaries\qwt500.dll
0x0f6f0000 - 0x116ef000 	C:\binaries\berkelium.dll
0x063a0000 - 0x064e1000 	C:\binaries\LIBMYSQL.dll
0x63100000 - 0x63121000 	C:\binaries\LIBPQ.dll
0x064f0000 - 0x06551000 	C:\binaries\OCI.dll
0x684d0000 - 0x6855a000 	C:\binaries\libtiff.dll
0x583a0000 - 0x58b72000 	C:\binaries\gdal110.dll
0x12000000 - 0x121dc000 	C:\binaries\xerces-c_3_1.dll
0x5f000000 - 0x5f055000 	C:\binaries\terraogc_wms.dll
0x5efa0000 - 0x5eff3000 	C:\binaries\terraogc_gml.dll
0x5f980000 - 0x5f9c1000 	C:\binaries\terraogc_xsd.dll
0x6ab50000 - 0x6ab70000 	C:\binaries\terraogc_xacml.dll
0x71f30000 - 0x71f90000 	C:\Windows\SYSTEM32\WINSPOOL.DRV
0x7c340000 - 0x7c396000 	C:\Windows\SYSTEM32\MSVCR71.dll
0x608a0000 - 0x60979000 	C:\Windows\SYSTEM32\DDRAW.dll
0x727a0000 - 0x727a9000 	C:\Windows\SYSTEM32\Secur32.dll
0x75f20000 - 0x75f3b000 	C:\Windows\SYSTEM32\USERENV.dll
0x71520000 - 0x71570000 	C:\Windows\SYSTEM32\OLEACC.dll
0x54200000 - 0x54276000 	C:\Windows\SYSTEM32\RICHED20.dll
0x72ee0000 - 0x72ee8000 	C:\Windows\SYSTEM32\VERSION.dll
0x720b0000 - 0x720c4000 	C:\Windows\SYSTEM32\USP10.dll
0x72c50000 - 0x72cc5000 	C:\Windows\SYSTEM32\DNSAPI.dll
0x06600000 - 0x066aa000 	C:\Windows\libeay32.dll
0x066b0000 - 0x066bd000 	C:\binaries\libintl-2.dll
0x72ed0000 - 0x72ed6000 	C:\Windows\SYSTEM32\SHFOLDER.DLL
0x066c0000 - 0x066e6000 	C:\Windows\ssleay32.dll
0x066f0000 - 0x06716000 	C:\binaries\libexpat.dll
0x60770000 - 0x60811000 	C:\Windows\SYSTEM32\ODBC32.dll
0x60760000 - 0x60767000 	C:\Windows\SYSTEM32\DCIMAN32.dll
0x663b0000 - 0x663db000 	C:\Windows\SYSTEM32\msls31.dll
0x06770000 - 0x0684b000 	C:\binaries\libiconv-2.dll
0x6f600000 - 0x6f61d000 	C:\Windows\SYSTEM32\gpapi.dll
0x74530000 - 0x74556000 	C:\Windows\SYSTEM32\ntmarta.dll
0x57af0000 - 0x58398000 	C:\binaries\icudt46.dll
0x53850000 - 0x53979000 	C:\Windows\SYSTEM32\dbghelp.dll
0x72040000 - 0x72050000 	C:\Windows\system32\napinsp.dll
0x72020000 - 0x72034000 	C:\Windows\system32\pnrpnsp.dll
0x72010000 - 0x72020000 	C:\Windows\system32\NLAapi.dll
0x72000000 - 0x72009000 	C:\Windows\System32\winrnr.dll
0x71ac0000 - 0x71ad0000 	C:\Windows\system32\wshbth.dll
0x726a0000 - 0x726a7000 	C:\Windows\System32\rasadhlp.dll
0x71c30000 - 0x71c6f000 	C:\Windows\System32\fwpuclnt.dll
0x72cd0000 - 0x72cf0000 	C:\Windows\SYSTEM32\IPHLPAPI.DLL
0x72c40000 - 0x72c48000 	C:\Windows\SYSTEM32\WINNSI.DLL
0x730d0000 - 0x730ea000 	C:\Windows\SYSTEM32\CRYPTSP.dll
0x73090000 - 0x730ce000 	C:\Windows\system32\rsaenh.dll
0x72c30000 - 0x72c40000 	C:\Windows\SYSTEM32\dhcpcsvc6.DLL
0x72c10000 - 0x72c22000 	C:\Windows\SYSTEM32\dhcpcsvc.DLL
0x68440000 - 0x68465000 	C:\Program Files (x86)\Java\jre7\bin\jpeg.dll
0x71ea0000 - 0x71f22000 	C:\Windows\SYSTEM32\WINHTTP.dll
0x76310000 - 0x76492000 	C:\Windows\SYSTEM32\CRYPT32.dll
0x75fd0000 - 0x75fe2000 	C:\Windows\SYSTEM32\MSASN1.dll
0x73070000 - 0x73089000 	C:\Windows\SYSTEM32\ncrypt.dll
0x73050000 - 0x7306a000 	C:\Windows\SYSTEM32\bcrypt.dll
0x73020000 - 0x73047000 	C:\Windows\SYSTEM32\NTASN1.dll
0x6f5e0000 - 0x6f5fd000 	C:\Windows\SYSTEM32\cryptnet.dll
0x76620000 - 0x76676000 	C:\Windows\SYSTEM32\WLDAP32.dll
0x749b0000 - 0x74b5f000 	C:\Windows\SYSTEM32\SETUPAPI.dll
0x72f00000 - 0x73019000 	C:\Windows\system32\propsys.dll

VM Arguments:
jvm_args: -Dfile.encoding=ISO-8859-1 
java_command: com.nexusbr.gv.main.ConnectDBMain
Launcher Type: SUN_STANDARD

Environment Variables:
JAVA_HOME=C:\Program Files (x86)\Java\jre7
PATH=C:/Program Files (x86)/Java/jre7/bin/client;C:/Program Files (x86)/Java/jre7/bin;C:/Program Files (x86)/Java/jre7/lib/i386;C:\Program Files (x86)\PHP\;c:\Program Files (x86)\Intel\iCLS Client\;c:\Program Files\Intel\iCLS Client\;C:\Windows\system32;C:\Windows;C:\Windows\System32\Wbem;C:\Windows\System32\WindowsPowerShell\v1.0\;C:\Program Files\Intel\Intel(R) Management Engine Components\DAL;C:\Program Files\Intel\Intel(R) Management Engine Components\IPT;C:\Program Files (x86)\Intel\Intel(R) Management Engine Components\DAL;C:\Program Files (x86)\Intel\Intel(R) Management Engine Components\IPT;C:\Program Files (x86)\Intel\OpenCL SDK\3.0\bin\x86;C:\Program Files (x86)\Intel\OpenCL SDK\3.0\bin\x64;C:\Program Files (x86)\Windows Live\Shared;C:\binaries;c:\Program Files (x86)\Microsoft SQL Server\100\Tools\Binn\;c:\Program Files\Microsoft SQL Server\100\Tools\Binn\;c:\Program Files\Microsoft SQL Server\100\DTS\Binn\;C:\strawberry\c\bin;C:\strawberry\perl\site\bin;C:\strawberry\perl\bin;C:\Program Files (x86)\Microsoft SQL Server\110\Tools\Binn\ManagementStudio\;C:\Program Files (x86)\Microsoft SQL Server\110\Tools\Binn\;C:\Program Files\Microsoft SQL Server\110\Tools\Binn\;C:\Program Files (x86)\Microsoft SQL Server\110\DTS\Binn\;C:\Program Files\TortoiseSVN\bin;C:\Python34;C:\Program Files (x86)\Java\jre7\bin;C:\eclipse;
USERNAME=inacio
OS=Windows_NT
PROCESSOR_IDENTIFIER=Intel64 Family 6 Model 69 Stepping 1, GenuineIntel



---------------  S Y S T E M  ---------------

OS: Windows 8 , 64 bit Build 9200 

CPU:total 4 (2 cores per cpu, 2 threads per core) family 6 model 69 stepping 1, cmov, cx8, fxsr, mmx, sse, sse2, sse3, ssse3, sse4.1, sse4.2, popcnt, avx, avx2, aes, erms, ht, tsc, tscinvbit

Memory: 4k page, physical 8290700k(2358488k free), swap 9535884k(3006056k free)

vm_info: Java HotSpot(TM) Client VM (24.60-b09) for windows-x86 JRE (1.7.0_60-b19), built on May  7 2014 13:09:52 by "java_re" with unknown MS VC++:1600

time: Thu Jul 03 16:45:29 2014
elapsed time: 479 seconds

