#
# A fatal error has been detected by the Java Runtime Environment:
#
#  EXCEPTION_ACCESS_VIOLATION (0xc0000005) at pc=0x10619052, pid=4196, tid=9152
#
# JRE version: Java(TM) SE Runtime Environment (7.0_60-b19) (build 1.7.0_60-b19)
# Java VM: Java HotSpot(TM) Client VM (24.60-b09 mixed mode, sharing windows-x86 )
# Problematic frame:
# C  [berkelium.dll+0xa39052]
#
# Failed to write core dump. Minidumps are not enabled by default on client versions of Windows
#
# If you would like to submit a bug report, please visit:
#   http://bugreport.sun.com/bugreport/crash.jsp
#

---------------  T H R E A D  ---------------

Current thread (0x029afc00):  VMThread [stack: 0x04c60000,0x04cb0000] [id=9152]

siginfo: ExceptionCode=0xc0000005, reading address 0x000000f8

Registers:
EAX=0x04caf344, EBX=0x000493e0, ECX=0x04caf344, EDX=0xf58a8950
ESP=0x04caf334, EBP=0x00000088, ESI=0x00000000, EDI=0x076c2c50
EIP=0x10619052, EFLAGS=0x00010206

Top of Stack: (sp=0x04caf334)
0x04caf334:   076a1168 076a1168 075fab00 00000000
0x04caf344:   f58a8950 00000087 07693a20 0769c900
0x04caf354:   00000000 00000000 00000000 74616401
0x04caf364:   69642d61 078f0072 00000023 0000002f
0x04caf374:   00000000 07627070 002e5bf4 076a1000
0x04caf384:   075fab44 ffffff00 0fc4bf20 11769778
0x04caf394:   07130030 00000000 0000000f 1176a730
0x04caf3a4:   00000001 0fc49783 00000008 00000001 

Instructions: (pc=0x10619052)
0x10619032:   03 00 00 57 53 e8 f4 c8 60 ff 8b ea 8d 54 24 10
0x10619042:   52 8b f8 e8 26 ca 00 00 83 c4 04 03 38 13 68 04
0x10619052:   8b 86 f8 00 00 00 0b 86 fc 00 00 00 89 7c 24 20
0x10619062:   89 6c 24 24 75 3e 39 84 24 d4 00 00 00 7f 35 7c 


Register to memory mapping:

EAX=
[error occurred during error reporting (printing register info), id 0xc0000005]

Stack: [0x04c60000,0x04cb0000],  sp=0x04caf334,  free space=316k
Native frames: (J=compiled Java code, j=interpreted, Vv=VM code, C=native code)
C  [berkelium.dll+0xa39052]

[error occurred during error reporting (printing native stack), id 0xc0000005]

VM_Operation (0x0624e460): Exit, mode: safepoint, requested by thread 0x02a21400


---------------  P R O C E S S  ---------------

Java Threads: ( => current thread )
  0x05626000 JavaThread "WeakCollectionCleaner" daemon [_thread_blocked, id=10900, stack(0x098a0000,0x098f0000)]
  0x02a22c00 JavaThread "TimerQueue" daemon [_thread_blocked, id=4876, stack(0x08050000,0x080a0000)]
  0x02a21c00 JavaThread "Image Fetcher 3" daemon [_thread_blocked, id=5036, stack(0x07f80000,0x07fd0000)]
  0x02a20c00 JavaThread "DestroyJavaVM" [_thread_blocked, id=11052, stack(0x011b0000,0x01200000)]
  0x02a21400 JavaThread "AWT-EventQueue-0" [_thread_blocked, id=248, stack(0x06200000,0x06250000)]
  0x02a24800 JavaThread "AWT-Shutdown" [_thread_blocked, id=8480, stack(0x05cd0000,0x05d20000)]
  0x02a22800 JavaThread "Java2D Disposer" daemon [_thread_blocked, id=7668, stack(0x05c40000,0x05c90000)]
  0x02a24000 JavaThread "Service Thread" daemon [_thread_blocked, id=6956, stack(0x04fc0000,0x05010000)]
  0x02a28000 JavaThread "C1 CompilerThread0" daemon [_thread_blocked, id=10668, stack(0x04f30000,0x04f80000)]
  0x02a22000 JavaThread "Attach Listener" daemon [_thread_blocked, id=9248, stack(0x04ea0000,0x04ef0000)]
  0x02a23400 JavaThread "Signal Dispatcher" daemon [_thread_blocked, id=10040, stack(0x04e10000,0x04e60000)]
  0x029b6000 JavaThread "Finalizer" daemon [_thread_blocked, id=10496, stack(0x04d80000,0x04dd0000)]
  0x029b1000 JavaThread "Reference Handler" daemon [_thread_blocked, id=7100, stack(0x04cf0000,0x04d40000)]

Other Threads:
=>0x029afc00 VMThread [stack: 0x04c60000,0x04cb0000] [id=9152]

VM state:at safepoint (shutting down)

VM Mutex/Monitor currently owned by a thread:  ([mutex/lock_event])
[0x011ac608] Threads_lock - owner thread: 0x029afc00

Heap
 def new generation   total 14784K, used 3632K [0x24000000, 0x25000000, 0x29550000)
  eden space 13184K,  27% used [0x24000000, 0x2438c1e8, 0x24ce0000)
  from space 1600K,   0% used [0x24ce0000, 0x24ce0000, 0x24e70000)
  to   space 1600K,   0% used [0x24e70000, 0x24e70000, 0x25000000)
 tenured generation   total 32720K, used 19630K [0x29550000, 0x2b544000, 0x34000000)
   the space 32720K,  59% used [0x29550000, 0x2a87ba30, 0x2a87bc00, 0x2b544000)
 compacting perm gen  total 12288K, used 8567K [0x34000000, 0x34c00000, 0x38000000)
   the space 12288K,  69% used [0x34000000, 0x3485df40, 0x3485e000, 0x34c00000)
    ro space 10240K,  42% used [0x38000000, 0x38434778, 0x38434800, 0x38a00000)
    rw space 12288K,  52% used [0x38a00000, 0x39049a68, 0x39049c00, 0x39600000)

Card table byte_map: [0x04b10000,0x04bc0000] byte_map_base: 0x049f0000

Polling page: 0x01170000

Code Cache  [0x02a90000, 0x02c38000, 0x04a90000)
 total_blobs=980 nmethods=693 adapters=223 free_code_cache=31092Kb largest_free_block=31838464

Compilation events (10 events):
Event: 4.934 Thread 0x02a28000  695             java.util.concurrent.locks.ReentrantLock::lock (8 bytes)
Event: 4.934 Thread 0x02a28000 nmethod 695 0x02c31f88 code [0x02c32090, 0x02c3212c]
Event: 4.934 Thread 0x02a28000  696             java.util.concurrent.locks.ReentrantLock$NonfairSync::lock (25 bytes)
Event: 4.935 Thread 0x02a28000 nmethod 696 0x02c32188 code [0x02c322b0, 0x02c32420]
Event: 4.943 Thread 0x02a28000  697             java.awt.Component::inside (30 bytes)
Event: 4.943 Thread 0x02a28000 nmethod 697 0x02c32548 code [0x02c32640, 0x02c32700]
Event: 4.957 Thread 0x02a28000  698             javax.swing.JComponent::contains (27 bytes)
Event: 4.958 Thread 0x02a28000 nmethod 698 0x02c32748 code [0x02c32840, 0x02c32970]
Event: 5.622 Thread 0x02a28000  700             java.util.Hashtable::initHashSeedAsNeeded (61 bytes)
Event: 5.622 Thread 0x02a28000 nmethod 700 0x02c32c88 code [0x02c32d90, 0x02c32eac]

GC Heap History (10 events):
Event: 3.056 GC heap before
{Heap before GC invocations=9 (full 1):
 def new generation   total 9408K, used 9407K [0x24000000, 0x24a30000, 0x29550000)
  eden space 8384K, 100% used [0x24000000, 0x24830000, 0x24830000)
  from space 1024K,  99% used [0x24930000, 0x24a2fff8, 0x24a30000)
  to   space 1024K,   0% used [0x24830000, 0x24830000, 0x24930000)
 tenured generation   total 20744K, used 15767K [0x29550000, 0x2a992000, 0x34000000)
   the space 20744K,  76% used [0x29550000, 0x2a4b5cd0, 0x2a4b5e00, 0x2a992000)
 compacting perm gen  total 12288K, used 7708K [0x34000000, 0x34c00000, 0x38000000)
   the space 12288K,  62% used [0x34000000, 0x34787268, 0x34787400, 0x34c00000)
    ro space 10240K,  42% used [0x38000000, 0x38434778, 0x38434800, 0x38a00000)
    rw space 12288K,  52% used [0x38a00000, 0x39049a68, 0x39049c00, 0x39600000)
Event: 3.064 GC heap after
Heap after GC invocations=10 (full 1):
 def new generation   total 9408K, used 1024K [0x24000000, 0x24a30000, 0x29550000)
  eden space 8384K,   0% used [0x24000000, 0x24000000, 0x24830000)
  from space 1024K, 100% used [0x24830000, 0x24930000, 0x24930000)
  to   space 1024K,   0% used [0x24930000, 0x24930000, 0x24a30000)
 tenured generation   total 20744K, used 17336K [0x29550000, 0x2a992000, 0x34000000)
   the space 20744K,  83% used [0x29550000, 0x2a63e120, 0x2a63e200, 0x2a992000)
 compacting perm gen  total 12288K, used 7708K [0x34000000, 0x34c00000, 0x38000000)
   the space 12288K,  62% used [0x34000000, 0x34787268, 0x34787400, 0x34c00000)
    ro space 10240K,  42% used [0x38000000, 0x38434778, 0x38434800, 0x38a00000)
    rw space 12288K,  52% used [0x38a00000, 0x39049a68, 0x39049c00, 0x39600000)
}
Event: 3.204 GC heap before
{Heap before GC invocations=10 (full 1):
 def new generation   total 9408K, used 9375K [0x24000000, 0x24a30000, 0x29550000)
  eden space 8384K,  99% used [0x24000000, 0x24827d78, 0x24830000)
  from space 1024K, 100% used [0x24830000, 0x24930000, 0x24930000)
  to   space 1024K,   0% used [0x24930000, 0x24930000, 0x24a30000)
 tenured generation   total 20744K, used 17336K [0x29550000, 0x2a992000, 0x34000000)
   the space 20744K,  83% used [0x29550000, 0x2a63e120, 0x2a63e200, 0x2a992000)
 compacting perm gen  total 12288K, used 8132K [0x34000000, 0x34c00000, 0x38000000)
   the space 12288K,  66% used [0x34000000, 0x347f1368, 0x347f1400, 0x34c00000)
    ro space 10240K,  42% used [0x38000000, 0x38434778, 0x38434800, 0x38a00000)
    rw space 12288K,  52% used [0x38a00000, 0x39049a68, 0x39049c00, 0x39600000)
Event: 3.208 GC heap after
Heap after GC invocations=11 (full 1):
 def new generation   total 9408K, used 1024K [0x24000000, 0x24a30000, 0x29550000)
  eden space 8384K,   0% used [0x24000000, 0x24000000, 0x24830000)
  from space 1024K, 100% used [0x24930000, 0x24a30000, 0x24a30000)
  to   space 1024K,   0% used [0x24830000, 0x24830000, 0x24930000)
 tenured generation   total 20744K, used 19738K [0x29550000, 0x2a992000, 0x34000000)
   the space 20744K,  95% used [0x29550000, 0x2a896a98, 0x2a896c00, 0x2a992000)
 compacting perm gen  total 12288K, used 8132K [0x34000000, 0x34c00000, 0x38000000)
   the space 12288K,  66% used [0x34000000, 0x347f1368, 0x347f1400, 0x34c00000)
    ro space 10240K,  42% used [0x38000000, 0x38434778, 0x38434800, 0x38a00000)
    rw space 12288K,  52% used [0x38a00000, 0x39049a68, 0x39049c00, 0x39600000)
}
Event: 3.280 GC heap before
{Heap before GC invocations=11 (full 1):
 def new generation   total 9408K, used 9408K [0x24000000, 0x24a30000, 0x29550000)
  eden space 8384K, 100% used [0x24000000, 0x24830000, 0x24830000)
  from space 1024K, 100% used [0x24930000, 0x24a30000, 0x24a30000)
  to   space 1024K,   0% used [0x24830000, 0x24830000, 0x24930000)
 tenured generation   total 20744K, used 19738K [0x29550000, 0x2a992000, 0x34000000)
   the space 20744K,  95% used [0x29550000, 0x2a896a98, 0x2a896c00, 0x2a992000)
 compacting perm gen  total 12288K, used 8517K [0x34000000, 0x34c00000, 0x38000000)
   the space 12288K,  69% used [0x34000000, 0x34851520, 0x34851600, 0x34c00000)
    ro space 10240K,  42% used [0x38000000, 0x38434778, 0x38434800, 0x38a00000)
    rw space 12288K,  52% used [0x38a00000, 0x39049a68, 0x39049c00, 0x39600000)
Event: 3.325 GC heap after
Heap after GC invocations=12 (full 2):
 def new generation   total 11584K, used 0K [0x24000000, 0x24c90000, 0x29550000)
  eden space 10304K,   0% used [0x24000000, 0x24000000, 0x24a10000)
  from space 1280K,   0% used [0x24a10000, 0x24a10000, 0x24b50000)
  to   space 1280K,   0% used [0x24b50000, 0x24b50000, 0x24c90000)
 tenured generation   total 25636K, used 15432K [0x29550000, 0x2ae59000, 0x34000000)
   the space 25636K,  60% used [0x29550000, 0x2a4621d8, 0x2a462200, 0x2ae59000)
 compacting perm gen  total 12288K, used 8517K [0x34000000, 0x34c00000, 0x38000000)
   the space 12288K,  69% used [0x34000000, 0x34851520, 0x34851600, 0x34c00000)
    ro space 10240K,  42% used [0x38000000, 0x38434778, 0x38434800, 0x38a00000)
    rw space 12288K,  52% used [0x38a00000, 0x39049a68, 0x39049c00, 0x39600000)
}
Event: 3.344 GC heap before
{Heap before GC invocations=12 (full 2):
 def new generation   total 11584K, used 9469K [0x24000000, 0x24c90000, 0x29550000)
  eden space 10304K,  91% used [0x24000000, 0x2493f440, 0x24a10000)
  from space 1280K,   0% used [0x24a10000, 0x24a10000, 0x24b50000)
  to   space 1280K,   0% used [0x24b50000, 0x24b50000, 0x24c90000)
 tenured generation   total 25636K, used 15432K [0x29550000, 0x2ae59000, 0x34000000)
   the space 25636K,  60% used [0x29550000, 0x2a4621d8, 0x2a462200, 0x2ae59000)
 compacting perm gen  total 12288K, used 8518K [0x34000000, 0x34c00000, 0x38000000)
   the space 12288K,  69% used [0x34000000, 0x34851bf8, 0x34851c00, 0x34c00000)
    ro space 10240K,  42% used [0x38000000, 0x38434778, 0x38434800, 0x38a00000)
    rw space 12288K,  52% used [0x38a00000, 0x39049a68, 0x39049c00, 0x39600000)
Event: 3.346 GC heap after
Heap after GC invocations=13 (full 2):
 def new generation   total 11584K, used 8K [0x24000000, 0x24c90000, 0x29550000)
  eden space 10304K,   0% used [0x24000000, 0x24000000, 0x24a10000)
  from space 1280K,   0% used [0x24b50000, 0x24b520b0, 0x24c90000)
  to   space 1280K,   0% used [0x24a10000, 0x24a10000, 0x24b50000)
 tenured generation   total 25636K, used 24751K [0x29550000, 0x2ae59000, 0x34000000)
   the space 25636K,  96% used [0x29550000, 0x2ad7bc50, 0x2ad7be00, 0x2ae59000)
 compacting perm gen  total 12288K, used 8518K [0x34000000, 0x34c00000, 0x38000000)
   the space 12288K,  69% used [0x34000000, 0x34851bf8, 0x34851c00, 0x34c00000)
    ro space 10240K,  42% used [0x38000000, 0x38434778, 0x38434800, 0x38a00000)
    rw space 12288K,  52% used [0x38a00000, 0x39049a68, 0x39049c00, 0x39600000)
}
Event: 3.362 GC heap before
{Heap before GC invocations=13 (full 2):
 def new generation   total 11584K, used 9540K [0x24000000, 0x24c90000, 0x29550000)
  eden space 10304K,  92% used [0x24000000, 0x2494f2d8, 0x24a10000)
  from space 1280K,   0% used [0x24b50000, 0x24b520b0, 0x24c90000)
  to   space 1280K,   0% used [0x24a10000, 0x24a10000, 0x24b50000)
 tenured generation   total 25636K, used 24751K [0x29550000, 0x2ae59000, 0x34000000)
   the space 25636K,  96% used [0x29550000, 0x2ad7bc50, 0x2ad7be00, 0x2ae59000)
 compacting perm gen  total 12288K, used 8519K [0x34000000, 0x34c00000, 0x38000000)
   the space 12288K,  69% used [0x34000000, 0x34851ca8, 0x34851e00, 0x34c00000)
    ro space 10240K,  42% used [0x38000000, 0x38434778, 0x38434800, 0x38a00000)
    rw space 12288K,  52% used [0x38a00000, 0x39049a68, 0x39049c00, 0x39600000)
Event: 3.402 GC heap after
Heap after GC invocations=14 (full 3):
 def new generation   total 14784K, used 0K [0x24000000, 0x25000000, 0x29550000)
  eden space 13184K,   0% used [0x24000000, 0x24000000, 0x24ce0000)
  from space 1600K,   0% used [0x24ce0000, 0x24ce0000, 0x24e70000)
  to   space 1600K,   0% used [0x24e70000, 0x24e70000, 0x25000000)
 tenured generation   total 32720K, used 19630K [0x29550000, 0x2b544000, 0x34000000)
   the space 32720K,  59% used [0x29550000, 0x2a87ba30, 0x2a87bc00, 0x2b544000)
 compacting perm gen  total 12288K, used 8519K [0x34000000, 0x34c00000, 0x38000000)
   the space 12288K,  69% used [0x34000000, 0x34851ca8, 0x34851e00, 0x34c00000)
    ro space 10240K,  42% used [0x38000000, 0x38434778, 0x38434800, 0x38a00000)
    rw space 12288K,  52% used [0x38a00000, 0x39049a68, 0x39049c00, 0x39600000)
}

Deoptimization events (0 events):
No events

Internal exceptions (10 events):
Event: 3.258 Thread 0x02a21400 Threw 0x2429a938 at C:\re\jdk7u60\1081\hotspot\src\share\vm\prims\jvm.cpp:1244
Event: 3.259 Thread 0x02a21400 Threw 0x2429f170 at C:\re\jdk7u60\1081\hotspot\src\share\vm\prims\jvm.cpp:1244
Event: 3.261 Thread 0x02a21400 Threw 0x242a31e0 at C:\re\jdk7u60\1081\hotspot\src\share\vm\prims\jvm.cpp:1244
Event: 3.262 Thread 0x055e9c00 Threw 0x24326310 at C:\re\jdk7u60\1081\hotspot\src\share\vm\prims\jvm.cpp:1244
Event: 3.266 Thread 0x05628800 Threw 0x24330b78 at C:\re\jdk7u60\1081\hotspot\src\share\vm\prims\jvm.cpp:1244
Event: 3.267 Thread 0x05628800 Threw 0x24335e40 at C:\re\jdk7u60\1081\hotspot\src\share\vm\prims\jvm.cpp:1244
Event: 3.267 Thread 0x05628800 Threw 0x2433b350 at C:\re\jdk7u60\1081\hotspot\src\share\vm\prims\jvm.cpp:1244
Event: 3.268 Thread 0x05628800 Threw 0x24540fa0 at C:\re\jdk7u60\1081\hotspot\src\share\vm\prims\jvm.cpp:1244
Event: 3.269 Thread 0x05628800 Threw 0x24548928 at C:\re\jdk7u60\1081\hotspot\src\share\vm\prims\jvm.cpp:1244
Event: 3.280 Thread 0x02a21400 Threw 0x24353ed8 at C:\re\jdk7u60\1081\hotspot\src\share\vm\prims\jvm.cpp:1244

Events (10 events):
Event: 5.622 loading class 0x39670c20
Event: 5.622 Thread 0x05624800 Thread exited: 0x05624800
Event: 5.622 loading class 0x39670bc8
Event: 5.622 loading class 0x39670bc8 done
Event: 5.622 loading class 0x39670c20 done
Event: 5.622 Thread 0x05627800 Thread exited: 0x05627800
Event: 5.622 Thread 0x05624c00 Thread exited: 0x05624c00
Event: 5.644 Thread 0x02a23800 Thread exited: 0x02a23800
Event: 5.723 Thread 0x05629800 Thread exited: 0x05629800
Event: 5.723 Executing VM operation: Exit


Dynamic libraries:
0x00a70000 - 0x00a9f000 	C:\Program Files (x86)\Java\jre7\bin\javaw.exe
0x76fe0000 - 0x77137000 	C:\Windows\SYSTEM32\ntdll.dll
0x74690000 - 0x747c0000 	C:\Windows\SYSTEM32\KERNEL32.DLL
0x76a80000 - 0x76b27000 	C:\Windows\SYSTEM32\KERNELBASE.dll
0x747c0000 - 0x7486e000 	C:\Windows\SYSTEM32\ADVAPI32.dll
0x764f0000 - 0x76606000 	C:\Windows\SYSTEM32\USER32.dll
0x73130000 - 0x73328000 	C:\Windows\WinSxS\x86_microsoft.windows.common-controls_6595b64144ccf1df_6.0.9200.16579_none_8937eec6860750f5\COMCTL32.dll
0x76000000 - 0x760b1000 	C:\Windows\SYSTEM32\msvcrt.dll
0x74870000 - 0x748a4000 	C:\Windows\SYSTEM32\sechost.dll
0x760c0000 - 0x7616c000 	C:\Windows\SYSTEM32\RPCRT4.dll
0x748b0000 - 0x749ad000 	C:\Windows\SYSTEM32\GDI32.dll
0x745d0000 - 0x745ed000 	C:\Windows\SYSTEM32\SspiCli.dll
0x745c0000 - 0x745c9000 	C:\Windows\SYSTEM32\CRYPTBASE.dll
0x74560000 - 0x745b1000 	C:\Windows\SYSTEM32\bcryptPrimitives.dll
0x762e0000 - 0x76300000 	C:\Windows\system32\IMM32.DLL
0x76680000 - 0x7675e000 	C:\Windows\SYSTEM32\MSCTF.dll
0x5e970000 - 0x5ea2f000 	C:\Program Files (x86)\Java\jre7\bin\msvcr100.dll
0x5e310000 - 0x5e698000 	C:\Program Files (x86)\Java\jre7\bin\client\jvm.dll
0x71c10000 - 0x71c18000 	C:\Windows\SYSTEM32\WSOCK32.dll
0x71fb0000 - 0x71fd1000 	C:\Windows\SYSTEM32\WINMM.dll
0x76300000 - 0x76306000 	C:\Windows\SYSTEM32\PSAPI.DLL
0x75f80000 - 0x75fd0000 	C:\Windows\SYSTEM32\WS2_32.dll
0x71c70000 - 0x71c9b000 	C:\Windows\SYSTEM32\WINMMBASE.dll
0x75ff0000 - 0x75ff8000 	C:\Windows\SYSTEM32\NSI.dll
0x76b30000 - 0x76b76000 	C:\Windows\SYSTEM32\cfgmgr32.dll
0x75f00000 - 0x75f1e000 	C:\Windows\SYSTEM32\DEVOBJ.dll
0x720a0000 - 0x720ac000 	C:\Program Files (x86)\Java\jre7\bin\verify.dll
0x70bb0000 - 0x70bd0000 	C:\Program Files (x86)\Java\jre7\bin\java.dll
0x70b90000 - 0x70ba3000 	C:\Program Files (x86)\Java\jre7\bin\zip.dll
0x6f490000 - 0x6f5d3000 	C:\Program Files (x86)\Java\jre7\bin\awt.dll
0x76c00000 - 0x76c8b000 	C:\Windows\SYSTEM32\OLEAUT32.dll
0x76de0000 - 0x76f16000 	C:\Windows\SYSTEM32\combase.dll
0x72dd0000 - 0x72e77000 	C:\Windows\system32\apphelp.dll
0x71a40000 - 0x71a59000 	C:\Windows\system32\DWMAPI.DLL
0x726b0000 - 0x72738000 	C:\Windows\system32\uxtheme.dll
0x76760000 - 0x76879000 	C:\Windows\SYSTEM32\ole32.dll
0x74da0000 - 0x75e66000 	C:\Windows\SYSTEM32\SHELL32.dll
0x75f40000 - 0x75f80000 	C:\Windows\SYSTEM32\SHLWAPI.dll
0x73330000 - 0x733a3000 	C:\Windows\SYSTEM32\shcore.dll
0x718b0000 - 0x718e9000 	C:\Program Files (x86)\Java\jre7\bin\fontmanager.dll
0x6f250000 - 0x6f264000 	C:\Program Files (x86)\Java\jre7\bin\net.dll
0x72e80000 - 0x72eca000 	C:\Windows\system32\mswsock.dll
0x718a0000 - 0x718af000 	C:\Program Files (x86)\Java\jre7\bin\nio.dll
0x706d0000 - 0x70700000 	C:\Program Files (x86)\Java\jre7\bin\t2k.dll
0x76b80000 - 0x76bf4000 	C:\Windows\SYSTEM32\clbcatq.dll
0x6a8a0000 - 0x6a9eb000 	C:\Windows\SYSTEM32\WindowsCodecs.dll
0x76dc0000 - 0x76dd1000 	C:\Windows\SYSTEM32\profapi.dll
0x68440000 - 0x68464000 	C:\Program Files (x86)\Java\jre7\bin\dcpr.dll
0x5e900000 - 0x5e96d000 	C:\binaries\terrajava.dll
0x5e220000 - 0x5e307000 	C:\binaries\terramanager-funcate.dll
0x59300000 - 0x59ba6000 	C:\binaries\terralib.dll
0x64af0000 - 0x64b59000 	C:\Windows\SYSTEM32\MSVCP100.dll
0x6d880000 - 0x6db4c000 	C:\binaries\bgd.dll
0x66b80000 - 0x66b9b000 	C:\binaries\terraogc_xml.dll
0x60460000 - 0x6047d000 	C:\binaries\terraogc_sld.dll
0x5f9a0000 - 0x5f9c6000 	C:\binaries\terraogc_se.dll
0x5e8c0000 - 0x5e8f6000 	C:\binaries\terraogc_filter.dll
0x5e1c0000 - 0x5e212000 	C:\binaries\terraogc_ows.dll
0x5f980000 - 0x5f999000 	C:\binaries\terraogc_common.dll
0x684c0000 - 0x684cb000 	C:\binaries\terralib_shp.dll
0x60450000 - 0x6045e000 	C:\binaries\terralib_spl.dll
0x06790000 - 0x06b86000 	C:\binaries\qt-mt338.dll
0x613d0000 - 0x6149e000 	C:\Windows\SYSTEM32\OPENGL32.dll
0x613a0000 - 0x613c3000 	C:\Windows\SYSTEM32\GLU32.dll
0x5e140000 - 0x5e1bf000 	C:\binaries\qwt500.dll
0x0fbe0000 - 0x11bdf000 	C:\binaries\berkelium.dll
0x06b90000 - 0x06cd1000 	C:\binaries\LIBMYSQL.dll
0x63100000 - 0x63121000 	C:\binaries\LIBPQ.dll
0x06ce0000 - 0x06d41000 	C:\binaries\OCI.dll
0x5da30000 - 0x5daba000 	C:\binaries\libtiff.dll
0x56580000 - 0x56d52000 	C:\binaries\gdal110.dll
0x12000000 - 0x121dc000 	C:\binaries\xerces-c_3_1.dll
0x592a0000 - 0x592f5000 	C:\binaries\terraogc_wms.dll
0x59240000 - 0x59293000 	C:\binaries\terraogc_gml.dll
0x5e0f0000 - 0x5e131000 	C:\binaries\terraogc_xsd.dll
0x5a810000 - 0x5a830000 	C:\binaries\terraogc_xacml.dll
0x71f30000 - 0x71f90000 	C:\Windows\SYSTEM32\WINSPOOL.DRV
0x7c340000 - 0x7c396000 	C:\Windows\SYSTEM32\MSVCR71.dll
0x608a0000 - 0x60979000 	C:\Windows\SYSTEM32\DDRAW.dll
0x727a0000 - 0x727a9000 	C:\Windows\SYSTEM32\Secur32.dll
0x75f20000 - 0x75f3b000 	C:\Windows\SYSTEM32\USERENV.dll
0x71520000 - 0x71570000 	C:\Windows\SYSTEM32\OLEACC.dll
0x54200000 - 0x54276000 	C:\Windows\SYSTEM32\RICHED20.dll
0x72ee0000 - 0x72ee8000 	C:\Windows\SYSTEM32\VERSION.dll
0x720b0000 - 0x720c4000 	C:\Windows\SYSTEM32\USP10.dll
0x72c50000 - 0x72cc5000 	C:\Windows\SYSTEM32\DNSAPI.dll
0x06df0000 - 0x06e9a000 	C:\Windows\libeay32.dll
0x06ea0000 - 0x06ead000 	C:\binaries\libintl-2.dll
0x72ed0000 - 0x72ed6000 	C:\Windows\SYSTEM32\SHFOLDER.DLL
0x06eb0000 - 0x06ed6000 	C:\Windows\ssleay32.dll
0x06ee0000 - 0x06f06000 	C:\binaries\libexpat.dll
0x60770000 - 0x60811000 	C:\Windows\SYSTEM32\ODBC32.dll
0x60760000 - 0x60767000 	C:\Windows\SYSTEM32\DCIMAN32.dll
0x663b0000 - 0x663db000 	C:\Windows\SYSTEM32\msls31.dll
0x06f60000 - 0x0703b000 	C:\binaries\libiconv-2.dll
0x6f600000 - 0x6f61d000 	C:\Windows\SYSTEM32\gpapi.dll
0x74530000 - 0x74556000 	C:\Windows\SYSTEM32\ntmarta.dll
0x54e60000 - 0x55708000 	C:\binaries\icudt46.dll
0x53850000 - 0x53979000 	C:\Windows\SYSTEM32\dbghelp.dll
0x72040000 - 0x72050000 	C:\Windows\system32\napinsp.dll
0x72020000 - 0x72034000 	C:\Windows\system32\pnrpnsp.dll
0x72010000 - 0x72020000 	C:\Windows\system32\NLAapi.dll
0x72000000 - 0x72009000 	C:\Windows\System32\winrnr.dll
0x71ac0000 - 0x71ad0000 	C:\Windows\system32\wshbth.dll
0x726a0000 - 0x726a7000 	C:\Windows\System32\rasadhlp.dll
0x71c30000 - 0x71c6f000 	C:\Windows\System32\fwpuclnt.dll
0x72cd0000 - 0x72cf0000 	C:\Windows\SYSTEM32\IPHLPAPI.DLL
0x72c40000 - 0x72c48000 	C:\Windows\SYSTEM32\WINNSI.DLL
0x730d0000 - 0x730ea000 	C:\Windows\SYSTEM32\CRYPTSP.dll
0x73090000 - 0x730ce000 	C:\Windows\system32\rsaenh.dll
0x72c30000 - 0x72c40000 	C:\Windows\SYSTEM32\dhcpcsvc6.DLL
0x72c10000 - 0x72c22000 	C:\Windows\SYSTEM32\dhcpcsvc.DLL
0x59210000 - 0x59235000 	C:\Program Files (x86)\Java\jre7\bin\jpeg.dll

VM Arguments:
jvm_args: -Dfile.encoding=ISO-8859-1 
java_command: com.nexusbr.gv.main.ConnectDBMain
Launcher Type: SUN_STANDARD

Environment Variables:
JAVA_HOME=C:\Program Files (x86)\Java\jre7
PATH=C:/Program Files (x86)/Java/jre7/bin/client;C:/Program Files (x86)/Java/jre7/bin;C:/Program Files (x86)/Java/jre7/lib/i386;C:\Program Files (x86)\PHP\;c:\Program Files (x86)\Intel\iCLS Client\;c:\Program Files\Intel\iCLS Client\;C:\Windows\system32;C:\Windows;C:\Windows\System32\Wbem;C:\Windows\System32\WindowsPowerShell\v1.0\;C:\Program Files\Intel\Intel(R) Management Engine Components\DAL;C:\Program Files\Intel\Intel(R) Management Engine Components\IPT;C:\Program Files (x86)\Intel\Intel(R) Management Engine Components\DAL;C:\Program Files (x86)\Intel\Intel(R) Management Engine Components\IPT;C:\Program Files (x86)\Intel\OpenCL SDK\3.0\bin\x86;C:\Program Files (x86)\Intel\OpenCL SDK\3.0\bin\x64;C:\Program Files (x86)\Windows Live\Shared;C:\binaries;c:\Program Files (x86)\Microsoft SQL Server\100\Tools\Binn\;c:\Program Files\Microsoft SQL Server\100\Tools\Binn\;c:\Program Files\Microsoft SQL Server\100\DTS\Binn\;C:\strawberry\c\bin;C:\strawberry\perl\site\bin;C:\strawberry\perl\bin;C:\Program Files (x86)\Microsoft SQL Server\110\Tools\Binn\ManagementStudio\;C:\Program Files (x86)\Microsoft SQL Server\110\Tools\Binn\;C:\Program Files\Microsoft SQL Server\110\Tools\Binn\;C:\Program Files (x86)\Microsoft SQL Server\110\DTS\Binn\;C:\Program Files\TortoiseSVN\bin;C:\Python34;C:\Program Files (x86)\Java\jre7\bin;C:\eclipse;
USERNAME=inacio
OS=Windows_NT
PROCESSOR_IDENTIFIER=Intel64 Family 6 Model 69 Stepping 1, GenuineIntel



---------------  S Y S T E M  ---------------

OS: Windows 8 , 64 bit Build 9200 

CPU:total 4 (2 cores per cpu, 2 threads per core) family 6 model 69 stepping 1, cmov, cx8, fxsr, mmx, sse, sse2, sse3, ssse3, sse4.1, sse4.2, popcnt, avx, avx2, aes, erms, ht, tsc, tscinvbit

Memory: 4k page, physical 8290700k(2413172k free), swap 9535884k(3518976k free)

vm_info: Java HotSpot(TM) Client VM (24.60-b09) for windows-x86 JRE (1.7.0_60-b19), built on May  7 2014 13:09:52 by "java_re" with unknown MS VC++:1600

time: Fri Jul 04 10:04:48 2014
elapsed time: 5 seconds

