#
# A fatal error has been detected by the Java Runtime Environment:
#
#  EXCEPTION_ACCESS_VIOLATION (0xc0000005) at pc=0x10349052, pid=5952, tid=4780
#
# JRE version: Java(TM) SE Runtime Environment (7.0_60-b19) (build 1.7.0_60-b19)
# Java VM: Java HotSpot(TM) Client VM (24.60-b09 mixed mode, sharing windows-x86 )
# Problematic frame:
# C  [berkelium.dll+0xa39052]
#
# Failed to write core dump. Minidumps are not enabled by default on client versions of Windows
#
# If you would like to submit a bug report, please visit:
#   http://bugreport.sun.com/bugreport/crash.jsp
#

---------------  T H R E A D  ---------------

Current thread (0x0245fc00):  VMThread [stack: 0x04690000,0x046e0000] [id=4780]

siginfo: ExceptionCode=0xc0000005, reading address 0x000000f8

Registers:
EAX=0x046df1e4, EBX=0x000493e0, ECX=0x046df1e4, EDX=0xf5d68c10
ESP=0x046df1d4, EBP=0x00000079, ESI=0x00000000, EDI=0x07b82f10
EIP=0x10349052, EFLAGS=0x00010202

Top of Stack: (sp=0x046df1d4)
0x046df1d4:   07061168 07061168 06fbab00 00000000
0x046df1e4:   f5d68c10 00000078 07053a20 0705c900
0x046df1f4:   00000000 00000000 00000000 74616401
0x046df204:   69642d61 072e0072 00000023 0000002f
0x046df214:   00000000 06fe7070 002e5be5 07061000
0x046df224:   06fbab44 ffffff00 0f97bf20 11499778
0x046df234:   06ae0030 00000000 0000000f 1149a730
0x046df244:   00000001 0f979783 00000008 00000001 

Instructions: (pc=0x10349052)
0x10349032:   03 00 00 57 53 e8 f4 c8 60 ff 8b ea 8d 54 24 10
0x10349042:   52 8b f8 e8 26 ca 00 00 83 c4 04 03 38 13 68 04
0x10349052:   8b 86 f8 00 00 00 0b 86 fc 00 00 00 89 7c 24 20
0x10349062:   89 6c 24 24 75 3e 39 84 24 d4 00 00 00 7f 35 7c 


Register to memory mapping:

EAX=
[error occurred during error reporting (printing register info), id 0xc0000005]

Stack: [0x04690000,0x046e0000],  sp=0x046df1d4,  free space=316k
Native frames: (J=compiled Java code, j=interpreted, Vv=VM code, C=native code)
C  [berkelium.dll+0xa39052]

VM_Operation (0x05c2e860): Exit, mode: safepoint, requested by thread 0x024d2c00


---------------  P R O C E S S  ---------------

Java Threads: ( => current thread )
  0x05895400 JavaThread "Image Fetcher 0" daemon [_thread_blocked, id=6920, stack(0x07940000,0x07990000)]
  0x05896c00 JavaThread "Image Fetcher 3" daemon [_thread_blocked, id=6428, stack(0x07ce0000,0x07d30000)]
  0x05894800 JavaThread "WeakCollectionCleaner" daemon [_thread_blocked, id=11232, stack(0x09260000,0x092b0000)]
  0x024d1c00 JavaThread "TimerQueue" daemon [_thread_blocked, id=10652, stack(0x07a10000,0x07a60000)]
  0x024d3400 JavaThread "DestroyJavaVM" [_thread_blocked, id=9220, stack(0x00aa0000,0x00af0000)]
  0x024d2c00 JavaThread "AWT-EventQueue-0" [_thread_blocked, id=6212, stack(0x05be0000,0x05c30000)]
  0x024d4800 JavaThread "AWT-Shutdown" [_thread_blocked, id=7440, stack(0x052b0000,0x05300000)]
  0x024d2000 JavaThread "Java2D Disposer" daemon [_thread_blocked, id=10480, stack(0x051e0000,0x05230000)]
  0x024d3800 JavaThread "Service Thread" daemon [_thread_blocked, id=1428, stack(0x049f0000,0x04a40000)]
  0x024d8000 JavaThread "C1 CompilerThread0" daemon [_thread_blocked, id=916, stack(0x04960000,0x049b0000)]
  0x024d0c00 JavaThread "Attach Listener" daemon [_thread_blocked, id=3308, stack(0x048d0000,0x04920000)]
  0x024d2800 JavaThread "Signal Dispatcher" daemon [_thread_blocked, id=2932, stack(0x04840000,0x04890000)]
  0x02466000 JavaThread "Finalizer" daemon [_thread_blocked, id=8252, stack(0x047b0000,0x04800000)]
  0x02461000 JavaThread "Reference Handler" daemon [_thread_blocked, id=7008, stack(0x04720000,0x04770000)]

Other Threads:
=>0x0245fc00 VMThread [stack: 0x04690000,0x046e0000] [id=4780]

VM state:at safepoint (shutting down)

VM Mutex/Monitor currently owned by a thread:  ([mutex/lock_event])
[0x0262c7a8] Threads_lock - owner thread: 0x0245fc00

Heap
 def new generation   total 35008K, used 16651K [0x24000000, 0x265f0000, 0x29550000)
  eden space 31168K,  41% used [0x24000000, 0x24c82ea0, 0x25e70000)
  from space 3840K, 100% used [0x25e70000, 0x26230000, 0x26230000)
  to   space 3840K,   0% used [0x26230000, 0x26230000, 0x265f0000)
 tenured generation   total 77332K, used 67427K [0x29550000, 0x2e0d5000, 0x34000000)
   the space 77332K,  87% used [0x29550000, 0x2d728e30, 0x2d729000, 0x2e0d5000)
 compacting perm gen  total 12288K, used 10684K [0x34000000, 0x34c00000, 0x38000000)
   the space 12288K,  86% used [0x34000000, 0x34a6f130, 0x34a6f200, 0x34c00000)
    ro space 10240K,  42% used [0x38000000, 0x38434778, 0x38434800, 0x38a00000)
    rw space 12288K,  52% used [0x38a00000, 0x39049a68, 0x39049c00, 0x39600000)

Card table byte_map: [0x02540000,0x025f0000] byte_map_base: 0x02420000

Polling page: 0x00970000

Code Cache  [0x02630000, 0x02978000, 0x04630000)
 total_blobs=1999 nmethods=1699 adapters=236 free_code_cache=29413Kb largest_free_block=30118976

Compilation events (10 events):
Event: 97.145 Thread 0x024d8000 1704             br.org.funcate.glue.model.canvas.CanvasService::isGoogleActive (34 bytes)
Event: 97.146 Thread 0x024d8000 nmethod 1704 0x02974c08 code [0x02974d20, 0x02974e6c]
Event: 98.009 Thread 0x024d8000 1705  s          java.awt.geom.Path2D::closePath (46 bytes)
Event: 98.010 Thread 0x024d8000 nmethod 1705 0x02974f88 code [0x029750a0, 0x029752ec]
Event: 98.122 Thread 0x024d8000 1706   !         java.io.RandomAccessFile::read (51 bytes)
Event: 98.122 Thread 0x024d8000 nmethod 1706 0x029756c8 code [0x029757c0, 0x0297587c]
Event: 98.222 Thread 0x024d8000 1708             javax.swing.RepaintManager::updateWindows (161 bytes)
Event: 98.223 Thread 0x024d8000 nmethod 1708 0x02975908 code [0x02975b60, 0x029760d8]
Event: 98.652 Thread 0x024d8000 1709  s          sun.font.FontManagerFactory::getInstance (25 bytes)
Event: 98.652 Thread 0x024d8000 nmethod 1709 0x029767c8 code [0x029768e0, 0x02976b3c]

GC Heap History (10 events):
Event: 59.825 GC heap before
{Heap before GC invocations=23 (full 6):
 def new generation   total 27328K, used 22469K [0x24000000, 0x25da0000, 0x29550000)
  eden space 24320K,  92% used [0x24000000, 0x255f1608, 0x257c0000)
  from space 3008K,   0% used [0x257c0000, 0x257c0000, 0x25ab0000)
  to   space 3008K,   0% used [0x25ab0000, 0x25ab0000, 0x25da0000)
 tenured generation   total 60484K, used 36288K [0x29550000, 0x2d061000, 0x34000000)
   the space 60484K,  59% used [0x29550000, 0x2b8c03c0, 0x2b8c0400, 0x2d061000)
 compacting perm gen  total 12288K, used 10671K [0x34000000, 0x34c00000, 0x38000000)
   the space 12288K,  86% used [0x34000000, 0x34a6bfd8, 0x34a6c000, 0x34c00000)
    ro space 10240K,  42% used [0x38000000, 0x38434778, 0x38434800, 0x38a00000)
    rw space 12288K,  52% used [0x38a00000, 0x39049a68, 0x39049c00, 0x39600000)
Event: 59.837 GC heap after
Heap after GC invocations=24 (full 6):
 def new generation   total 27328K, used 3008K [0x24000000, 0x25da0000, 0x29550000)
  eden space 24320K,   0% used [0x24000000, 0x24000000, 0x257c0000)
  from space 3008K, 100% used [0x25ab0000, 0x25da0000, 0x25da0000)
  to   space 3008K,   0% used [0x257c0000, 0x257c0000, 0x25ab0000)
 tenured generation   total 60484K, used 38010K [0x29550000, 0x2d061000, 0x34000000)
   the space 60484K,  62% used [0x29550000, 0x2ba6e950, 0x2ba6ea00, 0x2d061000)
 compacting perm gen  total 12288K, used 10671K [0x34000000, 0x34c00000, 0x38000000)
   the space 12288K,  86% used [0x34000000, 0x34a6bfd8, 0x34a6c000, 0x34c00000)
    ro space 10240K,  42% used [0x38000000, 0x38434778, 0x38434800, 0x38a00000)
    rw space 12288K,  52% used [0x38a00000, 0x39049a68, 0x39049c00, 0x39600000)
}
Event: 68.926 GC heap before
{Heap before GC invocations=24 (full 6):
 def new generation   total 27328K, used 27328K [0x24000000, 0x25da0000, 0x29550000)
  eden space 24320K, 100% used [0x24000000, 0x257c0000, 0x257c0000)
  from space 3008K, 100% used [0x25ab0000, 0x25da0000, 0x25da0000)
  to   space 3008K,   0% used [0x257c0000, 0x257c0000, 0x25ab0000)
 tenured generation   total 60484K, used 38010K [0x29550000, 0x2d061000, 0x34000000)
   the space 60484K,  62% used [0x29550000, 0x2ba6e950, 0x2ba6ea00, 0x2d061000)
 compacting perm gen  total 12288K, used 10672K [0x34000000, 0x34c00000, 0x38000000)
   the space 12288K,  86% used [0x34000000, 0x34a6c138, 0x34a6c200, 0x34c00000)
    ro space 10240K,  42% used [0x38000000, 0x38434778, 0x38434800, 0x38a00000)
    rw space 12288K,  52% used [0x38a00000, 0x39049a68, 0x39049c00, 0x39600000)
Event: 68.933 GC heap after
Heap after GC invocations=25 (full 6):
 def new generation   total 27328K, used 3008K [0x24000000, 0x25da0000, 0x29550000)
  eden space 24320K,   0% used [0x24000000, 0x24000000, 0x257c0000)
  from space 3008K, 100% used [0x257c0000, 0x25ab0000, 0x25ab0000)
  to   space 3008K,   0% used [0x25ab0000, 0x25ab0000, 0x25da0000)
 tenured generation   total 60484K, used 52207K [0x29550000, 0x2d061000, 0x34000000)
   the space 60484K,  86% used [0x29550000, 0x2c84bfa8, 0x2c84c000, 0x2d061000)
 compacting perm gen  total 12288K, used 10672K [0x34000000, 0x34c00000, 0x38000000)
   the space 12288K,  86% used [0x34000000, 0x34a6c138, 0x34a6c200, 0x34c00000)
    ro space 10240K,  42% used [0x38000000, 0x38434778, 0x38434800, 0x38a00000)
    rw space 12288K,  52% used [0x38a00000, 0x39049a68, 0x39049c00, 0x39600000)
}
Event: 82.324 GC heap before
{Heap before GC invocations=25 (full 6):
 def new generation   total 27328K, used 27135K [0x24000000, 0x25da0000, 0x29550000)
  eden space 24320K,  99% used [0x24000000, 0x2578fff8, 0x257c0000)
  from space 3008K, 100% used [0x257c0000, 0x25ab0000, 0x25ab0000)
  to   space 3008K,   0% used [0x25ab0000, 0x25ab0000, 0x25da0000)
 tenured generation   total 60484K, used 52207K [0x29550000, 0x2d061000, 0x34000000)
   the space 60484K,  86% used [0x29550000, 0x2c84bfa8, 0x2c84c000, 0x2d061000)
 compacting perm gen  total 12288K, used 10672K [0x34000000, 0x34c00000, 0x38000000)
   the space 12288K,  86% used [0x34000000, 0x34a6c1d8, 0x34a6c200, 0x34c00000)
    ro space 10240K,  42% used [0x38000000, 0x38434778, 0x38434800, 0x38a00000)
    rw space 12288K,  52% used [0x38a00000, 0x39049a68, 0x39049c00, 0x39600000)
Event: 82.407 GC heap after
Heap after GC invocations=26 (full 7):
 def new generation   total 35008K, used 0K [0x24000000, 0x265f0000, 0x29550000)
  eden space 31168K,   0% used [0x24000000, 0x24000000, 0x25e70000)
  from space 3840K,   0% used [0x25e70000, 0x25e70000, 0x26230000)
  to   space 3840K,   0% used [0x26230000, 0x26230000, 0x265f0000)
 tenured generation   total 77332K, used 46397K [0x29550000, 0x2e0d5000, 0x34000000)
   the space 77332K,  59% used [0x29550000, 0x2c29f420, 0x2c29f600, 0x2e0d5000)
 compacting perm gen  total 12288K, used 10672K [0x34000000, 0x34c00000, 0x38000000)
   the space 12288K,  86% used [0x34000000, 0x34a6c1d8, 0x34a6c200, 0x34c00000)
    ro space 10240K,  42% used [0x38000000, 0x38434778, 0x38434800, 0x38a00000)
    rw space 12288K,  52% used [0x38a00000, 0x39049a68, 0x39049c00, 0x39600000)
}
Event: 85.458 GC heap before
{Heap before GC invocations=26 (full 7):
 def new generation   total 35008K, used 30253K [0x24000000, 0x265f0000, 0x29550000)
  eden space 31168K,  97% used [0x24000000, 0x25d8b558, 0x25e70000)
  from space 3840K,   0% used [0x25e70000, 0x25e70000, 0x26230000)
  to   space 3840K,   0% used [0x26230000, 0x26230000, 0x265f0000)
 tenured generation   total 77332K, used 46397K [0x29550000, 0x2e0d5000, 0x34000000)
   the space 77332K,  59% used [0x29550000, 0x2c29f420, 0x2c29f600, 0x2e0d5000)
 compacting perm gen  total 12288K, used 10682K [0x34000000, 0x34c00000, 0x38000000)
   the space 12288K,  86% used [0x34000000, 0x34a6ea48, 0x34a6ec00, 0x34c00000)
    ro space 10240K,  42% used [0x38000000, 0x38434778, 0x38434800, 0x38a00000)
    rw space 12288K,  52% used [0x38a00000, 0x39049a68, 0x39049c00, 0x39600000)
Event: 85.469 GC heap after
Heap after GC invocations=27 (full 7):
 def new generation   total 35008K, used 3840K [0x24000000, 0x265f0000, 0x29550000)
  eden space 31168K,   0% used [0x24000000, 0x24000000, 0x25e70000)
  from space 3840K, 100% used [0x26230000, 0x265f0000, 0x265f0000)
  to   space 3840K,   0% used [0x25e70000, 0x25e70000, 0x26230000)
 tenured generation   total 77332K, used 54640K [0x29550000, 0x2e0d5000, 0x34000000)
   the space 77332K,  70% used [0x29550000, 0x2caac268, 0x2caac400, 0x2e0d5000)
 compacting perm gen  total 12288K, used 10682K [0x34000000, 0x34c00000, 0x38000000)
   the space 12288K,  86% used [0x34000000, 0x34a6ea48, 0x34a6ec00, 0x34c00000)
    ro space 10240K,  42% used [0x38000000, 0x38434778, 0x38434800, 0x38a00000)
    rw space 12288K,  52% used [0x38a00000, 0x39049a68, 0x39049c00, 0x39600000)
}
Event: 95.782 GC heap before
{Heap before GC invocations=27 (full 7):
 def new generation   total 35008K, used 35008K [0x24000000, 0x265f0000, 0x29550000)
  eden space 31168K, 100% used [0x24000000, 0x25e70000, 0x25e70000)
  from space 3840K, 100% used [0x26230000, 0x265f0000, 0x265f0000)
  to   space 3840K,   0% used [0x25e70000, 0x25e70000, 0x26230000)
 tenured generation   total 77332K, used 54640K [0x29550000, 0x2e0d5000, 0x34000000)
   the space 77332K,  70% used [0x29550000, 0x2caac268, 0x2caac400, 0x2e0d5000)
 compacting perm gen  total 12288K, used 10682K [0x34000000, 0x34c00000, 0x38000000)
   the space 12288K,  86% used [0x34000000, 0x34a6eb18, 0x34a6ec00, 0x34c00000)
    ro space 10240K,  42% used [0x38000000, 0x38434778, 0x38434800, 0x38a00000)
    rw space 12288K,  52% used [0x38a00000, 0x39049a68, 0x39049c00, 0x39600000)
Event: 95.794 GC heap after
Heap after GC invocations=28 (full 7):
 def new generation   total 35008K, used 3840K [0x24000000, 0x265f0000, 0x29550000)
  eden space 31168K,   0% used [0x24000000, 0x24000000, 0x25e70000)
  from space 3840K, 100% used [0x25e70000, 0x26230000, 0x26230000)
  to   space 3840K,   0% used [0x26230000, 0x26230000, 0x265f0000)
 tenured generation   total 77332K, used 67427K [0x29550000, 0x2e0d5000, 0x34000000)
   the space 77332K,  87% used [0x29550000, 0x2d728e30, 0x2d729000, 0x2e0d5000)
 compacting perm gen  total 12288K, used 10682K [0x34000000, 0x34c00000, 0x38000000)
   the space 12288K,  86% used [0x34000000, 0x34a6eb18, 0x34a6ec00, 0x34c00000)
    ro space 10240K,  42% used [0x38000000, 0x38434778, 0x38434800, 0x38a00000)
    rw space 12288K,  52% used [0x38a00000, 0x39049a68, 0x39049c00, 0x39600000)
}

Deoptimization events (0 events):
No events

Internal exceptions (10 events):
Event: 49.013 Thread 0x05894000 Threw 0x2466c6f0 at C:\re\jdk7u60\1081\hotspot\src\share\vm\prims\jvm.cpp:2917
Event: 60.835 Thread 0x05892800 Threw 0x24998f80 at C:\re\jdk7u60\1081\hotspot\src\share\vm\prims\jvm.cpp:2917
Event: 63.751 Thread 0x05892800 Threw 0x24ac1358 at C:\re\jdk7u60\1081\hotspot\src\share\vm\prims\jvm.cpp:2917
Event: 80.949 Thread 0x05896800 Threw 0x2461dee0 at C:\re\jdk7u60\1081\hotspot\src\share\vm\prims\jvm.cpp:2917
Event: 82.434 Thread 0x08e0a800 Threw 0x241a0c60 at C:\re\jdk7u60\1081\hotspot\src\share\vm\prims\jvm.cpp:1244
Event: 83.560 Thread 0x05896800 Threw 0x2509a7e0 at C:\re\jdk7u60\1081\hotspot\src\share\vm\prims\jvm.cpp:2917
Event: 86.469 Thread 0x08e0b400 Threw 0x243b87b0 at C:\re\jdk7u60\1081\hotspot\src\share\vm\prims\jvm.cpp:2917
Event: 88.925 Thread 0x05896800 Threw 0x24abcb28 at C:\re\jdk7u60\1081\hotspot\src\share\vm\prims\jvm.cpp:2917
Event: 95.771 Thread 0x05896c00 Threw 0x25e06480 at C:\re\jdk7u60\1081\hotspot\src\share\vm\prims\jvm.cpp:2917
Event: 98.702 Thread 0x05896c00 Threw 0x24c3c778 at C:\re\jdk7u60\1081\hotspot\src\share\vm\prims\jvm.cpp:2917

Events (10 events):
Event: 100.762 Thread 0x05896000 Thread exited: 0x05896000
Event: 100.762 Thread 0x05895c00 Thread exited: 0x05895c00
Event: 100.763 Executing VM operation: RevokeBias
Event: 100.763 Executing VM operation: RevokeBias done
Event: 100.763 Executing VM operation: RevokeBias
Event: 100.763 Executing VM operation: RevokeBias done
Event: 100.763 Thread 0x05896800 Thread exited: 0x05896800
Event: 100.779 Thread 0x024d1400 Thread exited: 0x024d1400
Event: 100.863 Thread 0x05894c00 Thread exited: 0x05894c00
Event: 100.863 Executing VM operation: Exit


Dynamic libraries:
0x00a70000 - 0x00a9f000 	C:\Program Files (x86)\Java\jre7\bin\javaw.exe
0x76fe0000 - 0x77137000 	C:\Windows\SYSTEM32\ntdll.dll
0x74690000 - 0x747c0000 	C:\Windows\SYSTEM32\KERNEL32.DLL
0x76a80000 - 0x76b27000 	C:\Windows\SYSTEM32\KERNELBASE.dll
0x747c0000 - 0x7486e000 	C:\Windows\SYSTEM32\ADVAPI32.dll
0x764f0000 - 0x76606000 	C:\Windows\SYSTEM32\USER32.dll
0x73130000 - 0x73328000 	C:\Windows\WinSxS\x86_microsoft.windows.common-controls_6595b64144ccf1df_6.0.9200.16579_none_8937eec6860750f5\COMCTL32.dll
0x76000000 - 0x760b1000 	C:\Windows\SYSTEM32\msvcrt.dll
0x74870000 - 0x748a4000 	C:\Windows\SYSTEM32\sechost.dll
0x760c0000 - 0x7616c000 	C:\Windows\SYSTEM32\RPCRT4.dll
0x748b0000 - 0x749ad000 	C:\Windows\SYSTEM32\GDI32.dll
0x745d0000 - 0x745ed000 	C:\Windows\SYSTEM32\SspiCli.dll
0x745c0000 - 0x745c9000 	C:\Windows\SYSTEM32\CRYPTBASE.dll
0x74560000 - 0x745b1000 	C:\Windows\SYSTEM32\bcryptPrimitives.dll
0x762e0000 - 0x76300000 	C:\Windows\system32\IMM32.DLL
0x76680000 - 0x7675e000 	C:\Windows\SYSTEM32\MSCTF.dll
0x6f3f0000 - 0x6f4af000 	C:\Program Files (x86)\Java\jre7\bin\msvcr100.dll
0x5e310000 - 0x5e698000 	C:\Program Files (x86)\Java\jre7\bin\client\jvm.dll
0x71c10000 - 0x71c18000 	C:\Windows\SYSTEM32\WSOCK32.dll
0x71fb0000 - 0x71fd1000 	C:\Windows\SYSTEM32\WINMM.dll
0x76300000 - 0x76306000 	C:\Windows\SYSTEM32\PSAPI.DLL
0x75f80000 - 0x75fd0000 	C:\Windows\SYSTEM32\WS2_32.dll
0x71c70000 - 0x71c9b000 	C:\Windows\SYSTEM32\WINMMBASE.dll
0x75ff0000 - 0x75ff8000 	C:\Windows\SYSTEM32\NSI.dll
0x76b30000 - 0x76b76000 	C:\Windows\SYSTEM32\cfgmgr32.dll
0x75f00000 - 0x75f1e000 	C:\Windows\SYSTEM32\DEVOBJ.dll
0x720a0000 - 0x720ac000 	C:\Program Files (x86)\Java\jre7\bin\verify.dll
0x70bb0000 - 0x70bd0000 	C:\Program Files (x86)\Java\jre7\bin\java.dll
0x70b90000 - 0x70ba3000 	C:\Program Files (x86)\Java\jre7\bin\zip.dll
0x6f2a0000 - 0x6f3e3000 	C:\Program Files (x86)\Java\jre7\bin\awt.dll
0x76c00000 - 0x76c8b000 	C:\Windows\SYSTEM32\OLEAUT32.dll
0x76de0000 - 0x76f16000 	C:\Windows\SYSTEM32\combase.dll
0x72dd0000 - 0x72e77000 	C:\Windows\system32\apphelp.dll
0x71a40000 - 0x71a59000 	C:\Windows\system32\DWMAPI.DLL
0x726b0000 - 0x72738000 	C:\Windows\system32\uxtheme.dll
0x76760000 - 0x76879000 	C:\Windows\SYSTEM32\ole32.dll
0x74da0000 - 0x75e66000 	C:\Windows\SYSTEM32\SHELL32.dll
0x75f40000 - 0x75f80000 	C:\Windows\SYSTEM32\SHLWAPI.dll
0x73330000 - 0x733a3000 	C:\Windows\SYSTEM32\shcore.dll
0x718b0000 - 0x718e9000 	C:\Program Files (x86)\Java\jre7\bin\fontmanager.dll
0x6f250000 - 0x6f264000 	C:\Program Files (x86)\Java\jre7\bin\net.dll
0x72e80000 - 0x72eca000 	C:\Windows\system32\mswsock.dll
0x718a0000 - 0x718af000 	C:\Program Files (x86)\Java\jre7\bin\nio.dll
0x706d0000 - 0x70700000 	C:\Program Files (x86)\Java\jre7\bin\t2k.dll
0x76b80000 - 0x76bf4000 	C:\Windows\SYSTEM32\clbcatq.dll
0x6a8a0000 - 0x6a9eb000 	C:\Windows\SYSTEM32\WindowsCodecs.dll
0x76dc0000 - 0x76dd1000 	C:\Windows\SYSTEM32\profapi.dll
0x706a0000 - 0x706c4000 	C:\Program Files (x86)\Java\jre7\bin\dcpr.dll
0x686c0000 - 0x6872d000 	C:\binaries\terrajava.dll
0x685d0000 - 0x686b7000 	C:\binaries\terramanager-funcate.dll
0x59300000 - 0x59ba6000 	C:\binaries\terralib.dll
0x64af0000 - 0x64b59000 	C:\Windows\SYSTEM32\MSVCP100.dll
0x6d880000 - 0x6db4c000 	C:\binaries\bgd.dll
0x71500000 - 0x7151b000 	C:\binaries\terraogc_xml.dll
0x6ab50000 - 0x6ab6d000 	C:\binaries\terraogc_sld.dll
0x685a0000 - 0x685c6000 	C:\binaries\terraogc_se.dll
0x68560000 - 0x68596000 	C:\binaries\terraogc_filter.dll
0x68500000 - 0x68552000 	C:\binaries\terraogc_ows.dll
0x684e0000 - 0x684f9000 	C:\binaries\terraogc_common.dll
0x6f190000 - 0x6f19b000 	C:\binaries\terralib_shp.dll
0x684d0000 - 0x684de000 	C:\binaries\terralib_spl.dll
0x06140000 - 0x06536000 	C:\binaries\qt-mt338.dll
0x613d0000 - 0x6149e000 	C:\Windows\SYSTEM32\OPENGL32.dll
0x613a0000 - 0x613c3000 	C:\Windows\SYSTEM32\GLU32.dll
0x5efe0000 - 0x5f05f000 	C:\binaries\qwt500.dll
0x0f910000 - 0x1190f000 	C:\binaries\berkelium.dll
0x06540000 - 0x06681000 	C:\binaries\LIBMYSQL.dll
0x63100000 - 0x63121000 	C:\binaries\LIBPQ.dll
0x06690000 - 0x066f1000 	C:\binaries\OCI.dll
0x5ef50000 - 0x5efda000 	C:\binaries\libtiff.dll
0x574c0000 - 0x57c92000 	C:\binaries\gdal110.dll
0x12000000 - 0x121dc000 	C:\binaries\xerces-c_3_1.dll
0x5eef0000 - 0x5ef45000 	C:\binaries\terraogc_wms.dll
0x5ee90000 - 0x5eee3000 	C:\binaries\terraogc_gml.dll
0x5f980000 - 0x5f9c1000 	C:\binaries\terraogc_xsd.dll
0x68450000 - 0x68470000 	C:\binaries\terraogc_xacml.dll
0x71f30000 - 0x71f90000 	C:\Windows\SYSTEM32\WINSPOOL.DRV
0x7c340000 - 0x7c396000 	C:\Windows\SYSTEM32\MSVCR71.dll
0x608a0000 - 0x60979000 	C:\Windows\SYSTEM32\DDRAW.dll
0x727a0000 - 0x727a9000 	C:\Windows\SYSTEM32\Secur32.dll
0x75f20000 - 0x75f3b000 	C:\Windows\SYSTEM32\USERENV.dll
0x71520000 - 0x71570000 	C:\Windows\SYSTEM32\OLEACC.dll
0x54200000 - 0x54276000 	C:\Windows\SYSTEM32\RICHED20.dll
0x72ee0000 - 0x72ee8000 	C:\Windows\SYSTEM32\VERSION.dll
0x720b0000 - 0x720c4000 	C:\Windows\SYSTEM32\USP10.dll
0x72c50000 - 0x72cc5000 	C:\Windows\SYSTEM32\DNSAPI.dll
0x067a0000 - 0x0684a000 	C:\Windows\libeay32.dll
0x06850000 - 0x0685d000 	C:\binaries\libintl-2.dll
0x72ed0000 - 0x72ed6000 	C:\Windows\SYSTEM32\SHFOLDER.DLL
0x06860000 - 0x06886000 	C:\Windows\ssleay32.dll
0x06890000 - 0x068b6000 	C:\binaries\libexpat.dll
0x60770000 - 0x60811000 	C:\Windows\SYSTEM32\ODBC32.dll
0x60760000 - 0x60767000 	C:\Windows\SYSTEM32\DCIMAN32.dll
0x663b0000 - 0x663db000 	C:\Windows\SYSTEM32\msls31.dll
0x06910000 - 0x069eb000 	C:\binaries\libiconv-2.dll
0x6f600000 - 0x6f61d000 	C:\Windows\SYSTEM32\gpapi.dll
0x74530000 - 0x74556000 	C:\Windows\SYSTEM32\ntmarta.dll
0x564b0000 - 0x56d58000 	C:\binaries\icudt46.dll
0x53850000 - 0x53979000 	C:\Windows\SYSTEM32\dbghelp.dll
0x72040000 - 0x72050000 	C:\Windows\system32\napinsp.dll
0x72020000 - 0x72034000 	C:\Windows\system32\pnrpnsp.dll
0x72010000 - 0x72020000 	C:\Windows\system32\NLAapi.dll
0x72000000 - 0x72009000 	C:\Windows\System32\winrnr.dll
0x71ac0000 - 0x71ad0000 	C:\Windows\system32\wshbth.dll
0x726a0000 - 0x726a7000 	C:\Windows\System32\rasadhlp.dll
0x71c30000 - 0x71c6f000 	C:\Windows\System32\fwpuclnt.dll
0x72cd0000 - 0x72cf0000 	C:\Windows\SYSTEM32\IPHLPAPI.DLL
0x72c40000 - 0x72c48000 	C:\Windows\SYSTEM32\WINNSI.DLL
0x730d0000 - 0x730ea000 	C:\Windows\SYSTEM32\CRYPTSP.dll
0x73090000 - 0x730ce000 	C:\Windows\system32\rsaenh.dll
0x72c30000 - 0x72c40000 	C:\Windows\SYSTEM32\dhcpcsvc6.DLL
0x72c10000 - 0x72c22000 	C:\Windows\SYSTEM32\dhcpcsvc.DLL
0x60450000 - 0x60475000 	C:\Program Files (x86)\Java\jre7\bin\jpeg.dll

VM Arguments:
jvm_args: -Dfile.encoding=ISO-8859-1 
java_command: com.nexusbr.gv.main.ConnectDBMain
Launcher Type: SUN_STANDARD

Environment Variables:
JAVA_HOME=C:\Program Files (x86)\Java\jre7
PATH=C:/Program Files (x86)/Java/jre7/bin/client;C:/Program Files (x86)/Java/jre7/bin;C:/Program Files (x86)/Java/jre7/lib/i386;C:\Program Files (x86)\PHP\;c:\Program Files (x86)\Intel\iCLS Client\;c:\Program Files\Intel\iCLS Client\;C:\Windows\system32;C:\Windows;C:\Windows\System32\Wbem;C:\Windows\System32\WindowsPowerShell\v1.0\;C:\Program Files\Intel\Intel(R) Management Engine Components\DAL;C:\Program Files\Intel\Intel(R) Management Engine Components\IPT;C:\Program Files (x86)\Intel\Intel(R) Management Engine Components\DAL;C:\Program Files (x86)\Intel\Intel(R) Management Engine Components\IPT;C:\Program Files (x86)\Intel\OpenCL SDK\3.0\bin\x86;C:\Program Files (x86)\Intel\OpenCL SDK\3.0\bin\x64;C:\Program Files (x86)\Windows Live\Shared;C:\binaries;c:\Program Files (x86)\Microsoft SQL Server\100\Tools\Binn\;c:\Program Files\Microsoft SQL Server\100\Tools\Binn\;c:\Program Files\Microsoft SQL Server\100\DTS\Binn\;C:\strawberry\c\bin;C:\strawberry\perl\site\bin;C:\strawberry\perl\bin;C:\Program Files (x86)\Microsoft SQL Server\110\Tools\Binn\ManagementStudio\;C:\Program Files (x86)\Microsoft SQL Server\110\Tools\Binn\;C:\Program Files\Microsoft SQL Server\110\Tools\Binn\;C:\Program Files (x86)\Microsoft SQL Server\110\DTS\Binn\;C:\Program Files\TortoiseSVN\bin;C:\Python34;C:\Program Files (x86)\Java\jre7\bin;C:\eclipse;
USERNAME=inacio
OS=Windows_NT
PROCESSOR_IDENTIFIER=Intel64 Family 6 Model 69 Stepping 1, GenuineIntel



---------------  S Y S T E M  ---------------

OS: Windows 8 , 64 bit Build 9200 

CPU:total 4 (2 cores per cpu, 2 threads per core) family 6 model 69 stepping 1, cmov, cx8, fxsr, mmx, sse, sse2, sse3, ssse3, sse4.1, sse4.2, popcnt, avx, avx2, aes, erms, ht, tsc, tscinvbit

Memory: 4k page, physical 8290700k(2669204k free), swap 9535884k(3078144k free)

vm_info: Java HotSpot(TM) Client VM (24.60-b09) for windows-x86 JRE (1.7.0_60-b19), built on May  7 2014 13:09:52 by "java_re" with unknown MS VC++:1600

time: Thu Jul 03 16:10:47 2014
elapsed time: 100 seconds

