#
# A fatal error has been detected by the Java Runtime Environment:
#
#  EXCEPTION_ACCESS_VIOLATION (0xc0000005) at pc=0x10559052, pid=5604, tid=2944
#
# JRE version: Java(TM) SE Runtime Environment (7.0_60-b19) (build 1.7.0_60-b19)
# Java VM: Java HotSpot(TM) Client VM (24.60-b09 mixed mode, sharing windows-x86 )
# Problematic frame:
# C  [berkelium.dll+0xa39052]
#
# Failed to write core dump. Minidumps are not enabled by default on client versions of Windows
#
# If you would like to submit a bug report, please visit:
#   http://bugreport.sun.com/bugreport/crash.jsp
#

---------------  T H R E A D  ---------------

Current thread (0x0121fc00):  VMThread [stack: 0x04c40000,0x04c90000] [id=2944]

siginfo: ExceptionCode=0xc0000005, reading address 0x000000f8

Registers:
EAX=0x04c8f474, EBX=0x000493e0, ECX=0x04c8f474, EDX=0xd3f886e8
ESP=0x04c8f464, EBP=0x00000087, ESI=0x00000000, EDI=0xe5da29e8
EIP=0x10559052, EFLAGS=0x00010206

Top of Stack: (sp=0x04c8f464)
0x04c8f464:   07642168 07642168 0759ab00 00000000
0x04c8f474:   d3f886e8 00000087 07634a20 0763d900
0x04c8f484:   00000000 00000000 00000000 74616401
0x04c8f494:   69642d61 07890072 00000023 0000002f
0x04c8f4a4:   00000000 075c7070 002e5bf3 07642000
0x04c8f4b4:   0759ab44 ffffff00 0fb8bf20 116a9778
0x04c8f4c4:   07100030 00000000 0000000f 116aa730
0x04c8f4d4:   00000001 0fb89783 00000008 00000001 

Instructions: (pc=0x10559052)
0x10559032:   03 00 00 57 53 e8 f4 c8 60 ff 8b ea 8d 54 24 10
0x10559042:   52 8b f8 e8 26 ca 00 00 83 c4 04 03 38 13 68 04
0x10559052:   8b 86 f8 00 00 00 0b 86 fc 00 00 00 89 7c 24 20
0x10559062:   89 6c 24 24 75 3e 39 84 24 d4 00 00 00 7f 35 7c 


Register to memory mapping:

EAX=
[error occurred during error reporting (printing register info), id 0xc0000005]

Stack: [0x04c40000,0x04c90000],  sp=0x04c8f464,  free space=317k
Native frames: (J=compiled Java code, j=interpreted, Vv=VM code, C=native code)
C  [berkelium.dll+0xa39052]

VM_Operation (0x0621eaa0): Exit, mode: safepoint, requested by thread 0x05d99800


---------------  P R O C E S S  ---------------

Java Threads: ( => current thread )
  0x060bfc00 JavaThread "WeakCollectionCleaner" daemon [_thread_blocked, id=8292, stack(0x09880000,0x098d0000)]
  0x06102400 JavaThread "TimerQueue" daemon [_thread_blocked, id=3536, stack(0x07fe0000,0x08030000)]
  0x05f3f000 JavaThread "Image Fetcher 3" daemon [_thread_blocked, id=10524, stack(0x07f10000,0x07f60000)]
  0x0102e000 JavaThread "DestroyJavaVM" [_thread_blocked, id=3696, stack(0x01090000,0x010e0000)]
  0x05d99800 JavaThread "AWT-EventQueue-0" [_thread_blocked, id=5204, stack(0x061d0000,0x06220000)]
  0x05254800 JavaThread "AWT-Shutdown" [_thread_blocked, id=5584, stack(0x058a0000,0x058f0000)]
  0x05253400 JavaThread "Java2D Disposer" daemon [_thread_blocked, id=3208, stack(0x05810000,0x05860000)]
  0x0129bc00 JavaThread "Service Thread" daemon [_thread_blocked, id=10888, stack(0x04fa0000,0x04ff0000)]
  0x01295800 JavaThread "C1 CompilerThread0" daemon [_thread_blocked, id=10536, stack(0x04f10000,0x04f60000)]
  0x01293c00 JavaThread "Attach Listener" daemon [_thread_blocked, id=10248, stack(0x04e80000,0x04ed0000)]
  0x01292800 JavaThread "Signal Dispatcher" daemon [_thread_blocked, id=10684, stack(0x04df0000,0x04e40000)]
  0x01222800 JavaThread "Finalizer" daemon [_thread_blocked, id=6356, stack(0x04d60000,0x04db0000)]
  0x01221000 JavaThread "Reference Handler" daemon [_thread_blocked, id=8648, stack(0x04cd0000,0x04d20000)]

Other Threads:
=>0x0121fc00 VMThread [stack: 0x04c40000,0x04c90000] [id=2944]

VM state:at safepoint (shutting down)

VM Mutex/Monitor currently owned by a thread:  ([mutex/lock_event])
[0x0102c260] Threads_lock - owner thread: 0x0121fc00

Heap
 def new generation   total 13248K, used 5578K [0x24000000, 0x24e60000, 0x29550000)
  eden space 11776K,  47% used [0x24000000, 0x24572a58, 0x24b80000)
  from space 1472K,   0% used [0x24b80000, 0x24b80000, 0x24cf0000)
  to   space 1472K,   0% used [0x24cf0000, 0x24cf0000, 0x24e60000)
 tenured generation   total 29352K, used 17610K [0x29550000, 0x2b1fa000, 0x34000000)
   the space 29352K,  59% used [0x29550000, 0x2a682970, 0x2a682a00, 0x2b1fa000)
 compacting perm gen  total 12288K, used 8570K [0x34000000, 0x34c00000, 0x38000000)
   the space 12288K,  69% used [0x34000000, 0x3485eb18, 0x3485ec00, 0x34c00000)
    ro space 10240K,  42% used [0x38000000, 0x38434778, 0x38434800, 0x38a00000)
    rw space 12288K,  52% used [0x38a00000, 0x39049a68, 0x39049c00, 0x39600000)

Card table byte_map: [0x04ac0000,0x04b70000] byte_map_base: 0x049a0000

Polling page: 0x01000000

Code Cache  [0x02a40000, 0x02be8000, 0x04a40000)
 total_blobs=995 nmethods=708 adapters=223 free_code_cache=31077Kb largest_free_block=31822464

Compilation events (10 events):
Event: 9.083 Thread 0x01295800  713             javax.swing.JComponent::getHeight (5 bytes)
Event: 9.083 Thread 0x01295800 nmethod 713 0x02be3888 code [0x02be3980, 0x02be3a00]
Event: 9.086 Thread 0x01295800  714   !         sun.java2d.pipe.DrawImage::renderImageXform (773 bytes)
Event: 9.092 Thread 0x01295800 nmethod 714 0x02be3a48 code [0x02be3d50, 0x02be4d80]
Event: 9.092 Thread 0x01295800  715             javax.swing.text.GapContent$MarkData::getOffset (46 bytes)
Event: 9.092 Thread 0x01295800 nmethod 715 0x02be6748 code [0x02be6840, 0x02be68e0]
Event: 9.092 Thread 0x01295800  716             javax.swing.text.GapContent$StickyPosition::getOffset (8 bytes)
Event: 9.092 Thread 0x01295800 nmethod 716 0x02be6948 code [0x02be6a50, 0x02be6aec]
Event: 9.584 Thread 0x01295800  717             sun.java2d.SurfaceData::markDirty (8 bytes)
Event: 9.585 Thread 0x01295800 nmethod 717 0x02be6b88 code [0x02be6c80, 0x02be6d10]

GC Heap History (10 events):
Event: 7.210 GC heap before
{Heap before GC invocations=9 (full 1):
 def new generation   total 9408K, used 9408K [0x24000000, 0x24a30000, 0x29550000)
  eden space 8384K, 100% used [0x24000000, 0x24830000, 0x24830000)
  from space 1024K, 100% used [0x24930000, 0x24a30000, 0x24a30000)
  to   space 1024K,   0% used [0x24830000, 0x24830000, 0x24930000)
 tenured generation   total 20744K, used 15777K [0x29550000, 0x2a992000, 0x34000000)
   the space 20744K,  76% used [0x29550000, 0x2a4b8528, 0x2a4b8600, 0x2a992000)
 compacting perm gen  total 12288K, used 7644K [0x34000000, 0x34c00000, 0x38000000)
   the space 12288K,  62% used [0x34000000, 0x347771d0, 0x34777200, 0x34c00000)
    ro space 10240K,  42% used [0x38000000, 0x38434778, 0x38434800, 0x38a00000)
    rw space 12288K,  52% used [0x38a00000, 0x39049a68, 0x39049c00, 0x39600000)
Event: 7.220 GC heap after
Heap after GC invocations=10 (full 1):
 def new generation   total 9408K, used 1024K [0x24000000, 0x24a30000, 0x29550000)
  eden space 8384K,   0% used [0x24000000, 0x24000000, 0x24830000)
  from space 1024K, 100% used [0x24830000, 0x24930000, 0x24930000)
  to   space 1024K,   0% used [0x24930000, 0x24930000, 0x24a30000)
 tenured generation   total 20744K, used 17382K [0x29550000, 0x2a992000, 0x34000000)
   the space 20744K,  83% used [0x29550000, 0x2a649998, 0x2a649a00, 0x2a992000)
 compacting perm gen  total 12288K, used 7644K [0x34000000, 0x34c00000, 0x38000000)
   the space 12288K,  62% used [0x34000000, 0x347771d0, 0x34777200, 0x34c00000)
    ro space 10240K,  42% used [0x38000000, 0x38434778, 0x38434800, 0x38a00000)
    rw space 12288K,  52% used [0x38a00000, 0x39049a68, 0x39049c00, 0x39600000)
}
Event: 7.362 GC heap before
{Heap before GC invocations=10 (full 1):
 def new generation   total 9408K, used 9408K [0x24000000, 0x24a30000, 0x29550000)
  eden space 8384K, 100% used [0x24000000, 0x24830000, 0x24830000)
  from space 1024K, 100% used [0x24830000, 0x24930000, 0x24930000)
  to   space 1024K,   0% used [0x24930000, 0x24930000, 0x24a30000)
 tenured generation   total 20744K, used 17382K [0x29550000, 0x2a992000, 0x34000000)
   the space 20744K,  83% used [0x29550000, 0x2a649998, 0x2a649a00, 0x2a992000)
 compacting perm gen  total 12288K, used 8121K [0x34000000, 0x34c00000, 0x38000000)
   the space 12288K,  66% used [0x34000000, 0x347ee6d8, 0x347ee800, 0x34c00000)
    ro space 10240K,  42% used [0x38000000, 0x38434778, 0x38434800, 0x38a00000)
    rw space 12288K,  52% used [0x38a00000, 0x39049a68, 0x39049c00, 0x39600000)
Event: 7.368 GC heap after
Heap after GC invocations=11 (full 1):
 def new generation   total 9408K, used 1024K [0x24000000, 0x24a30000, 0x29550000)
  eden space 8384K,   0% used [0x24000000, 0x24000000, 0x24830000)
  from space 1024K, 100% used [0x24930000, 0x24a30000, 0x24a30000)
  to   space 1024K,   0% used [0x24830000, 0x24830000, 0x24930000)
 tenured generation   total 20744K, used 19836K [0x29550000, 0x2a992000, 0x34000000)
   the space 20744K,  95% used [0x29550000, 0x2a8af148, 0x2a8af200, 0x2a992000)
 compacting perm gen  total 12288K, used 8121K [0x34000000, 0x34c00000, 0x38000000)
   the space 12288K,  66% used [0x34000000, 0x347ee6d8, 0x347ee800, 0x34c00000)
    ro space 10240K,  42% used [0x38000000, 0x38434778, 0x38434800, 0x38a00000)
    rw space 12288K,  52% used [0x38a00000, 0x39049a68, 0x39049c00, 0x39600000)
}
Event: 7.437 GC heap before
{Heap before GC invocations=11 (full 1):
 def new generation   total 9408K, used 8518K [0x24000000, 0x24a30000, 0x29550000)
  eden space 8384K,  89% used [0x24000000, 0x24751a50, 0x24830000)
  from space 1024K, 100% used [0x24930000, 0x24a30000, 0x24a30000)
  to   space 1024K,   0% used [0x24830000, 0x24830000, 0x24930000)
 tenured generation   total 20744K, used 19836K [0x29550000, 0x2a992000, 0x34000000)
   the space 20744K,  95% used [0x29550000, 0x2a8af148, 0x2a8af200, 0x2a992000)
 compacting perm gen  total 12288K, used 8508K [0x34000000, 0x34c00000, 0x38000000)
   the space 12288K,  69% used [0x34000000, 0x3484f388, 0x3484f400, 0x34c00000)
    ro space 10240K,  42% used [0x38000000, 0x38434778, 0x38434800, 0x38a00000)
    rw space 12288K,  52% used [0x38a00000, 0x39049a68, 0x39049c00, 0x39600000)
Event: 7.487 GC heap after
Heap after GC invocations=12 (full 2):
 def new generation   total 10944K, used 0K [0x24000000, 0x24bd0000, 0x29550000)
  eden space 9792K,   0% used [0x24000000, 0x24000000, 0x24990000)
  from space 1152K,   0% used [0x24990000, 0x24990000, 0x24ab0000)
  to   space 1152K,   0% used [0x24ab0000, 0x24ab0000, 0x24bd0000)
 tenured generation   total 24080K, used 14445K [0x29550000, 0x2acd4000, 0x34000000)
   the space 24080K,  59% used [0x29550000, 0x2a36b720, 0x2a36b800, 0x2acd4000)
 compacting perm gen  total 12288K, used 8508K [0x34000000, 0x34c00000, 0x38000000)
   the space 12288K,  69% used [0x34000000, 0x3484f388, 0x3484f400, 0x34c00000)
    ro space 10240K,  42% used [0x38000000, 0x38434778, 0x38434800, 0x38a00000)
    rw space 12288K,  52% used [0x38a00000, 0x39049a68, 0x39049c00, 0x39600000)
}
Event: 7.502 GC heap before
{Heap before GC invocations=12 (full 2):
 def new generation   total 10944K, used 8576K [0x24000000, 0x24bd0000, 0x29550000)
  eden space 9792K,  87% used [0x24000000, 0x248601b0, 0x24990000)
  from space 1152K,   0% used [0x24990000, 0x24990000, 0x24ab0000)
  to   space 1152K,   0% used [0x24ab0000, 0x24ab0000, 0x24bd0000)
 tenured generation   total 24080K, used 14445K [0x29550000, 0x2acd4000, 0x34000000)
   the space 24080K,  59% used [0x29550000, 0x2a36b720, 0x2a36b800, 0x2acd4000)
 compacting perm gen  total 12288K, used 8517K [0x34000000, 0x34c00000, 0x38000000)
   the space 12288K,  69% used [0x34000000, 0x34851788, 0x34851800, 0x34c00000)
    ro space 10240K,  42% used [0x38000000, 0x38434778, 0x38434800, 0x38a00000)
    rw space 12288K,  52% used [0x38a00000, 0x39049a68, 0x39049c00, 0x39600000)
Event: 7.505 GC heap after
Heap after GC invocations=13 (full 2):
 def new generation   total 10944K, used 997K [0x24000000, 0x24bd0000, 0x29550000)
  eden space 9792K,   0% used [0x24000000, 0x24000000, 0x24990000)
  from space 1152K,  86% used [0x24ab0000, 0x24ba9470, 0x24bd0000)
  to   space 1152K,   0% used [0x24990000, 0x24990000, 0x24ab0000)
 tenured generation   total 24080K, used 21899K [0x29550000, 0x2acd4000, 0x34000000)
   the space 24080K,  90% used [0x29550000, 0x2aab2c98, 0x2aab2e00, 0x2acd4000)
 compacting perm gen  total 12288K, used 8517K [0x34000000, 0x34c00000, 0x38000000)
   the space 12288K,  69% used [0x34000000, 0x34851788, 0x34851800, 0x34c00000)
    ro space 10240K,  42% used [0x38000000, 0x38434778, 0x38434800, 0x38a00000)
    rw space 12288K,  52% used [0x38a00000, 0x39049a68, 0x39049c00, 0x39600000)
}
Event: 7.525 GC heap before
{Heap before GC invocations=13 (full 2):
 def new generation   total 10944K, used 10556K [0x24000000, 0x24bd0000, 0x29550000)
  eden space 9792K,  97% used [0x24000000, 0x24955c60, 0x24990000)
  from space 1152K,  86% used [0x24ab0000, 0x24ba9470, 0x24bd0000)
  to   space 1152K,   0% used [0x24990000, 0x24990000, 0x24ab0000)
 tenured generation   total 24080K, used 21899K [0x29550000, 0x2acd4000, 0x34000000)
   the space 24080K,  90% used [0x29550000, 0x2aab2c98, 0x2aab2e00, 0x2acd4000)
 compacting perm gen  total 12288K, used 8517K [0x34000000, 0x34c00000, 0x38000000)
   the space 12288K,  69% used [0x34000000, 0x348517e8, 0x34851800, 0x34c00000)
    ro space 10240K,  42% used [0x38000000, 0x38434778, 0x38434800, 0x38a00000)
    rw space 12288K,  52% used [0x38a00000, 0x39049a68, 0x39049c00, 0x39600000)
Event: 7.565 GC heap after
Heap after GC invocations=14 (full 3):
 def new generation   total 13248K, used 0K [0x24000000, 0x24e60000, 0x29550000)
  eden space 11776K,   0% used [0x24000000, 0x24000000, 0x24b80000)
  from space 1472K,   0% used [0x24b80000, 0x24b80000, 0x24cf0000)
  to   space 1472K,   0% used [0x24cf0000, 0x24cf0000, 0x24e60000)
 tenured generation   total 29352K, used 17610K [0x29550000, 0x2b1fa000, 0x34000000)
   the space 29352K,  59% used [0x29550000, 0x2a682970, 0x2a682a00, 0x2b1fa000)
 compacting perm gen  total 12288K, used 8517K [0x34000000, 0x34c00000, 0x38000000)
   the space 12288K,  69% used [0x34000000, 0x348517e8, 0x34851800, 0x34c00000)
    ro space 10240K,  42% used [0x38000000, 0x38434778, 0x38434800, 0x38a00000)
    rw space 12288K,  52% used [0x38a00000, 0x39049a68, 0x39049c00, 0x39600000)
}

Deoptimization events (0 events):
No events

Internal exceptions (10 events):
Event: 7.422 Thread 0x060bf000 Threw 0x242c0bc8 at C:\re\jdk7u60\1081\hotspot\src\share\vm\prims\jvm.cpp:1244
Event: 7.422 Thread 0x060bf000 Threw 0x242c5e90 at C:\re\jdk7u60\1081\hotspot\src\share\vm\prims\jvm.cpp:1244
Event: 7.422 Thread 0x05d99800 Threw 0x242f51a0 at C:\re\jdk7u60\1081\hotspot\src\share\vm\prims\jvm.cpp:1244
Event: 7.423 Thread 0x060bf000 Threw 0x242ff130 at C:\re\jdk7u60\1081\hotspot\src\share\vm\prims\jvm.cpp:1244
Event: 7.423 Thread 0x060bf000 Threw 0x2430c4a0 at C:\re\jdk7u60\1081\hotspot\src\share\vm\prims\jvm.cpp:1244
Event: 7.424 Thread 0x060bf000 Threw 0x24312528 at C:\re\jdk7u60\1081\hotspot\src\share\vm\prims\jvm.cpp:1244
Event: 7.428 Thread 0x05d99800 Threw 0x243423b0 at C:\re\jdk7u60\1081\hotspot\src\share\vm\prims\jvm.cpp:1244
Event: 7.428 Thread 0x05d99800 Threw 0x24346be8 at C:\re\jdk7u60\1081\hotspot\src\share\vm\prims\jvm.cpp:1244
Event: 7.431 Thread 0x05d99800 Threw 0x2434ac58 at C:\re\jdk7u60\1081\hotspot\src\share\vm\prims\jvm.cpp:1244
Event: 7.499 Thread 0x05d99800 Threw 0x24101bf8 at C:\re\jdk7u60\1081\hotspot\src\share\vm\prims\jvm.cpp:1244

Events (10 events):
Event: 10.899 loading class 0x39670c20
Event: 10.900 loading class 0x39670bc8
Event: 10.900 Thread 0x060c0800 Thread exited: 0x060c0800
Event: 10.900 loading class 0x39670bc8 done
Event: 10.900 loading class 0x39670c20 done
Event: 10.900 Thread 0x060c1c00 Thread exited: 0x060c1c00
Event: 10.900 Thread 0x060c0400 Thread exited: 0x060c0400
Event: 10.905 Thread 0x05255400 Thread exited: 0x05255400
Event: 11.000 Thread 0x060bf000 Thread exited: 0x060bf000
Event: 11.000 Executing VM operation: Exit


Dynamic libraries:
0x00a70000 - 0x00a9f000 	C:\Program Files (x86)\Java\jre7\bin\javaw.exe
0x76fe0000 - 0x77137000 	C:\Windows\SYSTEM32\ntdll.dll
0x74690000 - 0x747c0000 	C:\Windows\SYSTEM32\KERNEL32.DLL
0x76a80000 - 0x76b27000 	C:\Windows\SYSTEM32\KERNELBASE.dll
0x747c0000 - 0x7486e000 	C:\Windows\SYSTEM32\ADVAPI32.dll
0x764f0000 - 0x76606000 	C:\Windows\SYSTEM32\USER32.dll
0x73130000 - 0x73328000 	C:\Windows\WinSxS\x86_microsoft.windows.common-controls_6595b64144ccf1df_6.0.9200.16579_none_8937eec6860750f5\COMCTL32.dll
0x76000000 - 0x760b1000 	C:\Windows\SYSTEM32\msvcrt.dll
0x74870000 - 0x748a4000 	C:\Windows\SYSTEM32\sechost.dll
0x760c0000 - 0x7616c000 	C:\Windows\SYSTEM32\RPCRT4.dll
0x748b0000 - 0x749ad000 	C:\Windows\SYSTEM32\GDI32.dll
0x745d0000 - 0x745ed000 	C:\Windows\SYSTEM32\SspiCli.dll
0x745c0000 - 0x745c9000 	C:\Windows\SYSTEM32\CRYPTBASE.dll
0x74560000 - 0x745b1000 	C:\Windows\SYSTEM32\bcryptPrimitives.dll
0x762e0000 - 0x76300000 	C:\Windows\system32\IMM32.DLL
0x76680000 - 0x7675e000 	C:\Windows\SYSTEM32\MSCTF.dll
0x5e970000 - 0x5ea2f000 	C:\Program Files (x86)\Java\jre7\bin\msvcr100.dll
0x5e310000 - 0x5e698000 	C:\Program Files (x86)\Java\jre7\bin\client\jvm.dll
0x71c10000 - 0x71c18000 	C:\Windows\SYSTEM32\WSOCK32.dll
0x71fb0000 - 0x71fd1000 	C:\Windows\SYSTEM32\WINMM.dll
0x76300000 - 0x76306000 	C:\Windows\SYSTEM32\PSAPI.DLL
0x75f80000 - 0x75fd0000 	C:\Windows\SYSTEM32\WS2_32.dll
0x71c70000 - 0x71c9b000 	C:\Windows\SYSTEM32\WINMMBASE.dll
0x75ff0000 - 0x75ff8000 	C:\Windows\SYSTEM32\NSI.dll
0x76b30000 - 0x76b76000 	C:\Windows\SYSTEM32\cfgmgr32.dll
0x75f00000 - 0x75f1e000 	C:\Windows\SYSTEM32\DEVOBJ.dll
0x720a0000 - 0x720ac000 	C:\Program Files (x86)\Java\jre7\bin\verify.dll
0x70bb0000 - 0x70bd0000 	C:\Program Files (x86)\Java\jre7\bin\java.dll
0x70b90000 - 0x70ba3000 	C:\Program Files (x86)\Java\jre7\bin\zip.dll
0x6f490000 - 0x6f5d3000 	C:\Program Files (x86)\Java\jre7\bin\awt.dll
0x76c00000 - 0x76c8b000 	C:\Windows\SYSTEM32\OLEAUT32.dll
0x76de0000 - 0x76f16000 	C:\Windows\SYSTEM32\combase.dll
0x72dd0000 - 0x72e77000 	C:\Windows\system32\apphelp.dll
0x71a40000 - 0x71a59000 	C:\Windows\system32\DWMAPI.DLL
0x726b0000 - 0x72738000 	C:\Windows\system32\uxtheme.dll
0x76760000 - 0x76879000 	C:\Windows\SYSTEM32\ole32.dll
0x74da0000 - 0x75e66000 	C:\Windows\SYSTEM32\SHELL32.dll
0x75f40000 - 0x75f80000 	C:\Windows\SYSTEM32\SHLWAPI.dll
0x73330000 - 0x733a3000 	C:\Windows\SYSTEM32\shcore.dll
0x718b0000 - 0x718e9000 	C:\Program Files (x86)\Java\jre7\bin\fontmanager.dll
0x6f250000 - 0x6f264000 	C:\Program Files (x86)\Java\jre7\bin\net.dll
0x72e80000 - 0x72eca000 	C:\Windows\system32\mswsock.dll
0x718a0000 - 0x718af000 	C:\Program Files (x86)\Java\jre7\bin\nio.dll
0x706d0000 - 0x70700000 	C:\Program Files (x86)\Java\jre7\bin\t2k.dll
0x76b80000 - 0x76bf4000 	C:\Windows\SYSTEM32\clbcatq.dll
0x6a8a0000 - 0x6a9eb000 	C:\Windows\SYSTEM32\WindowsCodecs.dll
0x76dc0000 - 0x76dd1000 	C:\Windows\SYSTEM32\profapi.dll
0x68440000 - 0x68464000 	C:\Program Files (x86)\Java\jre7\bin\dcpr.dll
0x5e900000 - 0x5e96d000 	C:\binaries\terrajava.dll
0x5e220000 - 0x5e307000 	C:\binaries\terramanager-funcate.dll
0x59300000 - 0x59ba6000 	C:\binaries\terralib.dll
0x64af0000 - 0x64b59000 	C:\Windows\SYSTEM32\MSVCP100.dll
0x6d880000 - 0x6db4c000 	C:\binaries\bgd.dll
0x66b80000 - 0x66b9b000 	C:\binaries\terraogc_xml.dll
0x60460000 - 0x6047d000 	C:\binaries\terraogc_sld.dll
0x5f9a0000 - 0x5f9c6000 	C:\binaries\terraogc_se.dll
0x5e8c0000 - 0x5e8f6000 	C:\binaries\terraogc_filter.dll
0x5e1c0000 - 0x5e212000 	C:\binaries\terraogc_ows.dll
0x5f980000 - 0x5f999000 	C:\binaries\terraogc_common.dll
0x684c0000 - 0x684cb000 	C:\binaries\terralib_shp.dll
0x60450000 - 0x6045e000 	C:\binaries\terralib_spl.dll
0x06760000 - 0x06b56000 	C:\binaries\qt-mt338.dll
0x613d0000 - 0x6149e000 	C:\Windows\SYSTEM32\OPENGL32.dll
0x613a0000 - 0x613c3000 	C:\Windows\SYSTEM32\GLU32.dll
0x5e140000 - 0x5e1bf000 	C:\binaries\qwt500.dll
0x0fb20000 - 0x11b1f000 	C:\binaries\berkelium.dll
0x06b60000 - 0x06ca1000 	C:\binaries\LIBMYSQL.dll
0x63100000 - 0x63121000 	C:\binaries\LIBPQ.dll
0x06cb0000 - 0x06d11000 	C:\binaries\OCI.dll
0x5da30000 - 0x5daba000 	C:\binaries\libtiff.dll
0x56580000 - 0x56d52000 	C:\binaries\gdal110.dll
0x12000000 - 0x121dc000 	C:\binaries\xerces-c_3_1.dll
0x592a0000 - 0x592f5000 	C:\binaries\terraogc_wms.dll
0x59240000 - 0x59293000 	C:\binaries\terraogc_gml.dll
0x5e0f0000 - 0x5e131000 	C:\binaries\terraogc_xsd.dll
0x5a810000 - 0x5a830000 	C:\binaries\terraogc_xacml.dll
0x71f30000 - 0x71f90000 	C:\Windows\SYSTEM32\WINSPOOL.DRV
0x7c340000 - 0x7c396000 	C:\Windows\SYSTEM32\MSVCR71.dll
0x608a0000 - 0x60979000 	C:\Windows\SYSTEM32\DDRAW.dll
0x727a0000 - 0x727a9000 	C:\Windows\SYSTEM32\Secur32.dll
0x75f20000 - 0x75f3b000 	C:\Windows\SYSTEM32\USERENV.dll
0x71520000 - 0x71570000 	C:\Windows\SYSTEM32\OLEACC.dll
0x54200000 - 0x54276000 	C:\Windows\SYSTEM32\RICHED20.dll
0x72ee0000 - 0x72ee8000 	C:\Windows\SYSTEM32\VERSION.dll
0x720b0000 - 0x720c4000 	C:\Windows\SYSTEM32\USP10.dll
0x72c50000 - 0x72cc5000 	C:\Windows\SYSTEM32\DNSAPI.dll
0x06dc0000 - 0x06e6a000 	C:\Windows\libeay32.dll
0x06e70000 - 0x06e7d000 	C:\binaries\libintl-2.dll
0x72ed0000 - 0x72ed6000 	C:\Windows\SYSTEM32\SHFOLDER.DLL
0x06e80000 - 0x06ea6000 	C:\Windows\ssleay32.dll
0x06eb0000 - 0x06ed6000 	C:\binaries\libexpat.dll
0x60770000 - 0x60811000 	C:\Windows\SYSTEM32\ODBC32.dll
0x60760000 - 0x60767000 	C:\Windows\SYSTEM32\DCIMAN32.dll
0x663b0000 - 0x663db000 	C:\Windows\SYSTEM32\msls31.dll
0x06f30000 - 0x0700b000 	C:\binaries\libiconv-2.dll
0x6f600000 - 0x6f61d000 	C:\Windows\SYSTEM32\gpapi.dll
0x74530000 - 0x74556000 	C:\Windows\SYSTEM32\ntmarta.dll
0x54e60000 - 0x55708000 	C:\binaries\icudt46.dll
0x53850000 - 0x53979000 	C:\Windows\SYSTEM32\dbghelp.dll
0x72040000 - 0x72050000 	C:\Windows\system32\napinsp.dll
0x72020000 - 0x72034000 	C:\Windows\system32\pnrpnsp.dll
0x72010000 - 0x72020000 	C:\Windows\system32\NLAapi.dll
0x72000000 - 0x72009000 	C:\Windows\System32\winrnr.dll
0x71ac0000 - 0x71ad0000 	C:\Windows\system32\wshbth.dll
0x726a0000 - 0x726a7000 	C:\Windows\System32\rasadhlp.dll
0x71c30000 - 0x71c6f000 	C:\Windows\System32\fwpuclnt.dll
0x72cd0000 - 0x72cf0000 	C:\Windows\SYSTEM32\IPHLPAPI.DLL
0x72c40000 - 0x72c48000 	C:\Windows\SYSTEM32\WINNSI.DLL
0x730d0000 - 0x730ea000 	C:\Windows\SYSTEM32\CRYPTSP.dll
0x73090000 - 0x730ce000 	C:\Windows\system32\rsaenh.dll
0x72c30000 - 0x72c40000 	C:\Windows\SYSTEM32\dhcpcsvc6.DLL
0x72c10000 - 0x72c22000 	C:\Windows\SYSTEM32\dhcpcsvc.DLL
0x59210000 - 0x59235000 	C:\Program Files (x86)\Java\jre7\bin\jpeg.dll

VM Arguments:
jvm_args: -Dfile.encoding=ISO-8859-1 
java_command: com.nexusbr.gv.main.ConnectDBMain
Launcher Type: SUN_STANDARD

Environment Variables:
JAVA_HOME=C:\Program Files (x86)\Java\jre7
PATH=C:/Program Files (x86)/Java/jre7/bin/client;C:/Program Files (x86)/Java/jre7/bin;C:/Program Files (x86)/Java/jre7/lib/i386;C:\Program Files (x86)\PHP\;c:\Program Files (x86)\Intel\iCLS Client\;c:\Program Files\Intel\iCLS Client\;C:\Windows\system32;C:\Windows;C:\Windows\System32\Wbem;C:\Windows\System32\WindowsPowerShell\v1.0\;C:\Program Files\Intel\Intel(R) Management Engine Components\DAL;C:\Program Files\Intel\Intel(R) Management Engine Components\IPT;C:\Program Files (x86)\Intel\Intel(R) Management Engine Components\DAL;C:\Program Files (x86)\Intel\Intel(R) Management Engine Components\IPT;C:\Program Files (x86)\Intel\OpenCL SDK\3.0\bin\x86;C:\Program Files (x86)\Intel\OpenCL SDK\3.0\bin\x64;C:\Program Files (x86)\Windows Live\Shared;C:\binaries;c:\Program Files (x86)\Microsoft SQL Server\100\Tools\Binn\;c:\Program Files\Microsoft SQL Server\100\Tools\Binn\;c:\Program Files\Microsoft SQL Server\100\DTS\Binn\;C:\strawberry\c\bin;C:\strawberry\perl\site\bin;C:\strawberry\perl\bin;C:\Program Files (x86)\Microsoft SQL Server\110\Tools\Binn\ManagementStudio\;C:\Program Files (x86)\Microsoft SQL Server\110\Tools\Binn\;C:\Program Files\Microsoft SQL Server\110\Tools\Binn\;C:\Program Files (x86)\Microsoft SQL Server\110\DTS\Binn\;C:\Program Files\TortoiseSVN\bin;C:\Python34;C:\Program Files (x86)\Java\jre7\bin;C:\eclipse;
USERNAME=inacio
OS=Windows_NT
PROCESSOR_IDENTIFIER=Intel64 Family 6 Model 69 Stepping 1, GenuineIntel



---------------  S Y S T E M  ---------------

OS: Windows 8 , 64 bit Build 9200 

CPU:total 4 (2 cores per cpu, 2 threads per core) family 6 model 69 stepping 1, cmov, cx8, fxsr, mmx, sse, sse2, sse3, ssse3, sse4.1, sse4.2, popcnt, avx, avx2, aes, erms, ht, tsc, tscinvbit

Memory: 4k page, physical 8290700k(2389132k free), swap 9535884k(3554720k free)

vm_info: Java HotSpot(TM) Client VM (24.60-b09) for windows-x86 JRE (1.7.0_60-b19), built on May  7 2014 13:09:52 by "java_re" with unknown MS VC++:1600

time: Fri Jul 04 09:55:25 2014
elapsed time: 11 seconds

