#
# A fatal error has been detected by the Java Runtime Environment:
#
#  EXCEPTION_ACCESS_VIOLATION (0xc0000005) at pc=0x109d9052, pid=8828, tid=10444
#
# JRE version: Java(TM) SE Runtime Environment (7.0_60-b19) (build 1.7.0_60-b19)
# Java VM: Java HotSpot(TM) Client VM (24.60-b09 mixed mode, sharing windows-x86 )
# Problematic frame:
# C  [berkelium.dll+0xa39052]
#
# Failed to write core dump. Minidumps are not enabled by default on client versions of Windows
#
# If you would like to submit a bug report, please visit:
#   http://bugreport.sun.com/bugreport/crash.jsp
#

---------------  T H R E A D  ---------------

Current thread (0x0256fc00):  VMThread [stack: 0x047a0000,0x047f0000] [id=10444]

siginfo: ExceptionCode=0xc0000005, reading address 0x000000f8

Registers:
EAX=0x047ef034, EBX=0x000493e0, ECX=0x047ef034, EDX=0xad8548f8
ESP=0x047ef024, EBP=0x00000086, ESI=0x00000000, EDI=0xbf66ebf8
EIP=0x109d9052, EFLAGS=0x00010202

Top of Stack: (sp=0x047ef024)
0x047ef024:   071b1168 071b1168 0710ab00 00000000
0x047ef034:   ad8548f8 00000086 071a3a20 071ae900
0x047ef044:   00000000 00000000 00000000 74616401
0x047ef054:   69642d61 07420072 00000023 0000002f
0x047ef064:   00000000 07137070 002e5bf2 071b1000
0x047ef074:   0710ab44 ffffff00 1000bf20 11b29778
0x047ef084:   06bf0030 00000000 0000000f 11b2a730
0x047ef094:   00000001 10009783 00000008 00000001 

Instructions: (pc=0x109d9052)
0x109d9032:   03 00 00 57 53 e8 f4 c8 60 ff 8b ea 8d 54 24 10
0x109d9042:   52 8b f8 e8 26 ca 00 00 83 c4 04 03 38 13 68 04
0x109d9052:   8b 86 f8 00 00 00 0b 86 fc 00 00 00 89 7c 24 20
0x109d9062:   89 6c 24 24 75 3e 39 84 24 d4 00 00 00 7f 35 7c 


Register to memory mapping:

EAX=
[error occurred during error reporting (printing register info), id 0xc0000005]

Stack: [0x047a0000,0x047f0000],  sp=0x047ef024,  free space=316k
Native frames: (J=compiled Java code, j=interpreted, Vv=VM code, C=native code)
C  [berkelium.dll+0xa39052]

VM_Operation (0x05d8e2e0): Exit, mode: safepoint, requested by thread 0x05909400


---------------  P R O C E S S  ---------------

Java Threads: ( => current thread )
  0x05c33000 JavaThread "Image Fetcher 3" daemon [_thread_blocked, id=6960, stack(0x07ae0000,0x07b30000)]
  0x05c32c00 JavaThread "WeakCollectionCleaner" daemon [_thread_blocked, id=9096, stack(0x09400000,0x09450000)]
  0x05b6c400 JavaThread "TimerQueue" daemon [_thread_blocked, id=6952, stack(0x07bb0000,0x07c00000)]
  0x00b4e000 JavaThread "DestroyJavaVM" [_thread_blocked, id=11236, stack(0x00b50000,0x00ba0000)]
  0x05909400 JavaThread "AWT-EventQueue-0" [_thread_blocked, id=8904, stack(0x05d40000,0x05d90000)]
  0x04dc4400 JavaThread "AWT-Shutdown" [_thread_blocked, id=5908, stack(0x05410000,0x05460000)]
  0x04dc3800 JavaThread "Java2D Disposer" daemon [_thread_blocked, id=7388, stack(0x05380000,0x053d0000)]
  0x025e9000 JavaThread "Service Thread" daemon [_thread_blocked, id=4292, stack(0x04b00000,0x04b50000)]
  0x025e4c00 JavaThread "C1 CompilerThread0" daemon [_thread_blocked, id=10596, stack(0x04a70000,0x04ac0000)]
  0x025e3000 JavaThread "Attach Listener" daemon [_thread_blocked, id=11208, stack(0x049e0000,0x04a30000)]
  0x025e0c00 JavaThread "Signal Dispatcher" daemon [_thread_blocked, id=9180, stack(0x04950000,0x049a0000)]
  0x02572800 JavaThread "Finalizer" daemon [_thread_blocked, id=9068, stack(0x048c0000,0x04910000)]
  0x02571000 JavaThread "Reference Handler" daemon [_thread_blocked, id=1240, stack(0x04830000,0x04880000)]

Other Threads:
=>0x0256fc00 VMThread [stack: 0x047a0000,0x047f0000] [id=10444]

VM state:at safepoint (shutting down)

VM Mutex/Monitor currently owned by a thread:  ([mutex/lock_event])
[0x00b4c400] Threads_lock - owner thread: 0x0256fc00

Heap
 def new generation   total 30912K, used 28932K [0x24000000, 0x26180000, 0x29550000)
  eden space 27520K,  98% used [0x24000000, 0x25a96500, 0x25ae0000)
  from space 3392K,  50% used [0x25e30000, 0x25fdab28, 0x26180000)
  to   space 3392K,   0% used [0x25ae0000, 0x25ae0000, 0x25e30000)
 tenured generation   total 68476K, used 65025K [0x29550000, 0x2d82f000, 0x34000000)
   the space 68476K,  94% used [0x29550000, 0x2d4d05c8, 0x2d4d0600, 0x2d82f000)
 compacting perm gen  total 12288K, used 10678K [0x34000000, 0x34c00000, 0x38000000)
   the space 12288K,  86% used [0x34000000, 0x34a6dbe0, 0x34a6dc00, 0x34c00000)
    ro space 10240K,  42% used [0x38000000, 0x38434778, 0x38434800, 0x38a00000)
    rw space 12288K,  52% used [0x38a00000, 0x39049a68, 0x39049c00, 0x39600000)

Card table byte_map: [0x04650000,0x04700000] byte_map_base: 0x04530000

Polling page: 0x00ba0000

Code Cache  [0x02650000, 0x02920000, 0x04650000)
 total_blobs=1689 nmethods=1391 adapters=234 free_code_cache=29902Kb largest_free_block=30618304

Compilation events (10 events):
Event: 52.442 Thread 0x025e4c00 1398   !         java.util.concurrent.locks.AbstractQueuedSynchronizer::acquireQueued (93 bytes)
Event: 52.443 Thread 0x025e4c00 nmethod 1398 0x0291bd48 code [0x0291bea0, 0x0291c1b8]
Event: 52.474 Thread 0x025e4c00 1399             java.util.concurrent.locks.AbstractQueuedSynchronizer::compareAndSetTail (13 bytes)
Event: 52.474 Thread 0x025e4c00 nmethod 1399 0x0291c588 code [0x0291c680, 0x0291c720]
Event: 52.602 Thread 0x025e4c00 1400             java.util.HashMap$Entry::recordRemoval (1 bytes)
Event: 52.602 Thread 0x025e4c00 nmethod 1400 0x0291c788 code [0x0291c880, 0x0291c900]
Event: 52.860 Thread 0x025e4c00 1401             java.awt.Rectangle::<init> (9 bytes)
Event: 52.860 Thread 0x025e4c00 nmethod 1401 0x0291c948 code [0x0291ca40, 0x0291cae0]
Event: 53.786 Thread 0x025e4c00 1402             java.util.concurrent.locks.ReentrantLock$NonfairSync::tryAcquire (6 bytes)
Event: 53.786 Thread 0x025e4c00 nmethod 1402 0x0291cb48 code [0x0291cc40, 0x0291cccc]

GC Heap History (10 events):
Event: 7.095 GC heap before
{Heap before GC invocations=16 (full 4):
 def new generation   total 17984K, used 16000K [0x24000000, 0x25380000, 0x29550000)
  eden space 16000K, 100% used [0x24000000, 0x24fa0000, 0x24fa0000)
  from space 1984K,   0% used [0x24fa0000, 0x24fa0000, 0x25190000)
  to   space 1984K,   0% used [0x25190000, 0x25190000, 0x25380000)
 tenured generation   total 39788K, used 23872K [0x29550000, 0x2bc2b000, 0x34000000)
   the space 39788K,  59% used [0x29550000, 0x2aca0030, 0x2aca0200, 0x2bc2b000)
 compacting perm gen  total 12288K, used 8567K [0x34000000, 0x34c00000, 0x38000000)
   the space 12288K,  69% used [0x34000000, 0x3485df08, 0x3485e000, 0x34c00000)
    ro space 10240K,  42% used [0x38000000, 0x38434778, 0x38434800, 0x38a00000)
    rw space 12288K,  52% used [0x38a00000, 0x39049a68, 0x39049c00, 0x39600000)
Event: 7.099 GC heap after
Heap after GC invocations=17 (full 4):
 def new generation   total 17984K, used 1980K [0x24000000, 0x25380000, 0x29550000)
  eden space 16000K,   0% used [0x24000000, 0x24000000, 0x24fa0000)
  from space 1984K,  99% used [0x25190000, 0x2537f2b8, 0x25380000)
  to   space 1984K,   0% used [0x24fa0000, 0x24fa0000, 0x25190000)
 tenured generation   total 39788K, used 31338K [0x29550000, 0x2bc2b000, 0x34000000)
   the space 39788K,  78% used [0x29550000, 0x2b3ea908, 0x2b3eaa00, 0x2bc2b000)
 compacting perm gen  total 12288K, used 8567K [0x34000000, 0x34c00000, 0x38000000)
   the space 12288K,  69% used [0x34000000, 0x3485df08, 0x3485e000, 0x34c00000)
    ro space 10240K,  42% used [0x38000000, 0x38434778, 0x38434800, 0x38a00000)
    rw space 12288K,  52% used [0x38a00000, 0x39049a68, 0x39049c00, 0x39600000)
}
Event: 28.858 GC heap before
{Heap before GC invocations=17 (full 4):
 def new generation   total 17984K, used 17980K [0x24000000, 0x25380000, 0x29550000)
  eden space 16000K, 100% used [0x24000000, 0x24fa0000, 0x24fa0000)
  from space 1984K,  99% used [0x25190000, 0x2537f2b8, 0x25380000)
  to   space 1984K,   0% used [0x24fa0000, 0x24fa0000, 0x25190000)
 tenured generation   total 39788K, used 31338K [0x29550000, 0x2bc2b000, 0x34000000)
   the space 39788K,  78% used [0x29550000, 0x2b3ea908, 0x2b3eaa00, 0x2bc2b000)
 compacting perm gen  total 12288K, used 9268K [0x34000000, 0x34c00000, 0x38000000)
   the space 12288K,  75% used [0x34000000, 0x3490d120, 0x3490d200, 0x34c00000)
    ro space 10240K,  42% used [0x38000000, 0x38434778, 0x38434800, 0x38a00000)
    rw space 12288K,  52% used [0x38a00000, 0x39049a68, 0x39049c00, 0x39600000)
Event: 28.940 GC heap after
Heap after GC invocations=18 (full 5):
 def new generation   total 30912K, used 0K [0x24000000, 0x26180000, 0x29550000)
  eden space 27520K,   0% used [0x24000000, 0x24000000, 0x25ae0000)
  from space 3392K,   0% used [0x25ae0000, 0x25ae0000, 0x25e30000)
  to   space 3392K,   0% used [0x25e30000, 0x25e30000, 0x26180000)
 tenured generation   total 68476K, used 41084K [0x29550000, 0x2d82f000, 0x34000000)
   the space 68476K,  59% used [0x29550000, 0x2bd6f228, 0x2bd6f400, 0x2d82f000)
 compacting perm gen  total 12288K, used 9268K [0x34000000, 0x34c00000, 0x38000000)
   the space 12288K,  75% used [0x34000000, 0x3490d120, 0x3490d200, 0x34c00000)
    ro space 10240K,  42% used [0x38000000, 0x38434778, 0x38434800, 0x38a00000)
    rw space 12288K,  52% used [0x38a00000, 0x39049a68, 0x39049c00, 0x39600000)
}
Event: 29.233 GC heap before
{Heap before GC invocations=18 (full 5):
 def new generation   total 30912K, used 27520K [0x24000000, 0x26180000, 0x29550000)
  eden space 27520K, 100% used [0x24000000, 0x25ae0000, 0x25ae0000)
  from space 3392K,   0% used [0x25ae0000, 0x25ae0000, 0x25e30000)
  to   space 3392K,   0% used [0x25e30000, 0x25e30000, 0x26180000)
 tenured generation   total 68476K, used 41084K [0x29550000, 0x2d82f000, 0x34000000)
   the space 68476K,  59% used [0x29550000, 0x2bd6f228, 0x2bd6f400, 0x2d82f000)
 compacting perm gen  total 12288K, used 9328K [0x34000000, 0x34c00000, 0x38000000)
   the space 12288K,  75% used [0x34000000, 0x3491c318, 0x3491c400, 0x34c00000)
    ro space 10240K,  42% used [0x38000000, 0x38434778, 0x38434800, 0x38a00000)
    rw space 12288K,  52% used [0x38a00000, 0x39049a68, 0x39049c00, 0x39600000)
Event: 29.251 GC heap after
Heap after GC invocations=19 (full 5):
 def new generation   total 30912K, used 3392K [0x24000000, 0x26180000, 0x29550000)
  eden space 27520K,   0% used [0x24000000, 0x24000000, 0x25ae0000)
  from space 3392K, 100% used [0x25e30000, 0x26180000, 0x26180000)
  to   space 3392K,   0% used [0x25ae0000, 0x25ae0000, 0x25e30000)
 tenured generation   total 68476K, used 48325K [0x29550000, 0x2d82f000, 0x34000000)
   the space 68476K,  70% used [0x29550000, 0x2c4815f8, 0x2c481600, 0x2d82f000)
 compacting perm gen  total 12288K, used 9328K [0x34000000, 0x34c00000, 0x38000000)
   the space 12288K,  75% used [0x34000000, 0x3491c318, 0x3491c400, 0x34c00000)
    ro space 10240K,  42% used [0x38000000, 0x38434778, 0x38434800, 0x38a00000)
    rw space 12288K,  52% used [0x38a00000, 0x39049a68, 0x39049c00, 0x39600000)
}
Event: 36.754 GC heap before
{Heap before GC invocations=19 (full 5):
 def new generation   total 30912K, used 30432K [0x24000000, 0x26180000, 0x29550000)
  eden space 27520K,  98% used [0x24000000, 0x25a68368, 0x25ae0000)
  from space 3392K, 100% used [0x25e30000, 0x26180000, 0x26180000)
  to   space 3392K,   0% used [0x25ae0000, 0x25ae0000, 0x25e30000)
 tenured generation   total 68476K, used 48325K [0x29550000, 0x2d82f000, 0x34000000)
   the space 68476K,  70% used [0x29550000, 0x2c4815f8, 0x2c481600, 0x2d82f000)
 compacting perm gen  total 12288K, used 9344K [0x34000000, 0x34c00000, 0x38000000)
   the space 12288K,  76% used [0x34000000, 0x34920348, 0x34920400, 0x34c00000)
    ro space 10240K,  42% used [0x38000000, 0x38434778, 0x38434800, 0x38a00000)
    rw space 12288K,  52% used [0x38a00000, 0x39049a68, 0x39049c00, 0x39600000)
Event: 36.766 GC heap after
Heap after GC invocations=20 (full 5):
 def new generation   total 30912K, used 3392K [0x24000000, 0x26180000, 0x29550000)
  eden space 27520K,   0% used [0x24000000, 0x24000000, 0x25ae0000)
  from space 3392K, 100% used [0x25ae0000, 0x25e30000, 0x25e30000)
  to   space 3392K,   0% used [0x25e30000, 0x25e30000, 0x26180000)
 tenured generation   total 68476K, used 53270K [0x29550000, 0x2d82f000, 0x34000000)
   the space 68476K,  77% used [0x29550000, 0x2c9558a8, 0x2c955a00, 0x2d82f000)
 compacting perm gen  total 12288K, used 9344K [0x34000000, 0x34c00000, 0x38000000)
   the space 12288K,  76% used [0x34000000, 0x34920348, 0x34920400, 0x34c00000)
    ro space 10240K,  42% used [0x38000000, 0x38434778, 0x38434800, 0x38a00000)
    rw space 12288K,  52% used [0x38a00000, 0x39049a68, 0x39049c00, 0x39600000)
}
Event: 39.008 GC heap before
{Heap before GC invocations=20 (full 5):
 def new generation   total 30912K, used 30912K [0x24000000, 0x26180000, 0x29550000)
  eden space 27520K, 100% used [0x24000000, 0x25ae0000, 0x25ae0000)
  from space 3392K, 100% used [0x25ae0000, 0x25e30000, 0x25e30000)
  to   space 3392K,   0% used [0x25e30000, 0x25e30000, 0x26180000)
 tenured generation   total 68476K, used 53270K [0x29550000, 0x2d82f000, 0x34000000)
   the space 68476K,  77% used [0x29550000, 0x2c9558a8, 0x2c955a00, 0x2d82f000)
 compacting perm gen  total 12288K, used 10613K [0x34000000, 0x34c00000, 0x38000000)
   the space 12288K,  86% used [0x34000000, 0x34a5d560, 0x34a5d600, 0x34c00000)
    ro space 10240K,  42% used [0x38000000, 0x38434778, 0x38434800, 0x38a00000)
    rw space 12288K,  52% used [0x38a00000, 0x39049a68, 0x39049c00, 0x39600000)
Event: 39.018 GC heap after
Heap after GC invocations=21 (full 5):
 def new generation   total 30912K, used 1706K [0x24000000, 0x26180000, 0x29550000)
  eden space 27520K,   0% used [0x24000000, 0x24000000, 0x25ae0000)
  from space 3392K,  50% used [0x25e30000, 0x25fdab28, 0x26180000)
  to   space 3392K,   0% used [0x25ae0000, 0x25ae0000, 0x25e30000)
 tenured generation   total 68476K, used 65025K [0x29550000, 0x2d82f000, 0x34000000)
   the space 68476K,  94% used [0x29550000, 0x2d4d05c8, 0x2d4d0600, 0x2d82f000)
 compacting perm gen  total 12288K, used 10613K [0x34000000, 0x34c00000, 0x38000000)
   the space 12288K,  86% used [0x34000000, 0x34a5d560, 0x34a5d600, 0x34c00000)
    ro space 10240K,  42% used [0x38000000, 0x38434778, 0x38434800, 0x38a00000)
    rw space 12288K,  52% used [0x38a00000, 0x39049a68, 0x39049c00, 0x39600000)
}

Deoptimization events (0 events):
No events

Internal exceptions (10 events):
Event: 46.618 Thread 0x05909400 Threw 0x24ce2508 at C:\re\jdk7u60\1081\hotspot\src\share\vm\prims\jvm.cpp:1244
Event: 46.927 Thread 0x05909400 Threw 0x24cec348 at C:\re\jdk7u60\1081\hotspot\src\share\vm\prims\jvm.cpp:1244
Event: 46.929 Thread 0x05909400 Threw 0x24d12410 at C:\re\jdk7u60\1081\hotspot\src\share\vm\prims\jvm.cpp:1244
Event: 46.966 Thread 0x05909400 Threw 0x24d272b0 at C:\re\jdk7u60\1081\hotspot\src\share\vm\prims\jvm.cpp:1244
Event: 46.969 Thread 0x05909400 Threw 0x24d2d748 at C:\re\jdk7u60\1081\hotspot\src\share\vm\prims\jvm.cpp:1244
Event: 46.969 Thread 0x05909400 Threw 0x24d363b0 at C:\re\jdk7u60\1081\hotspot\src\share\vm\prims\jvm.cpp:1244
Event: 46.970 Thread 0x05909400 Threw 0x24d3ca58 at C:\re\jdk7u60\1081\hotspot\src\share\vm\prims\jvm.cpp:1244
Event: 46.970 Thread 0x05909400 Threw 0x24d43aa0 at C:\re\jdk7u60\1081\hotspot\src\share\vm\prims\jvm.cpp:1244
Event: 46.972 Thread 0x05909400 Threw 0x24d4d058 at C:\re\jdk7u60\1081\hotspot\src\share\vm\prims\jvm.cpp:1244
Event: 46.972 Thread 0x05909400 Threw 0x24d535d0 at C:\re\jdk7u60\1081\hotspot\src\share\vm\prims\jvm.cpp:1244

Events (10 events):
Event: 54.267 Thread 0x05c30000 Thread exited: 0x05c30000
Event: 54.267 loading class 0x39670c20
Event: 54.267 Thread 0x05c2f800 Thread exited: 0x05c2f800
Event: 54.267 loading class 0x39670bc8
Event: 54.267 loading class 0x39670bc8 done
Event: 54.267 loading class 0x39670c20 done
Event: 54.267 Thread 0x05c30c00 Thread exited: 0x05c30c00
Event: 54.281 Thread 0x04dc4c00 Thread exited: 0x04dc4c00
Event: 54.367 Thread 0x05c30400 Thread exited: 0x05c30400
Event: 54.367 Executing VM operation: Exit


Dynamic libraries:
0x00a70000 - 0x00a9f000 	C:\Program Files (x86)\Java\jre7\bin\javaw.exe
0x76fe0000 - 0x77137000 	C:\Windows\SYSTEM32\ntdll.dll
0x74690000 - 0x747c0000 	C:\Windows\SYSTEM32\KERNEL32.DLL
0x76a80000 - 0x76b27000 	C:\Windows\SYSTEM32\KERNELBASE.dll
0x747c0000 - 0x7486e000 	C:\Windows\SYSTEM32\ADVAPI32.dll
0x764f0000 - 0x76606000 	C:\Windows\SYSTEM32\USER32.dll
0x73130000 - 0x73328000 	C:\Windows\WinSxS\x86_microsoft.windows.common-controls_6595b64144ccf1df_6.0.9200.16579_none_8937eec6860750f5\COMCTL32.dll
0x76000000 - 0x760b1000 	C:\Windows\SYSTEM32\msvcrt.dll
0x74870000 - 0x748a4000 	C:\Windows\SYSTEM32\sechost.dll
0x760c0000 - 0x7616c000 	C:\Windows\SYSTEM32\RPCRT4.dll
0x748b0000 - 0x749ad000 	C:\Windows\SYSTEM32\GDI32.dll
0x745d0000 - 0x745ed000 	C:\Windows\SYSTEM32\SspiCli.dll
0x745c0000 - 0x745c9000 	C:\Windows\SYSTEM32\CRYPTBASE.dll
0x74560000 - 0x745b1000 	C:\Windows\SYSTEM32\bcryptPrimitives.dll
0x762e0000 - 0x76300000 	C:\Windows\system32\IMM32.DLL
0x76680000 - 0x7675e000 	C:\Windows\SYSTEM32\MSCTF.dll
0x6f3d0000 - 0x6f48f000 	C:\Program Files (x86)\Java\jre7\bin\msvcr100.dll
0x5e310000 - 0x5e698000 	C:\Program Files (x86)\Java\jre7\bin\client\jvm.dll
0x71c10000 - 0x71c18000 	C:\Windows\SYSTEM32\WSOCK32.dll
0x71fb0000 - 0x71fd1000 	C:\Windows\SYSTEM32\WINMM.dll
0x76300000 - 0x76306000 	C:\Windows\SYSTEM32\PSAPI.DLL
0x75f80000 - 0x75fd0000 	C:\Windows\SYSTEM32\WS2_32.dll
0x71c70000 - 0x71c9b000 	C:\Windows\SYSTEM32\WINMMBASE.dll
0x75ff0000 - 0x75ff8000 	C:\Windows\SYSTEM32\NSI.dll
0x76b30000 - 0x76b76000 	C:\Windows\SYSTEM32\cfgmgr32.dll
0x75f00000 - 0x75f1e000 	C:\Windows\SYSTEM32\DEVOBJ.dll
0x720a0000 - 0x720ac000 	C:\Program Files (x86)\Java\jre7\bin\verify.dll
0x70bb0000 - 0x70bd0000 	C:\Program Files (x86)\Java\jre7\bin\java.dll
0x70b90000 - 0x70ba3000 	C:\Program Files (x86)\Java\jre7\bin\zip.dll
0x6f490000 - 0x6f5d3000 	C:\Program Files (x86)\Java\jre7\bin\awt.dll
0x76c00000 - 0x76c8b000 	C:\Windows\SYSTEM32\OLEAUT32.dll
0x76de0000 - 0x76f16000 	C:\Windows\SYSTEM32\combase.dll
0x72dd0000 - 0x72e77000 	C:\Windows\system32\apphelp.dll
0x71a40000 - 0x71a59000 	C:\Windows\system32\DWMAPI.DLL
0x726b0000 - 0x72738000 	C:\Windows\system32\uxtheme.dll
0x76760000 - 0x76879000 	C:\Windows\SYSTEM32\ole32.dll
0x74da0000 - 0x75e66000 	C:\Windows\SYSTEM32\SHELL32.dll
0x75f40000 - 0x75f80000 	C:\Windows\SYSTEM32\SHLWAPI.dll
0x73330000 - 0x733a3000 	C:\Windows\SYSTEM32\shcore.dll
0x718b0000 - 0x718e9000 	C:\Program Files (x86)\Java\jre7\bin\fontmanager.dll
0x6f250000 - 0x6f264000 	C:\Program Files (x86)\Java\jre7\bin\net.dll
0x72e80000 - 0x72eca000 	C:\Windows\system32\mswsock.dll
0x718a0000 - 0x718af000 	C:\Program Files (x86)\Java\jre7\bin\nio.dll
0x706d0000 - 0x70700000 	C:\Program Files (x86)\Java\jre7\bin\t2k.dll
0x76b80000 - 0x76bf4000 	C:\Windows\SYSTEM32\clbcatq.dll
0x6a8a0000 - 0x6a9eb000 	C:\Windows\SYSTEM32\WindowsCodecs.dll
0x76dc0000 - 0x76dd1000 	C:\Windows\SYSTEM32\profapi.dll
0x706a0000 - 0x706c4000 	C:\Program Files (x86)\Java\jre7\bin\dcpr.dll
0x6f360000 - 0x6f3cd000 	C:\binaries\terrajava.dll
0x68640000 - 0x68727000 	C:\binaries\terramanager-funcate.dll
0x59300000 - 0x59ba6000 	C:\binaries\terralib.dll
0x64af0000 - 0x64b59000 	C:\Windows\SYSTEM32\MSVCP100.dll
0x6d880000 - 0x6db4c000 	C:\binaries\bgd.dll
0x71910000 - 0x7192b000 	C:\binaries\terraogc_xml.dll
0x71500000 - 0x7151d000 	C:\binaries\terraogc_sld.dll
0x6f330000 - 0x6f356000 	C:\binaries\terraogc_se.dll
0x6f2f0000 - 0x6f326000 	C:\binaries\terraogc_filter.dll
0x685e0000 - 0x68632000 	C:\binaries\terraogc_ows.dll
0x6f2d0000 - 0x6f2e9000 	C:\binaries\terraogc_common.dll
0x6f2c0000 - 0x6f2cb000 	C:\binaries\terralib_shp.dll
0x6f2b0000 - 0x6f2be000 	C:\binaries\terralib_spl.dll
0x062d0000 - 0x066c6000 	C:\binaries\qt-mt338.dll
0x613d0000 - 0x6149e000 	C:\Windows\SYSTEM32\OPENGL32.dll
0x613a0000 - 0x613c3000 	C:\Windows\SYSTEM32\GLU32.dll
0x68560000 - 0x685df000 	C:\binaries\qwt500.dll
0x0ffa0000 - 0x11f9f000 	C:\binaries\berkelium.dll
0x066d0000 - 0x06811000 	C:\binaries\LIBMYSQL.dll
0x63100000 - 0x63121000 	C:\binaries\LIBPQ.dll
0x06820000 - 0x06881000 	C:\binaries\OCI.dll
0x684d0000 - 0x6855a000 	C:\binaries\libtiff.dll
0x583a0000 - 0x58b72000 	C:\binaries\gdal110.dll
0x12000000 - 0x121dc000 	C:\binaries\xerces-c_3_1.dll
0x5f000000 - 0x5f055000 	C:\binaries\terraogc_wms.dll
0x5efa0000 - 0x5eff3000 	C:\binaries\terraogc_gml.dll
0x5f980000 - 0x5f9c1000 	C:\binaries\terraogc_xsd.dll
0x6ab50000 - 0x6ab70000 	C:\binaries\terraogc_xacml.dll
0x71f30000 - 0x71f90000 	C:\Windows\SYSTEM32\WINSPOOL.DRV
0x7c340000 - 0x7c396000 	C:\Windows\SYSTEM32\MSVCR71.dll
0x608a0000 - 0x60979000 	C:\Windows\SYSTEM32\DDRAW.dll
0x727a0000 - 0x727a9000 	C:\Windows\SYSTEM32\Secur32.dll
0x75f20000 - 0x75f3b000 	C:\Windows\SYSTEM32\USERENV.dll
0x71520000 - 0x71570000 	C:\Windows\SYSTEM32\OLEACC.dll
0x54200000 - 0x54276000 	C:\Windows\SYSTEM32\RICHED20.dll
0x72ee0000 - 0x72ee8000 	C:\Windows\SYSTEM32\VERSION.dll
0x720b0000 - 0x720c4000 	C:\Windows\SYSTEM32\USP10.dll
0x72c50000 - 0x72cc5000 	C:\Windows\SYSTEM32\DNSAPI.dll
0x06930000 - 0x069da000 	C:\Windows\libeay32.dll
0x069e0000 - 0x069ed000 	C:\binaries\libintl-2.dll
0x72ed0000 - 0x72ed6000 	C:\Windows\SYSTEM32\SHFOLDER.DLL
0x069f0000 - 0x06a16000 	C:\Windows\ssleay32.dll
0x06a20000 - 0x06a46000 	C:\binaries\libexpat.dll
0x60770000 - 0x60811000 	C:\Windows\SYSTEM32\ODBC32.dll
0x60760000 - 0x60767000 	C:\Windows\SYSTEM32\DCIMAN32.dll
0x663b0000 - 0x663db000 	C:\Windows\SYSTEM32\msls31.dll
0x06aa0000 - 0x06b7b000 	C:\binaries\libiconv-2.dll
0x6f600000 - 0x6f61d000 	C:\Windows\SYSTEM32\gpapi.dll
0x74530000 - 0x74556000 	C:\Windows\SYSTEM32\ntmarta.dll
0x57af0000 - 0x58398000 	C:\binaries\icudt46.dll
0x53850000 - 0x53979000 	C:\Windows\SYSTEM32\dbghelp.dll
0x72040000 - 0x72050000 	C:\Windows\system32\napinsp.dll
0x72020000 - 0x72034000 	C:\Windows\system32\pnrpnsp.dll
0x72010000 - 0x72020000 	C:\Windows\system32\NLAapi.dll
0x72000000 - 0x72009000 	C:\Windows\System32\winrnr.dll
0x71ac0000 - 0x71ad0000 	C:\Windows\system32\wshbth.dll
0x726a0000 - 0x726a7000 	C:\Windows\System32\rasadhlp.dll
0x71c30000 - 0x71c6f000 	C:\Windows\System32\fwpuclnt.dll
0x72cd0000 - 0x72cf0000 	C:\Windows\SYSTEM32\IPHLPAPI.DLL
0x72c40000 - 0x72c48000 	C:\Windows\SYSTEM32\WINNSI.DLL
0x730d0000 - 0x730ea000 	C:\Windows\SYSTEM32\CRYPTSP.dll
0x73090000 - 0x730ce000 	C:\Windows\system32\rsaenh.dll
0x72c30000 - 0x72c40000 	C:\Windows\SYSTEM32\dhcpcsvc6.DLL
0x72c10000 - 0x72c22000 	C:\Windows\SYSTEM32\dhcpcsvc.DLL
0x68440000 - 0x68465000 	C:\Program Files (x86)\Java\jre7\bin\jpeg.dll

VM Arguments:
jvm_args: -Dfile.encoding=ISO-8859-1 
java_command: com.nexusbr.gv.main.ConnectDBMain
Launcher Type: SUN_STANDARD

Environment Variables:
JAVA_HOME=C:\Program Files (x86)\Java\jre7
PATH=C:/Program Files (x86)/Java/jre7/bin/client;C:/Program Files (x86)/Java/jre7/bin;C:/Program Files (x86)/Java/jre7/lib/i386;C:\Program Files (x86)\PHP\;c:\Program Files (x86)\Intel\iCLS Client\;c:\Program Files\Intel\iCLS Client\;C:\Windows\system32;C:\Windows;C:\Windows\System32\Wbem;C:\Windows\System32\WindowsPowerShell\v1.0\;C:\Program Files\Intel\Intel(R) Management Engine Components\DAL;C:\Program Files\Intel\Intel(R) Management Engine Components\IPT;C:\Program Files (x86)\Intel\Intel(R) Management Engine Components\DAL;C:\Program Files (x86)\Intel\Intel(R) Management Engine Components\IPT;C:\Program Files (x86)\Intel\OpenCL SDK\3.0\bin\x86;C:\Program Files (x86)\Intel\OpenCL SDK\3.0\bin\x64;C:\Program Files (x86)\Windows Live\Shared;C:\binaries;c:\Program Files (x86)\Microsoft SQL Server\100\Tools\Binn\;c:\Program Files\Microsoft SQL Server\100\Tools\Binn\;c:\Program Files\Microsoft SQL Server\100\DTS\Binn\;C:\strawberry\c\bin;C:\strawberry\perl\site\bin;C:\strawberry\perl\bin;C:\Program Files (x86)\Microsoft SQL Server\110\Tools\Binn\ManagementStudio\;C:\Program Files (x86)\Microsoft SQL Server\110\Tools\Binn\;C:\Program Files\Microsoft SQL Server\110\Tools\Binn\;C:\Program Files (x86)\Microsoft SQL Server\110\DTS\Binn\;C:\Program Files\TortoiseSVN\bin;C:\Python34;C:\Program Files (x86)\Java\jre7\bin;C:\eclipse;
USERNAME=inacio
OS=Windows_NT
PROCESSOR_IDENTIFIER=Intel64 Family 6 Model 69 Stepping 1, GenuineIntel



---------------  S Y S T E M  ---------------

OS: Windows 8 , 64 bit Build 9200 

CPU:total 4 (2 cores per cpu, 2 threads per core) family 6 model 69 stepping 1, cmov, cx8, fxsr, mmx, sse, sse2, sse3, ssse3, sse4.1, sse4.2, popcnt, avx, avx2, aes, erms, ht, tsc, tscinvbit

Memory: 4k page, physical 8290700k(2508656k free), swap 9535884k(3654888k free)

vm_info: Java HotSpot(TM) Client VM (24.60-b09) for windows-x86 JRE (1.7.0_60-b19), built on May  7 2014 13:09:52 by "java_re" with unknown MS VC++:1600

time: Fri Jul 04 08:33:05 2014
elapsed time: 54 seconds

