#
# A fatal error has been detected by the Java Runtime Environment:
#
#  EXCEPTION_ACCESS_VIOLATION (0xc0000005) at pc=0x0fbf9052, pid=10496, tid=9252
#
# JRE version: Java(TM) SE Runtime Environment (7.0_60-b19) (build 1.7.0_60-b19)
# Java VM: Java HotSpot(TM) Client VM (24.60-b09 mixed mode, sharing windows-x86 )
# Problematic frame:
# C  [berkelium.dll+0xa39052]
#
# Failed to write core dump. Minidumps are not enabled by default on client versions of Windows
#
# If you would like to submit a bug report, please visit:
#   http://bugreport.sun.com/bugreport/crash.jsp
#

---------------  T H R E A D  ---------------

Current thread (0x0219fc00):  VMThread [stack: 0x043d0000,0x04420000] [id=9252]

siginfo: ExceptionCode=0xc0000005, reading address 0x000000f8

Registers:
EAX=0x0441f0f4, EBX=0x000493e0, ECX=0x0441f0f4, EDX=0x2a960238
ESP=0x0441f0e4, EBP=0x00000087, ESI=0x00000000, EDI=0x3c77a538
EIP=0x0fbf9052, EFLAGS=0x00010206

Top of Stack: (sp=0x0441f0e4)
0x0441f0e4:   06de3168 06de3168 06d3ab00 00000000
0x0441f0f4:   2a960238 00000087 06dd3a20 06ddc900
0x0441f104:   00000000 00000000 00000000 74616401
0x0441f114:   69642d61 07090072 00000023 0000002f
0x0441f124:   00000000 06d67070 002e5bf3 06de3000
0x0441f134:   06d3ab44 ffffff00 0f22bf20 10d49778
0x0441f144:   068b0030 00000000 0000000f 10d4a730
0x0441f154:   00000001 0f229783 00000008 00000001 

Instructions: (pc=0x0fbf9052)
0x0fbf9032:   03 00 00 57 53 e8 f4 c8 60 ff 8b ea 8d 54 24 10
0x0fbf9042:   52 8b f8 e8 26 ca 00 00 83 c4 04 03 38 13 68 04
0x0fbf9052:   8b 86 f8 00 00 00 0b 86 fc 00 00 00 89 7c 24 20
0x0fbf9062:   89 6c 24 24 75 3e 39 84 24 d4 00 00 00 7f 35 7c 


Register to memory mapping:

EAX=
[error occurred during error reporting (printing register info), id 0xc0000005]

Stack: [0x043d0000,0x04420000],  sp=0x0441f0e4,  free space=316k
Native frames: (J=compiled Java code, j=interpreted, Vv=VM code, C=native code)
C  [berkelium.dll+0xa39052]

VM_Operation (0x059ae6a0): Exit, mode: safepoint, requested by thread 0x02211c00


---------------  P R O C E S S  ---------------

Java Threads: ( => current thread )
  0x05665c00 JavaThread "Keep-Alive-Timer" daemon [_thread_blocked, id=7568, stack(0x07a90000,0x07ae0000)]
  0x05831000 JavaThread "WeakCollectionCleaner" daemon [_thread_blocked, id=9512, stack(0x09820000,0x09870000)]
  0x02213800 JavaThread "TimerQueue" daemon [_thread_blocked, id=5508, stack(0x07780000,0x077d0000)]
  0x02212800 JavaThread "DestroyJavaVM" [_thread_blocked, id=7592, stack(0x02070000,0x020c0000)]
  0x02211c00 JavaThread "AWT-EventQueue-0" [_thread_blocked, id=9696, stack(0x05960000,0x059b0000)]
  0x02212000 JavaThread "AWT-Shutdown" [_thread_blocked, id=9616, stack(0x05020000,0x05070000)]
  0x02211400 JavaThread "Java2D Disposer" daemon [_thread_blocked, id=3208, stack(0x04e50000,0x04ea0000)]
  0x02214800 JavaThread "Service Thread" daemon [_thread_blocked, id=11036, stack(0x04730000,0x04780000)]
  0x02218000 JavaThread "C1 CompilerThread0" daemon [_thread_blocked, id=5464, stack(0x046a0000,0x046f0000)]
  0x02212c00 JavaThread "Attach Listener" daemon [_thread_blocked, id=11028, stack(0x04610000,0x04660000)]
  0x02210c00 JavaThread "Signal Dispatcher" daemon [_thread_blocked, id=1240, stack(0x04580000,0x045d0000)]
  0x021a6000 JavaThread "Finalizer" daemon [_thread_blocked, id=3792, stack(0x044f0000,0x04540000)]
  0x021a1000 JavaThread "Reference Handler" daemon [_thread_blocked, id=8560, stack(0x04460000,0x044b0000)]

Other Threads:
=>0x0219fc00 VMThread [stack: 0x043d0000,0x04420000] [id=9252]

VM state:at safepoint (shutting down)

VM Mutex/Monitor currently owned by a thread:  ([mutex/lock_event])
[0x0217c468] Threads_lock - owner thread: 0x0219fc00

Heap
 def new generation   total 29376K, used 6887K [0x24000000, 0x25fe0000, 0x29550000)
  eden space 26112K,  13% used [0x24000000, 0x2438acf0, 0x25980000)
  from space 3264K,  99% used [0x25cb0000, 0x25fdf2f0, 0x25fe0000)
  to   space 3264K,   0% used [0x25980000, 0x25980000, 0x25cb0000)
 tenured generation   total 68744K, used 68620K [0x29550000, 0x2d872000, 0x34000000)
   the space 68744K,  99% used [0x29550000, 0x2d8531f8, 0x2d853200, 0x2d872000)
 compacting perm gen  total 12288K, used 8848K [0x34000000, 0x34c00000, 0x38000000)
   the space 12288K,  72% used [0x34000000, 0x348a4040, 0x348a4200, 0x34c00000)
    ro space 10240K,  42% used [0x38000000, 0x38434778, 0x38434800, 0x38a00000)
    rw space 12288K,  52% used [0x38a00000, 0x39049a68, 0x39049c00, 0x39600000)

Card table byte_map: [0x04280000,0x04330000] byte_map_base: 0x04160000

Polling page: 0x006d0000

Code Cache  [0x02280000, 0x02508000, 0x04280000)
 total_blobs=1599 nmethods=1310 adapters=225 free_code_cache=30182Kb largest_free_block=30906304

Compilation events (10 events):
Event: 19.798 Thread 0x02218000 1314  s          java.awt.geom.Path2D$Float::lineTo (58 bytes)
Event: 19.798 Thread 0x02218000 nmethod 1314 0x02503648 code [0x02503760, 0x025039dc]
Event: 19.863 Thread 0x02218000 1315             java.awt.geom.AffineTransform::transform (662 bytes)
Event: 19.865 Thread 0x02218000 nmethod 1315 0x02503b88 code [0x02503d40, 0x025046d4]
Event: 27.557 Thread 0x02218000 1317             br.org.funcate.glue.main.AppSingleton::getMediator (5 bytes)
Event: 27.557 Thread 0x02218000 nmethod 1317 0x02505d88 code [0x02505e80, 0x02505f00]
Event: 27.677 Thread 0x02218000 1318   !         java.awt.EventQueue::wakeup (79 bytes)
Event: 27.678 Thread 0x02218000 nmethod 1318 0x02505f48 code [0x025060c0, 0x02506320]
Event: 27.702 Thread 0x02218000 1319             java.util.HashSet::remove (20 bytes)
Event: 27.702 Thread 0x02218000 nmethod 1319 0x02506648 code [0x02506750, 0x025067fc]

GC Heap History (10 events):
Event: 16.490 GC heap before
{Heap before GC invocations=19 (full 5):
 def new generation   total 29376K, used 26074K [0x24000000, 0x25fe0000, 0x29550000)
  eden space 26112K,  99% used [0x24000000, 0x25976ac0, 0x25980000)
  from space 3264K,   0% used [0x25980000, 0x25980000, 0x25cb0000)
  to   space 3264K,   0% used [0x25cb0000, 0x25cb0000, 0x25fe0000)
 tenured generation   total 65044K, used 39024K [0x29550000, 0x2d4d5000, 0x34000000)
   the space 65044K,  59% used [0x29550000, 0x2bb6c280, 0x2bb6c400, 0x2d4d5000)
 compacting perm gen  total 12288K, used 8820K [0x34000000, 0x34c00000, 0x38000000)
   the space 12288K,  71% used [0x34000000, 0x3489d030, 0x3489d200, 0x34c00000)
    ro space 10240K,  42% used [0x38000000, 0x38434778, 0x38434800, 0x38a00000)
    rw space 12288K,  52% used [0x38a00000, 0x39049a68, 0x39049c00, 0x39600000)
Event: 16.493 GC heap after
Heap after GC invocations=20 (full 5):
 def new generation   total 29376K, used 3264K [0x24000000, 0x25fe0000, 0x29550000)
  eden space 26112K,   0% used [0x24000000, 0x24000000, 0x25980000)
  from space 3264K, 100% used [0x25cb0000, 0x25fe0000, 0x25fe0000)
  to   space 3264K,   0% used [0x25980000, 0x25980000, 0x25cb0000)
 tenured generation   total 65044K, used 39525K [0x29550000, 0x2d4d5000, 0x34000000)
   the space 65044K,  60% used [0x29550000, 0x2bbe95c8, 0x2bbe9600, 0x2d4d5000)
 compacting perm gen  total 12288K, used 8820K [0x34000000, 0x34c00000, 0x38000000)
   the space 12288K,  71% used [0x34000000, 0x3489d030, 0x3489d200, 0x34c00000)
    ro space 10240K,  42% used [0x38000000, 0x38434778, 0x38434800, 0x38a00000)
    rw space 12288K,  52% used [0x38a00000, 0x39049a68, 0x39049c00, 0x39600000)
}
Event: 16.642 GC heap before
{Heap before GC invocations=20 (full 5):
 def new generation   total 29376K, used 29250K [0x24000000, 0x25fe0000, 0x29550000)
  eden space 26112K,  99% used [0x24000000, 0x25960860, 0x25980000)
  from space 3264K, 100% used [0x25cb0000, 0x25fe0000, 0x25fe0000)
  to   space 3264K,   0% used [0x25980000, 0x25980000, 0x25cb0000)
 tenured generation   total 65044K, used 39525K [0x29550000, 0x2d4d5000, 0x34000000)
   the space 65044K,  60% used [0x29550000, 0x2bbe95c8, 0x2bbe9600, 0x2d4d5000)
 compacting perm gen  total 12288K, used 8821K [0x34000000, 0x34c00000, 0x38000000)
   the space 12288K,  71% used [0x34000000, 0x3489d400, 0x3489d400, 0x34c00000)
    ro space 10240K,  42% used [0x38000000, 0x38434778, 0x38434800, 0x38a00000)
    rw space 12288K,  52% used [0x38a00000, 0x39049a68, 0x39049c00, 0x39600000)
Event: 16.646 GC heap after
Heap after GC invocations=21 (full 5):
 def new generation   total 29376K, used 2092K [0x24000000, 0x25fe0000, 0x29550000)
  eden space 26112K,   0% used [0x24000000, 0x24000000, 0x25980000)
  from space 3264K,  64% used [0x25980000, 0x25b8b258, 0x25cb0000)
  to   space 3264K,   0% used [0x25cb0000, 0x25cb0000, 0x25fe0000)
 tenured generation   total 65044K, used 42754K [0x29550000, 0x2d4d5000, 0x34000000)
   the space 65044K,  65% used [0x29550000, 0x2bf109d8, 0x2bf10a00, 0x2d4d5000)
 compacting perm gen  total 12288K, used 8821K [0x34000000, 0x34c00000, 0x38000000)
   the space 12288K,  71% used [0x34000000, 0x3489d400, 0x3489d400, 0x34c00000)
    ro space 10240K,  42% used [0x38000000, 0x38434778, 0x38434800, 0x38a00000)
    rw space 12288K,  52% used [0x38a00000, 0x39049a68, 0x39049c00, 0x39600000)
}
Event: 16.843 GC heap before
{Heap before GC invocations=21 (full 5):
 def new generation   total 29376K, used 28460K [0x24000000, 0x25fe0000, 0x29550000)
  eden space 26112K, 100% used [0x24000000, 0x25980000, 0x25980000)
  from space 3264K,  71% used [0x25980000, 0x25bcb268, 0x25cb0000)
  to   space 3264K,   0% used [0x25cb0000, 0x25cb0000, 0x25fe0000)
 tenured generation   total 65044K, used 42754K [0x29550000, 0x2d4d5000, 0x34000000)
   the space 65044K,  65% used [0x29550000, 0x2bf109d8, 0x2bf10a00, 0x2d4d5000)
 compacting perm gen  total 12288K, used 8821K [0x34000000, 0x34c00000, 0x38000000)
   the space 12288K,  71% used [0x34000000, 0x3489d400, 0x3489d400, 0x34c00000)
    ro space 10240K,  42% used [0x38000000, 0x38434778, 0x38434800, 0x38a00000)
    rw space 12288K,  52% used [0x38a00000, 0x39049a68, 0x39049c00, 0x39600000)
Event: 16.847 GC heap after
Heap after GC invocations=22 (full 5):
 def new generation   total 29376K, used 3171K [0x24000000, 0x25fe0000, 0x29550000)
  eden space 26112K,   0% used [0x24000000, 0x24000000, 0x25980000)
  from space 3264K,  97% used [0x25cb0000, 0x25fc8d48, 0x25fe0000)
  to   space 3264K,   0% used [0x25980000, 0x25980000, 0x25cb0000)
 tenured generation   total 65044K, used 47579K [0x29550000, 0x2d4d5000, 0x34000000)
   the space 65044K,  73% used [0x29550000, 0x2c3c6c40, 0x2c3c6e00, 0x2d4d5000)
 compacting perm gen  total 12288K, used 8821K [0x34000000, 0x34c00000, 0x38000000)
   the space 12288K,  71% used [0x34000000, 0x3489d400, 0x3489d400, 0x34c00000)
    ro space 10240K,  42% used [0x38000000, 0x38434778, 0x38434800, 0x38a00000)
    rw space 12288K,  52% used [0x38a00000, 0x39049a68, 0x39049c00, 0x39600000)
}
Event: 18.708 GC heap before
{Heap before GC invocations=22 (full 5):
 def new generation   total 29376K, used 29074K [0x24000000, 0x25fe0000, 0x29550000)
  eden space 26112K,  99% used [0x24000000, 0x2594bcc0, 0x25980000)
  from space 3264K,  97% used [0x25cb0000, 0x25fc8d48, 0x25fe0000)
  to   space 3264K,   0% used [0x25980000, 0x25980000, 0x25cb0000)
 tenured generation   total 65044K, used 47579K [0x29550000, 0x2d4d5000, 0x34000000)
   the space 65044K,  73% used [0x29550000, 0x2c3c6c40, 0x2c3c6e00, 0x2d4d5000)
 compacting perm gen  total 12288K, used 8844K [0x34000000, 0x34c00000, 0x38000000)
   the space 12288K,  71% used [0x34000000, 0x348a31d0, 0x348a3200, 0x34c00000)
    ro space 10240K,  42% used [0x38000000, 0x38434778, 0x38434800, 0x38a00000)
    rw space 12288K,  52% used [0x38a00000, 0x39049a68, 0x39049c00, 0x39600000)
Event: 18.716 GC heap after
Heap after GC invocations=23 (full 5):
 def new generation   total 29376K, used 3263K [0x24000000, 0x25fe0000, 0x29550000)
  eden space 26112K,   0% used [0x24000000, 0x24000000, 0x25980000)
  from space 3264K,  99% used [0x25980000, 0x25cafd00, 0x25cb0000)
  to   space 3264K,   0% used [0x25cb0000, 0x25cb0000, 0x25fe0000)
 tenured generation   total 65044K, used 59790K [0x29550000, 0x2d4d5000, 0x34000000)
   the space 65044K,  91% used [0x29550000, 0x2cfb3bc0, 0x2cfb3c00, 0x2d4d5000)
 compacting perm gen  total 12288K, used 8844K [0x34000000, 0x34c00000, 0x38000000)
   the space 12288K,  71% used [0x34000000, 0x348a31d0, 0x348a3200, 0x34c00000)
    ro space 10240K,  42% used [0x38000000, 0x38434778, 0x38434800, 0x38a00000)
    rw space 12288K,  52% used [0x38a00000, 0x39049a68, 0x39049c00, 0x39600000)
}
Event: 19.774 GC heap before
{Heap before GC invocations=23 (full 5):
 def new generation   total 29376K, used 29288K [0x24000000, 0x25fe0000, 0x29550000)
  eden space 26112K,  99% used [0x24000000, 0x2596a3c0, 0x25980000)
  from space 3264K,  99% used [0x25980000, 0x25cafd00, 0x25cb0000)
  to   space 3264K,   0% used [0x25cb0000, 0x25cb0000, 0x25fe0000)
 tenured generation   total 65044K, used 60046K [0x29550000, 0x2d4d5000, 0x34000000)
   the space 65044K,  92% used [0x29550000, 0x2cff3bd0, 0x2cff3c00, 0x2d4d5000)
 compacting perm gen  total 12288K, used 8844K [0x34000000, 0x34c00000, 0x38000000)
   the space 12288K,  71% used [0x34000000, 0x348a31f0, 0x348a3200, 0x34c00000)
    ro space 10240K,  42% used [0x38000000, 0x38434778, 0x38434800, 0x38a00000)
    rw space 12288K,  52% used [0x38a00000, 0x39049a68, 0x39049c00, 0x39600000)
Event: 19.779 GC heap after
Heap after GC invocations=24 (full 5):
 def new generation   total 29376K, used 3260K [0x24000000, 0x25fe0000, 0x29550000)
  eden space 26112K,   0% used [0x24000000, 0x24000000, 0x25980000)
  from space 3264K,  99% used [0x25cb0000, 0x25fdf2f0, 0x25fe0000)
  to   space 3264K,   0% used [0x25980000, 0x25980000, 0x25cb0000)
 tenured generation   total 68744K, used 68620K [0x29550000, 0x2d872000, 0x34000000)
   the space 68744K,  99% used [0x29550000, 0x2d8531f8, 0x2d853200, 0x2d872000)
 compacting perm gen  total 12288K, used 8844K [0x34000000, 0x34c00000, 0x38000000)
   the space 12288K,  71% used [0x34000000, 0x348a31f0, 0x348a3200, 0x34c00000)
    ro space 10240K,  42% used [0x38000000, 0x38434778, 0x38434800, 0x38a00000)
    rw space 12288K,  52% used [0x38a00000, 0x39049a68, 0x39049c00, 0x39600000)
}

Deoptimization events (0 events):
No events

Internal exceptions (10 events):
Event: 16.499 Thread 0x05831c00 Threw 0x24082af8 at C:\re\jdk7u60\1081\hotspot\src\share\vm\prims\jni.cpp:743
Event: 16.499 Thread 0x05831c00 Threw 0x24082d68 at C:\re\jdk7u60\1081\hotspot\src\share\vm\prims\jni.cpp:743
Event: 17.001 Thread 0x05832400 Threw 0x243bec40 at C:\re\jdk7u60\1081\hotspot\src\share\vm\prims\jvm.cpp:2917
Event: 17.149 Thread 0x02211c00 Threw 0x243e9c80 at C:\re\jdk7u60\1081\hotspot\src\share\vm\prims\jvm.cpp:1244
Event: 17.150 Thread 0x02211c00 Threw 0x243ef3c0 at C:\re\jdk7u60\1081\hotspot\src\share\vm\prims\jvm.cpp:1244
Event: 18.180 Thread 0x0582c400 Threw 0x2545d408 at C:\re\jdk7u60\1081\hotspot\src\share\vm\prims\jvm.cpp:2917
Event: 18.209 Thread 0x0582f800 Threw 0x25482110 at C:\re\jdk7u60\1081\hotspot\src\share\vm\prims\jni.cpp:743
Event: 18.209 Thread 0x0582f800 Threw 0x25482380 at C:\re\jdk7u60\1081\hotspot\src\share\vm\prims\jni.cpp:743
Event: 18.209 Thread 0x0582f800 Threw 0x254825f0 at C:\re\jdk7u60\1081\hotspot\src\share\vm\prims\jni.cpp:743
Event: 19.895 Thread 0x05666000 Threw 0x24324278 at C:\re\jdk7u60\1081\hotspot\src\share\vm\prims\jvm.cpp:2917

Events (10 events):
Event: 28.061 Thread 0x0582e400 Thread exited: 0x0582e400
Event: 28.061 Thread 0x05830800 Thread exited: 0x05830800
Event: 28.061 loading class 0x39670c20
Event: 28.061 loading class 0x39670bc8
Event: 28.061 loading class 0x39670bc8 done
Event: 28.061 loading class 0x39670c20 done
Event: 28.061 Thread 0x05833000 Thread exited: 0x05833000
Event: 28.066 Thread 0x02214000 Thread exited: 0x02214000
Event: 28.162 Thread 0x05830400 Thread exited: 0x05830400
Event: 28.162 Executing VM operation: Exit


Dynamic libraries:
0x00a70000 - 0x00a9f000 	C:\Program Files (x86)\Java\jre7\bin\javaw.exe
0x76fe0000 - 0x77137000 	C:\Windows\SYSTEM32\ntdll.dll
0x74690000 - 0x747c0000 	C:\Windows\SYSTEM32\KERNEL32.DLL
0x76a80000 - 0x76b27000 	C:\Windows\SYSTEM32\KERNELBASE.dll
0x747c0000 - 0x7486e000 	C:\Windows\SYSTEM32\ADVAPI32.dll
0x764f0000 - 0x76606000 	C:\Windows\SYSTEM32\USER32.dll
0x73130000 - 0x73328000 	C:\Windows\WinSxS\x86_microsoft.windows.common-controls_6595b64144ccf1df_6.0.9200.16579_none_8937eec6860750f5\COMCTL32.dll
0x76000000 - 0x760b1000 	C:\Windows\SYSTEM32\msvcrt.dll
0x74870000 - 0x748a4000 	C:\Windows\SYSTEM32\sechost.dll
0x760c0000 - 0x7616c000 	C:\Windows\SYSTEM32\RPCRT4.dll
0x748b0000 - 0x749ad000 	C:\Windows\SYSTEM32\GDI32.dll
0x745d0000 - 0x745ed000 	C:\Windows\SYSTEM32\SspiCli.dll
0x745c0000 - 0x745c9000 	C:\Windows\SYSTEM32\CRYPTBASE.dll
0x74560000 - 0x745b1000 	C:\Windows\SYSTEM32\bcryptPrimitives.dll
0x762e0000 - 0x76300000 	C:\Windows\system32\IMM32.DLL
0x76680000 - 0x7675e000 	C:\Windows\SYSTEM32\MSCTF.dll
0x5e970000 - 0x5ea2f000 	C:\Program Files (x86)\Java\jre7\bin\msvcr100.dll
0x5e310000 - 0x5e698000 	C:\Program Files (x86)\Java\jre7\bin\client\jvm.dll
0x71c10000 - 0x71c18000 	C:\Windows\SYSTEM32\WSOCK32.dll
0x71fb0000 - 0x71fd1000 	C:\Windows\SYSTEM32\WINMM.dll
0x76300000 - 0x76306000 	C:\Windows\SYSTEM32\PSAPI.DLL
0x75f80000 - 0x75fd0000 	C:\Windows\SYSTEM32\WS2_32.dll
0x71c70000 - 0x71c9b000 	C:\Windows\SYSTEM32\WINMMBASE.dll
0x75ff0000 - 0x75ff8000 	C:\Windows\SYSTEM32\NSI.dll
0x76b30000 - 0x76b76000 	C:\Windows\SYSTEM32\cfgmgr32.dll
0x75f00000 - 0x75f1e000 	C:\Windows\SYSTEM32\DEVOBJ.dll
0x720a0000 - 0x720ac000 	C:\Program Files (x86)\Java\jre7\bin\verify.dll
0x70bb0000 - 0x70bd0000 	C:\Program Files (x86)\Java\jre7\bin\java.dll
0x70b90000 - 0x70ba3000 	C:\Program Files (x86)\Java\jre7\bin\zip.dll
0x6f490000 - 0x6f5d3000 	C:\Program Files (x86)\Java\jre7\bin\awt.dll
0x76c00000 - 0x76c8b000 	C:\Windows\SYSTEM32\OLEAUT32.dll
0x76de0000 - 0x76f16000 	C:\Windows\SYSTEM32\combase.dll
0x72dd0000 - 0x72e77000 	C:\Windows\system32\apphelp.dll
0x71a40000 - 0x71a59000 	C:\Windows\system32\DWMAPI.DLL
0x726b0000 - 0x72738000 	C:\Windows\system32\uxtheme.dll
0x76760000 - 0x76879000 	C:\Windows\SYSTEM32\ole32.dll
0x74da0000 - 0x75e66000 	C:\Windows\SYSTEM32\SHELL32.dll
0x75f40000 - 0x75f80000 	C:\Windows\SYSTEM32\SHLWAPI.dll
0x73330000 - 0x733a3000 	C:\Windows\SYSTEM32\shcore.dll
0x718b0000 - 0x718e9000 	C:\Program Files (x86)\Java\jre7\bin\fontmanager.dll
0x6f250000 - 0x6f264000 	C:\Program Files (x86)\Java\jre7\bin\net.dll
0x72e80000 - 0x72eca000 	C:\Windows\system32\mswsock.dll
0x718a0000 - 0x718af000 	C:\Program Files (x86)\Java\jre7\bin\nio.dll
0x706d0000 - 0x70700000 	C:\Program Files (x86)\Java\jre7\bin\t2k.dll
0x76b80000 - 0x76bf4000 	C:\Windows\SYSTEM32\clbcatq.dll
0x6a8a0000 - 0x6a9eb000 	C:\Windows\SYSTEM32\WindowsCodecs.dll
0x76dc0000 - 0x76dd1000 	C:\Windows\SYSTEM32\profapi.dll
0x68440000 - 0x68464000 	C:\Program Files (x86)\Java\jre7\bin\dcpr.dll
0x5e900000 - 0x5e96d000 	C:\binaries\terrajava.dll
0x5e220000 - 0x5e307000 	C:\binaries\terramanager-funcate.dll
0x59300000 - 0x59ba6000 	C:\binaries\terralib.dll
0x64af0000 - 0x64b59000 	C:\Windows\SYSTEM32\MSVCP100.dll
0x6d880000 - 0x6db4c000 	C:\binaries\bgd.dll
0x66b80000 - 0x66b9b000 	C:\binaries\terraogc_xml.dll
0x60460000 - 0x6047d000 	C:\binaries\terraogc_sld.dll
0x5f9a0000 - 0x5f9c6000 	C:\binaries\terraogc_se.dll
0x5e8c0000 - 0x5e8f6000 	C:\binaries\terraogc_filter.dll
0x5e1c0000 - 0x5e212000 	C:\binaries\terraogc_ows.dll
0x5f980000 - 0x5f999000 	C:\binaries\terraogc_common.dll
0x684c0000 - 0x684cb000 	C:\binaries\terralib_shp.dll
0x60450000 - 0x6045e000 	C:\binaries\terralib_spl.dll
0x05f00000 - 0x062f6000 	C:\binaries\qt-mt338.dll
0x613d0000 - 0x6149e000 	C:\Windows\SYSTEM32\OPENGL32.dll
0x613a0000 - 0x613c3000 	C:\Windows\SYSTEM32\GLU32.dll
0x5e140000 - 0x5e1bf000 	C:\binaries\qwt500.dll
0x0f1c0000 - 0x111bf000 	C:\binaries\berkelium.dll
0x06300000 - 0x06441000 	C:\binaries\LIBMYSQL.dll
0x63100000 - 0x63121000 	C:\binaries\LIBPQ.dll
0x06450000 - 0x064b1000 	C:\binaries\OCI.dll
0x5da30000 - 0x5daba000 	C:\binaries\libtiff.dll
0x56580000 - 0x56d52000 	C:\binaries\gdal110.dll
0x12000000 - 0x121dc000 	C:\binaries\xerces-c_3_1.dll
0x592a0000 - 0x592f5000 	C:\binaries\terraogc_wms.dll
0x59240000 - 0x59293000 	C:\binaries\terraogc_gml.dll
0x5e0f0000 - 0x5e131000 	C:\binaries\terraogc_xsd.dll
0x5a810000 - 0x5a830000 	C:\binaries\terraogc_xacml.dll
0x71f30000 - 0x71f90000 	C:\Windows\SYSTEM32\WINSPOOL.DRV
0x7c340000 - 0x7c396000 	C:\Windows\SYSTEM32\MSVCR71.dll
0x608a0000 - 0x60979000 	C:\Windows\SYSTEM32\DDRAW.dll
0x727a0000 - 0x727a9000 	C:\Windows\SYSTEM32\Secur32.dll
0x75f20000 - 0x75f3b000 	C:\Windows\SYSTEM32\USERENV.dll
0x71520000 - 0x71570000 	C:\Windows\SYSTEM32\OLEACC.dll
0x54200000 - 0x54276000 	C:\Windows\SYSTEM32\RICHED20.dll
0x72ee0000 - 0x72ee8000 	C:\Windows\SYSTEM32\VERSION.dll
0x720b0000 - 0x720c4000 	C:\Windows\SYSTEM32\USP10.dll
0x72c50000 - 0x72cc5000 	C:\Windows\SYSTEM32\DNSAPI.dll
0x06560000 - 0x0660a000 	C:\Windows\libeay32.dll
0x06610000 - 0x0661d000 	C:\binaries\libintl-2.dll
0x72ed0000 - 0x72ed6000 	C:\Windows\SYSTEM32\SHFOLDER.DLL
0x06620000 - 0x06646000 	C:\Windows\ssleay32.dll
0x06650000 - 0x06676000 	C:\binaries\libexpat.dll
0x60770000 - 0x60811000 	C:\Windows\SYSTEM32\ODBC32.dll
0x60760000 - 0x60767000 	C:\Windows\SYSTEM32\DCIMAN32.dll
0x663b0000 - 0x663db000 	C:\Windows\SYSTEM32\msls31.dll
0x066d0000 - 0x067ab000 	C:\binaries\libiconv-2.dll
0x6f600000 - 0x6f61d000 	C:\Windows\SYSTEM32\gpapi.dll
0x74530000 - 0x74556000 	C:\Windows\SYSTEM32\ntmarta.dll
0x54e60000 - 0x55708000 	C:\binaries\icudt46.dll
0x53850000 - 0x53979000 	C:\Windows\SYSTEM32\dbghelp.dll
0x72040000 - 0x72050000 	C:\Windows\system32\napinsp.dll
0x72020000 - 0x72034000 	C:\Windows\system32\pnrpnsp.dll
0x72010000 - 0x72020000 	C:\Windows\system32\NLAapi.dll
0x72000000 - 0x72009000 	C:\Windows\System32\winrnr.dll
0x71ac0000 - 0x71ad0000 	C:\Windows\system32\wshbth.dll
0x726a0000 - 0x726a7000 	C:\Windows\System32\rasadhlp.dll
0x71c30000 - 0x71c6f000 	C:\Windows\System32\fwpuclnt.dll
0x72cd0000 - 0x72cf0000 	C:\Windows\SYSTEM32\IPHLPAPI.DLL
0x72c40000 - 0x72c48000 	C:\Windows\SYSTEM32\WINNSI.DLL
0x730d0000 - 0x730ea000 	C:\Windows\SYSTEM32\CRYPTSP.dll
0x73090000 - 0x730ce000 	C:\Windows\system32\rsaenh.dll
0x72c30000 - 0x72c40000 	C:\Windows\SYSTEM32\dhcpcsvc6.DLL
0x72c10000 - 0x72c22000 	C:\Windows\SYSTEM32\dhcpcsvc.DLL
0x59210000 - 0x59235000 	C:\Program Files (x86)\Java\jre7\bin\jpeg.dll

VM Arguments:
jvm_args: -Dfile.encoding=ISO-8859-1 
java_command: com.nexusbr.gv.main.ConnectDBMain
Launcher Type: SUN_STANDARD

Environment Variables:
JAVA_HOME=C:\Program Files (x86)\Java\jre7
PATH=C:/Program Files (x86)/Java/jre7/bin/client;C:/Program Files (x86)/Java/jre7/bin;C:/Program Files (x86)/Java/jre7/lib/i386;C:\Program Files (x86)\PHP\;c:\Program Files (x86)\Intel\iCLS Client\;c:\Program Files\Intel\iCLS Client\;C:\Windows\system32;C:\Windows;C:\Windows\System32\Wbem;C:\Windows\System32\WindowsPowerShell\v1.0\;C:\Program Files\Intel\Intel(R) Management Engine Components\DAL;C:\Program Files\Intel\Intel(R) Management Engine Components\IPT;C:\Program Files (x86)\Intel\Intel(R) Management Engine Components\DAL;C:\Program Files (x86)\Intel\Intel(R) Management Engine Components\IPT;C:\Program Files (x86)\Intel\OpenCL SDK\3.0\bin\x86;C:\Program Files (x86)\Intel\OpenCL SDK\3.0\bin\x64;C:\Program Files (x86)\Windows Live\Shared;C:\binaries;c:\Program Files (x86)\Microsoft SQL Server\100\Tools\Binn\;c:\Program Files\Microsoft SQL Server\100\Tools\Binn\;c:\Program Files\Microsoft SQL Server\100\DTS\Binn\;C:\strawberry\c\bin;C:\strawberry\perl\site\bin;C:\strawberry\perl\bin;C:\Program Files (x86)\Microsoft SQL Server\110\Tools\Binn\ManagementStudio\;C:\Program Files (x86)\Microsoft SQL Server\110\Tools\Binn\;C:\Program Files\Microsoft SQL Server\110\Tools\Binn\;C:\Program Files (x86)\Microsoft SQL Server\110\DTS\Binn\;C:\Program Files\TortoiseSVN\bin;C:\Python34;C:\Program Files (x86)\Java\jre7\bin;C:\eclipse;
USERNAME=inacio
OS=Windows_NT
PROCESSOR_IDENTIFIER=Intel64 Family 6 Model 69 Stepping 1, GenuineIntel



---------------  S Y S T E M  ---------------

OS: Windows 8 , 64 bit Build 9200 

CPU:total 4 (2 cores per cpu, 2 threads per core) family 6 model 69 stepping 1, cmov, cx8, fxsr, mmx, sse, sse2, sse3, ssse3, sse4.1, sse4.2, popcnt, avx, avx2, aes, erms, ht, tsc, tscinvbit

Memory: 4k page, physical 8290700k(2448484k free), swap 9535884k(3555668k free)

vm_info: Java HotSpot(TM) Client VM (24.60-b09) for windows-x86 JRE (1.7.0_60-b19), built on May  7 2014 13:09:52 by "java_re" with unknown MS VC++:1600

time: Fri Jul 04 09:08:03 2014
elapsed time: 28 seconds

