#
# A fatal error has been detected by the Java Runtime Environment:
#
#  EXCEPTION_ACCESS_VIOLATION (0xc0000005) at pc=0x1aab9052, pid=4696, tid=3860
#
# JRE version: Java(TM) SE Runtime Environment (7.0_60-b19) (build 1.7.0_60-b19)
# Java VM: Java HotSpot(TM) Client VM (24.60-b09 mixed mode windows-x86 )
# Problematic frame:
# C  [berkelium.dll+0xa39052]
#
# Failed to write core dump. Minidumps are not enabled by default on client versions of Windows
#
# If you would like to submit a bug report, please visit:
#   http://bugreport.sun.com/bugreport/crash.jsp
#

---------------  T H R E A D  ---------------

Current thread (0x022b3800):  VMThread [stack: 0x04370000,0x043c0000] [id=3860]

siginfo: ExceptionCode=0xc0000005, reading address 0x000000f8

Registers:
EAX=0x043bf2b4, EBX=0x000493e0, ECX=0x043bf2b4, EDX=0x66020790
ESP=0x043bf2a4, EBP=0x00000087, ESI=0x00000000, EDI=0x77e3aa90
EIP=0x1aab9052, EFLAGS=0x00010206

Top of Stack: (sp=0x043bf2a4)
0x043bf2a4:   1cd36168 1cd36168 1cc8ab00 00000000
0x043bf2b4:   66020790 00000087 1cd23a20 1cd2c900
0x043bf2c4:   00000000 00000000 00000000 74616401
0x043bf2d4:   69642d61 1cfb0072 00000023 0000002f
0x043bf2e4:   00000000 1ccb7070 002e5bf3 1cd36000
0x043bf2f4:   1cc8ab44 ffffff00 1a0ebf20 1bc09778
0x043bf304:   1c7e0030 00000000 0000000f 1bc0a730
0x043bf314:   00000001 1a0e9783 00000008 00000001 

Instructions: (pc=0x1aab9052)
0x1aab9032:   03 00 00 57 53 e8 f4 c8 60 ff 8b ea 8d 54 24 10
0x1aab9042:   52 8b f8 e8 26 ca 00 00 83 c4 04 03 38 13 68 04
0x1aab9052:   8b 86 f8 00 00 00 0b 86 fc 00 00 00 89 7c 24 20
0x1aab9062:   89 6c 24 24 75 3e 39 84 24 d4 00 00 00 7f 35 7c 


Register to memory mapping:

EAX=
[error occurred during error reporting (printing register info), id 0xc0000005]

Stack: [0x04370000,0x043c0000],  sp=0x043bf2a4,  free space=316k
Native frames: (J=compiled Java code, j=interpreted, Vv=VM code, C=native code)
C  [berkelium.dll+0xa39052]

VM_Operation (0x19e2e430): Exit, mode: safepoint, requested by thread 0x19013c00


---------------  P R O C E S S  ---------------

Java Threads: ( => current thread )
  0x190c9400 JavaThread "Keep-Alive-Timer" daemon [_thread_blocked, id=10016, stack(0x1f9f0000,0x1fa40000)]
  0x190cc400 JavaThread "Image Fetcher 3" daemon [_thread_blocked, id=7864, stack(0x21500000,0x21550000)]
  0x190ccc00 JavaThread "Image Fetcher 1" daemon [_thread_blocked, id=8444, stack(0x21470000,0x214c0000)]
  0x190cb800 JavaThread "Image Fetcher 0" daemon [_thread_blocked, id=10348, stack(0x213e0000,0x21430000)]
  0x1e1a6000 JavaThread "Thread-53" [_thread_blocked, id=3668, stack(0x1f8d0000,0x1f920000)]
  0x1e1fa000 JavaThread "Thread-52" [_thread_blocked, id=6060, stack(0x1f840000,0x1f890000)]
  0x1e1f9c00 JavaThread "Thread-51" [_thread_blocked, id=10528, stack(0x1f7b0000,0x1f800000)]
  0x1e1fa800 JavaThread "Thread-50" [_thread_blocked, id=7100, stack(0x1f720000,0x1f770000)]
  0x1e1fc800 JavaThread "Thread-49" [_thread_blocked, id=7808, stack(0x1f690000,0x1f6e0000)]
  0x1e1f9400 JavaThread "Thread-48" [_thread_blocked, id=9512, stack(0x1f600000,0x1f650000)]
  0x1e1fc000 JavaThread "Thread-47" [_thread_blocked, id=10472, stack(0x1f570000,0x1f5c0000)]
  0x1e1fb800 JavaThread "Thread-46" [_thread_blocked, id=10264, stack(0x1f4e0000,0x1f530000)]
  0x1e1fac00 JavaThread "Thread-45" [_thread_blocked, id=9900, stack(0x1f450000,0x1f4a0000)]
  0x1e1f8c00 JavaThread "Thread-44" [_thread_blocked, id=10844, stack(0x1f3c0000,0x1f410000)]
  0x1e1fb400 JavaThread "Thread-43" [_thread_blocked, id=5508, stack(0x1f330000,0x1f380000)]
  0x1de87c00 JavaThread "Thread-42" [_thread_blocked, id=248, stack(0x1f2a0000,0x1f2f0000)]
  0x1de86c00 JavaThread "Thread-41" [_thread_blocked, id=10824, stack(0x1f210000,0x1f260000)]
  0x1de86800 JavaThread "Thread-40" [_thread_blocked, id=4068, stack(0x1f180000,0x1f1d0000)]
  0x1de86000 JavaThread "Thread-39" [_thread_blocked, id=3536, stack(0x1f0f0000,0x1f140000)]
  0x1e221c00 JavaThread "Thread-38" [_thread_blocked, id=10604, stack(0x1f060000,0x1f0b0000)]
  0x1e221400 JavaThread "Thread-37" [_thread_blocked, id=7348, stack(0x1efd0000,0x1f020000)]
  0x1e222800 JavaThread "Thread-36" [_thread_blocked, id=5112, stack(0x1ef40000,0x1ef90000)]
  0x1e220800 JavaThread "Thread-35" [_thread_blocked, id=9788, stack(0x1eeb0000,0x1ef00000)]
  0x1e222000 JavaThread "Thread-34" [_thread_blocked, id=1848, stack(0x1e820000,0x1e870000)]
  0x1e220000 JavaThread "Thread-33" [_thread_blocked, id=3656, stack(0x1d9d0000,0x1da20000)]
  0x1e223800 JavaThread "Thread-32" [_thread_blocked, id=9180, stack(0x1d920000,0x1d970000)]
  0x1e222c00 JavaThread "Thread-31" [_thread_blocked, id=5204, stack(0x1d890000,0x1d8e0000)]
  0x1e220c00 JavaThread "Thread-30" [_thread_blocked, id=3644, stack(0x1d770000,0x1d7c0000)]
  0x1e223400 JavaThread "Image Fetcher 2" daemon [_thread_blocked, id=3784, stack(0x1d800000,0x1d850000)]
  0x1de87400 JavaThread "WeakCollectionCleaner" daemon [_thread_blocked, id=4248, stack(0x1d6e0000,0x1d730000)]
  0x1df0c000 JavaThread "TimerQueue" daemon [_thread_blocked, id=7832, stack(0x1d650000,0x1d6a0000)]
  0x192ce800 JavaThread "Image Animator 3" daemon [_thread_blocked, id=10320, stack(0x1d580000,0x1d5d0000)]
  0x007de400 JavaThread "DestroyJavaVM" [_thread_blocked, id=10764, stack(0x00730000,0x00780000)]
  0x19013c00 JavaThread "AWT-EventQueue-0" [_thread_blocked, id=7812, stack(0x19de0000,0x19e30000)]
  0x186d3400 JavaThread "AWT-Shutdown" [_thread_blocked, id=8888, stack(0x198b0000,0x19900000)]
  0x18fb3800 JavaThread "Java2D Disposer" daemon [_thread_blocked, id=7052, stack(0x196e0000,0x19730000)]
  0x1851e000 JavaThread "Service Thread" daemon [_thread_blocked, id=8548, stack(0x18df0000,0x18e40000)]
  0x1851b800 JavaThread "C1 CompilerThread0" daemon [_thread_blocked, id=6096, stack(0x18d60000,0x18db0000)]
  0x1850f800 JavaThread "JDWP Command Reader" daemon [_thread_blocked, id=10976, stack(0x18cd0000,0x18d20000)]
  0x1850a000 JavaThread "JDWP Event Helper Thread" daemon [_thread_blocked, id=8680, stack(0x18c40000,0x18c90000)]
  0x18507400 JavaThread "JDWP Transport Listener: dt_socket" daemon [_thread_blocked, id=7036, stack(0x18bb0000,0x18c00000)]
  0x184fb000 JavaThread "Attach Listener" daemon [_thread_blocked, id=8496, stack(0x187b0000,0x18800000)]
  0x184f8c00 JavaThread "Signal Dispatcher" daemon [_thread_blocked, id=11176, stack(0x18720000,0x18770000)]
  0x022bb800 JavaThread "Finalizer" daemon [_thread_blocked, id=9504, stack(0x18490000,0x184e0000)]
  0x022b6800 JavaThread "Reference Handler" daemon [_thread_blocked, id=5416, stack(0x18400000,0x18450000)]

Other Threads:
=>0x022b3800 VMThread [stack: 0x04370000,0x043c0000] [id=3860]

VM state:at safepoint (shutting down)

VM Mutex/Monitor currently owned by a thread:  ([mutex/lock_event])
[0x007dcba0] Threads_lock - owner thread: 0x022b3800

Heap
 def new generation   total 21312K, used 3803K [0x04400000, 0x05b20000, 0x09950000)
  eden space 18944K,   7% used [0x04400000, 0x04566f70, 0x05680000)
  from space 2368K, 100% used [0x05680000, 0x058d0000, 0x058d0000)
  to   space 2368K,   0% used [0x058d0000, 0x058d0000, 0x05b20000)
 tenured generation   total 46960K, used 39479K [0x09950000, 0x0c72c000, 0x14400000)
   the space 46960K,  84% used [0x09950000, 0x0bfddd00, 0x0bfdde00, 0x0c72c000)
 compacting perm gen  total 16128K, used 16068K [0x14400000, 0x153c0000, 0x18400000)
   the space 16128K,  99% used [0x14400000, 0x153b1328, 0x153b1400, 0x153c0000)
No shared spaces configured.

Card table byte_map: [0x042c0000,0x04370000] byte_map_base: 0x0429e000

Polling page: 0x00670000

Code Cache  [0x022c0000, 0x024c8000, 0x042c0000)
 total_blobs=1173 nmethods=896 adapters=221 free_code_cache=30713Kb largest_free_block=31450048

Compilation events (10 events):
Event: 9.153 Thread 0x1851b800  902             sun.util.locale.BaseLocale::getLanguage (5 bytes)
Event: 9.153 Thread 0x1851b800 nmethod 902 0x024c1188 code [0x024c1280, 0x024c1300]
Event: 9.153 Thread 0x1851b800  903             sun.java2d.loops.CompositeType::equals (29 bytes)
Event: 9.153 Thread 0x1851b800 nmethod 903 0x024c1348 code [0x024c1440, 0x024c1540]
Event: 9.154 Thread 0x1851b800  904             sun.util.calendar.BaseCalendar::isLeapYear (5 bytes)
Event: 9.154 Thread 0x1851b800 nmethod 904 0x024c15c8 code [0x024c16c0, 0x024c17f0]
Event: 9.154 Thread 0x1851b800  905             sun.util.calendar.Gregorian$Date::getNormalizedYear (5 bytes)
Event: 9.154 Thread 0x1851b800 nmethod 905 0x024c18c8 code [0x024c19c0, 0x024c1a40]
Event: 9.154 Thread 0x1851b800  906             br.org.funcate.glue.model.Box::getY1 (5 bytes)
Event: 9.154 Thread 0x1851b800 nmethod 906 0x024c1a88 code [0x024c1b80, 0x024c1c00]

GC Heap History (10 events):
Event: 4.868 GC heap before
{Heap before GC invocations=14 (full 3):
 def new generation   total 14336K, used 12729K [0x04400000, 0x05380000, 0x09950000)
  eden space 12800K,  99% used [0x04400000, 0x0506e520, 0x05080000)
  from space 1536K,   0% used [0x05080000, 0x05080000, 0x05200000)
  to   space 1536K,   0% used [0x05200000, 0x05200000, 0x05380000)
 tenured generation   total 31592K, used 18954K [0x09950000, 0x0b82a000, 0x14400000)
   the space 31592K,  59% used [0x09950000, 0x0abd2858, 0x0abd2a00, 0x0b82a000)
 compacting perm gen  total 15872K, used 15727K [0x14400000, 0x15380000, 0x18400000)
   the space 15872K,  99% used [0x14400000, 0x1535bdf8, 0x1535be00, 0x15380000)
No shared spaces configured.
Event: 4.871 GC heap after
Heap after GC invocations=15 (full 3):
 def new generation   total 14336K, used 202K [0x04400000, 0x05380000, 0x09950000)
  eden space 12800K,   0% used [0x04400000, 0x04400000, 0x05080000)
  from space 1536K,  13% used [0x05200000, 0x05232a80, 0x05380000)
  to   space 1536K,   0% used [0x05080000, 0x05080000, 0x05200000)
 tenured generation   total 31592K, used 30591K [0x09950000, 0x0b82a000, 0x14400000)
   the space 31592K,  96% used [0x09950000, 0x0b72fd68, 0x0b72fe00, 0x0b82a000)
 compacting perm gen  total 15872K, used 15727K [0x14400000, 0x15380000, 0x18400000)
   the space 15872K,  99% used [0x14400000, 0x1535bdf8, 0x1535be00, 0x15380000)
No shared spaces configured.
}
Event: 5.252 GC heap before
{Heap before GC invocations=15 (full 3):
 def new generation   total 14336K, used 13003K [0x04400000, 0x05380000, 0x09950000)
  eden space 12800K, 100% used [0x04400000, 0x05080000, 0x05080000)
  from space 1536K,  13% used [0x05200000, 0x05232d90, 0x05380000)
  to   space 1536K,   0% used [0x05080000, 0x05080000, 0x05200000)
 tenured generation   total 31592K, used 30591K [0x09950000, 0x0b82a000, 0x14400000)
   the space 31592K,  96% used [0x09950000, 0x0b72fd68, 0x0b72fe00, 0x0b82a000)
 compacting perm gen  total 15872K, used 15727K [0x14400000, 0x15380000, 0x18400000)
   the space 15872K,  99% used [0x14400000, 0x1535be58, 0x1535c000, 0x15380000)
No shared spaces configured.
Event: 5.260 GC heap after
Heap after GC invocations=16 (full 3):
 def new generation   total 14336K, used 1275K [0x04400000, 0x05380000, 0x09950000)
  eden space 12800K,   0% used [0x04400000, 0x04400000, 0x05080000)
  from space 1536K,  83% used [0x05080000, 0x051beec0, 0x05200000)
  to   space 1536K,   0% used [0x05200000, 0x05200000, 0x05380000)
 tenured generation   total 41536K, used 40529K [0x09950000, 0x0c1e0000, 0x14400000)
   the space 41536K,  97% used [0x09950000, 0x0c0e4680, 0x0c0e4800, 0x0c1e0000)
 compacting perm gen  total 15872K, used 15727K [0x14400000, 0x15380000, 0x18400000)
   the space 15872K,  99% used [0x14400000, 0x1535be58, 0x1535c000, 0x15380000)
No shared spaces configured.
}
Event: 9.013 GC heap before
{Heap before GC invocations=16 (full 3):
 def new generation   total 14336K, used 14245K [0x04400000, 0x05380000, 0x09950000)
  eden space 12800K,  99% used [0x04400000, 0x0506a820, 0x05080000)
  from space 1536K,  99% used [0x05080000, 0x051feed0, 0x05200000)
  to   space 1536K,   0% used [0x05200000, 0x05200000, 0x05380000)
 tenured generation   total 41536K, used 40529K [0x09950000, 0x0c1e0000, 0x14400000)
   the space 41536K,  97% used [0x09950000, 0x0c0e4680, 0x0c0e4800, 0x0c1e0000)
 compacting perm gen  total 16128K, used 16065K [0x14400000, 0x153c0000, 0x18400000)
   the space 16128K,  99% used [0x14400000, 0x153b04e8, 0x153b0600, 0x153c0000)
No shared spaces configured.
Event: 9.075 GC heap after
Heap after GC invocations=17 (full 4):
 def new generation   total 21312K, used 0K [0x04400000, 0x05b20000, 0x09950000)
  eden space 18944K,   0% used [0x04400000, 0x04400000, 0x05680000)
  from space 2368K,   0% used [0x05680000, 0x05680000, 0x058d0000)
  to   space 2368K,   0% used [0x058d0000, 0x058d0000, 0x05b20000)
 tenured generation   total 46960K, used 28174K [0x09950000, 0x0c72c000, 0x14400000)
   the space 46960K,  59% used [0x09950000, 0x0b4d3bb8, 0x0b4d3c00, 0x0c72c000)
 compacting perm gen  total 16128K, used 16054K [0x14400000, 0x153c0000, 0x18400000)
   the space 16128K,  99% used [0x14400000, 0x153adba0, 0x153adc00, 0x153c0000)
No shared spaces configured.
}
Event: 9.076 GC heap before
{Heap before GC invocations=17 (full 4):
 def new generation   total 21312K, used 466K [0x04400000, 0x05b20000, 0x09950000)
  eden space 18944K,   2% used [0x04400000, 0x04474820, 0x05680000)
  from space 2368K,   0% used [0x05680000, 0x05680000, 0x058d0000)
  to   space 2368K,   0% used [0x058d0000, 0x058d0000, 0x05b20000)
 tenured generation   total 46960K, used 28174K [0x09950000, 0x0c72c000, 0x14400000)
   the space 46960K,  59% used [0x09950000, 0x0b4d3bb8, 0x0b4d3c00, 0x0c72c000)
 compacting perm gen  total 16128K, used 16054K [0x14400000, 0x153c0000, 0x18400000)
   the space 16128K,  99% used [0x14400000, 0x153adba0, 0x153adc00, 0x153c0000)
No shared spaces configured.
Event: 9.077 GC heap after
Heap after GC invocations=18 (full 4):
 def new generation   total 21312K, used 275K [0x04400000, 0x05b20000, 0x09950000)
  eden space 18944K,   0% used [0x04400000, 0x04400000, 0x05680000)
  from space 2368K,  11% used [0x058d0000, 0x05914d68, 0x05b20000)
  to   space 2368K,   0% used [0x05680000, 0x05680000, 0x058d0000)
 tenured generation   total 46960K, used 28174K [0x09950000, 0x0c72c000, 0x14400000)
   the space 46960K,  59% used [0x09950000, 0x0b4d3bb8, 0x0b4d3c00, 0x0c72c000)
 compacting perm gen  total 16128K, used 16054K [0x14400000, 0x153c0000, 0x18400000)
   the space 16128K,  99% used [0x14400000, 0x153adba0, 0x153adc00, 0x153c0000)
No shared spaces configured.
}
Event: 9.131 GC heap before
{Heap before GC invocations=18 (full 4):
 def new generation   total 21312K, used 19482K [0x04400000, 0x05b20000, 0x09950000)
  eden space 18944K, 100% used [0x04400000, 0x05680000, 0x05680000)
  from space 2368K,  22% used [0x058d0000, 0x05956a80, 0x05b20000)
  to   space 2368K,   0% used [0x05680000, 0x05680000, 0x058d0000)
 tenured generation   total 46960K, used 28174K [0x09950000, 0x0c72c000, 0x14400000)
   the space 46960K,  59% used [0x09950000, 0x0b4d3bb8, 0x0b4d3c00, 0x0c72c000)
 compacting perm gen  total 16128K, used 16064K [0x14400000, 0x153c0000, 0x18400000)
   the space 16128K,  99% used [0x14400000, 0x153b0338, 0x153b0400, 0x153c0000)
No shared spaces configured.
Event: 9.137 GC heap after
Heap after GC invocations=19 (full 4):
 def new generation   total 21312K, used 2368K [0x04400000, 0x05b20000, 0x09950000)
  eden space 18944K,   0% used [0x04400000, 0x04400000, 0x05680000)
  from space 2368K, 100% used [0x05680000, 0x058d0000, 0x058d0000)
  to   space 2368K,   0% used [0x058d0000, 0x058d0000, 0x05b20000)
 tenured generation   total 46960K, used 39479K [0x09950000, 0x0c72c000, 0x14400000)
   the space 46960K,  84% used [0x09950000, 0x0bfddd00, 0x0bfdde00, 0x0c72c000)
 compacting perm gen  total 16128K, used 16064K [0x14400000, 0x153c0000, 0x18400000)
   the space 16128K,  99% used [0x14400000, 0x153b0338, 0x153b0400, 0x153c0000)
No shared spaces configured.
}

Deoptimization events (0 events):
No events

Internal exceptions (10 events):
Event: 5.854 Thread 0x19013c00 Threw 0x0469f0b0 at C:\re\jdk7u60\1081\hotspot\src\share\vm\prims\jvm.cpp:1244
Event: 7.256 Thread 0x19013c00 Threw 0x04754270 at C:\re\jdk7u60\1081\hotspot\src\share\vm\prims\jvm.cpp:1244
Event: 7.257 Thread 0x19013c00 Threw 0x0475b050 at C:\re\jdk7u60\1081\hotspot\src\share\vm\prims\jvm.cpp:1244
Event: 7.258 Thread 0x19013c00 Threw 0x04760458 at C:\re\jdk7u60\1081\hotspot\src\share\vm\prims\jvm.cpp:1244
Event: 7.259 Thread 0x19013c00 Threw 0x04765860 at C:\re\jdk7u60\1081\hotspot\src\share\vm\prims\jvm.cpp:1244
Event: 7.260 Thread 0x19013c00 Threw 0x0476ac80 at C:\re\jdk7u60\1081\hotspot\src\share\vm\prims\jvm.cpp:1244
Event: 7.261 Thread 0x19013c00 Threw 0x047700f8 at C:\re\jdk7u60\1081\hotspot\src\share\vm\prims\jvm.cpp:1244
Event: 7.263 Thread 0x19013c00 Threw 0x04775770 at C:\re\jdk7u60\1081\hotspot\src\share\vm\prims\jvm.cpp:1244
Event: 7.354 Thread 0x192ce800 Threw 0x047c5840 at C:\re\jdk7u60\1081\hotspot\src\share\vm\prims\jvm.cpp:2917
Event: 7.354 Thread 0x1e220c00 Threw 0x047b0578 at C:\re\jdk7u60\1081\hotspot\src\share\vm\prims\jvm.cpp:1244

Events (10 events):
Event: 9.345 loading class 0x0221c228
Event: 9.345 Thread 0x1e1a3000 Thread exited: 0x1e1a3000
Event: 9.345 loading class 0x0221c1d0
Event: 9.345 loading class 0x0221c1d0 done
Event: 9.345 loading class 0x0221c228 done
Event: 9.346 Thread 0x1e1a3400 Thread exited: 0x1e1a3400
Event: 9.346 Thread 0x1e1a2800 Thread exited: 0x1e1a2800
Event: 9.351 Thread 0x186d3c00 Thread exited: 0x186d3c00
Event: 9.446 Thread 0x1e1a5400 Thread exited: 0x1e1a5400
Event: 9.448 Executing VM operation: Exit


Dynamic libraries:
0x00a70000 - 0x00a9f000 	C:\Program Files (x86)\Java\jre7\bin\javaw.exe
0x76fe0000 - 0x77137000 	C:\Windows\SYSTEM32\ntdll.dll
0x74690000 - 0x747c0000 	C:\Windows\SYSTEM32\KERNEL32.DLL
0x76a80000 - 0x76b27000 	C:\Windows\SYSTEM32\KERNELBASE.dll
0x747c0000 - 0x7486e000 	C:\Windows\SYSTEM32\ADVAPI32.dll
0x764f0000 - 0x76606000 	C:\Windows\SYSTEM32\USER32.dll
0x73130000 - 0x73328000 	C:\Windows\WinSxS\x86_microsoft.windows.common-controls_6595b64144ccf1df_6.0.9200.16579_none_8937eec6860750f5\COMCTL32.dll
0x76000000 - 0x760b1000 	C:\Windows\SYSTEM32\msvcrt.dll
0x74870000 - 0x748a4000 	C:\Windows\SYSTEM32\sechost.dll
0x760c0000 - 0x7616c000 	C:\Windows\SYSTEM32\RPCRT4.dll
0x748b0000 - 0x749ad000 	C:\Windows\SYSTEM32\GDI32.dll
0x745d0000 - 0x745ed000 	C:\Windows\SYSTEM32\SspiCli.dll
0x745c0000 - 0x745c9000 	C:\Windows\SYSTEM32\CRYPTBASE.dll
0x74560000 - 0x745b1000 	C:\Windows\SYSTEM32\bcryptPrimitives.dll
0x762e0000 - 0x76300000 	C:\Windows\system32\IMM32.DLL
0x76680000 - 0x7675e000 	C:\Windows\SYSTEM32\MSCTF.dll
0x5e970000 - 0x5ea2f000 	C:\Program Files (x86)\Java\jre7\bin\msvcr100.dll
0x5e310000 - 0x5e698000 	C:\Program Files (x86)\Java\jre7\bin\client\jvm.dll
0x71c10000 - 0x71c18000 	C:\Windows\SYSTEM32\WSOCK32.dll
0x71fb0000 - 0x71fd1000 	C:\Windows\SYSTEM32\WINMM.dll
0x76300000 - 0x76306000 	C:\Windows\SYSTEM32\PSAPI.DLL
0x75f80000 - 0x75fd0000 	C:\Windows\SYSTEM32\WS2_32.dll
0x71c70000 - 0x71c9b000 	C:\Windows\SYSTEM32\WINMMBASE.dll
0x75ff0000 - 0x75ff8000 	C:\Windows\SYSTEM32\NSI.dll
0x76b30000 - 0x76b76000 	C:\Windows\SYSTEM32\cfgmgr32.dll
0x75f00000 - 0x75f1e000 	C:\Windows\SYSTEM32\DEVOBJ.dll
0x720a0000 - 0x720ac000 	C:\Program Files (x86)\Java\jre7\bin\verify.dll
0x70bb0000 - 0x70bd0000 	C:\Program Files (x86)\Java\jre7\bin\java.dll
0x68440000 - 0x6846a000 	C:\Program Files (x86)\Java\jre7\bin\jdwp.dll
0x684c0000 - 0x684c7000 	C:\Program Files (x86)\Java\jre7\bin\npt.dll
0x70b90000 - 0x70ba3000 	C:\Program Files (x86)\Java\jre7\bin\zip.dll
0x66b90000 - 0x66b98000 	C:\Program Files (x86)\Java\jre7\bin\dt_socket.dll
0x72040000 - 0x72050000 	C:\Windows\system32\napinsp.dll
0x72020000 - 0x72034000 	C:\Windows\system32\pnrpnsp.dll
0x72010000 - 0x72020000 	C:\Windows\system32\NLAapi.dll
0x72e80000 - 0x72eca000 	C:\Windows\System32\mswsock.dll
0x72c50000 - 0x72cc5000 	C:\Windows\SYSTEM32\DNSAPI.dll
0x72000000 - 0x72009000 	C:\Windows\System32\winrnr.dll
0x71ac0000 - 0x71ad0000 	C:\Windows\system32\wshbth.dll
0x71c30000 - 0x71c6f000 	C:\Windows\System32\fwpuclnt.dll
0x726a0000 - 0x726a7000 	C:\Windows\System32\rasadhlp.dll
0x6f490000 - 0x6f5d3000 	C:\Program Files (x86)\Java\jre7\bin\awt.dll
0x76c00000 - 0x76c8b000 	C:\Windows\SYSTEM32\OLEAUT32.dll
0x76de0000 - 0x76f16000 	C:\Windows\SYSTEM32\combase.dll
0x72dd0000 - 0x72e77000 	C:\Windows\system32\apphelp.dll
0x71a40000 - 0x71a59000 	C:\Windows\system32\DWMAPI.DLL
0x726b0000 - 0x72738000 	C:\Windows\system32\uxtheme.dll
0x76760000 - 0x76879000 	C:\Windows\SYSTEM32\ole32.dll
0x74da0000 - 0x75e66000 	C:\Windows\SYSTEM32\SHELL32.dll
0x75f40000 - 0x75f80000 	C:\Windows\SYSTEM32\SHLWAPI.dll
0x73330000 - 0x733a3000 	C:\Windows\SYSTEM32\shcore.dll
0x718b0000 - 0x718e9000 	C:\Program Files (x86)\Java\jre7\bin\fontmanager.dll
0x6f250000 - 0x6f264000 	C:\Program Files (x86)\Java\jre7\bin\net.dll
0x718a0000 - 0x718af000 	C:\Program Files (x86)\Java\jre7\bin\nio.dll
0x706d0000 - 0x70700000 	C:\Program Files (x86)\Java\jre7\bin\t2k.dll
0x76b80000 - 0x76bf4000 	C:\Windows\SYSTEM32\clbcatq.dll
0x6a8a0000 - 0x6a9eb000 	C:\Windows\SYSTEM32\WindowsCodecs.dll
0x76dc0000 - 0x76dd1000 	C:\Windows\SYSTEM32\profapi.dll
0x60450000 - 0x60474000 	C:\Program Files (x86)\Java\jre7\bin\dcpr.dll
0x5e900000 - 0x5e96d000 	C:\binaries\terrajava.dll
0x5e220000 - 0x5e307000 	C:\binaries\terramanager-funcate.dll
0x59300000 - 0x59ba6000 	C:\binaries\terralib.dll
0x64af0000 - 0x64b59000 	C:\Windows\SYSTEM32\MSVCP100.dll
0x6d880000 - 0x6db4c000 	C:\binaries\bgd.dll
0x5f9b0000 - 0x5f9cb000 	C:\binaries\terraogc_xml.dll
0x5f990000 - 0x5f9ad000 	C:\binaries\terraogc_sld.dll
0x5e8d0000 - 0x5e8f6000 	C:\binaries\terraogc_se.dll
0x5e1e0000 - 0x5e216000 	C:\binaries\terraogc_filter.dll
0x5e180000 - 0x5e1d2000 	C:\binaries\terraogc_ows.dll
0x5e8b0000 - 0x5e8c9000 	C:\binaries\terraogc_common.dll
0x66b80000 - 0x66b8b000 	C:\binaries\terralib_shp.dll
0x5f980000 - 0x5f98e000 	C:\binaries\terralib_spl.dll
0x39d00000 - 0x3a0f6000 	C:\binaries\qt-mt338.dll
0x613d0000 - 0x6149e000 	C:\Windows\SYSTEM32\OPENGL32.dll
0x613a0000 - 0x613c3000 	C:\Windows\SYSTEM32\GLU32.dll
0x5e100000 - 0x5e17f000 	C:\binaries\qwt500.dll
0x1a080000 - 0x1c07f000 	C:\binaries\berkelium.dll
0x1c080000 - 0x1c1c1000 	C:\binaries\LIBMYSQL.dll
0x63100000 - 0x63121000 	C:\binaries\LIBPQ.dll
0x1c1d0000 - 0x1c231000 	C:\binaries\OCI.dll
0x5da30000 - 0x5daba000 	C:\binaries\libtiff.dll
0x56580000 - 0x56d52000 	C:\binaries\gdal110.dll
0x1c250000 - 0x1c42c000 	C:\binaries\xerces-c_3_1.dll
0x592a0000 - 0x592f5000 	C:\binaries\terraogc_wms.dll
0x59240000 - 0x59293000 	C:\binaries\terraogc_gml.dll
0x591f0000 - 0x59231000 	C:\binaries\terraogc_xsd.dll
0x5a810000 - 0x5a830000 	C:\binaries\terraogc_xacml.dll
0x71f30000 - 0x71f90000 	C:\Windows\SYSTEM32\WINSPOOL.DRV
0x7c340000 - 0x7c396000 	C:\Windows\SYSTEM32\MSVCR71.dll
0x608a0000 - 0x60979000 	C:\Windows\SYSTEM32\DDRAW.dll
0x727a0000 - 0x727a9000 	C:\Windows\SYSTEM32\Secur32.dll
0x75f20000 - 0x75f3b000 	C:\Windows\SYSTEM32\USERENV.dll
0x71520000 - 0x71570000 	C:\Windows\SYSTEM32\OLEACC.dll
0x54200000 - 0x54276000 	C:\Windows\SYSTEM32\RICHED20.dll
0x72ee0000 - 0x72ee8000 	C:\Windows\SYSTEM32\VERSION.dll
0x720b0000 - 0x720c4000 	C:\Windows\SYSTEM32\USP10.dll
0x1c4c0000 - 0x1c56a000 	C:\Windows\libeay32.dll
0x1c570000 - 0x1c57d000 	C:\binaries\libintl-2.dll
0x72ed0000 - 0x72ed6000 	C:\Windows\SYSTEM32\SHFOLDER.DLL
0x1c580000 - 0x1c5a6000 	C:\Windows\ssleay32.dll
0x1c5b0000 - 0x1c5d6000 	C:\binaries\libexpat.dll
0x60770000 - 0x60811000 	C:\Windows\SYSTEM32\ODBC32.dll
0x60760000 - 0x60767000 	C:\Windows\SYSTEM32\DCIMAN32.dll
0x663b0000 - 0x663db000 	C:\Windows\SYSTEM32\msls31.dll
0x1c630000 - 0x1c70b000 	C:\binaries\libiconv-2.dll
0x6f600000 - 0x6f61d000 	C:\Windows\SYSTEM32\gpapi.dll
0x74530000 - 0x74556000 	C:\Windows\SYSTEM32\ntmarta.dll
0x54e60000 - 0x55708000 	C:\binaries\icudt46.dll
0x53850000 - 0x53979000 	C:\Windows\SYSTEM32\dbghelp.dll
0x72cd0000 - 0x72cf0000 	C:\Windows\SYSTEM32\IPHLPAPI.DLL
0x72c40000 - 0x72c48000 	C:\Windows\SYSTEM32\WINNSI.DLL
0x730d0000 - 0x730ea000 	C:\Windows\SYSTEM32\CRYPTSP.dll
0x73090000 - 0x730ce000 	C:\Windows\system32\rsaenh.dll
0x72c30000 - 0x72c40000 	C:\Windows\SYSTEM32\dhcpcsvc6.DLL
0x72c10000 - 0x72c22000 	C:\Windows\SYSTEM32\dhcpcsvc.DLL
0x591c0000 - 0x591e5000 	C:\Program Files (x86)\Java\jre7\bin\jpeg.dll

VM Arguments:
jvm_args: -agentlib:jdwp=transport=dt_socket,suspend=y,address=localhost:18894 -Dfile.encoding=ISO-8859-1 
java_command: com.nexusbr.gv.main.ConnectDBMain
Launcher Type: SUN_STANDARD

Environment Variables:
JAVA_HOME=C:\Program Files (x86)\Java\jre7
PATH=C:/Program Files (x86)/Java/jre7/bin/client;C:/Program Files (x86)/Java/jre7/bin;C:/Program Files (x86)/Java/jre7/lib/i386;C:\Program Files (x86)\PHP\;c:\Program Files (x86)\Intel\iCLS Client\;c:\Program Files\Intel\iCLS Client\;C:\Windows\system32;C:\Windows;C:\Windows\System32\Wbem;C:\Windows\System32\WindowsPowerShell\v1.0\;C:\Program Files\Intel\Intel(R) Management Engine Components\DAL;C:\Program Files\Intel\Intel(R) Management Engine Components\IPT;C:\Program Files (x86)\Intel\Intel(R) Management Engine Components\DAL;C:\Program Files (x86)\Intel\Intel(R) Management Engine Components\IPT;C:\Program Files (x86)\Intel\OpenCL SDK\3.0\bin\x86;C:\Program Files (x86)\Intel\OpenCL SDK\3.0\bin\x64;C:\Program Files (x86)\Windows Live\Shared;C:\binaries;c:\Program Files (x86)\Microsoft SQL Server\100\Tools\Binn\;c:\Program Files\Microsoft SQL Server\100\Tools\Binn\;c:\Program Files\Microsoft SQL Server\100\DTS\Binn\;C:\strawberry\c\bin;C:\strawberry\perl\site\bin;C:\strawberry\perl\bin;C:\Program Files (x86)\Microsoft SQL Server\110\Tools\Binn\ManagementStudio\;C:\Program Files (x86)\Microsoft SQL Server\110\Tools\Binn\;C:\Program Files\Microsoft SQL Server\110\Tools\Binn\;C:\Program Files (x86)\Microsoft SQL Server\110\DTS\Binn\;C:\Program Files\TortoiseSVN\bin;C:\Python34;C:\Program Files (x86)\Java\jre7\bin;C:\eclipse;
USERNAME=inacio
OS=Windows_NT
PROCESSOR_IDENTIFIER=Intel64 Family 6 Model 69 Stepping 1, GenuineIntel



---------------  S Y S T E M  ---------------

OS: Windows 8 , 64 bit Build 9200 

CPU:total 4 (2 cores per cpu, 2 threads per core) family 6 model 69 stepping 1, cmov, cx8, fxsr, mmx, sse, sse2, sse3, ssse3, sse4.1, sse4.2, popcnt, avx, avx2, aes, erms, ht, tsc, tscinvbit

Memory: 4k page, physical 8290700k(2405688k free), swap 9535884k(3535284k free)

vm_info: Java HotSpot(TM) Client VM (24.60-b09) for windows-x86 JRE (1.7.0_60-b19), built on May  7 2014 13:09:52 by "java_re" with unknown MS VC++:1600

time: Fri Jul 04 09:24:40 2014
elapsed time: 9 seconds

