#
# A fatal error has been detected by the Java Runtime Environment:
#
#  EXCEPTION_ACCESS_VIOLATION (0xc0000005) at pc=0x10669052, pid=764, tid=9112
#
# JRE version: Java(TM) SE Runtime Environment (7.0_60-b19) (build 1.7.0_60-b19)
# Java VM: Java HotSpot(TM) Client VM (24.60-b09 mixed mode, sharing windows-x86 )
# Problematic frame:
# C  [berkelium.dll+0xa39052]
#
# Failed to write core dump. Minidumps are not enabled by default on client versions of Windows
#
# If you would like to submit a bug report, please visit:
#   http://bugreport.sun.com/bugreport/crash.jsp
#

---------------  T H R E A D  ---------------

Current thread (0x021dfc00):  VMThread [stack: 0x04440000,0x04490000] [id=9112]

siginfo: ExceptionCode=0xc0000005, reading address 0x000000f8

Registers:
EAX=0x0448f174, EBX=0x000493e0, ECX=0x0448f174, EDX=0x15df5ef0
ESP=0x0448f164, EBP=0x00000075, ESI=0x00000000, EDI=0x27c101f0
EIP=0x10669052, EFLAGS=0x00010202

Top of Stack: (sp=0x0448f164)
0x0448f164:   06e31168 06e31168 06d8ab00 00000000
0x0448f174:   15df5ef0 00000075 06e23a20 06e2c900
0x0448f184:   00000000 00000000 00000000 74616401
0x0448f194:   69642d61 07080072 00000023 0000002f
0x0448f1a4:   00000000 06db7070 002e5be1 06e31000
0x0448f1b4:   06d8ab44 ffffff00 0fc9bf20 117b9778
0x0448f1c4:   068e0030 00000000 0000000f 117ba730
0x0448f1d4:   00000001 0fc99783 00000008 00000001 

Instructions: (pc=0x10669052)
0x10669032:   03 00 00 57 53 e8 f4 c8 60 ff 8b ea 8d 54 24 10
0x10669042:   52 8b f8 e8 26 ca 00 00 83 c4 04 03 38 13 68 04
0x10669052:   8b 86 f8 00 00 00 0b 86 fc 00 00 00 89 7c 24 20
0x10669062:   89 6c 24 24 75 3e 39 84 24 d4 00 00 00 7f 35 7c 


Register to memory mapping:

EAX=
[error occurred during error reporting (printing register info), id 0xc0000005]

Stack: [0x04440000,0x04490000],  sp=0x0448f164,  free space=316k
Native frames: (J=compiled Java code, j=interpreted, Vv=VM code, C=native code)
C  [berkelium.dll+0xa39052]

VM_Operation (0x059ee340): Exit, mode: safepoint, requested by thread 0x05567000


---------------  P R O C E S S  ---------------

Java Threads: ( => current thread )
  0x0589c800 JavaThread "WeakCollectionCleaner" daemon [_thread_blocked, id=8412, stack(0x09930000,0x09980000)]
  0x057d3000 JavaThread "TimerQueue" daemon [_thread_blocked, id=4632, stack(0x07890000,0x078e0000)]
  0x057ecc00 JavaThread "Image Fetcher 3" daemon [_thread_blocked, id=4072, stack(0x07800000,0x07850000)]
  0x0578d400 JavaThread "Image Fetcher 2" daemon [_thread_blocked, id=8340, stack(0x07730000,0x07780000)]
  0x006de000 JavaThread "DestroyJavaVM" [_thread_blocked, id=6312, stack(0x00880000,0x008d0000)]
  0x05567000 JavaThread "AWT-EventQueue-0" [_thread_blocked, id=5276, stack(0x059a0000,0x059f0000)]
  0x04a0a400 JavaThread "AWT-Shutdown" [_thread_blocked, id=8828, stack(0x05070000,0x050c0000)]
  0x04a09400 JavaThread "Java2D Disposer" daemon [_thread_blocked, id=6484, stack(0x04e90000,0x04ee0000)]
  0x0225d000 JavaThread "Service Thread" daemon [_thread_blocked, id=7388, stack(0x047a0000,0x047f0000)]
  0x02257800 JavaThread "C1 CompilerThread0" daemon [_thread_blocked, id=6424, stack(0x04710000,0x04760000)]
  0x02256400 JavaThread "Attach Listener" daemon [_thread_blocked, id=6344, stack(0x04680000,0x046d0000)]
  0x02254800 JavaThread "Signal Dispatcher" daemon [_thread_blocked, id=8508, stack(0x045f0000,0x04640000)]
  0x021e2800 JavaThread "Finalizer" daemon [_thread_blocked, id=5908, stack(0x04560000,0x045b0000)]
  0x021e1000 JavaThread "Reference Handler" daemon [_thread_blocked, id=9996, stack(0x044d0000,0x04520000)]

Other Threads:
=>0x021dfc00 VMThread [stack: 0x04440000,0x04490000] [id=9112]

VM state:at safepoint (shutting down)

VM Mutex/Monitor currently owned by a thread:  ([mutex/lock_event])
[0x006dc400] Threads_lock - owner thread: 0x021dfc00

Heap
 def new generation   total 11712K, used 10317K [0x24000000, 0x24cb0000, 0x29550000)
  eden space 10432K,  98% used [0x24000000, 0x24a13598, 0x24a30000)
  from space 1280K,   0% used [0x24a30000, 0x24a30000, 0x24b70000)
  to   space 1280K,   0% used [0x24b70000, 0x24b70000, 0x24cb0000)
 tenured generation   total 25788K, used 15471K [0x29550000, 0x2ae7f000, 0x34000000)
   the space 25788K,  59% used [0x29550000, 0x2a46bcd0, 0x2a46be00, 0x2ae7f000)
 compacting perm gen  total 12288K, used 8546K [0x34000000, 0x34c00000, 0x38000000)
   the space 12288K,  69% used [0x34000000, 0x34858808, 0x34858a00, 0x34c00000)
    ro space 10240K,  42% used [0x38000000, 0x38434778, 0x38434800, 0x38a00000)
    rw space 12288K,  52% used [0x38a00000, 0x39049a68, 0x39049c00, 0x39600000)

Card table byte_map: [0x042c0000,0x04370000] byte_map_base: 0x041a0000

Polling page: 0x00740000

Code Cache  [0x022c0000, 0x02478000, 0x042c0000)
 total_blobs=1040 nmethods=753 adapters=223 free_code_cache=31024Kb largest_free_block=31768256

Compilation events (10 events):
Event: 5.969 Thread 0x02257800  758             java.util.HashMap::initHashSeedAsNeeded (61 bytes)
Event: 5.969 Thread 0x02257800 nmethod 758 0x02472908 code [0x02472a10, 0x02472b2c]
Event: 5.971 Thread 0x02257800  759             javax.swing.plaf.synth.Region::isSubregion (5 bytes)
Event: 5.971 Thread 0x02257800 nmethod 759 0x02472b88 code [0x02472c80, 0x02472d00]
Event: 7.516 Thread 0x02257800  760             java.awt.Toolkit$SelectiveAWTEventListener::eventDispatched (745 bytes)
Event: 7.517 Thread 0x02257800 nmethod 760 0x02472d48 code [0x02472e80, 0x0247373c]
Event: 7.885 Thread 0x02257800  761             java.awt.GraphicsEnvironment::isHeadless (4 bytes)
Event: 7.885 Thread 0x02257800 nmethod 761 0x02473c48 code [0x02473d50, 0x02473e2c]
Event: 7.885 Thread 0x02257800  762             java.awt.GraphicsEnvironment::getHeadlessProperty (24 bytes)
Event: 7.885 Thread 0x02257800 nmethod 762 0x02473ec8 code [0x02473fd0, 0x024740ac]

GC Heap History (10 events):
Event: 3.381 GC heap before
{Heap before GC invocations=9 (full 1):
 def new generation   total 9408K, used 9407K [0x24000000, 0x24a30000, 0x29550000)
  eden space 8384K, 100% used [0x24000000, 0x24830000, 0x24830000)
  from space 1024K,  99% used [0x24930000, 0x24a2fff8, 0x24a30000)
  to   space 1024K,   0% used [0x24830000, 0x24830000, 0x24930000)
 tenured generation   total 20716K, used 15818K [0x29550000, 0x2a98b000, 0x34000000)
   the space 20716K,  76% used [0x29550000, 0x2a4c29d0, 0x2a4c2a00, 0x2a98b000)
 compacting perm gen  total 12288K, used 7703K [0x34000000, 0x34c00000, 0x38000000)
   the space 12288K,  62% used [0x34000000, 0x34785cc0, 0x34785e00, 0x34c00000)
    ro space 10240K,  42% used [0x38000000, 0x38434778, 0x38434800, 0x38a00000)
    rw space 12288K,  52% used [0x38a00000, 0x39049a68, 0x39049c00, 0x39600000)
Event: 3.390 GC heap after
Heap after GC invocations=10 (full 1):
 def new generation   total 9408K, used 1024K [0x24000000, 0x24a30000, 0x29550000)
  eden space 8384K,   0% used [0x24000000, 0x24000000, 0x24830000)
  from space 1024K, 100% used [0x24830000, 0x24930000, 0x24930000)
  to   space 1024K,   0% used [0x24930000, 0x24930000, 0x24a30000)
 tenured generation   total 20716K, used 17383K [0x29550000, 0x2a98b000, 0x34000000)
   the space 20716K,  83% used [0x29550000, 0x2a649ea0, 0x2a64a000, 0x2a98b000)
 compacting perm gen  total 12288K, used 7703K [0x34000000, 0x34c00000, 0x38000000)
   the space 12288K,  62% used [0x34000000, 0x34785cc0, 0x34785e00, 0x34c00000)
    ro space 10240K,  42% used [0x38000000, 0x38434778, 0x38434800, 0x38a00000)
    rw space 12288K,  52% used [0x38a00000, 0x39049a68, 0x39049c00, 0x39600000)
}
Event: 3.643 GC heap before
{Heap before GC invocations=10 (full 1):
 def new generation   total 9408K, used 9106K [0x24000000, 0x24a30000, 0x29550000)
  eden space 8384K,  96% used [0x24000000, 0x247e49d0, 0x24830000)
  from space 1024K, 100% used [0x24830000, 0x24930000, 0x24930000)
  to   space 1024K,   0% used [0x24930000, 0x24930000, 0x24a30000)
 tenured generation   total 20716K, used 17383K [0x29550000, 0x2a98b000, 0x34000000)
   the space 20716K,  83% used [0x29550000, 0x2a649ea0, 0x2a64a000, 0x2a98b000)
 compacting perm gen  total 12288K, used 8492K [0x34000000, 0x34c00000, 0x38000000)
   the space 12288K,  69% used [0x34000000, 0x3484b008, 0x3484b200, 0x34c00000)
    ro space 10240K,  42% used [0x38000000, 0x38434778, 0x38434800, 0x38a00000)
    rw space 12288K,  52% used [0x38a00000, 0x39049a68, 0x39049c00, 0x39600000)
Event: 3.651 GC heap after
Heap after GC invocations=11 (full 1):
 def new generation   total 9408K, used 1024K [0x24000000, 0x24a30000, 0x29550000)
  eden space 8384K,   0% used [0x24000000, 0x24000000, 0x24830000)
  from space 1024K, 100% used [0x24930000, 0x24a30000, 0x24a30000)
  to   space 1024K,   0% used [0x24830000, 0x24830000, 0x24930000)
 tenured generation   total 20716K, used 19996K [0x29550000, 0x2a98b000, 0x34000000)
   the space 20716K,  96% used [0x29550000, 0x2a8d7138, 0x2a8d7200, 0x2a98b000)
 compacting perm gen  total 12288K, used 8492K [0x34000000, 0x34c00000, 0x38000000)
   the space 12288K,  69% used [0x34000000, 0x3484b008, 0x3484b200, 0x34c00000)
    ro space 10240K,  42% used [0x38000000, 0x38434778, 0x38434800, 0x38a00000)
    rw space 12288K,  52% used [0x38a00000, 0x39049a68, 0x39049c00, 0x39600000)
}
Event: 3.711 GC heap before
{Heap before GC invocations=11 (full 1):
 def new generation   total 9408K, used 7835K [0x24000000, 0x24a30000, 0x29550000)
  eden space 8384K,  81% used [0x24000000, 0x246a6f80, 0x24830000)
  from space 1024K, 100% used [0x24930000, 0x24a30000, 0x24a30000)
  to   space 1024K,   0% used [0x24830000, 0x24830000, 0x24930000)
 tenured generation   total 20716K, used 19996K [0x29550000, 0x2a98b000, 0x34000000)
   the space 20716K,  96% used [0x29550000, 0x2a8d7138, 0x2a8d7200, 0x2a98b000)
 compacting perm gen  total 12288K, used 8501K [0x34000000, 0x34c00000, 0x38000000)
   the space 12288K,  69% used [0x34000000, 0x3484d408, 0x3484d600, 0x34c00000)
    ro space 10240K,  42% used [0x38000000, 0x38434778, 0x38434800, 0x38a00000)
    rw space 12288K,  52% used [0x38a00000, 0x39049a68, 0x39049c00, 0x39600000)
Event: 3.772 GC heap after
Heap after GC invocations=12 (full 2):
 def new generation   total 9728K, used 0K [0x24000000, 0x24a80000, 0x29550000)
  eden space 8704K,   0% used [0x24000000, 0x24000000, 0x24880000)
  from space 1024K,   0% used [0x24880000, 0x24880000, 0x24980000)
  to   space 1024K,   0% used [0x24980000, 0x24980000, 0x24a80000)
 tenured generation   total 21340K, used 12802K [0x29550000, 0x2aa27000, 0x34000000)
   the space 21340K,  59% used [0x29550000, 0x2a1d0b58, 0x2a1d0c00, 0x2aa27000)
 compacting perm gen  total 12288K, used 8501K [0x34000000, 0x34c00000, 0x38000000)
   the space 12288K,  69% used [0x34000000, 0x3484d408, 0x3484d600, 0x34c00000)
    ro space 10240K,  42% used [0x38000000, 0x38434778, 0x38434800, 0x38a00000)
    rw space 12288K,  52% used [0x38a00000, 0x39049a68, 0x39049c00, 0x39600000)
}
Event: 3.787 GC heap before
{Heap before GC invocations=12 (full 2):
 def new generation   total 9728K, used 7567K [0x24000000, 0x24a80000, 0x29550000)
  eden space 8704K,  86% used [0x24000000, 0x24763fe0, 0x24880000)
  from space 1024K,   0% used [0x24880000, 0x24880000, 0x24980000)
  to   space 1024K,   0% used [0x24980000, 0x24980000, 0x24a80000)
 tenured generation   total 21340K, used 12802K [0x29550000, 0x2aa27000, 0x34000000)
   the space 21340K,  59% used [0x29550000, 0x2a1d0b58, 0x2a1d0c00, 0x2aa27000)
 compacting perm gen  total 12288K, used 8501K [0x34000000, 0x34c00000, 0x38000000)
   the space 12288K,  69% used [0x34000000, 0x3484d408, 0x3484d600, 0x34c00000)
    ro space 10240K,  42% used [0x38000000, 0x38434778, 0x38434800, 0x38a00000)
    rw space 12288K,  52% used [0x38a00000, 0x39049a68, 0x39049c00, 0x39600000)
Event: 3.789 GC heap after
Heap after GC invocations=13 (full 2):
 def new generation   total 9728K, used 6K [0x24000000, 0x24a80000, 0x29550000)
  eden space 8704K,   0% used [0x24000000, 0x24000000, 0x24880000)
  from space 1024K,   0% used [0x24980000, 0x249819d8, 0x24a80000)
  to   space 1024K,   0% used [0x24880000, 0x24880000, 0x24980000)
 tenured generation   total 21340K, used 20261K [0x29550000, 0x2aa27000, 0x34000000)
   the space 21340K,  94% used [0x29550000, 0x2a919788, 0x2a919800, 0x2aa27000)
 compacting perm gen  total 12288K, used 8501K [0x34000000, 0x34c00000, 0x38000000)
   the space 12288K,  69% used [0x34000000, 0x3484d408, 0x3484d600, 0x34c00000)
    ro space 10240K,  42% used [0x38000000, 0x38434778, 0x38434800, 0x38a00000)
    rw space 12288K,  52% used [0x38a00000, 0x39049a68, 0x39049c00, 0x39600000)
}
Event: 3.806 GC heap before
{Heap before GC invocations=13 (full 2):
 def new generation   total 9728K, used 7533K [0x24000000, 0x24a80000, 0x29550000)
  eden space 8704K,  86% used [0x24000000, 0x24759c10, 0x24880000)
  from space 1024K,   0% used [0x24980000, 0x249819d8, 0x24a80000)
  to   space 1024K,   0% used [0x24880000, 0x24880000, 0x24980000)
 tenured generation   total 21340K, used 20261K [0x29550000, 0x2aa27000, 0x34000000)
   the space 21340K,  94% used [0x29550000, 0x2a919788, 0x2a919800, 0x2aa27000)
 compacting perm gen  total 12288K, used 8501K [0x34000000, 0x34c00000, 0x38000000)
   the space 12288K,  69% used [0x34000000, 0x3484d448, 0x3484d600, 0x34c00000)
    ro space 10240K,  42% used [0x38000000, 0x38434778, 0x38434800, 0x38a00000)
    rw space 12288K,  52% used [0x38a00000, 0x39049a68, 0x39049c00, 0x39600000)
Event: 3.861 GC heap after
Heap after GC invocations=14 (full 3):
 def new generation   total 11712K, used 0K [0x24000000, 0x24cb0000, 0x29550000)
  eden space 10432K,   0% used [0x24000000, 0x24000000, 0x24a30000)
  from space 1280K,   0% used [0x24a30000, 0x24a30000, 0x24b70000)
  to   space 1280K,   0% used [0x24b70000, 0x24b70000, 0x24cb0000)
 tenured generation   total 25788K, used 15471K [0x29550000, 0x2ae7f000, 0x34000000)
   the space 25788K,  59% used [0x29550000, 0x2a46bcd0, 0x2a46be00, 0x2ae7f000)
 compacting perm gen  total 12288K, used 8501K [0x34000000, 0x34c00000, 0x38000000)
   the space 12288K,  69% used [0x34000000, 0x3484d448, 0x3484d600, 0x34c00000)
    ro space 10240K,  42% used [0x38000000, 0x38434778, 0x38434800, 0x38a00000)
    rw space 12288K,  52% used [0x38a00000, 0x39049a68, 0x39049c00, 0x39600000)
}

Deoptimization events (0 events):
No events

Internal exceptions (10 events):
Event: 3.595 Thread 0x05567000 Threw 0x245c4678 at C:\re\jdk7u60\1081\hotspot\src\share\vm\prims\jvm.cpp:1244
Event: 3.636 Thread 0x05567000 Threw 0x245c86e8 at C:\re\jdk7u60\1081\hotspot\src\share\vm\prims\jvm.cpp:1244
Event: 3.662 Thread 0x05567000 Threw 0x24102298 at C:\re\jdk7u60\1081\hotspot\src\share\vm\prims\jvm.cpp:1244
Event: 5.780 Thread 0x0589d800 Threw 0x24921598 at C:\re\jdk7u60\1081\hotspot\src\share\vm\prims\jvm.cpp:1244
Event: 5.785 Thread 0x0589f000 Threw 0x249303d0 at C:\re\jdk7u60\1081\hotspot\src\share\vm\prims\jvm.cpp:1244
Event: 5.785 Thread 0x0589f000 Threw 0x24935698 at C:\re\jdk7u60\1081\hotspot\src\share\vm\prims\jvm.cpp:1244
Event: 5.786 Thread 0x0589f000 Threw 0x2493aba8 at C:\re\jdk7u60\1081\hotspot\src\share\vm\prims\jvm.cpp:1244
Event: 5.787 Thread 0x0589f000 Threw 0x24940038 at C:\re\jdk7u60\1081\hotspot\src\share\vm\prims\jvm.cpp:1244
Event: 5.788 Thread 0x0589f000 Threw 0x24952be0 at C:\re\jdk7u60\1081\hotspot\src\share\vm\prims\jvm.cpp:1244
Event: 5.996 Thread 0x0578d400 Threw 0x2497b1c0 at C:\re\jdk7u60\1081\hotspot\src\share\vm\prims\jvm.cpp:2917

Events (10 events):
Event: 7.884 loading class 0x39670c20
Event: 7.884 Thread 0x0589e800 Thread exited: 0x0589e800
Event: 7.884 loading class 0x39670bc8
Event: 7.884 Thread 0x0589b800 Thread exited: 0x0589b800
Event: 7.884 loading class 0x39670bc8 done
Event: 7.884 loading class 0x39670c20 done
Event: 7.884 Thread 0x0589f000 Thread exited: 0x0589f000
Event: 7.890 Thread 0x04a0ac00 Thread exited: 0x04a0ac00
Event: 7.985 Thread 0x0589d800 Thread exited: 0x0589d800
Event: 7.985 Executing VM operation: Exit


Dynamic libraries:
0x00a70000 - 0x00a9f000 	C:\Program Files (x86)\Java\jre7\bin\javaw.exe
0x76fe0000 - 0x77137000 	C:\Windows\SYSTEM32\ntdll.dll
0x74690000 - 0x747c0000 	C:\Windows\SYSTEM32\KERNEL32.DLL
0x76a80000 - 0x76b27000 	C:\Windows\SYSTEM32\KERNELBASE.dll
0x747c0000 - 0x7486e000 	C:\Windows\SYSTEM32\ADVAPI32.dll
0x764f0000 - 0x76606000 	C:\Windows\SYSTEM32\USER32.dll
0x73130000 - 0x73328000 	C:\Windows\WinSxS\x86_microsoft.windows.common-controls_6595b64144ccf1df_6.0.9200.16579_none_8937eec6860750f5\COMCTL32.dll
0x76000000 - 0x760b1000 	C:\Windows\SYSTEM32\msvcrt.dll
0x74870000 - 0x748a4000 	C:\Windows\SYSTEM32\sechost.dll
0x760c0000 - 0x7616c000 	C:\Windows\SYSTEM32\RPCRT4.dll
0x748b0000 - 0x749ad000 	C:\Windows\SYSTEM32\GDI32.dll
0x745d0000 - 0x745ed000 	C:\Windows\SYSTEM32\SspiCli.dll
0x745c0000 - 0x745c9000 	C:\Windows\SYSTEM32\CRYPTBASE.dll
0x74560000 - 0x745b1000 	C:\Windows\SYSTEM32\bcryptPrimitives.dll
0x762e0000 - 0x76300000 	C:\Windows\system32\IMM32.DLL
0x76680000 - 0x7675e000 	C:\Windows\SYSTEM32\MSCTF.dll
0x667a0000 - 0x6685f000 	C:\Program Files (x86)\Java\jre7\bin\msvcr100.dll
0x6f250000 - 0x6f5d8000 	C:\Program Files (x86)\Java\jre7\bin\client\jvm.dll
0x71c10000 - 0x71c18000 	C:\Windows\SYSTEM32\WSOCK32.dll
0x71fb0000 - 0x71fd1000 	C:\Windows\SYSTEM32\WINMM.dll
0x76300000 - 0x76306000 	C:\Windows\SYSTEM32\PSAPI.DLL
0x75f80000 - 0x75fd0000 	C:\Windows\SYSTEM32\WS2_32.dll
0x71c70000 - 0x71c9b000 	C:\Windows\SYSTEM32\WINMMBASE.dll
0x75ff0000 - 0x75ff8000 	C:\Windows\SYSTEM32\NSI.dll
0x76b30000 - 0x76b76000 	C:\Windows\SYSTEM32\cfgmgr32.dll
0x75f00000 - 0x75f1e000 	C:\Windows\SYSTEM32\DEVOBJ.dll
0x720a0000 - 0x720ac000 	C:\Program Files (x86)\Java\jre7\bin\verify.dll
0x71910000 - 0x71930000 	C:\Program Files (x86)\Java\jre7\bin\java.dll
0x718d0000 - 0x718e3000 	C:\Program Files (x86)\Java\jre7\bin\zip.dll
0x5e360000 - 0x5e4a3000 	C:\Program Files (x86)\Java\jre7\bin\awt.dll
0x76c00000 - 0x76c8b000 	C:\Windows\SYSTEM32\OLEAUT32.dll
0x76de0000 - 0x76f16000 	C:\Windows\SYSTEM32\combase.dll
0x72dd0000 - 0x72e77000 	C:\Windows\system32\apphelp.dll
0x71a40000 - 0x71a59000 	C:\Windows\system32\DWMAPI.DLL
0x726b0000 - 0x72738000 	C:\Windows\system32\uxtheme.dll
0x76760000 - 0x76879000 	C:\Windows\SYSTEM32\ole32.dll
0x74da0000 - 0x75e66000 	C:\Windows\SYSTEM32\SHELL32.dll
0x75f40000 - 0x75f80000 	C:\Windows\SYSTEM32\SHLWAPI.dll
0x73330000 - 0x733a3000 	C:\Windows\SYSTEM32\shcore.dll
0x5f9a0000 - 0x5f9d9000 	C:\Program Files (x86)\Java\jre7\bin\fontmanager.dll
0x718b0000 - 0x718c4000 	C:\Program Files (x86)\Java\jre7\bin\net.dll
0x72e80000 - 0x72eca000 	C:\Windows\system32\mswsock.dll
0x718a0000 - 0x718af000 	C:\Program Files (x86)\Java\jre7\bin\nio.dll
0x5e330000 - 0x5e360000 	C:\Program Files (x86)\Java\jre7\bin\t2k.dll
0x76b80000 - 0x76bf4000 	C:\Windows\SYSTEM32\clbcatq.dll
0x6a8a0000 - 0x6a9eb000 	C:\Windows\SYSTEM32\WindowsCodecs.dll
0x76dc0000 - 0x76dd1000 	C:\Windows\SYSTEM32\profapi.dll
0x681f0000 - 0x68214000 	C:\Program Files (x86)\Java\jre7\bin\dcpr.dll
0x66730000 - 0x6679d000 	C:\binaries\terrajava.dll
0x616e0000 - 0x617c7000 	C:\binaries\terramanager-funcate.dll
0x59f30000 - 0x5a7d6000 	C:\binaries\terralib.dll
0x64af0000 - 0x64b59000 	C:\Windows\SYSTEM32\MSVCP100.dll
0x6d880000 - 0x6db4c000 	C:\binaries\bgd.dll
0x6b5a0000 - 0x6b5bb000 	C:\binaries\terraogc_xml.dll
0x681d0000 - 0x681ed000 	C:\binaries\terraogc_sld.dll
0x66700000 - 0x66726000 	C:\binaries\terraogc_se.dll
0x616a0000 - 0x616d6000 	C:\binaries\terraogc_filter.dll
0x61640000 - 0x61692000 	C:\binaries\terraogc_ows.dll
0x61620000 - 0x61639000 	C:\binaries\terraogc_common.dll
0x6f180000 - 0x6f18b000 	C:\binaries\terralib_shp.dll
0x61610000 - 0x6161e000 	C:\binaries\terralib_spl.dll
0x05f40000 - 0x06336000 	C:\binaries\qt-mt338.dll
0x613d0000 - 0x6149e000 	C:\Windows\SYSTEM32\OPENGL32.dll
0x613a0000 - 0x613c3000 	C:\Windows\SYSTEM32\GLU32.dll
0x61590000 - 0x6160f000 	C:\binaries\qwt500.dll
0x0fc30000 - 0x11c2f000 	C:\binaries\berkelium.dll
0x06340000 - 0x06481000 	C:\binaries\LIBMYSQL.dll
0x63100000 - 0x63121000 	C:\binaries\LIBPQ.dll
0x06490000 - 0x064f1000 	C:\binaries\OCI.dll
0x60cd0000 - 0x60d5a000 	C:\binaries\libtiff.dll
0x59750000 - 0x59f22000 	C:\binaries\gdal110.dll
0x12000000 - 0x121dc000 	C:\binaries\xerces-c_3_1.dll
0x61530000 - 0x61585000 	C:\binaries\terraogc_wms.dll
0x60c70000 - 0x60cc3000 	C:\binaries\terraogc_gml.dll
0x60400000 - 0x60441000 	C:\binaries\terraogc_xsd.dll
0x60c50000 - 0x60c70000 	C:\binaries\terraogc_xacml.dll
0x71f30000 - 0x71f90000 	C:\Windows\SYSTEM32\WINSPOOL.DRV
0x7c340000 - 0x7c396000 	C:\Windows\SYSTEM32\MSVCR71.dll
0x608a0000 - 0x60979000 	C:\Windows\SYSTEM32\DDRAW.dll
0x727a0000 - 0x727a9000 	C:\Windows\SYSTEM32\Secur32.dll
0x75f20000 - 0x75f3b000 	C:\Windows\SYSTEM32\USERENV.dll
0x71520000 - 0x71570000 	C:\Windows\SYSTEM32\OLEACC.dll
0x54200000 - 0x54276000 	C:\Windows\SYSTEM32\RICHED20.dll
0x72ee0000 - 0x72ee8000 	C:\Windows\SYSTEM32\VERSION.dll
0x720b0000 - 0x720c4000 	C:\Windows\SYSTEM32\USP10.dll
0x72c50000 - 0x72cc5000 	C:\Windows\SYSTEM32\DNSAPI.dll
0x065a0000 - 0x0664a000 	C:\Windows\libeay32.dll
0x06650000 - 0x0665d000 	C:\binaries\libintl-2.dll
0x72ed0000 - 0x72ed6000 	C:\Windows\SYSTEM32\SHFOLDER.DLL
0x06660000 - 0x06686000 	C:\Windows\ssleay32.dll
0x06690000 - 0x066b6000 	C:\binaries\libexpat.dll
0x60770000 - 0x60811000 	C:\Windows\SYSTEM32\ODBC32.dll
0x60760000 - 0x60767000 	C:\Windows\SYSTEM32\DCIMAN32.dll
0x663b0000 - 0x663db000 	C:\Windows\SYSTEM32\msls31.dll
0x06710000 - 0x067eb000 	C:\binaries\libiconv-2.dll
0x6f600000 - 0x6f61d000 	C:\Windows\SYSTEM32\gpapi.dll
0x74530000 - 0x74556000 	C:\Windows\SYSTEM32\ntmarta.dll
0x582d0000 - 0x58b78000 	C:\binaries\icudt46.dll
0x53850000 - 0x53979000 	C:\Windows\SYSTEM32\dbghelp.dll
0x72040000 - 0x72050000 	C:\Windows\system32\napinsp.dll
0x72020000 - 0x72034000 	C:\Windows\system32\pnrpnsp.dll
0x72010000 - 0x72020000 	C:\Windows\system32\NLAapi.dll
0x72000000 - 0x72009000 	C:\Windows\System32\winrnr.dll
0x71ac0000 - 0x71ad0000 	C:\Windows\system32\wshbth.dll
0x726a0000 - 0x726a7000 	C:\Windows\System32\rasadhlp.dll
0x71c30000 - 0x71c6f000 	C:\Windows\System32\fwpuclnt.dll
0x72cd0000 - 0x72cf0000 	C:\Windows\SYSTEM32\IPHLPAPI.DLL
0x72c40000 - 0x72c48000 	C:\Windows\SYSTEM32\WINNSI.DLL
0x730d0000 - 0x730ea000 	C:\Windows\SYSTEM32\CRYPTSP.dll
0x73090000 - 0x730ce000 	C:\Windows\system32\rsaenh.dll
0x72c30000 - 0x72c40000 	C:\Windows\SYSTEM32\dhcpcsvc6.DLL
0x72c10000 - 0x72c22000 	C:\Windows\SYSTEM32\dhcpcsvc.DLL
0x603d0000 - 0x603f5000 	C:\Program Files (x86)\Java\jre7\bin\jpeg.dll

VM Arguments:
jvm_args: -Dfile.encoding=ISO-8859-1 
java_command: com.nexusbr.gv.main.ConnectDBMain
Launcher Type: SUN_STANDARD

Environment Variables:
JAVA_HOME=C:\Program Files (x86)\Java\jre7
PATH=C:/Program Files (x86)/Java/jre7/bin/client;C:/Program Files (x86)/Java/jre7/bin;C:/Program Files (x86)/Java/jre7/lib/i386;C:\Program Files (x86)\PHP\;c:\Program Files (x86)\Intel\iCLS Client\;c:\Program Files\Intel\iCLS Client\;C:\Windows\system32;C:\Windows;C:\Windows\System32\Wbem;C:\Windows\System32\WindowsPowerShell\v1.0\;C:\Program Files\Intel\Intel(R) Management Engine Components\DAL;C:\Program Files\Intel\Intel(R) Management Engine Components\IPT;C:\Program Files (x86)\Intel\Intel(R) Management Engine Components\DAL;C:\Program Files (x86)\Intel\Intel(R) Management Engine Components\IPT;C:\Program Files (x86)\Intel\OpenCL SDK\3.0\bin\x86;C:\Program Files (x86)\Intel\OpenCL SDK\3.0\bin\x64;C:\Program Files (x86)\Windows Live\Shared;C:\binaries;c:\Program Files (x86)\Microsoft SQL Server\100\Tools\Binn\;c:\Program Files\Microsoft SQL Server\100\Tools\Binn\;c:\Program Files\Microsoft SQL Server\100\DTS\Binn\;C:\strawberry\c\bin;C:\strawberry\perl\site\bin;C:\strawberry\perl\bin;C:\Program Files (x86)\Microsoft SQL Server\110\Tools\Binn\ManagementStudio\;C:\Program Files (x86)\Microsoft SQL Server\110\Tools\Binn\;C:\Program Files\Microsoft SQL Server\110\Tools\Binn\;C:\Program Files (x86)\Microsoft SQL Server\110\DTS\Binn\;C:\Program Files\TortoiseSVN\bin;C:\Python34;C:\Program Files (x86)\Java\jre7\bin;C:\eclipse;
USERNAME=inacio
OS=Windows_NT
PROCESSOR_IDENTIFIER=Intel64 Family 6 Model 69 Stepping 1, GenuineIntel



---------------  S Y S T E M  ---------------

OS: Windows 8 , 64 bit Build 9200 

CPU:total 4 (2 cores per cpu, 2 threads per core) family 6 model 69 stepping 1, cmov, cx8, fxsr, mmx, sse, sse2, sse3, ssse3, sse4.1, sse4.2, popcnt, avx, avx2, aes, erms, ht, tsc, tscinvbit

Memory: 4k page, physical 8290700k(4944048k free), swap 9535884k(5018192k free)

vm_info: Java HotSpot(TM) Client VM (24.60-b09) for windows-x86 JRE (1.7.0_60-b19), built on May  7 2014 13:09:52 by "java_re" with unknown MS VC++:1600

time: Thu Jul 03 11:33:25 2014
elapsed time: 8 seconds

