#
# A fatal error has been detected by the Java Runtime Environment:
#
#  EXCEPTION_ACCESS_VIOLATION (0xc0000005) at pc=0x0fe09052, pid=7808, tid=7148
#
# JRE version: Java(TM) SE Runtime Environment (7.0_60-b19) (build 1.7.0_60-b19)
# Java VM: Java HotSpot(TM) Client VM (24.60-b09 mixed mode, sharing windows-x86 )
# Problematic frame:
# C  [berkelium.dll+0xa39052]
#
# Failed to write core dump. Minidumps are not enabled by default on client versions of Windows
#
# If you would like to submit a bug report, please visit:
#   http://bugreport.sun.com/bugreport/crash.jsp
#

---------------  T H R E A D  ---------------

Current thread (0x0204fc00):  VMThread [stack: 0x04240000,0x04290000] [id=7148]

siginfo: ExceptionCode=0xc0000005, reading address 0x000000f8

Registers:
EAX=0x0428f194, EBX=0x000493e0, ECX=0x0428f194, EDX=0x844025c0
ESP=0x0428f184, EBP=0x00000078, ESI=0x00000000, EDI=0x9621c8c0
EIP=0x0fe09052, EFLAGS=0x00010206

Top of Stack: (sp=0x0428f184)
0x0428f184:   06c42168 06c42168 06b9ab00 00000000
0x0428f194:   844025c0 00000078 06c336c0 06c3c900
0x0428f1a4:   00000000 00000000 00000000 74616401
0x0428f1b4:   69642d61 06eb0072 00000023 0000002f
0x0428f1c4:   00000000 06bc7070 002e5be4 06c42000
0x0428f1d4:   06b9ab44 ffffff00 0f43bf20 10f59778
0x0428f1e4:   06710030 00000000 0000000f 10f5a730
0x0428f1f4:   00000001 0f439783 00000008 00000001 

Instructions: (pc=0x0fe09052)
0x0fe09032:   03 00 00 57 53 e8 f4 c8 60 ff 8b ea 8d 54 24 10
0x0fe09042:   52 8b f8 e8 26 ca 00 00 83 c4 04 03 38 13 68 04
0x0fe09052:   8b 86 f8 00 00 00 0b 86 fc 00 00 00 89 7c 24 20
0x0fe09062:   89 6c 24 24 75 3e 39 84 24 d4 00 00 00 7f 35 7c 


Register to memory mapping:

EAX=
[error occurred during error reporting (printing register info), id 0xc0000005]

Stack: [0x04240000,0x04290000],  sp=0x0428f184,  free space=316k
Native frames: (J=compiled Java code, j=interpreted, Vv=VM code, C=native code)
C  [berkelium.dll+0xa39052]

[error occurred during error reporting (printing native stack), id 0xc0000005]

VM_Operation (0x0580e930): Exit, mode: safepoint, requested by thread 0x05392000


---------------  P R O C E S S  ---------------

Java Threads: ( => current thread )
  0x056b9c00 JavaThread "Image Fetcher 3" daemon [_thread_blocked, id=9632, stack(0x09830000,0x09880000)]
  0x056bbc00 JavaThread "Image Fetcher 2" daemon [_thread_blocked, id=10100, stack(0x097a0000,0x097f0000)]
  0x056ba800 JavaThread "WeakCollectionCleaner" daemon [_thread_blocked, id=5572, stack(0x09680000,0x096d0000)]
  0x055ee000 JavaThread "TimerQueue" daemon [_thread_blocked, id=10408, stack(0x075e0000,0x07630000)]
  0x005ee000 JavaThread "DestroyJavaVM" [_thread_blocked, id=8968, stack(0x00630000,0x00680000)]
  0x05392000 JavaThread "AWT-EventQueue-0" [_thread_blocked, id=8724, stack(0x057c0000,0x05810000)]
  0x04816000 JavaThread "AWT-Shutdown" [_thread_blocked, id=3792, stack(0x04e90000,0x04ee0000)]
  0x04814c00 JavaThread "Java2D Disposer" daemon [_thread_blocked, id=10948, stack(0x04db0000,0x04e00000)]
  0x020cbc00 JavaThread "Service Thread" daemon [_thread_blocked, id=5812, stack(0x045a0000,0x045f0000)]
  0x020c5800 JavaThread "C1 CompilerThread0" daemon [_thread_blocked, id=7280, stack(0x04510000,0x04560000)]
  0x020c3c00 JavaThread "Attach Listener" daemon [_thread_blocked, id=3668, stack(0x04480000,0x044d0000)]
  0x020c2800 JavaThread "Signal Dispatcher" daemon [_thread_blocked, id=5180, stack(0x043f0000,0x04440000)]
  0x02052800 JavaThread "Finalizer" daemon [_thread_blocked, id=1732, stack(0x04360000,0x043b0000)]
  0x02051000 JavaThread "Reference Handler" daemon [_thread_blocked, id=4432, stack(0x042d0000,0x04320000)]

Other Threads:
=>0x0204fc00 VMThread [stack: 0x04240000,0x04290000] [id=7148]

VM state:at safepoint (shutting down)

VM Mutex/Monitor currently owned by a thread:  ([mutex/lock_event])
[0x005ec468] Threads_lock - owner thread: 0x0204fc00

Heap
 def new generation   total 23424K, used 12059K [0x24000000, 0x25960000, 0x29550000)
  eden space 20864K,  57% used [0x24000000, 0x24bc6eb8, 0x25460000)
  from space 2560K,   0% used [0x25460000, 0x25460000, 0x256e0000)
  to   space 2560K,   0% used [0x256e0000, 0x256e0000, 0x25960000)
 tenured generation   total 51840K, used 31101K [0x29550000, 0x2c7f0000, 0x34000000)
   the space 51840K,  59% used [0x29550000, 0x2b3af790, 0x2b3af800, 0x2c7f0000)
 compacting perm gen  total 12288K, used 10584K [0x34000000, 0x34c00000, 0x38000000)
   the space 12288K,  86% used [0x34000000, 0x34a56330, 0x34a56400, 0x34c00000)
    ro space 10240K,  42% used [0x38000000, 0x38434778, 0x38434800, 0x38a00000)
    rw space 12288K,  52% used [0x38a00000, 0x39049a68, 0x39049c00, 0x39600000)

Card table byte_map: [0x02130000,0x021e0000] byte_map_base: 0x02010000

Polling page: 0x00530000

Code Cache  [0x02200000, 0x02460000, 0x04200000)
 total_blobs=1369 nmethods=1073 adapters=232 free_code_cache=30358Kb largest_free_block=31086400

Compilation events (10 events):
Event: 14.055 Thread 0x020c5800 1078             java.awt.Component::getInputContext (16 bytes)
Event: 14.056 Thread 0x020c5800 nmethod 1078 0x02458d88 code [0x02458e90, 0x02458f3c]
Event: 14.495 Thread 0x020c5800 1079             java.awt.LightweightDispatcher::retargetMouseEvent (350 bytes)
Event: 14.499 Thread 0x020c5800 nmethod 1079 0x02458f88 code [0x024591c0, 0x02459a38]
Event: 14.559 Thread 0x020c5800 1080             java.awt.Point::<init> (15 bytes)
Event: 14.559 Thread 0x020c5800 nmethod 1080 0x0245a308 code [0x0245a400, 0x0245a480]
Event: 14.630 Thread 0x020c5800 1081             sun.awt.AWTAutoShutdown::notifyToolkitThreadBusy (8 bytes)
Event: 14.630 Thread 0x020c5800 nmethod 1081 0x0245a4c8 code [0x0245a5c0, 0x0245a64c]
Event: 14.631 Thread 0x020c5800 1082             sun.awt.AWTAutoShutdown::notifyToolkitThreadFree (8 bytes)
Event: 14.631 Thread 0x020c5800 nmethod 1082 0x0245a6c8 code [0x0245a7c0, 0x0245a84c]

GC Heap History (10 events):
Event: 6.677 GC heap before
{Heap before GC invocations=15 (full 3):
 def new generation   total 11712K, used 11332K [0x24000000, 0x24cb0000, 0x29550000)
  eden space 10432K,  96% used [0x24000000, 0x249d1260, 0x24a30000)
  from space 1280K, 100% used [0x24b70000, 0x24cb0000, 0x24cb0000)
  to   space 1280K,   0% used [0x24a30000, 0x24a30000, 0x24b70000)
 tenured generation   total 25804K, used 19275K [0x29550000, 0x2ae83000, 0x34000000)
   the space 25804K,  74% used [0x29550000, 0x2a822d40, 0x2a822e00, 0x2ae83000)
 compacting perm gen  total 12288K, used 9191K [0x34000000, 0x34c00000, 0x38000000)
   the space 12288K,  74% used [0x34000000, 0x348f9cc0, 0x348f9e00, 0x34c00000)
    ro space 10240K,  42% used [0x38000000, 0x38434778, 0x38434800, 0x38a00000)
    rw space 12288K,  52% used [0x38a00000, 0x39049a68, 0x39049c00, 0x39600000)
Event: 6.754 GC heap after
Heap after GC invocations=16 (full 4):
 def new generation   total 19968K, used 0K [0x24000000, 0x255a0000, 0x29550000)
  eden space 17792K,   0% used [0x24000000, 0x24000000, 0x25160000)
  from space 2176K,   0% used [0x25160000, 0x25160000, 0x25380000)
  to   space 2176K,   0% used [0x25380000, 0x25380000, 0x255a0000)
 tenured generation   total 44260K, used 26554K [0x29550000, 0x2c089000, 0x34000000)
   the space 44260K,  59% used [0x29550000, 0x2af3e838, 0x2af3ea00, 0x2c089000)
 compacting perm gen  total 12288K, used 9184K [0x34000000, 0x34c00000, 0x38000000)
   the space 12288K,  74% used [0x34000000, 0x348f82b8, 0x348f8400, 0x34c00000)
    ro space 10240K,  42% used [0x38000000, 0x38434778, 0x38434800, 0x38a00000)
    rw space 12288K,  52% used [0x38a00000, 0x39049a68, 0x39049c00, 0x39600000)
}
Event: 6.867 GC heap before
{Heap before GC invocations=16 (full 4):
 def new generation   total 19968K, used 17792K [0x24000000, 0x255a0000, 0x29550000)
  eden space 17792K, 100% used [0x24000000, 0x25160000, 0x25160000)
  from space 2176K,   0% used [0x25160000, 0x25160000, 0x25380000)
  to   space 2176K,   0% used [0x25380000, 0x25380000, 0x255a0000)
 tenured generation   total 44260K, used 26554K [0x29550000, 0x2c089000, 0x34000000)
   the space 44260K,  59% used [0x29550000, 0x2af3e838, 0x2af3ea00, 0x2c089000)
 compacting perm gen  total 12288K, used 9293K [0x34000000, 0x34c00000, 0x38000000)
   the space 12288K,  75% used [0x34000000, 0x34913760, 0x34913800, 0x34c00000)
    ro space 10240K,  42% used [0x38000000, 0x38434778, 0x38434800, 0x38a00000)
    rw space 12288K,  52% used [0x38a00000, 0x39049a68, 0x39049c00, 0x39600000)
Event: 6.889 GC heap after
Heap after GC invocations=17 (full 4):
 def new generation   total 19968K, used 2176K [0x24000000, 0x255a0000, 0x29550000)
  eden space 17792K,   0% used [0x24000000, 0x24000000, 0x25160000)
  from space 2176K, 100% used [0x25380000, 0x255a0000, 0x255a0000)
  to   space 2176K,   0% used [0x25160000, 0x25160000, 0x25380000)
 tenured generation   total 44260K, used 38337K [0x29550000, 0x2c089000, 0x34000000)
   the space 44260K,  86% used [0x29550000, 0x2bac06c0, 0x2bac0800, 0x2c089000)
 compacting perm gen  total 12288K, used 9293K [0x34000000, 0x34c00000, 0x38000000)
   the space 12288K,  75% used [0x34000000, 0x34913760, 0x34913800, 0x34c00000)
    ro space 10240K,  42% used [0x38000000, 0x38434778, 0x38434800, 0x38a00000)
    rw space 12288K,  52% used [0x38a00000, 0x39049a68, 0x39049c00, 0x39600000)
}
Event: 7.201 GC heap before
{Heap before GC invocations=17 (full 4):
 def new generation   total 19968K, used 19968K [0x24000000, 0x255a0000, 0x29550000)
  eden space 17792K, 100% used [0x24000000, 0x25160000, 0x25160000)
  from space 2176K, 100% used [0x25380000, 0x255a0000, 0x255a0000)
  to   space 2176K,   0% used [0x25160000, 0x25160000, 0x25380000)
 tenured generation   total 44260K, used 38337K [0x29550000, 0x2c089000, 0x34000000)
   the space 44260K,  86% used [0x29550000, 0x2bac06c0, 0x2bac0800, 0x2c089000)
 compacting perm gen  total 12288K, used 9293K [0x34000000, 0x34c00000, 0x38000000)
   the space 12288K,  75% used [0x34000000, 0x34913760, 0x34913800, 0x34c00000)
    ro space 10240K,  42% used [0x38000000, 0x38434778, 0x38434800, 0x38a00000)
    rw space 12288K,  52% used [0x38a00000, 0x39049a68, 0x39049c00, 0x39600000)
Event: 7.204 GC heap after
Heap after GC invocations=18 (full 4):
 def new generation   total 19968K, used 0K [0x24000000, 0x255a0000, 0x29550000)
  eden space 17792K,   0% used [0x24000000, 0x24000000, 0x25160000)
  from space 2176K,   0% used [0x25160000, 0x251600d8, 0x25380000)
  to   space 2176K,   0% used [0x25380000, 0x25380000, 0x255a0000)
 tenured generation   total 44260K, used 40513K [0x29550000, 0x2c089000, 0x34000000)
   the space 44260K,  91% used [0x29550000, 0x2bce0650, 0x2bce0800, 0x2c089000)
 compacting perm gen  total 12288K, used 9293K [0x34000000, 0x34c00000, 0x38000000)
   the space 12288K,  75% used [0x34000000, 0x34913760, 0x34913800, 0x34c00000)
    ro space 10240K,  42% used [0x38000000, 0x38434778, 0x38434800, 0x38a00000)
    rw space 12288K,  52% used [0x38a00000, 0x39049a68, 0x39049c00, 0x39600000)
}
Event: 11.771 GC heap before
{Heap before GC invocations=18 (full 4):
 def new generation   total 19968K, used 17774K [0x24000000, 0x255a0000, 0x29550000)
  eden space 17792K,  99% used [0x24000000, 0x2515bad0, 0x25160000)
  from space 2176K,   0% used [0x25160000, 0x251600d8, 0x25380000)
  to   space 2176K,   0% used [0x25380000, 0x25380000, 0x255a0000)
 tenured generation   total 44260K, used 40513K [0x29550000, 0x2c089000, 0x34000000)
   the space 44260K,  91% used [0x29550000, 0x2bce0650, 0x2bce0800, 0x2c089000)
 compacting perm gen  total 12288K, used 9296K [0x34000000, 0x34c00000, 0x38000000)
   the space 12288K,  75% used [0x34000000, 0x34914238, 0x34914400, 0x34c00000)
    ro space 10240K,  42% used [0x38000000, 0x38434778, 0x38434800, 0x38a00000)
    rw space 12288K,  52% used [0x38a00000, 0x39049a68, 0x39049c00, 0x39600000)
Event: 11.777 GC heap after
Heap after GC invocations=19 (full 4):
 def new generation   total 19968K, used 2176K [0x24000000, 0x255a0000, 0x29550000)
  eden space 17792K,   0% used [0x24000000, 0x24000000, 0x25160000)
  from space 2176K, 100% used [0x25380000, 0x255a0000, 0x255a0000)
  to   space 2176K,   0% used [0x25160000, 0x25160000, 0x25380000)
 tenured generation   total 44260K, used 41030K [0x29550000, 0x2c089000, 0x34000000)
   the space 44260K,  92% used [0x29550000, 0x2bd61870, 0x2bd61a00, 0x2c089000)
 compacting perm gen  total 12288K, used 9296K [0x34000000, 0x34c00000, 0x38000000)
   the space 12288K,  75% used [0x34000000, 0x34914238, 0x34914400, 0x34c00000)
    ro space 10240K,  42% used [0x38000000, 0x38434778, 0x38434800, 0x38a00000)
    rw space 12288K,  52% used [0x38a00000, 0x39049a68, 0x39049c00, 0x39600000)
}
Event: 12.044 GC heap before
{Heap before GC invocations=19 (full 4):
 def new generation   total 19968K, used 19968K [0x24000000, 0x255a0000, 0x29550000)
  eden space 17792K, 100% used [0x24000000, 0x25160000, 0x25160000)
  from space 2176K, 100% used [0x25380000, 0x255a0000, 0x255a0000)
  to   space 2176K,   0% used [0x25160000, 0x25160000, 0x25380000)
 tenured generation   total 44260K, used 41030K [0x29550000, 0x2c089000, 0x34000000)
   the space 44260K,  92% used [0x29550000, 0x2bd61870, 0x2bd61a00, 0x2c089000)
 compacting perm gen  total 12288K, used 9638K [0x34000000, 0x34c00000, 0x38000000)
   the space 12288K,  78% used [0x34000000, 0x34969b90, 0x34969c00, 0x34c00000)
    ro space 10240K,  42% used [0x38000000, 0x38434778, 0x38434800, 0x38a00000)
    rw space 12288K,  52% used [0x38a00000, 0x39049a68, 0x39049c00, 0x39600000)
Event: 12.137 GC heap after
Heap after GC invocations=20 (full 5):
 def new generation   total 23424K, used 0K [0x24000000, 0x25960000, 0x29550000)
  eden space 20864K,   0% used [0x24000000, 0x24000000, 0x25460000)
  from space 2560K,   0% used [0x25460000, 0x25460000, 0x256e0000)
  to   space 2560K,   0% used [0x256e0000, 0x256e0000, 0x25960000)
 tenured generation   total 51840K, used 31101K [0x29550000, 0x2c7f0000, 0x34000000)
   the space 51840K,  59% used [0x29550000, 0x2b3af790, 0x2b3af800, 0x2c7f0000)
 compacting perm gen  total 12288K, used 9638K [0x34000000, 0x34c00000, 0x38000000)
   the space 12288K,  78% used [0x34000000, 0x34969b90, 0x34969c00, 0x34c00000)
    ro space 10240K,  42% used [0x38000000, 0x38434778, 0x38434800, 0x38a00000)
    rw space 12288K,  52% used [0x38a00000, 0x39049a68, 0x39049c00, 0x39600000)
}

Deoptimization events (0 events):
No events

Internal exceptions (10 events):
Event: 12.288 Thread 0x056b8800 Threw 0x2456f128 at C:\re\jdk7u60\1081\hotspot\src\share\vm\prims\jvm.cpp:1244
Event: 12.288 Thread 0x056b8800 Threw 0x245742c0 at C:\re\jdk7u60\1081\hotspot\src\share\vm\prims\jvm.cpp:1244
Event: 12.289 Thread 0x056b8800 Threw 0x24578338 at C:\re\jdk7u60\1081\hotspot\src\share\vm\prims\jvm.cpp:1244
Event: 12.289 Thread 0x056b8800 Threw 0x245852d8 at C:\re\jdk7u60\1081\hotspot\src\share\vm\prims\jvm.cpp:1244
Event: 12.289 Thread 0x056b8800 Threw 0x24587608 at C:\re\jdk7u60\1081\hotspot\src\share\vm\prims\jvm.cpp:1244
Event: 12.290 Thread 0x056b8800 Threw 0x2458b080 at C:\re\jdk7u60\1081\hotspot\src\share\vm\prims\jvm.cpp:1244
Event: 12.291 Thread 0x056b8800 Threw 0x245904e0 at C:\re\jdk7u60\1081\hotspot\src\share\vm\prims\jvm.cpp:1244
Event: 12.291 Thread 0x056b8800 Threw 0x24595828 at C:\re\jdk7u60\1081\hotspot\src\share\vm\prims\jvm.cpp:1244
Event: 12.292 Thread 0x056b8800 Threw 0x245a1aa0 at C:\re\jdk7u60\1081\hotspot\src\share\vm\prims\jvm.cpp:1244
Event: 12.818 Thread 0x056bbc00 Threw 0x24014008 at C:\re\jdk7u60\1081\hotspot\src\share\vm\prims\jvm.cpp:2917

Events (10 events):
Event: 15.255 Thread 0x056ba400 Thread exited: 0x056ba400
Event: 15.255 loading class 0x39670c20
Event: 15.255 loading class 0x39670bc8
Event: 15.255 loading class 0x39670bc8 done
Event: 15.255 Thread 0x056bc000 Thread exited: 0x056bc000
Event: 15.255 loading class 0x39670c20 done
Event: 15.255 Thread 0x056bb000 Thread exited: 0x056bb000
Event: 15.268 Thread 0x04816800 Thread exited: 0x04816800
Event: 15.356 Thread 0x056bb400 Thread exited: 0x056bb400
Event: 15.356 Executing VM operation: Exit


Dynamic libraries:
0x00a70000 - 0x00a9f000 	C:\Program Files (x86)\Java\jre7\bin\javaw.exe
0x76fe0000 - 0x77137000 	C:\Windows\SYSTEM32\ntdll.dll
0x74690000 - 0x747c0000 	C:\Windows\SYSTEM32\KERNEL32.DLL
0x76a80000 - 0x76b27000 	C:\Windows\SYSTEM32\KERNELBASE.dll
0x747c0000 - 0x7486e000 	C:\Windows\SYSTEM32\ADVAPI32.dll
0x764f0000 - 0x76606000 	C:\Windows\SYSTEM32\USER32.dll
0x73130000 - 0x73328000 	C:\Windows\WinSxS\x86_microsoft.windows.common-controls_6595b64144ccf1df_6.0.9200.16579_none_8937eec6860750f5\COMCTL32.dll
0x76000000 - 0x760b1000 	C:\Windows\SYSTEM32\msvcrt.dll
0x74870000 - 0x748a4000 	C:\Windows\SYSTEM32\sechost.dll
0x760c0000 - 0x7616c000 	C:\Windows\SYSTEM32\RPCRT4.dll
0x748b0000 - 0x749ad000 	C:\Windows\SYSTEM32\GDI32.dll
0x745d0000 - 0x745ed000 	C:\Windows\SYSTEM32\SspiCli.dll
0x745c0000 - 0x745c9000 	C:\Windows\SYSTEM32\CRYPTBASE.dll
0x74560000 - 0x745b1000 	C:\Windows\SYSTEM32\bcryptPrimitives.dll
0x762e0000 - 0x76300000 	C:\Windows\system32\IMM32.DLL
0x76680000 - 0x7675e000 	C:\Windows\SYSTEM32\MSCTF.dll
0x5e940000 - 0x5e9ff000 	C:\Program Files (x86)\Java\jre7\bin\msvcr100.dll
0x5e310000 - 0x5e698000 	C:\Program Files (x86)\Java\jre7\bin\client\jvm.dll
0x71c10000 - 0x71c18000 	C:\Windows\SYSTEM32\WSOCK32.dll
0x71fb0000 - 0x71fd1000 	C:\Windows\SYSTEM32\WINMM.dll
0x76300000 - 0x76306000 	C:\Windows\SYSTEM32\PSAPI.DLL
0x75f80000 - 0x75fd0000 	C:\Windows\SYSTEM32\WS2_32.dll
0x71c70000 - 0x71c9b000 	C:\Windows\SYSTEM32\WINMMBASE.dll
0x75ff0000 - 0x75ff8000 	C:\Windows\SYSTEM32\NSI.dll
0x76b30000 - 0x76b76000 	C:\Windows\SYSTEM32\cfgmgr32.dll
0x75f00000 - 0x75f1e000 	C:\Windows\SYSTEM32\DEVOBJ.dll
0x720a0000 - 0x720ac000 	C:\Program Files (x86)\Java\jre7\bin\verify.dll
0x70bb0000 - 0x70bd0000 	C:\Program Files (x86)\Java\jre7\bin\java.dll
0x70b90000 - 0x70ba3000 	C:\Program Files (x86)\Java\jre7\bin\zip.dll
0x5e1c0000 - 0x5e303000 	C:\Program Files (x86)\Java\jre7\bin\awt.dll
0x76c00000 - 0x76c8b000 	C:\Windows\SYSTEM32\OLEAUT32.dll
0x76de0000 - 0x76f16000 	C:\Windows\SYSTEM32\combase.dll
0x72dd0000 - 0x72e77000 	C:\Windows\system32\apphelp.dll
0x71a40000 - 0x71a59000 	C:\Windows\system32\DWMAPI.DLL
0x726b0000 - 0x72738000 	C:\Windows\system32\uxtheme.dll
0x76760000 - 0x76879000 	C:\Windows\SYSTEM32\ole32.dll
0x74da0000 - 0x75e66000 	C:\Windows\SYSTEM32\SHELL32.dll
0x75f40000 - 0x75f80000 	C:\Windows\SYSTEM32\SHLWAPI.dll
0x73330000 - 0x733a3000 	C:\Windows\SYSTEM32\shcore.dll
0x5f990000 - 0x5f9c9000 	C:\Program Files (x86)\Java\jre7\bin\fontmanager.dll
0x6f250000 - 0x6f264000 	C:\Program Files (x86)\Java\jre7\bin\net.dll
0x72e80000 - 0x72eca000 	C:\Windows\system32\mswsock.dll
0x718a0000 - 0x718af000 	C:\Program Files (x86)\Java\jre7\bin\nio.dll
0x68440000 - 0x68470000 	C:\Program Files (x86)\Java\jre7\bin\t2k.dll
0x76b80000 - 0x76bf4000 	C:\Windows\SYSTEM32\clbcatq.dll
0x6a8a0000 - 0x6a9eb000 	C:\Windows\SYSTEM32\WindowsCodecs.dll
0x76dc0000 - 0x76dd1000 	C:\Windows\SYSTEM32\profapi.dll
0x60450000 - 0x60474000 	C:\Program Files (x86)\Java\jre7\bin\dcpr.dll
0x5e8d0000 - 0x5e93d000 	C:\binaries\terrajava.dll
0x58e80000 - 0x58f67000 	C:\binaries\terramanager-funcate.dll
0x573f0000 - 0x57c96000 	C:\binaries\terralib.dll
0x64af0000 - 0x64b59000 	C:\Windows\SYSTEM32\MSVCP100.dll
0x6d880000 - 0x6db4c000 	C:\binaries\bgd.dll
0x6ab50000 - 0x6ab6b000 	C:\binaries\terraogc_xml.dll
0x66b80000 - 0x66b9d000 	C:\binaries\terraogc_sld.dll
0x5e190000 - 0x5e1b6000 	C:\binaries\terraogc_se.dll
0x5e150000 - 0x5e186000 	C:\binaries\terraogc_filter.dll
0x5e0f0000 - 0x5e142000 	C:\binaries\terraogc_ows.dll
0x5e8b0000 - 0x5e8c9000 	C:\binaries\terraogc_common.dll
0x6f190000 - 0x6f19b000 	C:\binaries\terralib_shp.dll
0x5f980000 - 0x5f98e000 	C:\binaries\terralib_spl.dll
0x05d60000 - 0x06156000 	C:\binaries\qt-mt338.dll
0x613d0000 - 0x6149e000 	C:\Windows\SYSTEM32\OPENGL32.dll
0x613a0000 - 0x613c3000 	C:\Windows\SYSTEM32\GLU32.dll
0x5da40000 - 0x5dabf000 	C:\binaries\qwt500.dll
0x0f3d0000 - 0x113cf000 	C:\binaries\berkelium.dll
0x06160000 - 0x062a1000 	C:\binaries\LIBMYSQL.dll
0x63100000 - 0x63121000 	C:\binaries\LIBPQ.dll
0x062b0000 - 0x06311000 	C:\binaries\OCI.dll
0x59110000 - 0x5919a000 	C:\binaries\libtiff.dll
0x56580000 - 0x56d52000 	C:\binaries\gdal110.dll
0x12000000 - 0x121dc000 	C:\binaries\xerces-c_3_1.dll
0x58e20000 - 0x58e75000 	C:\binaries\terraogc_wms.dll
0x58dc0000 - 0x58e13000 	C:\binaries\terraogc_gml.dll
0x58d70000 - 0x58db1000 	C:\binaries\terraogc_xsd.dll
0x5a810000 - 0x5a830000 	C:\binaries\terraogc_xacml.dll
0x71f30000 - 0x71f90000 	C:\Windows\SYSTEM32\WINSPOOL.DRV
0x7c340000 - 0x7c396000 	C:\Windows\SYSTEM32\MSVCR71.dll
0x608a0000 - 0x60979000 	C:\Windows\SYSTEM32\DDRAW.dll
0x727a0000 - 0x727a9000 	C:\Windows\SYSTEM32\Secur32.dll
0x75f20000 - 0x75f3b000 	C:\Windows\SYSTEM32\USERENV.dll
0x71520000 - 0x71570000 	C:\Windows\SYSTEM32\OLEACC.dll
0x54200000 - 0x54276000 	C:\Windows\SYSTEM32\RICHED20.dll
0x72ee0000 - 0x72ee8000 	C:\Windows\SYSTEM32\VERSION.dll
0x720b0000 - 0x720c4000 	C:\Windows\SYSTEM32\USP10.dll
0x72c50000 - 0x72cc5000 	C:\Windows\SYSTEM32\DNSAPI.dll
0x063c0000 - 0x0646a000 	C:\Windows\libeay32.dll
0x06470000 - 0x0647d000 	C:\binaries\libintl-2.dll
0x72ed0000 - 0x72ed6000 	C:\Windows\SYSTEM32\SHFOLDER.DLL
0x06480000 - 0x064a6000 	C:\Windows\ssleay32.dll
0x064b0000 - 0x064d6000 	C:\binaries\libexpat.dll
0x60770000 - 0x60811000 	C:\Windows\SYSTEM32\ODBC32.dll
0x60760000 - 0x60767000 	C:\Windows\SYSTEM32\DCIMAN32.dll
0x663b0000 - 0x663db000 	C:\Windows\SYSTEM32\msls31.dll
0x06530000 - 0x0660b000 	C:\binaries\libiconv-2.dll
0x6f600000 - 0x6f61d000 	C:\Windows\SYSTEM32\gpapi.dll
0x74530000 - 0x74556000 	C:\Windows\SYSTEM32\ntmarta.dll
0x50e40000 - 0x516e8000 	C:\binaries\icudt46.dll
0x53850000 - 0x53979000 	C:\Windows\SYSTEM32\dbghelp.dll
0x72040000 - 0x72050000 	C:\Windows\system32\napinsp.dll
0x72020000 - 0x72034000 	C:\Windows\system32\pnrpnsp.dll
0x72010000 - 0x72020000 	C:\Windows\system32\NLAapi.dll
0x72000000 - 0x72009000 	C:\Windows\System32\winrnr.dll
0x71ac0000 - 0x71ad0000 	C:\Windows\system32\wshbth.dll
0x71c30000 - 0x71c6f000 	C:\Windows\System32\fwpuclnt.dll
0x726a0000 - 0x726a7000 	C:\Windows\System32\rasadhlp.dll
0x730d0000 - 0x730ea000 	C:\Windows\SYSTEM32\CRYPTSP.dll
0x73090000 - 0x730ce000 	C:\Windows\system32\rsaenh.dll
0x72cd0000 - 0x72cf0000 	C:\Windows\SYSTEM32\IPHLPAPI.DLL
0x72c40000 - 0x72c48000 	C:\Windows\SYSTEM32\WINNSI.DLL
0x72c30000 - 0x72c40000 	C:\Windows\SYSTEM32\dhcpcsvc6.DLL
0x72c10000 - 0x72c22000 	C:\Windows\SYSTEM32\dhcpcsvc.DLL
0x590e0000 - 0x59105000 	C:\Program Files (x86)\Java\jre7\bin\jpeg.dll

VM Arguments:
jvm_args: -Dfile.encoding=ISO-8859-1 
java_command: com.nexusbr.gv.main.ConnectDBMain
Launcher Type: SUN_STANDARD

Environment Variables:
JAVA_HOME=C:\Program Files (x86)\Java\jre7
PATH=C:/Program Files (x86)/Java/jre7/bin/client;C:/Program Files (x86)/Java/jre7/bin;C:/Program Files (x86)/Java/jre7/lib/i386;C:\Program Files (x86)\PHP\;c:\Program Files (x86)\Intel\iCLS Client\;c:\Program Files\Intel\iCLS Client\;C:\Windows\system32;C:\Windows;C:\Windows\System32\Wbem;C:\Windows\System32\WindowsPowerShell\v1.0\;C:\Program Files\Intel\Intel(R) Management Engine Components\DAL;C:\Program Files\Intel\Intel(R) Management Engine Components\IPT;C:\Program Files (x86)\Intel\Intel(R) Management Engine Components\DAL;C:\Program Files (x86)\Intel\Intel(R) Management Engine Components\IPT;C:\Program Files (x86)\Intel\OpenCL SDK\3.0\bin\x86;C:\Program Files (x86)\Intel\OpenCL SDK\3.0\bin\x64;C:\Program Files (x86)\Windows Live\Shared;C:\binaries;c:\Program Files (x86)\Microsoft SQL Server\100\Tools\Binn\;c:\Program Files\Microsoft SQL Server\100\Tools\Binn\;c:\Program Files\Microsoft SQL Server\100\DTS\Binn\;C:\strawberry\c\bin;C:\strawberry\perl\site\bin;C:\strawberry\perl\bin;C:\Program Files (x86)\Microsoft SQL Server\110\Tools\Binn\ManagementStudio\;C:\Program Files (x86)\Microsoft SQL Server\110\Tools\Binn\;C:\Program Files\Microsoft SQL Server\110\Tools\Binn\;C:\Program Files (x86)\Microsoft SQL Server\110\DTS\Binn\;C:\Program Files\TortoiseSVN\bin;C:\Python34;C:\Program Files (x86)\Java\jre7\bin;C:\eclipse;
USERNAME=inacio
OS=Windows_NT
PROCESSOR_IDENTIFIER=Intel64 Family 6 Model 69 Stepping 1, GenuineIntel



---------------  S Y S T E M  ---------------

OS: Windows 8 , 64 bit Build 9200 

CPU:total 4 (2 cores per cpu, 2 threads per core) family 6 model 69 stepping 1, cmov, cx8, fxsr, mmx, sse, sse2, sse3, ssse3, sse4.1, sse4.2, popcnt, avx, avx2, aes, erms, ht, tsc, tscinvbit

Memory: 4k page, physical 8290700k(2131556k free), swap 9535884k(2655324k free)

vm_info: Java HotSpot(TM) Client VM (24.60-b09) for windows-x86 JRE (1.7.0_60-b19), built on May  7 2014 13:09:52 by "java_re" with unknown MS VC++:1600

time: Thu Jul 03 15:39:02 2014
elapsed time: 15 seconds

