#
# A fatal error has been detected by the Java Runtime Environment:
#
#  EXCEPTION_ACCESS_VIOLATION (0xc0000005) at pc=0x10169052, pid=4756, tid=8472
#
# JRE version: Java(TM) SE Runtime Environment (7.0_60-b19) (build 1.7.0_60-b19)
# Java VM: Java HotSpot(TM) Client VM (24.60-b09 mixed mode, sharing windows-x86 )
# Problematic frame:
# C  [berkelium.dll+0xa39052]
#
# Failed to write core dump. Minidumps are not enabled by default on client versions of Windows
#
# If you would like to submit a bug report, please visit:
#   http://bugreport.sun.com/bugreport/crash.jsp
#

---------------  T H R E A D  ---------------

Current thread (0x021dfc00):  VMThread [stack: 0x04370000,0x043c0000] [id=8472]

siginfo: ExceptionCode=0xc0000005, reading address 0x000000f8

Registers:
EAX=0x043beea4, EBX=0x000493e0, ECX=0x043beea4, EDX=0xfa1f0da0
ESP=0x043bee94, EBP=0x00000066, ESI=0x00000000, EDI=0x0c00b0a0
EIP=0x10169052, EFLAGS=0x00010206

Top of Stack: (sp=0x043bee94)
0x043bee94:   06d51168 06d51168 06caab00 00000000
0x043beea4:   fa1f0da0 00000065 06d43a20 06d4c900
0x043beeb4:   00000000 00000000 00000000 74616401
0x043beec4:   69642d61 06f50072 00000023 0000002f
0x043beed4:   00000000 06cd7070 002e5bd2 06d51000
0x043beee4:   06caab44 ffffff00 0f79bf20 112b9778
0x043beef4:   06820030 00000000 0000000f 112ba730
0x043bef04:   00000001 0f799783 00000008 00000001 

Instructions: (pc=0x10169052)
0x10169032:   03 00 00 57 53 e8 f4 c8 60 ff 8b ea 8d 54 24 10
0x10169042:   52 8b f8 e8 26 ca 00 00 83 c4 04 03 38 13 68 04
0x10169052:   8b 86 f8 00 00 00 0b 86 fc 00 00 00 89 7c 24 20
0x10169062:   89 6c 24 24 75 3e 39 84 24 d4 00 00 00 7f 35 7c 


Register to memory mapping:

EAX=
[error occurred during error reporting (printing register info), id 0xc0000005]

Stack: [0x04370000,0x043c0000],  sp=0x043bee94,  free space=315k
Native frames: (J=compiled Java code, j=interpreted, Vv=VM code, C=native code)
C  [berkelium.dll+0xa39052]

VM_Operation (0x0591e650): Exit, mode: safepoint, requested by thread 0x05496800


---------------  P R O C E S S  ---------------

Java Threads: ( => current thread )
  0x057ef800 JavaThread "WeakCollectionCleaner" daemon [_thread_blocked, id=72, stack(0x09780000,0x097d0000)]
  0x05842000 JavaThread "TimerQueue" daemon [_thread_blocked, id=7136, stack(0x076e0000,0x07730000)]
  0x0232e000 JavaThread "DestroyJavaVM" [_thread_blocked, id=9716, stack(0x00730000,0x00780000)]
  0x05496800 JavaThread "AWT-EventQueue-0" [_thread_blocked, id=7928, stack(0x058d0000,0x05920000)]
  0x04945800 JavaThread "AWT-Shutdown" [_thread_blocked, id=7732, stack(0x04fa0000,0x04ff0000)]
  0x04944c00 JavaThread "Java2D Disposer" daemon [_thread_blocked, id=9560, stack(0x04dc0000,0x04e10000)]
  0x0225b800 JavaThread "Service Thread" daemon [_thread_blocked, id=1036, stack(0x046d0000,0x04720000)]
  0x02257c00 JavaThread "C1 CompilerThread0" daemon [_thread_blocked, id=4580, stack(0x04640000,0x04690000)]
  0x02256800 JavaThread "Attach Listener" daemon [_thread_blocked, id=7924, stack(0x045b0000,0x04600000)]
  0x02250c00 JavaThread "Signal Dispatcher" daemon [_thread_blocked, id=9276, stack(0x04520000,0x04570000)]
  0x021e2800 JavaThread "Finalizer" daemon [_thread_blocked, id=10044, stack(0x04490000,0x044e0000)]
  0x021e1000 JavaThread "Reference Handler" daemon [_thread_blocked, id=7352, stack(0x04400000,0x04450000)]

Other Threads:
=>0x021dfc00 VMThread [stack: 0x04370000,0x043c0000] [id=8472]

VM state:at safepoint (shutting down)

VM Mutex/Monitor currently owned by a thread:  ([mutex/lock_event])
[0x0232c878] Threads_lock - owner thread: 0x021dfc00

Heap
 def new generation   total 37824K, used 14367K [0x24000000, 0x26900000, 0x29550000)
  eden space 33664K,  30% used [0x24000000, 0x249fc818, 0x260e0000)
  from space 4160K,  99% used [0x264f0000, 0x268fb7a8, 0x26900000)
  to   space 4160K,   0% used [0x260e0000, 0x260e0000, 0x264f0000)
 tenured generation   total 83704K, used 82631K [0x29550000, 0x2e70e000, 0x34000000)
   the space 83704K,  98% used [0x29550000, 0x2e601f00, 0x2e602000, 0x2e70e000)
 compacting perm gen  total 12288K, used 9502K [0x34000000, 0x34c00000, 0x38000000)
   the space 12288K,  77% used [0x34000000, 0x34947818, 0x34947a00, 0x34c00000)
    ro space 10240K,  42% used [0x38000000, 0x38434778, 0x38434800, 0x38a00000)
    rw space 12288K,  52% used [0x38a00000, 0x39049a68, 0x39049c00, 0x39600000)

Card table byte_map: [0x00980000,0x00a30000] byte_map_base: 0x00860000

Polling page: 0x00780000

Code Cache  [0x02330000, 0x02618000, 0x04330000)
 total_blobs=1780 nmethods=1490 adapters=226 free_code_cache=29814Kb largest_free_block=30530112

Compilation events (10 events):
Event: 59.354 Thread 0x02257c00 1495             java.util.concurrent.locks.AbstractQueuedSynchronizer::transferForSignal (45 bytes)
Event: 59.355 Thread 0x02257c00 nmethod 1495 0x02611788 code [0x026118a0, 0x026119d8]
Event: 60.714 Thread 0x02257c00 1496             java.awt.EventQueue::setCurrentEventAndMostRecentTime (8 bytes)
Event: 60.715 Thread 0x02257c00 nmethod 1496 0x02611ac8 code [0x02611be0, 0x02611c94]
Event: 60.826 Thread 0x02257c00 1497             java.util.concurrent.locks.AbstractQueuedSynchronizer::unparkSuccessor (84 bytes)
Event: 60.827 Thread 0x02257c00 nmethod 1497 0x02611d88 code [0x02611e90, 0x02611fbc]
Event: 60.835 Thread 0x02257c00 1498             java.util.HashSet::remove (20 bytes)
Event: 60.835 Thread 0x02257c00 nmethod 1498 0x02612108 code [0x02612210, 0x026122bc]
Event: 60.883 Thread 0x02257c00 1499             java.util.LinkedHashMap$Entry::access$600 (6 bytes)
Event: 60.883 Thread 0x02257c00 nmethod 1499 0x02612308 code [0x02612400, 0x026124c0]

GC Heap History (10 events):
Event: 19.395 GC heap before
{Heap before GC invocations=20 (full 5):
 def new generation   total 22976K, used 22896K [0x24000000, 0x258e0000, 0x29550000)
  eden space 20480K, 100% used [0x24000000, 0x25400000, 0x25400000)
  from space 2496K,  96% used [0x25670000, 0x258cc020, 0x258e0000)
  to   space 2496K,   0% used [0x25400000, 0x25400000, 0x25670000)
 tenured generation   total 50824K, used 34307K [0x29550000, 0x2c6f2000, 0x34000000)
   the space 50824K,  67% used [0x29550000, 0x2b6d0e60, 0x2b6d1000, 0x2c6f2000)
 compacting perm gen  total 12288K, used 9491K [0x34000000, 0x34c00000, 0x38000000)
   the space 12288K,  77% used [0x34000000, 0x34944e18, 0x34945000, 0x34c00000)
    ro space 10240K,  42% used [0x38000000, 0x38434778, 0x38434800, 0x38a00000)
    rw space 12288K,  52% used [0x38a00000, 0x39049a68, 0x39049c00, 0x39600000)
Event: 19.403 GC heap after
Heap after GC invocations=21 (full 5):
 def new generation   total 22976K, used 2343K [0x24000000, 0x258e0000, 0x29550000)
  eden space 20480K,   0% used [0x24000000, 0x24000000, 0x25400000)
  from space 2496K,  93% used [0x25400000, 0x25649d30, 0x25670000)
  to   space 2496K,   0% used [0x25670000, 0x25670000, 0x258e0000)
 tenured generation   total 50824K, used 47887K [0x29550000, 0x2c6f2000, 0x34000000)
   the space 50824K,  94% used [0x29550000, 0x2c413ec8, 0x2c414000, 0x2c6f2000)
 compacting perm gen  total 12288K, used 9491K [0x34000000, 0x34c00000, 0x38000000)
   the space 12288K,  77% used [0x34000000, 0x34944e18, 0x34945000, 0x34c00000)
    ro space 10240K,  42% used [0x38000000, 0x38434778, 0x38434800, 0x38a00000)
    rw space 12288K,  52% used [0x38a00000, 0x39049a68, 0x39049c00, 0x39600000)
}
Event: 35.109 GC heap before
{Heap before GC invocations=21 (full 5):
 def new generation   total 22976K, used 22821K [0x24000000, 0x258e0000, 0x29550000)
  eden space 20480K,  99% used [0x24000000, 0x253ff968, 0x25400000)
  from space 2496K,  93% used [0x25400000, 0x25649d30, 0x25670000)
  to   space 2496K,   0% used [0x25670000, 0x25670000, 0x258e0000)
 tenured generation   total 50824K, used 47887K [0x29550000, 0x2c6f2000, 0x34000000)
   the space 50824K,  94% used [0x29550000, 0x2c413ec8, 0x2c414000, 0x2c6f2000)
 compacting perm gen  total 12288K, used 9497K [0x34000000, 0x34c00000, 0x38000000)
   the space 12288K,  77% used [0x34000000, 0x34946688, 0x34946800, 0x34c00000)
    ro space 10240K,  42% used [0x38000000, 0x38434778, 0x38434800, 0x38a00000)
    rw space 12288K,  52% used [0x38a00000, 0x39049a68, 0x39049c00, 0x39600000)
Event: 35.181 GC heap after
Heap after GC invocations=22 (full 6):
 def new generation   total 37824K, used 0K [0x24000000, 0x26900000, 0x29550000)
  eden space 33664K,   0% used [0x24000000, 0x24000000, 0x260e0000)
  from space 4160K,   0% used [0x260e0000, 0x260e0000, 0x264f0000)
  to   space 4160K,   0% used [0x264f0000, 0x264f0000, 0x26900000)
 tenured generation   total 83704K, used 50220K [0x29550000, 0x2e70e000, 0x34000000)
   the space 83704K,  59% used [0x29550000, 0x2c65b3b0, 0x2c65b400, 0x2e70e000)
 compacting perm gen  total 12288K, used 9497K [0x34000000, 0x34c00000, 0x38000000)
   the space 12288K,  77% used [0x34000000, 0x34946688, 0x34946800, 0x34c00000)
    ro space 10240K,  42% used [0x38000000, 0x38434778, 0x38434800, 0x38a00000)
    rw space 12288K,  52% used [0x38a00000, 0x39049a68, 0x39049c00, 0x39600000)
}
Event: 44.010 GC heap before
{Heap before GC invocations=22 (full 6):
 def new generation   total 37824K, used 33556K [0x24000000, 0x26900000, 0x29550000)
  eden space 33664K,  99% used [0x24000000, 0x260c53d8, 0x260e0000)
  from space 4160K,   0% used [0x260e0000, 0x260e0000, 0x264f0000)
  to   space 4160K,   0% used [0x264f0000, 0x264f0000, 0x26900000)
 tenured generation   total 83704K, used 50220K [0x29550000, 0x2e70e000, 0x34000000)
   the space 83704K,  59% used [0x29550000, 0x2c65b3b0, 0x2c65b400, 0x2e70e000)
 compacting perm gen  total 12288K, used 9498K [0x34000000, 0x34c00000, 0x38000000)
   the space 12288K,  77% used [0x34000000, 0x34946828, 0x34946a00, 0x34c00000)
    ro space 10240K,  42% used [0x38000000, 0x38434778, 0x38434800, 0x38a00000)
    rw space 12288K,  52% used [0x38a00000, 0x39049a68, 0x39049c00, 0x39600000)
Event: 44.018 GC heap after
Heap after GC invocations=23 (full 6):
 def new generation   total 37824K, used 4160K [0x24000000, 0x26900000, 0x29550000)
  eden space 33664K,   0% used [0x24000000, 0x24000000, 0x260e0000)
  from space 4160K, 100% used [0x264f0000, 0x26900000, 0x26900000)
  to   space 4160K,   0% used [0x260e0000, 0x260e0000, 0x264f0000)
 tenured generation   total 83704K, used 63156K [0x29550000, 0x2e70e000, 0x34000000)
   the space 83704K,  75% used [0x29550000, 0x2d2fd018, 0x2d2fd200, 0x2e70e000)
 compacting perm gen  total 12288K, used 9498K [0x34000000, 0x34c00000, 0x38000000)
   the space 12288K,  77% used [0x34000000, 0x34946828, 0x34946a00, 0x34c00000)
    ro space 10240K,  42% used [0x38000000, 0x38434778, 0x38434800, 0x38a00000)
    rw space 12288K,  52% used [0x38a00000, 0x39049a68, 0x39049c00, 0x39600000)
}
Event: 49.316 GC heap before
{Heap before GC invocations=23 (full 6):
 def new generation   total 37824K, used 34932K [0x24000000, 0x26900000, 0x29550000)
  eden space 33664K,  91% used [0x24000000, 0x25e0d2c8, 0x260e0000)
  from space 4160K, 100% used [0x264f0000, 0x26900000, 0x26900000)
  to   space 4160K,   0% used [0x260e0000, 0x260e0000, 0x264f0000)
 tenured generation   total 83704K, used 63156K [0x29550000, 0x2e70e000, 0x34000000)
   the space 83704K,  75% used [0x29550000, 0x2d2fd018, 0x2d2fd200, 0x2e70e000)
 compacting perm gen  total 12288K, used 9498K [0x34000000, 0x34c00000, 0x38000000)
   the space 12288K,  77% used [0x34000000, 0x349468b8, 0x34946a00, 0x34c00000)
    ro space 10240K,  42% used [0x38000000, 0x38434778, 0x38434800, 0x38a00000)
    rw space 12288K,  52% used [0x38a00000, 0x39049a68, 0x39049c00, 0x39600000)
Event: 49.324 GC heap after
Heap after GC invocations=24 (full 6):
 def new generation   total 37824K, used 4160K [0x24000000, 0x26900000, 0x29550000)
  eden space 33664K,   0% used [0x24000000, 0x24000000, 0x260e0000)
  from space 4160K, 100% used [0x260e0000, 0x264f0000, 0x264f0000)
  to   space 4160K,   0% used [0x264f0000, 0x264f0000, 0x26900000)
 tenured generation   total 83704K, used 73550K [0x29550000, 0x2e70e000, 0x34000000)
   the space 83704K,  87% used [0x29550000, 0x2dd23ad0, 0x2dd23c00, 0x2e70e000)
 compacting perm gen  total 12288K, used 9498K [0x34000000, 0x34c00000, 0x38000000)
   the space 12288K,  77% used [0x34000000, 0x349468b8, 0x34946a00, 0x34c00000)
    ro space 10240K,  42% used [0x38000000, 0x38434778, 0x38434800, 0x38a00000)
    rw space 12288K,  52% used [0x38a00000, 0x39049a68, 0x39049c00, 0x39600000)
}
Event: 55.878 GC heap before
{Heap before GC invocations=24 (full 6):
 def new generation   total 37824K, used 37824K [0x24000000, 0x26900000, 0x29550000)
  eden space 33664K, 100% used [0x24000000, 0x260e0000, 0x260e0000)
  from space 4160K, 100% used [0x260e0000, 0x264f0000, 0x264f0000)
  to   space 4160K,   0% used [0x264f0000, 0x264f0000, 0x26900000)
 tenured generation   total 83704K, used 73550K [0x29550000, 0x2e70e000, 0x34000000)
   the space 83704K,  87% used [0x29550000, 0x2dd23ad0, 0x2dd23c00, 0x2e70e000)
 compacting perm gen  total 12288K, used 9498K [0x34000000, 0x34c00000, 0x38000000)
   the space 12288K,  77% used [0x34000000, 0x349469b8, 0x34946a00, 0x34c00000)
    ro space 10240K,  42% used [0x38000000, 0x38434778, 0x38434800, 0x38a00000)
    rw space 12288K,  52% used [0x38a00000, 0x39049a68, 0x39049c00, 0x39600000)
Event: 55.886 GC heap after
Heap after GC invocations=25 (full 6):
 def new generation   total 37824K, used 4141K [0x24000000, 0x26900000, 0x29550000)
  eden space 33664K,   0% used [0x24000000, 0x24000000, 0x260e0000)
  from space 4160K,  99% used [0x264f0000, 0x268fb7a8, 0x26900000)
  to   space 4160K,   0% used [0x260e0000, 0x260e0000, 0x264f0000)
 tenured generation   total 83704K, used 82631K [0x29550000, 0x2e70e000, 0x34000000)
   the space 83704K,  98% used [0x29550000, 0x2e601f00, 0x2e602000, 0x2e70e000)
 compacting perm gen  total 12288K, used 9498K [0x34000000, 0x34c00000, 0x38000000)
   the space 12288K,  77% used [0x34000000, 0x349469b8, 0x34946a00, 0x34c00000)
    ro space 10240K,  42% used [0x38000000, 0x38434778, 0x38434800, 0x38a00000)
    rw space 12288K,  52% used [0x38a00000, 0x39049a68, 0x39049c00, 0x39600000)
}

Deoptimization events (0 events):
No events

Internal exceptions (10 events):
Event: 35.331 Thread 0x0553a000 Threw 0x252a4748 at C:\re\jdk7u60\1081\hotspot\src\share\vm\interpreter\linkResolver.cpp:883
Event: 37.374 Thread 0x057ee000 Threw 0x25d2e6c0 at C:\re\jdk7u60\1081\hotspot\src\share\vm\prims\jvm.cpp:2917
Event: 43.631 Thread 0x057ee000 Threw 0x25f66288 at C:\re\jdk7u60\1081\hotspot\src\share\vm\prims\jvm.cpp:2917
Event: 44.098 Thread 0x057f0c00 Threw 0x2515b018 at C:\re\jdk7u60\1081\hotspot\src\share\vm\interpreter\linkResolver.cpp:883
Event: 44.216 Thread 0x057ee000 Threw 0x250971f0 at C:\re\jdk7u60\1081\hotspot\src\share\vm\prims\jvm.cpp:2917
Event: 49.247 Thread 0x057ed400 Threw 0x254283d0 at C:\re\jdk7u60\1081\hotspot\src\share\vm\prims\jvm.cpp:2917
Event: 49.351 Thread 0x084ad800 Threw 0x2468aa20 at C:\re\jdk7u60\1081\hotspot\src\share\vm\interpreter\linkResolver.cpp:883
Event: 50.900 Thread 0x057ed400 Threw 0x247c9210 at C:\re\jdk7u60\1081\hotspot\src\share\vm\prims\jvm.cpp:2917
Event: 54.809 Thread 0x084ad800 Threw 0x25f52e30 at C:\re\jdk7u60\1081\hotspot\src\share\vm\prims\jvm.cpp:2917
Event: 56.407 Thread 0x057ed400 Threw 0x249bca28 at C:\re\jdk7u60\1081\hotspot\src\share\vm\prims\jvm.cpp:2917

Events (10 events):
Event: 65.923 Thread 0x057f0400 Thread exited: 0x057f0400
Event: 65.923 loading class 0x39670c20
Event: 65.923 Thread 0x057f0000 Thread exited: 0x057f0000
Event: 65.923 loading class 0x39670bc8
Event: 65.923 loading class 0x39670bc8 done
Event: 65.923 loading class 0x39670c20 done
Event: 65.923 Thread 0x057ee800 Thread exited: 0x057ee800
Event: 65.930 Thread 0x04946000 Thread exited: 0x04946000
Event: 66.023 Thread 0x057ee000 Thread exited: 0x057ee000
Event: 66.024 Executing VM operation: Exit


Dynamic libraries:
0x00a70000 - 0x00a9f000 	C:\Program Files (x86)\Java\jre7\bin\javaw.exe
0x76fe0000 - 0x77137000 	C:\Windows\SYSTEM32\ntdll.dll
0x74690000 - 0x747c0000 	C:\Windows\SYSTEM32\KERNEL32.DLL
0x76a80000 - 0x76b27000 	C:\Windows\SYSTEM32\KERNELBASE.dll
0x747c0000 - 0x7486e000 	C:\Windows\SYSTEM32\ADVAPI32.dll
0x764f0000 - 0x76606000 	C:\Windows\SYSTEM32\USER32.dll
0x73130000 - 0x73328000 	C:\Windows\WinSxS\x86_microsoft.windows.common-controls_6595b64144ccf1df_6.0.9200.16579_none_8937eec6860750f5\COMCTL32.dll
0x76000000 - 0x760b1000 	C:\Windows\SYSTEM32\msvcrt.dll
0x74870000 - 0x748a4000 	C:\Windows\SYSTEM32\sechost.dll
0x760c0000 - 0x7616c000 	C:\Windows\SYSTEM32\RPCRT4.dll
0x748b0000 - 0x749ad000 	C:\Windows\SYSTEM32\GDI32.dll
0x745d0000 - 0x745ed000 	C:\Windows\SYSTEM32\SspiCli.dll
0x745c0000 - 0x745c9000 	C:\Windows\SYSTEM32\CRYPTBASE.dll
0x74560000 - 0x745b1000 	C:\Windows\SYSTEM32\bcryptPrimitives.dll
0x762e0000 - 0x76300000 	C:\Windows\system32\IMM32.DLL
0x76680000 - 0x7675e000 	C:\Windows\SYSTEM32\MSCTF.dll
0x5f9e0000 - 0x5fa9f000 	C:\Program Files (x86)\Java\jre7\bin\msvcr100.dll
0x6f250000 - 0x6f5d8000 	C:\Program Files (x86)\Java\jre7\bin\client\jvm.dll
0x71c10000 - 0x71c18000 	C:\Windows\SYSTEM32\WSOCK32.dll
0x71fb0000 - 0x71fd1000 	C:\Windows\SYSTEM32\WINMM.dll
0x76300000 - 0x76306000 	C:\Windows\SYSTEM32\PSAPI.DLL
0x75f80000 - 0x75fd0000 	C:\Windows\SYSTEM32\WS2_32.dll
0x71c70000 - 0x71c9b000 	C:\Windows\SYSTEM32\WINMMBASE.dll
0x75ff0000 - 0x75ff8000 	C:\Windows\SYSTEM32\NSI.dll
0x76b30000 - 0x76b76000 	C:\Windows\SYSTEM32\cfgmgr32.dll
0x75f00000 - 0x75f1e000 	C:\Windows\SYSTEM32\DEVOBJ.dll
0x720a0000 - 0x720ac000 	C:\Program Files (x86)\Java\jre7\bin\verify.dll
0x71910000 - 0x71930000 	C:\Program Files (x86)\Java\jre7\bin\java.dll
0x718d0000 - 0x718e3000 	C:\Program Files (x86)\Java\jre7\bin\zip.dll
0x5e360000 - 0x5e4a3000 	C:\Program Files (x86)\Java\jre7\bin\awt.dll
0x76c00000 - 0x76c8b000 	C:\Windows\SYSTEM32\OLEAUT32.dll
0x76de0000 - 0x76f16000 	C:\Windows\SYSTEM32\combase.dll
0x72dd0000 - 0x72e77000 	C:\Windows\system32\apphelp.dll
0x71a40000 - 0x71a59000 	C:\Windows\system32\DWMAPI.DLL
0x726b0000 - 0x72738000 	C:\Windows\system32\uxtheme.dll
0x76760000 - 0x76879000 	C:\Windows\SYSTEM32\ole32.dll
0x74da0000 - 0x75e66000 	C:\Windows\SYSTEM32\SHELL32.dll
0x75f40000 - 0x75f80000 	C:\Windows\SYSTEM32\SHLWAPI.dll
0x73330000 - 0x733a3000 	C:\Windows\SYSTEM32\shcore.dll
0x5f9a0000 - 0x5f9d9000 	C:\Program Files (x86)\Java\jre7\bin\fontmanager.dll
0x718b0000 - 0x718c4000 	C:\Program Files (x86)\Java\jre7\bin\net.dll
0x72e80000 - 0x72eca000 	C:\Windows\system32\mswsock.dll
0x718a0000 - 0x718af000 	C:\Program Files (x86)\Java\jre7\bin\nio.dll
0x5e330000 - 0x5e360000 	C:\Program Files (x86)\Java\jre7\bin\t2k.dll
0x76b80000 - 0x76bf4000 	C:\Windows\SYSTEM32\clbcatq.dll
0x6a8a0000 - 0x6a9eb000 	C:\Windows\SYSTEM32\WindowsCodecs.dll
0x76dc0000 - 0x76dd1000 	C:\Windows\SYSTEM32\profapi.dll
0x5e300000 - 0x5e324000 	C:\Program Files (x86)\Java\jre7\bin\dcpr.dll
0x5e290000 - 0x5e2fd000 	C:\binaries\terrajava.dll
0x5e1a0000 - 0x5e287000 	C:\binaries\terramanager-funcate.dll
0x573f0000 - 0x57c96000 	C:\binaries\terralib.dll
0x64af0000 - 0x64b59000 	C:\Windows\SYSTEM32\MSVCP100.dll
0x6d880000 - 0x6db4c000 	C:\binaries\bgd.dll
0x5f980000 - 0x5f99b000 	C:\binaries\terraogc_xml.dll
0x5e180000 - 0x5e19d000 	C:\binaries\terraogc_sld.dll
0x5e150000 - 0x5e176000 	C:\binaries\terraogc_se.dll
0x5e110000 - 0x5e146000 	C:\binaries\terraogc_filter.dll
0x5da60000 - 0x5dab2000 	C:\binaries\terraogc_ows.dll
0x5e0f0000 - 0x5e109000 	C:\binaries\terraogc_common.dll
0x5da50000 - 0x5da5b000 	C:\binaries\terralib_shp.dll
0x5da40000 - 0x5da4e000 	C:\binaries\terralib_spl.dll
0x05e70000 - 0x06266000 	C:\binaries\qt-mt338.dll
0x613d0000 - 0x6149e000 	C:\Windows\SYSTEM32\OPENGL32.dll
0x613a0000 - 0x613c3000 	C:\Windows\SYSTEM32\GLU32.dll
0x597c0000 - 0x5983f000 	C:\binaries\qwt500.dll
0x0f730000 - 0x1172f000 	C:\binaries\berkelium.dll
0x06270000 - 0x063b1000 	C:\binaries\LIBMYSQL.dll
0x63100000 - 0x63121000 	C:\binaries\LIBPQ.dll
0x063c0000 - 0x06421000 	C:\binaries\OCI.dll
0x59730000 - 0x597ba000 	C:\binaries\libtiff.dll
0x56580000 - 0x56d52000 	C:\binaries\gdal110.dll
0x12000000 - 0x121dc000 	C:\binaries\xerces-c_3_1.dll
0x596d0000 - 0x59725000 	C:\binaries\terraogc_wms.dll
0x59670000 - 0x596c3000 	C:\binaries\terraogc_gml.dll
0x59620000 - 0x59661000 	C:\binaries\terraogc_xsd.dll
0x5a810000 - 0x5a830000 	C:\binaries\terraogc_xacml.dll
0x71f30000 - 0x71f90000 	C:\Windows\SYSTEM32\WINSPOOL.DRV
0x7c340000 - 0x7c396000 	C:\Windows\SYSTEM32\MSVCR71.dll
0x608a0000 - 0x60979000 	C:\Windows\SYSTEM32\DDRAW.dll
0x727a0000 - 0x727a9000 	C:\Windows\SYSTEM32\Secur32.dll
0x75f20000 - 0x75f3b000 	C:\Windows\SYSTEM32\USERENV.dll
0x71520000 - 0x71570000 	C:\Windows\SYSTEM32\OLEACC.dll
0x54200000 - 0x54276000 	C:\Windows\SYSTEM32\RICHED20.dll
0x72ee0000 - 0x72ee8000 	C:\Windows\SYSTEM32\VERSION.dll
0x720b0000 - 0x720c4000 	C:\Windows\SYSTEM32\USP10.dll
0x72c50000 - 0x72cc5000 	C:\Windows\SYSTEM32\DNSAPI.dll
0x064d0000 - 0x0657a000 	C:\Windows\libeay32.dll
0x06580000 - 0x0658d000 	C:\binaries\libintl-2.dll
0x72ed0000 - 0x72ed6000 	C:\Windows\SYSTEM32\SHFOLDER.DLL
0x06590000 - 0x065b6000 	C:\Windows\ssleay32.dll
0x065c0000 - 0x065e6000 	C:\binaries\libexpat.dll
0x60770000 - 0x60811000 	C:\Windows\SYSTEM32\ODBC32.dll
0x60760000 - 0x60767000 	C:\Windows\SYSTEM32\DCIMAN32.dll
0x663b0000 - 0x663db000 	C:\Windows\SYSTEM32\msls31.dll
0x06640000 - 0x0671b000 	C:\binaries\libiconv-2.dll
0x6f600000 - 0x6f61d000 	C:\Windows\SYSTEM32\gpapi.dll
0x74530000 - 0x74556000 	C:\Windows\SYSTEM32\ntmarta.dll
0x54e60000 - 0x55708000 	C:\binaries\icudt46.dll
0x53850000 - 0x53979000 	C:\Windows\SYSTEM32\dbghelp.dll
0x72040000 - 0x72050000 	C:\Windows\system32\napinsp.dll
0x72020000 - 0x72034000 	C:\Windows\system32\pnrpnsp.dll
0x72010000 - 0x72020000 	C:\Windows\system32\NLAapi.dll
0x72000000 - 0x72009000 	C:\Windows\System32\winrnr.dll
0x71ac0000 - 0x71ad0000 	C:\Windows\system32\wshbth.dll
0x726a0000 - 0x726a7000 	C:\Windows\System32\rasadhlp.dll
0x71c30000 - 0x71c6f000 	C:\Windows\System32\fwpuclnt.dll
0x72cd0000 - 0x72cf0000 	C:\Windows\SYSTEM32\IPHLPAPI.DLL
0x72c40000 - 0x72c48000 	C:\Windows\SYSTEM32\WINNSI.DLL
0x730d0000 - 0x730ea000 	C:\Windows\SYSTEM32\CRYPTSP.dll
0x73090000 - 0x730ce000 	C:\Windows\system32\rsaenh.dll
0x72c30000 - 0x72c40000 	C:\Windows\SYSTEM32\dhcpcsvc6.DLL
0x72c10000 - 0x72c22000 	C:\Windows\SYSTEM32\dhcpcsvc.DLL
0x595f0000 - 0x59615000 	C:\Program Files (x86)\Java\jre7\bin\jpeg.dll

VM Arguments:
jvm_args: -Dfile.encoding=ISO-8859-1 
java_command: com.nexusbr.gv.main.ConnectDBMain
Launcher Type: SUN_STANDARD

Environment Variables:
JAVA_HOME=C:\Program Files (x86)\Java\jre7
PATH=C:/Program Files (x86)/Java/jre7/bin/client;C:/Program Files (x86)/Java/jre7/bin;C:/Program Files (x86)/Java/jre7/lib/i386;C:\Program Files (x86)\PHP\;c:\Program Files (x86)\Intel\iCLS Client\;c:\Program Files\Intel\iCLS Client\;C:\Windows\system32;C:\Windows;C:\Windows\System32\Wbem;C:\Windows\System32\WindowsPowerShell\v1.0\;C:\Program Files\Intel\Intel(R) Management Engine Components\DAL;C:\Program Files\Intel\Intel(R) Management Engine Components\IPT;C:\Program Files (x86)\Intel\Intel(R) Management Engine Components\DAL;C:\Program Files (x86)\Intel\Intel(R) Management Engine Components\IPT;C:\Program Files (x86)\Intel\OpenCL SDK\3.0\bin\x86;C:\Program Files (x86)\Intel\OpenCL SDK\3.0\bin\x64;C:\Program Files (x86)\Windows Live\Shared;C:\binaries;c:\Program Files (x86)\Microsoft SQL Server\100\Tools\Binn\;c:\Program Files\Microsoft SQL Server\100\Tools\Binn\;c:\Program Files\Microsoft SQL Server\100\DTS\Binn\;C:\strawberry\c\bin;C:\strawberry\perl\site\bin;C:\strawberry\perl\bin;C:\Program Files (x86)\Microsoft SQL Server\110\Tools\Binn\ManagementStudio\;C:\Program Files (x86)\Microsoft SQL Server\110\Tools\Binn\;C:\Program Files\Microsoft SQL Server\110\Tools\Binn\;C:\Program Files (x86)\Microsoft SQL Server\110\DTS\Binn\;C:\Program Files\TortoiseSVN\bin;C:\Python34;C:\Program Files (x86)\Java\jre7\bin;C:\eclipse;
USERNAME=inacio
OS=Windows_NT
PROCESSOR_IDENTIFIER=Intel64 Family 6 Model 69 Stepping 1, GenuineIntel



---------------  S Y S T E M  ---------------

OS: Windows 8 , 64 bit Build 9200 

CPU:total 4 (2 cores per cpu, 2 threads per core) family 6 model 69 stepping 1, cmov, cx8, fxsr, mmx, sse, sse2, sse3, ssse3, sse4.1, sse4.2, popcnt, avx, avx2, aes, erms, ht, tsc, tscinvbit

Memory: 4k page, physical 8290700k(4482272k free), swap 9535884k(4983116k free)

vm_info: Java HotSpot(TM) Client VM (24.60-b09) for windows-x86 JRE (1.7.0_60-b19), built on May  7 2014 13:09:52 by "java_re" with unknown MS VC++:1600

time: Wed Jul 02 17:31:55 2014
elapsed time: 66 seconds

