#
# A fatal error has been detected by the Java Runtime Environment:
#
#  EXCEPTION_ACCESS_VIOLATION (0xc0000005) at pc=0x10989052, pid=9504, tid=7332
#
# JRE version: Java(TM) SE Runtime Environment (7.0_60-b19) (build 1.7.0_60-b19)
# Java VM: Java HotSpot(TM) Client VM (24.60-b09 mixed mode, sharing windows-x86 )
# Problematic frame:
# C  [berkelium.dll+0xa39052]
#
# Failed to write core dump. Minidumps are not enabled by default on client versions of Windows
#
# If you would like to submit a bug report, please visit:
#   http://bugreport.sun.com/bugreport/crash.jsp
#

---------------  T H R E A D  ---------------

Current thread (0x021dfc00):  VMThread [stack: 0x044b0000,0x04500000] [id=7332]

siginfo: ExceptionCode=0xc0000005, reading address 0x000000f8

Registers:
EAX=0x044ff3a4, EBX=0x000493e0, ECX=0x044ff3a4, EDX=0x1fa5c208
ESP=0x044ff394, EBP=0x00000066, ESI=0x00000000, EDI=0x31876508
EIP=0x10989052, EFLAGS=0x00010206

Top of Stack: (sp=0x044ff394)
0x044ff394:   06ec1168 06ec1168 06e1ab00 00000000
0x044ff3a4:   1fa5c208 00000066 06eb3a20 06ebc900
0x044ff3b4:   00000000 00000000 00000000 74616401
0x044ff3c4:   69642d61 070d0072 00000023 0000002f
0x044ff3d4:   00000000 06e47070 002e5bd2 06ec1000
0x044ff3e4:   06e1ab44 ffffff00 0ffbbf20 11ad9778
0x044ff3f4:   068f0030 00000000 0000000f 11ada730
0x044ff404:   00000001 0ffb9783 00000008 00000001 

Instructions: (pc=0x10989052)
0x10989032:   03 00 00 57 53 e8 f4 c8 60 ff 8b ea 8d 54 24 10
0x10989042:   52 8b f8 e8 26 ca 00 00 83 c4 04 03 38 13 68 04
0x10989052:   8b 86 f8 00 00 00 0b 86 fc 00 00 00 89 7c 24 20
0x10989062:   89 6c 24 24 75 3e 39 84 24 d4 00 00 00 7f 35 7c 


Register to memory mapping:

EAX=
[error occurred during error reporting (printing register info), id 0xc0000005]

Stack: [0x044b0000,0x04500000],  sp=0x044ff394,  free space=316k
Native frames: (J=compiled Java code, j=interpreted, Vv=VM code, C=native code)
C  [berkelium.dll+0xa39052]

VM_Operation (0x05a9e950): Exit, mode: safepoint, requested by thread 0x05619800


---------------  P R O C E S S  ---------------

Java Threads: ( => current thread )
  0x05947400 JavaThread "Image Fetcher 0" daemon [_thread_blocked, id=3696, stack(0x078e0000,0x07930000)]
  0x05946c00 JavaThread "Thread-16" [_thread_blocked, id=7800, stack(0x09980000,0x099d0000)]
  0x05944000 JavaThread "WeakCollectionCleaner" daemon [_thread_blocked, id=6232, stack(0x098f0000,0x09940000)]
  0x05992400 JavaThread "TimerQueue" daemon [_thread_blocked, id=7808, stack(0x07850000,0x078a0000)]
  0x0584bc00 JavaThread "Image Fetcher 3" daemon [_thread_blocked, id=7660, stack(0x07780000,0x077d0000)]
  0x0232e000 JavaThread "DestroyJavaVM" [_thread_blocked, id=6676, stack(0x009b0000,0x00a00000)]
  0x05619800 JavaThread "AWT-EventQueue-0" [_thread_blocked, id=5320, stack(0x05a50000,0x05aa0000)]
  0x04ad2400 JavaThread "AWT-Shutdown" [_thread_blocked, id=6660, stack(0x05120000,0x05170000)]
  0x04ad1000 JavaThread "Java2D Disposer" daemon [_thread_blocked, id=1148, stack(0x05090000,0x050e0000)]
  0x0225b000 JavaThread "Service Thread" daemon [_thread_blocked, id=1688, stack(0x04810000,0x04860000)]
  0x02254800 JavaThread "C1 CompilerThread0" daemon [_thread_blocked, id=9404, stack(0x04780000,0x047d0000)]
  0x02252c00 JavaThread "Attach Listener" daemon [_thread_blocked, id=7540, stack(0x046f0000,0x04740000)]
  0x02250c00 JavaThread "Signal Dispatcher" daemon [_thread_blocked, id=4756, stack(0x04660000,0x046b0000)]
  0x021e2800 JavaThread "Finalizer" daemon [_thread_blocked, id=8252, stack(0x045d0000,0x04620000)]
  0x021e1000 JavaThread "Reference Handler" daemon [_thread_blocked, id=9256, stack(0x04540000,0x04590000)]

Other Threads:
=>0x021dfc00 VMThread [stack: 0x044b0000,0x04500000] [id=7332]

VM state:at safepoint (shutting down)

VM Mutex/Monitor currently owned by a thread:  ([mutex/lock_event])
[0x0232c128] Threads_lock - owner thread: 0x021dfc00

Heap
 def new generation   total 11712K, used 9972K [0x24000000, 0x24cb0000, 0x29550000)
  eden space 10432K,  95% used [0x24000000, 0x249bd030, 0x24a30000)
  from space 1280K,   0% used [0x24a30000, 0x24a30000, 0x24b70000)
  to   space 1280K,   0% used [0x24b70000, 0x24b70000, 0x24cb0000)
 tenured generation   total 25792K, used 15474K [0x29550000, 0x2ae80000, 0x34000000)
   the space 25792K,  59% used [0x29550000, 0x2a46c8e8, 0x2a46ca00, 0x2ae80000)
 compacting perm gen  total 12288K, used 8545K [0x34000000, 0x34c00000, 0x38000000)
   the space 12288K,  69% used [0x34000000, 0x34858480, 0x34858600, 0x34c00000)
    ro space 10240K,  42% used [0x38000000, 0x38434778, 0x38434800, 0x38a00000)
    rw space 12288K,  52% used [0x38a00000, 0x39049a68, 0x39049c00, 0x39600000)

Card table byte_map: [0x043c0000,0x04470000] byte_map_base: 0x042a0000

Polling page: 0x00940000

Code Cache  [0x023c0000, 0x02570000, 0x043c0000)
 total_blobs=1011 nmethods=724 adapters=223 free_code_cache=31048Kb largest_free_block=31792640

Compilation events (10 events):
Event: 4.940 Thread 0x02254800  727             sun.awt.image.PNGImageDecoder::sendPixels (44 bytes)
Event: 4.940 Thread 0x02254800 nmethod 727 0x0256ca08 code [0x0256cb00, 0x0256cbfc]
Event: 4.940 Thread 0x02254800  728   !         sun.awt.image.ImageRepresentation::getOpaqueRGBImage (164 bytes)
Event: 4.941 Thread 0x02254800 nmethod 728 0x0256cc88 code [0x0256cde0, 0x0256d1c0]
Event: 4.941 Thread 0x02254800  729             java.util.Hashtable::initHashSeedAsNeeded (61 bytes)
Event: 4.941 Thread 0x02254800 nmethod 729 0x0256d808 code [0x0256d910, 0x0256da2c]
Event: 4.941 Thread 0x02254800  730             sun.java2d.pipe.Region::dimAdd (20 bytes)
Event: 4.941 Thread 0x02254800 nmethod 730 0x0256da88 code [0x0256db80, 0x0256dc20]
Event: 4.942 Thread 0x02254800  731  s!         java.awt.Toolkit::getDefaultToolkit (39 bytes)
Event: 4.942 Thread 0x02254800 nmethod 731 0x0256dc88 code [0x0256ddc0, 0x0256e05c]

GC Heap History (10 events):
Event: 3.138 GC heap before
{Heap before GC invocations=9 (full 1):
 def new generation   total 9408K, used 9408K [0x24000000, 0x24a30000, 0x29550000)
  eden space 8384K, 100% used [0x24000000, 0x24830000, 0x24830000)
  from space 1024K, 100% used [0x24930000, 0x24a30000, 0x24a30000)
  to   space 1024K,   0% used [0x24830000, 0x24830000, 0x24930000)
 tenured generation   total 20744K, used 15839K [0x29550000, 0x2a992000, 0x34000000)
   the space 20744K,  76% used [0x29550000, 0x2a4c7f40, 0x2a4c8000, 0x2a992000)
 compacting perm gen  total 12288K, used 7714K [0x34000000, 0x34c00000, 0x38000000)
   the space 12288K,  62% used [0x34000000, 0x34788970, 0x34788a00, 0x34c00000)
    ro space 10240K,  42% used [0x38000000, 0x38434778, 0x38434800, 0x38a00000)
    rw space 12288K,  52% used [0x38a00000, 0x39049a68, 0x39049c00, 0x39600000)
Event: 3.146 GC heap after
Heap after GC invocations=10 (full 1):
 def new generation   total 9408K, used 1024K [0x24000000, 0x24a30000, 0x29550000)
  eden space 8384K,   0% used [0x24000000, 0x24000000, 0x24830000)
  from space 1024K, 100% used [0x24830000, 0x24930000, 0x24930000)
  to   space 1024K,   0% used [0x24930000, 0x24930000, 0x24a30000)
 tenured generation   total 20744K, used 17397K [0x29550000, 0x2a992000, 0x34000000)
   the space 20744K,  83% used [0x29550000, 0x2a64d5a0, 0x2a64d600, 0x2a992000)
 compacting perm gen  total 12288K, used 7714K [0x34000000, 0x34c00000, 0x38000000)
   the space 12288K,  62% used [0x34000000, 0x34788970, 0x34788a00, 0x34c00000)
    ro space 10240K,  42% used [0x38000000, 0x38434778, 0x38434800, 0x38a00000)
    rw space 12288K,  52% used [0x38a00000, 0x39049a68, 0x39049c00, 0x39600000)
}
Event: 3.312 GC heap before
{Heap before GC invocations=10 (full 1):
 def new generation   total 9408K, used 9119K [0x24000000, 0x24a30000, 0x29550000)
  eden space 8384K,  96% used [0x24000000, 0x247e7d00, 0x24830000)
  from space 1024K, 100% used [0x24830000, 0x24930000, 0x24930000)
  to   space 1024K,   0% used [0x24930000, 0x24930000, 0x24a30000)
 tenured generation   total 20744K, used 17397K [0x29550000, 0x2a992000, 0x34000000)
   the space 20744K,  83% used [0x29550000, 0x2a64d5a0, 0x2a64d600, 0x2a992000)
 compacting perm gen  total 12288K, used 8491K [0x34000000, 0x34c00000, 0x38000000)
   the space 12288K,  69% used [0x34000000, 0x3484ac70, 0x3484ae00, 0x34c00000)
    ro space 10240K,  42% used [0x38000000, 0x38434778, 0x38434800, 0x38a00000)
    rw space 12288K,  52% used [0x38a00000, 0x39049a68, 0x39049c00, 0x39600000)
Event: 3.320 GC heap after
Heap after GC invocations=11 (full 1):
 def new generation   total 9408K, used 1024K [0x24000000, 0x24a30000, 0x29550000)
  eden space 8384K,   0% used [0x24000000, 0x24000000, 0x24830000)
  from space 1024K, 100% used [0x24930000, 0x24a30000, 0x24a30000)
  to   space 1024K,   0% used [0x24830000, 0x24830000, 0x24930000)
 tenured generation   total 20744K, used 19994K [0x29550000, 0x2a992000, 0x34000000)
   the space 20744K,  96% used [0x29550000, 0x2a8d69f0, 0x2a8d6a00, 0x2a992000)
 compacting perm gen  total 12288K, used 8491K [0x34000000, 0x34c00000, 0x38000000)
   the space 12288K,  69% used [0x34000000, 0x3484ac70, 0x3484ae00, 0x34c00000)
    ro space 10240K,  42% used [0x38000000, 0x38434778, 0x38434800, 0x38a00000)
    rw space 12288K,  52% used [0x38a00000, 0x39049a68, 0x39049c00, 0x39600000)
}
Event: 3.358 GC heap before
{Heap before GC invocations=11 (full 1):
 def new generation   total 9408K, used 7824K [0x24000000, 0x24a30000, 0x29550000)
  eden space 8384K,  81% used [0x24000000, 0x246a41a0, 0x24830000)
  from space 1024K, 100% used [0x24930000, 0x24a30000, 0x24a30000)
  to   space 1024K,   0% used [0x24830000, 0x24830000, 0x24930000)
 tenured generation   total 20744K, used 19994K [0x29550000, 0x2a992000, 0x34000000)
   the space 20744K,  96% used [0x29550000, 0x2a8d69f0, 0x2a8d6a00, 0x2a992000)
 compacting perm gen  total 12288K, used 8500K [0x34000000, 0x34c00000, 0x38000000)
   the space 12288K,  69% used [0x34000000, 0x3484d070, 0x3484d200, 0x34c00000)
    ro space 10240K,  42% used [0x38000000, 0x38434778, 0x38434800, 0x38a00000)
    rw space 12288K,  52% used [0x38a00000, 0x39049a68, 0x39049c00, 0x39600000)
Event: 3.418 GC heap after
Heap after GC invocations=12 (full 2):
 def new generation   total 9728K, used 0K [0x24000000, 0x24a80000, 0x29550000)
  eden space 8704K,   0% used [0x24000000, 0x24000000, 0x24880000)
  from space 1024K,   0% used [0x24880000, 0x24880000, 0x24980000)
  to   space 1024K,   0% used [0x24980000, 0x24980000, 0x24a80000)
 tenured generation   total 21344K, used 12805K [0x29550000, 0x2aa28000, 0x34000000)
   the space 21344K,  59% used [0x29550000, 0x2a1d1788, 0x2a1d1800, 0x2aa28000)
 compacting perm gen  total 12288K, used 8500K [0x34000000, 0x34c00000, 0x38000000)
   the space 12288K,  69% used [0x34000000, 0x3484d070, 0x3484d200, 0x34c00000)
    ro space 10240K,  42% used [0x38000000, 0x38434778, 0x38434800, 0x38a00000)
    rw space 12288K,  52% used [0x38a00000, 0x39049a68, 0x39049c00, 0x39600000)
}
Event: 3.433 GC heap before
{Heap before GC invocations=12 (full 2):
 def new generation   total 9728K, used 7560K [0x24000000, 0x24a80000, 0x29550000)
  eden space 8704K,  86% used [0x24000000, 0x247620b8, 0x24880000)
  from space 1024K,   0% used [0x24880000, 0x24880000, 0x24980000)
  to   space 1024K,   0% used [0x24980000, 0x24980000, 0x24a80000)
 tenured generation   total 21344K, used 12805K [0x29550000, 0x2aa28000, 0x34000000)
   the space 21344K,  59% used [0x29550000, 0x2a1d1788, 0x2a1d1800, 0x2aa28000)
 compacting perm gen  total 12288K, used 8500K [0x34000000, 0x34c00000, 0x38000000)
   the space 12288K,  69% used [0x34000000, 0x3484d080, 0x3484d200, 0x34c00000)
    ro space 10240K,  42% used [0x38000000, 0x38434778, 0x38434800, 0x38a00000)
    rw space 12288K,  52% used [0x38a00000, 0x39049a68, 0x39049c00, 0x39600000)
Event: 3.436 GC heap after
Heap after GC invocations=13 (full 2):
 def new generation   total 9728K, used 6K [0x24000000, 0x24a80000, 0x29550000)
  eden space 8704K,   0% used [0x24000000, 0x24000000, 0x24880000)
  from space 1024K,   0% used [0x24980000, 0x24981a70, 0x24a80000)
  to   space 1024K,   0% used [0x24880000, 0x24880000, 0x24980000)
 tenured generation   total 21344K, used 20264K [0x29550000, 0x2aa28000, 0x34000000)
   the space 21344K,  94% used [0x29550000, 0x2a91a3b8, 0x2a91a400, 0x2aa28000)
 compacting perm gen  total 12288K, used 8500K [0x34000000, 0x34c00000, 0x38000000)
   the space 12288K,  69% used [0x34000000, 0x3484d080, 0x3484d200, 0x34c00000)
    ro space 10240K,  42% used [0x38000000, 0x38434778, 0x38434800, 0x38a00000)
    rw space 12288K,  52% used [0x38a00000, 0x39049a68, 0x39049c00, 0x39600000)
}
Event: 3.451 GC heap before
{Heap before GC invocations=13 (full 2):
 def new generation   total 9728K, used 7528K [0x24000000, 0x24a80000, 0x29550000)
  eden space 8704K,  86% used [0x24000000, 0x24758770, 0x24880000)
  from space 1024K,   0% used [0x24980000, 0x24981a70, 0x24a80000)
  to   space 1024K,   0% used [0x24880000, 0x24880000, 0x24980000)
 tenured generation   total 21344K, used 20264K [0x29550000, 0x2aa28000, 0x34000000)
   the space 21344K,  94% used [0x29550000, 0x2a91a3b8, 0x2a91a400, 0x2aa28000)
 compacting perm gen  total 12288K, used 8500K [0x34000000, 0x34c00000, 0x38000000)
   the space 12288K,  69% used [0x34000000, 0x3484d0c0, 0x3484d200, 0x34c00000)
    ro space 10240K,  42% used [0x38000000, 0x38434778, 0x38434800, 0x38a00000)
    rw space 12288K,  52% used [0x38a00000, 0x39049a68, 0x39049c00, 0x39600000)
Event: 3.533 GC heap after
Heap after GC invocations=14 (full 3):
 def new generation   total 11712K, used 0K [0x24000000, 0x24cb0000, 0x29550000)
  eden space 10432K,   0% used [0x24000000, 0x24000000, 0x24a30000)
  from space 1280K,   0% used [0x24a30000, 0x24a30000, 0x24b70000)
  to   space 1280K,   0% used [0x24b70000, 0x24b70000, 0x24cb0000)
 tenured generation   total 25792K, used 15474K [0x29550000, 0x2ae80000, 0x34000000)
   the space 25792K,  59% used [0x29550000, 0x2a46c8e8, 0x2a46ca00, 0x2ae80000)
 compacting perm gen  total 12288K, used 8500K [0x34000000, 0x34c00000, 0x38000000)
   the space 12288K,  69% used [0x34000000, 0x3484d0c0, 0x3484d200, 0x34c00000)
    ro space 10240K,  42% used [0x38000000, 0x38434778, 0x38434800, 0x38a00000)
    rw space 12288K,  52% used [0x38a00000, 0x39049a68, 0x39049c00, 0x39600000)
}

Deoptimization events (0 events):
No events

Internal exceptions (10 events):
Event: 3.300 Thread 0x05619800 Threw 0x245bf130 at C:\re\jdk7u60\1081\hotspot\src\share\vm\prims\jvm.cpp:1244
Event: 3.305 Thread 0x05619800 Threw 0x245c31a0 at C:\re\jdk7u60\1081\hotspot\src\share\vm\prims\jvm.cpp:1244
Event: 3.331 Thread 0x05619800 Threw 0x24102298 at C:\re\jdk7u60\1081\hotspot\src\share\vm\prims\jvm.cpp:1244
Event: 4.820 Thread 0x05943c00 Threw 0x248eea90 at C:\re\jdk7u60\1081\hotspot\src\share\vm\prims\jvm.cpp:1244
Event: 4.824 Thread 0x05946800 Threw 0x248fb6a0 at C:\re\jdk7u60\1081\hotspot\src\share\vm\prims\jvm.cpp:1244
Event: 4.825 Thread 0x05946800 Threw 0x24900968 at C:\re\jdk7u60\1081\hotspot\src\share\vm\prims\jvm.cpp:1244
Event: 4.826 Thread 0x05946800 Threw 0x24905e78 at C:\re\jdk7u60\1081\hotspot\src\share\vm\prims\jvm.cpp:1244
Event: 4.826 Thread 0x05946800 Threw 0x2490b308 at C:\re\jdk7u60\1081\hotspot\src\share\vm\prims\jvm.cpp:1244
Event: 4.827 Thread 0x05946800 Threw 0x24913040 at C:\re\jdk7u60\1081\hotspot\src\share\vm\prims\jvm.cpp:1244
Event: 4.962 Thread 0x0584bc00 Threw 0x24870278 at C:\re\jdk7u60\1081\hotspot\src\share\vm\prims\jvm.cpp:2917

Events (10 events):
Event: 5.098 loading class 0x39670c20
Event: 5.098 loading class 0x39670bc8
Event: 5.099 loading class 0x39670bc8 done
Event: 5.099 loading class 0x39670c20 done
Event: 5.099 Thread 0x05944c00 Thread exited: 0x05944c00
Event: 5.099 Thread 0x05945400 Thread exited: 0x05945400
Event: 5.099 Thread 0x05946800 Thread exited: 0x05946800
Event: 5.103 Thread 0x04ad3000 Thread exited: 0x04ad3000
Event: 5.200 Thread 0x05945800 Thread exited: 0x05945800
Event: 5.200 Executing VM operation: Exit


Dynamic libraries:
0x00a70000 - 0x00a9f000 	C:\Program Files (x86)\Java\jre7\bin\javaw.exe
0x76fe0000 - 0x77137000 	C:\Windows\SYSTEM32\ntdll.dll
0x74690000 - 0x747c0000 	C:\Windows\SYSTEM32\KERNEL32.DLL
0x76a80000 - 0x76b27000 	C:\Windows\SYSTEM32\KERNELBASE.dll
0x747c0000 - 0x7486e000 	C:\Windows\SYSTEM32\ADVAPI32.dll
0x764f0000 - 0x76606000 	C:\Windows\SYSTEM32\USER32.dll
0x73130000 - 0x73328000 	C:\Windows\WinSxS\x86_microsoft.windows.common-controls_6595b64144ccf1df_6.0.9200.16579_none_8937eec6860750f5\COMCTL32.dll
0x76000000 - 0x760b1000 	C:\Windows\SYSTEM32\msvcrt.dll
0x74870000 - 0x748a4000 	C:\Windows\SYSTEM32\sechost.dll
0x760c0000 - 0x7616c000 	C:\Windows\SYSTEM32\RPCRT4.dll
0x748b0000 - 0x749ad000 	C:\Windows\SYSTEM32\GDI32.dll
0x745d0000 - 0x745ed000 	C:\Windows\SYSTEM32\SspiCli.dll
0x745c0000 - 0x745c9000 	C:\Windows\SYSTEM32\CRYPTBASE.dll
0x74560000 - 0x745b1000 	C:\Windows\SYSTEM32\bcryptPrimitives.dll
0x762e0000 - 0x76300000 	C:\Windows\system32\IMM32.DLL
0x76680000 - 0x7675e000 	C:\Windows\SYSTEM32\MSCTF.dll
0x5f9e0000 - 0x5fa9f000 	C:\Program Files (x86)\Java\jre7\bin\msvcr100.dll
0x6f250000 - 0x6f5d8000 	C:\Program Files (x86)\Java\jre7\bin\client\jvm.dll
0x71c10000 - 0x71c18000 	C:\Windows\SYSTEM32\WSOCK32.dll
0x71fb0000 - 0x71fd1000 	C:\Windows\SYSTEM32\WINMM.dll
0x76300000 - 0x76306000 	C:\Windows\SYSTEM32\PSAPI.DLL
0x75f80000 - 0x75fd0000 	C:\Windows\SYSTEM32\WS2_32.dll
0x71c70000 - 0x71c9b000 	C:\Windows\SYSTEM32\WINMMBASE.dll
0x75ff0000 - 0x75ff8000 	C:\Windows\SYSTEM32\NSI.dll
0x76b30000 - 0x76b76000 	C:\Windows\SYSTEM32\cfgmgr32.dll
0x75f00000 - 0x75f1e000 	C:\Windows\SYSTEM32\DEVOBJ.dll
0x720a0000 - 0x720ac000 	C:\Program Files (x86)\Java\jre7\bin\verify.dll
0x71910000 - 0x71930000 	C:\Program Files (x86)\Java\jre7\bin\java.dll
0x718d0000 - 0x718e3000 	C:\Program Files (x86)\Java\jre7\bin\zip.dll
0x5e360000 - 0x5e4a3000 	C:\Program Files (x86)\Java\jre7\bin\awt.dll
0x76c00000 - 0x76c8b000 	C:\Windows\SYSTEM32\OLEAUT32.dll
0x76de0000 - 0x76f16000 	C:\Windows\SYSTEM32\combase.dll
0x72dd0000 - 0x72e77000 	C:\Windows\system32\apphelp.dll
0x71a40000 - 0x71a59000 	C:\Windows\system32\DWMAPI.DLL
0x726b0000 - 0x72738000 	C:\Windows\system32\uxtheme.dll
0x76760000 - 0x76879000 	C:\Windows\SYSTEM32\ole32.dll
0x74da0000 - 0x75e66000 	C:\Windows\SYSTEM32\SHELL32.dll
0x75f40000 - 0x75f80000 	C:\Windows\SYSTEM32\SHLWAPI.dll
0x73330000 - 0x733a3000 	C:\Windows\SYSTEM32\shcore.dll
0x5f9a0000 - 0x5f9d9000 	C:\Program Files (x86)\Java\jre7\bin\fontmanager.dll
0x718b0000 - 0x718c4000 	C:\Program Files (x86)\Java\jre7\bin\net.dll
0x72e80000 - 0x72eca000 	C:\Windows\system32\mswsock.dll
0x718a0000 - 0x718af000 	C:\Program Files (x86)\Java\jre7\bin\nio.dll
0x5e330000 - 0x5e360000 	C:\Program Files (x86)\Java\jre7\bin\t2k.dll
0x76b80000 - 0x76bf4000 	C:\Windows\SYSTEM32\clbcatq.dll
0x6a8a0000 - 0x6a9eb000 	C:\Windows\SYSTEM32\WindowsCodecs.dll
0x76dc0000 - 0x76dd1000 	C:\Windows\SYSTEM32\profapi.dll
0x5e300000 - 0x5e324000 	C:\Program Files (x86)\Java\jre7\bin\dcpr.dll
0x5e290000 - 0x5e2fd000 	C:\binaries\terrajava.dll
0x5e1a0000 - 0x5e287000 	C:\binaries\terramanager-funcate.dll
0x573f0000 - 0x57c96000 	C:\binaries\terralib.dll
0x64af0000 - 0x64b59000 	C:\Windows\SYSTEM32\MSVCP100.dll
0x6d880000 - 0x6db4c000 	C:\binaries\bgd.dll
0x5f980000 - 0x5f99b000 	C:\binaries\terraogc_xml.dll
0x5e180000 - 0x5e19d000 	C:\binaries\terraogc_sld.dll
0x5e150000 - 0x5e176000 	C:\binaries\terraogc_se.dll
0x5e110000 - 0x5e146000 	C:\binaries\terraogc_filter.dll
0x5da60000 - 0x5dab2000 	C:\binaries\terraogc_ows.dll
0x5e0f0000 - 0x5e109000 	C:\binaries\terraogc_common.dll
0x5da50000 - 0x5da5b000 	C:\binaries\terralib_shp.dll
0x5da40000 - 0x5da4e000 	C:\binaries\terralib_spl.dll
0x05fd0000 - 0x063c6000 	C:\binaries\qt-mt338.dll
0x613d0000 - 0x6149e000 	C:\Windows\SYSTEM32\OPENGL32.dll
0x613a0000 - 0x613c3000 	C:\Windows\SYSTEM32\GLU32.dll
0x597c0000 - 0x5983f000 	C:\binaries\qwt500.dll
0x0ff50000 - 0x11f4f000 	C:\binaries\berkelium.dll
0x063d0000 - 0x06511000 	C:\binaries\LIBMYSQL.dll
0x63100000 - 0x63121000 	C:\binaries\LIBPQ.dll
0x06520000 - 0x06581000 	C:\binaries\OCI.dll
0x59730000 - 0x597ba000 	C:\binaries\libtiff.dll
0x56580000 - 0x56d52000 	C:\binaries\gdal110.dll
0x12000000 - 0x121dc000 	C:\binaries\xerces-c_3_1.dll
0x596d0000 - 0x59725000 	C:\binaries\terraogc_wms.dll
0x59670000 - 0x596c3000 	C:\binaries\terraogc_gml.dll
0x59620000 - 0x59661000 	C:\binaries\terraogc_xsd.dll
0x5a810000 - 0x5a830000 	C:\binaries\terraogc_xacml.dll
0x71f30000 - 0x71f90000 	C:\Windows\SYSTEM32\WINSPOOL.DRV
0x7c340000 - 0x7c396000 	C:\Windows\SYSTEM32\MSVCR71.dll
0x608a0000 - 0x60979000 	C:\Windows\SYSTEM32\DDRAW.dll
0x727a0000 - 0x727a9000 	C:\Windows\SYSTEM32\Secur32.dll
0x75f20000 - 0x75f3b000 	C:\Windows\SYSTEM32\USERENV.dll
0x71520000 - 0x71570000 	C:\Windows\SYSTEM32\OLEACC.dll
0x54200000 - 0x54276000 	C:\Windows\SYSTEM32\RICHED20.dll
0x72ee0000 - 0x72ee8000 	C:\Windows\SYSTEM32\VERSION.dll
0x720b0000 - 0x720c4000 	C:\Windows\SYSTEM32\USP10.dll
0x72c50000 - 0x72cc5000 	C:\Windows\SYSTEM32\DNSAPI.dll
0x06630000 - 0x066da000 	C:\Windows\libeay32.dll
0x066e0000 - 0x066ed000 	C:\binaries\libintl-2.dll
0x72ed0000 - 0x72ed6000 	C:\Windows\SYSTEM32\SHFOLDER.DLL
0x066f0000 - 0x06716000 	C:\Windows\ssleay32.dll
0x06720000 - 0x06746000 	C:\binaries\libexpat.dll
0x60770000 - 0x60811000 	C:\Windows\SYSTEM32\ODBC32.dll
0x60760000 - 0x60767000 	C:\Windows\SYSTEM32\DCIMAN32.dll
0x663b0000 - 0x663db000 	C:\Windows\SYSTEM32\msls31.dll
0x067a0000 - 0x0687b000 	C:\binaries\libiconv-2.dll
0x6f600000 - 0x6f61d000 	C:\Windows\SYSTEM32\gpapi.dll
0x74530000 - 0x74556000 	C:\Windows\SYSTEM32\ntmarta.dll
0x54e60000 - 0x55708000 	C:\binaries\icudt46.dll
0x53850000 - 0x53979000 	C:\Windows\SYSTEM32\dbghelp.dll
0x72040000 - 0x72050000 	C:\Windows\system32\napinsp.dll
0x72020000 - 0x72034000 	C:\Windows\system32\pnrpnsp.dll
0x72010000 - 0x72020000 	C:\Windows\system32\NLAapi.dll
0x72000000 - 0x72009000 	C:\Windows\System32\winrnr.dll
0x71ac0000 - 0x71ad0000 	C:\Windows\system32\wshbth.dll
0x726a0000 - 0x726a7000 	C:\Windows\System32\rasadhlp.dll
0x71c30000 - 0x71c6f000 	C:\Windows\System32\fwpuclnt.dll
0x72cd0000 - 0x72cf0000 	C:\Windows\SYSTEM32\IPHLPAPI.DLL
0x72c40000 - 0x72c48000 	C:\Windows\SYSTEM32\WINNSI.DLL
0x730d0000 - 0x730ea000 	C:\Windows\SYSTEM32\CRYPTSP.dll
0x73090000 - 0x730ce000 	C:\Windows\system32\rsaenh.dll
0x72c30000 - 0x72c40000 	C:\Windows\SYSTEM32\dhcpcsvc6.DLL
0x72c10000 - 0x72c22000 	C:\Windows\SYSTEM32\dhcpcsvc.DLL
0x595f0000 - 0x59615000 	C:\Program Files (x86)\Java\jre7\bin\jpeg.dll

VM Arguments:
jvm_args: -Dfile.encoding=ISO-8859-1 
java_command: com.nexusbr.gv.main.ConnectDBMain
Launcher Type: SUN_STANDARD

Environment Variables:
JAVA_HOME=C:\Program Files (x86)\Java\jre7
PATH=C:/Program Files (x86)/Java/jre7/bin/client;C:/Program Files (x86)/Java/jre7/bin;C:/Program Files (x86)/Java/jre7/lib/i386;C:\Program Files (x86)\PHP\;c:\Program Files (x86)\Intel\iCLS Client\;c:\Program Files\Intel\iCLS Client\;C:\Windows\system32;C:\Windows;C:\Windows\System32\Wbem;C:\Windows\System32\WindowsPowerShell\v1.0\;C:\Program Files\Intel\Intel(R) Management Engine Components\DAL;C:\Program Files\Intel\Intel(R) Management Engine Components\IPT;C:\Program Files (x86)\Intel\Intel(R) Management Engine Components\DAL;C:\Program Files (x86)\Intel\Intel(R) Management Engine Components\IPT;C:\Program Files (x86)\Intel\OpenCL SDK\3.0\bin\x86;C:\Program Files (x86)\Intel\OpenCL SDK\3.0\bin\x64;C:\Program Files (x86)\Windows Live\Shared;C:\binaries;c:\Program Files (x86)\Microsoft SQL Server\100\Tools\Binn\;c:\Program Files\Microsoft SQL Server\100\Tools\Binn\;c:\Program Files\Microsoft SQL Server\100\DTS\Binn\;C:\strawberry\c\bin;C:\strawberry\perl\site\bin;C:\strawberry\perl\bin;C:\Program Files (x86)\Microsoft SQL Server\110\Tools\Binn\ManagementStudio\;C:\Program Files (x86)\Microsoft SQL Server\110\Tools\Binn\;C:\Program Files\Microsoft SQL Server\110\Tools\Binn\;C:\Program Files (x86)\Microsoft SQL Server\110\DTS\Binn\;C:\Program Files\TortoiseSVN\bin;C:\Python34;C:\Program Files (x86)\Java\jre7\bin;C:\eclipse;
USERNAME=inacio
OS=Windows_NT
PROCESSOR_IDENTIFIER=Intel64 Family 6 Model 69 Stepping 1, GenuineIntel



---------------  S Y S T E M  ---------------

OS: Windows 8 , 64 bit Build 9200 

CPU:total 4 (2 cores per cpu, 2 threads per core) family 6 model 69 stepping 1, cmov, cx8, fxsr, mmx, sse, sse2, sse3, ssse3, sse4.1, sse4.2, popcnt, avx, avx2, aes, erms, ht, tsc, tscinvbit

Memory: 4k page, physical 8290700k(4441068k free), swap 9535884k(4903320k free)

vm_info: Java HotSpot(TM) Client VM (24.60-b09) for windows-x86 JRE (1.7.0_60-b19), built on May  7 2014 13:09:52 by "java_re" with unknown MS VC++:1600

time: Wed Jul 02 17:42:24 2014
elapsed time: 5 seconds

