#
# A fatal error has been detected by the Java Runtime Environment:
#
#  EXCEPTION_ACCESS_VIOLATION (0xc0000005) at pc=0x10699052, pid=7860, tid=5816
#
# JRE version: Java(TM) SE Runtime Environment (7.0_60-b19) (build 1.7.0_60-b19)
# Java VM: Java HotSpot(TM) Client VM (24.60-b09 mixed mode, sharing windows-x86 )
# Problematic frame:
# C  [berkelium.dll+0xa39052]
#
# Failed to write core dump. Minidumps are not enabled by default on client versions of Windows
#
# If you would like to submit a bug report, please visit:
#   http://bugreport.sun.com/bugreport/crash.jsp
#

---------------  T H R E A D  ---------------

Current thread (0x0216fc00):  VMThread [stack: 0x04400000,0x04450000] [id=5816]

siginfo: ExceptionCode=0xc0000005, reading address 0x000000f8

Registers:
EAX=0x0444f5b4, EBX=0x000493e0, ECX=0x0444f5b4, EDX=0x67f1dfe8
ESP=0x0444f5a4, EBP=0x00000088, ESI=0x00000000, EDI=0x79d382e8
EIP=0x10699052, EFLAGS=0x00010206

Top of Stack: (sp=0x0444f5a4)
0x0444f5a4:   06dd1168 06dd1168 06d2ab00 00000000
0x0444f5b4:   67f1dfe8 00000088 06dc3a20 06dce900
0x0444f5c4:   00000000 00000000 00000000 74616401
0x0444f5d4:   69642d61 07040072 00000023 0000002f
0x0444f5e4:   00000000 06d57070 002e5bf4 06dd1000
0x0444f5f4:   06d2ab44 ffffff00 0fccbf20 117e9778
0x0444f604:   06880030 00000000 0000000f 117ea730
0x0444f614:   00000001 0fcc9783 00000008 00000001 

Instructions: (pc=0x10699052)
0x10699032:   03 00 00 57 53 e8 f4 c8 60 ff 8b ea 8d 54 24 10
0x10699042:   52 8b f8 e8 26 ca 00 00 83 c4 04 03 38 13 68 04
0x10699052:   8b 86 f8 00 00 00 0b 86 fc 00 00 00 89 7c 24 20
0x10699062:   89 6c 24 24 75 3e 39 84 24 d4 00 00 00 7f 35 7c 


Register to memory mapping:

EAX=
[error occurred during error reporting (printing register info), id 0xc0000005]

Stack: [0x04400000,0x04450000],  sp=0x0444f5a4,  free space=317k
Native frames: (J=compiled Java code, j=interpreted, Vv=VM code, C=native code)
C  [berkelium.dll+0xa39052]

[error occurred during error reporting (printing native stack), id 0xc0000005]

VM_Operation (0x059be790): Exit, mode: safepoint, requested by thread 0x05546000


---------------  P R O C E S S  ---------------

Java Threads: ( => current thread )
  0x0560a400 JavaThread "WeakCollectionCleaner" daemon [_thread_blocked, id=4292, stack(0x08ff0000,0x09040000)]
  0x058c5000 JavaThread "TimerQueue" daemon [_thread_blocked, id=10448, stack(0x077a0000,0x077f0000)]
  0x022ae000 JavaThread "DestroyJavaVM" [_thread_blocked, id=8656, stack(0x00730000,0x00780000)]
  0x05546000 JavaThread "AWT-EventQueue-0" [_thread_blocked, id=864, stack(0x05970000,0x059c0000)]
  0x04a24400 JavaThread "AWT-Shutdown" [_thread_blocked, id=6108, stack(0x05040000,0x05090000)]
  0x04a23800 JavaThread "Java2D Disposer" daemon [_thread_blocked, id=756, stack(0x04fb0000,0x05000000)]
  0x021ebc00 JavaThread "Service Thread" daemon [_thread_blocked, id=9876, stack(0x04760000,0x047b0000)]
  0x021e5800 JavaThread "C1 CompilerThread0" daemon [_thread_blocked, id=7628, stack(0x046d0000,0x04720000)]
  0x021e3c00 JavaThread "Attach Listener" daemon [_thread_blocked, id=584, stack(0x04640000,0x04690000)]
  0x021e2800 JavaThread "Signal Dispatcher" daemon [_thread_blocked, id=8780, stack(0x045b0000,0x04600000)]
  0x02172800 JavaThread "Finalizer" daemon [_thread_blocked, id=3780, stack(0x04520000,0x04570000)]
  0x02171000 JavaThread "Reference Handler" daemon [_thread_blocked, id=3660, stack(0x04490000,0x044e0000)]

Other Threads:
=>0x0216fc00 VMThread [stack: 0x04400000,0x04450000] [id=5816]

VM state:at safepoint (shutting down)

VM Mutex/Monitor currently owned by a thread:  ([mutex/lock_event])
[0x022ac1f8] Threads_lock - owner thread: 0x0216fc00

Heap
 def new generation   total 18944K, used 8005K [0x24000000, 0x25480000, 0x29550000)
  eden space 16896K,  35% used [0x24000000, 0x245d2e98, 0x25080000)
  from space 2048K,  99% used [0x25280000, 0x2547e690, 0x25480000)
  to   space 2048K,   0% used [0x25080000, 0x25080000, 0x25280000)
 tenured generation   total 41764K, used 31944K [0x29550000, 0x2be19000, 0x34000000)
   the space 41764K,  76% used [0x29550000, 0x2b482160, 0x2b482200, 0x2be19000)
 compacting perm gen  total 12288K, used 8600K [0x34000000, 0x34c00000, 0x38000000)
   the space 12288K,  69% used [0x34000000, 0x34866208, 0x34866400, 0x34c00000)
    ro space 10240K,  42% used [0x38000000, 0x38434778, 0x38434800, 0x38a00000)
    rw space 12288K,  52% used [0x38a00000, 0x39049a68, 0x39049c00, 0x39600000)

Card table byte_map: [0x042b0000,0x04360000] byte_map_base: 0x04190000

Polling page: 0x006d0000

Code Cache  [0x022b0000, 0x024a0000, 0x042b0000)
 total_blobs=1188 nmethods=899 adapters=225 free_code_cache=30815Kb largest_free_block=31554368

Compilation events (10 events):
Event: 9.979 Thread 0x021e5800  905             java.awt.AWTEvent::<init> (81 bytes)
Event: 9.980 Thread 0x021e5800 nmethod 905 0x02497248 code [0x02497370, 0x02497554]
Event: 9.980 Thread 0x021e5800  906             java.awt.Component::getNativeContainer (29 bytes)
Event: 9.980 Thread 0x021e5800 nmethod 906 0x024976c8 code [0x024977d0, 0x024978c0]
Event: 10.401 Thread 0x021e5800  907             java.util.concurrent.locks.AbstractQueuedSynchronizer::compareAndSetWaitStatus (13 bytes)
Event: 10.401 Thread 0x021e5800 nmethod 907 0x02497948 code [0x02497a40, 0x02497ad0]
Event: 12.490 Thread 0x021e5800  908             java.awt.geom.Path2D$Float::append (216 bytes)
Event: 12.492 Thread 0x021e5800 nmethod 908 0x02497b08 code [0x02497c80, 0x02498020]
Event: 13.492 Thread 0x021e5800  909             sun.java2d.pipe.Region::<init> (26 bytes)
Event: 13.493 Thread 0x021e5800 nmethod 909 0x02498308 code [0x02498400, 0x02498490]

GC Heap History (10 events):
Event: 3.442 GC heap before
{Heap before GC invocations=12 (full 2):
 def new generation   total 11584K, used 9607K [0x24000000, 0x24c90000, 0x29550000)
  eden space 10304K,  93% used [0x24000000, 0x24961c68, 0x24a10000)
  from space 1280K,   0% used [0x24a10000, 0x24a10000, 0x24b50000)
  to   space 1280K,   0% used [0x24b50000, 0x24b50000, 0x24c90000)
 tenured generation   total 25592K, used 15360K [0x29550000, 0x2ae4e000, 0x34000000)
   the space 25592K,  60% used [0x29550000, 0x2a450358, 0x2a450400, 0x2ae4e000)
 compacting perm gen  total 12288K, used 8519K [0x34000000, 0x34c00000, 0x38000000)
   the space 12288K,  69% used [0x34000000, 0x34851c28, 0x34851e00, 0x34c00000)
    ro space 10240K,  42% used [0x38000000, 0x38434778, 0x38434800, 0x38a00000)
    rw space 12288K,  52% used [0x38a00000, 0x39049a68, 0x39049c00, 0x39600000)
Event: 3.444 GC heap after
Heap after GC invocations=13 (full 2):
 def new generation   total 11584K, used 43K [0x24000000, 0x24c90000, 0x29550000)
  eden space 10304K,   0% used [0x24000000, 0x24000000, 0x24a10000)
  from space 1280K,   3% used [0x24b50000, 0x24b5ad10, 0x24c90000)
  to   space 1280K,   0% used [0x24a10000, 0x24a10000, 0x24b50000)
 tenured generation   total 25592K, used 24679K [0x29550000, 0x2ae4e000, 0x34000000)
   the space 25592K,  96% used [0x29550000, 0x2ad69dd0, 0x2ad69e00, 0x2ae4e000)
 compacting perm gen  total 12288K, used 8519K [0x34000000, 0x34c00000, 0x38000000)
   the space 12288K,  69% used [0x34000000, 0x34851c28, 0x34851e00, 0x34c00000)
    ro space 10240K,  42% used [0x38000000, 0x38434778, 0x38434800, 0x38a00000)
    rw space 12288K,  52% used [0x38a00000, 0x39049a68, 0x39049c00, 0x39600000)
}
Event: 3.459 GC heap before
{Heap before GC invocations=13 (full 2):
 def new generation   total 11584K, used 9461K [0x24000000, 0x24c90000, 0x29550000)
  eden space 10304K,  91% used [0x24000000, 0x249328c0, 0x24a10000)
  from space 1280K,   3% used [0x24b50000, 0x24b5ad10, 0x24c90000)
  to   space 1280K,   0% used [0x24a10000, 0x24a10000, 0x24b50000)
 tenured generation   total 25592K, used 24679K [0x29550000, 0x2ae4e000, 0x34000000)
   the space 25592K,  96% used [0x29550000, 0x2ad69dd0, 0x2ad69e00, 0x2ae4e000)
 compacting perm gen  total 12288K, used 8519K [0x34000000, 0x34c00000, 0x38000000)
   the space 12288K,  69% used [0x34000000, 0x34851c78, 0x34851e00, 0x34c00000)
    ro space 10240K,  42% used [0x38000000, 0x38434778, 0x38434800, 0x38a00000)
    rw space 12288K,  52% used [0x38a00000, 0x39049a68, 0x39049c00, 0x39600000)
Event: 3.501 GC heap after
Heap after GC invocations=14 (full 3):
 def new generation   total 13376K, used 0K [0x24000000, 0x24e80000, 0x29550000)
  eden space 11904K,   0% used [0x24000000, 0x24000000, 0x24ba0000)
  from space 1472K,   0% used [0x24ba0000, 0x24ba0000, 0x24d10000)
  to   space 1472K,   0% used [0x24d10000, 0x24d10000, 0x24e80000)
 tenured generation   total 29556K, used 17733K [0x29550000, 0x2b22d000, 0x34000000)
   the space 29556K,  59% used [0x29550000, 0x2a6a1578, 0x2a6a1600, 0x2b22d000)
 compacting perm gen  total 12288K, used 8519K [0x34000000, 0x34c00000, 0x38000000)
   the space 12288K,  69% used [0x34000000, 0x34851c78, 0x34851e00, 0x34c00000)
    ro space 10240K,  42% used [0x38000000, 0x38434778, 0x38434800, 0x38a00000)
    rw space 12288K,  52% used [0x38a00000, 0x39049a68, 0x39049c00, 0x39600000)
}
Event: 5.604 GC heap before
{Heap before GC invocations=14 (full 3):
 def new generation   total 13376K, used 9530K [0x24000000, 0x24e80000, 0x29550000)
  eden space 11904K,  80% used [0x24000000, 0x2494eb68, 0x24ba0000)
  from space 1472K,   0% used [0x24ba0000, 0x24ba0000, 0x24d10000)
  to   space 1472K,   0% used [0x24d10000, 0x24d10000, 0x24e80000)
 tenured generation   total 29556K, used 17733K [0x29550000, 0x2b22d000, 0x34000000)
   the space 29556K,  59% used [0x29550000, 0x2a6a1578, 0x2a6a1600, 0x2b22d000)
 compacting perm gen  total 12288K, used 8564K [0x34000000, 0x34c00000, 0x38000000)
   the space 12288K,  69% used [0x34000000, 0x3485d0c0, 0x3485d200, 0x34c00000)
    ro space 10240K,  42% used [0x38000000, 0x38434778, 0x38434800, 0x38a00000)
    rw space 12288K,  52% used [0x38a00000, 0x39049a68, 0x39049c00, 0x39600000)
Event: 5.607 GC heap after
Heap after GC invocations=15 (full 3):
 def new generation   total 13376K, used 145K [0x24000000, 0x24e80000, 0x29550000)
  eden space 11904K,   0% used [0x24000000, 0x24000000, 0x24ba0000)
  from space 1472K,   9% used [0x24d10000, 0x24d34408, 0x24e80000)
  to   space 1472K,   0% used [0x24ba0000, 0x24ba0000, 0x24d10000)
 tenured generation   total 29556K, used 26309K [0x29550000, 0x2b22d000, 0x34000000)
   the space 29556K,  89% used [0x29550000, 0x2af01468, 0x2af01600, 0x2b22d000)
 compacting perm gen  total 12288K, used 8564K [0x34000000, 0x34c00000, 0x38000000)
   the space 12288K,  69% used [0x34000000, 0x3485d0c0, 0x3485d200, 0x34c00000)
    ro space 10240K,  42% used [0x38000000, 0x38434778, 0x38434800, 0x38a00000)
    rw space 12288K,  52% used [0x38a00000, 0x39049a68, 0x39049c00, 0x39600000)
}
Event: 5.635 GC heap before
{Heap before GC invocations=15 (full 3):
 def new generation   total 13376K, used 9931K [0x24000000, 0x24e80000, 0x29550000)
  eden space 11904K,  82% used [0x24000000, 0x2498eb00, 0x24ba0000)
  from space 1472K,   9% used [0x24d10000, 0x24d34408, 0x24e80000)
  to   space 1472K,   0% used [0x24ba0000, 0x24ba0000, 0x24d10000)
 tenured generation   total 29556K, used 26309K [0x29550000, 0x2b22d000, 0x34000000)
   the space 29556K,  89% used [0x29550000, 0x2af01468, 0x2af01600, 0x2b22d000)
 compacting perm gen  total 12288K, used 8564K [0x34000000, 0x34c00000, 0x38000000)
   the space 12288K,  69% used [0x34000000, 0x3485d0d0, 0x3485d200, 0x34c00000)
    ro space 10240K,  42% used [0x38000000, 0x38434778, 0x38434800, 0x38a00000)
    rw space 12288K,  52% used [0x38a00000, 0x39049a68, 0x39049c00, 0x39600000)
Event: 5.698 GC heap after
Heap after GC invocations=16 (full 4):
 def new generation   total 18944K, used 0K [0x24000000, 0x25480000, 0x29550000)
  eden space 16896K,   0% used [0x24000000, 0x24000000, 0x25080000)
  from space 2048K,   0% used [0x25080000, 0x25080000, 0x25280000)
  to   space 2048K,   0% used [0x25280000, 0x25280000, 0x25480000)
 tenured generation   total 41764K, used 25056K [0x29550000, 0x2be19000, 0x34000000)
   the space 41764K,  59% used [0x29550000, 0x2adc8388, 0x2adc8400, 0x2be19000)
 compacting perm gen  total 12288K, used 8558K [0x34000000, 0x34c00000, 0x38000000)
   the space 12288K,  69% used [0x34000000, 0x3485b8b8, 0x3485ba00, 0x34c00000)
    ro space 10240K,  42% used [0x38000000, 0x38434778, 0x38434800, 0x38a00000)
    rw space 12288K,  52% used [0x38a00000, 0x39049a68, 0x39049c00, 0x39600000)
}
Event: 7.753 GC heap before
{Heap before GC invocations=16 (full 4):
 def new generation   total 18944K, used 17089K [0x24000000, 0x25480000, 0x29550000)
  eden space 16896K, 100% used [0x24000000, 0x25080000, 0x25080000)
  from space 2048K,   9% used [0x25080000, 0x250b06b8, 0x25280000)
  to   space 2048K,   0% used [0x25280000, 0x25280000, 0x25480000)
 tenured generation   total 41764K, used 25056K [0x29550000, 0x2be19000, 0x34000000)
   the space 41764K,  59% used [0x29550000, 0x2adc8388, 0x2adc8400, 0x2be19000)
 compacting perm gen  total 12288K, used 8558K [0x34000000, 0x34c00000, 0x38000000)
   the space 12288K,  69% used [0x34000000, 0x3485b9a8, 0x3485ba00, 0x34c00000)
    ro space 10240K,  42% used [0x38000000, 0x38434778, 0x38434800, 0x38a00000)
    rw space 12288K,  52% used [0x38a00000, 0x39049a68, 0x39049c00, 0x39600000)
Event: 7.757 GC heap after
Heap after GC invocations=17 (full 4):
 def new generation   total 18944K, used 2041K [0x24000000, 0x25480000, 0x29550000)
  eden space 16896K,   0% used [0x24000000, 0x24000000, 0x25080000)
  from space 2048K,  99% used [0x25280000, 0x2547e690, 0x25480000)
  to   space 2048K,   0% used [0x25080000, 0x25080000, 0x25280000)
 tenured generation   total 41764K, used 31944K [0x29550000, 0x2be19000, 0x34000000)
   the space 41764K,  76% used [0x29550000, 0x2b482160, 0x2b482200, 0x2be19000)
 compacting perm gen  total 12288K, used 8558K [0x34000000, 0x34c00000, 0x38000000)
   the space 12288K,  69% used [0x34000000, 0x3485b9a8, 0x3485ba00, 0x34c00000)
    ro space 10240K,  42% used [0x38000000, 0x38434778, 0x38434800, 0x38a00000)
    rw space 12288K,  52% used [0x38a00000, 0x39049a68, 0x39049c00, 0x39600000)
}

Deoptimization events (0 events):
No events

Internal exceptions (10 events):
Event: 5.617 Thread 0x05787800 Threw 0x24919b78 at C:\re\jdk7u60\1081\hotspot\src\share\vm\prims\jvm.cpp:2917
Event: 6.159 Thread 0x05787800 Threw 0x246b14f0 at C:\re\jdk7u60\1081\hotspot\src\share\vm\prims\jvm.cpp:2917
Event: 6.729 Thread 0x0560d400 Threw 0x24809340 at C:\re\jdk7u60\1081\hotspot\src\share\vm\prims\jvm.cpp:2917
Event: 8.089 Thread 0x05787800 Threw 0x24271e70 at C:\re\jdk7u60\1081\hotspot\src\share\vm\prims\jvm.cpp:2917
Event: 8.898 Thread 0x05546000 Threw 0x242c7410 at C:\re\jdk7u60\1081\hotspot\src\share\vm\prims\jvm.cpp:1244
Event: 8.900 Thread 0x05546000 Threw 0x242dd0d8 at C:\re\jdk7u60\1081\hotspot\src\share\vm\prims\jvm.cpp:1244
Event: 8.902 Thread 0x05546000 Threw 0x242e23c0 at C:\re\jdk7u60\1081\hotspot\src\share\vm\prims\jvm.cpp:1244
Event: 8.903 Thread 0x05546000 Threw 0x242e7be0 at C:\re\jdk7u60\1081\hotspot\src\share\vm\prims\jvm.cpp:1244
Event: 8.935 Thread 0x05787800 Threw 0x243128c0 at C:\re\jdk7u60\1081\hotspot\src\share\vm\prims\jvm.cpp:2917
Event: 9.275 Thread 0x0560d400 Threw 0x243353c8 at C:\re\jdk7u60\1081\hotspot\src\share\vm\prims\jvm.cpp:2917

Events (10 events):
Event: 14.354 loading class 0x39670c20
Event: 14.354 Thread 0x0560b000 Thread exited: 0x0560b000
Event: 14.354 loading class 0x39670bc8
Event: 14.354 Thread 0x0560dc00 Thread exited: 0x0560dc00
Event: 14.354 loading class 0x39670bc8 done
Event: 14.354 loading class 0x39670c20 done
Event: 14.354 Thread 0x0560a800 Thread exited: 0x0560a800
Event: 14.360 Thread 0x04a24c00 Thread exited: 0x04a24c00
Event: 14.455 Thread 0x0560bc00 Thread exited: 0x0560bc00
Event: 14.455 Executing VM operation: Exit


Dynamic libraries:
0x00a70000 - 0x00a9f000 	C:\Program Files (x86)\Java\jre7\bin\javaw.exe
0x76fe0000 - 0x77137000 	C:\Windows\SYSTEM32\ntdll.dll
0x74690000 - 0x747c0000 	C:\Windows\SYSTEM32\KERNEL32.DLL
0x76a80000 - 0x76b27000 	C:\Windows\SYSTEM32\KERNELBASE.dll
0x747c0000 - 0x7486e000 	C:\Windows\SYSTEM32\ADVAPI32.dll
0x764f0000 - 0x76606000 	C:\Windows\SYSTEM32\USER32.dll
0x73130000 - 0x73328000 	C:\Windows\WinSxS\x86_microsoft.windows.common-controls_6595b64144ccf1df_6.0.9200.16579_none_8937eec6860750f5\COMCTL32.dll
0x76000000 - 0x760b1000 	C:\Windows\SYSTEM32\msvcrt.dll
0x74870000 - 0x748a4000 	C:\Windows\SYSTEM32\sechost.dll
0x760c0000 - 0x7616c000 	C:\Windows\SYSTEM32\RPCRT4.dll
0x748b0000 - 0x749ad000 	C:\Windows\SYSTEM32\GDI32.dll
0x745d0000 - 0x745ed000 	C:\Windows\SYSTEM32\SspiCli.dll
0x745c0000 - 0x745c9000 	C:\Windows\SYSTEM32\CRYPTBASE.dll
0x74560000 - 0x745b1000 	C:\Windows\SYSTEM32\bcryptPrimitives.dll
0x762e0000 - 0x76300000 	C:\Windows\system32\IMM32.DLL
0x76680000 - 0x7675e000 	C:\Windows\SYSTEM32\MSCTF.dll
0x5e910000 - 0x5e9cf000 	C:\Program Files (x86)\Java\jre7\bin\msvcr100.dll
0x5e310000 - 0x5e698000 	C:\Program Files (x86)\Java\jre7\bin\client\jvm.dll
0x71c10000 - 0x71c18000 	C:\Windows\SYSTEM32\WSOCK32.dll
0x71fb0000 - 0x71fd1000 	C:\Windows\SYSTEM32\WINMM.dll
0x76300000 - 0x76306000 	C:\Windows\SYSTEM32\PSAPI.DLL
0x75f80000 - 0x75fd0000 	C:\Windows\SYSTEM32\WS2_32.dll
0x71c70000 - 0x71c9b000 	C:\Windows\SYSTEM32\WINMMBASE.dll
0x75ff0000 - 0x75ff8000 	C:\Windows\SYSTEM32\NSI.dll
0x76b30000 - 0x76b76000 	C:\Windows\SYSTEM32\cfgmgr32.dll
0x75f00000 - 0x75f1e000 	C:\Windows\SYSTEM32\DEVOBJ.dll
0x720a0000 - 0x720ac000 	C:\Program Files (x86)\Java\jre7\bin\verify.dll
0x70bb0000 - 0x70bd0000 	C:\Program Files (x86)\Java\jre7\bin\java.dll
0x70b90000 - 0x70ba3000 	C:\Program Files (x86)\Java\jre7\bin\zip.dll
0x6f490000 - 0x6f5d3000 	C:\Program Files (x86)\Java\jre7\bin\awt.dll
0x76c00000 - 0x76c8b000 	C:\Windows\SYSTEM32\OLEAUT32.dll
0x76de0000 - 0x76f16000 	C:\Windows\SYSTEM32\combase.dll
0x72dd0000 - 0x72e77000 	C:\Windows\system32\apphelp.dll
0x71a40000 - 0x71a59000 	C:\Windows\system32\DWMAPI.DLL
0x726b0000 - 0x72738000 	C:\Windows\system32\uxtheme.dll
0x76760000 - 0x76879000 	C:\Windows\SYSTEM32\ole32.dll
0x74da0000 - 0x75e66000 	C:\Windows\SYSTEM32\SHELL32.dll
0x75f40000 - 0x75f80000 	C:\Windows\SYSTEM32\SHLWAPI.dll
0x73330000 - 0x733a3000 	C:\Windows\SYSTEM32\shcore.dll
0x6f260000 - 0x6f299000 	C:\Program Files (x86)\Java\jre7\bin\fontmanager.dll
0x718d0000 - 0x718e4000 	C:\Program Files (x86)\Java\jre7\bin\net.dll
0x72e80000 - 0x72eca000 	C:\Windows\system32\mswsock.dll
0x718c0000 - 0x718cf000 	C:\Program Files (x86)\Java\jre7\bin\nio.dll
0x6f230000 - 0x6f260000 	C:\Program Files (x86)\Java\jre7\bin\t2k.dll
0x76b80000 - 0x76bf4000 	C:\Windows\SYSTEM32\clbcatq.dll
0x6a8a0000 - 0x6a9eb000 	C:\Windows\SYSTEM32\WindowsCodecs.dll
0x76dc0000 - 0x76dd1000 	C:\Windows\SYSTEM32\profapi.dll
0x60450000 - 0x60474000 	C:\Program Files (x86)\Java\jre7\bin\dcpr.dll
0x5e2a0000 - 0x5e30d000 	C:\binaries\terrajava.dll
0x5e1b0000 - 0x5e297000 	C:\binaries\terramanager-funcate.dll
0x59300000 - 0x59ba6000 	C:\binaries\terralib.dll
0x64af0000 - 0x64b59000 	C:\Windows\SYSTEM32\MSVCP100.dll
0x6d880000 - 0x6db4c000 	C:\binaries\bgd.dll
0x66b80000 - 0x66b9b000 	C:\binaries\terraogc_xml.dll
0x5f9b0000 - 0x5f9cd000 	C:\binaries\terraogc_sld.dll
0x5f980000 - 0x5f9a6000 	C:\binaries\terraogc_se.dll
0x5e8d0000 - 0x5e906000 	C:\binaries\terraogc_filter.dll
0x5e150000 - 0x5e1a2000 	C:\binaries\terraogc_ows.dll
0x5e8b0000 - 0x5e8c9000 	C:\binaries\terraogc_common.dll
0x71870000 - 0x7187b000 	C:\binaries\terralib_shp.dll
0x706d0000 - 0x706de000 	C:\binaries\terralib_spl.dll
0x05ee0000 - 0x062d6000 	C:\binaries\qt-mt338.dll
0x613d0000 - 0x6149e000 	C:\Windows\SYSTEM32\OPENGL32.dll
0x613a0000 - 0x613c3000 	C:\Windows\SYSTEM32\GLU32.dll
0x5da40000 - 0x5dabf000 	C:\binaries\qwt500.dll
0x0fc60000 - 0x11c5f000 	C:\binaries\berkelium.dll
0x062e0000 - 0x06421000 	C:\binaries\LIBMYSQL.dll
0x63100000 - 0x63121000 	C:\binaries\LIBPQ.dll
0x06430000 - 0x06491000 	C:\binaries\OCI.dll
0x59270000 - 0x592fa000 	C:\binaries\libtiff.dll
0x56580000 - 0x56d52000 	C:\binaries\gdal110.dll
0x12000000 - 0x121dc000 	C:\binaries\xerces-c_3_1.dll
0x5e0f0000 - 0x5e145000 	C:\binaries\terraogc_wms.dll
0x59210000 - 0x59263000 	C:\binaries\terraogc_gml.dll
0x591c0000 - 0x59201000 	C:\binaries\terraogc_xsd.dll
0x5a810000 - 0x5a830000 	C:\binaries\terraogc_xacml.dll
0x71f30000 - 0x71f90000 	C:\Windows\SYSTEM32\WINSPOOL.DRV
0x7c340000 - 0x7c396000 	C:\Windows\SYSTEM32\MSVCR71.dll
0x608a0000 - 0x60979000 	C:\Windows\SYSTEM32\DDRAW.dll
0x727a0000 - 0x727a9000 	C:\Windows\SYSTEM32\Secur32.dll
0x75f20000 - 0x75f3b000 	C:\Windows\SYSTEM32\USERENV.dll
0x71520000 - 0x71570000 	C:\Windows\SYSTEM32\OLEACC.dll
0x54200000 - 0x54276000 	C:\Windows\SYSTEM32\RICHED20.dll
0x72ee0000 - 0x72ee8000 	C:\Windows\SYSTEM32\VERSION.dll
0x720b0000 - 0x720c4000 	C:\Windows\SYSTEM32\USP10.dll
0x72c50000 - 0x72cc5000 	C:\Windows\SYSTEM32\DNSAPI.dll
0x06540000 - 0x065ea000 	C:\Windows\libeay32.dll
0x065f0000 - 0x065fd000 	C:\binaries\libintl-2.dll
0x72ed0000 - 0x72ed6000 	C:\Windows\SYSTEM32\SHFOLDER.DLL
0x06600000 - 0x06626000 	C:\Windows\ssleay32.dll
0x06630000 - 0x06656000 	C:\binaries\libexpat.dll
0x60770000 - 0x60811000 	C:\Windows\SYSTEM32\ODBC32.dll
0x60760000 - 0x60767000 	C:\Windows\SYSTEM32\DCIMAN32.dll
0x663b0000 - 0x663db000 	C:\Windows\SYSTEM32\msls31.dll
0x066b0000 - 0x0678b000 	C:\binaries\libiconv-2.dll
0x6f600000 - 0x6f61d000 	C:\Windows\SYSTEM32\gpapi.dll
0x74530000 - 0x74556000 	C:\Windows\SYSTEM32\ntmarta.dll
0x54e60000 - 0x55708000 	C:\binaries\icudt46.dll
0x53850000 - 0x53979000 	C:\Windows\SYSTEM32\dbghelp.dll
0x72040000 - 0x72050000 	C:\Windows\system32\napinsp.dll
0x72020000 - 0x72034000 	C:\Windows\system32\pnrpnsp.dll
0x72010000 - 0x72020000 	C:\Windows\system32\NLAapi.dll
0x72000000 - 0x72009000 	C:\Windows\System32\winrnr.dll
0x71ac0000 - 0x71ad0000 	C:\Windows\system32\wshbth.dll
0x726a0000 - 0x726a7000 	C:\Windows\System32\rasadhlp.dll
0x71c30000 - 0x71c6f000 	C:\Windows\System32\fwpuclnt.dll
0x72cd0000 - 0x72cf0000 	C:\Windows\SYSTEM32\IPHLPAPI.DLL
0x72c40000 - 0x72c48000 	C:\Windows\SYSTEM32\WINNSI.DLL
0x730d0000 - 0x730ea000 	C:\Windows\SYSTEM32\CRYPTSP.dll
0x73090000 - 0x730ce000 	C:\Windows\system32\rsaenh.dll
0x72c30000 - 0x72c40000 	C:\Windows\SYSTEM32\dhcpcsvc6.DLL
0x72c10000 - 0x72c22000 	C:\Windows\SYSTEM32\dhcpcsvc.DLL
0x59190000 - 0x591b5000 	C:\Program Files (x86)\Java\jre7\bin\jpeg.dll

VM Arguments:
jvm_args: -Dfile.encoding=ISO-8859-1 
java_command: com.nexusbr.gv.main.ConnectDBMain
Launcher Type: SUN_STANDARD

Environment Variables:
JAVA_HOME=C:\Program Files (x86)\Java\jre7
PATH=C:/Program Files (x86)/Java/jre7/bin/client;C:/Program Files (x86)/Java/jre7/bin;C:/Program Files (x86)/Java/jre7/lib/i386;C:\Program Files (x86)\PHP\;c:\Program Files (x86)\Intel\iCLS Client\;c:\Program Files\Intel\iCLS Client\;C:\Windows\system32;C:\Windows;C:\Windows\System32\Wbem;C:\Windows\System32\WindowsPowerShell\v1.0\;C:\Program Files\Intel\Intel(R) Management Engine Components\DAL;C:\Program Files\Intel\Intel(R) Management Engine Components\IPT;C:\Program Files (x86)\Intel\Intel(R) Management Engine Components\DAL;C:\Program Files (x86)\Intel\Intel(R) Management Engine Components\IPT;C:\Program Files (x86)\Intel\OpenCL SDK\3.0\bin\x86;C:\Program Files (x86)\Intel\OpenCL SDK\3.0\bin\x64;C:\Program Files (x86)\Windows Live\Shared;C:\binaries;c:\Program Files (x86)\Microsoft SQL Server\100\Tools\Binn\;c:\Program Files\Microsoft SQL Server\100\Tools\Binn\;c:\Program Files\Microsoft SQL Server\100\DTS\Binn\;C:\strawberry\c\bin;C:\strawberry\perl\site\bin;C:\strawberry\perl\bin;C:\Program Files (x86)\Microsoft SQL Server\110\Tools\Binn\ManagementStudio\;C:\Program Files (x86)\Microsoft SQL Server\110\Tools\Binn\;C:\Program Files\Microsoft SQL Server\110\Tools\Binn\;C:\Program Files (x86)\Microsoft SQL Server\110\DTS\Binn\;C:\Program Files\TortoiseSVN\bin;C:\Python34;C:\Program Files (x86)\Java\jre7\bin;C:\eclipse;
USERNAME=inacio
OS=Windows_NT
PROCESSOR_IDENTIFIER=Intel64 Family 6 Model 69 Stepping 1, GenuineIntel



---------------  S Y S T E M  ---------------

OS: Windows 8 , 64 bit Build 9200 

CPU:total 4 (2 cores per cpu, 2 threads per core) family 6 model 69 stepping 1, cmov, cx8, fxsr, mmx, sse, sse2, sse3, ssse3, sse4.1, sse4.2, popcnt, avx, avx2, aes, erms, ht, tsc, tscinvbit

Memory: 4k page, physical 8290700k(2453424k free), swap 9535884k(3668696k free)

vm_info: Java HotSpot(TM) Client VM (24.60-b09) for windows-x86 JRE (1.7.0_60-b19), built on May  7 2014 13:09:52 by "java_re" with unknown MS VC++:1600

time: Fri Jul 04 10:36:47 2014
elapsed time: 14 seconds

