#
# A fatal error has been detected by the Java Runtime Environment:
#
#  EXCEPTION_ACCESS_VIOLATION (0xc0000005) at pc=0x104f9052, pid=5904, tid=7024
#
# JRE version: Java(TM) SE Runtime Environment (7.0_60-b19) (build 1.7.0_60-b19)
# Java VM: Java HotSpot(TM) Client VM (24.60-b09 mixed mode, sharing windows-x86 )
# Problematic frame:
# C  [berkelium.dll+0xa39052]
#
# Failed to write core dump. Minidumps are not enabled by default on client versions of Windows
#
# If you would like to submit a bug report, please visit:
#   http://bugreport.sun.com/bugreport/crash.jsp
#

---------------  T H R E A D  ---------------

Current thread (0x0296fc00):  VMThread [stack: 0x04c70000,0x04cc0000] [id=7024]

siginfo: ExceptionCode=0xc0000005, reading address 0x000000f8

Registers:
EAX=0x04cbf0a4, EBX=0x000493e0, ECX=0x04cbf0a4, EDX=0x82b4a3c0
ESP=0x04cbf094, EBP=0x00000078, ESI=0x00000000, EDI=0x949646c0
EIP=0x104f9052, EFLAGS=0x00010206

Top of Stack: (sp=0x04cbf094)
0x04cbf094:   07681168 07681168 075dab00 00000000
0x04cbf0a4:   82b4a3c0 00000078 07673a20 0767c900
0x04cbf0b4:   00000000 00000000 00000000 74616401
0x04cbf0c4:   69642d61 078a0072 00000023 0000002f
0x04cbf0d4:   00000000 07607070 002e5be4 07681000
0x04cbf0e4:   075dab44 ffffff00 0fb2bf20 11649778
0x04cbf0f4:   07140030 00000000 0000000f 1164a730
0x04cbf104:   00000001 0fb29783 00000008 00000001 

Instructions: (pc=0x104f9052)
0x104f9032:   03 00 00 57 53 e8 f4 c8 60 ff 8b ea 8d 54 24 10
0x104f9042:   52 8b f8 e8 26 ca 00 00 83 c4 04 03 38 13 68 04
0x104f9052:   8b 86 f8 00 00 00 0b 86 fc 00 00 00 89 7c 24 20
0x104f9062:   89 6c 24 24 75 3e 39 84 24 d4 00 00 00 7f 35 7c 


Register to memory mapping:

EAX=
[error occurred during error reporting (printing register info), id 0xc0000005]

Stack: [0x04c70000,0x04cc0000],  sp=0x04cbf094,  free space=316k
Native frames: (J=compiled Java code, j=interpreted, Vv=VM code, C=native code)
C  [berkelium.dll+0xa39052]

[error occurred during error reporting (printing native stack), id 0xc0000005]

VM_Operation (0x0625e700): Exit, mode: safepoint, requested by thread 0x05dd8c00


---------------  P R O C E S S  ---------------

Java Threads: ( => current thread )
  0x06116c00 JavaThread "Image Fetcher 3" daemon [_thread_blocked, id=4900, stack(0x08180000,0x081d0000)]
  0x06115000 JavaThread "Thread-120" [_thread_blocked, id=10556, stack(0x07f90000,0x07fe0000)]
  0x060d9000 JavaThread "Image Fetcher 2" daemon [_thread_blocked, id=8848, stack(0x08060000,0x080b0000)]
  0x06114c00 JavaThread "WeakCollectionCleaner" daemon [_thread_blocked, id=10644, stack(0x0a140000,0x0a190000)]
  0x0612c400 JavaThread "TimerQueue" daemon [_thread_blocked, id=3868, stack(0x080f0000,0x08140000)]
  0x02a6e000 JavaThread "DestroyJavaVM" [_thread_blocked, id=8272, stack(0x02900000,0x02950000)]
  0x05dd8c00 JavaThread "AWT-EventQueue-0" [_thread_blocked, id=3124, stack(0x06210000,0x06260000)]
  0x05295800 JavaThread "AWT-Shutdown" [_thread_blocked, id=5592, stack(0x058e0000,0x05930000)]
  0x05294800 JavaThread "Java2D Disposer" daemon [_thread_blocked, id=11104, stack(0x056e0000,0x05730000)]
  0x029eb000 JavaThread "Service Thread" daemon [_thread_blocked, id=4180, stack(0x04fd0000,0x05020000)]
  0x029e4800 JavaThread "C1 CompilerThread0" daemon [_thread_blocked, id=8048, stack(0x04f40000,0x04f90000)]
  0x029e2c00 JavaThread "Attach Listener" daemon [_thread_blocked, id=8776, stack(0x04eb0000,0x04f00000)]
  0x029e0c00 JavaThread "Signal Dispatcher" daemon [_thread_blocked, id=7268, stack(0x04e20000,0x04e70000)]
  0x02972800 JavaThread "Finalizer" daemon [_thread_blocked, id=10000, stack(0x04d90000,0x04de0000)]
  0x02971000 JavaThread "Reference Handler" daemon [_thread_blocked, id=5148, stack(0x04d00000,0x04d50000)]

Other Threads:
=>0x0296fc00 VMThread [stack: 0x04c70000,0x04cc0000] [id=7024]

VM state:at safepoint (shutting down)

VM Mutex/Monitor currently owned by a thread:  ([mutex/lock_event])
[0x02a6c670] Threads_lock - owner thread: 0x0296fc00

Heap
 def new generation   total 41728K, used 19364K [0x24000000, 0x26d40000, 0x29550000)
  eden space 37120K,  41% used [0x24000000, 0x24f2c508, 0x26440000)
  from space 4608K,  83% used [0x268c0000, 0x26c7cdb0, 0x26d40000)
  to   space 4608K,   0% used [0x26440000, 0x26440000, 0x268c0000)
 tenured generation   total 92608K, used 55563K [0x29550000, 0x2efc0000, 0x34000000)
   the space 92608K,  59% used [0x29550000, 0x2cb92e30, 0x2cb93000, 0x2efc0000)
 compacting perm gen  total 12288K, used 10692K [0x34000000, 0x34c00000, 0x38000000)
   the space 12288K,  87% used [0x34000000, 0x34a71308, 0x34a71400, 0x34c00000)
    ro space 10240K,  42% used [0x38000000, 0x38434778, 0x38434800, 0x38a00000)
    rw space 12288K,  52% used [0x38a00000, 0x39049a68, 0x39049c00, 0x39600000)

Card table byte_map: [0x04af0000,0x04ba0000] byte_map_base: 0x049d0000

Polling page: 0x01030000

Code Cache  [0x02a70000, 0x02d88000, 0x04a70000)
 total_blobs=1886 nmethods=1588 adapters=234 free_code_cache=29626Kb largest_free_block=30336320

Compilation events (10 events):
Event: 38.764 Thread 0x029e4800 1600             java.awt.EventQueue$4::run (5 bytes)
Event: 38.764 Thread 0x029e4800 nmethod 1600 0x02d805c8 code [0x02d806f0, 0x02d80850]
Event: 38.765 Thread 0x029e4800 1601             java.awt.EventQueue$4::run (19 bytes)
Event: 38.765 Thread 0x029e4800 nmethod 1601 0x02d80a48 code [0x02d80b70, 0x02d80cd0]
Event: 39.035 Thread 0x029e4800 1602             sun.awt.windows.WComponentPeer::postEvent (17 bytes)
Event: 39.035 Thread 0x029e4800 nmethod 1602 0x02d80e88 code [0x02d80fa0, 0x02d81074]
Event: 39.091 Thread 0x029e4800 1603             sun.awt.im.InputMethodContext::dispatchEvent (62 bytes)
Event: 39.093 Thread 0x029e4800 nmethod 1603 0x02d81108 code [0x02d81280, 0x02d81510]
Event: 39.108 Thread 0x029e4800 1604             java.awt.Toolkit$ToolkitEventMulticaster::eventDispatched (27 bytes)
Event: 39.108 Thread 0x029e4800 nmethod 1604 0x02d81788 code [0x02d818b0, 0x02d81a08]

GC Heap History (10 events):
Event: 30.528 GC heap before
{Heap before GC invocations=68 (full 6):
 def new generation   total 41728K, used 37122K [0x24000000, 0x26d40000, 0x29550000)
  eden space 37120K, 100% used [0x24000000, 0x26440000, 0x26440000)
  from space 4608K,   0% used [0x26440000, 0x264409b8, 0x268c0000)
  to   space 4608K,   0% used [0x268c0000, 0x268c0000, 0x26d40000)
 tenured generation   total 92608K, used 55563K [0x29550000, 0x2efc0000, 0x34000000)
   the space 92608K,  59% used [0x29550000, 0x2cb92e30, 0x2cb93000, 0x2efc0000)
 compacting perm gen  total 12288K, used 10620K [0x34000000, 0x34c00000, 0x38000000)
   the space 12288K,  86% used [0x34000000, 0x34a5f300, 0x34a5f400, 0x34c00000)
    ro space 10240K,  42% used [0x38000000, 0x38434778, 0x38434800, 0x38a00000)
    rw space 12288K,  52% used [0x38a00000, 0x39049a68, 0x39049c00, 0x39600000)
Event: 30.528 GC heap after
Heap after GC invocations=69 (full 6):
 def new generation   total 41728K, used 2K [0x24000000, 0x26d40000, 0x29550000)
  eden space 37120K,   0% used [0x24000000, 0x24000000, 0x26440000)
  from space 4608K,   0% used [0x268c0000, 0x268c0958, 0x26d40000)
  to   space 4608K,   0% used [0x26440000, 0x26440000, 0x268c0000)
 tenured generation   total 92608K, used 55563K [0x29550000, 0x2efc0000, 0x34000000)
   the space 92608K,  59% used [0x29550000, 0x2cb92e30, 0x2cb93000, 0x2efc0000)
 compacting perm gen  total 12288K, used 10620K [0x34000000, 0x34c00000, 0x38000000)
   the space 12288K,  86% used [0x34000000, 0x34a5f300, 0x34a5f400, 0x34c00000)
    ro space 10240K,  42% used [0x38000000, 0x38434778, 0x38434800, 0x38a00000)
    rw space 12288K,  52% used [0x38a00000, 0x39049a68, 0x39049c00, 0x39600000)
}
Event: 30.578 GC heap before
{Heap before GC invocations=69 (full 6):
 def new generation   total 41728K, used 37122K [0x24000000, 0x26d40000, 0x29550000)
  eden space 37120K, 100% used [0x24000000, 0x26440000, 0x26440000)
  from space 4608K,   0% used [0x268c0000, 0x268c0958, 0x26d40000)
  to   space 4608K,   0% used [0x26440000, 0x26440000, 0x268c0000)
 tenured generation   total 92608K, used 55563K [0x29550000, 0x2efc0000, 0x34000000)
   the space 92608K,  59% used [0x29550000, 0x2cb92e30, 0x2cb93000, 0x2efc0000)
 compacting perm gen  total 12288K, used 10620K [0x34000000, 0x34c00000, 0x38000000)
   the space 12288K,  86% used [0x34000000, 0x34a5f300, 0x34a5f400, 0x34c00000)
    ro space 10240K,  42% used [0x38000000, 0x38434778, 0x38434800, 0x38a00000)
    rw space 12288K,  52% used [0x38a00000, 0x39049a68, 0x39049c00, 0x39600000)
Event: 30.579 GC heap after
Heap after GC invocations=70 (full 6):
 def new generation   total 41728K, used 2K [0x24000000, 0x26d40000, 0x29550000)
  eden space 37120K,   0% used [0x24000000, 0x24000000, 0x26440000)
  from space 4608K,   0% used [0x26440000, 0x26440958, 0x268c0000)
  to   space 4608K,   0% used [0x268c0000, 0x268c0000, 0x26d40000)
 tenured generation   total 92608K, used 55563K [0x29550000, 0x2efc0000, 0x34000000)
   the space 92608K,  59% used [0x29550000, 0x2cb92e30, 0x2cb93000, 0x2efc0000)
 compacting perm gen  total 12288K, used 10620K [0x34000000, 0x34c00000, 0x38000000)
   the space 12288K,  86% used [0x34000000, 0x34a5f300, 0x34a5f400, 0x34c00000)
    ro space 10240K,  42% used [0x38000000, 0x38434778, 0x38434800, 0x38a00000)
    rw space 12288K,  52% used [0x38a00000, 0x39049a68, 0x39049c00, 0x39600000)
}
Event: 30.629 GC heap before
{Heap before GC invocations=70 (full 6):
 def new generation   total 41728K, used 37122K [0x24000000, 0x26d40000, 0x29550000)
  eden space 37120K, 100% used [0x24000000, 0x26440000, 0x26440000)
  from space 4608K,   0% used [0x26440000, 0x26440958, 0x268c0000)
  to   space 4608K,   0% used [0x268c0000, 0x268c0000, 0x26d40000)
 tenured generation   total 92608K, used 55563K [0x29550000, 0x2efc0000, 0x34000000)
   the space 92608K,  59% used [0x29550000, 0x2cb92e30, 0x2cb93000, 0x2efc0000)
 compacting perm gen  total 12288K, used 10620K [0x34000000, 0x34c00000, 0x38000000)
   the space 12288K,  86% used [0x34000000, 0x34a5f300, 0x34a5f400, 0x34c00000)
    ro space 10240K,  42% used [0x38000000, 0x38434778, 0x38434800, 0x38a00000)
    rw space 12288K,  52% used [0x38a00000, 0x39049a68, 0x39049c00, 0x39600000)
Event: 30.629 GC heap after
Heap after GC invocations=71 (full 6):
 def new generation   total 41728K, used 2K [0x24000000, 0x26d40000, 0x29550000)
  eden space 37120K,   0% used [0x24000000, 0x24000000, 0x26440000)
  from space 4608K,   0% used [0x268c0000, 0x268c0898, 0x26d40000)
  to   space 4608K,   0% used [0x26440000, 0x26440000, 0x268c0000)
 tenured generation   total 92608K, used 55563K [0x29550000, 0x2efc0000, 0x34000000)
   the space 92608K,  59% used [0x29550000, 0x2cb92e30, 0x2cb93000, 0x2efc0000)
 compacting perm gen  total 12288K, used 10620K [0x34000000, 0x34c00000, 0x38000000)
   the space 12288K,  86% used [0x34000000, 0x34a5f300, 0x34a5f400, 0x34c00000)
    ro space 10240K,  42% used [0x38000000, 0x38434778, 0x38434800, 0x38a00000)
    rw space 12288K,  52% used [0x38a00000, 0x39049a68, 0x39049c00, 0x39600000)
}
Event: 30.679 GC heap before
{Heap before GC invocations=71 (full 6):
 def new generation   total 41728K, used 37122K [0x24000000, 0x26d40000, 0x29550000)
  eden space 37120K, 100% used [0x24000000, 0x26440000, 0x26440000)
  from space 4608K,   0% used [0x268c0000, 0x268c0898, 0x26d40000)
  to   space 4608K,   0% used [0x26440000, 0x26440000, 0x268c0000)
 tenured generation   total 92608K, used 55563K [0x29550000, 0x2efc0000, 0x34000000)
   the space 92608K,  59% used [0x29550000, 0x2cb92e30, 0x2cb93000, 0x2efc0000)
 compacting perm gen  total 12288K, used 10620K [0x34000000, 0x34c00000, 0x38000000)
   the space 12288K,  86% used [0x34000000, 0x34a5f300, 0x34a5f400, 0x34c00000)
    ro space 10240K,  42% used [0x38000000, 0x38434778, 0x38434800, 0x38a00000)
    rw space 12288K,  52% used [0x38a00000, 0x39049a68, 0x39049c00, 0x39600000)
Event: 30.680 GC heap after
Heap after GC invocations=72 (full 6):
 def new generation   total 41728K, used 2K [0x24000000, 0x26d40000, 0x29550000)
  eden space 37120K,   0% used [0x24000000, 0x24000000, 0x26440000)
  from space 4608K,   0% used [0x26440000, 0x26440898, 0x268c0000)
  to   space 4608K,   0% used [0x268c0000, 0x268c0000, 0x26d40000)
 tenured generation   total 92608K, used 55563K [0x29550000, 0x2efc0000, 0x34000000)
   the space 92608K,  59% used [0x29550000, 0x2cb92e30, 0x2cb93000, 0x2efc0000)
 compacting perm gen  total 12288K, used 10620K [0x34000000, 0x34c00000, 0x38000000)
   the space 12288K,  86% used [0x34000000, 0x34a5f300, 0x34a5f400, 0x34c00000)
    ro space 10240K,  42% used [0x38000000, 0x38434778, 0x38434800, 0x38a00000)
    rw space 12288K,  52% used [0x38a00000, 0x39049a68, 0x39049c00, 0x39600000)
}
Event: 33.863 GC heap before
{Heap before GC invocations=72 (full 6):
 def new generation   total 41728K, used 37125K [0x24000000, 0x26d40000, 0x29550000)
  eden space 37120K, 100% used [0x24000000, 0x26440000, 0x26440000)
  from space 4608K,   0% used [0x26440000, 0x264417e8, 0x268c0000)
  to   space 4608K,   0% used [0x268c0000, 0x268c0000, 0x26d40000)
 tenured generation   total 92608K, used 55563K [0x29550000, 0x2efc0000, 0x34000000)
   the space 92608K,  59% used [0x29550000, 0x2cb92e30, 0x2cb93000, 0x2efc0000)
 compacting perm gen  total 12288K, used 10629K [0x34000000, 0x34c00000, 0x38000000)
   the space 12288K,  86% used [0x34000000, 0x34a61460, 0x34a61600, 0x34c00000)
    ro space 10240K,  42% used [0x38000000, 0x38434778, 0x38434800, 0x38a00000)
    rw space 12288K,  52% used [0x38a00000, 0x39049a68, 0x39049c00, 0x39600000)
Event: 33.867 GC heap after
Heap after GC invocations=73 (full 6):
 def new generation   total 41728K, used 3827K [0x24000000, 0x26d40000, 0x29550000)
  eden space 37120K,   0% used [0x24000000, 0x24000000, 0x26440000)
  from space 4608K,  83% used [0x268c0000, 0x26c7cdb0, 0x26d40000)
  to   space 4608K,   0% used [0x26440000, 0x26440000, 0x268c0000)
 tenured generation   total 92608K, used 55563K [0x29550000, 0x2efc0000, 0x34000000)
   the space 92608K,  59% used [0x29550000, 0x2cb92e30, 0x2cb93000, 0x2efc0000)
 compacting perm gen  total 12288K, used 10629K [0x34000000, 0x34c00000, 0x38000000)
   the space 12288K,  86% used [0x34000000, 0x34a61460, 0x34a61600, 0x34c00000)
    ro space 10240K,  42% used [0x38000000, 0x38434778, 0x38434800, 0x38a00000)
    rw space 12288K,  52% used [0x38a00000, 0x39049a68, 0x39049c00, 0x39600000)
}

Deoptimization events (0 events):
No events

Internal exceptions (10 events):
Event: 36.668 Thread 0x05dd8c00 Threw 0x241f1c30 at C:\re\jdk7u60\1081\hotspot\src\share\vm\prims\jvm.cpp:1244
Event: 37.060 Thread 0x05dd8c00 Threw 0x241fde88 at C:\re\jdk7u60\1081\hotspot\src\share\vm\prims\jvm.cpp:1244
Event: 37.061 Thread 0x05dd8c00 Threw 0x242042d8 at C:\re\jdk7u60\1081\hotspot\src\share\vm\prims\jvm.cpp:1244
Event: 37.096 Thread 0x05dd8c00 Threw 0x242194f0 at C:\re\jdk7u60\1081\hotspot\src\share\vm\prims\jvm.cpp:1244
Event: 37.099 Thread 0x05dd8c00 Threw 0x242224a8 at C:\re\jdk7u60\1081\hotspot\src\share\vm\prims\jvm.cpp:1244
Event: 37.099 Thread 0x05dd8c00 Threw 0x2422b200 at C:\re\jdk7u60\1081\hotspot\src\share\vm\prims\jvm.cpp:1244
Event: 37.100 Thread 0x05dd8c00 Threw 0x24231988 at C:\re\jdk7u60\1081\hotspot\src\share\vm\prims\jvm.cpp:1244
Event: 37.101 Thread 0x05dd8c00 Threw 0x24236750 at C:\re\jdk7u60\1081\hotspot\src\share\vm\prims\jvm.cpp:1244
Event: 37.102 Thread 0x05dd8c00 Threw 0x242421f8 at C:\re\jdk7u60\1081\hotspot\src\share\vm\prims\jvm.cpp:1244
Event: 37.103 Thread 0x05dd8c00 Threw 0x242488d0 at C:\re\jdk7u60\1081\hotspot\src\share\vm\prims\jvm.cpp:1244

Events (10 events):
Event: 39.659 Thread 0x060d8000 Thread added: 0x060d8000
Event: 39.659 Thread 0x060d8800 Thread added: 0x060d8800
Event: 39.660 Thread 0x060d7c00 Thread exited: 0x060d7c00
Event: 39.660 loading class 0x39670c20
Event: 39.660 Thread 0x060d8000 Thread exited: 0x060d8000
Event: 39.660 loading class 0x39670c20 done
Event: 39.660 Thread 0x060d8800 Thread exited: 0x060d8800
Event: 39.670 Thread 0x05296400 Thread exited: 0x05296400
Event: 39.761 Thread 0x060d7400 Thread exited: 0x060d7400
Event: 39.761 Executing VM operation: Exit


Dynamic libraries:
0x00a70000 - 0x00a9f000 	C:\Program Files (x86)\Java\jre7\bin\javaw.exe
0x76fe0000 - 0x77137000 	C:\Windows\SYSTEM32\ntdll.dll
0x74690000 - 0x747c0000 	C:\Windows\SYSTEM32\KERNEL32.DLL
0x76a80000 - 0x76b27000 	C:\Windows\SYSTEM32\KERNELBASE.dll
0x747c0000 - 0x7486e000 	C:\Windows\SYSTEM32\ADVAPI32.dll
0x764f0000 - 0x76606000 	C:\Windows\SYSTEM32\USER32.dll
0x73130000 - 0x73328000 	C:\Windows\WinSxS\x86_microsoft.windows.common-controls_6595b64144ccf1df_6.0.9200.16579_none_8937eec6860750f5\COMCTL32.dll
0x76000000 - 0x760b1000 	C:\Windows\SYSTEM32\msvcrt.dll
0x74870000 - 0x748a4000 	C:\Windows\SYSTEM32\sechost.dll
0x760c0000 - 0x7616c000 	C:\Windows\SYSTEM32\RPCRT4.dll
0x748b0000 - 0x749ad000 	C:\Windows\SYSTEM32\GDI32.dll
0x745d0000 - 0x745ed000 	C:\Windows\SYSTEM32\SspiCli.dll
0x745c0000 - 0x745c9000 	C:\Windows\SYSTEM32\CRYPTBASE.dll
0x74560000 - 0x745b1000 	C:\Windows\SYSTEM32\bcryptPrimitives.dll
0x762e0000 - 0x76300000 	C:\Windows\system32\IMM32.DLL
0x76680000 - 0x7675e000 	C:\Windows\SYSTEM32\MSCTF.dll
0x5e940000 - 0x5e9ff000 	C:\Program Files (x86)\Java\jre7\bin\msvcr100.dll
0x5e310000 - 0x5e698000 	C:\Program Files (x86)\Java\jre7\bin\client\jvm.dll
0x71c10000 - 0x71c18000 	C:\Windows\SYSTEM32\WSOCK32.dll
0x71fb0000 - 0x71fd1000 	C:\Windows\SYSTEM32\WINMM.dll
0x76300000 - 0x76306000 	C:\Windows\SYSTEM32\PSAPI.DLL
0x75f80000 - 0x75fd0000 	C:\Windows\SYSTEM32\WS2_32.dll
0x71c70000 - 0x71c9b000 	C:\Windows\SYSTEM32\WINMMBASE.dll
0x75ff0000 - 0x75ff8000 	C:\Windows\SYSTEM32\NSI.dll
0x76b30000 - 0x76b76000 	C:\Windows\SYSTEM32\cfgmgr32.dll
0x75f00000 - 0x75f1e000 	C:\Windows\SYSTEM32\DEVOBJ.dll
0x720a0000 - 0x720ac000 	C:\Program Files (x86)\Java\jre7\bin\verify.dll
0x70bb0000 - 0x70bd0000 	C:\Program Files (x86)\Java\jre7\bin\java.dll
0x70b90000 - 0x70ba3000 	C:\Program Files (x86)\Java\jre7\bin\zip.dll
0x5e1c0000 - 0x5e303000 	C:\Program Files (x86)\Java\jre7\bin\awt.dll
0x76c00000 - 0x76c8b000 	C:\Windows\SYSTEM32\OLEAUT32.dll
0x76de0000 - 0x76f16000 	C:\Windows\SYSTEM32\combase.dll
0x72dd0000 - 0x72e77000 	C:\Windows\system32\apphelp.dll
0x71a40000 - 0x71a59000 	C:\Windows\system32\DWMAPI.DLL
0x726b0000 - 0x72738000 	C:\Windows\system32\uxtheme.dll
0x76760000 - 0x76879000 	C:\Windows\SYSTEM32\ole32.dll
0x74da0000 - 0x75e66000 	C:\Windows\SYSTEM32\SHELL32.dll
0x75f40000 - 0x75f80000 	C:\Windows\SYSTEM32\SHLWAPI.dll
0x73330000 - 0x733a3000 	C:\Windows\SYSTEM32\shcore.dll
0x5f990000 - 0x5f9c9000 	C:\Program Files (x86)\Java\jre7\bin\fontmanager.dll
0x6f250000 - 0x6f264000 	C:\Program Files (x86)\Java\jre7\bin\net.dll
0x72e80000 - 0x72eca000 	C:\Windows\system32\mswsock.dll
0x718a0000 - 0x718af000 	C:\Program Files (x86)\Java\jre7\bin\nio.dll
0x68440000 - 0x68470000 	C:\Program Files (x86)\Java\jre7\bin\t2k.dll
0x76b80000 - 0x76bf4000 	C:\Windows\SYSTEM32\clbcatq.dll
0x6a8a0000 - 0x6a9eb000 	C:\Windows\SYSTEM32\WindowsCodecs.dll
0x76dc0000 - 0x76dd1000 	C:\Windows\SYSTEM32\profapi.dll
0x60450000 - 0x60474000 	C:\Program Files (x86)\Java\jre7\bin\dcpr.dll
0x5e8d0000 - 0x5e93d000 	C:\binaries\terrajava.dll
0x58e80000 - 0x58f67000 	C:\binaries\terramanager-funcate.dll
0x573f0000 - 0x57c96000 	C:\binaries\terralib.dll
0x64af0000 - 0x64b59000 	C:\Windows\SYSTEM32\MSVCP100.dll
0x6d880000 - 0x6db4c000 	C:\binaries\bgd.dll
0x6ab50000 - 0x6ab6b000 	C:\binaries\terraogc_xml.dll
0x66b80000 - 0x66b9d000 	C:\binaries\terraogc_sld.dll
0x5e190000 - 0x5e1b6000 	C:\binaries\terraogc_se.dll
0x5e150000 - 0x5e186000 	C:\binaries\terraogc_filter.dll
0x5e0f0000 - 0x5e142000 	C:\binaries\terraogc_ows.dll
0x5e8b0000 - 0x5e8c9000 	C:\binaries\terraogc_common.dll
0x6f190000 - 0x6f19b000 	C:\binaries\terralib_shp.dll
0x5f980000 - 0x5f98e000 	C:\binaries\terralib_spl.dll
0x067a0000 - 0x06b96000 	C:\binaries\qt-mt338.dll
0x613d0000 - 0x6149e000 	C:\Windows\SYSTEM32\OPENGL32.dll
0x613a0000 - 0x613c3000 	C:\Windows\SYSTEM32\GLU32.dll
0x5da40000 - 0x5dabf000 	C:\binaries\qwt500.dll
0x0fac0000 - 0x11abf000 	C:\binaries\berkelium.dll
0x06ba0000 - 0x06ce1000 	C:\binaries\LIBMYSQL.dll
0x63100000 - 0x63121000 	C:\binaries\LIBPQ.dll
0x06cf0000 - 0x06d51000 	C:\binaries\OCI.dll
0x59110000 - 0x5919a000 	C:\binaries\libtiff.dll
0x56580000 - 0x56d52000 	C:\binaries\gdal110.dll
0x12000000 - 0x121dc000 	C:\binaries\xerces-c_3_1.dll
0x58e20000 - 0x58e75000 	C:\binaries\terraogc_wms.dll
0x58dc0000 - 0x58e13000 	C:\binaries\terraogc_gml.dll
0x58d70000 - 0x58db1000 	C:\binaries\terraogc_xsd.dll
0x5a810000 - 0x5a830000 	C:\binaries\terraogc_xacml.dll
0x71f30000 - 0x71f90000 	C:\Windows\SYSTEM32\WINSPOOL.DRV
0x7c340000 - 0x7c396000 	C:\Windows\SYSTEM32\MSVCR71.dll
0x608a0000 - 0x60979000 	C:\Windows\SYSTEM32\DDRAW.dll
0x727a0000 - 0x727a9000 	C:\Windows\SYSTEM32\Secur32.dll
0x75f20000 - 0x75f3b000 	C:\Windows\SYSTEM32\USERENV.dll
0x71520000 - 0x71570000 	C:\Windows\SYSTEM32\OLEACC.dll
0x54200000 - 0x54276000 	C:\Windows\SYSTEM32\RICHED20.dll
0x72ee0000 - 0x72ee8000 	C:\Windows\SYSTEM32\VERSION.dll
0x720b0000 - 0x720c4000 	C:\Windows\SYSTEM32\USP10.dll
0x72c50000 - 0x72cc5000 	C:\Windows\SYSTEM32\DNSAPI.dll
0x06e00000 - 0x06eaa000 	C:\Windows\libeay32.dll
0x06eb0000 - 0x06ebd000 	C:\binaries\libintl-2.dll
0x72ed0000 - 0x72ed6000 	C:\Windows\SYSTEM32\SHFOLDER.DLL
0x06ec0000 - 0x06ee6000 	C:\Windows\ssleay32.dll
0x06ef0000 - 0x06f16000 	C:\binaries\libexpat.dll
0x60770000 - 0x60811000 	C:\Windows\SYSTEM32\ODBC32.dll
0x60760000 - 0x60767000 	C:\Windows\SYSTEM32\DCIMAN32.dll
0x663b0000 - 0x663db000 	C:\Windows\SYSTEM32\msls31.dll
0x06f70000 - 0x0704b000 	C:\binaries\libiconv-2.dll
0x6f600000 - 0x6f61d000 	C:\Windows\SYSTEM32\gpapi.dll
0x74530000 - 0x74556000 	C:\Windows\SYSTEM32\ntmarta.dll
0x50e40000 - 0x516e8000 	C:\binaries\icudt46.dll
0x53850000 - 0x53979000 	C:\Windows\SYSTEM32\dbghelp.dll
0x72040000 - 0x72050000 	C:\Windows\system32\napinsp.dll
0x72020000 - 0x72034000 	C:\Windows\system32\pnrpnsp.dll
0x72010000 - 0x72020000 	C:\Windows\system32\NLAapi.dll
0x72000000 - 0x72009000 	C:\Windows\System32\winrnr.dll
0x71ac0000 - 0x71ad0000 	C:\Windows\system32\wshbth.dll
0x726a0000 - 0x726a7000 	C:\Windows\System32\rasadhlp.dll
0x71c30000 - 0x71c6f000 	C:\Windows\System32\fwpuclnt.dll
0x72cd0000 - 0x72cf0000 	C:\Windows\SYSTEM32\IPHLPAPI.DLL
0x72c40000 - 0x72c48000 	C:\Windows\SYSTEM32\WINNSI.DLL
0x730d0000 - 0x730ea000 	C:\Windows\SYSTEM32\CRYPTSP.dll
0x73090000 - 0x730ce000 	C:\Windows\system32\rsaenh.dll
0x72c30000 - 0x72c40000 	C:\Windows\SYSTEM32\dhcpcsvc6.DLL
0x72c10000 - 0x72c22000 	C:\Windows\SYSTEM32\dhcpcsvc.DLL
0x590e0000 - 0x59105000 	C:\Program Files (x86)\Java\jre7\bin\jpeg.dll

VM Arguments:
jvm_args: -Dfile.encoding=ISO-8859-1 
java_command: com.nexusbr.gv.main.ConnectDBMain
Launcher Type: SUN_STANDARD

Environment Variables:
JAVA_HOME=C:\Program Files (x86)\Java\jre7
PATH=C:/Program Files (x86)/Java/jre7/bin/client;C:/Program Files (x86)/Java/jre7/bin;C:/Program Files (x86)/Java/jre7/lib/i386;C:\Program Files (x86)\PHP\;c:\Program Files (x86)\Intel\iCLS Client\;c:\Program Files\Intel\iCLS Client\;C:\Windows\system32;C:\Windows;C:\Windows\System32\Wbem;C:\Windows\System32\WindowsPowerShell\v1.0\;C:\Program Files\Intel\Intel(R) Management Engine Components\DAL;C:\Program Files\Intel\Intel(R) Management Engine Components\IPT;C:\Program Files (x86)\Intel\Intel(R) Management Engine Components\DAL;C:\Program Files (x86)\Intel\Intel(R) Management Engine Components\IPT;C:\Program Files (x86)\Intel\OpenCL SDK\3.0\bin\x86;C:\Program Files (x86)\Intel\OpenCL SDK\3.0\bin\x64;C:\Program Files (x86)\Windows Live\Shared;C:\binaries;c:\Program Files (x86)\Microsoft SQL Server\100\Tools\Binn\;c:\Program Files\Microsoft SQL Server\100\Tools\Binn\;c:\Program Files\Microsoft SQL Server\100\DTS\Binn\;C:\strawberry\c\bin;C:\strawberry\perl\site\bin;C:\strawberry\perl\bin;C:\Program Files (x86)\Microsoft SQL Server\110\Tools\Binn\ManagementStudio\;C:\Program Files (x86)\Microsoft SQL Server\110\Tools\Binn\;C:\Program Files\Microsoft SQL Server\110\Tools\Binn\;C:\Program Files (x86)\Microsoft SQL Server\110\DTS\Binn\;C:\Program Files\TortoiseSVN\bin;C:\Python34;C:\Program Files (x86)\Java\jre7\bin;C:\eclipse;
USERNAME=inacio
OS=Windows_NT
PROCESSOR_IDENTIFIER=Intel64 Family 6 Model 69 Stepping 1, GenuineIntel



---------------  S Y S T E M  ---------------

OS: Windows 8 , 64 bit Build 9200 

CPU:total 4 (2 cores per cpu, 2 threads per core) family 6 model 69 stepping 1, cmov, cx8, fxsr, mmx, sse, sse2, sse3, ssse3, sse4.1, sse4.2, popcnt, avx, avx2, aes, erms, ht, tsc, tscinvbit

Memory: 4k page, physical 8290700k(2067332k free), swap 9535884k(2590820k free)

vm_info: Java HotSpot(TM) Client VM (24.60-b09) for windows-x86 JRE (1.7.0_60-b19), built on May  7 2014 13:09:52 by "java_re" with unknown MS VC++:1600

time: Thu Jul 03 15:38:36 2014
elapsed time: 39 seconds

