#
# A fatal error has been detected by the Java Runtime Environment:
#
#  EXCEPTION_ACCESS_VIOLATION (0xc0000005) at pc=0x10149052, pid=11200, tid=5032
#
# JRE version: Java(TM) SE Runtime Environment (7.0_60-b19) (build 1.7.0_60-b19)
# Java VM: Java HotSpot(TM) Client VM (24.60-b09 mixed mode, sharing windows-x86 )
# Problematic frame:
# C  [berkelium.dll+0xa39052]
#
# Failed to write core dump. Minidumps are not enabled by default on client versions of Windows
#
# If you would like to submit a bug report, please visit:
#   http://bugreport.sun.com/bugreport/crash.jsp
#

---------------  T H R E A D  ---------------

Current thread (0x027efc00):  VMThread [stack: 0x04b00000,0x04b50000] [id=5032]

siginfo: ExceptionCode=0xc0000005, reading address 0x000000f8

Registers:
EAX=0x04b4f2c4, EBX=0x000493e0, ECX=0x04b4f2c4, EDX=0x68026b70
ESP=0x04b4f2b4, EBP=0x00000087, ESI=0x00000000, EDI=0x79e40e70
EIP=0x10149052, EFLAGS=0x00010206

Top of Stack: (sp=0x04b4f2b4)
0x04b4f2b4:   07512168 07512168 0746ab00 00000000
0x04b4f2c4:   68026b70 00000087 07503a20 0750c900
0x04b4f2d4:   00000000 00000000 00000000 74616401
0x04b4f2e4:   69642d61 07780072 00000023 0000002f
0x04b4f2f4:   00000000 07497070 002e5bf3 07512000
0x04b4f304:   0746ab44 ffffff00 0f77bf20 11299778
0x04b4f314:   06fe0030 00000000 0000000f 1129a730
0x04b4f324:   00000001 0f779783 00000008 00000001 

Instructions: (pc=0x10149052)
0x10149032:   03 00 00 57 53 e8 f4 c8 60 ff 8b ea 8d 54 24 10
0x10149042:   52 8b f8 e8 26 ca 00 00 83 c4 04 03 38 13 68 04
0x10149052:   8b 86 f8 00 00 00 0b 86 fc 00 00 00 89 7c 24 20
0x10149062:   89 6c 24 24 75 3e 39 84 24 d4 00 00 00 7f 35 7c 


Register to memory mapping:

EAX=
[error occurred during error reporting (printing register info), id 0xc0000005]

Stack: [0x04b00000,0x04b50000],  sp=0x04b4f2b4,  free space=316k
Native frames: (J=compiled Java code, j=interpreted, Vv=VM code, C=native code)
C  [berkelium.dll+0xa39052]

VM_Operation (0x060de730): Exit, mode: safepoint, requested by thread 0x05c59000


---------------  P R O C E S S  ---------------

Java Threads: ( => current thread )
  0x05f51400 JavaThread "Keep-Alive-Timer" daemon [_thread_blocked, id=9752, stack(0x0b860000,0x0b8b0000)]
  0x05f8e400 JavaThread "WeakCollectionCleaner" daemon [_thread_blocked, id=6088, stack(0x09f30000,0x09f80000)]
  0x05fac000 JavaThread "TimerQueue" daemon [_thread_blocked, id=9624, stack(0x07ee0000,0x07f30000)]
  0x00eae000 JavaThread "DestroyJavaVM" [_thread_blocked, id=9740, stack(0x02780000,0x027d0000)]
  0x05c59000 JavaThread "AWT-EventQueue-0" [_thread_blocked, id=10480, stack(0x06090000,0x060e0000)]
  0x05123400 JavaThread "AWT-Shutdown" [_thread_blocked, id=10788, stack(0x05750000,0x057a0000)]
  0x05122400 JavaThread "Java2D Disposer" daemon [_thread_blocked, id=1476, stack(0x056c0000,0x05710000)]
  0x02869000 JavaThread "Service Thread" daemon [_thread_blocked, id=5276, stack(0x04e60000,0x04eb0000)]
  0x02864c00 JavaThread "C1 CompilerThread0" daemon [_thread_blocked, id=10832, stack(0x04dd0000,0x04e20000)]
  0x02863000 JavaThread "Attach Listener" daemon [_thread_blocked, id=10444, stack(0x04d40000,0x04d90000)]
  0x02860c00 JavaThread "Signal Dispatcher" daemon [_thread_blocked, id=5024, stack(0x04cb0000,0x04d00000)]
  0x027f6000 JavaThread "Finalizer" daemon [_thread_blocked, id=8608, stack(0x04c20000,0x04c70000)]
  0x027f1000 JavaThread "Reference Handler" daemon [_thread_blocked, id=9800, stack(0x04b90000,0x04be0000)]

Other Threads:
=>0x027efc00 VMThread [stack: 0x04b00000,0x04b50000] [id=5032]

VM state:at safepoint (shutting down)

VM Mutex/Monitor currently owned by a thread:  ([mutex/lock_event])
[0x00eac1f8] Threads_lock - owner thread: 0x027efc00

Heap
 def new generation   total 32192K, used 28384K [0x24000000, 0x262e0000, 0x29550000)
  eden space 28672K,  87% used [0x24000000, 0x2586e6d0, 0x25c00000)
  from space 3520K,  95% used [0x25f70000, 0x262b9a88, 0x262e0000)
  to   space 3520K,   0% used [0x25c00000, 0x25c00000, 0x25f70000)
 tenured generation   total 71384K, used 43596K [0x29550000, 0x2db06000, 0x34000000)
   the space 71384K,  61% used [0x29550000, 0x2bfe32c8, 0x2bfe3400, 0x2db06000)
 compacting perm gen  total 12288K, used 8800K [0x34000000, 0x34c00000, 0x38000000)
   the space 12288K,  71% used [0x34000000, 0x348980b8, 0x34898200, 0x34c00000)
    ro space 10240K,  42% used [0x38000000, 0x38434778, 0x38434800, 0x38a00000)
    rw space 12288K,  52% used [0x38a00000, 0x39049a68, 0x39049c00, 0x39600000)

Card table byte_map: [0x049d0000,0x04a80000] byte_map_base: 0x048b0000

Polling page: 0x00eb0000

Code Cache  [0x02950000, 0x02b88000, 0x04950000)
 total_blobs=1360 nmethods=1071 adapters=225 free_code_cache=30521Kb largest_free_block=31253248

Compilation events (10 events):
Event: 15.510 Thread 0x02864c00 1080             java.util.concurrent.locks.AbstractQueuedSynchronizer$ConditionObject::await (98 bytes)
Event: 15.511 Thread 0x02864c00 nmethod 1080 0x02b7f988 code [0x02b7fb20, 0x02b7ff54]
Event: 15.518 Thread 0x02864c00 1081  s          java.awt.AWTEvent::get_InputEvent_CanAccessSystemClipboard (26 bytes)
Event: 15.518 Thread 0x02864c00 nmethod 1081 0x02b80448 code [0x02b80560, 0x02b807ac]
Event: 15.518 Thread 0x02864c00 1082             java.lang.reflect.Field::setBoolean (50 bytes)
Event: 15.518 Thread 0x02864c00 nmethod 1082 0x02b80888 code [0x02b809c0, 0x02b80b2c]
Event: 15.518 Thread 0x02864c00 1083             sun.reflect.UnsafeBooleanFieldAccessorImpl::setBoolean (30 bytes)
Event: 15.518 Thread 0x02864c00 nmethod 1083 0x02b80c48 code [0x02b80da0, 0x02b81028]
Event: 18.687 Thread 0x02864c00 1084   !         sun.awt.AWTAutoShutdown::notifyThreadBusy (86 bytes)
Event: 18.688 Thread 0x02864c00 nmethod 1084 0x02b813c8 code [0x02b81520, 0x02b819bc]

GC Heap History (10 events):
Event: 8.275 GC heap before
{Heap before GC invocations=16 (full 4):
 def new generation   total 17984K, used 16000K [0x24000000, 0x25380000, 0x29550000)
  eden space 16000K, 100% used [0x24000000, 0x24fa0000, 0x24fa0000)
  from space 1984K,   0% used [0x24fa0000, 0x24fa0000, 0x25190000)
  to   space 1984K,   0% used [0x25190000, 0x25190000, 0x25380000)
 tenured generation   total 39840K, used 23903K [0x29550000, 0x2bc38000, 0x34000000)
   the space 39840K,  59% used [0x29550000, 0x2aca7c20, 0x2aca7e00, 0x2bc38000)
 compacting perm gen  total 12288K, used 8773K [0x34000000, 0x34c00000, 0x38000000)
   the space 12288K,  71% used [0x34000000, 0x34891460, 0x34891600, 0x34c00000)
    ro space 10240K,  42% used [0x38000000, 0x38434778, 0x38434800, 0x38a00000)
    rw space 12288K,  52% used [0x38a00000, 0x39049a68, 0x39049c00, 0x39600000)
Event: 8.281 GC heap after
Heap after GC invocations=17 (full 4):
 def new generation   total 17984K, used 1931K [0x24000000, 0x25380000, 0x29550000)
  eden space 16000K,   0% used [0x24000000, 0x24000000, 0x24fa0000)
  from space 1984K,  97% used [0x25190000, 0x25372fd0, 0x25380000)
  to   space 1984K,   0% used [0x24fa0000, 0x24fa0000, 0x25190000)
 tenured generation   total 39840K, used 30779K [0x29550000, 0x2bc38000, 0x34000000)
   the space 39840K,  77% used [0x29550000, 0x2b35ef18, 0x2b35f000, 0x2bc38000)
 compacting perm gen  total 12288K, used 8773K [0x34000000, 0x34c00000, 0x38000000)
   the space 12288K,  71% used [0x34000000, 0x34891460, 0x34891600, 0x34c00000)
    ro space 10240K,  42% used [0x38000000, 0x38434778, 0x38434800, 0x38a00000)
    rw space 12288K,  52% used [0x38a00000, 0x39049a68, 0x39049c00, 0x39600000)
}
Event: 9.629 GC heap before
{Heap before GC invocations=17 (full 4):
 def new generation   total 17984K, used 17970K [0x24000000, 0x25380000, 0x29550000)
  eden space 16000K, 100% used [0x24000000, 0x24fa0000, 0x24fa0000)
  from space 1984K,  99% used [0x25190000, 0x2537cb60, 0x25380000)
  to   space 1984K,   0% used [0x24fa0000, 0x24fa0000, 0x25190000)
 tenured generation   total 39840K, used 31547K [0x29550000, 0x2bc38000, 0x34000000)
   the space 39840K,  79% used [0x29550000, 0x2b41ef48, 0x2b41f000, 0x2bc38000)
 compacting perm gen  total 12288K, used 8783K [0x34000000, 0x34c00000, 0x38000000)
   the space 12288K,  71% used [0x34000000, 0x34893da0, 0x34893e00, 0x34c00000)
    ro space 10240K,  42% used [0x38000000, 0x38434778, 0x38434800, 0x38a00000)
    rw space 12288K,  52% used [0x38a00000, 0x39049a68, 0x39049c00, 0x39600000)
Event: 9.636 GC heap after
Heap after GC invocations=18 (full 4):
 def new generation   total 17984K, used 1984K [0x24000000, 0x25380000, 0x29550000)
  eden space 16000K,   0% used [0x24000000, 0x24000000, 0x24fa0000)
  from space 1984K, 100% used [0x24fa0000, 0x25190000, 0x25190000)
  to   space 1984K,   0% used [0x25190000, 0x25190000, 0x25380000)
 tenured generation   total 40224K, used 40132K [0x29550000, 0x2bc98000, 0x34000000)
   the space 40224K,  99% used [0x29550000, 0x2bc81118, 0x2bc81200, 0x2bc98000)
 compacting perm gen  total 12288K, used 8783K [0x34000000, 0x34c00000, 0x38000000)
   the space 12288K,  71% used [0x34000000, 0x34893da0, 0x34893e00, 0x34c00000)
    ro space 10240K,  42% used [0x38000000, 0x38434778, 0x38434800, 0x38a00000)
    rw space 12288K,  52% used [0x38a00000, 0x39049a68, 0x39049c00, 0x39600000)
}
Event: 9.688 GC heap before
{Heap before GC invocations=18 (full 4):
 def new generation   total 17984K, used 17970K [0x24000000, 0x25380000, 0x29550000)
  eden space 16000K,  99% used [0x24000000, 0x24f9c998, 0x24fa0000)
  from space 1984K, 100% used [0x24fa0000, 0x25190000, 0x25190000)
  to   space 1984K,   0% used [0x25190000, 0x25190000, 0x25380000)
 tenured generation   total 41004K, used 40900K [0x29550000, 0x2bd5b000, 0x34000000)
   the space 41004K,  99% used [0x29550000, 0x2bd41148, 0x2bd41200, 0x2bd5b000)
 compacting perm gen  total 12288K, used 8783K [0x34000000, 0x34c00000, 0x38000000)
   the space 12288K,  71% used [0x34000000, 0x34893dc0, 0x34893e00, 0x34c00000)
    ro space 10240K,  42% used [0x38000000, 0x38434778, 0x38434800, 0x38a00000)
    rw space 12288K,  52% used [0x38a00000, 0x39049a68, 0x39049c00, 0x39600000)
Event: 9.694 GC heap after
Heap after GC invocations=19 (full 4):
 def new generation   total 17984K, used 1845K [0x24000000, 0x25380000, 0x29550000)
  eden space 16000K,   0% used [0x24000000, 0x24000000, 0x24fa0000)
  from space 1984K,  93% used [0x25190000, 0x2535d720, 0x25380000)
  to   space 1984K,   0% used [0x24fa0000, 0x24fa0000, 0x25190000)
 tenured generation   total 48412K, used 48327K [0x29550000, 0x2c497000, 0x34000000)
   the space 48412K,  99% used [0x29550000, 0x2c481ea8, 0x2c482000, 0x2c497000)
 compacting perm gen  total 12288K, used 8783K [0x34000000, 0x34c00000, 0x38000000)
   the space 12288K,  71% used [0x34000000, 0x34893dc0, 0x34893e00, 0x34c00000)
    ro space 10240K,  42% used [0x38000000, 0x38434778, 0x38434800, 0x38a00000)
    rw space 12288K,  52% used [0x38a00000, 0x39049a68, 0x39049c00, 0x39600000)
}
Event: 13.475 GC heap before
{Heap before GC invocations=19 (full 4):
 def new generation   total 17984K, used 17772K [0x24000000, 0x25380000, 0x29550000)
  eden space 16000K,  99% used [0x24000000, 0x24f8da40, 0x24fa0000)
  from space 1984K,  93% used [0x25190000, 0x2535d720, 0x25380000)
  to   space 1984K,   0% used [0x24fa0000, 0x24fa0000, 0x25190000)
 tenured generation   total 48412K, used 48327K [0x29550000, 0x2c497000, 0x34000000)
   the space 48412K,  99% used [0x29550000, 0x2c481ea8, 0x2c482000, 0x2c497000)
 compacting perm gen  total 12288K, used 8796K [0x34000000, 0x34c00000, 0x38000000)
   the space 12288K,  71% used [0x34000000, 0x348970e8, 0x34897200, 0x34c00000)
    ro space 10240K,  42% used [0x38000000, 0x38434778, 0x38434800, 0x38a00000)
    rw space 12288K,  52% used [0x38a00000, 0x39049a68, 0x39049c00, 0x39600000)
Event: 13.521 GC heap after
Heap after GC invocations=20 (full 5):
 def new generation   total 32192K, used 0K [0x24000000, 0x262e0000, 0x29550000)
  eden space 28672K,   0% used [0x24000000, 0x24000000, 0x25c00000)
  from space 3520K,   0% used [0x25c00000, 0x25c00000, 0x25f70000)
  to   space 3520K,   0% used [0x25f70000, 0x25f70000, 0x262e0000)
 tenured generation   total 71384K, used 42828K [0x29550000, 0x2db06000, 0x34000000)
   the space 71384K,  59% used [0x29550000, 0x2bf23298, 0x2bf23400, 0x2db06000)
 compacting perm gen  total 12288K, used 8796K [0x34000000, 0x34c00000, 0x38000000)
   the space 12288K,  71% used [0x34000000, 0x348970e8, 0x34897200, 0x34c00000)
    ro space 10240K,  42% used [0x38000000, 0x38434778, 0x38434800, 0x38a00000)
    rw space 12288K,  52% used [0x38a00000, 0x39049a68, 0x39049c00, 0x39600000)
}
Event: 13.636 GC heap before
{Heap before GC invocations=20 (full 5):
 def new generation   total 32192K, used 28515K [0x24000000, 0x262e0000, 0x29550000)
  eden space 28672K,  99% used [0x24000000, 0x25bd8e50, 0x25c00000)
  from space 3520K,   0% used [0x25c00000, 0x25c00000, 0x25f70000)
  to   space 3520K,   0% used [0x25f70000, 0x25f70000, 0x262e0000)
 tenured generation   total 71384K, used 42828K [0x29550000, 0x2db06000, 0x34000000)
   the space 71384K,  59% used [0x29550000, 0x2bf23298, 0x2bf23400, 0x2db06000)
 compacting perm gen  total 12288K, used 8796K [0x34000000, 0x34c00000, 0x38000000)
   the space 12288K,  71% used [0x34000000, 0x34897128, 0x34897200, 0x34c00000)
    ro space 10240K,  42% used [0x38000000, 0x38434778, 0x38434800, 0x38a00000)
    rw space 12288K,  52% used [0x38a00000, 0x39049a68, 0x39049c00, 0x39600000)
Event: 13.639 GC heap after
Heap after GC invocations=21 (full 5):
 def new generation   total 32192K, used 3366K [0x24000000, 0x262e0000, 0x29550000)
  eden space 28672K,   0% used [0x24000000, 0x24000000, 0x25c00000)
  from space 3520K,  95% used [0x25f70000, 0x262b9a88, 0x262e0000)
  to   space 3520K,   0% used [0x25c00000, 0x25c00000, 0x25f70000)
 tenured generation   total 71384K, used 43596K [0x29550000, 0x2db06000, 0x34000000)
   the space 71384K,  61% used [0x29550000, 0x2bfe32c8, 0x2bfe3400, 0x2db06000)
 compacting perm gen  total 12288K, used 8796K [0x34000000, 0x34c00000, 0x38000000)
   the space 12288K,  71% used [0x34000000, 0x34897128, 0x34897200, 0x34c00000)
    ro space 10240K,  42% used [0x38000000, 0x38434778, 0x38434800, 0x38a00000)
    rw space 12288K,  52% used [0x38a00000, 0x39049a68, 0x39049c00, 0x39600000)
}

Deoptimization events (0 events):
No events

Internal exceptions (10 events):
Event: 8.185 Thread 0x05c59000 Threw 0x24d7bfa8 at C:\re\jdk7u60\1081\hotspot\src\share\vm\prims\jvm.cpp:1244
Event: 8.270 Thread 0x04fb0c00 Threw 0x24dd1128 at C:\re\jdk7u60\1081\hotspot\src\share\vm\prims\jvm.cpp:2917
Event: 8.271 Thread 0x05f91000 Threw 0x24db4800 at C:\re\jdk7u60\1081\hotspot\src\share\vm\prims\jvm.cpp:1244
Event: 11.544 Thread 0x04fb0c00 Threw 0x2445a358 at C:\re\jdk7u60\1081\hotspot\src\share\vm\prims\jvm.cpp:2917
Event: 13.456 Thread 0x05c59000 Threw 0x24bcea70 at C:\re\jdk7u60\1081\hotspot\src\share\vm\prims\jvm.cpp:1244
Event: 13.457 Thread 0x05c59000 Threw 0x24be92a8 at C:\re\jdk7u60\1081\hotspot\src\share\vm\prims\jvm.cpp:1244
Event: 13.457 Thread 0x05c59000 Threw 0x24bee520 at C:\re\jdk7u60\1081\hotspot\src\share\vm\prims\jvm.cpp:1244
Event: 13.458 Thread 0x05c59000 Threw 0x24bf3da8 at C:\re\jdk7u60\1081\hotspot\src\share\vm\prims\jvm.cpp:1244
Event: 13.692 Thread 0x05f53000 Threw 0x24a9d598 at C:\re\jdk7u60\1081\hotspot\src\share\vm\prims\jvm.cpp:2917
Event: 13.826 Thread 0x05f52000 Threw 0x257dcf58 at C:\re\jdk7u60\1081\hotspot\src\share\vm\prims\jvm.cpp:2917

Events (10 events):
Event: 19.511 loading class 0x39670c20
Event: 19.511 loading class 0x39670bc8
Event: 19.511 Thread 0x05f8fc00 Thread exited: 0x05f8fc00
Event: 19.511 loading class 0x39670bc8 done
Event: 19.511 loading class 0x39670c20 done
Event: 19.511 Thread 0x05f8e800 Thread exited: 0x05f8e800
Event: 19.511 Thread 0x05f90800 Thread exited: 0x05f90800
Event: 19.521 Thread 0x05123c00 Thread exited: 0x05123c00
Event: 19.612 Thread 0x05f8f800 Thread exited: 0x05f8f800
Event: 19.612 Executing VM operation: Exit


Dynamic libraries:
0x00a70000 - 0x00a9f000 	C:\Program Files (x86)\Java\jre7\bin\javaw.exe
0x76fe0000 - 0x77137000 	C:\Windows\SYSTEM32\ntdll.dll
0x74690000 - 0x747c0000 	C:\Windows\SYSTEM32\KERNEL32.DLL
0x76a80000 - 0x76b27000 	C:\Windows\SYSTEM32\KERNELBASE.dll
0x747c0000 - 0x7486e000 	C:\Windows\SYSTEM32\ADVAPI32.dll
0x764f0000 - 0x76606000 	C:\Windows\SYSTEM32\USER32.dll
0x73130000 - 0x73328000 	C:\Windows\WinSxS\x86_microsoft.windows.common-controls_6595b64144ccf1df_6.0.9200.16579_none_8937eec6860750f5\COMCTL32.dll
0x76000000 - 0x760b1000 	C:\Windows\SYSTEM32\msvcrt.dll
0x74870000 - 0x748a4000 	C:\Windows\SYSTEM32\sechost.dll
0x760c0000 - 0x7616c000 	C:\Windows\SYSTEM32\RPCRT4.dll
0x748b0000 - 0x749ad000 	C:\Windows\SYSTEM32\GDI32.dll
0x745d0000 - 0x745ed000 	C:\Windows\SYSTEM32\SspiCli.dll
0x745c0000 - 0x745c9000 	C:\Windows\SYSTEM32\CRYPTBASE.dll
0x74560000 - 0x745b1000 	C:\Windows\SYSTEM32\bcryptPrimitives.dll
0x762e0000 - 0x76300000 	C:\Windows\system32\IMM32.DLL
0x76680000 - 0x7675e000 	C:\Windows\SYSTEM32\MSCTF.dll
0x5e970000 - 0x5ea2f000 	C:\Program Files (x86)\Java\jre7\bin\msvcr100.dll
0x5e310000 - 0x5e698000 	C:\Program Files (x86)\Java\jre7\bin\client\jvm.dll
0x71c10000 - 0x71c18000 	C:\Windows\SYSTEM32\WSOCK32.dll
0x71fb0000 - 0x71fd1000 	C:\Windows\SYSTEM32\WINMM.dll
0x76300000 - 0x76306000 	C:\Windows\SYSTEM32\PSAPI.DLL
0x75f80000 - 0x75fd0000 	C:\Windows\SYSTEM32\WS2_32.dll
0x71c70000 - 0x71c9b000 	C:\Windows\SYSTEM32\WINMMBASE.dll
0x75ff0000 - 0x75ff8000 	C:\Windows\SYSTEM32\NSI.dll
0x76b30000 - 0x76b76000 	C:\Windows\SYSTEM32\cfgmgr32.dll
0x75f00000 - 0x75f1e000 	C:\Windows\SYSTEM32\DEVOBJ.dll
0x720a0000 - 0x720ac000 	C:\Program Files (x86)\Java\jre7\bin\verify.dll
0x70bb0000 - 0x70bd0000 	C:\Program Files (x86)\Java\jre7\bin\java.dll
0x70b90000 - 0x70ba3000 	C:\Program Files (x86)\Java\jre7\bin\zip.dll
0x6f490000 - 0x6f5d3000 	C:\Program Files (x86)\Java\jre7\bin\awt.dll
0x76c00000 - 0x76c8b000 	C:\Windows\SYSTEM32\OLEAUT32.dll
0x76de0000 - 0x76f16000 	C:\Windows\SYSTEM32\combase.dll
0x72dd0000 - 0x72e77000 	C:\Windows\system32\apphelp.dll
0x71a40000 - 0x71a59000 	C:\Windows\system32\DWMAPI.DLL
0x726b0000 - 0x72738000 	C:\Windows\system32\uxtheme.dll
0x76760000 - 0x76879000 	C:\Windows\SYSTEM32\ole32.dll
0x74da0000 - 0x75e66000 	C:\Windows\SYSTEM32\SHELL32.dll
0x75f40000 - 0x75f80000 	C:\Windows\SYSTEM32\SHLWAPI.dll
0x73330000 - 0x733a3000 	C:\Windows\SYSTEM32\shcore.dll
0x718b0000 - 0x718e9000 	C:\Program Files (x86)\Java\jre7\bin\fontmanager.dll
0x6f250000 - 0x6f264000 	C:\Program Files (x86)\Java\jre7\bin\net.dll
0x72e80000 - 0x72eca000 	C:\Windows\system32\mswsock.dll
0x718a0000 - 0x718af000 	C:\Program Files (x86)\Java\jre7\bin\nio.dll
0x706d0000 - 0x70700000 	C:\Program Files (x86)\Java\jre7\bin\t2k.dll
0x76b80000 - 0x76bf4000 	C:\Windows\SYSTEM32\clbcatq.dll
0x6a8a0000 - 0x6a9eb000 	C:\Windows\SYSTEM32\WindowsCodecs.dll
0x76dc0000 - 0x76dd1000 	C:\Windows\SYSTEM32\profapi.dll
0x68440000 - 0x68464000 	C:\Program Files (x86)\Java\jre7\bin\dcpr.dll
0x5e900000 - 0x5e96d000 	C:\binaries\terrajava.dll
0x5e220000 - 0x5e307000 	C:\binaries\terramanager-funcate.dll
0x59300000 - 0x59ba6000 	C:\binaries\terralib.dll
0x64af0000 - 0x64b59000 	C:\Windows\SYSTEM32\MSVCP100.dll
0x6d880000 - 0x6db4c000 	C:\binaries\bgd.dll
0x66b80000 - 0x66b9b000 	C:\binaries\terraogc_xml.dll
0x60460000 - 0x6047d000 	C:\binaries\terraogc_sld.dll
0x5f9a0000 - 0x5f9c6000 	C:\binaries\terraogc_se.dll
0x5e8c0000 - 0x5e8f6000 	C:\binaries\terraogc_filter.dll
0x5e1c0000 - 0x5e212000 	C:\binaries\terraogc_ows.dll
0x5f980000 - 0x5f999000 	C:\binaries\terraogc_common.dll
0x684c0000 - 0x684cb000 	C:\binaries\terralib_shp.dll
0x60450000 - 0x6045e000 	C:\binaries\terralib_spl.dll
0x06630000 - 0x06a26000 	C:\binaries\qt-mt338.dll
0x613d0000 - 0x6149e000 	C:\Windows\SYSTEM32\OPENGL32.dll
0x613a0000 - 0x613c3000 	C:\Windows\SYSTEM32\GLU32.dll
0x5e140000 - 0x5e1bf000 	C:\binaries\qwt500.dll
0x0f710000 - 0x1170f000 	C:\binaries\berkelium.dll
0x06a30000 - 0x06b71000 	C:\binaries\LIBMYSQL.dll
0x63100000 - 0x63121000 	C:\binaries\LIBPQ.dll
0x06b80000 - 0x06be1000 	C:\binaries\OCI.dll
0x5da30000 - 0x5daba000 	C:\binaries\libtiff.dll
0x56580000 - 0x56d52000 	C:\binaries\gdal110.dll
0x12000000 - 0x121dc000 	C:\binaries\xerces-c_3_1.dll
0x592a0000 - 0x592f5000 	C:\binaries\terraogc_wms.dll
0x59240000 - 0x59293000 	C:\binaries\terraogc_gml.dll
0x5e0f0000 - 0x5e131000 	C:\binaries\terraogc_xsd.dll
0x5a810000 - 0x5a830000 	C:\binaries\terraogc_xacml.dll
0x71f30000 - 0x71f90000 	C:\Windows\SYSTEM32\WINSPOOL.DRV
0x7c340000 - 0x7c396000 	C:\Windows\SYSTEM32\MSVCR71.dll
0x608a0000 - 0x60979000 	C:\Windows\SYSTEM32\DDRAW.dll
0x727a0000 - 0x727a9000 	C:\Windows\SYSTEM32\Secur32.dll
0x75f20000 - 0x75f3b000 	C:\Windows\SYSTEM32\USERENV.dll
0x71520000 - 0x71570000 	C:\Windows\SYSTEM32\OLEACC.dll
0x54200000 - 0x54276000 	C:\Windows\SYSTEM32\RICHED20.dll
0x72ee0000 - 0x72ee8000 	C:\Windows\SYSTEM32\VERSION.dll
0x720b0000 - 0x720c4000 	C:\Windows\SYSTEM32\USP10.dll
0x72c50000 - 0x72cc5000 	C:\Windows\SYSTEM32\DNSAPI.dll
0x06c90000 - 0x06d3a000 	C:\Windows\libeay32.dll
0x06d40000 - 0x06d4d000 	C:\binaries\libintl-2.dll
0x72ed0000 - 0x72ed6000 	C:\Windows\SYSTEM32\SHFOLDER.DLL
0x06d50000 - 0x06d76000 	C:\Windows\ssleay32.dll
0x06d80000 - 0x06da6000 	C:\binaries\libexpat.dll
0x60770000 - 0x60811000 	C:\Windows\SYSTEM32\ODBC32.dll
0x60760000 - 0x60767000 	C:\Windows\SYSTEM32\DCIMAN32.dll
0x663b0000 - 0x663db000 	C:\Windows\SYSTEM32\msls31.dll
0x06e00000 - 0x06edb000 	C:\binaries\libiconv-2.dll
0x6f600000 - 0x6f61d000 	C:\Windows\SYSTEM32\gpapi.dll
0x74530000 - 0x74556000 	C:\Windows\SYSTEM32\ntmarta.dll
0x54e60000 - 0x55708000 	C:\binaries\icudt46.dll
0x53850000 - 0x53979000 	C:\Windows\SYSTEM32\dbghelp.dll
0x72040000 - 0x72050000 	C:\Windows\system32\napinsp.dll
0x72020000 - 0x72034000 	C:\Windows\system32\pnrpnsp.dll
0x72010000 - 0x72020000 	C:\Windows\system32\NLAapi.dll
0x72000000 - 0x72009000 	C:\Windows\System32\winrnr.dll
0x71ac0000 - 0x71ad0000 	C:\Windows\system32\wshbth.dll
0x726a0000 - 0x726a7000 	C:\Windows\System32\rasadhlp.dll
0x71c30000 - 0x71c6f000 	C:\Windows\System32\fwpuclnt.dll
0x72cd0000 - 0x72cf0000 	C:\Windows\SYSTEM32\IPHLPAPI.DLL
0x72c40000 - 0x72c48000 	C:\Windows\SYSTEM32\WINNSI.DLL
0x730d0000 - 0x730ea000 	C:\Windows\SYSTEM32\CRYPTSP.dll
0x73090000 - 0x730ce000 	C:\Windows\system32\rsaenh.dll
0x72c30000 - 0x72c40000 	C:\Windows\SYSTEM32\dhcpcsvc6.DLL
0x72c10000 - 0x72c22000 	C:\Windows\SYSTEM32\dhcpcsvc.DLL
0x59210000 - 0x59235000 	C:\Program Files (x86)\Java\jre7\bin\jpeg.dll

VM Arguments:
jvm_args: -Dfile.encoding=ISO-8859-1 
java_command: com.nexusbr.gv.main.ConnectDBMain
Launcher Type: SUN_STANDARD

Environment Variables:
JAVA_HOME=C:\Program Files (x86)\Java\jre7
PATH=C:/Program Files (x86)/Java/jre7/bin/client;C:/Program Files (x86)/Java/jre7/bin;C:/Program Files (x86)/Java/jre7/lib/i386;C:\Program Files (x86)\PHP\;c:\Program Files (x86)\Intel\iCLS Client\;c:\Program Files\Intel\iCLS Client\;C:\Windows\system32;C:\Windows;C:\Windows\System32\Wbem;C:\Windows\System32\WindowsPowerShell\v1.0\;C:\Program Files\Intel\Intel(R) Management Engine Components\DAL;C:\Program Files\Intel\Intel(R) Management Engine Components\IPT;C:\Program Files (x86)\Intel\Intel(R) Management Engine Components\DAL;C:\Program Files (x86)\Intel\Intel(R) Management Engine Components\IPT;C:\Program Files (x86)\Intel\OpenCL SDK\3.0\bin\x86;C:\Program Files (x86)\Intel\OpenCL SDK\3.0\bin\x64;C:\Program Files (x86)\Windows Live\Shared;C:\binaries;c:\Program Files (x86)\Microsoft SQL Server\100\Tools\Binn\;c:\Program Files\Microsoft SQL Server\100\Tools\Binn\;c:\Program Files\Microsoft SQL Server\100\DTS\Binn\;C:\strawberry\c\bin;C:\strawberry\perl\site\bin;C:\strawberry\perl\bin;C:\Program Files (x86)\Microsoft SQL Server\110\Tools\Binn\ManagementStudio\;C:\Program Files (x86)\Microsoft SQL Server\110\Tools\Binn\;C:\Program Files\Microsoft SQL Server\110\Tools\Binn\;C:\Program Files (x86)\Microsoft SQL Server\110\DTS\Binn\;C:\Program Files\TortoiseSVN\bin;C:\Python34;C:\Program Files (x86)\Java\jre7\bin;C:\eclipse;
USERNAME=inacio
OS=Windows_NT
PROCESSOR_IDENTIFIER=Intel64 Family 6 Model 69 Stepping 1, GenuineIntel



---------------  S Y S T E M  ---------------

OS: Windows 8 , 64 bit Build 9200 

CPU:total 4 (2 cores per cpu, 2 threads per core) family 6 model 69 stepping 1, cmov, cx8, fxsr, mmx, sse, sse2, sse3, ssse3, sse4.1, sse4.2, popcnt, avx, avx2, aes, erms, ht, tsc, tscinvbit

Memory: 4k page, physical 8290700k(2387764k free), swap 9535884k(3529256k free)

vm_info: Java HotSpot(TM) Client VM (24.60-b09) for windows-x86 JRE (1.7.0_60-b19), built on May  7 2014 13:09:52 by "java_re" with unknown MS VC++:1600

time: Fri Jul 04 09:25:14 2014
elapsed time: 19 seconds

