#
# A fatal error has been detected by the Java Runtime Environment:
#
#  EXCEPTION_ACCESS_VIOLATION (0xc0000005) at pc=0x10099052, pid=1484, tid=3800
#
# JRE version: Java(TM) SE Runtime Environment (7.0_60-b19) (build 1.7.0_60-b19)
# Java VM: Java HotSpot(TM) Client VM (24.60-b09 mixed mode, sharing windows-x86 )
# Problematic frame:
# C  [berkelium.dll+0xa39052]
#
# Failed to write core dump. Minidumps are not enabled by default on client versions of Windows
#
# If you would like to submit a bug report, please visit:
#   http://bugreport.sun.com/bugreport/crash.jsp
#

---------------  T H R E A D  ---------------

Current thread (0x0230fc00):  VMThread [stack: 0x04540000,0x04590000] [id=3800]

siginfo: ExceptionCode=0xc0000005, reading address 0x000000f8

Registers:
EAX=0x0458f314, EBX=0x000493e0, ECX=0x0458f314, EDX=0xb9b569f8
ESP=0x0458f304, EBP=0x00000065, ESI=0x00000000, EDI=0xcb970cf8
EIP=0x10099052, EFLAGS=0x00010206

Top of Stack: (sp=0x0458f304)
0x0458f304:   06f41168 06f41168 06e9ab00 00000000
0x0458f314:   b9b569f8 00000065 06f33a20 06f3c900
0x0458f324:   00000000 00000000 00000000 74616401
0x0458f334:   69642d61 07150072 00000023 0000002f
0x0458f344:   00000000 06ec7070 002e5bd1 06f41000
0x0458f354:   06e9ab44 ffffff00 0f6cbf20 111e9778
0x0458f364:   06a00030 00000000 0000000f 111ea730
0x0458f374:   00000001 0f6c9783 00000008 00000001 

Instructions: (pc=0x10099052)
0x10099032:   03 00 00 57 53 e8 f4 c8 60 ff 8b ea 8d 54 24 10
0x10099042:   52 8b f8 e8 26 ca 00 00 83 c4 04 03 38 13 68 04
0x10099052:   8b 86 f8 00 00 00 0b 86 fc 00 00 00 89 7c 24 20
0x10099062:   89 6c 24 24 75 3e 39 84 24 d4 00 00 00 7f 35 7c 


Register to memory mapping:

EAX=
[error occurred during error reporting (printing register info), id 0xc0000005]

Stack: [0x04540000,0x04590000],  sp=0x0458f304,  free space=316k
Native frames: (J=compiled Java code, j=interpreted, Vv=VM code, C=native code)
C  [berkelium.dll+0xa39052]

VM_Operation (0x05b1e820): Exit, mode: safepoint, requested by thread 0x05699000


---------------  P R O C E S S  ---------------

Java Threads: ( => current thread )
  0x059ed800 JavaThread "WeakCollectionCleaner" daemon [_thread_blocked, id=6404, stack(0x099a0000,0x099f0000)]
  0x059c9c00 JavaThread "TimerQueue" daemon [_thread_blocked, id=5256, stack(0x07900000,0x07950000)]
  0x022be000 JavaThread "DestroyJavaVM" [_thread_blocked, id=4240, stack(0x00a20000,0x00a70000)]
  0x05699000 JavaThread "AWT-EventQueue-0" [_thread_blocked, id=8416, stack(0x05ad0000,0x05b20000)]
  0x04b5cc00 JavaThread "AWT-Shutdown" [_thread_blocked, id=7332, stack(0x051a0000,0x051f0000)]
  0x04b5b800 JavaThread "Java2D Disposer" daemon [_thread_blocked, id=5924, stack(0x05110000,0x05160000)]
  0x02389000 JavaThread "Service Thread" daemon [_thread_blocked, id=10044, stack(0x048a0000,0x048f0000)]
  0x02384c00 JavaThread "C1 CompilerThread0" daemon [_thread_blocked, id=8084, stack(0x04810000,0x04860000)]
  0x02383000 JavaThread "Attach Listener" daemon [_thread_blocked, id=2980, stack(0x04780000,0x047d0000)]
  0x02380c00 JavaThread "Signal Dispatcher" daemon [_thread_blocked, id=5320, stack(0x046f0000,0x04740000)]
  0x02312800 JavaThread "Finalizer" daemon [_thread_blocked, id=5188, stack(0x04660000,0x046b0000)]
  0x02311000 JavaThread "Reference Handler" daemon [_thread_blocked, id=10040, stack(0x045d0000,0x04620000)]

Other Threads:
=>0x0230fc00 VMThread [stack: 0x04540000,0x04590000] [id=3800]

VM state:at safepoint (shutting down)

VM Mutex/Monitor currently owned by a thread:  ([mutex/lock_event])
[0x022bc810] Threads_lock - owner thread: 0x0230fc00

Heap
 def new generation   total 30848K, used 6343K [0x24000000, 0x26170000, 0x29550000)
  eden space 27456K,  10% used [0x24000000, 0x242e1d68, 0x25ad0000)
  from space 3392K, 100% used [0x25e20000, 0x26170000, 0x26170000)
  to   space 3392K,   0% used [0x25ad0000, 0x25ad0000, 0x25e20000)
 tenured generation   total 68328K, used 52444K [0x29550000, 0x2d80a000, 0x34000000)
   the space 68328K,  76% used [0x29550000, 0x2c887368, 0x2c887400, 0x2d80a000)
 compacting perm gen  total 12288K, used 9381K [0x34000000, 0x34c00000, 0x38000000)
   the space 12288K,  76% used [0x34000000, 0x34929780, 0x34929800, 0x34c00000)
    ro space 10240K,  42% used [0x38000000, 0x38434778, 0x38434800, 0x38a00000)
    rw space 12288K,  52% used [0x38a00000, 0x39049a68, 0x39049c00, 0x39600000)

Card table byte_map: [0x043f0000,0x044a0000] byte_map_base: 0x042d0000

Polling page: 0x021c0000

Code Cache  [0x023f0000, 0x026b8000, 0x043f0000)
 total_blobs=1698 nmethods=1411 adapters=223 free_code_cache=29946Kb largest_free_block=30664448

Compilation events (10 events):
Event: 103.913 Thread 0x02384c00 1416             sun.awt.im.InputContext::dispatchEvent (173 bytes)
Event: 103.916 Thread 0x02384c00 nmethod 1416 0x026abc48 code [0x026abe30, 0x026ac570]
Event: 103.916 Thread 0x02384c00 1417  s          sun.awt.im.InputContext::getInputMethod (34 bytes)
Event: 103.916 Thread 0x02384c00 nmethod 1417 0x026aca08 code [0x026acb10, 0x026acd9c]
Event: 103.938 Thread 0x02384c00 1418   !         java.awt.AWTEvent::dispatched (47 bytes)
Event: 103.939 Thread 0x02384c00 nmethod 1418 0x026ace48 code [0x026acfa0, 0x026ad33c]
Event: 103.969 Thread 0x02384c00 1419             java.awt.Component::dispatchEventImpl (875 bytes)
Event: 103.978 Thread 0x02384c00 nmethod 1419 0x026ad608 code [0x026adc40, 0x026af660]
Event: 105.977 Thread 0x02384c00 1420             java.awt.Window::dispatchEventImpl (23 bytes)
Event: 105.977 Thread 0x02384c00 nmethod 1420 0x026b1508 code [0x026b1640, 0x026b17e0]

GC Heap History (10 events):
Event: 47.882 GC heap before
{Heap before GC invocations=16 (full 3):
 def new generation   total 12160K, used 10655K [0x24000000, 0x24d30000, 0x29550000)
  eden space 10816K,  86% used [0x24000000, 0x24917e38, 0x24a90000)
  from space 1344K, 100% used [0x24a90000, 0x24be0000, 0x24be0000)
  to   space 1344K,   0% used [0x24be0000, 0x24be0000, 0x24d30000)
 tenured generation   total 26816K, used 22739K [0x29550000, 0x2af80000, 0x34000000)
   the space 26816K,  84% used [0x29550000, 0x2ab84fe8, 0x2ab85000, 0x2af80000)
 compacting perm gen  total 12288K, used 9357K [0x34000000, 0x34c00000, 0x38000000)
   the space 12288K,  76% used [0x34000000, 0x349236c8, 0x34923800, 0x34c00000)
    ro space 10240K,  42% used [0x38000000, 0x38434778, 0x38434800, 0x38a00000)
    rw space 12288K,  52% used [0x38a00000, 0x39049a68, 0x39049c00, 0x39600000)
Event: 47.935 GC heap after
Heap after GC invocations=17 (full 4):
 def new generation   total 16896K, used 0K [0x24000000, 0x25250000, 0x29550000)
  eden space 15040K,   0% used [0x24000000, 0x24000000, 0x24eb0000)
  from space 1856K,   0% used [0x24eb0000, 0x24eb0000, 0x25080000)
  to   space 1856K,   0% used [0x25080000, 0x25080000, 0x25250000)
 tenured generation   total 37464K, used 22477K [0x29550000, 0x2b9e6000, 0x34000000)
   the space 37464K,  59% used [0x29550000, 0x2ab43500, 0x2ab43600, 0x2b9e6000)
 compacting perm gen  total 12288K, used 9341K [0x34000000, 0x34c00000, 0x38000000)
   the space 12288K,  76% used [0x34000000, 0x3491f768, 0x3491f800, 0x34c00000)
    ro space 10240K,  42% used [0x38000000, 0x38434778, 0x38434800, 0x38a00000)
    rw space 12288K,  52% used [0x38a00000, 0x39049a68, 0x39049c00, 0x39600000)
}
Event: 48.545 GC heap before
{Heap before GC invocations=17 (full 4):
 def new generation   total 16896K, used 15040K [0x24000000, 0x25250000, 0x29550000)
  eden space 15040K, 100% used [0x24000000, 0x24eb0000, 0x24eb0000)
  from space 1856K,   0% used [0x24eb0000, 0x24eb0000, 0x25080000)
  to   space 1856K,   0% used [0x25080000, 0x25080000, 0x25250000)
 tenured generation   total 37464K, used 22477K [0x29550000, 0x2b9e6000, 0x34000000)
   the space 37464K,  59% used [0x29550000, 0x2ab43500, 0x2ab43600, 0x2b9e6000)
 compacting perm gen  total 12288K, used 9342K [0x34000000, 0x34c00000, 0x38000000)
   the space 12288K,  76% used [0x34000000, 0x3491f838, 0x3491fa00, 0x34c00000)
    ro space 10240K,  42% used [0x38000000, 0x38434778, 0x38434800, 0x38a00000)
    rw space 12288K,  52% used [0x38a00000, 0x39049a68, 0x39049c00, 0x39600000)
Event: 48.550 GC heap after
Heap after GC invocations=18 (full 4):
 def new generation   total 16896K, used 1692K [0x24000000, 0x25250000, 0x29550000)
  eden space 15040K,   0% used [0x24000000, 0x24000000, 0x24eb0000)
  from space 1856K,  91% used [0x25080000, 0x252270e0, 0x25250000)
  to   space 1856K,   0% used [0x24eb0000, 0x24eb0000, 0x25080000)
 tenured generation   total 37464K, used 32415K [0x29550000, 0x2b9e6000, 0x34000000)
   the space 37464K,  86% used [0x29550000, 0x2b4f7e18, 0x2b4f8000, 0x2b9e6000)
 compacting perm gen  total 12288K, used 9342K [0x34000000, 0x34c00000, 0x38000000)
   the space 12288K,  76% used [0x34000000, 0x3491f838, 0x3491fa00, 0x34c00000)
    ro space 10240K,  42% used [0x38000000, 0x38434778, 0x38434800, 0x38a00000)
    rw space 12288K,  52% used [0x38a00000, 0x39049a68, 0x39049c00, 0x39600000)
}
Event: 56.829 GC heap before
{Heap before GC invocations=18 (full 4):
 def new generation   total 16896K, used 16739K [0x24000000, 0x25250000, 0x29550000)
  eden space 15040K, 100% used [0x24000000, 0x24eb0000, 0x24eb0000)
  from space 1856K,  91% used [0x25080000, 0x25228ea0, 0x25250000)
  to   space 1856K,   0% used [0x24eb0000, 0x24eb0000, 0x25080000)
 tenured generation   total 37464K, used 32991K [0x29550000, 0x2b9e6000, 0x34000000)
   the space 37464K,  88% used [0x29550000, 0x2b587e48, 0x2b588000, 0x2b9e6000)
 compacting perm gen  total 12288K, used 9346K [0x34000000, 0x34c00000, 0x38000000)
   the space 12288K,  76% used [0x34000000, 0x34920a70, 0x34920c00, 0x34c00000)
    ro space 10240K,  42% used [0x38000000, 0x38434778, 0x38434800, 0x38a00000)
    rw space 12288K,  52% used [0x38a00000, 0x39049a68, 0x39049c00, 0x39600000)
Event: 56.834 GC heap after
Heap after GC invocations=19 (full 4):
 def new generation   total 16896K, used 1856K [0x24000000, 0x25250000, 0x29550000)
  eden space 15040K,   0% used [0x24000000, 0x24000000, 0x24eb0000)
  from space 1856K, 100% used [0x24eb0000, 0x25080000, 0x25080000)
  to   space 1856K,   0% used [0x25080000, 0x25080000, 0x25250000)
 tenured generation   total 37788K, used 37669K [0x29550000, 0x2ba37000, 0x34000000)
   the space 37788K,  99% used [0x29550000, 0x2ba195d8, 0x2ba19600, 0x2ba37000)
 compacting perm gen  total 12288K, used 9346K [0x34000000, 0x34c00000, 0x38000000)
   the space 12288K,  76% used [0x34000000, 0x34920a70, 0x34920c00, 0x34c00000)
    ro space 10240K,  42% used [0x38000000, 0x38434778, 0x38434800, 0x38a00000)
    rw space 12288K,  52% used [0x38a00000, 0x39049a68, 0x39049c00, 0x39600000)
}
Event: 62.561 GC heap before
{Heap before GC invocations=19 (full 4):
 def new generation   total 16896K, used 16896K [0x24000000, 0x25250000, 0x29550000)
  eden space 15040K, 100% used [0x24000000, 0x24eb0000, 0x24eb0000)
  from space 1856K, 100% used [0x24eb0000, 0x25080000, 0x25080000)
  to   space 1856K,   0% used [0x25080000, 0x25080000, 0x25250000)
 tenured generation   total 37788K, used 37669K [0x29550000, 0x2ba37000, 0x34000000)
   the space 37788K,  99% used [0x29550000, 0x2ba195d8, 0x2ba19600, 0x2ba37000)
 compacting perm gen  total 12288K, used 9364K [0x34000000, 0x34c00000, 0x38000000)
   the space 12288K,  76% used [0x34000000, 0x34925340, 0x34925400, 0x34c00000)
    ro space 10240K,  42% used [0x38000000, 0x38434778, 0x38434800, 0x38a00000)
    rw space 12288K,  52% used [0x38a00000, 0x39049a68, 0x39049c00, 0x39600000)
Event: 62.632 GC heap after
Heap after GC invocations=20 (full 5):
 def new generation   total 30848K, used 0K [0x24000000, 0x26170000, 0x29550000)
  eden space 27456K,   0% used [0x24000000, 0x24000000, 0x25ad0000)
  from space 3392K,   0% used [0x25ad0000, 0x25ad0000, 0x25e20000)
  to   space 3392K,   0% used [0x25e20000, 0x25e20000, 0x26170000)
 tenured generation   total 68328K, used 40995K [0x29550000, 0x2d80a000, 0x34000000)
   the space 68328K,  59% used [0x29550000, 0x2bd58e48, 0x2bd59000, 0x2d80a000)
 compacting perm gen  total 12288K, used 9364K [0x34000000, 0x34c00000, 0x38000000)
   the space 12288K,  76% used [0x34000000, 0x34925340, 0x34925400, 0x34c00000)
    ro space 10240K,  42% used [0x38000000, 0x38434778, 0x38434800, 0x38a00000)
    rw space 12288K,  52% used [0x38a00000, 0x39049a68, 0x39049c00, 0x39600000)
}
Event: 71.339 GC heap before
{Heap before GC invocations=20 (full 5):
 def new generation   total 30848K, used 27456K [0x24000000, 0x26170000, 0x29550000)
  eden space 27456K, 100% used [0x24000000, 0x25ad0000, 0x25ad0000)
  from space 3392K,   0% used [0x25ad0000, 0x25ad0000, 0x25e20000)
  to   space 3392K,   0% used [0x25e20000, 0x25e20000, 0x26170000)
 tenured generation   total 68328K, used 40995K [0x29550000, 0x2d80a000, 0x34000000)
   the space 68328K,  59% used [0x29550000, 0x2bd58e48, 0x2bd59000, 0x2d80a000)
 compacting perm gen  total 12288K, used 9367K [0x34000000, 0x34c00000, 0x38000000)
   the space 12288K,  76% used [0x34000000, 0x34925f28, 0x34926000, 0x34c00000)
    ro space 10240K,  42% used [0x38000000, 0x38434778, 0x38434800, 0x38a00000)
    rw space 12288K,  52% used [0x38a00000, 0x39049a68, 0x39049c00, 0x39600000)
Event: 71.348 GC heap after
Heap after GC invocations=21 (full 5):
 def new generation   total 30848K, used 3392K [0x24000000, 0x26170000, 0x29550000)
  eden space 27456K,   0% used [0x24000000, 0x24000000, 0x25ad0000)
  from space 3392K, 100% used [0x25e20000, 0x26170000, 0x26170000)
  to   space 3392K,   0% used [0x25ad0000, 0x25ad0000, 0x25e20000)
 tenured generation   total 68328K, used 52444K [0x29550000, 0x2d80a000, 0x34000000)
   the space 68328K,  76% used [0x29550000, 0x2c887368, 0x2c887400, 0x2d80a000)
 compacting perm gen  total 12288K, used 9367K [0x34000000, 0x34c00000, 0x38000000)
   the space 12288K,  76% used [0x34000000, 0x34925f28, 0x34926000, 0x34c00000)
    ro space 10240K,  42% used [0x38000000, 0x38434778, 0x38434800, 0x38a00000)
    rw space 12288K,  52% used [0x38a00000, 0x39049a68, 0x39049c00, 0x39600000)
}

Deoptimization events (0 events):
No events

Internal exceptions (10 events):
Event: 52.099 Thread 0x08aad400 Threw 0x24283620 at C:\re\jdk7u60\1081\hotspot\src\share\vm\prims\jvm.cpp:2917
Event: 54.763 Thread 0x05699000 Threw 0x24bcbb50 at C:\re\jdk7u60\1081\hotspot\src\share\vm\prims\jvm.cpp:1244
Event: 54.768 Thread 0x059eb800 Threw 0x24bfc9f8 at C:\re\jdk7u60\1081\hotspot\src\share\vm\prims\jvm.cpp:2917
Event: 54.776 Thread 0x05699000 Threw 0x24c59620 at C:\re\jdk7u60\1081\hotspot\src\share\vm\prims\jvm.cpp:1248
Event: 54.776 Thread 0x05699000 Threw 0x24c59620 at C:\re\jdk7u60\1081\hotspot\src\share\vm\prims\jvm.cpp:1248
Event: 57.506 Thread 0x08aad400 Threw 0x24164858 at C:\re\jdk7u60\1081\hotspot\src\share\vm\prims\jvm.cpp:2917
Event: 62.537 Thread 0x05699000 Threw 0x247b8050 at C:\re\jdk7u60\1081\hotspot\src\share\vm\prims\jvm.cpp:1244
Event: 62.539 Thread 0x05699000 Threw 0x247bd790 at C:\re\jdk7u60\1081\hotspot\src\share\vm\prims\jvm.cpp:1244
Event: 62.541 Thread 0x05699000 Threw 0x247c9020 at C:\re\jdk7u60\1081\hotspot\src\share\vm\prims\jvm.cpp:1244
Event: 65.601 Thread 0x059ec000 Threw 0x24abdaf8 at C:\re\jdk7u60\1081\hotspot\src\share\vm\prims\jvm.cpp:2917

Events (10 events):
Event: 105.977 Thread 0x059ec800 Thread exited: 0x059ec800
Event: 105.978 Thread 0x059ecc00 Thread exited: 0x059ecc00
Event: 105.978 loading class 0x39670c20
Event: 105.978 loading class 0x39670bc8
Event: 105.978 loading class 0x39670bc8 done
Event: 105.978 loading class 0x39670c20 done
Event: 105.978 Thread 0x059ed400 Thread exited: 0x059ed400
Event: 105.992 Thread 0x04b5d400 Thread exited: 0x04b5d400
Event: 106.079 Thread 0x059ee000 Thread exited: 0x059ee000
Event: 106.079 Executing VM operation: Exit


Dynamic libraries:
0x00a70000 - 0x00a9f000 	C:\Program Files (x86)\Java\jre7\bin\javaw.exe
0x76fe0000 - 0x77137000 	C:\Windows\SYSTEM32\ntdll.dll
0x74690000 - 0x747c0000 	C:\Windows\SYSTEM32\KERNEL32.DLL
0x76a80000 - 0x76b27000 	C:\Windows\SYSTEM32\KERNELBASE.dll
0x747c0000 - 0x7486e000 	C:\Windows\SYSTEM32\ADVAPI32.dll
0x764f0000 - 0x76606000 	C:\Windows\SYSTEM32\USER32.dll
0x73130000 - 0x73328000 	C:\Windows\WinSxS\x86_microsoft.windows.common-controls_6595b64144ccf1df_6.0.9200.16579_none_8937eec6860750f5\COMCTL32.dll
0x76000000 - 0x760b1000 	C:\Windows\SYSTEM32\msvcrt.dll
0x74870000 - 0x748a4000 	C:\Windows\SYSTEM32\sechost.dll
0x760c0000 - 0x7616c000 	C:\Windows\SYSTEM32\RPCRT4.dll
0x748b0000 - 0x749ad000 	C:\Windows\SYSTEM32\GDI32.dll
0x745d0000 - 0x745ed000 	C:\Windows\SYSTEM32\SspiCli.dll
0x745c0000 - 0x745c9000 	C:\Windows\SYSTEM32\CRYPTBASE.dll
0x74560000 - 0x745b1000 	C:\Windows\SYSTEM32\bcryptPrimitives.dll
0x762e0000 - 0x76300000 	C:\Windows\system32\IMM32.DLL
0x76680000 - 0x7675e000 	C:\Windows\SYSTEM32\MSCTF.dll
0x5f9e0000 - 0x5fa9f000 	C:\Program Files (x86)\Java\jre7\bin\msvcr100.dll
0x6f250000 - 0x6f5d8000 	C:\Program Files (x86)\Java\jre7\bin\client\jvm.dll
0x71c10000 - 0x71c18000 	C:\Windows\SYSTEM32\WSOCK32.dll
0x71fb0000 - 0x71fd1000 	C:\Windows\SYSTEM32\WINMM.dll
0x76300000 - 0x76306000 	C:\Windows\SYSTEM32\PSAPI.DLL
0x75f80000 - 0x75fd0000 	C:\Windows\SYSTEM32\WS2_32.dll
0x71c70000 - 0x71c9b000 	C:\Windows\SYSTEM32\WINMMBASE.dll
0x75ff0000 - 0x75ff8000 	C:\Windows\SYSTEM32\NSI.dll
0x76b30000 - 0x76b76000 	C:\Windows\SYSTEM32\cfgmgr32.dll
0x75f00000 - 0x75f1e000 	C:\Windows\SYSTEM32\DEVOBJ.dll
0x720a0000 - 0x720ac000 	C:\Program Files (x86)\Java\jre7\bin\verify.dll
0x71910000 - 0x71930000 	C:\Program Files (x86)\Java\jre7\bin\java.dll
0x718d0000 - 0x718e3000 	C:\Program Files (x86)\Java\jre7\bin\zip.dll
0x5e360000 - 0x5e4a3000 	C:\Program Files (x86)\Java\jre7\bin\awt.dll
0x76c00000 - 0x76c8b000 	C:\Windows\SYSTEM32\OLEAUT32.dll
0x76de0000 - 0x76f16000 	C:\Windows\SYSTEM32\combase.dll
0x72dd0000 - 0x72e77000 	C:\Windows\system32\apphelp.dll
0x71a40000 - 0x71a59000 	C:\Windows\system32\DWMAPI.DLL
0x726b0000 - 0x72738000 	C:\Windows\system32\uxtheme.dll
0x76760000 - 0x76879000 	C:\Windows\SYSTEM32\ole32.dll
0x74da0000 - 0x75e66000 	C:\Windows\SYSTEM32\SHELL32.dll
0x75f40000 - 0x75f80000 	C:\Windows\SYSTEM32\SHLWAPI.dll
0x73330000 - 0x733a3000 	C:\Windows\SYSTEM32\shcore.dll
0x5f9a0000 - 0x5f9d9000 	C:\Program Files (x86)\Java\jre7\bin\fontmanager.dll
0x718b0000 - 0x718c4000 	C:\Program Files (x86)\Java\jre7\bin\net.dll
0x72e80000 - 0x72eca000 	C:\Windows\system32\mswsock.dll
0x718a0000 - 0x718af000 	C:\Program Files (x86)\Java\jre7\bin\nio.dll
0x5e330000 - 0x5e360000 	C:\Program Files (x86)\Java\jre7\bin\t2k.dll
0x76b80000 - 0x76bf4000 	C:\Windows\SYSTEM32\clbcatq.dll
0x6a8a0000 - 0x6a9eb000 	C:\Windows\SYSTEM32\WindowsCodecs.dll
0x76dc0000 - 0x76dd1000 	C:\Windows\SYSTEM32\profapi.dll
0x5e300000 - 0x5e324000 	C:\Program Files (x86)\Java\jre7\bin\dcpr.dll
0x5e290000 - 0x5e2fd000 	C:\binaries\terrajava.dll
0x5e1a0000 - 0x5e287000 	C:\binaries\terramanager-funcate.dll
0x573f0000 - 0x57c96000 	C:\binaries\terralib.dll
0x64af0000 - 0x64b59000 	C:\Windows\SYSTEM32\MSVCP100.dll
0x6d880000 - 0x6db4c000 	C:\binaries\bgd.dll
0x5f980000 - 0x5f99b000 	C:\binaries\terraogc_xml.dll
0x5e180000 - 0x5e19d000 	C:\binaries\terraogc_sld.dll
0x5e150000 - 0x5e176000 	C:\binaries\terraogc_se.dll
0x5e110000 - 0x5e146000 	C:\binaries\terraogc_filter.dll
0x5da60000 - 0x5dab2000 	C:\binaries\terraogc_ows.dll
0x5e0f0000 - 0x5e109000 	C:\binaries\terraogc_common.dll
0x5da50000 - 0x5da5b000 	C:\binaries\terralib_shp.dll
0x5da40000 - 0x5da4e000 	C:\binaries\terralib_spl.dll
0x06060000 - 0x06456000 	C:\binaries\qt-mt338.dll
0x613d0000 - 0x6149e000 	C:\Windows\SYSTEM32\OPENGL32.dll
0x613a0000 - 0x613c3000 	C:\Windows\SYSTEM32\GLU32.dll
0x597c0000 - 0x5983f000 	C:\binaries\qwt500.dll
0x0f660000 - 0x1165f000 	C:\binaries\berkelium.dll
0x06460000 - 0x065a1000 	C:\binaries\LIBMYSQL.dll
0x63100000 - 0x63121000 	C:\binaries\LIBPQ.dll
0x065b0000 - 0x06611000 	C:\binaries\OCI.dll
0x59730000 - 0x597ba000 	C:\binaries\libtiff.dll
0x56580000 - 0x56d52000 	C:\binaries\gdal110.dll
0x12000000 - 0x121dc000 	C:\binaries\xerces-c_3_1.dll
0x596d0000 - 0x59725000 	C:\binaries\terraogc_wms.dll
0x59670000 - 0x596c3000 	C:\binaries\terraogc_gml.dll
0x59620000 - 0x59661000 	C:\binaries\terraogc_xsd.dll
0x5a810000 - 0x5a830000 	C:\binaries\terraogc_xacml.dll
0x71f30000 - 0x71f90000 	C:\Windows\SYSTEM32\WINSPOOL.DRV
0x7c340000 - 0x7c396000 	C:\Windows\SYSTEM32\MSVCR71.dll
0x608a0000 - 0x60979000 	C:\Windows\SYSTEM32\DDRAW.dll
0x727a0000 - 0x727a9000 	C:\Windows\SYSTEM32\Secur32.dll
0x75f20000 - 0x75f3b000 	C:\Windows\SYSTEM32\USERENV.dll
0x71520000 - 0x71570000 	C:\Windows\SYSTEM32\OLEACC.dll
0x54200000 - 0x54276000 	C:\Windows\SYSTEM32\RICHED20.dll
0x72ee0000 - 0x72ee8000 	C:\Windows\SYSTEM32\VERSION.dll
0x720b0000 - 0x720c4000 	C:\Windows\SYSTEM32\USP10.dll
0x72c50000 - 0x72cc5000 	C:\Windows\SYSTEM32\DNSAPI.dll
0x066c0000 - 0x0676a000 	C:\Windows\libeay32.dll
0x06770000 - 0x0677d000 	C:\binaries\libintl-2.dll
0x72ed0000 - 0x72ed6000 	C:\Windows\SYSTEM32\SHFOLDER.DLL
0x06780000 - 0x067a6000 	C:\Windows\ssleay32.dll
0x067b0000 - 0x067d6000 	C:\binaries\libexpat.dll
0x60770000 - 0x60811000 	C:\Windows\SYSTEM32\ODBC32.dll
0x60760000 - 0x60767000 	C:\Windows\SYSTEM32\DCIMAN32.dll
0x663b0000 - 0x663db000 	C:\Windows\SYSTEM32\msls31.dll
0x06830000 - 0x0690b000 	C:\binaries\libiconv-2.dll
0x6f600000 - 0x6f61d000 	C:\Windows\SYSTEM32\gpapi.dll
0x74530000 - 0x74556000 	C:\Windows\SYSTEM32\ntmarta.dll
0x54e60000 - 0x55708000 	C:\binaries\icudt46.dll
0x53850000 - 0x53979000 	C:\Windows\SYSTEM32\dbghelp.dll
0x72040000 - 0x72050000 	C:\Windows\system32\napinsp.dll
0x72020000 - 0x72034000 	C:\Windows\system32\pnrpnsp.dll
0x72010000 - 0x72020000 	C:\Windows\system32\NLAapi.dll
0x72000000 - 0x72009000 	C:\Windows\System32\winrnr.dll
0x71ac0000 - 0x71ad0000 	C:\Windows\system32\wshbth.dll
0x726a0000 - 0x726a7000 	C:\Windows\System32\rasadhlp.dll
0x72cd0000 - 0x72cf0000 	C:\Windows\SYSTEM32\IPHLPAPI.DLL
0x72c40000 - 0x72c48000 	C:\Windows\SYSTEM32\WINNSI.DLL
0x71c30000 - 0x71c6f000 	C:\Windows\System32\fwpuclnt.dll
0x730d0000 - 0x730ea000 	C:\Windows\SYSTEM32\CRYPTSP.dll
0x73090000 - 0x730ce000 	C:\Windows\system32\rsaenh.dll
0x72c30000 - 0x72c40000 	C:\Windows\SYSTEM32\dhcpcsvc6.DLL
0x72c10000 - 0x72c22000 	C:\Windows\SYSTEM32\dhcpcsvc.DLL
0x595f0000 - 0x59615000 	C:\Program Files (x86)\Java\jre7\bin\jpeg.dll

VM Arguments:
jvm_args: -Dfile.encoding=ISO-8859-1 
java_command: com.nexusbr.gv.main.ConnectDBMain
Launcher Type: SUN_STANDARD

Environment Variables:
JAVA_HOME=C:\Program Files (x86)\Java\jre7
PATH=C:/Program Files (x86)/Java/jre7/bin/client;C:/Program Files (x86)/Java/jre7/bin;C:/Program Files (x86)/Java/jre7/lib/i386;C:\Program Files (x86)\PHP\;c:\Program Files (x86)\Intel\iCLS Client\;c:\Program Files\Intel\iCLS Client\;C:\Windows\system32;C:\Windows;C:\Windows\System32\Wbem;C:\Windows\System32\WindowsPowerShell\v1.0\;C:\Program Files\Intel\Intel(R) Management Engine Components\DAL;C:\Program Files\Intel\Intel(R) Management Engine Components\IPT;C:\Program Files (x86)\Intel\Intel(R) Management Engine Components\DAL;C:\Program Files (x86)\Intel\Intel(R) Management Engine Components\IPT;C:\Program Files (x86)\Intel\OpenCL SDK\3.0\bin\x86;C:\Program Files (x86)\Intel\OpenCL SDK\3.0\bin\x64;C:\Program Files (x86)\Windows Live\Shared;C:\binaries;c:\Program Files (x86)\Microsoft SQL Server\100\Tools\Binn\;c:\Program Files\Microsoft SQL Server\100\Tools\Binn\;c:\Program Files\Microsoft SQL Server\100\DTS\Binn\;C:\strawberry\c\bin;C:\strawberry\perl\site\bin;C:\strawberry\perl\bin;C:\Program Files (x86)\Microsoft SQL Server\110\Tools\Binn\ManagementStudio\;C:\Program Files (x86)\Microsoft SQL Server\110\Tools\Binn\;C:\Program Files\Microsoft SQL Server\110\Tools\Binn\;C:\Program Files (x86)\Microsoft SQL Server\110\DTS\Binn\;C:\Program Files\TortoiseSVN\bin;C:\Python34;C:\Program Files (x86)\Java\jre7\bin;C:\eclipse;
USERNAME=inacio
OS=Windows_NT
PROCESSOR_IDENTIFIER=Intel64 Family 6 Model 69 Stepping 1, GenuineIntel



---------------  S Y S T E M  ---------------

OS: Windows 8 , 64 bit Build 9200 

CPU:total 4 (2 cores per cpu, 2 threads per core) family 6 model 69 stepping 1, cmov, cx8, fxsr, mmx, sse, sse2, sse3, ssse3, sse4.1, sse4.2, popcnt, avx, avx2, aes, erms, ht, tsc, tscinvbit

Memory: 4k page, physical 8290700k(4558584k free), swap 9535884k(5027976k free)

vm_info: Java HotSpot(TM) Client VM (24.60-b09) for windows-x86 JRE (1.7.0_60-b19), built on May  7 2014 13:09:52 by "java_re" with unknown MS VC++:1600

time: Wed Jul 02 17:13:54 2014
elapsed time: 106 seconds

