#
# A fatal error has been detected by the Java Runtime Environment:
#
#  EXCEPTION_ACCESS_VIOLATION (0xc0000005) at pc=0x5b219052, pid=4292, tid=4880
#
# JRE version: Java(TM) SE Runtime Environment (7.0_60-b19) (build 1.7.0_60-b19)
# Java VM: Java HotSpot(TM) Client VM (24.60-b09 mixed mode, sharing windows-x86 )
# Problematic frame:
# C  [berkelium.dll+0xa39052]
#
# Failed to write core dump. Minidumps are not enabled by default on client versions of Windows
#
# If you would like to submit a bug report, please visit:
#   http://bugreport.sun.com/bugreport/crash.jsp
#

---------------  T H R E A D  ---------------

Current thread (0x027efc00):  VMThread [stack: 0x04a00000,0x04a50000] [id=4880]

siginfo: ExceptionCode=0xc0000005, reading address 0x000000f8

Registers:
EAX=0x04a4f2b4, EBX=0x000493e0, ECX=0x04a4f2b4, EDX=0xdf484988
ESP=0x04a4f2a4, EBP=0x00000060, ESI=0x00000000, EDI=0xf129ec88
EIP=0x5b219052, EFLAGS=0x00010206

Top of Stack: (sp=0x04a4f2a4)
0x04a4f2a4:   072c3168 072c3168 0721ab00 00000000
0x04a4f2b4:   df484988 00000060 072b3a20 072be990
0x04a4f2c4:   00000000 00000000 00000000 74616401
0x04a4f2d4:   69642d61 07540072 00000023 0000002f
0x04a4f2e4:   00000000 07247070 002e5bcc 072c3000
0x04a4f2f4:   0721ab44 ffffff00 5a84bf20 5c369778
0x04a4f304:   06d00030 00000000 0000000f 5c36a730
0x04a4f314:   00000001 5a849783 00000008 00000001 

Instructions: (pc=0x5b219052)
0x5b219032:   03 00 00 57 53 e8 f4 c8 60 ff 8b ea 8d 54 24 10
0x5b219042:   52 8b f8 e8 26 ca 00 00 83 c4 04 03 38 13 68 04
0x5b219052:   8b 86 f8 00 00 00 0b 86 fc 00 00 00 89 7c 24 20
0x5b219062:   89 6c 24 24 75 3e 39 84 24 d4 00 00 00 7f 35 7c 


Register to memory mapping:

EAX=
[error occurred during error reporting (printing register info), id 0xc0000005]

Stack: [0x04a00000,0x04a50000],  sp=0x04a4f2a4,  free space=316k
Native frames: (J=compiled Java code, j=interpreted, Vv=VM code, C=native code)
C  [berkelium.dll+0xa39052]

[error occurred during error reporting (printing native stack), id 0xc0000005]

VM_Operation (0x05fde660): Exit, mode: safepoint, requested by thread 0x02862000


---------------  P R O C E S S  ---------------

Java Threads: ( => current thread )
  0x05eea800 JavaThread "Thread-39" [_thread_blocked, id=5560, stack(0x07e20000,0x07e70000)]
  0x05eeac00 JavaThread "WeakCollectionCleaner" daemon [_thread_blocked, id=6228, stack(0x07d00000,0x07d50000)]
  0x02864800 JavaThread "TimerQueue" daemon [_thread_blocked, id=7000, stack(0x07c70000,0x07cc0000)]
  0x02864000 JavaThread "DestroyJavaVM" [_thread_blocked, id=4676, stack(0x00f10000,0x00f60000)]
  0x02862000 JavaThread "AWT-EventQueue-0" [_thread_blocked, id=8508, stack(0x05f90000,0x05fe0000)]
  0x02861400 JavaThread "AWT-Shutdown" [_thread_blocked, id=268, stack(0x05660000,0x056b0000)]
  0x02863400 JavaThread "Java2D Disposer" daemon [_thread_blocked, id=7784, stack(0x055d0000,0x05620000)]
  0x02862800 JavaThread "Service Thread" daemon [_thread_blocked, id=7356, stack(0x04d60000,0x04db0000)]
  0x02868000 JavaThread "C1 CompilerThread0" daemon [_thread_blocked, id=4548, stack(0x04cd0000,0x04d20000)]
  0x02863800 JavaThread "Attach Listener" daemon [_thread_blocked, id=3716, stack(0x04c40000,0x04c90000)]
  0x02860c00 JavaThread "Signal Dispatcher" daemon [_thread_blocked, id=9052, stack(0x04bb0000,0x04c00000)]
  0x027f6000 JavaThread "Finalizer" daemon [_thread_blocked, id=7588, stack(0x04b20000,0x04b70000)]
  0x027f1000 JavaThread "Reference Handler" daemon [_thread_blocked, id=6816, stack(0x04a90000,0x04ae0000)]

Other Threads:
=>0x027efc00 VMThread [stack: 0x04a00000,0x04a50000] [id=4880]

VM state:at safepoint (shutting down)

VM Mutex/Monitor currently owned by a thread:  ([mutex/lock_event])
[0x028dc670] Threads_lock - owner thread: 0x027efc00

Heap
 def new generation   total 78656K, used 25217K [0x24000000, 0x29550000, 0x29550000)
  eden space 69952K,  23% used [0x24000000, 0x25039d78, 0x28450000)
  from space 8704K,  98% used [0x28cd0000, 0x29536820, 0x29550000)
  to   space 8704K,   0% used [0x28450000, 0x28450000, 0x28cd0000)
 tenured generation   total 174784K, used 50676K [0x29550000, 0x34000000, 0x34000000)
   the space 174784K,  28% used [0x29550000, 0x2c6cd3f8, 0x2c6cd400, 0x34000000)
 compacting perm gen  total 12288K, used 8830K [0x34000000, 0x34c00000, 0x38000000)
   the space 12288K,  71% used [0x34000000, 0x3489f860, 0x3489fa00, 0x34c00000)
    ro space 10240K,  42% used [0x38000000, 0x38434778, 0x38434800, 0x38a00000)
    rw space 12288K,  52% used [0x38a00000, 0x39049a68, 0x39049c00, 0x39600000)

Card table byte_map: [0x048e0000,0x04990000] byte_map_base: 0x047c0000

Polling page: 0x00f60000

Code Cache  [0x028e0000, 0x02bf0000, 0x048e0000)
 total_blobs=1984 nmethods=1695 adapters=225 free_code_cache=29664Kb largest_free_block=30375680

Compilation events (10 events):
Event: 71.345 Thread 0x02868000 1702             sun.java2d.SunGraphics2D::transformShape (36 bytes)
Event: 71.345 Thread 0x02868000 nmethod 1702 0x02be67c8 code [0x02be68e0, 0x02be69c8]
Event: 71.347 Thread 0x02868000 1703             javax.swing.JLabel::getUIClassID (3 bytes)
Event: 71.347 Thread 0x02868000 nmethod 1703 0x02be6a48 code [0x02be6b40, 0x02be6bc0]
Event: 673.644 Thread 0x02868000 1704   !         sun.awt.AWTAutoShutdown::notifyThreadBusy (86 bytes)
Event: 673.645 Thread 0x02868000 nmethod 1704 0x02be6c08 code [0x02be6d60, 0x02be71fc]
Event: 673.645 Thread 0x02868000 1705  s          java.awt.AWTEvent::get_InputEvent_CanAccessSystemClipboard (26 bytes)
Event: 673.645 Thread 0x02868000 nmethod 1705 0x02be7548 code [0x02be7660, 0x02be78ac]
Event: 673.645 Thread 0x02868000 1706             sun.reflect.UnsafeBooleanFieldAccessorImpl::setBoolean (30 bytes)
Event: 673.645 Thread 0x02868000 nmethod 1706 0x02be7988 code [0x02be7ae0, 0x02be7d68]

GC Heap History (10 events):
Event: 41.483 GC heap before
{Heap before GC invocations=168 (full 71):
 def new generation   total 78656K, used 78655K [0x24000000, 0x29550000, 0x29550000)
  eden space 69952K, 100% used [0x24000000, 0x28450000, 0x28450000)
  from space 8704K,  99% used [0x28cd0000, 0x2954ffe8, 0x29550000)
  to   space 8704K,   0% used [0x28450000, 0x28450000, 0x28cd0000)
 tenured generation   total 174784K, used 174783K [0x29550000, 0x34000000, 0x34000000)
   the space 174784K,  99% used [0x29550000, 0x33fffff8, 0x34000000, 0x34000000)
 compacting perm gen  total 12288K, used 8797K [0x34000000, 0x34c00000, 0x38000000)
   the space 12288K,  71% used [0x34000000, 0x34897470, 0x34897600, 0x34c00000)
    ro space 10240K,  42% used [0x38000000, 0x38434778, 0x38434800, 0x38a00000)
    rw space 12288K,  52% used [0x38a00000, 0x39049a68, 0x39049c00, 0x39600000)
Event: 41.780 GC heap after
Heap after GC invocations=169 (full 72):
 def new generation   total 78656K, used 78655K [0x24000000, 0x29550000, 0x29550000)
  eden space 69952K, 100% used [0x24000000, 0x28450000, 0x28450000)
  from space 8704K,  99% used [0x28cd0000, 0x2954ffe8, 0x29550000)
  to   space 8704K,   0% used [0x28450000, 0x28450000, 0x28cd0000)
 tenured generation   total 174784K, used 174783K [0x29550000, 0x34000000, 0x34000000)
   the space 174784K,  99% used [0x29550000, 0x33fffff8, 0x34000000, 0x34000000)
 compacting perm gen  total 12288K, used 8797K [0x34000000, 0x34c00000, 0x38000000)
   the space 12288K,  71% used [0x34000000, 0x34897470, 0x34897600, 0x34c00000)
    ro space 10240K,  42% used [0x38000000, 0x38434778, 0x38434800, 0x38a00000)
    rw space 12288K,  52% used [0x38a00000, 0x39049a68, 0x39049c00, 0x39600000)
}
Event: 41.780 GC heap before
{Heap before GC invocations=169 (full 72):
 def new generation   total 78656K, used 78655K [0x24000000, 0x29550000, 0x29550000)
  eden space 69952K, 100% used [0x24000000, 0x28450000, 0x28450000)
  from space 8704K,  99% used [0x28cd0000, 0x2954ffe8, 0x29550000)
  to   space 8704K,   0% used [0x28450000, 0x28450000, 0x28cd0000)
 tenured generation   total 174784K, used 174783K [0x29550000, 0x34000000, 0x34000000)
   the space 174784K,  99% used [0x29550000, 0x33fffff8, 0x34000000, 0x34000000)
 compacting perm gen  total 12288K, used 8797K [0x34000000, 0x34c00000, 0x38000000)
   the space 12288K,  71% used [0x34000000, 0x34897470, 0x34897600, 0x34c00000)
    ro space 10240K,  42% used [0x38000000, 0x38434778, 0x38434800, 0x38a00000)
    rw space 12288K,  52% used [0x38a00000, 0x39049a68, 0x39049c00, 0x39600000)
Event: 42.082 GC heap after
Heap after GC invocations=170 (full 73):
 def new generation   total 78656K, used 78655K [0x24000000, 0x29550000, 0x29550000)
  eden space 69952K, 100% used [0x24000000, 0x28450000, 0x28450000)
  from space 8704K,  99% used [0x28cd0000, 0x2954ffe8, 0x29550000)
  to   space 8704K,   0% used [0x28450000, 0x28450000, 0x28cd0000)
 tenured generation   total 174784K, used 174783K [0x29550000, 0x34000000, 0x34000000)
   the space 174784K,  99% used [0x29550000, 0x33fffff8, 0x34000000, 0x34000000)
 compacting perm gen  total 12288K, used 8797K [0x34000000, 0x34c00000, 0x38000000)
   the space 12288K,  71% used [0x34000000, 0x34897470, 0x34897600, 0x34c00000)
    ro space 10240K,  42% used [0x38000000, 0x38434778, 0x38434800, 0x38a00000)
    rw space 12288K,  52% used [0x38a00000, 0x39049a68, 0x39049c00, 0x39600000)
}
Event: 42.082 GC heap before
{Heap before GC invocations=170 (full 73):
 def new generation   total 78656K, used 78655K [0x24000000, 0x29550000, 0x29550000)
  eden space 69952K, 100% used [0x24000000, 0x28450000, 0x28450000)
  from space 8704K,  99% used [0x28cd0000, 0x2954fff8, 0x29550000)
  to   space 8704K,   0% used [0x28450000, 0x28450000, 0x28cd0000)
 tenured generation   total 174784K, used 174783K [0x29550000, 0x34000000, 0x34000000)
   the space 174784K,  99% used [0x29550000, 0x33fffff8, 0x34000000, 0x34000000)
 compacting perm gen  total 12288K, used 8797K [0x34000000, 0x34c00000, 0x38000000)
   the space 12288K,  71% used [0x34000000, 0x34897470, 0x34897600, 0x34c00000)
    ro space 10240K,  42% used [0x38000000, 0x38434778, 0x38434800, 0x38a00000)
    rw space 12288K,  52% used [0x38a00000, 0x39049a68, 0x39049c00, 0x39600000)
Event: 42.161 GC heap after
Heap after GC invocations=171 (full 74):
 def new generation   total 78656K, used 0K [0x24000000, 0x29550000, 0x29550000)
  eden space 69952K,   0% used [0x24000000, 0x24000000, 0x28450000)
  from space 8704K,   0% used [0x28cd0000, 0x28cd0000, 0x29550000)
  to   space 8704K,   0% used [0x28450000, 0x28450000, 0x28cd0000)
 tenured generation   total 174784K, used 35304K [0x29550000, 0x34000000, 0x34000000)
   the space 174784K,  20% used [0x29550000, 0x2b7ca080, 0x2b7ca200, 0x34000000)
 compacting perm gen  total 12288K, used 8797K [0x34000000, 0x34c00000, 0x38000000)
   the space 12288K,  71% used [0x34000000, 0x34897470, 0x34897600, 0x34c00000)
    ro space 10240K,  42% used [0x38000000, 0x38434778, 0x38434800, 0x38a00000)
    rw space 12288K,  52% used [0x38a00000, 0x39049a68, 0x39049c00, 0x39600000)
}
Event: 58.429 GC heap before
{Heap before GC invocations=171 (full 74):
 def new generation   total 78656K, used 69952K [0x24000000, 0x29550000, 0x29550000)
  eden space 69952K, 100% used [0x24000000, 0x28450000, 0x28450000)
  from space 8704K,   0% used [0x28cd0000, 0x28cd0000, 0x29550000)
  to   space 8704K,   0% used [0x28450000, 0x28450000, 0x28cd0000)
 tenured generation   total 174784K, used 35304K [0x29550000, 0x34000000, 0x34000000)
   the space 174784K,  20% used [0x29550000, 0x2b7ca080, 0x2b7ca200, 0x34000000)
 compacting perm gen  total 12288K, used 8821K [0x34000000, 0x34c00000, 0x38000000)
   the space 12288K,  71% used [0x34000000, 0x3489d570, 0x3489d600, 0x34c00000)
    ro space 10240K,  42% used [0x38000000, 0x38434778, 0x38434800, 0x38a00000)
    rw space 12288K,  52% used [0x38a00000, 0x39049a68, 0x39049c00, 0x39600000)
Event: 58.442 GC heap after
Heap after GC invocations=172 (full 74):
 def new generation   total 78656K, used 8703K [0x24000000, 0x29550000, 0x29550000)
  eden space 69952K,   0% used [0x24000000, 0x24000000, 0x28450000)
  from space 8704K,  99% used [0x28450000, 0x28ccffa8, 0x28cd0000)
  to   space 8704K,   0% used [0x28cd0000, 0x28cd0000, 0x29550000)
 tenured generation   total 174784K, used 40670K [0x29550000, 0x34000000, 0x34000000)
   the space 174784K,  23% used [0x29550000, 0x2bd07ac0, 0x2bd07c00, 0x34000000)
 compacting perm gen  total 12288K, used 8821K [0x34000000, 0x34c00000, 0x38000000)
   the space 12288K,  71% used [0x34000000, 0x3489d570, 0x3489d600, 0x34c00000)
    ro space 10240K,  42% used [0x38000000, 0x38434778, 0x38434800, 0x38a00000)
    rw space 12288K,  52% used [0x38a00000, 0x39049a68, 0x39049c00, 0x39600000)
}
Event: 69.876 GC heap before
{Heap before GC invocations=172 (full 74):
 def new generation   total 78656K, used 78655K [0x24000000, 0x29550000, 0x29550000)
  eden space 69952K, 100% used [0x24000000, 0x28450000, 0x28450000)
  from space 8704K,  99% used [0x28450000, 0x28ccffa8, 0x28cd0000)
  to   space 8704K,   0% used [0x28cd0000, 0x28cd0000, 0x29550000)
 tenured generation   total 174784K, used 40670K [0x29550000, 0x34000000, 0x34000000)
   the space 174784K,  23% used [0x29550000, 0x2bd07ac0, 0x2bd07c00, 0x34000000)
 compacting perm gen  total 12288K, used 8821K [0x34000000, 0x34c00000, 0x38000000)
   the space 12288K,  71% used [0x34000000, 0x3489d620, 0x3489d800, 0x34c00000)
    ro space 10240K,  42% used [0x38000000, 0x38434778, 0x38434800, 0x38a00000)
    rw space 12288K,  52% used [0x38a00000, 0x39049a68, 0x39049c00, 0x39600000)
Event: 69.889 GC heap after
Heap after GC invocations=173 (full 74):
 def new generation   total 78656K, used 8602K [0x24000000, 0x29550000, 0x29550000)
  eden space 69952K,   0% used [0x24000000, 0x24000000, 0x28450000)
  from space 8704K,  98% used [0x28cd0000, 0x29536820, 0x29550000)
  to   space 8704K,   0% used [0x28450000, 0x28450000, 0x28cd0000)
 tenured generation   total 174784K, used 50676K [0x29550000, 0x34000000, 0x34000000)
   the space 174784K,  28% used [0x29550000, 0x2c6cd3f8, 0x2c6cd400, 0x34000000)
 compacting perm gen  total 12288K, used 8821K [0x34000000, 0x34c00000, 0x38000000)
   the space 12288K,  71% used [0x34000000, 0x3489d620, 0x3489d800, 0x34c00000)
    ro space 10240K,  42% used [0x38000000, 0x38434778, 0x38434800, 0x38a00000)
    rw space 12288K,  52% used [0x38a00000, 0x39049a68, 0x39049c00, 0x39600000)
}

Deoptimization events (0 events):
No events

Internal exceptions (10 events):
Event: 42.215 Thread 0x02862000 Threw 0x240961d8 at C:\re\jdk7u60\1081\hotspot\src\share\vm\prims\jvm.cpp:1244
Event: 42.316 Thread 0x05eec000 Threw 0x245990f8 at C:\re\jdk7u60\1081\hotspot\src\share\vm\prims\jvm.cpp:2917
Event: 43.252 Thread 0x05ee9400 Threw 0x254cf608 at C:\re\jdk7u60\1081\hotspot\src\share\vm\prims\jvm.cpp:2917
Event: 44.695 Thread 0x05eec000 Threw 0x245aacd0 at C:\re\jdk7u60\1081\hotspot\src\share\vm\prims\jvm.cpp:2917
Event: 59.449 Thread 0x05eed400 Threw 0x24ace200 at C:\re\jdk7u60\1081\hotspot\src\share\vm\prims\jvm.cpp:2917
Event: 60.504 Thread 0x05eed400 Threw 0x24adec90 at C:\re\jdk7u60\1081\hotspot\src\share\vm\prims\jvm.cpp:2917
Event: 62.840 Thread 0x05ee9000 Threw 0x252065a8 at C:\re\jdk7u60\1081\hotspot\src\share\vm\prims\jvm.cpp:2917
Event: 64.175 Thread 0x05eed400 Threw 0x24af1ce8 at C:\re\jdk7u60\1081\hotspot\src\share\vm\prims\jvm.cpp:2917
Event: 69.871 Thread 0x05ee8000 Threw 0x28257298 at C:\re\jdk7u60\1081\hotspot\src\share\vm\prims\jvm.cpp:2917
Event: 71.404 Thread 0x05ee9400 Threw 0x245556f0 at C:\re\jdk7u60\1081\hotspot\src\share\vm\prims\jvm.cpp:2917

Events (10 events):
Event: 674.341 loading class 0x39670c20
Event: 674.341 Thread 0x05ee7000 Thread exited: 0x05ee7000
Event: 674.341 loading class 0x39670bc8
Event: 674.342 loading class 0x39670bc8 done
Event: 674.342 loading class 0x39670c20 done
Event: 674.342 Thread 0x05ee9400 Thread exited: 0x05ee9400
Event: 674.342 Thread 0x05ee5c00 Thread exited: 0x05ee5c00
Event: 674.348 Thread 0x02861c00 Thread exited: 0x02861c00
Event: 674.442 Thread 0x05ee8000 Thread exited: 0x05ee8000
Event: 674.442 Executing VM operation: Exit


Dynamic libraries:
0x00a70000 - 0x00a9f000 	C:\Program Files (x86)\Java\jre7\bin\javaw.exe
0x76fe0000 - 0x77137000 	C:\Windows\SYSTEM32\ntdll.dll
0x74690000 - 0x747c0000 	C:\Windows\SYSTEM32\KERNEL32.DLL
0x76a80000 - 0x76b27000 	C:\Windows\SYSTEM32\KERNELBASE.dll
0x747c0000 - 0x7486e000 	C:\Windows\SYSTEM32\ADVAPI32.dll
0x764f0000 - 0x76606000 	C:\Windows\SYSTEM32\USER32.dll
0x73130000 - 0x73328000 	C:\Windows\WinSxS\x86_microsoft.windows.common-controls_6595b64144ccf1df_6.0.9200.16579_none_8937eec6860750f5\COMCTL32.dll
0x76000000 - 0x760b1000 	C:\Windows\SYSTEM32\msvcrt.dll
0x74870000 - 0x748a4000 	C:\Windows\SYSTEM32\sechost.dll
0x760c0000 - 0x7616c000 	C:\Windows\SYSTEM32\RPCRT4.dll
0x748b0000 - 0x749ad000 	C:\Windows\SYSTEM32\GDI32.dll
0x745d0000 - 0x745ed000 	C:\Windows\SYSTEM32\SspiCli.dll
0x745c0000 - 0x745c9000 	C:\Windows\SYSTEM32\CRYPTBASE.dll
0x74560000 - 0x745b1000 	C:\Windows\SYSTEM32\bcryptPrimitives.dll
0x762e0000 - 0x76300000 	C:\Windows\system32\IMM32.DLL
0x76680000 - 0x7675e000 	C:\Windows\SYSTEM32\MSCTF.dll
0x639d0000 - 0x63a8f000 	C:\Program Files (x86)\Java\jre7\bin\msvcr100.dll
0x6f250000 - 0x6f5d8000 	C:\Program Files (x86)\Java\jre7\bin\client\jvm.dll
0x71c10000 - 0x71c18000 	C:\Windows\SYSTEM32\WSOCK32.dll
0x71fb0000 - 0x71fd1000 	C:\Windows\SYSTEM32\WINMM.dll
0x76300000 - 0x76306000 	C:\Windows\SYSTEM32\PSAPI.DLL
0x75f80000 - 0x75fd0000 	C:\Windows\SYSTEM32\WS2_32.dll
0x71c70000 - 0x71c9b000 	C:\Windows\SYSTEM32\WINMMBASE.dll
0x75ff0000 - 0x75ff8000 	C:\Windows\SYSTEM32\NSI.dll
0x76b30000 - 0x76b76000 	C:\Windows\SYSTEM32\cfgmgr32.dll
0x75f00000 - 0x75f1e000 	C:\Windows\SYSTEM32\DEVOBJ.dll
0x720a0000 - 0x720ac000 	C:\Program Files (x86)\Java\jre7\bin\verify.dll
0x71910000 - 0x71930000 	C:\Program Files (x86)\Java\jre7\bin\java.dll
0x718d0000 - 0x718e3000 	C:\Program Files (x86)\Java\jre7\bin\zip.dll
0x61ff0000 - 0x62133000 	C:\Program Files (x86)\Java\jre7\bin\awt.dll
0x76c00000 - 0x76c8b000 	C:\Windows\SYSTEM32\OLEAUT32.dll
0x76de0000 - 0x76f16000 	C:\Windows\SYSTEM32\combase.dll
0x72dd0000 - 0x72e77000 	C:\Windows\system32\apphelp.dll
0x71a40000 - 0x71a59000 	C:\Windows\system32\DWMAPI.DLL
0x726b0000 - 0x72738000 	C:\Windows\system32\uxtheme.dll
0x76760000 - 0x76879000 	C:\Windows\SYSTEM32\ole32.dll
0x74da0000 - 0x75e66000 	C:\Windows\SYSTEM32\SHELL32.dll
0x75f40000 - 0x75f80000 	C:\Windows\SYSTEM32\SHLWAPI.dll
0x73330000 - 0x733a3000 	C:\Windows\SYSTEM32\shcore.dll
0x61fb0000 - 0x61fe9000 	C:\Program Files (x86)\Java\jre7\bin\fontmanager.dll
0x718b0000 - 0x718c4000 	C:\Program Files (x86)\Java\jre7\bin\net.dll
0x72e80000 - 0x72eca000 	C:\Windows\system32\mswsock.dll
0x718a0000 - 0x718af000 	C:\Program Files (x86)\Java\jre7\bin\nio.dll
0x66380000 - 0x663b0000 	C:\Program Files (x86)\Java\jre7\bin\t2k.dll
0x76b80000 - 0x76bf4000 	C:\Windows\SYSTEM32\clbcatq.dll
0x6a8a0000 - 0x6a9eb000 	C:\Windows\SYSTEM32\WindowsCodecs.dll
0x76dc0000 - 0x76dd1000 	C:\Windows\SYSTEM32\profapi.dll
0x61f80000 - 0x61fa4000 	C:\Program Files (x86)\Java\jre7\bin\dcpr.dll
0x61f10000 - 0x61f7d000 	C:\binaries\terrajava.dll
0x61e20000 - 0x61f07000 	C:\binaries\terramanager-funcate.dll
0x61570000 - 0x61e16000 	C:\binaries\terralib.dll
0x64af0000 - 0x64b59000 	C:\Windows\SYSTEM32\MSVCP100.dll
0x6d880000 - 0x6db4c000 	C:\binaries\bgd.dll
0x66b60000 - 0x66b7b000 	C:\binaries\terraogc_xml.dll
0x64cd0000 - 0x64ced000 	C:\binaries\terraogc_sld.dll
0x61540000 - 0x61566000 	C:\binaries\terraogc_se.dll
0x61500000 - 0x61536000 	C:\binaries\terraogc_filter.dll
0x614a0000 - 0x614f2000 	C:\binaries\terraogc_ows.dll
0x639b0000 - 0x639c9000 	C:\binaries\terraogc_common.dll
0x710d0000 - 0x710db000 	C:\binaries\terralib_shp.dll
0x68080000 - 0x6808e000 	C:\binaries\terralib_spl.dll
0x06530000 - 0x06926000 	C:\binaries\qt-mt338.dll
0x613d0000 - 0x6149e000 	C:\Windows\SYSTEM32\OPENGL32.dll
0x613a0000 - 0x613c3000 	C:\Windows\SYSTEM32\GLU32.dll
0x61320000 - 0x6139f000 	C:\binaries\qwt500.dll
0x5a7e0000 - 0x5c7df000 	C:\binaries\berkelium.dll
0x10000000 - 0x10141000 	C:\binaries\LIBMYSQL.dll
0x63100000 - 0x63121000 	C:\binaries\LIBPQ.dll
0x06930000 - 0x06991000 	C:\binaries\OCI.dll
0x61290000 - 0x6131a000 	C:\binaries\libtiff.dll
0x60ab0000 - 0x61282000 	C:\binaries\gdal110.dll
0x12000000 - 0x121dc000 	C:\binaries\xerces-c_3_1.dll
0x60a50000 - 0x60aa5000 	C:\binaries\terraogc_wms.dll
0x609f0000 - 0x60a43000 	C:\binaries\terraogc_gml.dll
0x609a0000 - 0x609e1000 	C:\binaries\terraogc_xsd.dll
0x60980000 - 0x609a0000 	C:\binaries\terraogc_xacml.dll
0x71f30000 - 0x71f90000 	C:\Windows\SYSTEM32\WINSPOOL.DRV
0x7c340000 - 0x7c396000 	C:\Windows\SYSTEM32\MSVCR71.dll
0x608a0000 - 0x60979000 	C:\Windows\SYSTEM32\DDRAW.dll
0x727a0000 - 0x727a9000 	C:\Windows\SYSTEM32\Secur32.dll
0x75f20000 - 0x75f3b000 	C:\Windows\SYSTEM32\USERENV.dll
0x71520000 - 0x71570000 	C:\Windows\SYSTEM32\OLEACC.dll
0x60820000 - 0x60896000 	C:\Windows\SYSTEM32\RICHED20.dll
0x72ee0000 - 0x72ee8000 	C:\Windows\SYSTEM32\VERSION.dll
0x720b0000 - 0x720c4000 	C:\Windows\SYSTEM32\USP10.dll
0x72c50000 - 0x72cc5000 	C:\Windows\SYSTEM32\DNSAPI.dll
0x06a40000 - 0x06aea000 	C:\Windows\libeay32.dll
0x06af0000 - 0x06afd000 	C:\binaries\libintl-2.dll
0x72ed0000 - 0x72ed6000 	C:\Windows\SYSTEM32\SHFOLDER.DLL
0x06b00000 - 0x06b26000 	C:\Windows\ssleay32.dll
0x06b30000 - 0x06b56000 	C:\binaries\libexpat.dll
0x60770000 - 0x60811000 	C:\Windows\SYSTEM32\ODBC32.dll
0x60760000 - 0x60767000 	C:\Windows\SYSTEM32\DCIMAN32.dll
0x663b0000 - 0x663db000 	C:\Windows\SYSTEM32\msls31.dll
0x06bb0000 - 0x06c8b000 	C:\binaries\libiconv-2.dll
0x6f600000 - 0x6f61d000 	C:\Windows\SYSTEM32\gpapi.dll
0x74530000 - 0x74556000 	C:\Windows\SYSTEM32\ntmarta.dll
0x5feb0000 - 0x60758000 	C:\binaries\icudt46.dll
0x666f0000 - 0x66819000 	C:\Windows\SYSTEM32\dbghelp.dll
0x72040000 - 0x72050000 	C:\Windows\system32\napinsp.dll
0x72020000 - 0x72034000 	C:\Windows\system32\pnrpnsp.dll
0x72010000 - 0x72020000 	C:\Windows\system32\NLAapi.dll
0x72000000 - 0x72009000 	C:\Windows\System32\winrnr.dll
0x71ac0000 - 0x71ad0000 	C:\Windows\system32\wshbth.dll
0x726a0000 - 0x726a7000 	C:\Windows\System32\rasadhlp.dll
0x71c30000 - 0x71c6f000 	C:\Windows\System32\fwpuclnt.dll
0x72cd0000 - 0x72cf0000 	C:\Windows\SYSTEM32\IPHLPAPI.DLL
0x72c40000 - 0x72c48000 	C:\Windows\SYSTEM32\WINNSI.DLL
0x730d0000 - 0x730ea000 	C:\Windows\SYSTEM32\CRYPTSP.dll
0x73090000 - 0x730ce000 	C:\Windows\system32\rsaenh.dll
0x72c30000 - 0x72c40000 	C:\Windows\SYSTEM32\dhcpcsvc6.DLL
0x72c10000 - 0x72c22000 	C:\Windows\SYSTEM32\dhcpcsvc.DLL
0x5fe80000 - 0x5fea5000 	C:\Program Files (x86)\Java\jre7\bin\jpeg.dll

VM Arguments:
jvm_args: -Dfile.encoding=ISO-8859-1 
java_command: com.nexusbr.gv.main.ConnectDBMain
Launcher Type: SUN_STANDARD

Environment Variables:
JAVA_HOME=C:\Program Files (x86)\Java\jre7
PATH=C:/Program Files (x86)/Java/jre7/bin/client;C:/Program Files (x86)/Java/jre7/bin;C:/Program Files (x86)/Java/jre7/lib/i386;C:\Program Files (x86)\PHP\;c:\Program Files (x86)\Intel\iCLS Client\;c:\Program Files\Intel\iCLS Client\;C:\Windows\system32;C:\Windows;C:\Windows\System32\Wbem;C:\Windows\System32\WindowsPowerShell\v1.0\;C:\Program Files\Intel\Intel(R) Management Engine Components\DAL;C:\Program Files\Intel\Intel(R) Management Engine Components\IPT;C:\Program Files (x86)\Intel\Intel(R) Management Engine Components\DAL;C:\Program Files (x86)\Intel\Intel(R) Management Engine Components\IPT;C:\Program Files (x86)\Intel\OpenCL SDK\3.0\bin\x86;C:\Program Files (x86)\Intel\OpenCL SDK\3.0\bin\x64;C:\Program Files (x86)\Windows Live\Shared;C:\binaries;c:\Program Files (x86)\Microsoft SQL Server\100\Tools\Binn\;c:\Program Files\Microsoft SQL Server\100\Tools\Binn\;c:\Program Files\Microsoft SQL Server\100\DTS\Binn\;C:\strawberry\c\bin;C:\strawberry\perl\site\bin;C:\strawberry\perl\bin;C:\Program Files (x86)\Microsoft SQL Server\110\Tools\Binn\ManagementStudio\;C:\Program Files (x86)\Microsoft SQL Server\110\Tools\Binn\;C:\Program Files\Microsoft SQL Server\110\Tools\Binn\;C:\Program Files (x86)\Microsoft SQL Server\110\DTS\Binn\;C:\Program Files\TortoiseSVN\bin;C:\Python34;C:\Program Files (x86)\Java\jre7\bin;C:\eclipse;
USERNAME=inacio
OS=Windows_NT
PROCESSOR_IDENTIFIER=Intel64 Family 6 Model 69 Stepping 1, GenuineIntel



---------------  S Y S T E M  ---------------

OS: Windows 8 , 64 bit Build 9200 

CPU:total 4 (2 cores per cpu, 2 threads per core) family 6 model 69 stepping 1, cmov, cx8, fxsr, mmx, sse, sse2, sse3, ssse3, sse4.1, sse4.2, popcnt, avx, avx2, aes, erms, ht, tsc, tscinvbit

Memory: 4k page, physical 8290700k(2779696k free), swap 9535884k(4077104k free)

vm_info: Java HotSpot(TM) Client VM (24.60-b09) for windows-x86 JRE (1.7.0_60-b19), built on May  7 2014 13:09:52 by "java_re" with unknown MS VC++:1600

time: Wed Jul 02 11:26:29 2014
elapsed time: 674 seconds

