#
# A fatal error has been detected by the Java Runtime Environment:
#
#  EXCEPTION_ACCESS_VIOLATION (0xc0000005) at pc=0x105e9052, pid=6060, tid=9032
#
# JRE version: Java(TM) SE Runtime Environment (7.0_60-b19) (build 1.7.0_60-b19)
# Java VM: Java HotSpot(TM) Client VM (24.60-b09 mixed mode, sharing windows-x86 )
# Problematic frame:
# C  [berkelium.dll+0xa39052]
#
# Failed to write core dump. Minidumps are not enabled by default on client versions of Windows
#
# If you would like to submit a bug report, please visit:
#   http://bugreport.sun.com/bugreport/crash.jsp
#

---------------  T H R E A D  ---------------

Current thread (0x022efc00):  VMThread [stack: 0x04520000,0x04570000] [id=9032]

siginfo: ExceptionCode=0xc0000005, reading address 0x000000f8

Registers:
EAX=0x0456f2a4, EBX=0x000493e0, ECX=0x0456f2a4, EDX=0x43c54510
ESP=0x0456f294, EBP=0x00000088, ESI=0x00000000, EDI=0x55a6e810
EIP=0x105e9052, EFLAGS=0x00010206

Top of Stack: (sp=0x0456f294)
0x0456f294:   06f31168 06f31168 06e8ab00 00000000
0x0456f2a4:   43c54510 00000088 06f23a20 06f2e900
0x0456f2b4:   00000000 00000000 00000000 74616401
0x0456f2c4:   69642d61 071c0072 00000023 0000002f
0x0456f2d4:   00000000 06eb7070 002e5bf4 06f31000
0x0456f2e4:   06e8ab44 ffffff00 0fc1bf20 11739778
0x0456f2f4:   069f0030 00000000 0000000f 1173a730
0x0456f304:   00000001 0fc19783 00000008 00000001 

Instructions: (pc=0x105e9052)
0x105e9032:   03 00 00 57 53 e8 f4 c8 60 ff 8b ea 8d 54 24 10
0x105e9042:   52 8b f8 e8 26 ca 00 00 83 c4 04 03 38 13 68 04
0x105e9052:   8b 86 f8 00 00 00 0b 86 fc 00 00 00 89 7c 24 20
0x105e9062:   89 6c 24 24 75 3e 39 84 24 d4 00 00 00 7f 35 7c 


Register to memory mapping:

EAX=
[error occurred during error reporting (printing register info), id 0xc0000005]

Stack: [0x04520000,0x04570000],  sp=0x0456f294,  free space=316k
Native frames: (J=compiled Java code, j=interpreted, Vv=VM code, C=native code)
C  [berkelium.dll+0xa39052]

[error occurred during error reporting (printing native stack), id 0xc0000005]

VM_Operation (0x05afe860): Exit, mode: safepoint, requested by thread 0x02361400


---------------  P R O C E S S  ---------------

Java Threads: ( => current thread )
  0x04ec5800 JavaThread "Image Fetcher 0" daemon [_thread_blocked, id=10812, stack(0x07a10000,0x07a60000)]
  0x04ecb400 JavaThread "Image Fetcher 3" daemon [_thread_blocked, id=5908, stack(0x07820000,0x07870000)]
  0x04ec7c00 JavaThread "WeakCollectionCleaner" daemon [_thread_blocked, id=3756, stack(0x09190000,0x091e0000)]
  0x02362800 JavaThread "TimerQueue" daemon [_thread_blocked, id=10684, stack(0x078f0000,0x07940000)]
  0x02363800 JavaThread "DestroyJavaVM" [_thread_blocked, id=8244, stack(0x00950000,0x009a0000)]
  0x02361400 JavaThread "AWT-EventQueue-0" [_thread_blocked, id=10704, stack(0x05ab0000,0x05b00000)]
  0x02362000 JavaThread "AWT-Shutdown" [_thread_blocked, id=9288, stack(0x05570000,0x055c0000)]
  0x02360c00 JavaThread "Java2D Disposer" daemon [_thread_blocked, id=7212, stack(0x053a0000,0x053f0000)]
  0x02364000 JavaThread "Service Thread" daemon [_thread_blocked, id=9640, stack(0x04880000,0x048d0000)]
  0x02368000 JavaThread "C1 CompilerThread0" daemon [_thread_blocked, id=4624, stack(0x047f0000,0x04840000)]
  0x02363400 JavaThread "Attach Listener" daemon [_thread_blocked, id=10096, stack(0x04760000,0x047b0000)]
  0x02361c00 JavaThread "Signal Dispatcher" daemon [_thread_blocked, id=1272, stack(0x046d0000,0x04720000)]
  0x022f2800 JavaThread "Finalizer" daemon [_thread_blocked, id=10348, stack(0x04640000,0x04690000)]
  0x022f1000 JavaThread "Reference Handler" daemon [_thread_blocked, id=9392, stack(0x045b0000,0x04600000)]

Other Threads:
=>0x022efc00 VMThread [stack: 0x04520000,0x04570000] [id=9032]

VM state:at safepoint (shutting down)

VM Mutex/Monitor currently owned by a thread:  ([mutex/lock_event])
[0x0083c190] Threads_lock - owner thread: 0x022efc00

Heap
 def new generation   total 35264K, used 5893K [0x24000000, 0x26640000, 0x29550000)
  eden space 31360K,  10% used [0x24000000, 0x243230b0, 0x25ea0000)
  from space 3904K,  68% used [0x26270000, 0x2650e370, 0x26640000)
  to   space 3904K,   0% used [0x25ea0000, 0x25ea0000, 0x26270000)
 tenured generation   total 95248K, used 94512K [0x29550000, 0x2f254000, 0x34000000)
   the space 95248K,  99% used [0x29550000, 0x2f19c108, 0x2f19c200, 0x2f254000)
 compacting perm gen  total 12288K, used 9316K [0x34000000, 0x34c00000, 0x38000000)
   the space 12288K,  75% used [0x34000000, 0x34919060, 0x34919200, 0x34c00000)
    ro space 10240K,  42% used [0x38000000, 0x38434778, 0x38434800, 0x38a00000)
    rw space 12288K,  52% used [0x38a00000, 0x39049a68, 0x39049c00, 0x39600000)

Card table byte_map: [0x043d0000,0x04480000] byte_map_base: 0x042b0000

Polling page: 0x00820000

Code Cache  [0x023d0000, 0x02688000, 0x043d0000)
 total_blobs=1713 nmethods=1423 adapters=226 free_code_cache=30004Kb largest_free_block=30724032

Compilation events (10 events):
Event: 61.724 Thread 0x02368000 1428             sun.font.FontDesignMetrics::getHeight (35 bytes)
Event: 61.724 Thread 0x02368000 nmethod 1428 0x02677d88 code [0x02677e90, 0x02677f90]
Event: 62.222 Thread 0x02368000 1429             javax.swing.JComponent::getBorder (5 bytes)
Event: 62.223 Thread 0x02368000 nmethod 1429 0x02677fc8 code [0x026780c0, 0x02678140]
Event: 62.619 Thread 0x02368000 1430             java.awt.Toolkit$ToolkitEventMulticaster::eventDispatched (27 bytes)
Event: 62.620 Thread 0x02368000 nmethod 1430 0x02678188 code [0x026782b0, 0x02678408]
Event: 62.652 Thread 0x02368000 1431   !         java.awt.AWTEvent::dispatched (47 bytes)
Event: 62.653 Thread 0x02368000 nmethod 1431 0x026784c8 code [0x02678620, 0x026789bc]
Event: 62.684 Thread 0x02368000 1432   !         java.awt.DefaultKeyboardFocusManager::dispatchEvent (1556 bytes)
Event: 62.706 Thread 0x02368000 nmethod 1432 0x02678c88 code [0x026796b0, 0x0267eac8]

GC Heap History (10 events):
Event: 24.365 GC heap before
{Heap before GC invocations=20 (full 5):
 def new generation   total 26112K, used 24235K [0x24000000, 0x25c50000, 0x29550000)
  eden space 23232K,  92% used [0x24000000, 0x254f3ef0, 0x256b0000)
  from space 2880K,  96% used [0x25980000, 0x25c36ea8, 0x25c50000)
  to   space 2880K,   0% used [0x256b0000, 0x256b0000, 0x25980000)
 tenured generation   total 57844K, used 41595K [0x29550000, 0x2cdcd000, 0x34000000)
   the space 57844K,  71% used [0x29550000, 0x2bdeedd0, 0x2bdeee00, 0x2cdcd000)
 compacting perm gen  total 12288K, used 8583K [0x34000000, 0x34c00000, 0x38000000)
   the space 12288K,  69% used [0x34000000, 0x34861c68, 0x34861e00, 0x34c00000)
    ro space 10240K,  42% used [0x38000000, 0x38434778, 0x38434800, 0x38a00000)
    rw space 12288K,  52% used [0x38a00000, 0x39049a68, 0x39049c00, 0x39600000)
Event: 24.382 GC heap after
Heap after GC invocations=21 (full 5):
 def new generation   total 26112K, used 2825K [0x24000000, 0x25c50000, 0x29550000)
  eden space 23232K,   0% used [0x24000000, 0x24000000, 0x256b0000)
  from space 2880K,  98% used [0x256b0000, 0x259726a8, 0x25980000)
  to   space 2880K,   0% used [0x25980000, 0x25980000, 0x25c50000)
 tenured generation   total 57844K, used 53145K [0x29550000, 0x2cdcd000, 0x34000000)
   the space 57844K,  91% used [0x29550000, 0x2c936590, 0x2c936600, 0x2cdcd000)
 compacting perm gen  total 12288K, used 8583K [0x34000000, 0x34c00000, 0x38000000)
   the space 12288K,  69% used [0x34000000, 0x34861c68, 0x34861e00, 0x34c00000)
    ro space 10240K,  42% used [0x38000000, 0x38434778, 0x38434800, 0x38a00000)
    rw space 12288K,  52% used [0x38a00000, 0x39049a68, 0x39049c00, 0x39600000)
}
Event: 25.774 GC heap before
{Heap before GC invocations=21 (full 5):
 def new generation   total 26112K, used 26057K [0x24000000, 0x25c50000, 0x29550000)
  eden space 23232K, 100% used [0x24000000, 0x256b0000, 0x256b0000)
  from space 2880K,  98% used [0x256b0000, 0x259726a8, 0x25980000)
  to   space 2880K,   0% used [0x25980000, 0x25980000, 0x25c50000)
 tenured generation   total 57844K, used 53145K [0x29550000, 0x2cdcd000, 0x34000000)
   the space 57844K,  91% used [0x29550000, 0x2c936590, 0x2c936600, 0x2cdcd000)
 compacting perm gen  total 12288K, used 8583K [0x34000000, 0x34c00000, 0x38000000)
   the space 12288K,  69% used [0x34000000, 0x34861c98, 0x34861e00, 0x34c00000)
    ro space 10240K,  42% used [0x38000000, 0x38434778, 0x38434800, 0x38a00000)
    rw space 12288K,  52% used [0x38a00000, 0x39049a68, 0x39049c00, 0x39600000)
Event: 25.844 GC heap after
Heap after GC invocations=22 (full 6):
 def new generation   total 35264K, used 0K [0x24000000, 0x26640000, 0x29550000)
  eden space 31360K,   0% used [0x24000000, 0x24000000, 0x25ea0000)
  from space 3904K,   0% used [0x25ea0000, 0x25ea0000, 0x26270000)
  to   space 3904K,   0% used [0x26270000, 0x26270000, 0x26640000)
 tenured generation   total 78056K, used 46831K [0x29550000, 0x2e18a000, 0x34000000)
   the space 78056K,  59% used [0x29550000, 0x2c30bef8, 0x2c30c000, 0x2e18a000)
 compacting perm gen  total 12288K, used 8583K [0x34000000, 0x34c00000, 0x38000000)
   the space 12288K,  69% used [0x34000000, 0x34861c98, 0x34861e00, 0x34c00000)
    ro space 10240K,  42% used [0x38000000, 0x38434778, 0x38434800, 0x38a00000)
    rw space 12288K,  52% used [0x38a00000, 0x39049a68, 0x39049c00, 0x39600000)
}
Event: 30.581 GC heap before
{Heap before GC invocations=22 (full 6):
 def new generation   total 35264K, used 31360K [0x24000000, 0x26640000, 0x29550000)
  eden space 31360K, 100% used [0x24000000, 0x25ea0000, 0x25ea0000)
  from space 3904K,   0% used [0x25ea0000, 0x25ea0000, 0x26270000)
  to   space 3904K,   0% used [0x26270000, 0x26270000, 0x26640000)
 tenured generation   total 78056K, used 46831K [0x29550000, 0x2e18a000, 0x34000000)
   the space 78056K,  59% used [0x29550000, 0x2c30bef8, 0x2c30c000, 0x2e18a000)
 compacting perm gen  total 12288K, used 8583K [0x34000000, 0x34c00000, 0x38000000)
   the space 12288K,  69% used [0x34000000, 0x34861d28, 0x34861e00, 0x34c00000)
    ro space 10240K,  42% used [0x38000000, 0x38434778, 0x38434800, 0x38a00000)
    rw space 12288K,  52% used [0x38a00000, 0x39049a68, 0x39049c00, 0x39600000)
Event: 30.587 GC heap after
Heap after GC invocations=23 (full 6):
 def new generation   total 35264K, used 3904K [0x24000000, 0x26640000, 0x29550000)
  eden space 31360K,   0% used [0x24000000, 0x24000000, 0x25ea0000)
  from space 3904K, 100% used [0x26270000, 0x26640000, 0x26640000)
  to   space 3904K,   0% used [0x25ea0000, 0x25ea0000, 0x26270000)
 tenured generation   total 78056K, used 60098K [0x29550000, 0x2e18a000, 0x34000000)
   the space 78056K,  76% used [0x29550000, 0x2d000a58, 0x2d000c00, 0x2e18a000)
 compacting perm gen  total 12288K, used 8583K [0x34000000, 0x34c00000, 0x38000000)
   the space 12288K,  69% used [0x34000000, 0x34861d28, 0x34861e00, 0x34c00000)
    ro space 10240K,  42% used [0x38000000, 0x38434778, 0x38434800, 0x38a00000)
    rw space 12288K,  52% used [0x38a00000, 0x39049a68, 0x39049c00, 0x39600000)
}
Event: 58.813 GC heap before
{Heap before GC invocations=23 (full 6):
 def new generation   total 35264K, used 32786K [0x24000000, 0x26640000, 0x29550000)
  eden space 31360K,  92% used [0x24000000, 0x25c34ae0, 0x25ea0000)
  from space 3904K, 100% used [0x26270000, 0x26640000, 0x26640000)
  to   space 3904K,   0% used [0x25ea0000, 0x25ea0000, 0x26270000)
 tenured generation   total 78056K, used 60098K [0x29550000, 0x2e18a000, 0x34000000)
   the space 78056K,  76% used [0x29550000, 0x2d000a58, 0x2d000c00, 0x2e18a000)
 compacting perm gen  total 12288K, used 9308K [0x34000000, 0x34c00000, 0x38000000)
   the space 12288K,  75% used [0x34000000, 0x34917158, 0x34917200, 0x34c00000)
    ro space 10240K,  42% used [0x38000000, 0x38434778, 0x38434800, 0x38a00000)
    rw space 12288K,  52% used [0x38a00000, 0x39049a68, 0x39049c00, 0x39600000)
Event: 58.825 GC heap after
Heap after GC invocations=24 (full 6):
 def new generation   total 35264K, used 3904K [0x24000000, 0x26640000, 0x29550000)
  eden space 31360K,   0% used [0x24000000, 0x24000000, 0x25ea0000)
  from space 3904K, 100% used [0x25ea0000, 0x26270000, 0x26270000)
  to   space 3904K,   0% used [0x26270000, 0x26270000, 0x26640000)
 tenured generation   total 78056K, used 73234K [0x29550000, 0x2e18a000, 0x34000000)
   the space 78056K,  93% used [0x29550000, 0x2dcd4ad0, 0x2dcd4c00, 0x2e18a000)
 compacting perm gen  total 12288K, used 9308K [0x34000000, 0x34c00000, 0x38000000)
   the space 12288K,  75% used [0x34000000, 0x34917158, 0x34917200, 0x34c00000)
    ro space 10240K,  42% used [0x38000000, 0x38434778, 0x38434800, 0x38a00000)
    rw space 12288K,  52% used [0x38a00000, 0x39049a68, 0x39049c00, 0x39600000)
}
Event: 60.680 GC heap before
{Heap before GC invocations=24 (full 6):
 def new generation   total 35264K, used 35264K [0x24000000, 0x26640000, 0x29550000)
  eden space 31360K, 100% used [0x24000000, 0x25ea0000, 0x25ea0000)
  from space 3904K, 100% used [0x25ea0000, 0x26270000, 0x26270000)
  to   space 3904K,   0% used [0x26270000, 0x26270000, 0x26640000)
 tenured generation   total 78056K, used 73430K [0x29550000, 0x2e18a000, 0x34000000)
   the space 78056K,  94% used [0x29550000, 0x2dd05a30, 0x2dd05c00, 0x2e18a000)
 compacting perm gen  total 12288K, used 9308K [0x34000000, 0x34c00000, 0x38000000)
   the space 12288K,  75% used [0x34000000, 0x34917188, 0x34917200, 0x34c00000)
    ro space 10240K,  42% used [0x38000000, 0x38434778, 0x38434800, 0x38a00000)
    rw space 12288K,  52% used [0x38a00000, 0x39049a68, 0x39049c00, 0x39600000)
Event: 60.695 GC heap after
Heap after GC invocations=25 (full 6):
 def new generation   total 35264K, used 2680K [0x24000000, 0x26640000, 0x29550000)
  eden space 31360K,   0% used [0x24000000, 0x24000000, 0x25ea0000)
  from space 3904K,  68% used [0x26270000, 0x2650e370, 0x26640000)
  to   space 3904K,   0% used [0x25ea0000, 0x25ea0000, 0x26270000)
 tenured generation   total 95248K, used 94512K [0x29550000, 0x2f254000, 0x34000000)
   the space 95248K,  99% used [0x29550000, 0x2f19c108, 0x2f19c200, 0x2f254000)
 compacting perm gen  total 12288K, used 9308K [0x34000000, 0x34c00000, 0x38000000)
   the space 12288K,  75% used [0x34000000, 0x34917188, 0x34917200, 0x34c00000)
    ro space 10240K,  42% used [0x38000000, 0x38434778, 0x38434800, 0x38a00000)
    rw space 12288K,  52% used [0x38a00000, 0x39049a68, 0x39049c00, 0x39600000)
}

Deoptimization events (0 events):
No events

Internal exceptions (10 events):
Event: 37.425 Thread 0x02361400 Threw 0x24477be0 at C:\re\jdk7u60\1081\hotspot\src\share\vm\prims\jvm.cpp:1244
Event: 37.429 Thread 0x02361400 Threw 0x244812e0 at C:\re\jdk7u60\1081\hotspot\src\share\vm\prims\jvm.cpp:1244
Event: 37.430 Thread 0x02361400 Threw 0x24487038 at C:\re\jdk7u60\1081\hotspot\src\share\vm\prims\jvm.cpp:1244
Event: 37.431 Thread 0x02361400 Threw 0x2448fca0 at C:\re\jdk7u60\1081\hotspot\src\share\vm\prims\jvm.cpp:1244
Event: 37.432 Thread 0x02361400 Threw 0x244963a8 at C:\re\jdk7u60\1081\hotspot\src\share\vm\prims\jvm.cpp:1244
Event: 37.433 Thread 0x02361400 Threw 0x2449d3f0 at C:\re\jdk7u60\1081\hotspot\src\share\vm\prims\jvm.cpp:1244
Event: 37.434 Thread 0x02361400 Threw 0x244a6958 at C:\re\jdk7u60\1081\hotspot\src\share\vm\prims\jvm.cpp:1244
Event: 37.435 Thread 0x02361400 Threw 0x244acf28 at C:\re\jdk7u60\1081\hotspot\src\share\vm\prims\jvm.cpp:1244
Event: 58.866 Thread 0x04ecb400 Threw 0x24702fe8 at C:\re\jdk7u60\1081\hotspot\src\share\vm\prims\jvm.cpp:2917
Event: 61.103 Thread 0x04ecb400 Threw 0x24091a98 at C:\re\jdk7u60\1081\hotspot\src\share\vm\prims\jvm.cpp:2917

Events (10 events):
Event: 63.347 Thread 0x04ec7800 Thread exited: 0x04ec7800
Event: 63.348 loading class 0x39670c20
Event: 63.348 loading class 0x39670bc8
Event: 63.348 loading class 0x39670bc8 done
Event: 63.348 loading class 0x39670c20 done
Event: 63.348 Thread 0x04ecd000 Thread exited: 0x04ecd000
Event: 63.348 Thread 0x04ec7000 Thread exited: 0x04ec7000
Event: 63.365 Thread 0x02362c00 Thread exited: 0x02362c00
Event: 63.448 Thread 0x04ec8800 Thread exited: 0x04ec8800
Event: 63.448 Executing VM operation: Exit


Dynamic libraries:
0x00a70000 - 0x00a9f000 	C:\Program Files (x86)\Java\jre7\bin\javaw.exe
0x76fe0000 - 0x77137000 	C:\Windows\SYSTEM32\ntdll.dll
0x74690000 - 0x747c0000 	C:\Windows\SYSTEM32\KERNEL32.DLL
0x76a80000 - 0x76b27000 	C:\Windows\SYSTEM32\KERNELBASE.dll
0x747c0000 - 0x7486e000 	C:\Windows\SYSTEM32\ADVAPI32.dll
0x764f0000 - 0x76606000 	C:\Windows\SYSTEM32\USER32.dll
0x73130000 - 0x73328000 	C:\Windows\WinSxS\x86_microsoft.windows.common-controls_6595b64144ccf1df_6.0.9200.16579_none_8937eec6860750f5\COMCTL32.dll
0x76000000 - 0x760b1000 	C:\Windows\SYSTEM32\msvcrt.dll
0x74870000 - 0x748a4000 	C:\Windows\SYSTEM32\sechost.dll
0x760c0000 - 0x7616c000 	C:\Windows\SYSTEM32\RPCRT4.dll
0x748b0000 - 0x749ad000 	C:\Windows\SYSTEM32\GDI32.dll
0x745d0000 - 0x745ed000 	C:\Windows\SYSTEM32\SspiCli.dll
0x745c0000 - 0x745c9000 	C:\Windows\SYSTEM32\CRYPTBASE.dll
0x74560000 - 0x745b1000 	C:\Windows\SYSTEM32\bcryptPrimitives.dll
0x762e0000 - 0x76300000 	C:\Windows\system32\IMM32.DLL
0x76680000 - 0x7675e000 	C:\Windows\SYSTEM32\MSCTF.dll
0x6f520000 - 0x6f5df000 	C:\Program Files (x86)\Java\jre7\bin\msvcr100.dll
0x5e310000 - 0x5e698000 	C:\Program Files (x86)\Java\jre7\bin\client\jvm.dll
0x71c10000 - 0x71c18000 	C:\Windows\SYSTEM32\WSOCK32.dll
0x71fb0000 - 0x71fd1000 	C:\Windows\SYSTEM32\WINMM.dll
0x76300000 - 0x76306000 	C:\Windows\SYSTEM32\PSAPI.DLL
0x75f80000 - 0x75fd0000 	C:\Windows\SYSTEM32\WS2_32.dll
0x71c70000 - 0x71c9b000 	C:\Windows\SYSTEM32\WINMMBASE.dll
0x75ff0000 - 0x75ff8000 	C:\Windows\SYSTEM32\NSI.dll
0x76b30000 - 0x76b76000 	C:\Windows\SYSTEM32\cfgmgr32.dll
0x75f00000 - 0x75f1e000 	C:\Windows\SYSTEM32\DEVOBJ.dll
0x720a0000 - 0x720ac000 	C:\Program Files (x86)\Java\jre7\bin\verify.dll
0x70bb0000 - 0x70bd0000 	C:\Program Files (x86)\Java\jre7\bin\java.dll
0x70b90000 - 0x70ba3000 	C:\Program Files (x86)\Java\jre7\bin\zip.dll
0x66ce0000 - 0x66e23000 	C:\Program Files (x86)\Java\jre7\bin\awt.dll
0x76c00000 - 0x76c8b000 	C:\Windows\SYSTEM32\OLEAUT32.dll
0x76de0000 - 0x76f16000 	C:\Windows\SYSTEM32\combase.dll
0x72dd0000 - 0x72e77000 	C:\Windows\system32\apphelp.dll
0x71a40000 - 0x71a59000 	C:\Windows\system32\DWMAPI.DLL
0x726b0000 - 0x72738000 	C:\Windows\system32\uxtheme.dll
0x76760000 - 0x76879000 	C:\Windows\SYSTEM32\ole32.dll
0x74da0000 - 0x75e66000 	C:\Windows\SYSTEM32\SHELL32.dll
0x75f40000 - 0x75f80000 	C:\Windows\SYSTEM32\SHLWAPI.dll
0x73330000 - 0x733a3000 	C:\Windows\SYSTEM32\shcore.dll
0x6f4e0000 - 0x6f519000 	C:\Program Files (x86)\Java\jre7\bin\fontmanager.dll
0x718d0000 - 0x718e4000 	C:\Program Files (x86)\Java\jre7\bin\net.dll
0x72e80000 - 0x72eca000 	C:\Windows\system32\mswsock.dll
0x718c0000 - 0x718cf000 	C:\Program Files (x86)\Java\jre7\bin\nio.dll
0x6f4b0000 - 0x6f4e0000 	C:\Program Files (x86)\Java\jre7\bin\t2k.dll
0x76b80000 - 0x76bf4000 	C:\Windows\SYSTEM32\clbcatq.dll
0x6a8a0000 - 0x6a9eb000 	C:\Windows\SYSTEM32\WindowsCodecs.dll
0x76dc0000 - 0x76dd1000 	C:\Windows\SYSTEM32\profapi.dll
0x6f270000 - 0x6f294000 	C:\Program Files (x86)\Java\jre7\bin\dcpr.dll
0x6f200000 - 0x6f26d000 	C:\binaries\terrajava.dll
0x66bf0000 - 0x66cd7000 	C:\binaries\terramanager-funcate.dll
0x59300000 - 0x59ba6000 	C:\binaries\terralib.dll
0x64af0000 - 0x64b59000 	C:\Windows\SYSTEM32\MSVCP100.dll
0x6d880000 - 0x6db4c000 	C:\binaries\bgd.dll
0x6f490000 - 0x6f4ab000 	C:\binaries\terraogc_xml.dll
0x6f1e0000 - 0x6f1fd000 	C:\binaries\terraogc_sld.dll
0x6f1b0000 - 0x6f1d6000 	C:\binaries\terraogc_se.dll
0x6b5c0000 - 0x6b5f6000 	C:\binaries\terraogc_filter.dll
0x68470000 - 0x684c2000 	C:\binaries\terraogc_ows.dll
0x6e0b0000 - 0x6e0c9000 	C:\binaries\terraogc_common.dll
0x718a0000 - 0x718ab000 	C:\binaries\terralib_shp.dll
0x71870000 - 0x7187e000 	C:\binaries\terralib_spl.dll
0x06050000 - 0x06446000 	C:\binaries\qt-mt338.dll
0x613d0000 - 0x6149e000 	C:\Windows\SYSTEM32\OPENGL32.dll
0x613a0000 - 0x613c3000 	C:\Windows\SYSTEM32\GLU32.dll
0x606e0000 - 0x6075f000 	C:\binaries\qwt500.dll
0x0fbb0000 - 0x11baf000 	C:\binaries\berkelium.dll
0x06450000 - 0x06591000 	C:\binaries\LIBMYSQL.dll
0x63100000 - 0x63121000 	C:\binaries\LIBPQ.dll
0x065a0000 - 0x06601000 	C:\binaries\OCI.dll
0x60650000 - 0x606da000 	C:\binaries\libtiff.dll
0x56580000 - 0x56d52000 	C:\binaries\gdal110.dll
0x12000000 - 0x121dc000 	C:\binaries\xerces-c_3_1.dll
0x66b90000 - 0x66be5000 	C:\binaries\terraogc_wms.dll
0x605f0000 - 0x60643000 	C:\binaries\terraogc_gml.dll
0x605a0000 - 0x605e1000 	C:\binaries\terraogc_xsd.dll
0x6b500000 - 0x6b520000 	C:\binaries\terraogc_xacml.dll
0x71f30000 - 0x71f90000 	C:\Windows\SYSTEM32\WINSPOOL.DRV
0x7c340000 - 0x7c396000 	C:\Windows\SYSTEM32\MSVCR71.dll
0x608a0000 - 0x60979000 	C:\Windows\SYSTEM32\DDRAW.dll
0x727a0000 - 0x727a9000 	C:\Windows\SYSTEM32\Secur32.dll
0x75f20000 - 0x75f3b000 	C:\Windows\SYSTEM32\USERENV.dll
0x71520000 - 0x71570000 	C:\Windows\SYSTEM32\OLEACC.dll
0x54200000 - 0x54276000 	C:\Windows\SYSTEM32\RICHED20.dll
0x72ee0000 - 0x72ee8000 	C:\Windows\SYSTEM32\VERSION.dll
0x720b0000 - 0x720c4000 	C:\Windows\SYSTEM32\USP10.dll
0x72c50000 - 0x72cc5000 	C:\Windows\SYSTEM32\DNSAPI.dll
0x066b0000 - 0x0675a000 	C:\Windows\libeay32.dll
0x06760000 - 0x0676d000 	C:\binaries\libintl-2.dll
0x72ed0000 - 0x72ed6000 	C:\Windows\SYSTEM32\SHFOLDER.DLL
0x06770000 - 0x06796000 	C:\Windows\ssleay32.dll
0x067a0000 - 0x067c6000 	C:\binaries\libexpat.dll
0x60770000 - 0x60811000 	C:\Windows\SYSTEM32\ODBC32.dll
0x60760000 - 0x60767000 	C:\Windows\SYSTEM32\DCIMAN32.dll
0x663b0000 - 0x663db000 	C:\Windows\SYSTEM32\msls31.dll
0x06820000 - 0x068fb000 	C:\binaries\libiconv-2.dll
0x6f600000 - 0x6f61d000 	C:\Windows\SYSTEM32\gpapi.dll
0x74530000 - 0x74556000 	C:\Windows\SYSTEM32\ntmarta.dll
0x54e60000 - 0x55708000 	C:\binaries\icudt46.dll
0x53850000 - 0x53979000 	C:\Windows\SYSTEM32\dbghelp.dll
0x72040000 - 0x72050000 	C:\Windows\system32\napinsp.dll
0x72020000 - 0x72034000 	C:\Windows\system32\pnrpnsp.dll
0x72010000 - 0x72020000 	C:\Windows\system32\NLAapi.dll
0x72000000 - 0x72009000 	C:\Windows\System32\winrnr.dll
0x71ac0000 - 0x71ad0000 	C:\Windows\system32\wshbth.dll
0x726a0000 - 0x726a7000 	C:\Windows\System32\rasadhlp.dll
0x71c30000 - 0x71c6f000 	C:\Windows\System32\fwpuclnt.dll
0x72cd0000 - 0x72cf0000 	C:\Windows\SYSTEM32\IPHLPAPI.DLL
0x72c40000 - 0x72c48000 	C:\Windows\SYSTEM32\WINNSI.DLL
0x730d0000 - 0x730ea000 	C:\Windows\SYSTEM32\CRYPTSP.dll
0x73090000 - 0x730ce000 	C:\Windows\system32\rsaenh.dll
0x72c30000 - 0x72c40000 	C:\Windows\SYSTEM32\dhcpcsvc6.DLL
0x72c10000 - 0x72c22000 	C:\Windows\SYSTEM32\dhcpcsvc.DLL
0x6a870000 - 0x6a895000 	C:\Program Files (x86)\Java\jre7\bin\jpeg.dll

VM Arguments:
jvm_args: -Dfile.encoding=ISO-8859-1 
java_command: com.nexusbr.gv.main.ConnectDBMain
Launcher Type: SUN_STANDARD

Environment Variables:
JAVA_HOME=C:\Program Files (x86)\Java\jre7
PATH=C:/Program Files (x86)/Java/jre7/bin/client;C:/Program Files (x86)/Java/jre7/bin;C:/Program Files (x86)/Java/jre7/lib/i386;C:\Program Files (x86)\PHP\;c:\Program Files (x86)\Intel\iCLS Client\;c:\Program Files\Intel\iCLS Client\;C:\Windows\system32;C:\Windows;C:\Windows\System32\Wbem;C:\Windows\System32\WindowsPowerShell\v1.0\;C:\Program Files\Intel\Intel(R) Management Engine Components\DAL;C:\Program Files\Intel\Intel(R) Management Engine Components\IPT;C:\Program Files (x86)\Intel\Intel(R) Management Engine Components\DAL;C:\Program Files (x86)\Intel\Intel(R) Management Engine Components\IPT;C:\Program Files (x86)\Intel\OpenCL SDK\3.0\bin\x86;C:\Program Files (x86)\Intel\OpenCL SDK\3.0\bin\x64;C:\Program Files (x86)\Windows Live\Shared;C:\binaries;c:\Program Files (x86)\Microsoft SQL Server\100\Tools\Binn\;c:\Program Files\Microsoft SQL Server\100\Tools\Binn\;c:\Program Files\Microsoft SQL Server\100\DTS\Binn\;C:\strawberry\c\bin;C:\strawberry\perl\site\bin;C:\strawberry\perl\bin;C:\Program Files (x86)\Microsoft SQL Server\110\Tools\Binn\ManagementStudio\;C:\Program Files (x86)\Microsoft SQL Server\110\Tools\Binn\;C:\Program Files\Microsoft SQL Server\110\Tools\Binn\;C:\Program Files (x86)\Microsoft SQL Server\110\DTS\Binn\;C:\Program Files\TortoiseSVN\bin;C:\Python34;C:\Program Files (x86)\Java\jre7\bin;C:\eclipse;
USERNAME=inacio
OS=Windows_NT
PROCESSOR_IDENTIFIER=Intel64 Family 6 Model 69 Stepping 1, GenuineIntel



---------------  S Y S T E M  ---------------

OS: Windows 8 , 64 bit Build 9200 

CPU:total 4 (2 cores per cpu, 2 threads per core) family 6 model 69 stepping 1, cmov, cx8, fxsr, mmx, sse, sse2, sse3, ssse3, sse4.1, sse4.2, popcnt, avx, avx2, aes, erms, ht, tsc, tscinvbit

Memory: 4k page, physical 8290700k(2464396k free), swap 9535884k(3625732k free)

vm_info: Java HotSpot(TM) Client VM (24.60-b09) for windows-x86 JRE (1.7.0_60-b19), built on May  7 2014 13:09:52 by "java_re" with unknown MS VC++:1600

time: Fri Jul 04 10:26:41 2014
elapsed time: 63 seconds

