#
# A fatal error has been detected by the Java Runtime Environment:
#
#  EXCEPTION_ACCESS_VIOLATION (0xc0000005) at pc=0x0fba9052, pid=10816, tid=5508
#
# JRE version: Java(TM) SE Runtime Environment (7.0_60-b19) (build 1.7.0_60-b19)
# Java VM: Java HotSpot(TM) Client VM (24.60-b09 mixed mode, sharing windows-x86 )
# Problematic frame:
# C  [berkelium.dll+0xa39052]
#
# Failed to write core dump. Minidumps are not enabled by default on client versions of Windows
#
# If you would like to submit a bug report, please visit:
#   http://bugreport.sun.com/bugreport/crash.jsp
#

---------------  T H R E A D  ---------------

Current thread (0x0238fc00):  VMThread [stack: 0x04670000,0x046c0000] [id=5508]

siginfo: ExceptionCode=0xc0000005, reading address 0x000000f8

Registers:
EAX=0x046bf064, EBX=0x000493e0, ECX=0x046bf064, EDX=0x3f7b6940
ESP=0x046bf054, EBP=0x00000078, ESI=0x00000000, EDI=0x515d0c40
EIP=0x0fba9052, EFLAGS=0x00010206

Top of Stack: (sp=0x046bf054)
0x046bf054:   070d1168 070d1168 0702ab00 00000000
0x046bf064:   3f7b6940 00000078 070c3a20 070ce900
0x046bf074:   00000000 00000000 00000000 74616401
0x046bf084:   69642d61 07280072 00000023 0000002f
0x046bf094:   00000000 07057070 002e5be4 070d1000
0x046bf0a4:   0702ab44 ffffff00 0f1dbf20 10cf9778
0x046bf0b4:   06b40030 00000000 0000000f 10cfa730
0x046bf0c4:   00000001 0f1d9783 00000008 00000001 

Instructions: (pc=0x0fba9052)
0x0fba9032:   03 00 00 57 53 e8 f4 c8 60 ff 8b ea 8d 54 24 10
0x0fba9042:   52 8b f8 e8 26 ca 00 00 83 c4 04 03 38 13 68 04
0x0fba9052:   8b 86 f8 00 00 00 0b 86 fc 00 00 00 89 7c 24 20
0x0fba9062:   89 6c 24 24 75 3e 39 84 24 d4 00 00 00 7f 35 7c 


Register to memory mapping:

EAX=
[error occurred during error reporting (printing register info), id 0xc0000005]

Stack: [0x04670000,0x046c0000],  sp=0x046bf054,  free space=316k
Native frames: (J=compiled Java code, j=interpreted, Vv=VM code, C=native code)
C  [berkelium.dll+0xa39052]

[error occurred during error reporting (printing native stack), id 0xc0000005]

VM_Operation (0x05c4e9f0): Exit, mode: safepoint, requested by thread 0x057c8000


---------------  P R O C E S S  ---------------

Java Threads: ( => current thread )
  0x05ae6000 JavaThread "WeakCollectionCleaner" daemon [_thread_blocked, id=7352, stack(0x09ac0000,0x09b10000)]
  0x05b37c00 JavaThread "TimerQueue" daemon [_thread_blocked, id=7516, stack(0x07a20000,0x07a70000)]
  0x0233e000 JavaThread "DestroyJavaVM" [_thread_blocked, id=10828, stack(0x022e0000,0x02330000)]
  0x057c8000 JavaThread "AWT-EventQueue-0" [_thread_blocked, id=3752, stack(0x05c00000,0x05c50000)]
  0x04c94800 JavaThread "AWT-Shutdown" [_thread_blocked, id=6920, stack(0x052c0000,0x05310000)]
  0x04c93800 JavaThread "Java2D Disposer" daemon [_thread_blocked, id=6588, stack(0x05230000,0x05280000)]
  0x02409c00 JavaThread "Service Thread" daemon [_thread_blocked, id=4960, stack(0x049d0000,0x04a20000)]
  0x02405800 JavaThread "C1 CompilerThread0" daemon [_thread_blocked, id=836, stack(0x04940000,0x04990000)]
  0x02403c00 JavaThread "Attach Listener" daemon [_thread_blocked, id=7096, stack(0x048b0000,0x04900000)]
  0x02400c00 JavaThread "Signal Dispatcher" daemon [_thread_blocked, id=10988, stack(0x04820000,0x04870000)]
  0x02392800 JavaThread "Finalizer" daemon [_thread_blocked, id=11100, stack(0x04790000,0x047e0000)]
  0x02391000 JavaThread "Reference Handler" daemon [_thread_blocked, id=9180, stack(0x04700000,0x04750000)]

Other Threads:
=>0x0238fc00 VMThread [stack: 0x04670000,0x046c0000] [id=5508]

VM state:at safepoint (shutting down)

VM Mutex/Monitor currently owned by a thread:  ([mutex/lock_event])
[0x0233c5a0] Threads_lock - owner thread: 0x0238fc00

Heap
 def new generation   total 11712K, used 5094K [0x24000000, 0x24cb0000, 0x29550000)
  eden space 10432K,  36% used [0x24000000, 0x243b9bd0, 0x24a30000)
  from space 1280K, 100% used [0x24b70000, 0x24cb0000, 0x24cb0000)
  to   space 1280K,   0% used [0x24a30000, 0x24a30000, 0x24b70000)
 tenured generation   total 25840K, used 19331K [0x29550000, 0x2ae8c000, 0x34000000)
   the space 25840K,  74% used [0x29550000, 0x2a830d20, 0x2a830e00, 0x2ae8c000)
 compacting perm gen  total 12288K, used 9243K [0x34000000, 0x34c00000, 0x38000000)
   the space 12288K,  75% used [0x34000000, 0x34906e90, 0x34907000, 0x34c00000)
    ro space 10240K,  42% used [0x38000000, 0x38434778, 0x38434800, 0x38a00000)
    rw space 12288K,  52% used [0x38a00000, 0x39049a68, 0x39049c00, 0x39600000)

Card table byte_map: [0x044f0000,0x045a0000] byte_map_base: 0x043d0000

Polling page: 0x00cd0000

Code Cache  [0x02470000, 0x02630000, 0x04470000)
 total_blobs=1065 nmethods=778 adapters=223 free_code_cache=31002Kb largest_free_block=31745408

Compilation events (10 events):
Event: 16.038 Thread 0x02405800  783             javax.swing.plaf.synth.SynthContext::reset (22 bytes)
Event: 16.038 Thread 0x02405800 nmethod 783 0x02628c88 code [0x02628d80, 0x02628e40]
Event: 16.038 Thread 0x02405800  784             java.awt.geom.Path2D$Float::needRoom (123 bytes)
Event: 16.040 Thread 0x02405800 nmethod 784 0x02628e88 code [0x02628fc0, 0x02629374]
Event: 16.040 Thread 0x02405800  785             sun.awt.image.SunVolatileImage::getWidth (5 bytes)
Event: 16.040 Thread 0x02405800 nmethod 785 0x02629548 code [0x02629640, 0x026296c0]
Event: 16.040 Thread 0x02405800  786             sun.awt.image.SunVolatileImage::getHeight (5 bytes)
Event: 16.040 Thread 0x02405800 nmethod 786 0x02629708 code [0x02629800, 0x02629880]
Event: 16.040 Thread 0x02405800  787             javax.swing.text.View::getElement (5 bytes)
Event: 16.040 Thread 0x02405800 nmethod 787 0x026298c8 code [0x026299c0, 0x02629a40]

GC Heap History (10 events):
Event: 3.445 GC heap before
{Heap before GC invocations=10 (full 1):
 def new generation   total 9408K, used 9130K [0x24000000, 0x24a30000, 0x29550000)
  eden space 8384K,  96% used [0x24000000, 0x247eaa40, 0x24830000)
  from space 1024K,  99% used [0x24830000, 0x2492fff8, 0x24930000)
  to   space 1024K,   0% used [0x24930000, 0x24930000, 0x24a30000)
 tenured generation   total 20768K, used 17403K [0x29550000, 0x2a998000, 0x34000000)
   the space 20768K,  83% used [0x29550000, 0x2a64ef60, 0x2a64f000, 0x2a998000)
 compacting perm gen  total 12288K, used 8492K [0x34000000, 0x34c00000, 0x38000000)
   the space 12288K,  69% used [0x34000000, 0x3484b008, 0x3484b200, 0x34c00000)
    ro space 10240K,  42% used [0x38000000, 0x38434778, 0x38434800, 0x38a00000)
    rw space 12288K,  52% used [0x38a00000, 0x39049a68, 0x39049c00, 0x39600000)
Event: 3.452 GC heap after
Heap after GC invocations=11 (full 1):
 def new generation   total 9408K, used 1024K [0x24000000, 0x24a30000, 0x29550000)
  eden space 8384K,   0% used [0x24000000, 0x24000000, 0x24830000)
  from space 1024K, 100% used [0x24930000, 0x24a30000, 0x24a30000)
  to   space 1024K,   0% used [0x24830000, 0x24830000, 0x24930000)
 tenured generation   total 20768K, used 20015K [0x29550000, 0x2a998000, 0x34000000)
   the space 20768K,  96% used [0x29550000, 0x2a8dbef0, 0x2a8dc000, 0x2a998000)
 compacting perm gen  total 12288K, used 8492K [0x34000000, 0x34c00000, 0x38000000)
   the space 12288K,  69% used [0x34000000, 0x3484b008, 0x3484b200, 0x34c00000)
    ro space 10240K,  42% used [0x38000000, 0x38434778, 0x38434800, 0x38a00000)
    rw space 12288K,  52% used [0x38a00000, 0x39049a68, 0x39049c00, 0x39600000)
}
Event: 3.482 GC heap before
{Heap before GC invocations=11 (full 1):
 def new generation   total 9408K, used 7824K [0x24000000, 0x24a30000, 0x29550000)
  eden space 8384K,  81% used [0x24000000, 0x246a43d0, 0x24830000)
  from space 1024K, 100% used [0x24930000, 0x24a30000, 0x24a30000)
  to   space 1024K,   0% used [0x24830000, 0x24830000, 0x24930000)
 tenured generation   total 20768K, used 20015K [0x29550000, 0x2a998000, 0x34000000)
   the space 20768K,  96% used [0x29550000, 0x2a8dbef0, 0x2a8dc000, 0x2a998000)
 compacting perm gen  total 12288K, used 8501K [0x34000000, 0x34c00000, 0x38000000)
   the space 12288K,  69% used [0x34000000, 0x3484d408, 0x3484d600, 0x34c00000)
    ro space 10240K,  42% used [0x38000000, 0x38434778, 0x38434800, 0x38a00000)
    rw space 12288K,  52% used [0x38a00000, 0x39049a68, 0x39049c00, 0x39600000)
Event: 3.548 GC heap after
Heap after GC invocations=12 (full 2):
 def new generation   total 9792K, used 0K [0x24000000, 0x24a90000, 0x29550000)
  eden space 8768K,   0% used [0x24000000, 0x24000000, 0x24890000)
  from space 1024K,   0% used [0x24890000, 0x24890000, 0x24990000)
  to   space 1024K,   0% used [0x24990000, 0x24990000, 0x24a90000)
 tenured generation   total 21396K, used 12835K [0x29550000, 0x2aa35000, 0x34000000)
   the space 21396K,  59% used [0x29550000, 0x2a1d8d08, 0x2a1d8e00, 0x2aa35000)
 compacting perm gen  total 12288K, used 8501K [0x34000000, 0x34c00000, 0x38000000)
   the space 12288K,  69% used [0x34000000, 0x3484d408, 0x3484d600, 0x34c00000)
    ro space 10240K,  42% used [0x38000000, 0x38434778, 0x38434800, 0x38a00000)
    rw space 12288K,  52% used [0x38a00000, 0x39049a68, 0x39049c00, 0x39600000)
}
Event: 3.564 GC heap before
{Heap before GC invocations=12 (full 2):
 def new generation   total 9792K, used 7561K [0x24000000, 0x24a90000, 0x29550000)
  eden space 8768K,  86% used [0x24000000, 0x24762500, 0x24890000)
  from space 1024K,   0% used [0x24890000, 0x24890000, 0x24990000)
  to   space 1024K,   0% used [0x24990000, 0x24990000, 0x24a90000)
 tenured generation   total 21396K, used 12835K [0x29550000, 0x2aa35000, 0x34000000)
   the space 21396K,  59% used [0x29550000, 0x2a1d8d08, 0x2a1d8e00, 0x2aa35000)
 compacting perm gen  total 12288K, used 8501K [0x34000000, 0x34c00000, 0x38000000)
   the space 12288K,  69% used [0x34000000, 0x3484d408, 0x3484d600, 0x34c00000)
    ro space 10240K,  42% used [0x38000000, 0x38434778, 0x38434800, 0x38a00000)
    rw space 12288K,  52% used [0x38a00000, 0x39049a68, 0x39049c00, 0x39600000)
Event: 3.566 GC heap after
Heap after GC invocations=13 (full 2):
 def new generation   total 9792K, used 6K [0x24000000, 0x24a90000, 0x29550000)
  eden space 8768K,   0% used [0x24000000, 0x24000000, 0x24890000)
  from space 1024K,   0% used [0x24990000, 0x249919d8, 0x24a90000)
  to   space 1024K,   0% used [0x24890000, 0x24890000, 0x24990000)
 tenured generation   total 21396K, used 20294K [0x29550000, 0x2aa35000, 0x34000000)
   the space 21396K,  94% used [0x29550000, 0x2a921938, 0x2a921a00, 0x2aa35000)
 compacting perm gen  total 12288K, used 8501K [0x34000000, 0x34c00000, 0x38000000)
   the space 12288K,  69% used [0x34000000, 0x3484d408, 0x3484d600, 0x34c00000)
    ro space 10240K,  42% used [0x38000000, 0x38434778, 0x38434800, 0x38a00000)
    rw space 12288K,  52% used [0x38a00000, 0x39049a68, 0x39049c00, 0x39600000)
}
Event: 3.581 GC heap before
{Heap before GC invocations=13 (full 2):
 def new generation   total 9792K, used 7529K [0x24000000, 0x24a90000, 0x29550000)
  eden space 8768K,  85% used [0x24000000, 0x24758a68, 0x24890000)
  from space 1024K,   0% used [0x24990000, 0x249919d8, 0x24a90000)
  to   space 1024K,   0% used [0x24890000, 0x24890000, 0x24990000)
 tenured generation   total 21396K, used 20294K [0x29550000, 0x2aa35000, 0x34000000)
   the space 21396K,  94% used [0x29550000, 0x2a921938, 0x2a921a00, 0x2aa35000)
 compacting perm gen  total 12288K, used 8501K [0x34000000, 0x34c00000, 0x38000000)
   the space 12288K,  69% used [0x34000000, 0x3484d448, 0x3484d600, 0x34c00000)
    ro space 10240K,  42% used [0x38000000, 0x38434778, 0x38434800, 0x38a00000)
    rw space 12288K,  52% used [0x38a00000, 0x39049a68, 0x39049c00, 0x39600000)
Event: 3.642 GC heap after
Heap after GC invocations=14 (full 3):
 def new generation   total 11712K, used 0K [0x24000000, 0x24cb0000, 0x29550000)
  eden space 10432K,   0% used [0x24000000, 0x24000000, 0x24a30000)
  from space 1280K,   0% used [0x24a30000, 0x24a30000, 0x24b70000)
  to   space 1280K,   0% used [0x24b70000, 0x24b70000, 0x24cb0000)
 tenured generation   total 25840K, used 15503K [0x29550000, 0x2ae8c000, 0x34000000)
   the space 25840K,  59% used [0x29550000, 0x2a473e80, 0x2a474000, 0x2ae8c000)
 compacting perm gen  total 12288K, used 8501K [0x34000000, 0x34c00000, 0x38000000)
   the space 12288K,  69% used [0x34000000, 0x3484d448, 0x3484d600, 0x34c00000)
    ro space 10240K,  42% used [0x38000000, 0x38434778, 0x38434800, 0x38a00000)
    rw space 12288K,  52% used [0x38a00000, 0x39049a68, 0x39049c00, 0x39600000)
}
Event: 5.818 GC heap before
{Heap before GC invocations=14 (full 3):
 def new generation   total 11712K, used 10432K [0x24000000, 0x24cb0000, 0x29550000)
  eden space 10432K, 100% used [0x24000000, 0x24a30000, 0x24a30000)
  from space 1280K,   0% used [0x24a30000, 0x24a30000, 0x24b70000)
  to   space 1280K,   0% used [0x24b70000, 0x24b70000, 0x24cb0000)
 tenured generation   total 25840K, used 15503K [0x29550000, 0x2ae8c000, 0x34000000)
   the space 25840K,  59% used [0x29550000, 0x2a473e80, 0x2a474000, 0x2ae8c000)
 compacting perm gen  total 12288K, used 8883K [0x34000000, 0x34c00000, 0x38000000)
   the space 12288K,  72% used [0x34000000, 0x348acd80, 0x348ace00, 0x34c00000)
    ro space 10240K,  42% used [0x38000000, 0x38434778, 0x38434800, 0x38a00000)
    rw space 12288K,  52% used [0x38a00000, 0x39049a68, 0x39049c00, 0x39600000)
Event: 5.823 GC heap after
Heap after GC invocations=15 (full 3):
 def new generation   total 11712K, used 1280K [0x24000000, 0x24cb0000, 0x29550000)
  eden space 10432K,   0% used [0x24000000, 0x24000000, 0x24a30000)
  from space 1280K, 100% used [0x24b70000, 0x24cb0000, 0x24cb0000)
  to   space 1280K,   0% used [0x24a30000, 0x24a30000, 0x24b70000)
 tenured generation   total 25840K, used 19331K [0x29550000, 0x2ae8c000, 0x34000000)
   the space 25840K,  74% used [0x29550000, 0x2a830d20, 0x2a830e00, 0x2ae8c000)
 compacting perm gen  total 12288K, used 8883K [0x34000000, 0x34c00000, 0x38000000)
   the space 12288K,  72% used [0x34000000, 0x348acd80, 0x348ace00, 0x34c00000)
    ro space 10240K,  42% used [0x38000000, 0x38434778, 0x38434800, 0x38a00000)
    rw space 12288K,  52% used [0x38a00000, 0x39049a68, 0x39049c00, 0x39600000)
}

Deoptimization events (0 events):
No events

Internal exceptions (10 events):
Event: 5.943 Thread 0x057c8000 Threw 0x241a19e8 at C:\re\jdk7u60\1081\hotspot\src\share\vm\prims\jvm.cpp:1244
Event: 5.944 Thread 0x057c8000 Threw 0x241a8b60 at C:\re\jdk7u60\1081\hotspot\src\share\vm\prims\jvm.cpp:1244
Event: 5.944 Thread 0x057c8000 Threw 0x241b3a40 at C:\re\jdk7u60\1081\hotspot\src\share\vm\prims\jvm.cpp:1244
Event: 5.945 Thread 0x057c8000 Threw 0x241c2518 at C:\re\jdk7u60\1081\hotspot\src\share\vm\prims\jvm.cpp:1244
Event: 5.945 Thread 0x057c8000 Threw 0x241c8690 at C:\re\jdk7u60\1081\hotspot\src\share\vm\prims\jvm.cpp:1244
Event: 5.945 Thread 0x057c8000 Threw 0x241cff40 at C:\re\jdk7u60\1081\hotspot\src\share\vm\prims\jvm.cpp:1244
Event: 5.946 Thread 0x057c8000 Threw 0x241fb278 at C:\re\jdk7u60\1081\hotspot\src\share\vm\prims\jvm.cpp:1244
Event: 5.948 Thread 0x057c8000 Threw 0x241ffc70 at C:\re\jdk7u60\1081\hotspot\src\share\vm\prims\jvm.cpp:1244
Event: 5.952 Thread 0x057c8000 Threw 0x242094b8 at C:\re\jdk7u60\1081\hotspot\src\share\vm\prims\jvm.cpp:1244
Event: 5.994 Thread 0x05a13000 Threw 0x2415e758 at C:\re\jdk7u60\1081\hotspot\src\share\vm\prims\jvm.cpp:2917

Events (10 events):
Event: 16.097 loading class 0x39670c20
Event: 16.097 loading class 0x39670bc8
Event: 16.098 loading class 0x39670bc8 done
Event: 16.098 loading class 0x39670c20 done
Event: 16.098 Thread 0x05ae5c00 Thread exited: 0x05ae5c00
Event: 16.098 Thread 0x05ae6800 Thread exited: 0x05ae6800
Event: 16.098 Thread 0x05ae5000 Thread exited: 0x05ae5000
Event: 16.102 Thread 0x04c94c00 Thread exited: 0x04c94c00
Event: 16.199 Thread 0x05ae3400 Thread exited: 0x05ae3400
Event: 16.199 Executing VM operation: Exit


Dynamic libraries:
0x00a70000 - 0x00a9f000 	C:\Program Files (x86)\Java\jre7\bin\javaw.exe
0x76fe0000 - 0x77137000 	C:\Windows\SYSTEM32\ntdll.dll
0x74690000 - 0x747c0000 	C:\Windows\SYSTEM32\KERNEL32.DLL
0x76a80000 - 0x76b27000 	C:\Windows\SYSTEM32\KERNELBASE.dll
0x747c0000 - 0x7486e000 	C:\Windows\SYSTEM32\ADVAPI32.dll
0x764f0000 - 0x76606000 	C:\Windows\SYSTEM32\USER32.dll
0x73130000 - 0x73328000 	C:\Windows\WinSxS\x86_microsoft.windows.common-controls_6595b64144ccf1df_6.0.9200.16579_none_8937eec6860750f5\COMCTL32.dll
0x76000000 - 0x760b1000 	C:\Windows\SYSTEM32\msvcrt.dll
0x74870000 - 0x748a4000 	C:\Windows\SYSTEM32\sechost.dll
0x760c0000 - 0x7616c000 	C:\Windows\SYSTEM32\RPCRT4.dll
0x748b0000 - 0x749ad000 	C:\Windows\SYSTEM32\GDI32.dll
0x745d0000 - 0x745ed000 	C:\Windows\SYSTEM32\SspiCli.dll
0x745c0000 - 0x745c9000 	C:\Windows\SYSTEM32\CRYPTBASE.dll
0x74560000 - 0x745b1000 	C:\Windows\SYSTEM32\bcryptPrimitives.dll
0x762e0000 - 0x76300000 	C:\Windows\system32\IMM32.DLL
0x76680000 - 0x7675e000 	C:\Windows\SYSTEM32\MSCTF.dll
0x5e940000 - 0x5e9ff000 	C:\Program Files (x86)\Java\jre7\bin\msvcr100.dll
0x5e310000 - 0x5e698000 	C:\Program Files (x86)\Java\jre7\bin\client\jvm.dll
0x71c10000 - 0x71c18000 	C:\Windows\SYSTEM32\WSOCK32.dll
0x71fb0000 - 0x71fd1000 	C:\Windows\SYSTEM32\WINMM.dll
0x76300000 - 0x76306000 	C:\Windows\SYSTEM32\PSAPI.DLL
0x75f80000 - 0x75fd0000 	C:\Windows\SYSTEM32\WS2_32.dll
0x71c70000 - 0x71c9b000 	C:\Windows\SYSTEM32\WINMMBASE.dll
0x75ff0000 - 0x75ff8000 	C:\Windows\SYSTEM32\NSI.dll
0x76b30000 - 0x76b76000 	C:\Windows\SYSTEM32\cfgmgr32.dll
0x75f00000 - 0x75f1e000 	C:\Windows\SYSTEM32\DEVOBJ.dll
0x720a0000 - 0x720ac000 	C:\Program Files (x86)\Java\jre7\bin\verify.dll
0x70bb0000 - 0x70bd0000 	C:\Program Files (x86)\Java\jre7\bin\java.dll
0x70b90000 - 0x70ba3000 	C:\Program Files (x86)\Java\jre7\bin\zip.dll
0x5e1c0000 - 0x5e303000 	C:\Program Files (x86)\Java\jre7\bin\awt.dll
0x76c00000 - 0x76c8b000 	C:\Windows\SYSTEM32\OLEAUT32.dll
0x76de0000 - 0x76f16000 	C:\Windows\SYSTEM32\combase.dll
0x72dd0000 - 0x72e77000 	C:\Windows\system32\apphelp.dll
0x71a40000 - 0x71a59000 	C:\Windows\system32\DWMAPI.DLL
0x726b0000 - 0x72738000 	C:\Windows\system32\uxtheme.dll
0x76760000 - 0x76879000 	C:\Windows\SYSTEM32\ole32.dll
0x74da0000 - 0x75e66000 	C:\Windows\SYSTEM32\SHELL32.dll
0x75f40000 - 0x75f80000 	C:\Windows\SYSTEM32\SHLWAPI.dll
0x73330000 - 0x733a3000 	C:\Windows\SYSTEM32\shcore.dll
0x5f990000 - 0x5f9c9000 	C:\Program Files (x86)\Java\jre7\bin\fontmanager.dll
0x6f250000 - 0x6f264000 	C:\Program Files (x86)\Java\jre7\bin\net.dll
0x72e80000 - 0x72eca000 	C:\Windows\system32\mswsock.dll
0x718a0000 - 0x718af000 	C:\Program Files (x86)\Java\jre7\bin\nio.dll
0x68440000 - 0x68470000 	C:\Program Files (x86)\Java\jre7\bin\t2k.dll
0x76b80000 - 0x76bf4000 	C:\Windows\SYSTEM32\clbcatq.dll
0x6a8a0000 - 0x6a9eb000 	C:\Windows\SYSTEM32\WindowsCodecs.dll
0x76dc0000 - 0x76dd1000 	C:\Windows\SYSTEM32\profapi.dll
0x60450000 - 0x60474000 	C:\Program Files (x86)\Java\jre7\bin\dcpr.dll
0x5e8d0000 - 0x5e93d000 	C:\binaries\terrajava.dll
0x58e80000 - 0x58f67000 	C:\binaries\terramanager-funcate.dll
0x573f0000 - 0x57c96000 	C:\binaries\terralib.dll
0x64af0000 - 0x64b59000 	C:\Windows\SYSTEM32\MSVCP100.dll
0x6d880000 - 0x6db4c000 	C:\binaries\bgd.dll
0x6ab50000 - 0x6ab6b000 	C:\binaries\terraogc_xml.dll
0x66b80000 - 0x66b9d000 	C:\binaries\terraogc_sld.dll
0x5e190000 - 0x5e1b6000 	C:\binaries\terraogc_se.dll
0x5e150000 - 0x5e186000 	C:\binaries\terraogc_filter.dll
0x5e0f0000 - 0x5e142000 	C:\binaries\terraogc_ows.dll
0x5e8b0000 - 0x5e8c9000 	C:\binaries\terraogc_common.dll
0x6f190000 - 0x6f19b000 	C:\binaries\terralib_shp.dll
0x5f980000 - 0x5f98e000 	C:\binaries\terralib_spl.dll
0x061a0000 - 0x06596000 	C:\binaries\qt-mt338.dll
0x613d0000 - 0x6149e000 	C:\Windows\SYSTEM32\OPENGL32.dll
0x613a0000 - 0x613c3000 	C:\Windows\SYSTEM32\GLU32.dll
0x5da40000 - 0x5dabf000 	C:\binaries\qwt500.dll
0x0f170000 - 0x1116f000 	C:\binaries\berkelium.dll
0x065a0000 - 0x066e1000 	C:\binaries\LIBMYSQL.dll
0x63100000 - 0x63121000 	C:\binaries\LIBPQ.dll
0x066f0000 - 0x06751000 	C:\binaries\OCI.dll
0x59110000 - 0x5919a000 	C:\binaries\libtiff.dll
0x56580000 - 0x56d52000 	C:\binaries\gdal110.dll
0x12000000 - 0x121dc000 	C:\binaries\xerces-c_3_1.dll
0x58e20000 - 0x58e75000 	C:\binaries\terraogc_wms.dll
0x58dc0000 - 0x58e13000 	C:\binaries\terraogc_gml.dll
0x58d70000 - 0x58db1000 	C:\binaries\terraogc_xsd.dll
0x5a810000 - 0x5a830000 	C:\binaries\terraogc_xacml.dll
0x71f30000 - 0x71f90000 	C:\Windows\SYSTEM32\WINSPOOL.DRV
0x7c340000 - 0x7c396000 	C:\Windows\SYSTEM32\MSVCR71.dll
0x608a0000 - 0x60979000 	C:\Windows\SYSTEM32\DDRAW.dll
0x727a0000 - 0x727a9000 	C:\Windows\SYSTEM32\Secur32.dll
0x75f20000 - 0x75f3b000 	C:\Windows\SYSTEM32\USERENV.dll
0x71520000 - 0x71570000 	C:\Windows\SYSTEM32\OLEACC.dll
0x54200000 - 0x54276000 	C:\Windows\SYSTEM32\RICHED20.dll
0x72ee0000 - 0x72ee8000 	C:\Windows\SYSTEM32\VERSION.dll
0x720b0000 - 0x720c4000 	C:\Windows\SYSTEM32\USP10.dll
0x72c50000 - 0x72cc5000 	C:\Windows\SYSTEM32\DNSAPI.dll
0x06800000 - 0x068aa000 	C:\Windows\libeay32.dll
0x068b0000 - 0x068bd000 	C:\binaries\libintl-2.dll
0x72ed0000 - 0x72ed6000 	C:\Windows\SYSTEM32\SHFOLDER.DLL
0x068c0000 - 0x068e6000 	C:\Windows\ssleay32.dll
0x068f0000 - 0x06916000 	C:\binaries\libexpat.dll
0x60770000 - 0x60811000 	C:\Windows\SYSTEM32\ODBC32.dll
0x60760000 - 0x60767000 	C:\Windows\SYSTEM32\DCIMAN32.dll
0x663b0000 - 0x663db000 	C:\Windows\SYSTEM32\msls31.dll
0x06970000 - 0x06a4b000 	C:\binaries\libiconv-2.dll
0x6f600000 - 0x6f61d000 	C:\Windows\SYSTEM32\gpapi.dll
0x74530000 - 0x74556000 	C:\Windows\SYSTEM32\ntmarta.dll
0x50e40000 - 0x516e8000 	C:\binaries\icudt46.dll
0x53850000 - 0x53979000 	C:\Windows\SYSTEM32\dbghelp.dll
0x72040000 - 0x72050000 	C:\Windows\system32\napinsp.dll
0x72020000 - 0x72034000 	C:\Windows\system32\pnrpnsp.dll
0x72010000 - 0x72020000 	C:\Windows\system32\NLAapi.dll
0x72000000 - 0x72009000 	C:\Windows\System32\winrnr.dll
0x71ac0000 - 0x71ad0000 	C:\Windows\system32\wshbth.dll
0x726a0000 - 0x726a7000 	C:\Windows\System32\rasadhlp.dll
0x71c30000 - 0x71c6f000 	C:\Windows\System32\fwpuclnt.dll
0x72cd0000 - 0x72cf0000 	C:\Windows\SYSTEM32\IPHLPAPI.DLL
0x72c40000 - 0x72c48000 	C:\Windows\SYSTEM32\WINNSI.DLL
0x730d0000 - 0x730ea000 	C:\Windows\SYSTEM32\CRYPTSP.dll
0x73090000 - 0x730ce000 	C:\Windows\system32\rsaenh.dll
0x72c30000 - 0x72c40000 	C:\Windows\SYSTEM32\dhcpcsvc6.DLL
0x72c10000 - 0x72c22000 	C:\Windows\SYSTEM32\dhcpcsvc.DLL
0x590e0000 - 0x59105000 	C:\Program Files (x86)\Java\jre7\bin\jpeg.dll

VM Arguments:
jvm_args: -Dfile.encoding=ISO-8859-1 
java_command: com.nexusbr.gv.main.ConnectDBMain
Launcher Type: SUN_STANDARD

Environment Variables:
JAVA_HOME=C:\Program Files (x86)\Java\jre7
PATH=C:/Program Files (x86)/Java/jre7/bin/client;C:/Program Files (x86)/Java/jre7/bin;C:/Program Files (x86)/Java/jre7/lib/i386;C:\Program Files (x86)\PHP\;c:\Program Files (x86)\Intel\iCLS Client\;c:\Program Files\Intel\iCLS Client\;C:\Windows\system32;C:\Windows;C:\Windows\System32\Wbem;C:\Windows\System32\WindowsPowerShell\v1.0\;C:\Program Files\Intel\Intel(R) Management Engine Components\DAL;C:\Program Files\Intel\Intel(R) Management Engine Components\IPT;C:\Program Files (x86)\Intel\Intel(R) Management Engine Components\DAL;C:\Program Files (x86)\Intel\Intel(R) Management Engine Components\IPT;C:\Program Files (x86)\Intel\OpenCL SDK\3.0\bin\x86;C:\Program Files (x86)\Intel\OpenCL SDK\3.0\bin\x64;C:\Program Files (x86)\Windows Live\Shared;C:\binaries;c:\Program Files (x86)\Microsoft SQL Server\100\Tools\Binn\;c:\Program Files\Microsoft SQL Server\100\Tools\Binn\;c:\Program Files\Microsoft SQL Server\100\DTS\Binn\;C:\strawberry\c\bin;C:\strawberry\perl\site\bin;C:\strawberry\perl\bin;C:\Program Files (x86)\Microsoft SQL Server\110\Tools\Binn\ManagementStudio\;C:\Program Files (x86)\Microsoft SQL Server\110\Tools\Binn\;C:\Program Files\Microsoft SQL Server\110\Tools\Binn\;C:\Program Files (x86)\Microsoft SQL Server\110\DTS\Binn\;C:\Program Files\TortoiseSVN\bin;C:\Python34;C:\Program Files (x86)\Java\jre7\bin;C:\eclipse;
USERNAME=inacio
OS=Windows_NT
PROCESSOR_IDENTIFIER=Intel64 Family 6 Model 69 Stepping 1, GenuineIntel



---------------  S Y S T E M  ---------------

OS: Windows 8 , 64 bit Build 9200 

CPU:total 4 (2 cores per cpu, 2 threads per core) family 6 model 69 stepping 1, cmov, cx8, fxsr, mmx, sse, sse2, sse3, ssse3, sse4.1, sse4.2, popcnt, avx, avx2, aes, erms, ht, tsc, tscinvbit

Memory: 4k page, physical 8290700k(2203888k free), swap 9535884k(2683240k free)

vm_info: Java HotSpot(TM) Client VM (24.60-b09) for windows-x86 JRE (1.7.0_60-b19), built on May  7 2014 13:09:52 by "java_re" with unknown MS VC++:1600

time: Thu Jul 03 15:19:48 2014
elapsed time: 16 seconds

