#
# A fatal error has been detected by the Java Runtime Environment:
#
#  EXCEPTION_ACCESS_VIOLATION (0xc0000005) at pc=0x103c9052, pid=4896, tid=5308
#
# JRE version: Java(TM) SE Runtime Environment (7.0_60-b19) (build 1.7.0_60-b19)
# Java VM: Java HotSpot(TM) Client VM (24.60-b09 mixed mode, sharing windows-x86 )
# Problematic frame:
# C  [berkelium.dll+0xa39052]
#
# Failed to write core dump. Minidumps are not enabled by default on client versions of Windows
#
# If you would like to submit a bug report, please visit:
#   http://bugreport.sun.com/bugreport/crash.jsp
#

---------------  T H R E A D  ---------------

Current thread (0x027afc00):  VMThread [stack: 0x049d0000,0x04a20000] [id=5308]

siginfo: ExceptionCode=0xc0000005, reading address 0x000000f8

Registers:
EAX=0x04a1f784, EBX=0x000493e0, ECX=0x04a1f784, EDX=0x5502bc88
ESP=0x04a1f774, EBP=0x00000063, ESI=0x00000000, EDI=0x66e45f88
EIP=0x103c9052, EFLAGS=0x00010206

Top of Stack: (sp=0x04a1f774)
0x04a1f774:   07bc1168 07bc1168 07b1ab00 00000000
0x04a1f784:   5502bc88 00000063 07bb3a20 07bbe900
0x04a1f794:   00000000 00000000 00000000 74616401
0x04a1f7a4:   69642d61 07db0072 00000023 0000002f
0x04a1f7b4:   00000000 07b47070 002e5bcf 07bc1000
0x04a1f7c4:   07b1ab44 ffffff00 0f9fbf20 11519778
0x04a1f7d4:   07640030 00000000 0000000f 1151a730
0x04a1f7e4:   00000001 0f9f9783 00000008 00000001 

Instructions: (pc=0x103c9052)
0x103c9032:   03 00 00 57 53 e8 f4 c8 60 ff 8b ea 8d 54 24 10
0x103c9042:   52 8b f8 e8 26 ca 00 00 83 c4 04 03 38 13 68 04
0x103c9052:   8b 86 f8 00 00 00 0b 86 fc 00 00 00 89 7c 24 20
0x103c9062:   89 6c 24 24 75 3e 39 84 24 d4 00 00 00 7f 35 7c 


Register to memory mapping:

EAX=
[error occurred during error reporting (printing register info), id 0xc0000005]

Stack: [0x049d0000,0x04a20000],  sp=0x04a1f774,  free space=317k
Native frames: (J=compiled Java code, j=interpreted, Vv=VM code, C=native code)
C  [berkelium.dll+0xa39052]

VM_Operation (0x05f9e9f0): Exit, mode: safepoint, requested by thread 0x05b19000


---------------  P R O C E S S  ---------------

Java Threads: ( => current thread )
  0x05e69800 JavaThread "WeakCollectionCleaner" daemon [_thread_blocked, id=6032, stack(0x0a5c0000,0x0a610000)]
  0x05ebf400 JavaThread "TimerQueue" daemon [_thread_blocked, id=7592, stack(0x08520000,0x08570000)]
  0x00e6e000 JavaThread "DestroyJavaVM" [_thread_blocked, id=5032, stack(0x00dc0000,0x00e10000)]
  0x05b19000 JavaThread "AWT-EventQueue-0" [_thread_blocked, id=4188, stack(0x05f50000,0x05fa0000)]
  0x04fa1400 JavaThread "AWT-Shutdown" [_thread_blocked, id=3604, stack(0x05620000,0x05670000)]
  0x04fa0000 JavaThread "Java2D Disposer" daemon [_thread_blocked, id=7820, stack(0x05520000,0x05570000)]
  0x02833400 JavaThread "Service Thread" daemon [_thread_blocked, id=9012, stack(0x04d30000,0x04d80000)]
  0x02825800 JavaThread "C1 CompilerThread0" daemon [_thread_blocked, id=8964, stack(0x04ca0000,0x04cf0000)]
  0x02823c00 JavaThread "Attach Listener" daemon [_thread_blocked, id=7252, stack(0x04c10000,0x04c60000)]
  0x02822800 JavaThread "Signal Dispatcher" daemon [_thread_blocked, id=7860, stack(0x04b80000,0x04bd0000)]
  0x027b2800 JavaThread "Finalizer" daemon [_thread_blocked, id=3532, stack(0x04af0000,0x04b40000)]
  0x027b1000 JavaThread "Reference Handler" daemon [_thread_blocked, id=4248, stack(0x04a60000,0x04ab0000)]

Other Threads:
=>0x027afc00 VMThread [stack: 0x049d0000,0x04a20000] [id=5308]

VM state:at safepoint (shutting down)

VM Mutex/Monitor currently owned by a thread:  ([mutex/lock_event])
[0x00e6c7a8] Threads_lock - owner thread: 0x027afc00

Heap
 def new generation   total 16960K, used 16742K [0x24000000, 0x25260000, 0x29550000)
  eden space 15104K,  98% used [0x24000000, 0x24e90ea0, 0x24ec0000)
  from space 1856K,  98% used [0x25090000, 0x25258a88, 0x25260000)
  to   space 1856K,   0% used [0x24ec0000, 0x24ec0000, 0x25090000)
 tenured generation   total 48736K, used 48603K [0x29550000, 0x2c4e8000, 0x34000000)
   the space 48736K,  99% used [0x29550000, 0x2c4c6d40, 0x2c4c6e00, 0x2c4e8000)
 compacting perm gen  total 12288K, used 9489K [0x34000000, 0x34c00000, 0x38000000)
   the space 12288K,  77% used [0x34000000, 0x349444d0, 0x34944600, 0x34c00000)
    ro space 10240K,  42% used [0x38000000, 0x38434778, 0x38434800, 0x38a00000)
    rw space 12288K,  52% used [0x38a00000, 0x39049a68, 0x39049c00, 0x39600000)

Card table byte_map: [0x02890000,0x02940000] byte_map_base: 0x02770000

Polling page: 0x00d20000

Code Cache  [0x02970000, 0x02b78000, 0x04970000)
 total_blobs=1243 nmethods=955 adapters=224 free_code_cache=30695Kb largest_free_block=31432192

Compilation events (10 events):
Event: 14.334 Thread 0x02825800  958             java.awt.geom.Path2D$Float::append (216 bytes)
Event: 14.335 Thread 0x02825800 nmethod 958 0x02b73ac8 code [0x02b73c40, 0x02b73fe0]
Event: 14.422 Thread 0x02825800  959   !         sun.java2d.pipe.DrawImage::renderImageScale (160 bytes)
Event: 14.423 Thread 0x02825800 nmethod 959 0x02b742c8 code [0x02b74420, 0x02b7484c]
Event: 14.427 Thread 0x02825800  960             javax.swing.JComponent::getBounds (50 bytes)
Event: 14.427 Thread 0x02825800 nmethod 960 0x02b74d48 code [0x02b74e40, 0x02b74f50]
Event: 14.427 Thread 0x02825800  961   !         sun.java2d.SunGraphics2D::hitClip (269 bytes)
Event: 14.427 Thread 0x02825800 nmethod 961 0x02b75008 code [0x02b75240, 0x02b75884]
Event: 25.955 Thread 0x02825800  962             java.awt.AWTEvent::<init> (81 bytes)
Event: 25.956 Thread 0x02825800 nmethod 962 0x02b75d88 code [0x02b75eb0, 0x02b76094]

GC Heap History (10 events):
Event: 5.196 GC heap before
{Heap before GC invocations=14 (full 3):
 def new generation   total 11712K, used 8995K [0x24000000, 0x24cb0000, 0x29550000)
  eden space 10432K,  86% used [0x24000000, 0x248c8ce8, 0x24a30000)
  from space 1280K,   0% used [0x24a30000, 0x24a30000, 0x24b70000)
  to   space 1280K,   0% used [0x24b70000, 0x24b70000, 0x24cb0000)
 tenured generation   total 25800K, used 15477K [0x29550000, 0x2ae82000, 0x34000000)
   the space 25800K,  59% used [0x29550000, 0x2a46d750, 0x2a46d800, 0x2ae82000)
 compacting perm gen  total 12288K, used 8548K [0x34000000, 0x34c00000, 0x38000000)
   the space 12288K,  69% used [0x34000000, 0x34859210, 0x34859400, 0x34c00000)
    ro space 10240K,  42% used [0x38000000, 0x38434778, 0x38434800, 0x38a00000)
    rw space 12288K,  52% used [0x38a00000, 0x39049a68, 0x39049c00, 0x39600000)
Event: 5.199 GC heap after
Heap after GC invocations=15 (full 3):
 def new generation   total 11712K, used 1280K [0x24000000, 0x24cb0000, 0x29550000)
  eden space 10432K,   0% used [0x24000000, 0x24000000, 0x24a30000)
  from space 1280K, 100% used [0x24b70000, 0x24cb0000, 0x24cb0000)
  to   space 1280K,   0% used [0x24a30000, 0x24a30000, 0x24b70000)
 tenured generation   total 25800K, used 19002K [0x29550000, 0x2ae82000, 0x34000000)
   the space 25800K,  73% used [0x29550000, 0x2a7de938, 0x2a7dea00, 0x2ae82000)
 compacting perm gen  total 12288K, used 8548K [0x34000000, 0x34c00000, 0x38000000)
   the space 12288K,  69% used [0x34000000, 0x34859210, 0x34859400, 0x34c00000)
    ro space 10240K,  42% used [0x38000000, 0x38434778, 0x38434800, 0x38a00000)
    rw space 12288K,  52% used [0x38a00000, 0x39049a68, 0x39049c00, 0x39600000)
}
Event: 5.201 GC heap before
{Heap before GC invocations=15 (full 3):
 def new generation   total 11712K, used 10490K [0x24000000, 0x24cb0000, 0x29550000)
  eden space 10432K,  88% used [0x24000000, 0x248fe8c0, 0x24a30000)
  from space 1280K, 100% used [0x24b70000, 0x24cb0000, 0x24cb0000)
  to   space 1280K,   0% used [0x24a30000, 0x24a30000, 0x24b70000)
 tenured generation   total 25800K, used 19002K [0x29550000, 0x2ae82000, 0x34000000)
   the space 25800K,  73% used [0x29550000, 0x2a7de938, 0x2a7dea00, 0x2ae82000)
 compacting perm gen  total 12288K, used 8548K [0x34000000, 0x34c00000, 0x38000000)
   the space 12288K,  69% used [0x34000000, 0x34859210, 0x34859400, 0x34c00000)
    ro space 10240K,  42% used [0x38000000, 0x38434778, 0x38434800, 0x38a00000)
    rw space 12288K,  52% used [0x38a00000, 0x39049a68, 0x39049c00, 0x39600000)
Event: 5.256 GC heap after
Heap after GC invocations=16 (full 4):
 def new generation   total 16960K, used 0K [0x24000000, 0x25260000, 0x29550000)
  eden space 15104K,   0% used [0x24000000, 0x24000000, 0x24ec0000)
  from space 1856K,   0% used [0x24ec0000, 0x24ec0000, 0x25090000)
  to   space 1856K,   0% used [0x25090000, 0x25090000, 0x25260000)
 tenured generation   total 37472K, used 22482K [0x29550000, 0x2b9e8000, 0x34000000)
   the space 37472K,  59% used [0x29550000, 0x2ab44968, 0x2ab44a00, 0x2b9e8000)
 compacting perm gen  total 12288K, used 8542K [0x34000000, 0x34c00000, 0x38000000)
   the space 12288K,  69% used [0x34000000, 0x348579e8, 0x34857a00, 0x34c00000)
    ro space 10240K,  42% used [0x38000000, 0x38434778, 0x38434800, 0x38a00000)
    rw space 12288K,  52% used [0x38a00000, 0x39049a68, 0x39049c00, 0x39600000)
}
Event: 5.855 GC heap before
{Heap before GC invocations=16 (full 4):
 def new generation   total 16960K, used 15104K [0x24000000, 0x25260000, 0x29550000)
  eden space 15104K, 100% used [0x24000000, 0x24ec0000, 0x24ec0000)
  from space 1856K,   0% used [0x24ec0000, 0x24ec0190, 0x25090000)
  to   space 1856K,   0% used [0x25090000, 0x25090000, 0x25260000)
 tenured generation   total 37472K, used 22482K [0x29550000, 0x2b9e8000, 0x34000000)
   the space 37472K,  59% used [0x29550000, 0x2ab44968, 0x2ab44a00, 0x2b9e8000)
 compacting perm gen  total 12288K, used 8547K [0x34000000, 0x34c00000, 0x38000000)
   the space 12288K,  69% used [0x34000000, 0x34858d70, 0x34858e00, 0x34c00000)
    ro space 10240K,  42% used [0x38000000, 0x38434778, 0x38434800, 0x38a00000)
    rw space 12288K,  52% used [0x38a00000, 0x39049a68, 0x39049c00, 0x39600000)
Event: 5.859 GC heap after
Heap after GC invocations=17 (full 4):
 def new generation   total 16960K, used 1786K [0x24000000, 0x25260000, 0x29550000)
  eden space 15104K,   0% used [0x24000000, 0x24000000, 0x24ec0000)
  from space 1856K,  96% used [0x25090000, 0x2524e958, 0x25260000)
  to   space 1856K,   0% used [0x24ec0000, 0x24ec0000, 0x25090000)
 tenured generation   total 37472K, used 32420K [0x29550000, 0x2b9e8000, 0x34000000)
   the space 37472K,  86% used [0x29550000, 0x2b4f9280, 0x2b4f9400, 0x2b9e8000)
 compacting perm gen  total 12288K, used 8547K [0x34000000, 0x34c00000, 0x38000000)
   the space 12288K,  69% used [0x34000000, 0x34858d70, 0x34858e00, 0x34c00000)
    ro space 10240K,  42% used [0x38000000, 0x38434778, 0x38434800, 0x38a00000)
    rw space 12288K,  52% used [0x38a00000, 0x39049a68, 0x39049c00, 0x39600000)
}
Event: 12.186 GC heap before
{Heap before GC invocations=17 (full 4):
 def new generation   total 16960K, used 16957K [0x24000000, 0x25260000, 0x29550000)
  eden space 15104K, 100% used [0x24000000, 0x24ec0000, 0x24ec0000)
  from space 1856K,  99% used [0x25090000, 0x2525f438, 0x25260000)
  to   space 1856K,   0% used [0x24ec0000, 0x24ec0000, 0x25090000)
 tenured generation   total 37472K, used 32420K [0x29550000, 0x2b9e8000, 0x34000000)
   the space 37472K,  86% used [0x29550000, 0x2b4f9280, 0x2b4f9400, 0x2b9e8000)
 compacting perm gen  total 12288K, used 9251K [0x34000000, 0x34c00000, 0x38000000)
   the space 12288K,  75% used [0x34000000, 0x34908d88, 0x34908e00, 0x34c00000)
    ro space 10240K,  42% used [0x38000000, 0x38434778, 0x38434800, 0x38a00000)
    rw space 12288K,  52% used [0x38a00000, 0x39049a68, 0x39049c00, 0x39600000)
Event: 12.195 GC heap after
Heap after GC invocations=18 (full 4):
 def new generation   total 16960K, used 1856K [0x24000000, 0x25260000, 0x29550000)
  eden space 15104K,   0% used [0x24000000, 0x24000000, 0x24ec0000)
  from space 1856K, 100% used [0x24ec0000, 0x25090000, 0x25090000)
  to   space 1856K,   0% used [0x25090000, 0x25090000, 0x25260000)
 tenured generation   total 38180K, used 38151K [0x29550000, 0x2ba99000, 0x34000000)
   the space 38180K,  99% used [0x29550000, 0x2ba91d88, 0x2ba91e00, 0x2ba99000)
 compacting perm gen  total 12288K, used 9251K [0x34000000, 0x34c00000, 0x38000000)
   the space 12288K,  75% used [0x34000000, 0x34908d88, 0x34908e00, 0x34c00000)
    ro space 10240K,  42% used [0x38000000, 0x38434778, 0x38434800, 0x38a00000)
    rw space 12288K,  52% used [0x38a00000, 0x39049a68, 0x39049c00, 0x39600000)
}
Event: 12.290 GC heap before
{Heap before GC invocations=18 (full 4):
 def new generation   total 16960K, used 16960K [0x24000000, 0x25260000, 0x29550000)
  eden space 15104K, 100% used [0x24000000, 0x24ec0000, 0x24ec0000)
  from space 1856K, 100% used [0x24ec0000, 0x25090000, 0x25090000)
  to   space 1856K,   0% used [0x25090000, 0x25090000, 0x25260000)
 tenured generation   total 38180K, used 38155K [0x29550000, 0x2ba99000, 0x34000000)
   the space 38180K,  99% used [0x29550000, 0x2ba92cd8, 0x2ba92e00, 0x2ba99000)
 compacting perm gen  total 12288K, used 9319K [0x34000000, 0x34c00000, 0x38000000)
   the space 12288K,  75% used [0x34000000, 0x34919fe8, 0x3491a000, 0x34c00000)
    ro space 10240K,  42% used [0x38000000, 0x38434778, 0x38434800, 0x38a00000)
    rw space 12288K,  52% used [0x38a00000, 0x39049a68, 0x39049c00, 0x39600000)
Event: 12.301 GC heap after
Heap after GC invocations=19 (full 4):
 def new generation   total 16960K, used 1826K [0x24000000, 0x25260000, 0x29550000)
  eden space 15104K,   0% used [0x24000000, 0x24000000, 0x24ec0000)
  from space 1856K,  98% used [0x25090000, 0x25258a88, 0x25260000)
  to   space 1856K,   0% used [0x24ec0000, 0x24ec0000, 0x25090000)
 tenured generation   total 48736K, used 48603K [0x29550000, 0x2c4e8000, 0x34000000)
   the space 48736K,  99% used [0x29550000, 0x2c4c6d40, 0x2c4c6e00, 0x2c4e8000)
 compacting perm gen  total 12288K, used 9319K [0x34000000, 0x34c00000, 0x38000000)
   the space 12288K,  75% used [0x34000000, 0x34919fe8, 0x3491a000, 0x34c00000)
    ro space 10240K,  42% used [0x38000000, 0x38434778, 0x38434800, 0x38a00000)
    rw space 12288K,  52% used [0x38a00000, 0x39049a68, 0x39049c00, 0x39600000)
}

Deoptimization events (0 events):
No events

Internal exceptions (10 events):
Event: 12.388 Thread 0x05e91800 Threw 0x2412d210 at C:\re\jdk7u60\1081\hotspot\src\share\vm\prims\jvm.cpp:1244
Event: 12.388 Thread 0x05e91800 Threw 0x24131040 at C:\re\jdk7u60\1081\hotspot\src\share\vm\prims\jvm.cpp:1244
Event: 12.389 Thread 0x05e91800 Threw 0x24139208 at C:\re\jdk7u60\1081\hotspot\src\share\vm\prims\jvm.cpp:1244
Event: 12.390 Thread 0x05e91800 Threw 0x2413f5c0 at C:\re\jdk7u60\1081\hotspot\src\share\vm\prims\jvm.cpp:1244
Event: 12.391 Thread 0x05e91800 Threw 0x24143930 at C:\re\jdk7u60\1081\hotspot\src\share\vm\prims\jvm.cpp:1244
Event: 12.393 Thread 0x05e91800 Threw 0x24149060 at C:\re\jdk7u60\1081\hotspot\src\share\vm\prims\jvm.cpp:1244
Event: 12.393 Thread 0x05e91800 Threw 0x2414ca38 at C:\re\jdk7u60\1081\hotspot\src\share\vm\prims\jvm.cpp:1244
Event: 12.394 Thread 0x05e91800 Threw 0x24158148 at C:\re\jdk7u60\1081\hotspot\src\share\vm\prims\jvm.cpp:1244
Event: 12.395 Thread 0x05e91800 Threw 0x2415b6c0 at C:\re\jdk7u60\1081\hotspot\src\share\vm\interpreter\linkResolver.cpp:883
Event: 14.457 Thread 0x05e6a000 Threw 0x24185628 at C:\re\jdk7u60\1081\hotspot\src\share\vm\prims\jvm.cpp:2917

Events (10 events):
Event: 26.859 loading class 0x39670c20
Event: 26.859 loading class 0x39670bc8
Event: 26.859 loading class 0x39670bc8 done
Event: 26.859 loading class 0x39670c20 done
Event: 26.860 Thread 0x05e68800 Thread exited: 0x05e68800
Event: 26.860 Thread 0x05e6ac00 Thread exited: 0x05e6ac00
Event: 26.860 Thread 0x05e68000 Thread exited: 0x05e68000
Event: 26.872 Thread 0x04fa1800 Thread exited: 0x04fa1800
Event: 26.960 Thread 0x05e6b800 Thread exited: 0x05e6b800
Event: 26.960 Executing VM operation: Exit


Dynamic libraries:
0x00a70000 - 0x00a9f000 	C:\Program Files (x86)\Java\jre7\bin\javaw.exe
0x76fe0000 - 0x77137000 	C:\Windows\SYSTEM32\ntdll.dll
0x74690000 - 0x747c0000 	C:\Windows\SYSTEM32\KERNEL32.DLL
0x76a80000 - 0x76b27000 	C:\Windows\SYSTEM32\KERNELBASE.dll
0x747c0000 - 0x7486e000 	C:\Windows\SYSTEM32\ADVAPI32.dll
0x764f0000 - 0x76606000 	C:\Windows\SYSTEM32\USER32.dll
0x73130000 - 0x73328000 	C:\Windows\WinSxS\x86_microsoft.windows.common-controls_6595b64144ccf1df_6.0.9200.16579_none_8937eec6860750f5\COMCTL32.dll
0x76000000 - 0x760b1000 	C:\Windows\SYSTEM32\msvcrt.dll
0x74870000 - 0x748a4000 	C:\Windows\SYSTEM32\sechost.dll
0x760c0000 - 0x7616c000 	C:\Windows\SYSTEM32\RPCRT4.dll
0x748b0000 - 0x749ad000 	C:\Windows\SYSTEM32\GDI32.dll
0x745d0000 - 0x745ed000 	C:\Windows\SYSTEM32\SspiCli.dll
0x745c0000 - 0x745c9000 	C:\Windows\SYSTEM32\CRYPTBASE.dll
0x74560000 - 0x745b1000 	C:\Windows\SYSTEM32\bcryptPrimitives.dll
0x762e0000 - 0x76300000 	C:\Windows\system32\IMM32.DLL
0x76680000 - 0x7675e000 	C:\Windows\SYSTEM32\MSCTF.dll
0x58eb0000 - 0x58f6f000 	C:\Program Files (x86)\Java\jre7\bin\msvcr100.dll
0x6f250000 - 0x6f5d8000 	C:\Program Files (x86)\Java\jre7\bin\client\jvm.dll
0x71c10000 - 0x71c18000 	C:\Windows\SYSTEM32\WSOCK32.dll
0x71fb0000 - 0x71fd1000 	C:\Windows\SYSTEM32\WINMM.dll
0x76300000 - 0x76306000 	C:\Windows\SYSTEM32\PSAPI.DLL
0x75f80000 - 0x75fd0000 	C:\Windows\SYSTEM32\WS2_32.dll
0x71c70000 - 0x71c9b000 	C:\Windows\SYSTEM32\WINMMBASE.dll
0x75ff0000 - 0x75ff8000 	C:\Windows\SYSTEM32\NSI.dll
0x76b30000 - 0x76b76000 	C:\Windows\SYSTEM32\cfgmgr32.dll
0x75f00000 - 0x75f1e000 	C:\Windows\SYSTEM32\DEVOBJ.dll
0x720a0000 - 0x720ac000 	C:\Program Files (x86)\Java\jre7\bin\verify.dll
0x71910000 - 0x71930000 	C:\Program Files (x86)\Java\jre7\bin\java.dll
0x718d0000 - 0x718e3000 	C:\Program Files (x86)\Java\jre7\bin\zip.dll
0x58d60000 - 0x58ea3000 	C:\Program Files (x86)\Java\jre7\bin\awt.dll
0x76c00000 - 0x76c8b000 	C:\Windows\SYSTEM32\OLEAUT32.dll
0x76de0000 - 0x76f16000 	C:\Windows\SYSTEM32\combase.dll
0x72dd0000 - 0x72e77000 	C:\Windows\system32\apphelp.dll
0x71a40000 - 0x71a59000 	C:\Windows\system32\DWMAPI.DLL
0x726b0000 - 0x72738000 	C:\Windows\system32\uxtheme.dll
0x76760000 - 0x76879000 	C:\Windows\SYSTEM32\ole32.dll
0x74da0000 - 0x75e66000 	C:\Windows\SYSTEM32\SHELL32.dll
0x75f40000 - 0x75f80000 	C:\Windows\SYSTEM32\SHLWAPI.dll
0x73330000 - 0x733a3000 	C:\Windows\SYSTEM32\shcore.dll
0x5f990000 - 0x5f9c9000 	C:\Program Files (x86)\Java\jre7\bin\fontmanager.dll
0x718b0000 - 0x718c4000 	C:\Program Files (x86)\Java\jre7\bin\net.dll
0x72e80000 - 0x72eca000 	C:\Windows\system32\mswsock.dll
0x718a0000 - 0x718af000 	C:\Program Files (x86)\Java\jre7\bin\nio.dll
0x5e120000 - 0x5e150000 	C:\Program Files (x86)\Java\jre7\bin\t2k.dll
0x76b80000 - 0x76bf4000 	C:\Windows\SYSTEM32\clbcatq.dll
0x6a8a0000 - 0x6a9eb000 	C:\Windows\SYSTEM32\WindowsCodecs.dll
0x76dc0000 - 0x76dd1000 	C:\Windows\SYSTEM32\profapi.dll
0x5e0f0000 - 0x5e114000 	C:\Program Files (x86)\Java\jre7\bin\dcpr.dll
0x5da50000 - 0x5dabd000 	C:\binaries\terrajava.dll
0x58c70000 - 0x58d57000 	C:\binaries\terramanager-funcate.dll
0x50e40000 - 0x516e6000 	C:\binaries\terralib.dll
0x64af0000 - 0x64b59000 	C:\Windows\SYSTEM32\MSVCP100.dll
0x6d880000 - 0x6db4c000 	C:\binaries\bgd.dll
0x5f9f0000 - 0x5fa0b000 	C:\binaries\terraogc_xml.dll
0x5da30000 - 0x5da4d000 	C:\binaries\terraogc_sld.dll
0x5a800000 - 0x5a826000 	C:\binaries\terraogc_se.dll
0x58c30000 - 0x58c66000 	C:\binaries\terraogc_filter.dll
0x562f0000 - 0x56342000 	C:\binaries\terraogc_ows.dll
0x562d0000 - 0x562e9000 	C:\binaries\terraogc_common.dll
0x5f980000 - 0x5f98b000 	C:\binaries\terralib_shp.dll
0x562c0000 - 0x562ce000 	C:\binaries\terralib_spl.dll
0x064c0000 - 0x068b6000 	C:\binaries\qt-mt338.dll
0x613d0000 - 0x6149e000 	C:\Windows\SYSTEM32\OPENGL32.dll
0x613a0000 - 0x613c3000 	C:\Windows\SYSTEM32\GLU32.dll
0x55f10000 - 0x55f8f000 	C:\binaries\qwt500.dll
0x0f990000 - 0x1198f000 	C:\binaries\berkelium.dll
0x068c0000 - 0x06a01000 	C:\binaries\LIBMYSQL.dll
0x63100000 - 0x63121000 	C:\binaries\LIBPQ.dll
0x06a10000 - 0x06a71000 	C:\binaries\OCI.dll
0x557f0000 - 0x5587a000 	C:\binaries\libtiff.dll
0x06a80000 - 0x07252000 	C:\binaries\gdal110.dll
0x12000000 - 0x121dc000 	C:\binaries\xerces-c_3_1.dll
0x54740000 - 0x54795000 	C:\binaries\terraogc_wms.dll
0x546e0000 - 0x54733000 	C:\binaries\terraogc_gml.dll
0x54690000 - 0x546d1000 	C:\binaries\terraogc_xsd.dll
0x562a0000 - 0x562c0000 	C:\binaries\terraogc_xacml.dll
0x71f30000 - 0x71f90000 	C:\Windows\SYSTEM32\WINSPOOL.DRV
0x7c340000 - 0x7c396000 	C:\Windows\SYSTEM32\MSVCR71.dll
0x608a0000 - 0x60979000 	C:\Windows\SYSTEM32\DDRAW.dll
0x727a0000 - 0x727a9000 	C:\Windows\SYSTEM32\Secur32.dll
0x75f20000 - 0x75f3b000 	C:\Windows\SYSTEM32\USERENV.dll
0x71520000 - 0x71570000 	C:\Windows\SYSTEM32\OLEACC.dll
0x54200000 - 0x54276000 	C:\Windows\SYSTEM32\RICHED20.dll
0x72ee0000 - 0x72ee8000 	C:\Windows\SYSTEM32\VERSION.dll
0x720b0000 - 0x720c4000 	C:\Windows\SYSTEM32\USP10.dll
0x72c50000 - 0x72cc5000 	C:\Windows\SYSTEM32\DNSAPI.dll
0x07300000 - 0x073aa000 	C:\Windows\libeay32.dll
0x073b0000 - 0x073bd000 	C:\binaries\libintl-2.dll
0x72ed0000 - 0x72ed6000 	C:\Windows\SYSTEM32\SHFOLDER.DLL
0x073c0000 - 0x073e6000 	C:\Windows\ssleay32.dll
0x073f0000 - 0x07416000 	C:\binaries\libexpat.dll
0x60770000 - 0x60811000 	C:\Windows\SYSTEM32\ODBC32.dll
0x60760000 - 0x60767000 	C:\Windows\SYSTEM32\DCIMAN32.dll
0x663b0000 - 0x663db000 	C:\Windows\SYSTEM32\msls31.dll
0x07470000 - 0x0754b000 	C:\binaries\libiconv-2.dll
0x6f600000 - 0x6f61d000 	C:\Windows\SYSTEM32\gpapi.dll
0x74530000 - 0x74556000 	C:\Windows\SYSTEM32\ntmarta.dll
0x49dc0000 - 0x4a668000 	C:\binaries\icudt46.dll
0x53850000 - 0x53979000 	C:\Windows\SYSTEM32\dbghelp.dll
0x72040000 - 0x72050000 	C:\Windows\system32\napinsp.dll
0x72020000 - 0x72034000 	C:\Windows\system32\pnrpnsp.dll
0x72010000 - 0x72020000 	C:\Windows\system32\NLAapi.dll
0x72000000 - 0x72009000 	C:\Windows\System32\winrnr.dll
0x71ac0000 - 0x71ad0000 	C:\Windows\system32\wshbth.dll
0x726a0000 - 0x726a7000 	C:\Windows\System32\rasadhlp.dll
0x71c30000 - 0x71c6f000 	C:\Windows\System32\fwpuclnt.dll
0x72cd0000 - 0x72cf0000 	C:\Windows\SYSTEM32\IPHLPAPI.DLL
0x72c40000 - 0x72c48000 	C:\Windows\SYSTEM32\WINNSI.DLL
0x730d0000 - 0x730ea000 	C:\Windows\SYSTEM32\CRYPTSP.dll
0x73090000 - 0x730ce000 	C:\Windows\system32\rsaenh.dll
0x72c30000 - 0x72c40000 	C:\Windows\SYSTEM32\dhcpcsvc6.DLL
0x72c10000 - 0x72c22000 	C:\Windows\SYSTEM32\dhcpcsvc.DLL
0x541b0000 - 0x541d5000 	C:\Program Files (x86)\Java\jre7\bin\jpeg.dll

VM Arguments:
jvm_args: -Dfile.encoding=ISO-8859-1 
java_command: com.nexusbr.gv.main.ConnectDBMain
Launcher Type: SUN_STANDARD

Environment Variables:
JAVA_HOME=C:\Program Files (x86)\Java\jre7
PATH=C:/Program Files (x86)/Java/jre7/bin/client;C:/Program Files (x86)/Java/jre7/bin;C:/Program Files (x86)/Java/jre7/lib/i386;C:\Program Files (x86)\PHP\;c:\Program Files (x86)\Intel\iCLS Client\;c:\Program Files\Intel\iCLS Client\;C:\Windows\system32;C:\Windows;C:\Windows\System32\Wbem;C:\Windows\System32\WindowsPowerShell\v1.0\;C:\Program Files\Intel\Intel(R) Management Engine Components\DAL;C:\Program Files\Intel\Intel(R) Management Engine Components\IPT;C:\Program Files (x86)\Intel\Intel(R) Management Engine Components\DAL;C:\Program Files (x86)\Intel\Intel(R) Management Engine Components\IPT;C:\Program Files (x86)\Intel\OpenCL SDK\3.0\bin\x86;C:\Program Files (x86)\Intel\OpenCL SDK\3.0\bin\x64;C:\Program Files (x86)\Windows Live\Shared;C:\binaries;c:\Program Files (x86)\Microsoft SQL Server\100\Tools\Binn\;c:\Program Files\Microsoft SQL Server\100\Tools\Binn\;c:\Program Files\Microsoft SQL Server\100\DTS\Binn\;C:\strawberry\c\bin;C:\strawberry\perl\site\bin;C:\strawberry\perl\bin;C:\Program Files (x86)\Microsoft SQL Server\110\Tools\Binn\ManagementStudio\;C:\Program Files (x86)\Microsoft SQL Server\110\Tools\Binn\;C:\Program Files\Microsoft SQL Server\110\Tools\Binn\;C:\Program Files (x86)\Microsoft SQL Server\110\DTS\Binn\;C:\Program Files\TortoiseSVN\bin;C:\Python34;C:\Program Files (x86)\Java\jre7\bin;C:\eclipse;
USERNAME=inacio
OS=Windows_NT
PROCESSOR_IDENTIFIER=Intel64 Family 6 Model 69 Stepping 1, GenuineIntel



---------------  S Y S T E M  ---------------

OS: Windows 8 , 64 bit Build 9200 

CPU:total 4 (2 cores per cpu, 2 threads per core) family 6 model 69 stepping 1, cmov, cx8, fxsr, mmx, sse, sse2, sse3, ssse3, sse4.1, sse4.2, popcnt, avx, avx2, aes, erms, ht, tsc, tscinvbit

Memory: 4k page, physical 8290700k(3021180k free), swap 9535884k(4196736k free)

vm_info: Java HotSpot(TM) Client VM (24.60-b09) for windows-x86 JRE (1.7.0_60-b19), built on May  7 2014 13:09:52 by "java_re" with unknown MS VC++:1600

time: Wed Jul 02 14:22:35 2014
elapsed time: 26 seconds

