#
# A fatal error has been detected by the Java Runtime Environment:
#
#  EXCEPTION_ACCESS_VIOLATION (0xc0000005) at pc=0x10959052, pid=8608, tid=6560
#
# JRE version: Java(TM) SE Runtime Environment (7.0_60-b19) (build 1.7.0_60-b19)
# Java VM: Java HotSpot(TM) Client VM (24.60-b09 mixed mode, sharing windows-x86 )
# Problematic frame:
# C  [berkelium.dll+0xa39052]
#
# Failed to write core dump. Minidumps are not enabled by default on client versions of Windows
#
# If you would like to submit a bug report, please visit:
#   http://bugreport.sun.com/bugreport/crash.jsp
#

---------------  T H R E A D  ---------------

Current thread (0x0267fc00):  VMThread [stack: 0x048e0000,0x04930000] [id=6560]

siginfo: ExceptionCode=0xc0000005, reading address 0x000000f8

Registers:
EAX=0x0492f5b4, EBX=0x000493e0, ECX=0x0492f5b4, EDX=0x35798968
ESP=0x0492f5a4, EBP=0x00000078, ESI=0x00000000, EDI=0x475b2c68
EIP=0x10959052, EFLAGS=0x00010206

Top of Stack: (sp=0x0492f5a4)
0x0492f5a4:   072c1168 072c1168 0721ab00 00000000
0x0492f5b4:   35798968 00000078 072b3a20 072be900
0x0492f5c4:   00000000 00000000 00000000 74616401
0x0492f5d4:   69642d61 074e0072 00000023 0000002f
0x0492f5e4:   00000000 07247070 002e5be4 072c1000
0x0492f5f4:   0721ab44 ffffff00 0ff8bf20 11aa9778
0x0492f604:   06d90030 00000000 0000000f 11aaa730
0x0492f614:   00000001 0ff89783 00000008 00000001 

Instructions: (pc=0x10959052)
0x10959032:   03 00 00 57 53 e8 f4 c8 60 ff 8b ea 8d 54 24 10
0x10959042:   52 8b f8 e8 26 ca 00 00 83 c4 04 03 38 13 68 04
0x10959052:   8b 86 f8 00 00 00 0b 86 fc 00 00 00 89 7c 24 20
0x10959062:   89 6c 24 24 75 3e 39 84 24 d4 00 00 00 7f 35 7c 


Register to memory mapping:

EAX=
[error occurred during error reporting (printing register info), id 0xc0000005]

Stack: [0x048e0000,0x04930000],  sp=0x0492f5a4,  free space=317k
Native frames: (J=compiled Java code, j=interpreted, Vv=VM code, C=native code)
C  [berkelium.dll+0xa39052]

[error occurred during error reporting (printing native stack), id 0xc0000005]

VM_Operation (0x05e8e4e0): Exit, mode: safepoint, requested by thread 0x05a0d000


---------------  P R O C E S S  ---------------

Java Threads: ( => current thread )
  0x05d20c00 JavaThread "Image Fetcher 3" daemon [_thread_blocked, id=7268, stack(0x07d00000,0x07d50000)]
  0x05d20400 JavaThread "Thread-103" [_thread_blocked, id=6612, stack(0x07ba0000,0x07bf0000)]
  0x05d21000 JavaThread "WeakCollectionCleaner" daemon [_thread_blocked, id=8480, stack(0x09d10000,0x09d60000)]
  0x05d6d000 JavaThread "TimerQueue" daemon [_thread_blocked, id=8356, stack(0x07c70000,0x07cc0000)]
  0x00e1e000 JavaThread "DestroyJavaVM" [_thread_blocked, id=3372, stack(0x02560000,0x025b0000)]
  0x05a0d000 JavaThread "AWT-EventQueue-0" [_thread_blocked, id=5232, stack(0x05e40000,0x05e90000)]
  0x04f03000 JavaThread "AWT-Shutdown" [_thread_blocked, id=5088, stack(0x05500000,0x05550000)]
  0x04f02000 JavaThread "Java2D Disposer" daemon [_thread_blocked, id=10112, stack(0x05470000,0x054c0000)]
  0x026f9000 JavaThread "Service Thread" daemon [_thread_blocked, id=5092, stack(0x04c40000,0x04c90000)]
  0x026f4c00 JavaThread "C1 CompilerThread0" daemon [_thread_blocked, id=880, stack(0x04bb0000,0x04c00000)]
  0x026f3000 JavaThread "Attach Listener" daemon [_thread_blocked, id=9120, stack(0x04b20000,0x04b70000)]
  0x026f0c00 JavaThread "Signal Dispatcher" daemon [_thread_blocked, id=10652, stack(0x04a90000,0x04ae0000)]
  0x02682800 JavaThread "Finalizer" daemon [_thread_blocked, id=9832, stack(0x04a00000,0x04a50000)]
  0x02681000 JavaThread "Reference Handler" daemon [_thread_blocked, id=10732, stack(0x04970000,0x049c0000)]

Other Threads:
=>0x0267fc00 VMThread [stack: 0x048e0000,0x04930000] [id=6560]

VM state:at safepoint (shutting down)

VM Mutex/Monitor currently owned by a thread:  ([mutex/lock_event])
[0x00e1c400] Threads_lock - owner thread: 0x0267fc00

Heap
 def new generation   total 34432K, used 5716K [0x24000000, 0x26550000, 0x29550000)
  eden space 30656K,   6% used [0x24000000, 0x241fb2b8, 0x25df0000)
  from space 3776K,  97% used [0x25df0000, 0x26189df8, 0x261a0000)
  to   space 3776K,   0% used [0x261a0000, 0x261a0000, 0x26550000)
 tenured generation   total 76308K, used 76280K [0x29550000, 0x2dfd5000, 0x34000000)
   the space 76308K,  99% used [0x29550000, 0x2dfce2c8, 0x2dfce400, 0x2dfd5000)
 compacting perm gen  total 12288K, used 9612K [0x34000000, 0x34c00000, 0x38000000)
   the space 12288K,  78% used [0x34000000, 0x349631b8, 0x34963200, 0x34c00000)
    ro space 10240K,  42% used [0x38000000, 0x38434778, 0x38434800, 0x38a00000)
    rw space 12288K,  52% used [0x38a00000, 0x39049a68, 0x39049c00, 0x39600000)

Card table byte_map: [0x04760000,0x04810000] byte_map_base: 0x04640000

Polling page: 0x00c80000

Code Cache  [0x02760000, 0x02a68000, 0x04760000)
 total_blobs=1820 nmethods=1529 adapters=227 free_code_cache=29681Kb largest_free_block=30392640

Compilation events (10 events):
Event: 64.678 Thread 0x026f4c00 1536   !         java.awt.DefaultKeyboardFocusManager::dispatchEvent (1556 bytes)
Event: 64.700 Thread 0x026f4c00 nmethod 1536 0x02a58048 code [0x02a58a70, 0x02a5de88]
Event: 64.895 Thread 0x026f4c00 1537             sun.awt.im.InputContext::dispatchEvent (173 bytes)
Event: 64.897 Thread 0x026f4c00 nmethod 1537 0x02a62408 code [0x02a625f0, 0x02a62d30]
Event: 64.897 Thread 0x026f4c00 1538  s          sun.awt.im.InputContext::getInputMethod (34 bytes)
Event: 64.898 Thread 0x026f4c00 nmethod 1538 0x02a631c8 code [0x02a632d0, 0x02a6355c]
Event: 64.967 Thread 0x026f4c00 1539             java.awt.Component::eventEnabled (9 bytes)
Event: 64.967 Thread 0x026f4c00 nmethod 1539 0x02a63608 code [0x02a63710, 0x02a637ac]
Event: 64.967 Thread 0x026f4c00 1540             java.awt.Component::eventTypeEnabled (487 bytes)
Event: 64.968 Thread 0x026f4c00 nmethod 1540 0x02a63848 code [0x02a63950, 0x02a63e60]

GC Heap History (10 events):
Event: 48.084 GC heap before
{Heap before GC invocations=66 (full 5):
 def new generation   total 34432K, used 30658K [0x24000000, 0x26550000, 0x29550000)
  eden space 30656K, 100% used [0x24000000, 0x25df0000, 0x25df0000)
  from space 3776K,   0% used [0x261a0000, 0x261a0828, 0x26550000)
  to   space 3776K,   0% used [0x25df0000, 0x25df0000, 0x261a0000)
 tenured generation   total 76308K, used 73592K [0x29550000, 0x2dfd5000, 0x34000000)
   the space 76308K,  96% used [0x29550000, 0x2dd2e1e8, 0x2dd2e200, 0x2dfd5000)
 compacting perm gen  total 12288K, used 9538K [0x34000000, 0x34c00000, 0x38000000)
   the space 12288K,  77% used [0x34000000, 0x349508e8, 0x34950a00, 0x34c00000)
    ro space 10240K,  42% used [0x38000000, 0x38434778, 0x38434800, 0x38a00000)
    rw space 12288K,  52% used [0x38a00000, 0x39049a68, 0x39049c00, 0x39600000)
Event: 48.084 GC heap after
Heap after GC invocations=67 (full 5):
 def new generation   total 34432K, used 2K [0x24000000, 0x26550000, 0x29550000)
  eden space 30656K,   0% used [0x24000000, 0x24000000, 0x25df0000)
  from space 3776K,   0% used [0x25df0000, 0x25df0908, 0x261a0000)
  to   space 3776K,   0% used [0x261a0000, 0x261a0000, 0x26550000)
 tenured generation   total 76308K, used 73592K [0x29550000, 0x2dfd5000, 0x34000000)
   the space 76308K,  96% used [0x29550000, 0x2dd2e1e8, 0x2dd2e200, 0x2dfd5000)
 compacting perm gen  total 12288K, used 9538K [0x34000000, 0x34c00000, 0x38000000)
   the space 12288K,  77% used [0x34000000, 0x349508e8, 0x34950a00, 0x34c00000)
    ro space 10240K,  42% used [0x38000000, 0x38434778, 0x38434800, 0x38a00000)
    rw space 12288K,  52% used [0x38a00000, 0x39049a68, 0x39049c00, 0x39600000)
}
Event: 48.128 GC heap before
{Heap before GC invocations=67 (full 5):
 def new generation   total 34432K, used 30658K [0x24000000, 0x26550000, 0x29550000)
  eden space 30656K, 100% used [0x24000000, 0x25df0000, 0x25df0000)
  from space 3776K,   0% used [0x25df0000, 0x25df0908, 0x261a0000)
  to   space 3776K,   0% used [0x261a0000, 0x261a0000, 0x26550000)
 tenured generation   total 76308K, used 73592K [0x29550000, 0x2dfd5000, 0x34000000)
   the space 76308K,  96% used [0x29550000, 0x2dd2e1e8, 0x2dd2e200, 0x2dfd5000)
 compacting perm gen  total 12288K, used 9538K [0x34000000, 0x34c00000, 0x38000000)
   the space 12288K,  77% used [0x34000000, 0x349508e8, 0x34950a00, 0x34c00000)
    ro space 10240K,  42% used [0x38000000, 0x38434778, 0x38434800, 0x38a00000)
    rw space 12288K,  52% used [0x38a00000, 0x39049a68, 0x39049c00, 0x39600000)
Event: 48.129 GC heap after
Heap after GC invocations=68 (full 5):
 def new generation   total 34432K, used 2K [0x24000000, 0x26550000, 0x29550000)
  eden space 30656K,   0% used [0x24000000, 0x24000000, 0x25df0000)
  from space 3776K,   0% used [0x261a0000, 0x261a0828, 0x26550000)
  to   space 3776K,   0% used [0x25df0000, 0x25df0000, 0x261a0000)
 tenured generation   total 76308K, used 73592K [0x29550000, 0x2dfd5000, 0x34000000)
   the space 76308K,  96% used [0x29550000, 0x2dd2e1e8, 0x2dd2e200, 0x2dfd5000)
 compacting perm gen  total 12288K, used 9538K [0x34000000, 0x34c00000, 0x38000000)
   the space 12288K,  77% used [0x34000000, 0x349508e8, 0x34950a00, 0x34c00000)
    ro space 10240K,  42% used [0x38000000, 0x38434778, 0x38434800, 0x38a00000)
    rw space 12288K,  52% used [0x38a00000, 0x39049a68, 0x39049c00, 0x39600000)
}
Event: 48.171 GC heap before
{Heap before GC invocations=68 (full 5):
 def new generation   total 34432K, used 30658K [0x24000000, 0x26550000, 0x29550000)
  eden space 30656K, 100% used [0x24000000, 0x25df0000, 0x25df0000)
  from space 3776K,   0% used [0x261a0000, 0x261a0828, 0x26550000)
  to   space 3776K,   0% used [0x25df0000, 0x25df0000, 0x261a0000)
 tenured generation   total 76308K, used 73592K [0x29550000, 0x2dfd5000, 0x34000000)
   the space 76308K,  96% used [0x29550000, 0x2dd2e1e8, 0x2dd2e200, 0x2dfd5000)
 compacting perm gen  total 12288K, used 9538K [0x34000000, 0x34c00000, 0x38000000)
   the space 12288K,  77% used [0x34000000, 0x349508e8, 0x34950a00, 0x34c00000)
    ro space 10240K,  42% used [0x38000000, 0x38434778, 0x38434800, 0x38a00000)
    rw space 12288K,  52% used [0x38a00000, 0x39049a68, 0x39049c00, 0x39600000)
Event: 48.171 GC heap after
Heap after GC invocations=69 (full 5):
 def new generation   total 34432K, used 2K [0x24000000, 0x26550000, 0x29550000)
  eden space 30656K,   0% used [0x24000000, 0x24000000, 0x25df0000)
  from space 3776K,   0% used [0x25df0000, 0x25df0908, 0x261a0000)
  to   space 3776K,   0% used [0x261a0000, 0x261a0000, 0x26550000)
 tenured generation   total 76308K, used 73592K [0x29550000, 0x2dfd5000, 0x34000000)
   the space 76308K,  96% used [0x29550000, 0x2dd2e1e8, 0x2dd2e200, 0x2dfd5000)
 compacting perm gen  total 12288K, used 9538K [0x34000000, 0x34c00000, 0x38000000)
   the space 12288K,  77% used [0x34000000, 0x349508e8, 0x34950a00, 0x34c00000)
    ro space 10240K,  42% used [0x38000000, 0x38434778, 0x38434800, 0x38a00000)
    rw space 12288K,  52% used [0x38a00000, 0x39049a68, 0x39049c00, 0x39600000)
}
Event: 49.348 GC heap before
{Heap before GC invocations=69 (full 5):
 def new generation   total 34432K, used 30658K [0x24000000, 0x26550000, 0x29550000)
  eden space 30656K, 100% used [0x24000000, 0x25df0000, 0x25df0000)
  from space 3776K,   0% used [0x25df0000, 0x25df0908, 0x261a0000)
  to   space 3776K,   0% used [0x261a0000, 0x261a0000, 0x26550000)
 tenured generation   total 76308K, used 73592K [0x29550000, 0x2dfd5000, 0x34000000)
   the space 76308K,  96% used [0x29550000, 0x2dd2e1e8, 0x2dd2e200, 0x2dfd5000)
 compacting perm gen  total 12288K, used 9546K [0x34000000, 0x34c00000, 0x38000000)
   the space 12288K,  77% used [0x34000000, 0x349529f8, 0x34952a00, 0x34c00000)
    ro space 10240K,  42% used [0x38000000, 0x38434778, 0x38434800, 0x38a00000)
    rw space 12288K,  52% used [0x38a00000, 0x39049a68, 0x39049c00, 0x39600000)
Event: 49.349 GC heap after
Heap after GC invocations=70 (full 5):
 def new generation   total 34432K, used 136K [0x24000000, 0x26550000, 0x29550000)
  eden space 30656K,   0% used [0x24000000, 0x24000000, 0x25df0000)
  from space 3776K,   3% used [0x261a0000, 0x261c23e8, 0x26550000)
  to   space 3776K,   0% used [0x25df0000, 0x25df0000, 0x261a0000)
 tenured generation   total 76308K, used 73592K [0x29550000, 0x2dfd5000, 0x34000000)
   the space 76308K,  96% used [0x29550000, 0x2dd2e1e8, 0x2dd2e200, 0x2dfd5000)
 compacting perm gen  total 12288K, used 9546K [0x34000000, 0x34c00000, 0x38000000)
   the space 12288K,  77% used [0x34000000, 0x349529f8, 0x34952a00, 0x34c00000)
    ro space 10240K,  42% used [0x38000000, 0x38434778, 0x38434800, 0x38a00000)
    rw space 12288K,  52% used [0x38a00000, 0x39049a68, 0x39049c00, 0x39600000)
}
Event: 57.268 GC heap before
{Heap before GC invocations=70 (full 5):
 def new generation   total 34432K, used 30347K [0x24000000, 0x26550000, 0x29550000)
  eden space 30656K,  98% used [0x24000000, 0x25d80ae0, 0x25df0000)
  from space 3776K,   3% used [0x261a0000, 0x261c23e8, 0x26550000)
  to   space 3776K,   0% used [0x25df0000, 0x25df0000, 0x261a0000)
 tenured generation   total 76308K, used 73592K [0x29550000, 0x2dfd5000, 0x34000000)
   the space 76308K,  96% used [0x29550000, 0x2dd2e1e8, 0x2dd2e200, 0x2dfd5000)
 compacting perm gen  total 12288K, used 9608K [0x34000000, 0x34c00000, 0x38000000)
   the space 12288K,  78% used [0x34000000, 0x349622d8, 0x34962400, 0x34c00000)
    ro space 10240K,  42% used [0x38000000, 0x38434778, 0x38434800, 0x38a00000)
    rw space 12288K,  52% used [0x38a00000, 0x39049a68, 0x39049c00, 0x39600000)
Event: 57.276 GC heap after
Heap after GC invocations=71 (full 5):
 def new generation   total 34432K, used 3687K [0x24000000, 0x26550000, 0x29550000)
  eden space 30656K,   0% used [0x24000000, 0x24000000, 0x25df0000)
  from space 3776K,  97% used [0x25df0000, 0x26189df8, 0x261a0000)
  to   space 3776K,   0% used [0x261a0000, 0x261a0000, 0x26550000)
 tenured generation   total 76308K, used 76280K [0x29550000, 0x2dfd5000, 0x34000000)
   the space 76308K,  99% used [0x29550000, 0x2dfce2c8, 0x2dfce400, 0x2dfd5000)
 compacting perm gen  total 12288K, used 9608K [0x34000000, 0x34c00000, 0x38000000)
   the space 12288K,  78% used [0x34000000, 0x349622d8, 0x34962400, 0x34c00000)
    ro space 10240K,  42% used [0x38000000, 0x38434778, 0x38434800, 0x38a00000)
    rw space 12288K,  52% used [0x38a00000, 0x39049a68, 0x39049c00, 0x39600000)
}

Deoptimization events (0 events):
No events

Internal exceptions (10 events):
Event: 56.503 Thread 0x05a0d000 Threw 0x25130f70 at C:\re\jdk7u60\1081\hotspot\src\share\vm\prims\jvm.cpp:1244
Event: 56.921 Thread 0x05a0d000 Threw 0x2513ca28 at C:\re\jdk7u60\1081\hotspot\src\share\vm\prims\jvm.cpp:1244
Event: 56.921 Thread 0x05a0d000 Threw 0x25143058 at C:\re\jdk7u60\1081\hotspot\src\share\vm\prims\jvm.cpp:1244
Event: 56.956 Thread 0x05a0d000 Threw 0x25158560 at C:\re\jdk7u60\1081\hotspot\src\share\vm\prims\jvm.cpp:1244
Event: 56.966 Thread 0x05a0d000 Threw 0x2515ece8 at C:\re\jdk7u60\1081\hotspot\src\share\vm\prims\jvm.cpp:1244
Event: 56.967 Thread 0x05a0d000 Threw 0x25167be0 at C:\re\jdk7u60\1081\hotspot\src\share\vm\prims\jvm.cpp:1244
Event: 56.967 Thread 0x05a0d000 Threw 0x2516e618 at C:\re\jdk7u60\1081\hotspot\src\share\vm\prims\jvm.cpp:1244
Event: 56.968 Thread 0x05a0d000 Threw 0x251757f8 at C:\re\jdk7u60\1081\hotspot\src\share\vm\prims\jvm.cpp:1244
Event: 56.969 Thread 0x05a0d000 Threw 0x2517f098 at C:\re\jdk7u60\1081\hotspot\src\share\vm\prims\jvm.cpp:1244
Event: 56.970 Thread 0x05a0d000 Threw 0x25185850 at C:\re\jdk7u60\1081\hotspot\src\share\vm\prims\jvm.cpp:1244

Events (10 events):
Event: 65.446 loading class 0x39670c20
Event: 65.446 loading class 0x39670bc8
Event: 65.446 loading class 0x39670bc8 done
Event: 65.446 loading class 0x39670c20 done
Event: 65.446 Thread 0x05d1ec00 Thread exited: 0x05d1ec00
Event: 65.446 Thread 0x05d21800 Thread exited: 0x05d21800
Event: 65.447 Thread 0x05d22000 Thread exited: 0x05d22000
Event: 65.455 Thread 0x04f03c00 Thread exited: 0x04f03c00
Event: 65.547 Thread 0x05d1e400 Thread exited: 0x05d1e400
Event: 65.547 Executing VM operation: Exit


Dynamic libraries:
0x00a70000 - 0x00a9f000 	C:\Program Files (x86)\Java\jre7\bin\javaw.exe
0x76fe0000 - 0x77137000 	C:\Windows\SYSTEM32\ntdll.dll
0x74690000 - 0x747c0000 	C:\Windows\SYSTEM32\KERNEL32.DLL
0x76a80000 - 0x76b27000 	C:\Windows\SYSTEM32\KERNELBASE.dll
0x747c0000 - 0x7486e000 	C:\Windows\SYSTEM32\ADVAPI32.dll
0x764f0000 - 0x76606000 	C:\Windows\SYSTEM32\USER32.dll
0x73130000 - 0x73328000 	C:\Windows\WinSxS\x86_microsoft.windows.common-controls_6595b64144ccf1df_6.0.9200.16579_none_8937eec6860750f5\COMCTL32.dll
0x76000000 - 0x760b1000 	C:\Windows\SYSTEM32\msvcrt.dll
0x74870000 - 0x748a4000 	C:\Windows\SYSTEM32\sechost.dll
0x760c0000 - 0x7616c000 	C:\Windows\SYSTEM32\RPCRT4.dll
0x748b0000 - 0x749ad000 	C:\Windows\SYSTEM32\GDI32.dll
0x745d0000 - 0x745ed000 	C:\Windows\SYSTEM32\SspiCli.dll
0x745c0000 - 0x745c9000 	C:\Windows\SYSTEM32\CRYPTBASE.dll
0x74560000 - 0x745b1000 	C:\Windows\SYSTEM32\bcryptPrimitives.dll
0x762e0000 - 0x76300000 	C:\Windows\system32\IMM32.DLL
0x76680000 - 0x7675e000 	C:\Windows\SYSTEM32\MSCTF.dll
0x66d70000 - 0x66e2f000 	C:\Program Files (x86)\Java\jre7\bin\msvcr100.dll
0x5e310000 - 0x5e698000 	C:\Program Files (x86)\Java\jre7\bin\client\jvm.dll
0x71c10000 - 0x71c18000 	C:\Windows\SYSTEM32\WSOCK32.dll
0x71fb0000 - 0x71fd1000 	C:\Windows\SYSTEM32\WINMM.dll
0x76300000 - 0x76306000 	C:\Windows\SYSTEM32\PSAPI.DLL
0x75f80000 - 0x75fd0000 	C:\Windows\SYSTEM32\WS2_32.dll
0x71c70000 - 0x71c9b000 	C:\Windows\SYSTEM32\WINMMBASE.dll
0x75ff0000 - 0x75ff8000 	C:\Windows\SYSTEM32\NSI.dll
0x76b30000 - 0x76b76000 	C:\Windows\SYSTEM32\cfgmgr32.dll
0x75f00000 - 0x75f1e000 	C:\Windows\SYSTEM32\DEVOBJ.dll
0x720a0000 - 0x720ac000 	C:\Program Files (x86)\Java\jre7\bin\verify.dll
0x70bb0000 - 0x70bd0000 	C:\Program Files (x86)\Java\jre7\bin\java.dll
0x70b90000 - 0x70ba3000 	C:\Program Files (x86)\Java\jre7\bin\zip.dll
0x66c20000 - 0x66d63000 	C:\Program Files (x86)\Java\jre7\bin\awt.dll
0x76c00000 - 0x76c8b000 	C:\Windows\SYSTEM32\OLEAUT32.dll
0x76de0000 - 0x76f16000 	C:\Windows\SYSTEM32\combase.dll
0x72dd0000 - 0x72e77000 	C:\Windows\system32\apphelp.dll
0x71a40000 - 0x71a59000 	C:\Windows\system32\DWMAPI.DLL
0x726b0000 - 0x72738000 	C:\Windows\system32\uxtheme.dll
0x76760000 - 0x76879000 	C:\Windows\SYSTEM32\ole32.dll
0x74da0000 - 0x75e66000 	C:\Windows\SYSTEM32\SHELL32.dll
0x75f40000 - 0x75f80000 	C:\Windows\SYSTEM32\SHLWAPI.dll
0x73330000 - 0x733a3000 	C:\Windows\SYSTEM32\shcore.dll
0x6f1f0000 - 0x6f229000 	C:\Program Files (x86)\Java\jre7\bin\fontmanager.dll
0x6f250000 - 0x6f264000 	C:\Program Files (x86)\Java\jre7\bin\net.dll
0x72e80000 - 0x72eca000 	C:\Windows\system32\mswsock.dll
0x718a0000 - 0x718af000 	C:\Program Files (x86)\Java\jre7\bin\nio.dll
0x6f270000 - 0x6f2a0000 	C:\Program Files (x86)\Java\jre7\bin\t2k.dll
0x76b80000 - 0x76bf4000 	C:\Windows\SYSTEM32\clbcatq.dll
0x6a8a0000 - 0x6a9eb000 	C:\Windows\SYSTEM32\WindowsCodecs.dll
0x76dc0000 - 0x76dd1000 	C:\Windows\SYSTEM32\profapi.dll
0x6f1c0000 - 0x6f1e4000 	C:\Program Files (x86)\Java\jre7\bin\dcpr.dll
0x68450000 - 0x684bd000 	C:\binaries\terrajava.dll
0x60670000 - 0x60757000 	C:\binaries\terramanager-funcate.dll
0x573f0000 - 0x57c96000 	C:\binaries\terralib.dll
0x64af0000 - 0x64b59000 	C:\Windows\SYSTEM32\MSVCP100.dll
0x6d880000 - 0x6db4c000 	C:\binaries\bgd.dll
0x6f1a0000 - 0x6f1bb000 	C:\binaries\terraogc_xml.dll
0x6e0b0000 - 0x6e0cd000 	C:\binaries\terraogc_sld.dll
0x6b5d0000 - 0x6b5f6000 	C:\binaries\terraogc_se.dll
0x66be0000 - 0x66c16000 	C:\binaries\terraogc_filter.dll
0x66b80000 - 0x66bd2000 	C:\binaries\terraogc_ows.dll
0x6b500000 - 0x6b519000 	C:\binaries\terraogc_common.dll
0x70690000 - 0x7069b000 	C:\binaries\terralib_shp.dll
0x6f190000 - 0x6f19e000 	C:\binaries\terralib_spl.dll
0x063e0000 - 0x067d6000 	C:\binaries\qt-mt338.dll
0x613d0000 - 0x6149e000 	C:\Windows\SYSTEM32\OPENGL32.dll
0x613a0000 - 0x613c3000 	C:\Windows\SYSTEM32\GLU32.dll
0x605f0000 - 0x6066f000 	C:\binaries\qwt500.dll
0x0ff20000 - 0x11f1f000 	C:\binaries\berkelium.dll
0x067e0000 - 0x06921000 	C:\binaries\LIBMYSQL.dll
0x63100000 - 0x63121000 	C:\binaries\LIBPQ.dll
0x06930000 - 0x06991000 	C:\binaries\OCI.dll
0x60560000 - 0x605ea000 	C:\binaries\libtiff.dll
0x56580000 - 0x56d52000 	C:\binaries\gdal110.dll
0x12000000 - 0x121dc000 	C:\binaries\xerces-c_3_1.dll
0x60500000 - 0x60555000 	C:\binaries\terraogc_wms.dll
0x604a0000 - 0x604f3000 	C:\binaries\terraogc_gml.dll
0x60450000 - 0x60491000 	C:\binaries\terraogc_xsd.dll
0x6ab50000 - 0x6ab70000 	C:\binaries\terraogc_xacml.dll
0x71f30000 - 0x71f90000 	C:\Windows\SYSTEM32\WINSPOOL.DRV
0x7c340000 - 0x7c396000 	C:\Windows\SYSTEM32\MSVCR71.dll
0x608a0000 - 0x60979000 	C:\Windows\SYSTEM32\DDRAW.dll
0x727a0000 - 0x727a9000 	C:\Windows\SYSTEM32\Secur32.dll
0x75f20000 - 0x75f3b000 	C:\Windows\SYSTEM32\USERENV.dll
0x71520000 - 0x71570000 	C:\Windows\SYSTEM32\OLEACC.dll
0x54200000 - 0x54276000 	C:\Windows\SYSTEM32\RICHED20.dll
0x72ee0000 - 0x72ee8000 	C:\Windows\SYSTEM32\VERSION.dll
0x720b0000 - 0x720c4000 	C:\Windows\SYSTEM32\USP10.dll
0x72c50000 - 0x72cc5000 	C:\Windows\SYSTEM32\DNSAPI.dll
0x06a40000 - 0x06aea000 	C:\Windows\libeay32.dll
0x06af0000 - 0x06afd000 	C:\binaries\libintl-2.dll
0x72ed0000 - 0x72ed6000 	C:\Windows\SYSTEM32\SHFOLDER.DLL
0x06b00000 - 0x06b26000 	C:\Windows\ssleay32.dll
0x06b30000 - 0x06b56000 	C:\binaries\libexpat.dll
0x60770000 - 0x60811000 	C:\Windows\SYSTEM32\ODBC32.dll
0x60760000 - 0x60767000 	C:\Windows\SYSTEM32\DCIMAN32.dll
0x663b0000 - 0x663db000 	C:\Windows\SYSTEM32\msls31.dll
0x06bb0000 - 0x06c8b000 	C:\binaries\libiconv-2.dll
0x6f600000 - 0x6f61d000 	C:\Windows\SYSTEM32\gpapi.dll
0x74530000 - 0x74556000 	C:\Windows\SYSTEM32\ntmarta.dll
0x50e40000 - 0x516e8000 	C:\binaries\icudt46.dll
0x53850000 - 0x53979000 	C:\Windows\SYSTEM32\dbghelp.dll
0x72040000 - 0x72050000 	C:\Windows\system32\napinsp.dll
0x72020000 - 0x72034000 	C:\Windows\system32\pnrpnsp.dll
0x72010000 - 0x72020000 	C:\Windows\system32\NLAapi.dll
0x72000000 - 0x72009000 	C:\Windows\System32\winrnr.dll
0x71ac0000 - 0x71ad0000 	C:\Windows\system32\wshbth.dll
0x726a0000 - 0x726a7000 	C:\Windows\System32\rasadhlp.dll
0x71c30000 - 0x71c6f000 	C:\Windows\System32\fwpuclnt.dll
0x72cd0000 - 0x72cf0000 	C:\Windows\SYSTEM32\IPHLPAPI.DLL
0x72c40000 - 0x72c48000 	C:\Windows\SYSTEM32\WINNSI.DLL
0x730d0000 - 0x730ea000 	C:\Windows\SYSTEM32\CRYPTSP.dll
0x73090000 - 0x730ce000 	C:\Windows\system32\rsaenh.dll
0x72c30000 - 0x72c40000 	C:\Windows\SYSTEM32\dhcpcsvc6.DLL
0x72c10000 - 0x72c22000 	C:\Windows\SYSTEM32\dhcpcsvc.DLL
0x6a870000 - 0x6a895000 	C:\Program Files (x86)\Java\jre7\bin\jpeg.dll

VM Arguments:
jvm_args: -Dfile.encoding=ISO-8859-1 
java_command: com.nexusbr.gv.main.ConnectDBMain
Launcher Type: SUN_STANDARD

Environment Variables:
JAVA_HOME=C:\Program Files (x86)\Java\jre7
PATH=C:/Program Files (x86)/Java/jre7/bin/client;C:/Program Files (x86)/Java/jre7/bin;C:/Program Files (x86)/Java/jre7/lib/i386;C:\Program Files (x86)\PHP\;c:\Program Files (x86)\Intel\iCLS Client\;c:\Program Files\Intel\iCLS Client\;C:\Windows\system32;C:\Windows;C:\Windows\System32\Wbem;C:\Windows\System32\WindowsPowerShell\v1.0\;C:\Program Files\Intel\Intel(R) Management Engine Components\DAL;C:\Program Files\Intel\Intel(R) Management Engine Components\IPT;C:\Program Files (x86)\Intel\Intel(R) Management Engine Components\DAL;C:\Program Files (x86)\Intel\Intel(R) Management Engine Components\IPT;C:\Program Files (x86)\Intel\OpenCL SDK\3.0\bin\x86;C:\Program Files (x86)\Intel\OpenCL SDK\3.0\bin\x64;C:\Program Files (x86)\Windows Live\Shared;C:\binaries;c:\Program Files (x86)\Microsoft SQL Server\100\Tools\Binn\;c:\Program Files\Microsoft SQL Server\100\Tools\Binn\;c:\Program Files\Microsoft SQL Server\100\DTS\Binn\;C:\strawberry\c\bin;C:\strawberry\perl\site\bin;C:\strawberry\perl\bin;C:\Program Files (x86)\Microsoft SQL Server\110\Tools\Binn\ManagementStudio\;C:\Program Files (x86)\Microsoft SQL Server\110\Tools\Binn\;C:\Program Files\Microsoft SQL Server\110\Tools\Binn\;C:\Program Files (x86)\Microsoft SQL Server\110\DTS\Binn\;C:\Program Files\TortoiseSVN\bin;C:\Python34;C:\Program Files (x86)\Java\jre7\bin;C:\eclipse;
USERNAME=inacio
OS=Windows_NT
PROCESSOR_IDENTIFIER=Intel64 Family 6 Model 69 Stepping 1, GenuineIntel



---------------  S Y S T E M  ---------------

OS: Windows 8 , 64 bit Build 9200 

CPU:total 4 (2 cores per cpu, 2 threads per core) family 6 model 69 stepping 1, cmov, cx8, fxsr, mmx, sse, sse2, sse3, ssse3, sse4.1, sse4.2, popcnt, avx, avx2, aes, erms, ht, tsc, tscinvbit

Memory: 4k page, physical 8290700k(2143396k free), swap 9535884k(2604800k free)

vm_info: Java HotSpot(TM) Client VM (24.60-b09) for windows-x86 JRE (1.7.0_60-b19), built on May  7 2014 13:09:52 by "java_re" with unknown MS VC++:1600

time: Thu Jul 03 15:17:00 2014
elapsed time: 65 seconds

