#
# A fatal error has been detected by the Java Runtime Environment:
#
#  EXCEPTION_ACCESS_VIOLATION (0xc0000005) at pc=0x107b9052, pid=9632, tid=6816
#
# JRE version: Java(TM) SE Runtime Environment (7.0_60-b19) (build 1.7.0_60-b19)
# Java VM: Java HotSpot(TM) Client VM (24.60-b09 mixed mode, sharing windows-x86 )
# Problematic frame:
# C  [berkelium.dll+0xa39052]
#
# Failed to write core dump. Minidumps are not enabled by default on client versions of Windows
#
# If you would like to submit a bug report, please visit:
#   http://bugreport.sun.com/bugreport/crash.jsp
#

---------------  T H R E A D  ---------------

Current thread (0x022dfc00):  VMThread [stack: 0x045e0000,0x04630000] [id=6816]

siginfo: ExceptionCode=0xc0000005, reading address 0x000000f8

Registers:
EAX=0x0462f7a4, EBX=0x000493e0, ECX=0x0462f7a4, EDX=0xeb0f0640
ESP=0x0462f794, EBP=0x00000064, ESI=0x00000000, EDI=0xfcf0a940
EIP=0x107b9052, EFLAGS=0x00010202

Top of Stack: (sp=0x0462f794)
0x0462f794:   06fc4168 06fc4168 06f1ab00 00000000
0x0462f7a4:   eb0f0640 00000064 06fb4a20 06fbd900
0x0462f7b4:   00000000 00000000 00000000 74616401
0x0462f7c4:   69642d61 071f0072 00000023 0000002f
0x0462f7d4:   00000000 06f47070 002e5bd1 06fc4000
0x0462f7e4:   06f1ab44 ffffff00 0fdebf20 11909778
0x0462f7f4:   06a90030 00000000 0000000f 1190a730
0x0462f804:   00000001 0fde9783 00000008 00000001 

Instructions: (pc=0x107b9052)
0x107b9032:   03 00 00 57 53 e8 f4 c8 60 ff 8b ea 8d 54 24 10
0x107b9042:   52 8b f8 e8 26 ca 00 00 83 c4 04 03 38 13 68 04
0x107b9052:   8b 86 f8 00 00 00 0b 86 fc 00 00 00 89 7c 24 20
0x107b9062:   89 6c 24 24 75 3e 39 84 24 d4 00 00 00 7f 35 7c 


Register to memory mapping:

EAX=
[error occurred during error reporting (printing register info), id 0xc0000005]

Stack: [0x045e0000,0x04630000],  sp=0x0462f794,  free space=317k
Native frames: (J=compiled Java code, j=interpreted, Vv=VM code, C=native code)
C  [berkelium.dll+0xa39052]

[error occurred during error reporting (printing native stack), id 0xc0000005]

VM_Operation (0x05b9e860): Exit, mode: safepoint, requested by thread 0x05712400


---------------  P R O C E S S  ---------------

Java Threads: ( => current thread )
  0x05a4b800 JavaThread "Image Fetcher 2" daemon [_thread_blocked, id=5588, stack(0x079f0000,0x07a40000)]
  0x05a4cc00 JavaThread "WeakCollectionCleaner" daemon [_thread_blocked, id=5304, stack(0x09a00000,0x09a50000)]
  0x05a97000 JavaThread "TimerQueue" daemon [_thread_blocked, id=8624, stack(0x07960000,0x079b0000)]
  0x05942800 JavaThread "Image Fetcher 3" daemon [_thread_blocked, id=76, stack(0x07890000,0x078e0000)]
  0x0248e000 JavaThread "DestroyJavaVM" [_thread_blocked, id=8340, stack(0x02200000,0x02250000)]
  0x05712400 JavaThread "AWT-EventQueue-0" [_thread_blocked, id=7640, stack(0x05b50000,0x05ba0000)]
  0x04c03000 JavaThread "AWT-Shutdown" [_thread_blocked, id=3908, stack(0x05220000,0x05270000)]
  0x04c02000 JavaThread "Java2D Disposer" daemon [_thread_blocked, id=7684, stack(0x05130000,0x05180000)]
  0x0235b000 JavaThread "Service Thread" daemon [_thread_blocked, id=468, stack(0x04940000,0x04990000)]
  0x02354800 JavaThread "C1 CompilerThread0" daemon [_thread_blocked, id=10120, stack(0x048b0000,0x04900000)]
  0x02352c00 JavaThread "Attach Listener" daemon [_thread_blocked, id=9812, stack(0x04820000,0x04870000)]
  0x02350c00 JavaThread "Signal Dispatcher" daemon [_thread_blocked, id=9120, stack(0x04790000,0x047e0000)]
  0x022e2800 JavaThread "Finalizer" daemon [_thread_blocked, id=7516, stack(0x04700000,0x04750000)]
  0x022e1000 JavaThread "Reference Handler" daemon [_thread_blocked, id=9620, stack(0x04670000,0x046c0000)]

Other Threads:
=>0x022dfc00 VMThread [stack: 0x045e0000,0x04630000] [id=6816]

VM state:at safepoint (shutting down)

VM Mutex/Monitor currently owned by a thread:  ([mutex/lock_event])
[0x0248c670] Threads_lock - owner thread: 0x022dfc00

Heap
 def new generation   total 14528K, used 8277K [0x24000000, 0x24fc0000, 0x29550000)
  eden space 12928K,  64% used [0x24000000, 0x248157e0, 0x24ca0000)
  from space 1600K,   0% used [0x24ca0000, 0x24ca0000, 0x24e30000)
  to   space 1600K,   0% used [0x24e30000, 0x24e30000, 0x24fc0000)
 tenured generation   total 32048K, used 19226K [0x29550000, 0x2b49c000, 0x34000000)
   the space 32048K,  59% used [0x29550000, 0x2a816a70, 0x2a816c00, 0x2b49c000)
 compacting perm gen  total 12288K, used 8583K [0x34000000, 0x34c00000, 0x38000000)
   the space 12288K,  69% used [0x34000000, 0x34861c50, 0x34861e00, 0x34c00000)
    ro space 10240K,  42% used [0x38000000, 0x38434778, 0x38434800, 0x38a00000)
    rw space 12288K,  52% used [0x38a00000, 0x39049a68, 0x39049c00, 0x39600000)

Card table byte_map: [0x04490000,0x04540000] byte_map_base: 0x04370000

Polling page: 0x008e0000

Code Cache  [0x02490000, 0x02658000, 0x04490000)
 total_blobs=1096 nmethods=809 adapters=223 free_code_cache=30944Kb largest_free_block=31686720

Compilation events (10 events):
Event: 8.457 Thread 0x02354800  813   !         java.io.RandomAccessFile::writeBytes (47 bytes)
Event: 8.457 Thread 0x02354800 nmethod 813 0x02657288 code [0x02657380, 0x0265744c]
Event: 8.460 Thread 0x02354800  815             java.util.Calendar::complete (40 bytes)
Event: 8.460 Thread 0x02354800 nmethod 815 0x026574c8 code [0x026575e0, 0x026576d8]
Event: 8.461 Thread 0x02354800  816             br.org.funcate.glue.model.canvas.ImageSourceDefinition::getType (5 bytes)
Event: 8.461 Thread 0x02354800 nmethod 816 0x02657788 code [0x02657880, 0x02657900]
Event: 8.465 Thread 0x02354800  817             java.awt.Image::getAccelerationPriority (5 bytes)
Event: 8.465 Thread 0x02354800 nmethod 817 0x02657948 code [0x02657a40, 0x02657ac0]
Event: 8.471 Thread 0x02354800  818   !         java.awt.KeyboardFocusManager::getFocusOwner (43 bytes)
Event: 8.471 Thread 0x02354800 nmethod 818 0x02657b08 code [0x02657c20, 0x02657ebc]

GC Heap History (10 events):
Event: 3.369 GC heap before
{Heap before GC invocations=11 (full 1):
 def new generation   total 9408K, used 7824K [0x24000000, 0x24a30000, 0x29550000)
  eden space 8384K,  81% used [0x24000000, 0x246a4068, 0x24830000)
  from space 1024K, 100% used [0x24930000, 0x24a30000, 0x24a30000)
  to   space 1024K,   0% used [0x24830000, 0x24830000, 0x24930000)
 tenured generation   total 20740K, used 20026K [0x29550000, 0x2a991000, 0x34000000)
   the space 20740K,  96% used [0x29550000, 0x2a8de8c8, 0x2a8dea00, 0x2a991000)
 compacting perm gen  total 12288K, used 8500K [0x34000000, 0x34c00000, 0x38000000)
   the space 12288K,  69% used [0x34000000, 0x3484d050, 0x3484d200, 0x34c00000)
    ro space 10240K,  42% used [0x38000000, 0x38434778, 0x38434800, 0x38a00000)
    rw space 12288K,  52% used [0x38a00000, 0x39049a68, 0x39049c00, 0x39600000)
Event: 3.449 GC heap after
Heap after GC invocations=12 (full 2):
 def new generation   total 9792K, used 0K [0x24000000, 0x24a90000, 0x29550000)
  eden space 8768K,   0% used [0x24000000, 0x24000000, 0x24890000)
  from space 1024K,   0% used [0x24890000, 0x24890000, 0x24990000)
  to   space 1024K,   0% used [0x24990000, 0x24990000, 0x24a90000)
 tenured generation   total 21380K, used 12827K [0x29550000, 0x2aa31000, 0x34000000)
   the space 21380K,  59% used [0x29550000, 0x2a1d6e80, 0x2a1d7000, 0x2aa31000)
 compacting perm gen  total 12288K, used 8500K [0x34000000, 0x34c00000, 0x38000000)
   the space 12288K,  69% used [0x34000000, 0x3484d050, 0x3484d200, 0x34c00000)
    ro space 10240K,  42% used [0x38000000, 0x38434778, 0x38434800, 0x38a00000)
    rw space 12288K,  52% used [0x38a00000, 0x39049a68, 0x39049c00, 0x39600000)
}
Event: 3.472 GC heap before
{Heap before GC invocations=12 (full 2):
 def new generation   total 9792K, used 7509K [0x24000000, 0x24a90000, 0x29550000)
  eden space 8768K,  85% used [0x24000000, 0x24755780, 0x24890000)
  from space 1024K,   0% used [0x24890000, 0x24890000, 0x24990000)
  to   space 1024K,   0% used [0x24990000, 0x24990000, 0x24a90000)
 tenured generation   total 21380K, used 12827K [0x29550000, 0x2aa31000, 0x34000000)
   the space 21380K,  59% used [0x29550000, 0x2a1d6e80, 0x2a1d7000, 0x2aa31000)
 compacting perm gen  total 12288K, used 8500K [0x34000000, 0x34c00000, 0x38000000)
   the space 12288K,  69% used [0x34000000, 0x3484d060, 0x3484d200, 0x34c00000)
    ro space 10240K,  42% used [0x38000000, 0x38434778, 0x38434800, 0x38a00000)
    rw space 12288K,  52% used [0x38a00000, 0x39049a68, 0x39049c00, 0x39600000)
Event: 3.475 GC heap after
Heap after GC invocations=13 (full 2):
 def new generation   total 9792K, used 778K [0x24000000, 0x24a90000, 0x29550000)
  eden space 8768K,   0% used [0x24000000, 0x24000000, 0x24890000)
  from space 1024K,  76% used [0x24990000, 0x24a52a30, 0x24a90000)
  to   space 1024K,   0% used [0x24890000, 0x24890000, 0x24990000)
 tenured generation   total 21380K, used 18423K [0x29550000, 0x2aa31000, 0x34000000)
   the space 21380K,  86% used [0x29550000, 0x2a74dd80, 0x2a74de00, 0x2aa31000)
 compacting perm gen  total 12288K, used 8500K [0x34000000, 0x34c00000, 0x38000000)
   the space 12288K,  69% used [0x34000000, 0x3484d060, 0x3484d200, 0x34c00000)
    ro space 10240K,  42% used [0x38000000, 0x38434778, 0x38434800, 0x38a00000)
    rw space 12288K,  52% used [0x38a00000, 0x39049a68, 0x39049c00, 0x39600000)
}
Event: 3.476 GC heap before
{Heap before GC invocations=13 (full 2):
 def new generation   total 9792K, used 8287K [0x24000000, 0x24a90000, 0x29550000)
  eden space 8768K,  85% used [0x24000000, 0x247554f0, 0x24890000)
  from space 1024K,  76% used [0x24990000, 0x24a52a30, 0x24a90000)
  to   space 1024K,   0% used [0x24890000, 0x24890000, 0x24990000)
 tenured generation   total 21380K, used 18423K [0x29550000, 0x2aa31000, 0x34000000)
   the space 21380K,  86% used [0x29550000, 0x2a74dd80, 0x2a74de00, 0x2aa31000)
 compacting perm gen  total 12288K, used 8500K [0x34000000, 0x34c00000, 0x38000000)
   the space 12288K,  69% used [0x34000000, 0x3484d060, 0x3484d200, 0x34c00000)
    ro space 10240K,  42% used [0x38000000, 0x38434778, 0x38434800, 0x38a00000)
    rw space 12288K,  52% used [0x38a00000, 0x39049a68, 0x39049c00, 0x39600000)
Event: 3.532 GC heap after
Heap after GC invocations=14 (full 3):
 def new generation   total 12288K, used 0K [0x24000000, 0x24d50000, 0x29550000)
  eden space 10944K,   0% used [0x24000000, 0x24000000, 0x24ab0000)
  from space 1344K,   0% used [0x24ab0000, 0x24ab0000, 0x24c00000)
  to   space 1344K,   0% used [0x24c00000, 0x24c00000, 0x24d50000)
 tenured generation   total 27112K, used 16265K [0x29550000, 0x2afca000, 0x34000000)
   the space 27112K,  59% used [0x29550000, 0x2a532738, 0x2a532800, 0x2afca000)
 compacting perm gen  total 12288K, used 8500K [0x34000000, 0x34c00000, 0x38000000)
   the space 12288K,  69% used [0x34000000, 0x3484d060, 0x3484d200, 0x34c00000)
    ro space 10240K,  42% used [0x38000000, 0x38434778, 0x38434800, 0x38a00000)
    rw space 12288K,  52% used [0x38a00000, 0x39049a68, 0x39049c00, 0x39600000)
}
Event: 5.420 GC heap before
{Heap before GC invocations=14 (full 3):
 def new generation   total 12288K, used 10645K [0x24000000, 0x24d50000, 0x29550000)
  eden space 10944K,  97% used [0x24000000, 0x24a65620, 0x24ab0000)
  from space 1344K,   0% used [0x24ab0000, 0x24ab0000, 0x24c00000)
  to   space 1344K,   0% used [0x24c00000, 0x24c00000, 0x24d50000)
 tenured generation   total 27112K, used 16265K [0x29550000, 0x2afca000, 0x34000000)
   the space 27112K,  59% used [0x29550000, 0x2a532738, 0x2a532800, 0x2afca000)
 compacting perm gen  total 12288K, used 8561K [0x34000000, 0x34c00000, 0x38000000)
   the space 12288K,  69% used [0x34000000, 0x3485c570, 0x3485c600, 0x34c00000)
    ro space 10240K,  42% used [0x38000000, 0x38434778, 0x38434800, 0x38a00000)
    rw space 12288K,  52% used [0x38a00000, 0x39049a68, 0x39049c00, 0x39600000)
Event: 5.428 GC heap after
Heap after GC invocations=15 (full 3):
 def new generation   total 12288K, used 1344K [0x24000000, 0x24d50000, 0x29550000)
  eden space 10944K,   0% used [0x24000000, 0x24000000, 0x24ab0000)
  from space 1344K, 100% used [0x24c00000, 0x24d50000, 0x24d50000)
  to   space 1344K,   0% used [0x24ab0000, 0x24ab0000, 0x24c00000)
 tenured generation   total 27112K, used 21530K [0x29550000, 0x2afca000, 0x34000000)
   the space 27112K,  79% used [0x29550000, 0x2aa56b78, 0x2aa56c00, 0x2afca000)
 compacting perm gen  total 12288K, used 8561K [0x34000000, 0x34c00000, 0x38000000)
   the space 12288K,  69% used [0x34000000, 0x3485c570, 0x3485c600, 0x34c00000)
    ro space 10240K,  42% used [0x38000000, 0x38434778, 0x38434800, 0x38a00000)
    rw space 12288K,  52% used [0x38a00000, 0x39049a68, 0x39049c00, 0x39600000)
}
Event: 6.454 GC heap before
{Heap before GC invocations=15 (full 3):
 def new generation   total 12288K, used 12288K [0x24000000, 0x24d50000, 0x29550000)
  eden space 10944K, 100% used [0x24000000, 0x24ab0000, 0x24ab0000)
  from space 1344K, 100% used [0x24c00000, 0x24d50000, 0x24d50000)
  to   space 1344K,   0% used [0x24ab0000, 0x24ab0000, 0x24c00000)
 tenured generation   total 27112K, used 21530K [0x29550000, 0x2afca000, 0x34000000)
   the space 27112K,  79% used [0x29550000, 0x2aa56b78, 0x2aa56c00, 0x2afca000)
 compacting perm gen  total 12288K, used 8561K [0x34000000, 0x34c00000, 0x38000000)
   the space 12288K,  69% used [0x34000000, 0x3485c600, 0x3485c600, 0x34c00000)
    ro space 10240K,  42% used [0x38000000, 0x38434778, 0x38434800, 0x38a00000)
    rw space 12288K,  52% used [0x38a00000, 0x39049a68, 0x39049c00, 0x39600000)
Event: 6.513 GC heap after
Heap after GC invocations=16 (full 4):
 def new generation   total 14528K, used 0K [0x24000000, 0x24fc0000, 0x29550000)
  eden space 12928K,   0% used [0x24000000, 0x24000000, 0x24ca0000)
  from space 1600K,   0% used [0x24ca0000, 0x24ca0000, 0x24e30000)
  to   space 1600K,   0% used [0x24e30000, 0x24e30000, 0x24fc0000)
 tenured generation   total 32048K, used 19226K [0x29550000, 0x2b49c000, 0x34000000)
   the space 32048K,  59% used [0x29550000, 0x2a816a70, 0x2a816c00, 0x2b49c000)
 compacting perm gen  total 12288K, used 8555K [0x34000000, 0x34c00000, 0x38000000)
   the space 12288K,  69% used [0x34000000, 0x3485ada8, 0x3485ae00, 0x34c00000)
    ro space 10240K,  42% used [0x38000000, 0x38434778, 0x38434800, 0x38a00000)
    rw space 12288K,  52% used [0x38a00000, 0x39049a68, 0x39049c00, 0x39600000)
}

Deoptimization events (0 events):
No events

Internal exceptions (10 events):
Event: 5.046 Thread 0x05a4ac00 Threw 0x24932c68 at C:\re\jdk7u60\1081\hotspot\src\share\vm\prims\jvm.cpp:1244
Event: 5.047 Thread 0x05a4ac00 Threw 0x249380f8 at C:\re\jdk7u60\1081\hotspot\src\share\vm\prims\jvm.cpp:1244
Event: 5.048 Thread 0x05a4ac00 Threw 0x2493fe20 at C:\re\jdk7u60\1081\hotspot\src\share\vm\prims\jvm.cpp:1244
Event: 5.217 Thread 0x05942800 Threw 0x249a9698 at C:\re\jdk7u60\1081\hotspot\src\share\vm\prims\jvm.cpp:2917
Event: 5.410 Thread 0x05712400 Threw 0x249b34f0 at C:\re\jdk7u60\1081\hotspot\src\share\vm\prims\jvm.cpp:1244
Event: 5.412 Thread 0x05712400 Threw 0x249b8c30 at C:\re\jdk7u60\1081\hotspot\src\share\vm\prims\jvm.cpp:1244
Event: 5.414 Thread 0x05712400 Threw 0x249de998 at C:\re\jdk7u60\1081\hotspot\src\share\vm\prims\jvm.cpp:1244
Event: 5.416 Thread 0x05712400 Threw 0x249e3bb8 at C:\re\jdk7u60\1081\hotspot\src\share\vm\prims\jvm.cpp:1244
Event: 6.446 Thread 0x05a4b800 Threw 0x249bae70 at C:\re\jdk7u60\1081\hotspot\src\share\vm\prims\jvm.cpp:2917
Event: 8.618 Thread 0x05942800 Threw 0x247ac718 at C:\re\jdk7u60\1081\hotspot\src\share\vm\prims\jvm.cpp:2917

Events (10 events):
Event: 8.576 Executing VM operation: RevokeBias done
Event: 8.577 Executing VM operation: RevokeBias
Event: 8.577 Executing VM operation: RevokeBias done
Event: 8.577 Executing VM operation: RevokeBias
Event: 8.577 Executing VM operation: RevokeBias done
Event: 8.577 Executing VM operation: RevokeBias
Event: 8.577 Executing VM operation: RevokeBias done
Event: 8.577 Thread 0x08a52000 Thread exited: 0x08a52000
Event: 8.621 Thread 0x08a53000 Thread exited: 0x08a53000
Event: 8.621 Executing VM operation: Exit


Dynamic libraries:
0x00a70000 - 0x00a9f000 	C:\Program Files (x86)\Java\jre7\bin\javaw.exe
0x76fe0000 - 0x77137000 	C:\Windows\SYSTEM32\ntdll.dll
0x74690000 - 0x747c0000 	C:\Windows\SYSTEM32\KERNEL32.DLL
0x76a80000 - 0x76b27000 	C:\Windows\SYSTEM32\KERNELBASE.dll
0x747c0000 - 0x7486e000 	C:\Windows\SYSTEM32\ADVAPI32.dll
0x764f0000 - 0x76606000 	C:\Windows\SYSTEM32\USER32.dll
0x73130000 - 0x73328000 	C:\Windows\WinSxS\x86_microsoft.windows.common-controls_6595b64144ccf1df_6.0.9200.16579_none_8937eec6860750f5\COMCTL32.dll
0x76000000 - 0x760b1000 	C:\Windows\SYSTEM32\msvcrt.dll
0x74870000 - 0x748a4000 	C:\Windows\SYSTEM32\sechost.dll
0x760c0000 - 0x7616c000 	C:\Windows\SYSTEM32\RPCRT4.dll
0x748b0000 - 0x749ad000 	C:\Windows\SYSTEM32\GDI32.dll
0x745d0000 - 0x745ed000 	C:\Windows\SYSTEM32\SspiCli.dll
0x745c0000 - 0x745c9000 	C:\Windows\SYSTEM32\CRYPTBASE.dll
0x74560000 - 0x745b1000 	C:\Windows\SYSTEM32\bcryptPrimitives.dll
0x762e0000 - 0x76300000 	C:\Windows\system32\IMM32.DLL
0x76680000 - 0x7675e000 	C:\Windows\SYSTEM32\MSCTF.dll
0x58eb0000 - 0x58f6f000 	C:\Program Files (x86)\Java\jre7\bin\msvcr100.dll
0x6f250000 - 0x6f5d8000 	C:\Program Files (x86)\Java\jre7\bin\client\jvm.dll
0x71c10000 - 0x71c18000 	C:\Windows\SYSTEM32\WSOCK32.dll
0x71fb0000 - 0x71fd1000 	C:\Windows\SYSTEM32\WINMM.dll
0x76300000 - 0x76306000 	C:\Windows\SYSTEM32\PSAPI.DLL
0x75f80000 - 0x75fd0000 	C:\Windows\SYSTEM32\WS2_32.dll
0x71c70000 - 0x71c9b000 	C:\Windows\SYSTEM32\WINMMBASE.dll
0x75ff0000 - 0x75ff8000 	C:\Windows\SYSTEM32\NSI.dll
0x76b30000 - 0x76b76000 	C:\Windows\SYSTEM32\cfgmgr32.dll
0x75f00000 - 0x75f1e000 	C:\Windows\SYSTEM32\DEVOBJ.dll
0x720a0000 - 0x720ac000 	C:\Program Files (x86)\Java\jre7\bin\verify.dll
0x71910000 - 0x71930000 	C:\Program Files (x86)\Java\jre7\bin\java.dll
0x718d0000 - 0x718e3000 	C:\Program Files (x86)\Java\jre7\bin\zip.dll
0x58d60000 - 0x58ea3000 	C:\Program Files (x86)\Java\jre7\bin\awt.dll
0x76c00000 - 0x76c8b000 	C:\Windows\SYSTEM32\OLEAUT32.dll
0x76de0000 - 0x76f16000 	C:\Windows\SYSTEM32\combase.dll
0x72dd0000 - 0x72e77000 	C:\Windows\system32\apphelp.dll
0x71a40000 - 0x71a59000 	C:\Windows\system32\DWMAPI.DLL
0x726b0000 - 0x72738000 	C:\Windows\system32\uxtheme.dll
0x76760000 - 0x76879000 	C:\Windows\SYSTEM32\ole32.dll
0x74da0000 - 0x75e66000 	C:\Windows\SYSTEM32\SHELL32.dll
0x75f40000 - 0x75f80000 	C:\Windows\SYSTEM32\SHLWAPI.dll
0x73330000 - 0x733a3000 	C:\Windows\SYSTEM32\shcore.dll
0x5e160000 - 0x5e199000 	C:\Program Files (x86)\Java\jre7\bin\fontmanager.dll
0x718b0000 - 0x718c4000 	C:\Program Files (x86)\Java\jre7\bin\net.dll
0x72e80000 - 0x72eca000 	C:\Windows\system32\mswsock.dll
0x718a0000 - 0x718af000 	C:\Program Files (x86)\Java\jre7\bin\nio.dll
0x5e130000 - 0x5e160000 	C:\Program Files (x86)\Java\jre7\bin\t2k.dll
0x76b80000 - 0x76bf4000 	C:\Windows\SYSTEM32\clbcatq.dll
0x6a8a0000 - 0x6a9eb000 	C:\Windows\SYSTEM32\WindowsCodecs.dll
0x76dc0000 - 0x76dd1000 	C:\Windows\SYSTEM32\profapi.dll
0x5e100000 - 0x5e124000 	C:\Program Files (x86)\Java\jre7\bin\dcpr.dll
0x5da50000 - 0x5dabd000 	C:\binaries\terrajava.dll
0x58c70000 - 0x58d57000 	C:\binaries\terramanager-funcate.dll
0x564b0000 - 0x56d56000 	C:\binaries\terralib.dll
0x64af0000 - 0x64b59000 	C:\Windows\SYSTEM32\MSVCP100.dll
0x6d880000 - 0x6db4c000 	C:\binaries\bgd.dll
0x5da30000 - 0x5da4b000 	C:\binaries\terraogc_xml.dll
0x5a810000 - 0x5a82d000 	C:\binaries\terraogc_sld.dll
0x58c40000 - 0x58c66000 	C:\binaries\terraogc_se.dll
0x57250000 - 0x57286000 	C:\binaries\terraogc_filter.dll
0x571f0000 - 0x57242000 	C:\binaries\terraogc_ows.dll
0x571d0000 - 0x571e9000 	C:\binaries\terraogc_common.dll
0x5e0f0000 - 0x5e0fb000 	C:\binaries\terralib_shp.dll
0x5a800000 - 0x5a80e000 	C:\binaries\terralib_spl.dll
0x060e0000 - 0x064d6000 	C:\binaries\qt-mt338.dll
0x613d0000 - 0x6149e000 	C:\Windows\SYSTEM32\OPENGL32.dll
0x613a0000 - 0x613c3000 	C:\Windows\SYSTEM32\GLU32.dll
0x57150000 - 0x571cf000 	C:\binaries\qwt500.dll
0x0fd80000 - 0x11d7f000 	C:\binaries\berkelium.dll
0x064e0000 - 0x06621000 	C:\binaries\LIBMYSQL.dll
0x63100000 - 0x63121000 	C:\binaries\LIBPQ.dll
0x06630000 - 0x06691000 	C:\binaries\OCI.dll
0x570c0000 - 0x5714a000 	C:\binaries\libtiff.dll
0x50f10000 - 0x516e2000 	C:\binaries\gdal110.dll
0x12000000 - 0x121dc000 	C:\binaries\xerces-c_3_1.dll
0x57060000 - 0x570b5000 	C:\binaries\terraogc_wms.dll
0x57000000 - 0x57053000 	C:\binaries\terraogc_gml.dll
0x56460000 - 0x564a1000 	C:\binaries\terraogc_xsd.dll
0x56fe0000 - 0x57000000 	C:\binaries\terraogc_xacml.dll
0x71f30000 - 0x71f90000 	C:\Windows\SYSTEM32\WINSPOOL.DRV
0x7c340000 - 0x7c396000 	C:\Windows\SYSTEM32\MSVCR71.dll
0x608a0000 - 0x60979000 	C:\Windows\SYSTEM32\DDRAW.dll
0x727a0000 - 0x727a9000 	C:\Windows\SYSTEM32\Secur32.dll
0x75f20000 - 0x75f3b000 	C:\Windows\SYSTEM32\USERENV.dll
0x71520000 - 0x71570000 	C:\Windows\SYSTEM32\OLEACC.dll
0x54200000 - 0x54276000 	C:\Windows\SYSTEM32\RICHED20.dll
0x72ee0000 - 0x72ee8000 	C:\Windows\SYSTEM32\VERSION.dll
0x720b0000 - 0x720c4000 	C:\Windows\SYSTEM32\USP10.dll
0x72c50000 - 0x72cc5000 	C:\Windows\SYSTEM32\DNSAPI.dll
0x06740000 - 0x067ea000 	C:\Windows\libeay32.dll
0x067f0000 - 0x067fd000 	C:\binaries\libintl-2.dll
0x72ed0000 - 0x72ed6000 	C:\Windows\SYSTEM32\SHFOLDER.DLL
0x06800000 - 0x06826000 	C:\Windows\ssleay32.dll
0x06830000 - 0x06856000 	C:\binaries\libexpat.dll
0x60770000 - 0x60811000 	C:\Windows\SYSTEM32\ODBC32.dll
0x60760000 - 0x60767000 	C:\Windows\SYSTEM32\DCIMAN32.dll
0x663b0000 - 0x663db000 	C:\Windows\SYSTEM32\msls31.dll
0x068b0000 - 0x0698b000 	C:\binaries\libiconv-2.dll
0x6f600000 - 0x6f61d000 	C:\Windows\SYSTEM32\gpapi.dll
0x74530000 - 0x74556000 	C:\Windows\SYSTEM32\ntmarta.dll
0x49e00000 - 0x4a6a8000 	C:\binaries\icudt46.dll
0x53850000 - 0x53979000 	C:\Windows\SYSTEM32\dbghelp.dll
0x72040000 - 0x72050000 	C:\Windows\system32\napinsp.dll
0x72020000 - 0x72034000 	C:\Windows\system32\pnrpnsp.dll
0x72010000 - 0x72020000 	C:\Windows\system32\NLAapi.dll
0x72000000 - 0x72009000 	C:\Windows\System32\winrnr.dll
0x71ac0000 - 0x71ad0000 	C:\Windows\system32\wshbth.dll
0x726a0000 - 0x726a7000 	C:\Windows\System32\rasadhlp.dll
0x71c30000 - 0x71c6f000 	C:\Windows\System32\fwpuclnt.dll
0x72cd0000 - 0x72cf0000 	C:\Windows\SYSTEM32\IPHLPAPI.DLL
0x72c40000 - 0x72c48000 	C:\Windows\SYSTEM32\WINNSI.DLL
0x730d0000 - 0x730ea000 	C:\Windows\SYSTEM32\CRYPTSP.dll
0x73090000 - 0x730ce000 	C:\Windows\system32\rsaenh.dll
0x72c30000 - 0x72c40000 	C:\Windows\SYSTEM32\dhcpcsvc6.DLL
0x72c10000 - 0x72c22000 	C:\Windows\SYSTEM32\dhcpcsvc.DLL
0x56430000 - 0x56455000 	C:\Program Files (x86)\Java\jre7\bin\jpeg.dll

VM Arguments:
jvm_args: -Dfile.encoding=ISO-8859-1 
java_command: com.nexusbr.gv.main.ConnectDBMain
Launcher Type: SUN_STANDARD

Environment Variables:
JAVA_HOME=C:\Program Files (x86)\Java\jre7
PATH=C:/Program Files (x86)/Java/jre7/bin/client;C:/Program Files (x86)/Java/jre7/bin;C:/Program Files (x86)/Java/jre7/lib/i386;C:\Program Files (x86)\PHP\;c:\Program Files (x86)\Intel\iCLS Client\;c:\Program Files\Intel\iCLS Client\;C:\Windows\system32;C:\Windows;C:\Windows\System32\Wbem;C:\Windows\System32\WindowsPowerShell\v1.0\;C:\Program Files\Intel\Intel(R) Management Engine Components\DAL;C:\Program Files\Intel\Intel(R) Management Engine Components\IPT;C:\Program Files (x86)\Intel\Intel(R) Management Engine Components\DAL;C:\Program Files (x86)\Intel\Intel(R) Management Engine Components\IPT;C:\Program Files (x86)\Intel\OpenCL SDK\3.0\bin\x86;C:\Program Files (x86)\Intel\OpenCL SDK\3.0\bin\x64;C:\Program Files (x86)\Windows Live\Shared;C:\binaries;c:\Program Files (x86)\Microsoft SQL Server\100\Tools\Binn\;c:\Program Files\Microsoft SQL Server\100\Tools\Binn\;c:\Program Files\Microsoft SQL Server\100\DTS\Binn\;C:\strawberry\c\bin;C:\strawberry\perl\site\bin;C:\strawberry\perl\bin;C:\Program Files (x86)\Microsoft SQL Server\110\Tools\Binn\ManagementStudio\;C:\Program Files (x86)\Microsoft SQL Server\110\Tools\Binn\;C:\Program Files\Microsoft SQL Server\110\Tools\Binn\;C:\Program Files (x86)\Microsoft SQL Server\110\DTS\Binn\;C:\Program Files\TortoiseSVN\bin;C:\Python34;C:\Program Files (x86)\Java\jre7\bin;C:\eclipse;
USERNAME=inacio
OS=Windows_NT
PROCESSOR_IDENTIFIER=Intel64 Family 6 Model 69 Stepping 1, GenuineIntel



---------------  S Y S T E M  ---------------

OS: Windows 8 , 64 bit Build 9200 

CPU:total 4 (2 cores per cpu, 2 threads per core) family 6 model 69 stepping 1, cmov, cx8, fxsr, mmx, sse, sse2, sse3, ssse3, sse4.1, sse4.2, popcnt, avx, avx2, aes, erms, ht, tsc, tscinvbit

Memory: 4k page, physical 8290700k(4644380k free), swap 9535884k(5318428k free)

vm_info: Java HotSpot(TM) Client VM (24.60-b09) for windows-x86 JRE (1.7.0_60-b19), built on May  7 2014 13:09:52 by "java_re" with unknown MS VC++:1600

time: Wed Jul 02 16:16:07 2014
elapsed time: 8 seconds

