#
# A fatal error has been detected by the Java Runtime Environment:
#
#  EXCEPTION_ACCESS_VIOLATION (0xc0000005) at pc=0x0fcd9052, pid=5884, tid=7188
#
# JRE version: Java(TM) SE Runtime Environment (7.0_60-b19) (build 1.7.0_60-b19)
# Java VM: Java HotSpot(TM) Client VM (24.60-b09 mixed mode, sharing windows-x86 )
# Problematic frame:
# C  [berkelium.dll+0xa39052]
#
# Failed to write core dump. Minidumps are not enabled by default on client versions of Windows
#
# If you would like to submit a bug report, please visit:
#   http://bugreport.sun.com/bugreport/crash.jsp
#

---------------  T H R E A D  ---------------

Current thread (0x01ebfc00):  VMThread [stack: 0x04070000,0x040c0000] [id=7188]

siginfo: ExceptionCode=0xc0000005, reading address 0x000000f8

Registers:
EAX=0x040beeb4, EBX=0x000493e0, ECX=0x040beeb4, EDX=0x20e61208
ESP=0x040beea4, EBP=0x00000066, ESI=0x00000000, EDI=0x32c7b508
EIP=0x0fcd9052, EFLAGS=0x00010206

Top of Stack: (sp=0x040beea4)
0x040beea4:   06a33168 06a33168 0698ab00 00000000
0x040beeb4:   20e61208 00000066 06a23a20 06a2c900
0x040beec4:   00000000 00000000 00000000 74616401
0x040beed4:   69642d61 06ce0072 00000023 0000002f
0x040beee4:   00000000 069b7070 002e5bd2 06a33000
0x040beef4:   0698ab44 ffffff00 0f30bf20 10e29778
0x040bef04:   06500030 00000000 0000000f 10e2a730
0x040bef14:   00000001 0f309783 00000008 00000001 

Instructions: (pc=0x0fcd9052)
0x0fcd9032:   03 00 00 57 53 e8 f4 c8 60 ff 8b ea 8d 54 24 10
0x0fcd9042:   52 8b f8 e8 26 ca 00 00 83 c4 04 03 38 13 68 04
0x0fcd9052:   8b 86 f8 00 00 00 0b 86 fc 00 00 00 89 7c 24 20
0x0fcd9062:   89 6c 24 24 75 3e 39 84 24 d4 00 00 00 7f 35 7c 


Register to memory mapping:

EAX=
[error occurred during error reporting (printing register info), id 0xc0000005]

Stack: [0x04070000,0x040c0000],  sp=0x040beea4,  free space=315k
Native frames: (J=compiled Java code, j=interpreted, Vv=VM code, C=native code)
C  [berkelium.dll+0xa39052]

VM_Operation (0x0560e4e0): Exit, mode: safepoint, requested by thread 0x05182400


---------------  P R O C E S S  ---------------

Java Threads: ( => current thread )
  0x084c0c00 JavaThread "Image Fetcher 3" daemon [_thread_blocked, id=6372, stack(0x09df0000,0x09e40000)]
  0x054a8800 JavaThread "Image Fetcher 2" daemon [_thread_blocked, id=1968, stack(0x09580000,0x095d0000)]
  0x054a9000 JavaThread "WeakCollectionCleaner" daemon [_thread_blocked, id=8460, stack(0x09460000,0x094b0000)]
  0x054c1000 JavaThread "TimerQueue" daemon [_thread_blocked, id=8692, stack(0x07410000,0x07460000)]
  0x003be000 JavaThread "DestroyJavaVM" [_thread_blocked, id=1732, stack(0x008b0000,0x00900000)]
  0x05182400 JavaThread "AWT-EventQueue-0" [_thread_blocked, id=8620, stack(0x055c0000,0x05610000)]
  0x04682000 JavaThread "AWT-Shutdown" [_thread_blocked, id=3572, stack(0x04c90000,0x04ce0000)]
  0x04680c00 JavaThread "Java2D Disposer" daemon [_thread_blocked, id=6304, stack(0x04c00000,0x04c50000)]
  0x01f3ac00 JavaThread "Service Thread" daemon [_thread_blocked, id=7916, stack(0x043d0000,0x04420000)]
  0x01f34400 JavaThread "C1 CompilerThread0" daemon [_thread_blocked, id=1300, stack(0x04340000,0x04390000)]
  0x01f32800 JavaThread "Attach Listener" daemon [_thread_blocked, id=6160, stack(0x042b0000,0x04300000)]
  0x01f31800 JavaThread "Signal Dispatcher" daemon [_thread_blocked, id=4584, stack(0x04220000,0x04270000)]
  0x01ec2800 JavaThread "Finalizer" daemon [_thread_blocked, id=7928, stack(0x04190000,0x041e0000)]
  0x01ec1000 JavaThread "Reference Handler" daemon [_thread_blocked, id=6336, stack(0x04100000,0x04150000)]

Other Threads:
=>0x01ebfc00 VMThread [stack: 0x04070000,0x040c0000] [id=7188]

VM state:at safepoint (shutting down)

VM Mutex/Monitor currently owned by a thread:  ([mutex/lock_event])
[0x003bc608] Threads_lock - owner thread: 0x01ebfc00

Heap
 def new generation   total 15552K, used 3000K [0x24000000, 0x250e0000, 0x29550000)
  eden space 13824K,   9% used [0x24000000, 0x2413e168, 0x24d80000)
  from space 1728K, 100% used [0x24f30000, 0x250e0000, 0x250e0000)
  to   space 1728K,   0% used [0x24d80000, 0x24d80000, 0x24f30000)
 tenured generation   total 34280K, used 23758K [0x29550000, 0x2b6ca000, 0x34000000)
   the space 34280K,  69% used [0x29550000, 0x2ac83af0, 0x2ac83c00, 0x2b6ca000)
 compacting perm gen  total 12288K, used 9488K [0x34000000, 0x34c00000, 0x38000000)
   the space 12288K,  77% used [0x34000000, 0x34944228, 0x34944400, 0x34c00000)
    ro space 10240K,  42% used [0x38000000, 0x38434778, 0x38434800, 0x38a00000)
    rw space 12288K,  52% used [0x38a00000, 0x39049a68, 0x39049c00, 0x39600000)

Card table byte_map: [0x009a0000,0x00a50000] byte_map_base: 0x00880000

Polling page: 0x00390000

Code Cache  [0x01fa0000, 0x02198000, 0x03fa0000)
 total_blobs=1212 nmethods=924 adapters=224 free_code_cache=30771Kb largest_free_block=31509568

Compilation events (10 events):
Event: 16.157 Thread 0x01f34400  929             sun.awt.AWTAccessor::getComponentAccessor (19 bytes)
Event: 16.158 Thread 0x01f34400 nmethod 929 0x021922c8 code [0x021923d0, 0x0219246c]
Event: 16.222 Thread 0x01f34400  930             java.awt.GraphicsEnvironment::isHeadless (4 bytes)
Event: 16.223 Thread 0x01f34400 nmethod 930 0x021924c8 code [0x021925d0, 0x021926ac]
Event: 16.223 Thread 0x01f34400  931             java.awt.GraphicsEnvironment::getHeadlessProperty (24 bytes)
Event: 16.223 Thread 0x01f34400 nmethod 931 0x02192748 code [0x02192850, 0x0219292c]
Event: 16.262 Thread 0x01f34400  932             java.awt.Component::getCursor_NoClientCode (30 bytes)
Event: 16.263 Thread 0x01f34400 nmethod 932 0x021929c8 code [0x02192af0, 0x02192c24]
Event: 16.453 Thread 0x01f34400  933   !         sun.awt.SunToolkit::flushPendingEvents (73 bytes)
Event: 16.454 Thread 0x01f34400 nmethod 933 0x02192d48 code [0x02192ea0, 0x0219308c]

GC Heap History (10 events):
Event: 3.589 GC heap before
{Heap before GC invocations=12 (full 2):
 def new generation   total 9728K, used 7553K [0x24000000, 0x24a80000, 0x29550000)
  eden space 8704K,  86% used [0x24000000, 0x2475fcd8, 0x24880000)
  from space 1024K,   0% used [0x24880000, 0x24880ac8, 0x24980000)
  to   space 1024K,   0% used [0x24980000, 0x24980000, 0x24a80000)
 tenured generation   total 21368K, used 18864K [0x29550000, 0x2aa2e000, 0x34000000)
   the space 21368K,  88% used [0x29550000, 0x2a7bc000, 0x2a7bc000, 0x2aa2e000)
 compacting perm gen  total 12288K, used 8500K [0x34000000, 0x34c00000, 0x38000000)
   the space 12288K,  69% used [0x34000000, 0x3484d070, 0x3484d200, 0x34c00000)
    ro space 10240K,  42% used [0x38000000, 0x38434778, 0x38434800, 0x38a00000)
    rw space 12288K,  52% used [0x38a00000, 0x39049a68, 0x39049c00, 0x39600000)
Event: 3.644 GC heap after
Heap after GC invocations=13 (full 3):
 def new generation   total 11776K, used 0K [0x24000000, 0x24cc0000, 0x29550000)
  eden space 10496K,   0% used [0x24000000, 0x24000000, 0x24a40000)
  from space 1280K,   0% used [0x24a40000, 0x24a40000, 0x24b80000)
  to   space 1280K,   0% used [0x24b80000, 0x24b80000, 0x24cc0000)
 tenured generation   total 25932K, used 15559K [0x29550000, 0x2aea3000, 0x34000000)
   the space 25932K,  59% used [0x29550000, 0x2a481c30, 0x2a481e00, 0x2aea3000)
 compacting perm gen  total 12288K, used 8500K [0x34000000, 0x34c00000, 0x38000000)
   the space 12288K,  69% used [0x34000000, 0x3484d070, 0x3484d200, 0x34c00000)
    ro space 10240K,  42% used [0x38000000, 0x38434778, 0x38434800, 0x38a00000)
    rw space 12288K,  52% used [0x38a00000, 0x39049a68, 0x39049c00, 0x39600000)
}
Event: 4.213 GC heap before
{Heap before GC invocations=13 (full 3):
 def new generation   total 11776K, used 10496K [0x24000000, 0x24cc0000, 0x29550000)
  eden space 10496K, 100% used [0x24000000, 0x24a40000, 0x24a40000)
  from space 1280K,   0% used [0x24a40000, 0x24a40000, 0x24b80000)
  to   space 1280K,   0% used [0x24b80000, 0x24b80000, 0x24cc0000)
 tenured generation   total 25932K, used 15559K [0x29550000, 0x2aea3000, 0x34000000)
   the space 25932K,  59% used [0x29550000, 0x2a481c30, 0x2a481e00, 0x2aea3000)
 compacting perm gen  total 12288K, used 8524K [0x34000000, 0x34c00000, 0x38000000)
   the space 12288K,  69% used [0x34000000, 0x34853368, 0x34853400, 0x34c00000)
    ro space 10240K,  42% used [0x38000000, 0x38434778, 0x38434800, 0x38a00000)
    rw space 12288K,  52% used [0x38a00000, 0x39049a68, 0x39049c00, 0x39600000)
Event: 4.218 GC heap after
Heap after GC invocations=14 (full 3):
 def new generation   total 11776K, used 1280K [0x24000000, 0x24cc0000, 0x29550000)
  eden space 10496K,   0% used [0x24000000, 0x24000000, 0x24a40000)
  from space 1280K, 100% used [0x24b80000, 0x24cc0000, 0x24cc0000)
  to   space 1280K,   0% used [0x24a40000, 0x24a40000, 0x24b80000)
 tenured generation   total 25932K, used 22043K [0x29550000, 0x2aea3000, 0x34000000)
   the space 25932K,  85% used [0x29550000, 0x2aad6e30, 0x2aad7000, 0x2aea3000)
 compacting perm gen  total 12288K, used 8524K [0x34000000, 0x34c00000, 0x38000000)
   the space 12288K,  69% used [0x34000000, 0x34853368, 0x34853400, 0x34c00000)
    ro space 10240K,  42% used [0x38000000, 0x38434778, 0x38434800, 0x38a00000)
    rw space 12288K,  52% used [0x38a00000, 0x39049a68, 0x39049c00, 0x39600000)
}
Event: 11.257 GC heap before
{Heap before GC invocations=14 (full 3):
 def new generation   total 11776K, used 9917K [0x24000000, 0x24cc0000, 0x29550000)
  eden space 10496K,  82% used [0x24000000, 0x2486f7f8, 0x24a40000)
  from space 1280K, 100% used [0x24b80000, 0x24cc0000, 0x24cc0000)
  to   space 1280K,   0% used [0x24a40000, 0x24a40000, 0x24b80000)
 tenured generation   total 25932K, used 22043K [0x29550000, 0x2aea3000, 0x34000000)
   the space 25932K,  85% used [0x29550000, 0x2aad6e30, 0x2aad7000, 0x2aea3000)
 compacting perm gen  total 12288K, used 9257K [0x34000000, 0x34c00000, 0x38000000)
   the space 12288K,  75% used [0x34000000, 0x3490a538, 0x3490a600, 0x34c00000)
    ro space 10240K,  42% used [0x38000000, 0x38434778, 0x38434800, 0x38a00000)
    rw space 12288K,  52% used [0x38a00000, 0x39049a68, 0x39049c00, 0x39600000)
Event: 11.262 GC heap after
Heap after GC invocations=15 (full 3):
 def new generation   total 11776K, used 1280K [0x24000000, 0x24cc0000, 0x29550000)
  eden space 10496K,   0% used [0x24000000, 0x24000000, 0x24a40000)
  from space 1280K, 100% used [0x24a40000, 0x24b80000, 0x24b80000)
  to   space 1280K,   0% used [0x24b80000, 0x24b80000, 0x24cc0000)
 tenured generation   total 25932K, used 24409K [0x29550000, 0x2aea3000, 0x34000000)
   the space 25932K,  94% used [0x29550000, 0x2ad26648, 0x2ad26800, 0x2aea3000)
 compacting perm gen  total 12288K, used 9257K [0x34000000, 0x34c00000, 0x38000000)
   the space 12288K,  75% used [0x34000000, 0x3490a538, 0x3490a600, 0x34c00000)
    ro space 10240K,  42% used [0x38000000, 0x38434778, 0x38434800, 0x38a00000)
    rw space 12288K,  52% used [0x38a00000, 0x39049a68, 0x39049c00, 0x39600000)
}
Event: 11.362 GC heap before
{Heap before GC invocations=15 (full 3):
 def new generation   total 11776K, used 11776K [0x24000000, 0x24cc0000, 0x29550000)
  eden space 10496K, 100% used [0x24000000, 0x24a40000, 0x24a40000)
  from space 1280K, 100% used [0x24a40000, 0x24b80000, 0x24b80000)
  to   space 1280K,   0% used [0x24b80000, 0x24b80000, 0x24cc0000)
 tenured generation   total 25932K, used 24409K [0x29550000, 0x2aea3000, 0x34000000)
   the space 25932K,  94% used [0x29550000, 0x2ad26648, 0x2ad26800, 0x2aea3000)
 compacting perm gen  total 12288K, used 9257K [0x34000000, 0x34c00000, 0x38000000)
   the space 12288K,  75% used [0x34000000, 0x3490a5e8, 0x3490a600, 0x34c00000)
    ro space 10240K,  42% used [0x38000000, 0x38434778, 0x38434800, 0x38a00000)
    rw space 12288K,  52% used [0x38a00000, 0x39049a68, 0x39049c00, 0x39600000)
Event: 11.434 GC heap after
Heap after GC invocations=16 (full 4):
 def new generation   total 15552K, used 0K [0x24000000, 0x250e0000, 0x29550000)
  eden space 13824K,   0% used [0x24000000, 0x24000000, 0x24d80000)
  from space 1728K,   0% used [0x24d80000, 0x24d80000, 0x24f30000)
  to   space 1728K,   0% used [0x24f30000, 0x24f30000, 0x250e0000)
 tenured generation   total 34280K, used 20566K [0x29550000, 0x2b6ca000, 0x34000000)
   the space 34280K,  59% used [0x29550000, 0x2a965a10, 0x2a965c00, 0x2b6ca000)
 compacting perm gen  total 12288K, used 9250K [0x34000000, 0x34c00000, 0x38000000)
   the space 12288K,  75% used [0x34000000, 0x34908b30, 0x34908c00, 0x34c00000)
    ro space 10240K,  42% used [0x38000000, 0x38434778, 0x38434800, 0x38a00000)
    rw space 12288K,  52% used [0x38a00000, 0x39049a68, 0x39049c00, 0x39600000)
}
Event: 13.297 GC heap before
{Heap before GC invocations=16 (full 4):
 def new generation   total 15552K, used 13824K [0x24000000, 0x250e0000, 0x29550000)
  eden space 13824K, 100% used [0x24000000, 0x24d80000, 0x24d80000)
  from space 1728K,   0% used [0x24d80000, 0x24d80000, 0x24f30000)
  to   space 1728K,   0% used [0x24f30000, 0x24f30000, 0x250e0000)
 tenured generation   total 34280K, used 20566K [0x29550000, 0x2b6ca000, 0x34000000)
   the space 34280K,  59% used [0x29550000, 0x2a965a10, 0x2a965c00, 0x2b6ca000)
 compacting perm gen  total 12288K, used 9484K [0x34000000, 0x34c00000, 0x38000000)
   the space 12288K,  77% used [0x34000000, 0x349433a8, 0x34943400, 0x34c00000)
    ro space 10240K,  42% used [0x38000000, 0x38434778, 0x38434800, 0x38a00000)
    rw space 12288K,  52% used [0x38a00000, 0x39049a68, 0x39049c00, 0x39600000)
Event: 13.300 GC heap after
Heap after GC invocations=17 (full 4):
 def new generation   total 15552K, used 1728K [0x24000000, 0x250e0000, 0x29550000)
  eden space 13824K,   0% used [0x24000000, 0x24000000, 0x24d80000)
  from space 1728K, 100% used [0x24f30000, 0x250e0000, 0x250e0000)
  to   space 1728K,   0% used [0x24d80000, 0x24d80000, 0x24f30000)
 tenured generation   total 34280K, used 23758K [0x29550000, 0x2b6ca000, 0x34000000)
   the space 34280K,  69% used [0x29550000, 0x2ac83af0, 0x2ac83c00, 0x2b6ca000)
 compacting perm gen  total 12288K, used 9484K [0x34000000, 0x34c00000, 0x38000000)
   the space 12288K,  77% used [0x34000000, 0x349433a8, 0x34943400, 0x34c00000)
    ro space 10240K,  42% used [0x38000000, 0x38434778, 0x38434800, 0x38a00000)
    rw space 12288K,  52% used [0x38a00000, 0x39049a68, 0x39049c00, 0x39600000)
}

Deoptimization events (0 events):
No events

Internal exceptions (10 events):
Event: 11.525 Thread 0x0554f800 Threw 0x2432b0b0 at C:\re\jdk7u60\1081\hotspot\src\share\vm\prims\jvm.cpp:1244
Event: 11.525 Thread 0x0554f800 Threw 0x243308c8 at C:\re\jdk7u60\1081\hotspot\src\share\vm\prims\jvm.cpp:1244
Event: 11.525 Thread 0x0554f800 Threw 0x24337068 at C:\re\jdk7u60\1081\hotspot\src\share\vm\prims\jvm.cpp:1244
Event: 11.526 Thread 0x0554f800 Threw 0x2433d400 at C:\re\jdk7u60\1081\hotspot\src\share\vm\prims\jvm.cpp:1244
Event: 11.526 Thread 0x0554f800 Threw 0x24341738 at C:\re\jdk7u60\1081\hotspot\src\share\vm\prims\jvm.cpp:1244
Event: 11.527 Thread 0x0554f800 Threw 0x24346e40 at C:\re\jdk7u60\1081\hotspot\src\share\vm\prims\jvm.cpp:1244
Event: 11.528 Thread 0x0554f800 Threw 0x2434a818 at C:\re\jdk7u60\1081\hotspot\src\share\vm\prims\jvm.cpp:1244
Event: 11.529 Thread 0x0554f800 Threw 0x24355f90 at C:\re\jdk7u60\1081\hotspot\src\share\vm\prims\jvm.cpp:1244
Event: 11.530 Thread 0x0554f800 Threw 0x24359508 at C:\re\jdk7u60\1081\hotspot\src\share\vm\interpreter\linkResolver.cpp:883
Event: 13.465 Thread 0x054a8800 Threw 0x24020808 at C:\re\jdk7u60\1081\hotspot\src\share\vm\prims\jvm.cpp:2917

Events (10 events):
Event: 17.342 Thread 0x084c2000 Thread exited: 0x084c2000
Event: 17.342 loading class 0x39670c20
Event: 17.342 Thread 0x084c2400 Thread exited: 0x084c2400
Event: 17.342 loading class 0x39670bc8
Event: 17.342 loading class 0x39670bc8 done
Event: 17.342 loading class 0x39670c20 done
Event: 17.342 Thread 0x084c3000 Thread exited: 0x084c3000
Event: 17.348 Thread 0x04682c00 Thread exited: 0x04682c00
Event: 17.443 Thread 0x084c0400 Thread exited: 0x084c0400
Event: 17.443 Executing VM operation: Exit


Dynamic libraries:
0x00a70000 - 0x00a9f000 	C:\Program Files (x86)\Java\jre7\bin\javaw.exe
0x76fe0000 - 0x77137000 	C:\Windows\SYSTEM32\ntdll.dll
0x74690000 - 0x747c0000 	C:\Windows\SYSTEM32\KERNEL32.DLL
0x76a80000 - 0x76b27000 	C:\Windows\SYSTEM32\KERNELBASE.dll
0x747c0000 - 0x7486e000 	C:\Windows\SYSTEM32\ADVAPI32.dll
0x764f0000 - 0x76606000 	C:\Windows\SYSTEM32\USER32.dll
0x73130000 - 0x73328000 	C:\Windows\WinSxS\x86_microsoft.windows.common-controls_6595b64144ccf1df_6.0.9200.16579_none_8937eec6860750f5\COMCTL32.dll
0x76000000 - 0x760b1000 	C:\Windows\SYSTEM32\msvcrt.dll
0x74870000 - 0x748a4000 	C:\Windows\SYSTEM32\sechost.dll
0x760c0000 - 0x7616c000 	C:\Windows\SYSTEM32\RPCRT4.dll
0x748b0000 - 0x749ad000 	C:\Windows\SYSTEM32\GDI32.dll
0x745d0000 - 0x745ed000 	C:\Windows\SYSTEM32\SspiCli.dll
0x745c0000 - 0x745c9000 	C:\Windows\SYSTEM32\CRYPTBASE.dll
0x74560000 - 0x745b1000 	C:\Windows\SYSTEM32\bcryptPrimitives.dll
0x762e0000 - 0x76300000 	C:\Windows\system32\IMM32.DLL
0x76680000 - 0x7675e000 	C:\Windows\SYSTEM32\MSCTF.dll
0x5f9e0000 - 0x5fa9f000 	C:\Program Files (x86)\Java\jre7\bin\msvcr100.dll
0x6f250000 - 0x6f5d8000 	C:\Program Files (x86)\Java\jre7\bin\client\jvm.dll
0x71c10000 - 0x71c18000 	C:\Windows\SYSTEM32\WSOCK32.dll
0x71fb0000 - 0x71fd1000 	C:\Windows\SYSTEM32\WINMM.dll
0x76300000 - 0x76306000 	C:\Windows\SYSTEM32\PSAPI.DLL
0x75f80000 - 0x75fd0000 	C:\Windows\SYSTEM32\WS2_32.dll
0x71c70000 - 0x71c9b000 	C:\Windows\SYSTEM32\WINMMBASE.dll
0x75ff0000 - 0x75ff8000 	C:\Windows\SYSTEM32\NSI.dll
0x76b30000 - 0x76b76000 	C:\Windows\SYSTEM32\cfgmgr32.dll
0x75f00000 - 0x75f1e000 	C:\Windows\SYSTEM32\DEVOBJ.dll
0x720a0000 - 0x720ac000 	C:\Program Files (x86)\Java\jre7\bin\verify.dll
0x71910000 - 0x71930000 	C:\Program Files (x86)\Java\jre7\bin\java.dll
0x718d0000 - 0x718e3000 	C:\Program Files (x86)\Java\jre7\bin\zip.dll
0x5e360000 - 0x5e4a3000 	C:\Program Files (x86)\Java\jre7\bin\awt.dll
0x76c00000 - 0x76c8b000 	C:\Windows\SYSTEM32\OLEAUT32.dll
0x76de0000 - 0x76f16000 	C:\Windows\SYSTEM32\combase.dll
0x72dd0000 - 0x72e77000 	C:\Windows\system32\apphelp.dll
0x71a40000 - 0x71a59000 	C:\Windows\system32\DWMAPI.DLL
0x726b0000 - 0x72738000 	C:\Windows\system32\uxtheme.dll
0x76760000 - 0x76879000 	C:\Windows\SYSTEM32\ole32.dll
0x74da0000 - 0x75e66000 	C:\Windows\SYSTEM32\SHELL32.dll
0x75f40000 - 0x75f80000 	C:\Windows\SYSTEM32\SHLWAPI.dll
0x73330000 - 0x733a3000 	C:\Windows\SYSTEM32\shcore.dll
0x5f9a0000 - 0x5f9d9000 	C:\Program Files (x86)\Java\jre7\bin\fontmanager.dll
0x718b0000 - 0x718c4000 	C:\Program Files (x86)\Java\jre7\bin\net.dll
0x72e80000 - 0x72eca000 	C:\Windows\system32\mswsock.dll
0x718a0000 - 0x718af000 	C:\Program Files (x86)\Java\jre7\bin\nio.dll
0x5e330000 - 0x5e360000 	C:\Program Files (x86)\Java\jre7\bin\t2k.dll
0x76b80000 - 0x76bf4000 	C:\Windows\SYSTEM32\clbcatq.dll
0x6a8a0000 - 0x6a9eb000 	C:\Windows\SYSTEM32\WindowsCodecs.dll
0x76dc0000 - 0x76dd1000 	C:\Windows\SYSTEM32\profapi.dll
0x5e300000 - 0x5e324000 	C:\Program Files (x86)\Java\jre7\bin\dcpr.dll
0x5e290000 - 0x5e2fd000 	C:\binaries\terrajava.dll
0x5e1a0000 - 0x5e287000 	C:\binaries\terramanager-funcate.dll
0x573f0000 - 0x57c96000 	C:\binaries\terralib.dll
0x64af0000 - 0x64b59000 	C:\Windows\SYSTEM32\MSVCP100.dll
0x6d880000 - 0x6db4c000 	C:\binaries\bgd.dll
0x5f980000 - 0x5f99b000 	C:\binaries\terraogc_xml.dll
0x5e180000 - 0x5e19d000 	C:\binaries\terraogc_sld.dll
0x5e150000 - 0x5e176000 	C:\binaries\terraogc_se.dll
0x5e110000 - 0x5e146000 	C:\binaries\terraogc_filter.dll
0x5da60000 - 0x5dab2000 	C:\binaries\terraogc_ows.dll
0x5e0f0000 - 0x5e109000 	C:\binaries\terraogc_common.dll
0x5da50000 - 0x5da5b000 	C:\binaries\terralib_shp.dll
0x5da40000 - 0x5da4e000 	C:\binaries\terralib_spl.dll
0x05b50000 - 0x05f46000 	C:\binaries\qt-mt338.dll
0x613d0000 - 0x6149e000 	C:\Windows\SYSTEM32\OPENGL32.dll
0x613a0000 - 0x613c3000 	C:\Windows\SYSTEM32\GLU32.dll
0x597c0000 - 0x5983f000 	C:\binaries\qwt500.dll
0x0f2a0000 - 0x1129f000 	C:\binaries\berkelium.dll
0x05f50000 - 0x06091000 	C:\binaries\LIBMYSQL.dll
0x63100000 - 0x63121000 	C:\binaries\LIBPQ.dll
0x060a0000 - 0x06101000 	C:\binaries\OCI.dll
0x59730000 - 0x597ba000 	C:\binaries\libtiff.dll
0x56580000 - 0x56d52000 	C:\binaries\gdal110.dll
0x12000000 - 0x121dc000 	C:\binaries\xerces-c_3_1.dll
0x596d0000 - 0x59725000 	C:\binaries\terraogc_wms.dll
0x59670000 - 0x596c3000 	C:\binaries\terraogc_gml.dll
0x59620000 - 0x59661000 	C:\binaries\terraogc_xsd.dll
0x5a810000 - 0x5a830000 	C:\binaries\terraogc_xacml.dll
0x71f30000 - 0x71f90000 	C:\Windows\SYSTEM32\WINSPOOL.DRV
0x7c340000 - 0x7c396000 	C:\Windows\SYSTEM32\MSVCR71.dll
0x608a0000 - 0x60979000 	C:\Windows\SYSTEM32\DDRAW.dll
0x727a0000 - 0x727a9000 	C:\Windows\SYSTEM32\Secur32.dll
0x75f20000 - 0x75f3b000 	C:\Windows\SYSTEM32\USERENV.dll
0x71520000 - 0x71570000 	C:\Windows\SYSTEM32\OLEACC.dll
0x54200000 - 0x54276000 	C:\Windows\SYSTEM32\RICHED20.dll
0x72ee0000 - 0x72ee8000 	C:\Windows\SYSTEM32\VERSION.dll
0x720b0000 - 0x720c4000 	C:\Windows\SYSTEM32\USP10.dll
0x72c50000 - 0x72cc5000 	C:\Windows\SYSTEM32\DNSAPI.dll
0x061b0000 - 0x0625a000 	C:\Windows\libeay32.dll
0x06260000 - 0x0626d000 	C:\binaries\libintl-2.dll
0x72ed0000 - 0x72ed6000 	C:\Windows\SYSTEM32\SHFOLDER.DLL
0x06270000 - 0x06296000 	C:\Windows\ssleay32.dll
0x062a0000 - 0x062c6000 	C:\binaries\libexpat.dll
0x60770000 - 0x60811000 	C:\Windows\SYSTEM32\ODBC32.dll
0x60760000 - 0x60767000 	C:\Windows\SYSTEM32\DCIMAN32.dll
0x663b0000 - 0x663db000 	C:\Windows\SYSTEM32\msls31.dll
0x06320000 - 0x063fb000 	C:\binaries\libiconv-2.dll
0x6f600000 - 0x6f61d000 	C:\Windows\SYSTEM32\gpapi.dll
0x74530000 - 0x74556000 	C:\Windows\SYSTEM32\ntmarta.dll
0x54e60000 - 0x55708000 	C:\binaries\icudt46.dll
0x53850000 - 0x53979000 	C:\Windows\SYSTEM32\dbghelp.dll
0x72040000 - 0x72050000 	C:\Windows\system32\napinsp.dll
0x72020000 - 0x72034000 	C:\Windows\system32\pnrpnsp.dll
0x72010000 - 0x72020000 	C:\Windows\system32\NLAapi.dll
0x72000000 - 0x72009000 	C:\Windows\System32\winrnr.dll
0x71ac0000 - 0x71ad0000 	C:\Windows\system32\wshbth.dll
0x726a0000 - 0x726a7000 	C:\Windows\System32\rasadhlp.dll
0x71c30000 - 0x71c6f000 	C:\Windows\System32\fwpuclnt.dll
0x72cd0000 - 0x72cf0000 	C:\Windows\SYSTEM32\IPHLPAPI.DLL
0x72c40000 - 0x72c48000 	C:\Windows\SYSTEM32\WINNSI.DLL
0x730d0000 - 0x730ea000 	C:\Windows\SYSTEM32\CRYPTSP.dll
0x73090000 - 0x730ce000 	C:\Windows\system32\rsaenh.dll
0x72c30000 - 0x72c40000 	C:\Windows\SYSTEM32\dhcpcsvc6.DLL
0x72c10000 - 0x72c22000 	C:\Windows\SYSTEM32\dhcpcsvc.DLL
0x595f0000 - 0x59615000 	C:\Program Files (x86)\Java\jre7\bin\jpeg.dll

VM Arguments:
jvm_args: -Dfile.encoding=ISO-8859-1 
java_command: com.nexusbr.gv.main.ConnectDBMain
Launcher Type: SUN_STANDARD

Environment Variables:
JAVA_HOME=C:\Program Files (x86)\Java\jre7
PATH=C:/Program Files (x86)/Java/jre7/bin/client;C:/Program Files (x86)/Java/jre7/bin;C:/Program Files (x86)/Java/jre7/lib/i386;C:\Program Files (x86)\PHP\;c:\Program Files (x86)\Intel\iCLS Client\;c:\Program Files\Intel\iCLS Client\;C:\Windows\system32;C:\Windows;C:\Windows\System32\Wbem;C:\Windows\System32\WindowsPowerShell\v1.0\;C:\Program Files\Intel\Intel(R) Management Engine Components\DAL;C:\Program Files\Intel\Intel(R) Management Engine Components\IPT;C:\Program Files (x86)\Intel\Intel(R) Management Engine Components\DAL;C:\Program Files (x86)\Intel\Intel(R) Management Engine Components\IPT;C:\Program Files (x86)\Intel\OpenCL SDK\3.0\bin\x86;C:\Program Files (x86)\Intel\OpenCL SDK\3.0\bin\x64;C:\Program Files (x86)\Windows Live\Shared;C:\binaries;c:\Program Files (x86)\Microsoft SQL Server\100\Tools\Binn\;c:\Program Files\Microsoft SQL Server\100\Tools\Binn\;c:\Program Files\Microsoft SQL Server\100\DTS\Binn\;C:\strawberry\c\bin;C:\strawberry\perl\site\bin;C:\strawberry\perl\bin;C:\Program Files (x86)\Microsoft SQL Server\110\Tools\Binn\ManagementStudio\;C:\Program Files (x86)\Microsoft SQL Server\110\Tools\Binn\;C:\Program Files\Microsoft SQL Server\110\Tools\Binn\;C:\Program Files (x86)\Microsoft SQL Server\110\DTS\Binn\;C:\Program Files\TortoiseSVN\bin;C:\Python34;C:\Program Files (x86)\Java\jre7\bin;C:\eclipse;
USERNAME=inacio
OS=Windows_NT
PROCESSOR_IDENTIFIER=Intel64 Family 6 Model 69 Stepping 1, GenuineIntel



---------------  S Y S T E M  ---------------

OS: Windows 8 , 64 bit Build 9200 

CPU:total 4 (2 cores per cpu, 2 threads per core) family 6 model 69 stepping 1, cmov, cx8, fxsr, mmx, sse, sse2, sse3, ssse3, sse4.1, sse4.2, popcnt, avx, avx2, aes, erms, ht, tsc, tscinvbit

Memory: 4k page, physical 8290700k(4535220k free), swap 9535884k(5026972k free)

vm_info: Java HotSpot(TM) Client VM (24.60-b09) for windows-x86 JRE (1.7.0_60-b19), built on May  7 2014 13:09:52 by "java_re" with unknown MS VC++:1600

time: Wed Jul 02 17:42:45 2014
elapsed time: 17 seconds

