#
# A fatal error has been detected by the Java Runtime Environment:
#
#  EXCEPTION_ACCESS_VIOLATION (0xc0000005) at pc=0x10819052, pid=9512, tid=8920
#
# JRE version: Java(TM) SE Runtime Environment (7.0_60-b19) (build 1.7.0_60-b19)
# Java VM: Java HotSpot(TM) Client VM (24.60-b09 mixed mode, sharing windows-x86 )
# Problematic frame:
# C  [berkelium.dll+0xa39052]
#
# Failed to write core dump. Minidumps are not enabled by default on client versions of Windows
#
# If you would like to submit a bug report, please visit:
#   http://bugreport.sun.com/bugreport/crash.jsp
#

---------------  T H R E A D  ---------------

Current thread (0x0091fc00):  VMThread [stack: 0x00a00000,0x00a50000] [id=8920]

siginfo: ExceptionCode=0xc0000005, reading address 0x000000f8

Registers:
EAX=0x00a4f5b4, EBX=0x000493e0, ECX=0x00a4f5b4, EDX=0x44b566e0
ESP=0x00a4f5a4, EBP=0x00000087, ESI=0x00000000, EDI=0x569709e0
EIP=0x10819052, EFLAGS=0x00010206

Top of Stack: (sp=0x00a4f5a4)
0x00a4f5a4:   06c12168 06c12168 06b6ab00 00000000
0x00a4f5b4:   44b566e0 00000087 06c03a20 06c0c900
0x00a4f5c4:   00000000 00000000 00000000 74616401
0x00a4f5d4:   69642d61 06eb0072 00000023 0000002f
0x00a4f5e4:   00000000 06b97070 002e5bf3 06c12000
0x00a4f5f4:   06b6ab44 ffffff00 0fe4bf20 11969778
0x00a4f604:   066c0030 00000000 0000000f 1196a730
0x00a4f614:   00000001 0fe49783 00000008 00000001 

Instructions: (pc=0x10819052)
0x10819032:   03 00 00 57 53 e8 f4 c8 60 ff 8b ea 8d 54 24 10
0x10819042:   52 8b f8 e8 26 ca 00 00 83 c4 04 03 38 13 68 04
0x10819052:   8b 86 f8 00 00 00 0b 86 fc 00 00 00 89 7c 24 20
0x10819062:   89 6c 24 24 75 3e 39 84 24 d4 00 00 00 7f 35 7c 


Register to memory mapping:

EAX=
[error occurred during error reporting (printing register info), id 0xc0000005]

Stack: [0x00a00000,0x00a50000],  sp=0x00a4f5a4,  free space=317k
Native frames: (J=compiled Java code, j=interpreted, Vv=VM code, C=native code)
C  [berkelium.dll+0xa39052]

VM_Operation (0x0580e670): Exit, mode: safepoint, requested by thread 0x05391c00


---------------  P R O C E S S  ---------------

Java Threads: ( => current thread )
  0x056b1000 JavaThread "WeakCollectionCleaner" daemon [_thread_blocked, id=44, stack(0x076a0000,0x076f0000)]
  0x056e5000 JavaThread "TimerQueue" daemon [_thread_blocked, id=7480, stack(0x07610000,0x07660000)]
  0x0086e000 JavaThread "DestroyJavaVM" [_thread_blocked, id=11120, stack(0x005e0000,0x00630000)]
  0x05391c00 JavaThread "AWT-EventQueue-0" [_thread_blocked, id=9224, stack(0x057c0000,0x05810000)]
  0x04814800 JavaThread "AWT-Shutdown" [_thread_blocked, id=9440, stack(0x04e90000,0x04ee0000)]
  0x04813400 JavaThread "Java2D Disposer" daemon [_thread_blocked, id=10196, stack(0x04da0000,0x04df0000)]
  0x0099cc00 JavaThread "Service Thread" daemon [_thread_blocked, id=8460, stack(0x045b0000,0x04600000)]
  0x00994c00 JavaThread "C1 CompilerThread0" daemon [_thread_blocked, id=4180, stack(0x04520000,0x04570000)]
  0x00993000 JavaThread "Attach Listener" daemon [_thread_blocked, id=11060, stack(0x04490000,0x044e0000)]
  0x00990c00 JavaThread "Signal Dispatcher" daemon [_thread_blocked, id=11256, stack(0x04400000,0x04450000)]
  0x00922800 JavaThread "Finalizer" daemon [_thread_blocked, id=10576, stack(0x04370000,0x043c0000)]
  0x00921000 JavaThread "Reference Handler" daemon [_thread_blocked, id=7700, stack(0x022b0000,0x02300000)]

Other Threads:
=>0x0091fc00 VMThread [stack: 0x00a00000,0x00a50000] [id=8920]

VM state:at safepoint (shutting down)

VM Mutex/Monitor currently owned by a thread:  ([mutex/lock_event])
[0x0086c330] Threads_lock - owner thread: 0x0091fc00

Heap
 def new generation   total 33664K, used 16836K [0x24000000, 0x26480000, 0x29550000)
  eden space 29952K,  56% used [0x24000000, 0x25071060, 0x25d40000)
  from space 3712K,   0% used [0x25d40000, 0x25d40000, 0x260e0000)
  to   space 3712K,   0% used [0x260e0000, 0x260e0000, 0x26480000)
 tenured generation   total 74696K, used 44817K [0x29550000, 0x2de42000, 0x34000000)
   the space 74696K,  59% used [0x29550000, 0x2c114458, 0x2c114600, 0x2de42000)
 compacting perm gen  total 12288K, used 8793K [0x34000000, 0x34c00000, 0x38000000)
   the space 12288K,  71% used [0x34000000, 0x348965c8, 0x34896600, 0x34c00000)
    ro space 10240K,  42% used [0x38000000, 0x38434778, 0x38434800, 0x38a00000)
    rw space 12288K,  52% used [0x38a00000, 0x39049a68, 0x39049c00, 0x39600000)

Card table byte_map: [0x021c0000,0x02270000] byte_map_base: 0x020a0000

Polling page: 0x004f0000

Code Cache  [0x02370000, 0x025a0000, 0x04370000)
 total_blobs=1340 nmethods=1053 adapters=223 free_code_cache=30548Kb largest_free_block=31280320

Compilation events (10 events):
Event: 54.270 Thread 0x00994c00 1058             java.util.HashMap::removeEntryForKey (159 bytes)
Event: 54.271 Thread 0x00994c00 nmethod 1058 0x0259a148 code [0x0259a280, 0x0259a504]
Event: 54.349 Thread 0x00994c00 1059             java.util.HashMap::remove (19 bytes)
Event: 54.349 Thread 0x00994c00 nmethod 1059 0x0259a788 code [0x0259a890, 0x0259a93c]
Event: 54.491 Thread 0x00994c00 1060             java.util.HashSet::contains (9 bytes)
Event: 54.492 Thread 0x00994c00 nmethod 1060 0x0259a9c8 code [0x0259aad0, 0x0259ab6c]
Event: 54.915 Thread 0x00994c00 1061             sun.awt.windows.WComponentPeer::updateCursorImmediately (7 bytes)
Event: 54.916 Thread 0x00994c00 nmethod 1061 0x0259abc8 code [0x0259acf0, 0x0259af98]
Event: 54.980 Thread 0x00994c00 1062             java.util.HashSet::remove (20 bytes)
Event: 54.980 Thread 0x00994c00 nmethod 1062 0x0259b148 code [0x0259b250, 0x0259b2fc]

GC Heap History (10 events):
Event: 9.195 GC heap before
{Heap before GC invocations=18 (full 4):
 def new generation   total 21312K, used 21178K [0x24000000, 0x25720000, 0x29550000)
  eden space 18944K,  99% used [0x24000000, 0x2525e808, 0x25280000)
  from space 2368K, 100% used [0x254d0000, 0x25720000, 0x25720000)
  to   space 2368K,   0% used [0x25280000, 0x25280000, 0x254d0000)
 tenured generation   total 47296K, used 42931K [0x29550000, 0x2c380000, 0x34000000)
   the space 47296K,  90% used [0x29550000, 0x2bf3cdd8, 0x2bf3ce00, 0x2c380000)
 compacting perm gen  total 12288K, used 8783K [0x34000000, 0x34c00000, 0x38000000)
   the space 12288K,  71% used [0x34000000, 0x34893f78, 0x34894000, 0x34c00000)
    ro space 10240K,  42% used [0x38000000, 0x38434778, 0x38434800, 0x38a00000)
    rw space 12288K,  52% used [0x38a00000, 0x39049a68, 0x39049c00, 0x39600000)
Event: 9.203 GC heap after
Heap after GC invocations=19 (full 4):
 def new generation   total 21312K, used 2367K [0x24000000, 0x25720000, 0x29550000)
  eden space 18944K,   0% used [0x24000000, 0x24000000, 0x25280000)
  from space 2368K,  99% used [0x25280000, 0x254cfec8, 0x254d0000)
  to   space 2368K,   0% used [0x254d0000, 0x254d0000, 0x25720000)
 tenured generation   total 54692K, used 54607K [0x29550000, 0x2cab9000, 0x34000000)
   the space 54692K,  99% used [0x29550000, 0x2caa3d70, 0x2caa3e00, 0x2cab9000)
 compacting perm gen  total 12288K, used 8783K [0x34000000, 0x34c00000, 0x38000000)
   the space 12288K,  71% used [0x34000000, 0x34893f78, 0x34894000, 0x34c00000)
    ro space 10240K,  42% used [0x38000000, 0x38434778, 0x38434800, 0x38a00000)
    rw space 12288K,  52% used [0x38a00000, 0x39049a68, 0x39049c00, 0x39600000)
}
Event: 9.939 GC heap before
{Heap before GC invocations=19 (full 4):
 def new generation   total 21312K, used 21254K [0x24000000, 0x25720000, 0x29550000)
  eden space 18944K,  99% used [0x24000000, 0x25271d28, 0x25280000)
  from space 2368K,  99% used [0x25280000, 0x254cfec8, 0x254d0000)
  to   space 2368K,   0% used [0x254d0000, 0x254d0000, 0x25720000)
 tenured generation   total 54952K, used 54863K [0x29550000, 0x2cafa000, 0x34000000)
   the space 54952K,  99% used [0x29550000, 0x2cae3d80, 0x2cae3e00, 0x2cafa000)
 compacting perm gen  total 12288K, used 8783K [0x34000000, 0x34c00000, 0x38000000)
   the space 12288K,  71% used [0x34000000, 0x34893fb8, 0x34894000, 0x34c00000)
    ro space 10240K,  42% used [0x38000000, 0x38434778, 0x38434800, 0x38a00000)
    rw space 12288K,  52% used [0x38a00000, 0x39049a68, 0x39049c00, 0x39600000)
Event: 9.942 GC heap after
Heap after GC invocations=20 (full 4):
 def new generation   total 21312K, used 2368K [0x24000000, 0x25720000, 0x29550000)
  eden space 18944K,   0% used [0x24000000, 0x24000000, 0x25280000)
  from space 2368K, 100% used [0x254d0000, 0x25720000, 0x25720000)
  to   space 2368K,   0% used [0x25280000, 0x25280000, 0x254d0000)
 tenured generation   total 59500K, used 59395K [0x29550000, 0x2cf6b000, 0x34000000)
   the space 59500K,  99% used [0x29550000, 0x2cf50d30, 0x2cf50e00, 0x2cf6b000)
 compacting perm gen  total 12288K, used 8783K [0x34000000, 0x34c00000, 0x38000000)
   the space 12288K,  71% used [0x34000000, 0x34893fb8, 0x34894000, 0x34c00000)
    ro space 10240K,  42% used [0x38000000, 0x38434778, 0x38434800, 0x38a00000)
    rw space 12288K,  52% used [0x38a00000, 0x39049a68, 0x39049c00, 0x39600000)
}
Event: 11.751 GC heap before
{Heap before GC invocations=20 (full 4):
 def new generation   total 21312K, used 19570K [0x24000000, 0x25720000, 0x29550000)
  eden space 18944K,  90% used [0x24000000, 0x250cc9a8, 0x25280000)
  from space 2368K, 100% used [0x254d0000, 0x25720000, 0x25720000)
  to   space 2368K,   0% used [0x25280000, 0x25280000, 0x254d0000)
 tenured generation   total 59500K, used 59395K [0x29550000, 0x2cf6b000, 0x34000000)
   the space 59500K,  99% used [0x29550000, 0x2cf50d30, 0x2cf50e00, 0x2cf6b000)
 compacting perm gen  total 12288K, used 8789K [0x34000000, 0x34c00000, 0x38000000)
   the space 12288K,  71% used [0x34000000, 0x34895718, 0x34895800, 0x34c00000)
    ro space 10240K,  42% used [0x38000000, 0x38434778, 0x38434800, 0x38a00000)
    rw space 12288K,  52% used [0x38a00000, 0x39049a68, 0x39049c00, 0x39600000)
Event: 11.798 GC heap after
Heap after GC invocations=21 (full 5):
 def new generation   total 32832K, used 0K [0x24000000, 0x263a0000, 0x29550000)
  eden space 29184K,   0% used [0x24000000, 0x24000000, 0x25c80000)
  from space 3648K,   0% used [0x25c80000, 0x25c80000, 0x26010000)
  to   space 3648K,   0% used [0x26010000, 0x26010000, 0x263a0000)
 tenured generation   total 72868K, used 43719K [0x29550000, 0x2dc79000, 0x34000000)
   the space 72868K,  59% used [0x29550000, 0x2c001ce8, 0x2c001e00, 0x2dc79000)
 compacting perm gen  total 12288K, used 8789K [0x34000000, 0x34c00000, 0x38000000)
   the space 12288K,  71% used [0x34000000, 0x34895718, 0x34895800, 0x34c00000)
    ro space 10240K,  42% used [0x38000000, 0x38434778, 0x38434800, 0x38a00000)
    rw space 12288K,  52% used [0x38a00000, 0x39049a68, 0x39049c00, 0x39600000)
}
Event: 11.912 GC heap before
{Heap before GC invocations=21 (full 5):
 def new generation   total 32832K, used 28952K [0x24000000, 0x263a0000, 0x29550000)
  eden space 29184K,  99% used [0x24000000, 0x25c46278, 0x25c80000)
  from space 3648K,   0% used [0x25c80000, 0x25c80000, 0x26010000)
  to   space 3648K,   0% used [0x26010000, 0x26010000, 0x263a0000)
 tenured generation   total 72868K, used 43719K [0x29550000, 0x2dc79000, 0x34000000)
   the space 72868K,  59% used [0x29550000, 0x2c001ce8, 0x2c001e00, 0x2dc79000)
 compacting perm gen  total 12288K, used 8789K [0x34000000, 0x34c00000, 0x38000000)
   the space 12288K,  71% used [0x34000000, 0x34895738, 0x34895800, 0x34c00000)
    ro space 10240K,  42% used [0x38000000, 0x38434778, 0x38434800, 0x38a00000)
    rw space 12288K,  52% used [0x38a00000, 0x39049a68, 0x39049c00, 0x39600000)
Event: 11.917 GC heap after
Heap after GC invocations=22 (full 5):
 def new generation   total 32832K, used 3473K [0x24000000, 0x263a0000, 0x29550000)
  eden space 29184K,   0% used [0x24000000, 0x24000000, 0x25c80000)
  from space 3648K,  95% used [0x26010000, 0x26374430, 0x263a0000)
  to   space 3648K,   0% used [0x25c80000, 0x25c80000, 0x26010000)
 tenured generation   total 72868K, used 56485K [0x29550000, 0x2dc79000, 0x34000000)
   the space 72868K,  77% used [0x29550000, 0x2cc79558, 0x2cc79600, 0x2dc79000)
 compacting perm gen  total 12288K, used 8789K [0x34000000, 0x34c00000, 0x38000000)
   the space 12288K,  71% used [0x34000000, 0x34895738, 0x34895800, 0x34c00000)
    ro space 10240K,  42% used [0x38000000, 0x38434778, 0x38434800, 0x38a00000)
    rw space 12288K,  52% used [0x38a00000, 0x39049a68, 0x39049c00, 0x39600000)
}
Event: 11.961 GC heap before
{Heap before GC invocations=22 (full 5):
 def new generation   total 32832K, used 29972K [0x24000000, 0x263a0000, 0x29550000)
  eden space 29184K,  90% used [0x24000000, 0x259e0e08, 0x25c80000)
  from space 3648K,  95% used [0x26010000, 0x26374430, 0x263a0000)
  to   space 3648K,   0% used [0x25c80000, 0x25c80000, 0x26010000)
 tenured generation   total 72868K, used 56485K [0x29550000, 0x2dc79000, 0x34000000)
   the space 72868K,  77% used [0x29550000, 0x2cc79558, 0x2cc79600, 0x2dc79000)
 compacting perm gen  total 12288K, used 8789K [0x34000000, 0x34c00000, 0x38000000)
   the space 12288K,  71% used [0x34000000, 0x34895748, 0x34895800, 0x34c00000)
    ro space 10240K,  42% used [0x38000000, 0x38434778, 0x38434800, 0x38a00000)
    rw space 12288K,  52% used [0x38a00000, 0x39049a68, 0x39049c00, 0x39600000)
Event: 12.015 GC heap after
Heap after GC invocations=23 (full 6):
 def new generation   total 33664K, used 0K [0x24000000, 0x26480000, 0x29550000)
  eden space 29952K,   0% used [0x24000000, 0x24000000, 0x25d40000)
  from space 3712K,   0% used [0x25d40000, 0x25d40000, 0x260e0000)
  to   space 3712K,   0% used [0x260e0000, 0x260e0000, 0x26480000)
 tenured generation   total 74696K, used 44817K [0x29550000, 0x2de42000, 0x34000000)
   the space 74696K,  59% used [0x29550000, 0x2c114458, 0x2c114600, 0x2de42000)
 compacting perm gen  total 12288K, used 8789K [0x34000000, 0x34c00000, 0x38000000)
   the space 12288K,  71% used [0x34000000, 0x34895748, 0x34895800, 0x34c00000)
    ro space 10240K,  42% used [0x38000000, 0x38434778, 0x38434800, 0x38a00000)
    rw space 12288K,  52% used [0x38a00000, 0x39049a68, 0x39049c00, 0x39600000)
}

Deoptimization events (0 events):
No events

Internal exceptions (10 events):
Event: 7.280 Thread 0x056b2400 Threw 0x2448de98 at C:\re\jdk7u60\1081\hotspot\src\share\vm\prims\jvm.cpp:1244
Event: 7.424 Thread 0x04754c00 Threw 0x240932b0 at C:\re\jdk7u60\1081\hotspot\src\share\vm\prims\jvm.cpp:2917
Event: 8.777 Thread 0x08759c00 Threw 0x24317428 at C:\re\jdk7u60\1081\hotspot\src\share\vm\prims\jvm.cpp:2917
Event: 8.780 Thread 0x056b3c00 Threw 0x243caf40 at C:\re\jdk7u60\1081\hotspot\src\share\vm\prims\jni.cpp:743
Event: 8.780 Thread 0x056b3c00 Threw 0x243cb228 at C:\re\jdk7u60\1081\hotspot\src\share\vm\prims\jni.cpp:743
Event: 8.780 Thread 0x056b3c00 Threw 0x243cb498 at C:\re\jdk7u60\1081\hotspot\src\share\vm\prims\jni.cpp:743
Event: 9.407 Thread 0x056b2000 Threw 0x2483d740 at C:\re\jdk7u60\1081\hotspot\src\share\vm\prims\jvm.cpp:2917
Event: 9.934 Thread 0x0875c400 Threw 0x250ab610 at C:\re\jdk7u60\1081\hotspot\src\share\vm\prims\jvm.cpp:2917
Event: 10.105 Thread 0x08759c00 Threw 0x24053d70 at C:\re\jdk7u60\1081\hotspot\src\share\vm\prims\jvm.cpp:2917
Event: 11.884 Thread 0x0875c400 Threw 0x251221b0 at C:\re\jdk7u60\1081\hotspot\src\share\vm\prims\jvm.cpp:2917

Events (10 events):
Event: 55.789 loading class 0x39670c20
Event: 55.789 loading class 0x39670bc8
Event: 55.789 Thread 0x056b2000 Thread exited: 0x056b2000
Event: 55.789 loading class 0x39670bc8 done
Event: 55.789 loading class 0x39670c20 done
Event: 55.789 Thread 0x056b1800 Thread exited: 0x056b1800
Event: 55.789 Thread 0x056b3000 Thread exited: 0x056b3000
Event: 55.809 Thread 0x04815000 Thread exited: 0x04815000
Event: 55.890 Thread 0x056b0400 Thread exited: 0x056b0400
Event: 55.890 Executing VM operation: Exit


Dynamic libraries:
0x00a70000 - 0x00a9f000 	C:\Program Files (x86)\Java\jre7\bin\javaw.exe
0x76fe0000 - 0x77137000 	C:\Windows\SYSTEM32\ntdll.dll
0x74690000 - 0x747c0000 	C:\Windows\SYSTEM32\KERNEL32.DLL
0x76a80000 - 0x76b27000 	C:\Windows\SYSTEM32\KERNELBASE.dll
0x747c0000 - 0x7486e000 	C:\Windows\SYSTEM32\ADVAPI32.dll
0x764f0000 - 0x76606000 	C:\Windows\SYSTEM32\USER32.dll
0x73130000 - 0x73328000 	C:\Windows\WinSxS\x86_microsoft.windows.common-controls_6595b64144ccf1df_6.0.9200.16579_none_8937eec6860750f5\COMCTL32.dll
0x76000000 - 0x760b1000 	C:\Windows\SYSTEM32\msvcrt.dll
0x74870000 - 0x748a4000 	C:\Windows\SYSTEM32\sechost.dll
0x760c0000 - 0x7616c000 	C:\Windows\SYSTEM32\RPCRT4.dll
0x748b0000 - 0x749ad000 	C:\Windows\SYSTEM32\GDI32.dll
0x745d0000 - 0x745ed000 	C:\Windows\SYSTEM32\SspiCli.dll
0x745c0000 - 0x745c9000 	C:\Windows\SYSTEM32\CRYPTBASE.dll
0x74560000 - 0x745b1000 	C:\Windows\SYSTEM32\bcryptPrimitives.dll
0x762e0000 - 0x76300000 	C:\Windows\system32\IMM32.DLL
0x76680000 - 0x7675e000 	C:\Windows\SYSTEM32\MSCTF.dll
0x5e970000 - 0x5ea2f000 	C:\Program Files (x86)\Java\jre7\bin\msvcr100.dll
0x5e310000 - 0x5e698000 	C:\Program Files (x86)\Java\jre7\bin\client\jvm.dll
0x71c10000 - 0x71c18000 	C:\Windows\SYSTEM32\WSOCK32.dll
0x71fb0000 - 0x71fd1000 	C:\Windows\SYSTEM32\WINMM.dll
0x76300000 - 0x76306000 	C:\Windows\SYSTEM32\PSAPI.DLL
0x75f80000 - 0x75fd0000 	C:\Windows\SYSTEM32\WS2_32.dll
0x71c70000 - 0x71c9b000 	C:\Windows\SYSTEM32\WINMMBASE.dll
0x75ff0000 - 0x75ff8000 	C:\Windows\SYSTEM32\NSI.dll
0x76b30000 - 0x76b76000 	C:\Windows\SYSTEM32\cfgmgr32.dll
0x75f00000 - 0x75f1e000 	C:\Windows\SYSTEM32\DEVOBJ.dll
0x720a0000 - 0x720ac000 	C:\Program Files (x86)\Java\jre7\bin\verify.dll
0x70bb0000 - 0x70bd0000 	C:\Program Files (x86)\Java\jre7\bin\java.dll
0x70b90000 - 0x70ba3000 	C:\Program Files (x86)\Java\jre7\bin\zip.dll
0x6f490000 - 0x6f5d3000 	C:\Program Files (x86)\Java\jre7\bin\awt.dll
0x76c00000 - 0x76c8b000 	C:\Windows\SYSTEM32\OLEAUT32.dll
0x76de0000 - 0x76f16000 	C:\Windows\SYSTEM32\combase.dll
0x72dd0000 - 0x72e77000 	C:\Windows\system32\apphelp.dll
0x71a40000 - 0x71a59000 	C:\Windows\system32\DWMAPI.DLL
0x726b0000 - 0x72738000 	C:\Windows\system32\uxtheme.dll
0x76760000 - 0x76879000 	C:\Windows\SYSTEM32\ole32.dll
0x74da0000 - 0x75e66000 	C:\Windows\SYSTEM32\SHELL32.dll
0x75f40000 - 0x75f80000 	C:\Windows\SYSTEM32\SHLWAPI.dll
0x73330000 - 0x733a3000 	C:\Windows\SYSTEM32\shcore.dll
0x718b0000 - 0x718e9000 	C:\Program Files (x86)\Java\jre7\bin\fontmanager.dll
0x6f250000 - 0x6f264000 	C:\Program Files (x86)\Java\jre7\bin\net.dll
0x72e80000 - 0x72eca000 	C:\Windows\system32\mswsock.dll
0x718a0000 - 0x718af000 	C:\Program Files (x86)\Java\jre7\bin\nio.dll
0x706d0000 - 0x70700000 	C:\Program Files (x86)\Java\jre7\bin\t2k.dll
0x76b80000 - 0x76bf4000 	C:\Windows\SYSTEM32\clbcatq.dll
0x6a8a0000 - 0x6a9eb000 	C:\Windows\SYSTEM32\WindowsCodecs.dll
0x76dc0000 - 0x76dd1000 	C:\Windows\SYSTEM32\profapi.dll
0x68440000 - 0x68464000 	C:\Program Files (x86)\Java\jre7\bin\dcpr.dll
0x5e900000 - 0x5e96d000 	C:\binaries\terrajava.dll
0x5e220000 - 0x5e307000 	C:\binaries\terramanager-funcate.dll
0x59300000 - 0x59ba6000 	C:\binaries\terralib.dll
0x64af0000 - 0x64b59000 	C:\Windows\SYSTEM32\MSVCP100.dll
0x6d880000 - 0x6db4c000 	C:\binaries\bgd.dll
0x66b80000 - 0x66b9b000 	C:\binaries\terraogc_xml.dll
0x60460000 - 0x6047d000 	C:\binaries\terraogc_sld.dll
0x5f9a0000 - 0x5f9c6000 	C:\binaries\terraogc_se.dll
0x5e8c0000 - 0x5e8f6000 	C:\binaries\terraogc_filter.dll
0x5e1c0000 - 0x5e212000 	C:\binaries\terraogc_ows.dll
0x5f980000 - 0x5f999000 	C:\binaries\terraogc_common.dll
0x684c0000 - 0x684cb000 	C:\binaries\terralib_shp.dll
0x60450000 - 0x6045e000 	C:\binaries\terralib_spl.dll
0x05d20000 - 0x06116000 	C:\binaries\qt-mt338.dll
0x613d0000 - 0x6149e000 	C:\Windows\SYSTEM32\OPENGL32.dll
0x613a0000 - 0x613c3000 	C:\Windows\SYSTEM32\GLU32.dll
0x5e140000 - 0x5e1bf000 	C:\binaries\qwt500.dll
0x0fde0000 - 0x11ddf000 	C:\binaries\berkelium.dll
0x06120000 - 0x06261000 	C:\binaries\LIBMYSQL.dll
0x63100000 - 0x63121000 	C:\binaries\LIBPQ.dll
0x06270000 - 0x062d1000 	C:\binaries\OCI.dll
0x5da30000 - 0x5daba000 	C:\binaries\libtiff.dll
0x56580000 - 0x56d52000 	C:\binaries\gdal110.dll
0x12000000 - 0x121dc000 	C:\binaries\xerces-c_3_1.dll
0x592a0000 - 0x592f5000 	C:\binaries\terraogc_wms.dll
0x59240000 - 0x59293000 	C:\binaries\terraogc_gml.dll
0x5e0f0000 - 0x5e131000 	C:\binaries\terraogc_xsd.dll
0x5a810000 - 0x5a830000 	C:\binaries\terraogc_xacml.dll
0x71f30000 - 0x71f90000 	C:\Windows\SYSTEM32\WINSPOOL.DRV
0x7c340000 - 0x7c396000 	C:\Windows\SYSTEM32\MSVCR71.dll
0x608a0000 - 0x60979000 	C:\Windows\SYSTEM32\DDRAW.dll
0x727a0000 - 0x727a9000 	C:\Windows\SYSTEM32\Secur32.dll
0x75f20000 - 0x75f3b000 	C:\Windows\SYSTEM32\USERENV.dll
0x71520000 - 0x71570000 	C:\Windows\SYSTEM32\OLEACC.dll
0x54200000 - 0x54276000 	C:\Windows\SYSTEM32\RICHED20.dll
0x72ee0000 - 0x72ee8000 	C:\Windows\SYSTEM32\VERSION.dll
0x720b0000 - 0x720c4000 	C:\Windows\SYSTEM32\USP10.dll
0x72c50000 - 0x72cc5000 	C:\Windows\SYSTEM32\DNSAPI.dll
0x06380000 - 0x0642a000 	C:\Windows\libeay32.dll
0x06430000 - 0x0643d000 	C:\binaries\libintl-2.dll
0x72ed0000 - 0x72ed6000 	C:\Windows\SYSTEM32\SHFOLDER.DLL
0x06440000 - 0x06466000 	C:\Windows\ssleay32.dll
0x06470000 - 0x06496000 	C:\binaries\libexpat.dll
0x60770000 - 0x60811000 	C:\Windows\SYSTEM32\ODBC32.dll
0x60760000 - 0x60767000 	C:\Windows\SYSTEM32\DCIMAN32.dll
0x663b0000 - 0x663db000 	C:\Windows\SYSTEM32\msls31.dll
0x064f0000 - 0x065cb000 	C:\binaries\libiconv-2.dll
0x6f600000 - 0x6f61d000 	C:\Windows\SYSTEM32\gpapi.dll
0x74530000 - 0x74556000 	C:\Windows\SYSTEM32\ntmarta.dll
0x54e60000 - 0x55708000 	C:\binaries\icudt46.dll
0x53850000 - 0x53979000 	C:\Windows\SYSTEM32\dbghelp.dll
0x72040000 - 0x72050000 	C:\Windows\system32\napinsp.dll
0x72020000 - 0x72034000 	C:\Windows\system32\pnrpnsp.dll
0x72010000 - 0x72020000 	C:\Windows\system32\NLAapi.dll
0x72000000 - 0x72009000 	C:\Windows\System32\winrnr.dll
0x71ac0000 - 0x71ad0000 	C:\Windows\system32\wshbth.dll
0x726a0000 - 0x726a7000 	C:\Windows\System32\rasadhlp.dll
0x71c30000 - 0x71c6f000 	C:\Windows\System32\fwpuclnt.dll
0x72cd0000 - 0x72cf0000 	C:\Windows\SYSTEM32\IPHLPAPI.DLL
0x72c40000 - 0x72c48000 	C:\Windows\SYSTEM32\WINNSI.DLL
0x730d0000 - 0x730ea000 	C:\Windows\SYSTEM32\CRYPTSP.dll
0x73090000 - 0x730ce000 	C:\Windows\system32\rsaenh.dll
0x72c30000 - 0x72c40000 	C:\Windows\SYSTEM32\dhcpcsvc6.DLL
0x72c10000 - 0x72c22000 	C:\Windows\SYSTEM32\dhcpcsvc.DLL
0x59210000 - 0x59235000 	C:\Program Files (x86)\Java\jre7\bin\jpeg.dll

VM Arguments:
jvm_args: -Dfile.encoding=ISO-8859-1 
java_command: com.nexusbr.gv.main.ConnectDBMain
Launcher Type: SUN_STANDARD

Environment Variables:
JAVA_HOME=C:\Program Files (x86)\Java\jre7
PATH=C:/Program Files (x86)/Java/jre7/bin/client;C:/Program Files (x86)/Java/jre7/bin;C:/Program Files (x86)/Java/jre7/lib/i386;C:\Program Files (x86)\PHP\;c:\Program Files (x86)\Intel\iCLS Client\;c:\Program Files\Intel\iCLS Client\;C:\Windows\system32;C:\Windows;C:\Windows\System32\Wbem;C:\Windows\System32\WindowsPowerShell\v1.0\;C:\Program Files\Intel\Intel(R) Management Engine Components\DAL;C:\Program Files\Intel\Intel(R) Management Engine Components\IPT;C:\Program Files (x86)\Intel\Intel(R) Management Engine Components\DAL;C:\Program Files (x86)\Intel\Intel(R) Management Engine Components\IPT;C:\Program Files (x86)\Intel\OpenCL SDK\3.0\bin\x86;C:\Program Files (x86)\Intel\OpenCL SDK\3.0\bin\x64;C:\Program Files (x86)\Windows Live\Shared;C:\binaries;c:\Program Files (x86)\Microsoft SQL Server\100\Tools\Binn\;c:\Program Files\Microsoft SQL Server\100\Tools\Binn\;c:\Program Files\Microsoft SQL Server\100\DTS\Binn\;C:\strawberry\c\bin;C:\strawberry\perl\site\bin;C:\strawberry\perl\bin;C:\Program Files (x86)\Microsoft SQL Server\110\Tools\Binn\ManagementStudio\;C:\Program Files (x86)\Microsoft SQL Server\110\Tools\Binn\;C:\Program Files\Microsoft SQL Server\110\Tools\Binn\;C:\Program Files (x86)\Microsoft SQL Server\110\DTS\Binn\;C:\Program Files\TortoiseSVN\bin;C:\Python34;C:\Program Files (x86)\Java\jre7\bin;C:\eclipse;
USERNAME=inacio
OS=Windows_NT
PROCESSOR_IDENTIFIER=Intel64 Family 6 Model 69 Stepping 1, GenuineIntel



---------------  S Y S T E M  ---------------

OS: Windows 8 , 64 bit Build 9200 

CPU:total 4 (2 cores per cpu, 2 threads per core) family 6 model 69 stepping 1, cmov, cx8, fxsr, mmx, sse, sse2, sse3, ssse3, sse4.1, sse4.2, popcnt, avx, avx2, aes, erms, ht, tsc, tscinvbit

Memory: 4k page, physical 8290700k(2417420k free), swap 9535884k(3581000k free)

vm_info: Java HotSpot(TM) Client VM (24.60-b09) for windows-x86 JRE (1.7.0_60-b19), built on May  7 2014 13:09:52 by "java_re" with unknown MS VC++:1600

time: Fri Jul 04 09:15:21 2014
elapsed time: 55 seconds

