#
# A fatal error has been detected by the Java Runtime Environment:
#
#  EXCEPTION_ACCESS_VIOLATION (0xc0000005) at pc=0x105d9052, pid=9192, tid=6216
#
# JRE version: Java(TM) SE Runtime Environment (7.0_60-b19) (build 1.7.0_60-b19)
# Java VM: Java HotSpot(TM) Client VM (24.60-b09 mixed mode, sharing windows-x86 )
# Problematic frame:
# C  [berkelium.dll+0xa39052]
#
# Failed to write core dump. Minidumps are not enabled by default on client versions of Windows
#
# If you would like to submit a bug report, please visit:
#   http://bugreport.sun.com/bugreport/crash.jsp
#

---------------  T H R E A D  ---------------

Current thread (0x023ffc00):  VMThread [stack: 0x04550000,0x045a0000] [id=6216]

siginfo: ExceptionCode=0xc0000005, reading address 0x000000f8

Registers:
EAX=0x0459f584, EBX=0x000493e0, ECX=0x0459f584, EDX=0x10864560
ESP=0x0459f574, EBP=0x00000087, ESI=0x00000000, EDI=0x2267e860
EIP=0x105d9052, EFLAGS=0x00010206

Top of Stack: (sp=0x0459f574)
0x0459f574:   06f51168 06f51168 06eaab00 00000000
0x0459f584:   10864560 00000087 06f43a20 06f4e900
0x0459f594:   00000000 00000000 00000000 74616401
0x0459f5a4:   69642d61 071c0072 00000023 0000002f
0x0459f5b4:   00000000 06ed7070 002e5bf3 06f51000
0x0459f5c4:   06eaab44 ffffff00 0fc0bf20 11729778
0x0459f5d4:   06a10030 00000000 0000000f 1172a730
0x0459f5e4:   00000001 0fc09783 00000008 00000001 

Instructions: (pc=0x105d9052)
0x105d9032:   03 00 00 57 53 e8 f4 c8 60 ff 8b ea 8d 54 24 10
0x105d9042:   52 8b f8 e8 26 ca 00 00 83 c4 04 03 38 13 68 04
0x105d9052:   8b 86 f8 00 00 00 0b 86 fc 00 00 00 89 7c 24 20
0x105d9062:   89 6c 24 24 75 3e 39 84 24 d4 00 00 00 7f 35 7c 


Register to memory mapping:

EAX=
[error occurred during error reporting (printing register info), id 0xc0000005]

Stack: [0x04550000,0x045a0000],  sp=0x0459f574,  free space=317k
Native frames: (J=compiled Java code, j=interpreted, Vv=VM code, C=native code)
C  [berkelium.dll+0xa39052]

VM_Operation (0x05b3eb00): Exit, mode: safepoint, requested by thread 0x056b8400


---------------  P R O C E S S  ---------------

Java Threads: ( => current thread )
  0x04a3e400 JavaThread "Image Fetcher 2" daemon [_thread_blocked, id=4668, stack(0x07850000,0x078a0000)]
  0x08acb000 JavaThread "Image Fetcher 3" daemon [_thread_blocked, id=10916, stack(0x080a0000,0x080f0000)]
  0x05810400 JavaThread "Image Fetcher 1" daemon [_thread_blocked, id=8832, stack(0x081c0000,0x08210000)]
  0x05813800 JavaThread "Image Fetcher 0" daemon [_thread_blocked, id=3856, stack(0x079b0000,0x07a00000)]
  0x05812400 JavaThread "Keep-Alive-Timer" daemon [_thread_blocked, id=4180, stack(0x0a540000,0x0a590000)]
  0x056fbc00 JavaThread "WeakCollectionCleaner" daemon [_thread_blocked, id=10448, stack(0x09170000,0x091c0000)]
  0x05a3a400 JavaThread "TimerQueue" daemon [_thread_blocked, id=928, stack(0x07920000,0x07970000)]
  0x023de000 JavaThread "DestroyJavaVM" [_thread_blocked, id=10816, stack(0x00a20000,0x00a70000)]
  0x056b8400 JavaThread "AWT-EventQueue-0" [_thread_blocked, id=10792, stack(0x05af0000,0x05b40000)]
  0x04b75c00 JavaThread "AWT-Shutdown" [_thread_blocked, id=8332, stack(0x051c0000,0x05210000)]
  0x04b74c00 JavaThread "Java2D Disposer" daemon [_thread_blocked, id=6372, stack(0x05130000,0x05180000)]
  0x02479000 JavaThread "Service Thread" daemon [_thread_blocked, id=10824, stack(0x048b0000,0x04900000)]
  0x02474c00 JavaThread "C1 CompilerThread0" daemon [_thread_blocked, id=8084, stack(0x04820000,0x04870000)]
  0x02473000 JavaThread "Attach Listener" daemon [_thread_blocked, id=10164, stack(0x04790000,0x047e0000)]
  0x02470c00 JavaThread "Signal Dispatcher" daemon [_thread_blocked, id=10652, stack(0x04700000,0x04750000)]
  0x02406000 JavaThread "Finalizer" daemon [_thread_blocked, id=6592, stack(0x04670000,0x046c0000)]
  0x02401000 JavaThread "Reference Handler" daemon [_thread_blocked, id=4552, stack(0x045e0000,0x04630000)]

Other Threads:
=>0x023ffc00 VMThread [stack: 0x04550000,0x045a0000] [id=6216]

VM state:at safepoint (shutting down)

VM Mutex/Monitor currently owned by a thread:  ([mutex/lock_event])
[0x023dc4d0] Threads_lock - owner thread: 0x023ffc00

Heap
 def new generation   total 32896K, used 23754K [0x24000000, 0x263b0000, 0x29550000)
  eden space 29248K,  68% used [0x24000000, 0x253a2948, 0x25c90000)
  from space 3648K, 100% used [0x25c90000, 0x26020000, 0x26020000)
  to   space 3648K,   0% used [0x26020000, 0x26020000, 0x263b0000)
 tenured generation   total 72936K, used 68583K [0x29550000, 0x2dc8a000, 0x34000000)
   the space 72936K,  94% used [0x29550000, 0x2d849c78, 0x2d849e00, 0x2dc8a000)
 compacting perm gen  total 12288K, used 8813K [0x34000000, 0x34c00000, 0x38000000)
   the space 12288K,  71% used [0x34000000, 0x3489b5d0, 0x3489b600, 0x34c00000)
    ro space 10240K,  42% used [0x38000000, 0x38434778, 0x38434800, 0x38a00000)
    rw space 12288K,  52% used [0x38a00000, 0x39049a68, 0x39049c00, 0x39600000)

Card table byte_map: [0x02300000,0x023b0000] byte_map_base: 0x021e0000

Polling page: 0x00aa0000

Code Cache  [0x024e0000, 0x02718000, 0x044e0000)
 total_blobs=1351 nmethods=1064 adapters=223 free_code_cache=30497Kb largest_free_block=31228224

Compilation events (10 events):
Event: 13.786 Thread 0x02474c00 1068             sun.java2d.SunGraphics2D::setRenderingHint (523 bytes)
Event: 13.787 Thread 0x02474c00 nmethod 1068 0x02716288 code [0x02716460, 0x02716c0c]
Event: 13.839 Thread 0x02474c00 1069             javax.swing.plaf.synth.SynthLookAndFeel::getSelectedUI (13 bytes)
Event: 13.839 Thread 0x02474c00 nmethod 1069 0x02717188 code [0x027172a0, 0x02717368]
Event: 13.949 Thread 0x02474c00 1071             sun.awt.SunToolkit::getSystemEventQueueImpl (4 bytes)
Event: 13.949 Thread 0x02474c00 nmethod 1071 0x02717708 code [0x02717820, 0x027178f8]
Event: 13.949 Thread 0x02474c00 1072             sun.awt.SunToolkit::getSystemEventQueueImplPP (7 bytes)
Event: 13.949 Thread 0x02474c00 nmethod 1072 0x02717a08 code [0x02717b20, 0x02717be8]
Event: 14.478 Thread 0x02474c00 1073             java.awt.Toolkit::getEventQueue (7 bytes)
Event: 14.479 Thread 0x02474c00 nmethod 1073 0x02717cc8 code [0x02717dd0, 0x02717e68]

GC Heap History (10 events):
Event: 8.801 GC heap before
{Heap before GC invocations=17 (full 3):
 def new generation   total 13248K, used 10189K [0x24000000, 0x24e50000, 0x29550000)
  eden space 11840K,  75% used [0x24000000, 0x248b06b8, 0x24b90000)
  from space 1408K,  91% used [0x24cf0000, 0x24e32ed8, 0x24e50000)
  to   space 1408K,   0% used [0x24b90000, 0x24b90000, 0x24cf0000)
 tenured generation   total 34952K, used 34907K [0x29550000, 0x2b772000, 0x34000000)
   the space 34952K,  99% used [0x29550000, 0x2b766cc8, 0x2b766e00, 0x2b772000)
 compacting perm gen  total 12288K, used 8789K [0x34000000, 0x34c00000, 0x38000000)
   the space 12288K,  71% used [0x34000000, 0x34895478, 0x34895600, 0x34c00000)
    ro space 10240K,  42% used [0x38000000, 0x38434778, 0x38434800, 0x38a00000)
    rw space 12288K,  52% used [0x38a00000, 0x39049a68, 0x39049c00, 0x39600000)
Event: 8.851 GC heap after
Heap after GC invocations=18 (full 4):
 def new generation   total 22464K, used 0K [0x24000000, 0x25860000, 0x29550000)
  eden space 19968K,   0% used [0x24000000, 0x24000000, 0x25380000)
  from space 2496K,   0% used [0x25380000, 0x25380000, 0x255f0000)
  to   space 2496K,   0% used [0x255f0000, 0x255f0000, 0x25860000)
 tenured generation   total 49784K, used 29868K [0x29550000, 0x2c5ee000, 0x34000000)
   the space 49784K,  59% used [0x29550000, 0x2b27b010, 0x2b27b200, 0x2c5ee000)
 compacting perm gen  total 12288K, used 8782K [0x34000000, 0x34c00000, 0x38000000)
   the space 12288K,  71% used [0x34000000, 0x34893a30, 0x34893c00, 0x34c00000)
    ro space 10240K,  42% used [0x38000000, 0x38434778, 0x38434800, 0x38a00000)
    rw space 12288K,  52% used [0x38a00000, 0x39049a68, 0x39049c00, 0x39600000)
}
Event: 8.892 GC heap before
{Heap before GC invocations=18 (full 4):
 def new generation   total 22464K, used 19855K [0x24000000, 0x25860000, 0x29550000)
  eden space 19968K,  99% used [0x24000000, 0x25363e28, 0x25380000)
  from space 2496K,   0% used [0x25380000, 0x25380000, 0x255f0000)
  to   space 2496K,   0% used [0x255f0000, 0x255f0000, 0x25860000)
 tenured generation   total 49784K, used 29868K [0x29550000, 0x2c5ee000, 0x34000000)
   the space 49784K,  59% used [0x29550000, 0x2b27b010, 0x2b27b200, 0x2c5ee000)
 compacting perm gen  total 12288K, used 8783K [0x34000000, 0x34c00000, 0x38000000)
   the space 12288K,  71% used [0x34000000, 0x34893dc0, 0x34893e00, 0x34c00000)
    ro space 10240K,  42% used [0x38000000, 0x38434778, 0x38434800, 0x38a00000)
    rw space 12288K,  52% used [0x38a00000, 0x39049a68, 0x39049c00, 0x39600000)
Event: 8.896 GC heap after
Heap after GC invocations=19 (full 4):
 def new generation   total 22464K, used 2495K [0x24000000, 0x25860000, 0x29550000)
  eden space 19968K,   0% used [0x24000000, 0x24000000, 0x25380000)
  from space 2496K,  99% used [0x255f0000, 0x2585fe80, 0x25860000)
  to   space 2496K,   0% used [0x25380000, 0x25380000, 0x255f0000)
 tenured generation   total 49784K, used 42467K [0x29550000, 0x2c5ee000, 0x34000000)
   the space 49784K,  85% used [0x29550000, 0x2bec8c30, 0x2bec8e00, 0x2c5ee000)
 compacting perm gen  total 12288K, used 8783K [0x34000000, 0x34c00000, 0x38000000)
   the space 12288K,  71% used [0x34000000, 0x34893dc0, 0x34893e00, 0x34c00000)
    ro space 10240K,  42% used [0x38000000, 0x38434778, 0x38434800, 0x38a00000)
    rw space 12288K,  52% used [0x38a00000, 0x39049a68, 0x39049c00, 0x39600000)
}
Event: 9.370 GC heap before
{Heap before GC invocations=19 (full 4):
 def new generation   total 22464K, used 21264K [0x24000000, 0x25860000, 0x29550000)
  eden space 19968K,  93% used [0x24000000, 0x25254460, 0x25380000)
  from space 2496K,  99% used [0x255f0000, 0x2585fe80, 0x25860000)
  to   space 2496K,   0% used [0x25380000, 0x25380000, 0x255f0000)
 tenured generation   total 49784K, used 42467K [0x29550000, 0x2c5ee000, 0x34000000)
   the space 49784K,  85% used [0x29550000, 0x2bec8c30, 0x2bec8e00, 0x2c5ee000)
 compacting perm gen  total 12288K, used 8803K [0x34000000, 0x34c00000, 0x38000000)
   the space 12288K,  71% used [0x34000000, 0x34898dd0, 0x34898e00, 0x34c00000)
    ro space 10240K,  42% used [0x38000000, 0x38434778, 0x38434800, 0x38a00000)
    rw space 12288K,  52% used [0x38a00000, 0x39049a68, 0x39049c00, 0x39600000)
Event: 9.428 GC heap after
Heap after GC invocations=20 (full 5):
 def new generation   total 32896K, used 0K [0x24000000, 0x263b0000, 0x29550000)
  eden space 29248K,   0% used [0x24000000, 0x24000000, 0x25c90000)
  from space 3648K,   0% used [0x25c90000, 0x25c90000, 0x26020000)
  to   space 3648K,   0% used [0x26020000, 0x26020000, 0x263b0000)
 tenured generation   total 72936K, used 43761K [0x29550000, 0x2dc8a000, 0x34000000)
   the space 72936K,  59% used [0x29550000, 0x2c00c4a0, 0x2c00c600, 0x2dc8a000)
 compacting perm gen  total 12288K, used 8803K [0x34000000, 0x34c00000, 0x38000000)
   the space 12288K,  71% used [0x34000000, 0x34898dd0, 0x34898e00, 0x34c00000)
    ro space 10240K,  42% used [0x38000000, 0x38434778, 0x38434800, 0x38a00000)
    rw space 12288K,  52% used [0x38a00000, 0x39049a68, 0x39049c00, 0x39600000)
}
Event: 9.978 GC heap before
{Heap before GC invocations=20 (full 5):
 def new generation   total 32896K, used 26391K [0x24000000, 0x263b0000, 0x29550000)
  eden space 29248K,  90% used [0x24000000, 0x259c5f48, 0x25c90000)
  from space 3648K,   0% used [0x25c90000, 0x25c90000, 0x26020000)
  to   space 3648K,   0% used [0x26020000, 0x26020000, 0x263b0000)
 tenured generation   total 72936K, used 43761K [0x29550000, 0x2dc8a000, 0x34000000)
   the space 72936K,  59% used [0x29550000, 0x2c00c4a0, 0x2c00c600, 0x2dc8a000)
 compacting perm gen  total 12288K, used 8803K [0x34000000, 0x34c00000, 0x38000000)
   the space 12288K,  71% used [0x34000000, 0x34898ec0, 0x34899000, 0x34c00000)
    ro space 10240K,  42% used [0x38000000, 0x38434778, 0x38434800, 0x38a00000)
    rw space 12288K,  52% used [0x38a00000, 0x39049a68, 0x39049c00, 0x39600000)
Event: 9.982 GC heap after
Heap after GC invocations=21 (full 5):
 def new generation   total 32896K, used 3121K [0x24000000, 0x263b0000, 0x29550000)
  eden space 29248K,   0% used [0x24000000, 0x24000000, 0x25c90000)
  from space 3648K,  85% used [0x26020000, 0x2632c5a8, 0x263b0000)
  to   space 3648K,   0% used [0x25c90000, 0x25c90000, 0x26020000)
 tenured generation   total 72936K, used 52945K [0x29550000, 0x2dc8a000, 0x34000000)
   the space 72936K,  72% used [0x29550000, 0x2c904700, 0x2c904800, 0x2dc8a000)
 compacting perm gen  total 12288K, used 8803K [0x34000000, 0x34c00000, 0x38000000)
   the space 12288K,  71% used [0x34000000, 0x34898ec0, 0x34899000, 0x34c00000)
    ro space 10240K,  42% used [0x38000000, 0x38434778, 0x38434800, 0x38a00000)
    rw space 12288K,  52% used [0x38a00000, 0x39049a68, 0x39049c00, 0x39600000)
}
Event: 13.490 GC heap before
{Heap before GC invocations=21 (full 5):
 def new generation   total 32896K, used 32498K [0x24000000, 0x263b0000, 0x29550000)
  eden space 29248K,  99% used [0x24000000, 0x25c70520, 0x25c90000)
  from space 3648K,  92% used [0x26020000, 0x2636c5b8, 0x263b0000)
  to   space 3648K,   0% used [0x25c90000, 0x25c90000, 0x26020000)
 tenured generation   total 72936K, used 52945K [0x29550000, 0x2dc8a000, 0x34000000)
   the space 72936K,  72% used [0x29550000, 0x2c904700, 0x2c904800, 0x2dc8a000)
 compacting perm gen  total 12288K, used 8809K [0x34000000, 0x34c00000, 0x38000000)
   the space 12288K,  71% used [0x34000000, 0x3489a720, 0x3489a800, 0x34c00000)
    ro space 10240K,  42% used [0x38000000, 0x38434778, 0x38434800, 0x38a00000)
    rw space 12288K,  52% used [0x38a00000, 0x39049a68, 0x39049c00, 0x39600000)
Event: 13.500 GC heap after
Heap after GC invocations=22 (full 5):
 def new generation   total 32896K, used 3648K [0x24000000, 0x263b0000, 0x29550000)
  eden space 29248K,   0% used [0x24000000, 0x24000000, 0x25c90000)
  from space 3648K, 100% used [0x25c90000, 0x26020000, 0x26020000)
  to   space 3648K,   0% used [0x26020000, 0x26020000, 0x263b0000)
 tenured generation   total 72936K, used 68583K [0x29550000, 0x2dc8a000, 0x34000000)
   the space 72936K,  94% used [0x29550000, 0x2d849c78, 0x2d849e00, 0x2dc8a000)
 compacting perm gen  total 12288K, used 8809K [0x34000000, 0x34c00000, 0x38000000)
   the space 12288K,  71% used [0x34000000, 0x3489a720, 0x3489a800, 0x34c00000)
    ro space 10240K,  42% used [0x38000000, 0x38434778, 0x38434800, 0x38a00000)
    rw space 12288K,  52% used [0x38a00000, 0x39049a68, 0x39049c00, 0x39600000)
}

Deoptimization events (0 events):
No events

Internal exceptions (10 events):
Event: 10.397 Thread 0x05813000 Threw 0x246c8830 at C:\re\jdk7u60\1081\hotspot\src\share\vm\prims\jni.cpp:743
Event: 10.398 Thread 0x05813000 Threw 0x246c8aa0 at C:\re\jdk7u60\1081\hotspot\src\share\vm\prims\jni.cpp:743
Event: 10.398 Thread 0x05813000 Threw 0x246c8d10 at C:\re\jdk7u60\1081\hotspot\src\share\vm\prims\jni.cpp:743
Event: 10.397 Thread 0x08ac9000 Threw 0x24703050 at C:\re\jdk7u60\1081\hotspot\src\share\vm\prims\jni.cpp:743
Event: 10.398 Thread 0x08aca800 Threw 0x246d7238 at C:\re\jdk7u60\1081\hotspot\src\share\vm\prims\jni.cpp:743
Event: 10.398 Thread 0x08aca800 Threw 0x246d74a8 at C:\re\jdk7u60\1081\hotspot\src\share\vm\prims\jni.cpp:743
Event: 10.398 Thread 0x08aca800 Threw 0x246d7718 at C:\re\jdk7u60\1081\hotspot\src\share\vm\prims\jni.cpp:743
Event: 10.402 Thread 0x08ac9000 Threw 0x247032c0 at C:\re\jdk7u60\1081\hotspot\src\share\vm\prims\jni.cpp:743
Event: 10.402 Thread 0x08ac9000 Threw 0x24703530 at C:\re\jdk7u60\1081\hotspot\src\share\vm\prims\jni.cpp:743
Event: 13.982 Thread 0x056fa400 Threw 0x24010ac8 at C:\re\jdk7u60\1081\hotspot\src\share\vm\prims\jvm.cpp:2917

Events (10 events):
Event: 14.822 loading class 0x39670c20
Event: 14.822 Thread 0x08acb400 Thread exited: 0x08acb400
Event: 14.822 loading class 0x39670bc8
Event: 14.822 loading class 0x39670bc8 done
Event: 14.822 loading class 0x39670c20 done
Event: 14.822 Thread 0x08ac8400 Thread exited: 0x08ac8400
Event: 14.822 Thread 0x08ac8800 Thread exited: 0x08ac8800
Event: 14.829 Thread 0x04b76400 Thread exited: 0x04b76400
Event: 14.923 Thread 0x08acbc00 Thread exited: 0x08acbc00
Event: 14.923 Executing VM operation: Exit


Dynamic libraries:
0x00a70000 - 0x00a9f000 	C:\Program Files (x86)\Java\jre7\bin\javaw.exe
0x76fe0000 - 0x77137000 	C:\Windows\SYSTEM32\ntdll.dll
0x74690000 - 0x747c0000 	C:\Windows\SYSTEM32\KERNEL32.DLL
0x76a80000 - 0x76b27000 	C:\Windows\SYSTEM32\KERNELBASE.dll
0x747c0000 - 0x7486e000 	C:\Windows\SYSTEM32\ADVAPI32.dll
0x764f0000 - 0x76606000 	C:\Windows\SYSTEM32\USER32.dll
0x73130000 - 0x73328000 	C:\Windows\WinSxS\x86_microsoft.windows.common-controls_6595b64144ccf1df_6.0.9200.16579_none_8937eec6860750f5\COMCTL32.dll
0x76000000 - 0x760b1000 	C:\Windows\SYSTEM32\msvcrt.dll
0x74870000 - 0x748a4000 	C:\Windows\SYSTEM32\sechost.dll
0x760c0000 - 0x7616c000 	C:\Windows\SYSTEM32\RPCRT4.dll
0x748b0000 - 0x749ad000 	C:\Windows\SYSTEM32\GDI32.dll
0x745d0000 - 0x745ed000 	C:\Windows\SYSTEM32\SspiCli.dll
0x745c0000 - 0x745c9000 	C:\Windows\SYSTEM32\CRYPTBASE.dll
0x74560000 - 0x745b1000 	C:\Windows\SYSTEM32\bcryptPrimitives.dll
0x762e0000 - 0x76300000 	C:\Windows\system32\IMM32.DLL
0x76680000 - 0x7675e000 	C:\Windows\SYSTEM32\MSCTF.dll
0x5e970000 - 0x5ea2f000 	C:\Program Files (x86)\Java\jre7\bin\msvcr100.dll
0x5e310000 - 0x5e698000 	C:\Program Files (x86)\Java\jre7\bin\client\jvm.dll
0x71c10000 - 0x71c18000 	C:\Windows\SYSTEM32\WSOCK32.dll
0x71fb0000 - 0x71fd1000 	C:\Windows\SYSTEM32\WINMM.dll
0x76300000 - 0x76306000 	C:\Windows\SYSTEM32\PSAPI.DLL
0x75f80000 - 0x75fd0000 	C:\Windows\SYSTEM32\WS2_32.dll
0x71c70000 - 0x71c9b000 	C:\Windows\SYSTEM32\WINMMBASE.dll
0x75ff0000 - 0x75ff8000 	C:\Windows\SYSTEM32\NSI.dll
0x76b30000 - 0x76b76000 	C:\Windows\SYSTEM32\cfgmgr32.dll
0x75f00000 - 0x75f1e000 	C:\Windows\SYSTEM32\DEVOBJ.dll
0x720a0000 - 0x720ac000 	C:\Program Files (x86)\Java\jre7\bin\verify.dll
0x70bb0000 - 0x70bd0000 	C:\Program Files (x86)\Java\jre7\bin\java.dll
0x70b90000 - 0x70ba3000 	C:\Program Files (x86)\Java\jre7\bin\zip.dll
0x6f490000 - 0x6f5d3000 	C:\Program Files (x86)\Java\jre7\bin\awt.dll
0x76c00000 - 0x76c8b000 	C:\Windows\SYSTEM32\OLEAUT32.dll
0x76de0000 - 0x76f16000 	C:\Windows\SYSTEM32\combase.dll
0x72dd0000 - 0x72e77000 	C:\Windows\system32\apphelp.dll
0x71a40000 - 0x71a59000 	C:\Windows\system32\DWMAPI.DLL
0x726b0000 - 0x72738000 	C:\Windows\system32\uxtheme.dll
0x76760000 - 0x76879000 	C:\Windows\SYSTEM32\ole32.dll
0x74da0000 - 0x75e66000 	C:\Windows\SYSTEM32\SHELL32.dll
0x75f40000 - 0x75f80000 	C:\Windows\SYSTEM32\SHLWAPI.dll
0x73330000 - 0x733a3000 	C:\Windows\SYSTEM32\shcore.dll
0x718b0000 - 0x718e9000 	C:\Program Files (x86)\Java\jre7\bin\fontmanager.dll
0x6f250000 - 0x6f264000 	C:\Program Files (x86)\Java\jre7\bin\net.dll
0x72e80000 - 0x72eca000 	C:\Windows\system32\mswsock.dll
0x718a0000 - 0x718af000 	C:\Program Files (x86)\Java\jre7\bin\nio.dll
0x706d0000 - 0x70700000 	C:\Program Files (x86)\Java\jre7\bin\t2k.dll
0x76b80000 - 0x76bf4000 	C:\Windows\SYSTEM32\clbcatq.dll
0x6a8a0000 - 0x6a9eb000 	C:\Windows\SYSTEM32\WindowsCodecs.dll
0x76dc0000 - 0x76dd1000 	C:\Windows\SYSTEM32\profapi.dll
0x68440000 - 0x68464000 	C:\Program Files (x86)\Java\jre7\bin\dcpr.dll
0x5e900000 - 0x5e96d000 	C:\binaries\terrajava.dll
0x5e220000 - 0x5e307000 	C:\binaries\terramanager-funcate.dll
0x59300000 - 0x59ba6000 	C:\binaries\terralib.dll
0x64af0000 - 0x64b59000 	C:\Windows\SYSTEM32\MSVCP100.dll
0x6d880000 - 0x6db4c000 	C:\binaries\bgd.dll
0x66b80000 - 0x66b9b000 	C:\binaries\terraogc_xml.dll
0x60460000 - 0x6047d000 	C:\binaries\terraogc_sld.dll
0x5f9a0000 - 0x5f9c6000 	C:\binaries\terraogc_se.dll
0x5e8c0000 - 0x5e8f6000 	C:\binaries\terraogc_filter.dll
0x5e1c0000 - 0x5e212000 	C:\binaries\terraogc_ows.dll
0x5f980000 - 0x5f999000 	C:\binaries\terraogc_common.dll
0x684c0000 - 0x684cb000 	C:\binaries\terralib_shp.dll
0x60450000 - 0x6045e000 	C:\binaries\terralib_spl.dll
0x06070000 - 0x06466000 	C:\binaries\qt-mt338.dll
0x613d0000 - 0x6149e000 	C:\Windows\SYSTEM32\OPENGL32.dll
0x613a0000 - 0x613c3000 	C:\Windows\SYSTEM32\GLU32.dll
0x5e140000 - 0x5e1bf000 	C:\binaries\qwt500.dll
0x0fba0000 - 0x11b9f000 	C:\binaries\berkelium.dll
0x06470000 - 0x065b1000 	C:\binaries\LIBMYSQL.dll
0x63100000 - 0x63121000 	C:\binaries\LIBPQ.dll
0x065c0000 - 0x06621000 	C:\binaries\OCI.dll
0x5da30000 - 0x5daba000 	C:\binaries\libtiff.dll
0x56580000 - 0x56d52000 	C:\binaries\gdal110.dll
0x12000000 - 0x121dc000 	C:\binaries\xerces-c_3_1.dll
0x592a0000 - 0x592f5000 	C:\binaries\terraogc_wms.dll
0x59240000 - 0x59293000 	C:\binaries\terraogc_gml.dll
0x5e0f0000 - 0x5e131000 	C:\binaries\terraogc_xsd.dll
0x5a810000 - 0x5a830000 	C:\binaries\terraogc_xacml.dll
0x71f30000 - 0x71f90000 	C:\Windows\SYSTEM32\WINSPOOL.DRV
0x7c340000 - 0x7c396000 	C:\Windows\SYSTEM32\MSVCR71.dll
0x608a0000 - 0x60979000 	C:\Windows\SYSTEM32\DDRAW.dll
0x727a0000 - 0x727a9000 	C:\Windows\SYSTEM32\Secur32.dll
0x75f20000 - 0x75f3b000 	C:\Windows\SYSTEM32\USERENV.dll
0x71520000 - 0x71570000 	C:\Windows\SYSTEM32\OLEACC.dll
0x54200000 - 0x54276000 	C:\Windows\SYSTEM32\RICHED20.dll
0x72ee0000 - 0x72ee8000 	C:\Windows\SYSTEM32\VERSION.dll
0x720b0000 - 0x720c4000 	C:\Windows\SYSTEM32\USP10.dll
0x72c50000 - 0x72cc5000 	C:\Windows\SYSTEM32\DNSAPI.dll
0x066d0000 - 0x0677a000 	C:\Windows\libeay32.dll
0x06780000 - 0x0678d000 	C:\binaries\libintl-2.dll
0x72ed0000 - 0x72ed6000 	C:\Windows\SYSTEM32\SHFOLDER.DLL
0x06790000 - 0x067b6000 	C:\Windows\ssleay32.dll
0x067c0000 - 0x067e6000 	C:\binaries\libexpat.dll
0x60770000 - 0x60811000 	C:\Windows\SYSTEM32\ODBC32.dll
0x60760000 - 0x60767000 	C:\Windows\SYSTEM32\DCIMAN32.dll
0x663b0000 - 0x663db000 	C:\Windows\SYSTEM32\msls31.dll
0x06840000 - 0x0691b000 	C:\binaries\libiconv-2.dll
0x6f600000 - 0x6f61d000 	C:\Windows\SYSTEM32\gpapi.dll
0x74530000 - 0x74556000 	C:\Windows\SYSTEM32\ntmarta.dll
0x54e60000 - 0x55708000 	C:\binaries\icudt46.dll
0x53850000 - 0x53979000 	C:\Windows\SYSTEM32\dbghelp.dll
0x72040000 - 0x72050000 	C:\Windows\system32\napinsp.dll
0x72020000 - 0x72034000 	C:\Windows\system32\pnrpnsp.dll
0x72010000 - 0x72020000 	C:\Windows\system32\NLAapi.dll
0x72000000 - 0x72009000 	C:\Windows\System32\winrnr.dll
0x71ac0000 - 0x71ad0000 	C:\Windows\system32\wshbth.dll
0x726a0000 - 0x726a7000 	C:\Windows\System32\rasadhlp.dll
0x71c30000 - 0x71c6f000 	C:\Windows\System32\fwpuclnt.dll
0x72cd0000 - 0x72cf0000 	C:\Windows\SYSTEM32\IPHLPAPI.DLL
0x72c40000 - 0x72c48000 	C:\Windows\SYSTEM32\WINNSI.DLL
0x730d0000 - 0x730ea000 	C:\Windows\SYSTEM32\CRYPTSP.dll
0x73090000 - 0x730ce000 	C:\Windows\system32\rsaenh.dll
0x72c30000 - 0x72c40000 	C:\Windows\SYSTEM32\dhcpcsvc6.DLL
0x72c10000 - 0x72c22000 	C:\Windows\SYSTEM32\dhcpcsvc.DLL
0x59210000 - 0x59235000 	C:\Program Files (x86)\Java\jre7\bin\jpeg.dll

VM Arguments:
jvm_args: -Dfile.encoding=ISO-8859-1 
java_command: com.nexusbr.gv.main.ConnectDBMain
Launcher Type: SUN_STANDARD

Environment Variables:
JAVA_HOME=C:\Program Files (x86)\Java\jre7
PATH=C:/Program Files (x86)/Java/jre7/bin/client;C:/Program Files (x86)/Java/jre7/bin;C:/Program Files (x86)/Java/jre7/lib/i386;C:\Program Files (x86)\PHP\;c:\Program Files (x86)\Intel\iCLS Client\;c:\Program Files\Intel\iCLS Client\;C:\Windows\system32;C:\Windows;C:\Windows\System32\Wbem;C:\Windows\System32\WindowsPowerShell\v1.0\;C:\Program Files\Intel\Intel(R) Management Engine Components\DAL;C:\Program Files\Intel\Intel(R) Management Engine Components\IPT;C:\Program Files (x86)\Intel\Intel(R) Management Engine Components\DAL;C:\Program Files (x86)\Intel\Intel(R) Management Engine Components\IPT;C:\Program Files (x86)\Intel\OpenCL SDK\3.0\bin\x86;C:\Program Files (x86)\Intel\OpenCL SDK\3.0\bin\x64;C:\Program Files (x86)\Windows Live\Shared;C:\binaries;c:\Program Files (x86)\Microsoft SQL Server\100\Tools\Binn\;c:\Program Files\Microsoft SQL Server\100\Tools\Binn\;c:\Program Files\Microsoft SQL Server\100\DTS\Binn\;C:\strawberry\c\bin;C:\strawberry\perl\site\bin;C:\strawberry\perl\bin;C:\Program Files (x86)\Microsoft SQL Server\110\Tools\Binn\ManagementStudio\;C:\Program Files (x86)\Microsoft SQL Server\110\Tools\Binn\;C:\Program Files\Microsoft SQL Server\110\Tools\Binn\;C:\Program Files (x86)\Microsoft SQL Server\110\DTS\Binn\;C:\Program Files\TortoiseSVN\bin;C:\Python34;C:\Program Files (x86)\Java\jre7\bin;C:\eclipse;
USERNAME=inacio
OS=Windows_NT
PROCESSOR_IDENTIFIER=Intel64 Family 6 Model 69 Stepping 1, GenuineIntel



---------------  S Y S T E M  ---------------

OS: Windows 8 , 64 bit Build 9200 

CPU:total 4 (2 cores per cpu, 2 threads per core) family 6 model 69 stepping 1, cmov, cx8, fxsr, mmx, sse, sse2, sse3, ssse3, sse4.1, sse4.2, popcnt, avx, avx2, aes, erms, ht, tsc, tscinvbit

Memory: 4k page, physical 8290700k(2439540k free), swap 9535884k(3464264k free)

vm_info: Java HotSpot(TM) Client VM (24.60-b09) for windows-x86 JRE (1.7.0_60-b19), built on May  7 2014 13:09:52 by "java_re" with unknown MS VC++:1600

time: Fri Jul 04 09:00:46 2014
elapsed time: 14 seconds

