#
# A fatal error has been detected by the Java Runtime Environment:
#
#  EXCEPTION_ACCESS_VIOLATION (0xc0000005) at pc=0x104b9052, pid=7460, tid=1844
#
# JRE version: Java(TM) SE Runtime Environment (7.0_60-b19) (build 1.7.0_60-b19)
# Java VM: Java HotSpot(TM) Client VM (24.60-b09 mixed mode, sharing windows-x86 )
# Problematic frame:
# C  [berkelium.dll+0xa39052]
#
# Failed to write core dump. Minidumps are not enabled by default on client versions of Windows
#
# If you would like to submit a bug report, please visit:
#   http://bugreport.sun.com/bugreport/crash.jsp
#

---------------  T H R E A D  ---------------

Current thread (0x0245fc00):  VMThread [stack: 0x04750000,0x047a0000] [id=1844]

siginfo: ExceptionCode=0xc0000005, reading address 0x000000f8

Registers:
EAX=0x0479ee54, EBX=0x000493e0, ECX=0x0479ee54, EDX=0x1fbbd438
ESP=0x0479ee44, EBP=0x00000072, ESI=0x00000000, EDI=0x319d7738
EIP=0x104b9052, EFLAGS=0x00010206

Top of Stack: (sp=0x0479ee44)
0x0479ee44:   07c436a8 07c436a8 070bab00 00000000
0x0479ee54:   1fbbd438 00000072 07bdd420 07ba12d0
0x0479ee64:   00000000 00000000 00000000 74616401
0x0479ee74:   69642d61 07410072 00000023 0000002f
0x0479ee84:   00000000 070e7070 002e5bde 07c43540
0x0479ee94:   070bab44 ffffff00 104b91dc 07bc1b80
0x0479eea4:   0741fcf4 00000000 0000000f 1160a730
0x0479eeb4:   00000001 0fae9783 00000008 00000001 

Instructions: (pc=0x104b9052)
0x104b9032:   03 00 00 57 53 e8 f4 c8 60 ff 8b ea 8d 54 24 10
0x104b9042:   52 8b f8 e8 26 ca 00 00 83 c4 04 03 38 13 68 04
0x104b9052:   8b 86 f8 00 00 00 0b 86 fc 00 00 00 89 7c 24 20
0x104b9062:   89 6c 24 24 75 3e 39 84 24 d4 00 00 00 7f 35 7c 


Register to memory mapping:

EAX=
[error occurred during error reporting (printing register info), id 0xc0000005]

Stack: [0x04750000,0x047a0000],  sp=0x0479ee44,  free space=315k
Native frames: (J=compiled Java code, j=interpreted, Vv=VM code, C=native code)
C  [berkelium.dll+0xa39052]

VM_Operation (0x05d4e610): Exit, mode: safepoint, requested by thread 0x024d1400


---------------  P R O C E S S  ---------------

Java Threads: ( => current thread )
  0x05bd9800 JavaThread "Image Fetcher 3" daemon [_thread_blocked, id=4448, stack(0x0b710000,0x0b760000)]
  0x05bd6c00 JavaThread "Image Fetcher 2" daemon [_thread_blocked, id=7744, stack(0x07d10000,0x07d60000)]
  0x05bd6400 JavaThread "WeakCollectionCleaner" daemon [_thread_blocked, id=7880, stack(0x09b90000,0x09be0000)]
  0x024d3400 JavaThread "TimerQueue" daemon [_thread_blocked, id=5184, stack(0x07b40000,0x07b90000)]
  0x024d2800 JavaThread "DestroyJavaVM" [_thread_blocked, id=9168, stack(0x023f0000,0x02440000)]
  0x024d1400 JavaThread "AWT-EventQueue-0" [_thread_blocked, id=4624, stack(0x05d00000,0x05d50000)]
  0x024d0c00 JavaThread "AWT-Shutdown" [_thread_blocked, id=6376, stack(0x053d0000,0x05420000)]
  0x024d3800 JavaThread "Java2D Disposer" daemon [_thread_blocked, id=7540, stack(0x05340000,0x05390000)]
  0x024d1c00 JavaThread "Service Thread" daemon [_thread_blocked, id=3124, stack(0x04ab0000,0x04b00000)]
  0x024d8000 JavaThread "C1 CompilerThread0" daemon [_thread_blocked, id=7236, stack(0x04a20000,0x04a70000)]
  0x024d4000 JavaThread "Attach Listener" daemon [_thread_blocked, id=4804, stack(0x04990000,0x049e0000)]
  0x024d2000 JavaThread "Signal Dispatcher" daemon [_thread_blocked, id=7456, stack(0x04900000,0x04950000)]
  0x02462800 JavaThread "Finalizer" daemon [_thread_blocked, id=8196, stack(0x04870000,0x048c0000)]
  0x02461000 JavaThread "Reference Handler" daemon [_thread_blocked, id=10072, stack(0x047e0000,0x04830000)]

Other Threads:
=>0x0245fc00 VMThread [stack: 0x04750000,0x047a0000] [id=1844]

VM state:at safepoint (shutting down)

VM Mutex/Monitor currently owned by a thread:  ([mutex/lock_event])
[0x025ac2c8] Threads_lock - owner thread: 0x0245fc00

Heap
 def new generation   total 38720K, used 14096K [0x24000000, 0x26a00000, 0x29550000)
  eden space 34432K,  28% used [0x24000000, 0x249acd08, 0x261a0000)
  from space 4288K,  97% used [0x261a0000, 0x265b73a8, 0x265d0000)
  to   space 4288K,   0% used [0x265d0000, 0x265d0000, 0x26a00000)
 tenured generation   total 85844K, used 73542K [0x29550000, 0x2e925000, 0x34000000)
   the space 85844K,  85% used [0x29550000, 0x2dd218a8, 0x2dd21a00, 0x2e925000)
 compacting perm gen  total 12288K, used 10650K [0x34000000, 0x34c00000, 0x38000000)
   the space 12288K,  86% used [0x34000000, 0x34a66a30, 0x34a66c00, 0x34c00000)
    ro space 10240K,  42% used [0x38000000, 0x38434778, 0x38434800, 0x38a00000)
    rw space 12288K,  52% used [0x38a00000, 0x39049a68, 0x39049c00, 0x39600000)

Card table byte_map: [0x04630000,0x046e0000] byte_map_base: 0x04510000

Polling page: 0x00a60000

Code Cache  [0x025b0000, 0x028e0000, 0x045b0000)
 total_blobs=1919 nmethods=1619 adapters=236 free_code_cache=29506Kb largest_free_block=30213760

Compilation events (10 events):
Event: 184.961 Thread 0x024d8000 1625             sun.font.FontDesignMetrics::getAscent (10 bytes)
Event: 184.961 Thread 0x024d8000 nmethod 1625 0x028ddbc8 code [0x028ddcc0, 0x028ddd70]
Event: 185.086 Thread 0x024d8000 1626             javax.swing.plaf.synth.SynthLabelUI::update (41 bytes)
Event: 185.087 Thread 0x024d8000 nmethod 1626 0x028dddc8 code [0x028ddfb0, 0x028de3b0]
Event: 185.087 Thread 0x024d8000 1627             javax.swing.plaf.synth.SynthLabelUI::paint (100 bytes)
Event: 185.088 Thread 0x024d8000 nmethod 1627 0x028dec08 code [0x028ded70, 0x028defb4]
Event: 185.818 Thread 0x024d8000 1628             sun.awt.windows.WWindowPeer::preprocessPostEvent (72 bytes)
Event: 185.818 Thread 0x024d8000 nmethod 1628 0x028df208 code [0x028df330, 0x028df498]
Event: 185.826 Thread 0x024d8000 1629   !         sun.awt.GlobalCursorManager$NativeUpdater::run (43 bytes)
Event: 185.826 Thread 0x024d8000 nmethod 1629 0x028df588 code [0x028df690, 0x028df8cc]

GC Heap History (10 events):
Event: 83.162 GC heap before
{Heap before GC invocations=21 (full 5):
 def new generation   total 25792K, used 24642K [0x24000000, 0x25bf0000, 0x29550000)
  eden space 22976K, 100% used [0x24000000, 0x25670000, 0x25670000)
  from space 2816K,  59% used [0x25670000, 0x25810ab8, 0x25930000)
  to   space 2816K,   0% used [0x25930000, 0x25930000, 0x25bf0000)
 tenured generation   total 57128K, used 55969K [0x29550000, 0x2cd1a000, 0x34000000)
   the space 57128K,  97% used [0x29550000, 0x2cbf87c0, 0x2cbf8800, 0x2cd1a000)
 compacting perm gen  total 12288K, used 10633K [0x34000000, 0x34c00000, 0x38000000)
   the space 12288K,  86% used [0x34000000, 0x34a62670, 0x34a62800, 0x34c00000)
    ro space 10240K,  42% used [0x38000000, 0x38434778, 0x38434800, 0x38a00000)
    rw space 12288K,  52% used [0x38a00000, 0x39049a68, 0x39049c00, 0x39600000)
Event: 83.170 GC heap after
Heap after GC invocations=22 (full 5):
 def new generation   total 25792K, used 2816K [0x24000000, 0x25bf0000, 0x29550000)
  eden space 22976K,   0% used [0x24000000, 0x24000000, 0x25670000)
  from space 2816K, 100% used [0x25930000, 0x25bf0000, 0x25bf0000)
  to   space 2816K,   0% used [0x25670000, 0x25670000, 0x25930000)
 tenured generation   total 60504K, used 60387K [0x29550000, 0x2d066000, 0x34000000)
   the space 60504K,  99% used [0x29550000, 0x2d048f30, 0x2d049000, 0x2d066000)
 compacting perm gen  total 12288K, used 10633K [0x34000000, 0x34c00000, 0x38000000)
   the space 12288K,  86% used [0x34000000, 0x34a62670, 0x34a62800, 0x34c00000)
    ro space 10240K,  42% used [0x38000000, 0x38434778, 0x38434800, 0x38a00000)
    rw space 12288K,  52% used [0x38a00000, 0x39049a68, 0x39049c00, 0x39600000)
}
Event: 85.916 GC heap before
{Heap before GC invocations=22 (full 5):
 def new generation   total 25792K, used 25792K [0x24000000, 0x25bf0000, 0x29550000)
  eden space 22976K, 100% used [0x24000000, 0x25670000, 0x25670000)
  from space 2816K, 100% used [0x25930000, 0x25bf0000, 0x25bf0000)
  to   space 2816K,   0% used [0x25670000, 0x25670000, 0x25930000)
 tenured generation   total 60504K, used 60390K [0x29550000, 0x2d066000, 0x34000000)
   the space 60504K,  99% used [0x29550000, 0x2d049b70, 0x2d049c00, 0x2d066000)
 compacting perm gen  total 12288K, used 10635K [0x34000000, 0x34c00000, 0x38000000)
   the space 12288K,  86% used [0x34000000, 0x34a62eb0, 0x34a63000, 0x34c00000)
    ro space 10240K,  42% used [0x38000000, 0x38434778, 0x38434800, 0x38a00000)
    rw space 12288K,  52% used [0x38a00000, 0x39049a68, 0x39049c00, 0x39600000)
Event: 85.923 GC heap after
Heap after GC invocations=23 (full 5):
 def new generation   total 25792K, used 1934K [0x24000000, 0x25bf0000, 0x29550000)
  eden space 22976K,   0% used [0x24000000, 0x24000000, 0x25670000)
  from space 2816K,  68% used [0x25670000, 0x25853aa8, 0x25930000)
  to   space 2816K,   0% used [0x25930000, 0x25930000, 0x25bf0000)
 tenured generation   total 72108K, used 71992K [0x29550000, 0x2dbbb000, 0x34000000)
   the space 72108K,  99% used [0x29550000, 0x2db9e170, 0x2db9e200, 0x2dbbb000)
 compacting perm gen  total 12288K, used 10635K [0x34000000, 0x34c00000, 0x38000000)
   the space 12288K,  86% used [0x34000000, 0x34a62eb0, 0x34a63000, 0x34c00000)
    ro space 10240K,  42% used [0x38000000, 0x38434778, 0x38434800, 0x38a00000)
    rw space 12288K,  52% used [0x38a00000, 0x39049a68, 0x39049c00, 0x39600000)
}
Event: 104.843 GC heap before
{Heap before GC invocations=23 (full 5):
 def new generation   total 25792K, used 21949K [0x24000000, 0x25bf0000, 0x29550000)
  eden space 22976K,  87% used [0x24000000, 0x2538bcb0, 0x25670000)
  from space 2816K,  68% used [0x25670000, 0x25853aa8, 0x25930000)
  to   space 2816K,   0% used [0x25930000, 0x25930000, 0x25bf0000)
 tenured generation   total 72108K, used 71992K [0x29550000, 0x2dbbb000, 0x34000000)
   the space 72108K,  99% used [0x29550000, 0x2db9e170, 0x2db9e200, 0x2dbbb000)
 compacting perm gen  total 12288K, used 10638K [0x34000000, 0x34c00000, 0x38000000)
   the space 12288K,  86% used [0x34000000, 0x34a63a08, 0x34a63c00, 0x34c00000)
    ro space 10240K,  42% used [0x38000000, 0x38434778, 0x38434800, 0x38a00000)
    rw space 12288K,  52% used [0x38a00000, 0x39049a68, 0x39049c00, 0x39600000)
Event: 104.912 GC heap after
Heap after GC invocations=24 (full 6):
 def new generation   total 38720K, used 0K [0x24000000, 0x26a00000, 0x29550000)
  eden space 34432K,   0% used [0x24000000, 0x24000000, 0x261a0000)
  from space 4288K,   0% used [0x261a0000, 0x261a0000, 0x265d0000)
  to   space 4288K,   0% used [0x265d0000, 0x265d0000, 0x26a00000)
 tenured generation   total 85844K, used 51505K [0x29550000, 0x2e925000, 0x34000000)
   the space 85844K,  59% used [0x29550000, 0x2c79c648, 0x2c79c800, 0x2e925000)
 compacting perm gen  total 12288K, used 10638K [0x34000000, 0x34c00000, 0x38000000)
   the space 12288K,  86% used [0x34000000, 0x34a63a08, 0x34a63c00, 0x34c00000)
    ro space 10240K,  42% used [0x38000000, 0x38434778, 0x38434800, 0x38a00000)
    rw space 12288K,  52% used [0x38a00000, 0x39049a68, 0x39049c00, 0x39600000)
}
Event: 107.918 GC heap before
{Heap before GC invocations=24 (full 6):
 def new generation   total 38720K, used 32996K [0x24000000, 0x26a00000, 0x29550000)
  eden space 34432K,  95% used [0x24000000, 0x26039190, 0x261a0000)
  from space 4288K,   0% used [0x261a0000, 0x261a0000, 0x265d0000)
  to   space 4288K,   0% used [0x265d0000, 0x265d0000, 0x26a00000)
 tenured generation   total 85844K, used 51505K [0x29550000, 0x2e925000, 0x34000000)
   the space 85844K,  59% used [0x29550000, 0x2c79c648, 0x2c79c800, 0x2e925000)
 compacting perm gen  total 12288K, used 10648K [0x34000000, 0x34c00000, 0x38000000)
   the space 12288K,  86% used [0x34000000, 0x34a66358, 0x34a66400, 0x34c00000)
    ro space 10240K,  42% used [0x38000000, 0x38434778, 0x38434800, 0x38a00000)
    rw space 12288K,  52% used [0x38a00000, 0x39049a68, 0x39049c00, 0x39600000)
Event: 107.931 GC heap after
Heap after GC invocations=25 (full 6):
 def new generation   total 38720K, used 4280K [0x24000000, 0x26a00000, 0x29550000)
  eden space 34432K,   0% used [0x24000000, 0x24000000, 0x261a0000)
  from space 4288K,  99% used [0x265d0000, 0x269fe1e0, 0x26a00000)
  to   space 4288K,   0% used [0x261a0000, 0x261a0000, 0x265d0000)
 tenured generation   total 85844K, used 61084K [0x29550000, 0x2e925000, 0x34000000)
   the space 85844K,  71% used [0x29550000, 0x2d0f73a8, 0x2d0f7400, 0x2e925000)
 compacting perm gen  total 12288K, used 10648K [0x34000000, 0x34c00000, 0x38000000)
   the space 12288K,  86% used [0x34000000, 0x34a66358, 0x34a66400, 0x34c00000)
    ro space 10240K,  42% used [0x38000000, 0x38434778, 0x38434800, 0x38a00000)
    rw space 12288K,  52% used [0x38a00000, 0x39049a68, 0x39049c00, 0x39600000)
}
Event: 110.089 GC heap before
{Heap before GC invocations=25 (full 6):
 def new generation   total 38720K, used 38712K [0x24000000, 0x26a00000, 0x29550000)
  eden space 34432K, 100% used [0x24000000, 0x261a0000, 0x261a0000)
  from space 4288K,  99% used [0x265d0000, 0x269fe1f0, 0x26a00000)
  to   space 4288K,   0% used [0x261a0000, 0x261a0000, 0x265d0000)
 tenured generation   total 85844K, used 61092K [0x29550000, 0x2e925000, 0x34000000)
   the space 85844K,  71% used [0x29550000, 0x2d0f93b8, 0x2d0f9400, 0x2e925000)
 compacting perm gen  total 12288K, used 10648K [0x34000000, 0x34c00000, 0x38000000)
   the space 12288K,  86% used [0x34000000, 0x34a66368, 0x34a66400, 0x34c00000)
    ro space 10240K,  42% used [0x38000000, 0x38434778, 0x38434800, 0x38a00000)
    rw space 12288K,  52% used [0x38a00000, 0x39049a68, 0x39049c00, 0x39600000)
Event: 110.094 GC heap after
Heap after GC invocations=26 (full 6):
 def new generation   total 38720K, used 4188K [0x24000000, 0x26a00000, 0x29550000)
  eden space 34432K,   0% used [0x24000000, 0x24000000, 0x261a0000)
  from space 4288K,  97% used [0x261a0000, 0x265b73a8, 0x265d0000)
  to   space 4288K,   0% used [0x265d0000, 0x265d0000, 0x26a00000)
 tenured generation   total 85844K, used 73542K [0x29550000, 0x2e925000, 0x34000000)
   the space 85844K,  85% used [0x29550000, 0x2dd218a8, 0x2dd21a00, 0x2e925000)
 compacting perm gen  total 12288K, used 10648K [0x34000000, 0x34c00000, 0x38000000)
   the space 12288K,  86% used [0x34000000, 0x34a66368, 0x34a66400, 0x34c00000)
    ro space 10240K,  42% used [0x38000000, 0x38434778, 0x38434800, 0x38a00000)
    rw space 12288K,  52% used [0x38a00000, 0x39049a68, 0x39049c00, 0x39600000)
}

Deoptimization events (0 events):
No events

Internal exceptions (10 events):
Event: 107.568 Thread 0x05bd8400 Threw 0x257fefd8 at C:\re\jdk7u60\1081\hotspot\src\share\vm\prims\jvm.cpp:2917
Event: 107.752 Thread 0x05bd9c00 Threw 0x259034f0 at C:\re\jdk7u60\1081\hotspot\src\share\vm\prims\jvm.cpp:2917
Event: 108.920 Thread 0x05bd8400 Threw 0x259d5808 at C:\re\jdk7u60\1081\hotspot\src\share\vm\prims\jvm.cpp:2917
Event: 110.369 Thread 0x05bd9c00 Threw 0x2403ee60 at C:\re\jdk7u60\1081\hotspot\src\share\vm\prims\jvm.cpp:2917
Event: 144.921 Thread 0x05bd3000 Threw 0x2422eeb8 at C:\re\jdk7u60\1081\hotspot\src\share\vm\prims\jvm.cpp:2917
Event: 145.104 Thread 0x05bd3000 Threw 0x24238f80 at C:\re\jdk7u60\1081\hotspot\src\share\vm\prims\jvm.cpp:2917
Event: 178.898 Thread 0x05bd2400 Threw 0x243f1ca0 at C:\re\jdk7u60\1081\hotspot\src\share\vm\prims\jvm.cpp:2917
Event: 179.082 Thread 0x05bd2400 Threw 0x243fbd68 at C:\re\jdk7u60\1081\hotspot\src\share\vm\prims\jvm.cpp:2917
Event: 184.623 Thread 0x05bd6c00 Threw 0x244fec60 at C:\re\jdk7u60\1081\hotspot\src\share\vm\prims\jvm.cpp:2917
Event: 185.196 Thread 0x05bd6c00 Threw 0x245a85b8 at C:\re\jdk7u60\1081\hotspot\src\share\vm\prims\jvm.cpp:2917

Events (10 events):
Event: 188.146 Thread 0x05bd3800 Thread exited: 0x05bd3800
Event: 188.146 Thread 0x05bd5c00 Thread exited: 0x05bd5c00
Event: 188.147 Executing VM operation: RevokeBias
Event: 188.147 Executing VM operation: RevokeBias done
Event: 188.147 Executing VM operation: RevokeBias
Event: 188.147 Executing VM operation: RevokeBias done
Event: 188.147 Thread 0x05bd7c00 Thread exited: 0x05bd7c00
Event: 188.152 Thread 0x024d4800 Thread exited: 0x024d4800
Event: 188.248 Thread 0x05bd5000 Thread exited: 0x05bd5000
Event: 188.248 Executing VM operation: Exit


Dynamic libraries:
0x00a70000 - 0x00a9f000 	C:\Program Files (x86)\Java\jre7\bin\javaw.exe
0x76fe0000 - 0x77137000 	C:\Windows\SYSTEM32\ntdll.dll
0x74690000 - 0x747c0000 	C:\Windows\SYSTEM32\KERNEL32.DLL
0x76a80000 - 0x76b27000 	C:\Windows\SYSTEM32\KERNELBASE.dll
0x747c0000 - 0x7486e000 	C:\Windows\SYSTEM32\ADVAPI32.dll
0x764f0000 - 0x76606000 	C:\Windows\SYSTEM32\USER32.dll
0x73130000 - 0x73328000 	C:\Windows\WinSxS\x86_microsoft.windows.common-controls_6595b64144ccf1df_6.0.9200.16579_none_8937eec6860750f5\COMCTL32.dll
0x76000000 - 0x760b1000 	C:\Windows\SYSTEM32\msvcrt.dll
0x74870000 - 0x748a4000 	C:\Windows\SYSTEM32\sechost.dll
0x760c0000 - 0x7616c000 	C:\Windows\SYSTEM32\RPCRT4.dll
0x748b0000 - 0x749ad000 	C:\Windows\SYSTEM32\GDI32.dll
0x745d0000 - 0x745ed000 	C:\Windows\SYSTEM32\SspiCli.dll
0x745c0000 - 0x745c9000 	C:\Windows\SYSTEM32\CRYPTBASE.dll
0x74560000 - 0x745b1000 	C:\Windows\SYSTEM32\bcryptPrimitives.dll
0x762e0000 - 0x76300000 	C:\Windows\system32\IMM32.DLL
0x76680000 - 0x7675e000 	C:\Windows\SYSTEM32\MSCTF.dll
0x58eb0000 - 0x58f6f000 	C:\Program Files (x86)\Java\jre7\bin\msvcr100.dll
0x6f250000 - 0x6f5d8000 	C:\Program Files (x86)\Java\jre7\bin\client\jvm.dll
0x71c10000 - 0x71c18000 	C:\Windows\SYSTEM32\WSOCK32.dll
0x71fb0000 - 0x71fd1000 	C:\Windows\SYSTEM32\WINMM.dll
0x76300000 - 0x76306000 	C:\Windows\SYSTEM32\PSAPI.DLL
0x75f80000 - 0x75fd0000 	C:\Windows\SYSTEM32\WS2_32.dll
0x71c70000 - 0x71c9b000 	C:\Windows\SYSTEM32\WINMMBASE.dll
0x75ff0000 - 0x75ff8000 	C:\Windows\SYSTEM32\NSI.dll
0x76b30000 - 0x76b76000 	C:\Windows\SYSTEM32\cfgmgr32.dll
0x75f00000 - 0x75f1e000 	C:\Windows\SYSTEM32\DEVOBJ.dll
0x720a0000 - 0x720ac000 	C:\Program Files (x86)\Java\jre7\bin\verify.dll
0x71910000 - 0x71930000 	C:\Program Files (x86)\Java\jre7\bin\java.dll
0x718d0000 - 0x718e3000 	C:\Program Files (x86)\Java\jre7\bin\zip.dll
0x58d60000 - 0x58ea3000 	C:\Program Files (x86)\Java\jre7\bin\awt.dll
0x76c00000 - 0x76c8b000 	C:\Windows\SYSTEM32\OLEAUT32.dll
0x76de0000 - 0x76f16000 	C:\Windows\SYSTEM32\combase.dll
0x72dd0000 - 0x72e77000 	C:\Windows\system32\apphelp.dll
0x71a40000 - 0x71a59000 	C:\Windows\system32\DWMAPI.DLL
0x726b0000 - 0x72738000 	C:\Windows\system32\uxtheme.dll
0x76760000 - 0x76879000 	C:\Windows\SYSTEM32\ole32.dll
0x74da0000 - 0x75e66000 	C:\Windows\SYSTEM32\SHELL32.dll
0x75f40000 - 0x75f80000 	C:\Windows\SYSTEM32\SHLWAPI.dll
0x73330000 - 0x733a3000 	C:\Windows\SYSTEM32\shcore.dll
0x5e160000 - 0x5e199000 	C:\Program Files (x86)\Java\jre7\bin\fontmanager.dll
0x718b0000 - 0x718c4000 	C:\Program Files (x86)\Java\jre7\bin\net.dll
0x72e80000 - 0x72eca000 	C:\Windows\system32\mswsock.dll
0x718a0000 - 0x718af000 	C:\Program Files (x86)\Java\jre7\bin\nio.dll
0x5e130000 - 0x5e160000 	C:\Program Files (x86)\Java\jre7\bin\t2k.dll
0x76b80000 - 0x76bf4000 	C:\Windows\SYSTEM32\clbcatq.dll
0x6a8a0000 - 0x6a9eb000 	C:\Windows\SYSTEM32\WindowsCodecs.dll
0x76dc0000 - 0x76dd1000 	C:\Windows\SYSTEM32\profapi.dll
0x5e100000 - 0x5e124000 	C:\Program Files (x86)\Java\jre7\bin\dcpr.dll
0x5da50000 - 0x5dabd000 	C:\binaries\terrajava.dll
0x58c70000 - 0x58d57000 	C:\binaries\terramanager-funcate.dll
0x564b0000 - 0x56d56000 	C:\binaries\terralib.dll
0x64af0000 - 0x64b59000 	C:\Windows\SYSTEM32\MSVCP100.dll
0x6d880000 - 0x6db4c000 	C:\binaries\bgd.dll
0x5da30000 - 0x5da4b000 	C:\binaries\terraogc_xml.dll
0x5a810000 - 0x5a82d000 	C:\binaries\terraogc_sld.dll
0x58c40000 - 0x58c66000 	C:\binaries\terraogc_se.dll
0x57250000 - 0x57286000 	C:\binaries\terraogc_filter.dll
0x571f0000 - 0x57242000 	C:\binaries\terraogc_ows.dll
0x571d0000 - 0x571e9000 	C:\binaries\terraogc_common.dll
0x5e0f0000 - 0x5e0fb000 	C:\binaries\terralib_shp.dll
0x5a800000 - 0x5a80e000 	C:\binaries\terralib_spl.dll
0x06280000 - 0x06676000 	C:\binaries\qt-mt338.dll
0x613d0000 - 0x6149e000 	C:\Windows\SYSTEM32\OPENGL32.dll
0x613a0000 - 0x613c3000 	C:\Windows\SYSTEM32\GLU32.dll
0x57150000 - 0x571cf000 	C:\binaries\qwt500.dll
0x0fa80000 - 0x11a7f000 	C:\binaries\berkelium.dll
0x06680000 - 0x067c1000 	C:\binaries\LIBMYSQL.dll
0x63100000 - 0x63121000 	C:\binaries\LIBPQ.dll
0x067d0000 - 0x06831000 	C:\binaries\OCI.dll
0x570c0000 - 0x5714a000 	C:\binaries\libtiff.dll
0x50f10000 - 0x516e2000 	C:\binaries\gdal110.dll
0x12000000 - 0x121dc000 	C:\binaries\xerces-c_3_1.dll
0x57060000 - 0x570b5000 	C:\binaries\terraogc_wms.dll
0x57000000 - 0x57053000 	C:\binaries\terraogc_gml.dll
0x56460000 - 0x564a1000 	C:\binaries\terraogc_xsd.dll
0x56fe0000 - 0x57000000 	C:\binaries\terraogc_xacml.dll
0x71f30000 - 0x71f90000 	C:\Windows\SYSTEM32\WINSPOOL.DRV
0x7c340000 - 0x7c396000 	C:\Windows\SYSTEM32\MSVCR71.dll
0x608a0000 - 0x60979000 	C:\Windows\SYSTEM32\DDRAW.dll
0x727a0000 - 0x727a9000 	C:\Windows\SYSTEM32\Secur32.dll
0x75f20000 - 0x75f3b000 	C:\Windows\SYSTEM32\USERENV.dll
0x71520000 - 0x71570000 	C:\Windows\SYSTEM32\OLEACC.dll
0x54200000 - 0x54276000 	C:\Windows\SYSTEM32\RICHED20.dll
0x72ee0000 - 0x72ee8000 	C:\Windows\SYSTEM32\VERSION.dll
0x720b0000 - 0x720c4000 	C:\Windows\SYSTEM32\USP10.dll
0x72c50000 - 0x72cc5000 	C:\Windows\SYSTEM32\DNSAPI.dll
0x068e0000 - 0x0698a000 	C:\Windows\libeay32.dll
0x06990000 - 0x0699d000 	C:\binaries\libintl-2.dll
0x72ed0000 - 0x72ed6000 	C:\Windows\SYSTEM32\SHFOLDER.DLL
0x069a0000 - 0x069c6000 	C:\Windows\ssleay32.dll
0x069d0000 - 0x069f6000 	C:\binaries\libexpat.dll
0x60770000 - 0x60811000 	C:\Windows\SYSTEM32\ODBC32.dll
0x60760000 - 0x60767000 	C:\Windows\SYSTEM32\DCIMAN32.dll
0x663b0000 - 0x663db000 	C:\Windows\SYSTEM32\msls31.dll
0x06a50000 - 0x06b2b000 	C:\binaries\libiconv-2.dll
0x6f600000 - 0x6f61d000 	C:\Windows\SYSTEM32\gpapi.dll
0x74530000 - 0x74556000 	C:\Windows\SYSTEM32\ntmarta.dll
0x4a440000 - 0x4ace8000 	C:\binaries\icudt46.dll
0x53850000 - 0x53979000 	C:\Windows\SYSTEM32\dbghelp.dll
0x72040000 - 0x72050000 	C:\Windows\system32\napinsp.dll
0x72020000 - 0x72034000 	C:\Windows\system32\pnrpnsp.dll
0x72010000 - 0x72020000 	C:\Windows\system32\NLAapi.dll
0x72000000 - 0x72009000 	C:\Windows\System32\winrnr.dll
0x71ac0000 - 0x71ad0000 	C:\Windows\system32\wshbth.dll
0x726a0000 - 0x726a7000 	C:\Windows\System32\rasadhlp.dll
0x71c30000 - 0x71c6f000 	C:\Windows\System32\fwpuclnt.dll
0x72cd0000 - 0x72cf0000 	C:\Windows\SYSTEM32\IPHLPAPI.DLL
0x72c40000 - 0x72c48000 	C:\Windows\SYSTEM32\WINNSI.DLL
0x730d0000 - 0x730ea000 	C:\Windows\SYSTEM32\CRYPTSP.dll
0x73090000 - 0x730ce000 	C:\Windows\system32\rsaenh.dll
0x72c30000 - 0x72c40000 	C:\Windows\SYSTEM32\dhcpcsvc6.DLL
0x72c10000 - 0x72c22000 	C:\Windows\SYSTEM32\dhcpcsvc.DLL
0x56430000 - 0x56455000 	C:\Program Files (x86)\Java\jre7\bin\jpeg.dll
0x71ea0000 - 0x71f22000 	C:\Windows\SYSTEM32\WINHTTP.dll
0x76310000 - 0x76492000 	C:\Windows\SYSTEM32\CRYPT32.dll
0x75fd0000 - 0x75fe2000 	C:\Windows\SYSTEM32\MSASN1.dll
0x73070000 - 0x73089000 	C:\Windows\SYSTEM32\ncrypt.dll
0x73050000 - 0x7306a000 	C:\Windows\SYSTEM32\bcrypt.dll
0x73020000 - 0x73047000 	C:\Windows\SYSTEM32\NTASN1.dll
0x6f5e0000 - 0x6f5fd000 	C:\Windows\SYSTEM32\cryptnet.dll
0x76620000 - 0x76676000 	C:\Windows\SYSTEM32\WLDAP32.dll
0x70ea0000 - 0x70f08000 	C:\Windows\SYSTEM32\webio.dll
0x749b0000 - 0x74b5f000 	C:\Windows\SYSTEM32\SETUPAPI.dll
0x72f00000 - 0x73019000 	C:\Windows\system32\propsys.dll

VM Arguments:
jvm_args: -Dfile.encoding=ISO-8859-1 
java_command: com.nexusbr.gv.main.ConnectDBMain
Launcher Type: SUN_STANDARD

Environment Variables:
JAVA_HOME=C:\Program Files (x86)\Java\jre7
PATH=C:/Program Files (x86)/Java/jre7/bin/client;C:/Program Files (x86)/Java/jre7/bin;C:/Program Files (x86)/Java/jre7/lib/i386;C:\Program Files (x86)\PHP\;c:\Program Files (x86)\Intel\iCLS Client\;c:\Program Files\Intel\iCLS Client\;C:\Windows\system32;C:\Windows;C:\Windows\System32\Wbem;C:\Windows\System32\WindowsPowerShell\v1.0\;C:\Program Files\Intel\Intel(R) Management Engine Components\DAL;C:\Program Files\Intel\Intel(R) Management Engine Components\IPT;C:\Program Files (x86)\Intel\Intel(R) Management Engine Components\DAL;C:\Program Files (x86)\Intel\Intel(R) Management Engine Components\IPT;C:\Program Files (x86)\Intel\OpenCL SDK\3.0\bin\x86;C:\Program Files (x86)\Intel\OpenCL SDK\3.0\bin\x64;C:\Program Files (x86)\Windows Live\Shared;C:\binaries;c:\Program Files (x86)\Microsoft SQL Server\100\Tools\Binn\;c:\Program Files\Microsoft SQL Server\100\Tools\Binn\;c:\Program Files\Microsoft SQL Server\100\DTS\Binn\;C:\strawberry\c\bin;C:\strawberry\perl\site\bin;C:\strawberry\perl\bin;C:\Program Files (x86)\Microsoft SQL Server\110\Tools\Binn\ManagementStudio\;C:\Program Files (x86)\Microsoft SQL Server\110\Tools\Binn\;C:\Program Files\Microsoft SQL Server\110\Tools\Binn\;C:\Program Files (x86)\Microsoft SQL Server\110\DTS\Binn\;C:\Program Files\TortoiseSVN\bin;C:\Python34;C:\Program Files (x86)\Java\jre7\bin;C:\eclipse;
USERNAME=inacio
OS=Windows_NT
PROCESSOR_IDENTIFIER=Intel64 Family 6 Model 69 Stepping 1, GenuineIntel



---------------  S Y S T E M  ---------------

OS: Windows 8 , 64 bit Build 9200 

CPU:total 4 (2 cores per cpu, 2 threads per core) family 6 model 69 stepping 1, cmov, cx8, fxsr, mmx, sse, sse2, sse3, ssse3, sse4.1, sse4.2, popcnt, avx, avx2, aes, erms, ht, tsc, tscinvbit

Memory: 4k page, physical 8290700k(4959056k free), swap 9535884k(4698280k free)

vm_info: Java HotSpot(TM) Client VM (24.60-b09) for windows-x86 JRE (1.7.0_60-b19), built on May  7 2014 13:09:52 by "java_re" with unknown MS VC++:1600

time: Thu Jul 03 08:01:25 2014
elapsed time: 188 seconds

