#
# A fatal error has been detected by the Java Runtime Environment:
#
#  EXCEPTION_ACCESS_VIOLATION (0xc0000005) at pc=0x106f9052, pid=8084, tid=9152
#
# JRE version: Java(TM) SE Runtime Environment (7.0_60-b19) (build 1.7.0_60-b19)
# Java VM: Java HotSpot(TM) Client VM (24.60-b09 mixed mode, sharing windows-x86 )
# Problematic frame:
# C  [berkelium.dll+0xa39052]
#
# Failed to write core dump. Minidumps are not enabled by default on client versions of Windows
#
# If you would like to submit a bug report, please visit:
#   http://bugreport.sun.com/bugreport/crash.jsp
#

---------------  T H R E A D  ---------------

Current thread (0x0091fc00):  VMThread [stack: 0x04490000,0x044e0000] [id=9152]

siginfo: ExceptionCode=0xc0000005, reading address 0x000000f8

Registers:
EAX=0x044df454, EBX=0x000493e0, ECX=0x044df454, EDX=0x1d1f6cd8
ESP=0x044df444, EBP=0x00000088, ESI=0x00000000, EDI=0x2f010fd8
EIP=0x106f9052, EFLAGS=0x00010206

Top of Stack: (sp=0x044df444)
0x044df444:   06ed2168 06ed2168 06e2ab00 00000000
0x044df454:   1d1f6cd8 00000088 06ec3a20 06ece900
0x044df464:   00000000 00000000 00000000 74616401
0x044df474:   69642d61 070e0072 00000023 0000002f
0x044df484:   00000000 06e57070 002e5bf4 06ed2000
0x044df494:   06e2ab44 ffffff00 0fd2bf20 11849778
0x044df4a4:   06940030 00000000 0000000f 1184a730
0x044df4b4:   00000001 0fd29783 00000008 00000001 

Instructions: (pc=0x106f9052)
0x106f9032:   03 00 00 57 53 e8 f4 c8 60 ff 8b ea 8d 54 24 10
0x106f9042:   52 8b f8 e8 26 ca 00 00 83 c4 04 03 38 13 68 04
0x106f9052:   8b 86 f8 00 00 00 0b 86 fc 00 00 00 89 7c 24 20
0x106f9062:   89 6c 24 24 75 3e 39 84 24 d4 00 00 00 7f 35 7c 


Register to memory mapping:

EAX=
[error occurred during error reporting (printing register info), id 0xc0000005]

Stack: [0x04490000,0x044e0000],  sp=0x044df444,  free space=317k
Native frames: (J=compiled Java code, j=interpreted, Vv=VM code, C=native code)
C  [berkelium.dll+0xa39052]

[error occurred during error reporting (printing native stack), id 0xc0000005]

VM_Operation (0x05a4e970): Exit, mode: safepoint, requested by thread 0x055c6400


---------------  P R O C E S S  ---------------

Java Threads: ( => current thread )
  0x0594c000 JavaThread "WeakCollectionCleaner" daemon [_thread_blocked, id=6956, stack(0x07910000,0x07960000)]
  0x05848000 JavaThread "TimerQueue" daemon [_thread_blocked, id=9248, stack(0x07880000,0x078d0000)]
  0x007ee000 JavaThread "DestroyJavaVM" [_thread_blocked, id=10420, stack(0x007f0000,0x00840000)]
  0x055c6400 JavaThread "AWT-EventQueue-0" [_thread_blocked, id=9412, stack(0x05a00000,0x05a50000)]
  0x04aaf000 JavaThread "AWT-Shutdown" [_thread_blocked, id=10224, stack(0x050d0000,0x05120000)]
  0x04aae000 JavaThread "Java2D Disposer" daemon [_thread_blocked, id=9504, stack(0x04f00000,0x04f50000)]
  0x0099b800 JavaThread "Service Thread" daemon [_thread_blocked, id=11104, stack(0x047f0000,0x04840000)]
  0x00997800 JavaThread "C1 CompilerThread0" daemon [_thread_blocked, id=9372, stack(0x04760000,0x047b0000)]
  0x00996400 JavaThread "Attach Listener" daemon [_thread_blocked, id=5716, stack(0x046d0000,0x04720000)]
  0x00994800 JavaThread "Signal Dispatcher" daemon [_thread_blocked, id=10060, stack(0x04640000,0x04690000)]
  0x00922800 JavaThread "Finalizer" daemon [_thread_blocked, id=8680, stack(0x045b0000,0x04600000)]
  0x00921000 JavaThread "Reference Handler" daemon [_thread_blocked, id=4432, stack(0x04520000,0x04570000)]

Other Threads:
=>0x0091fc00 VMThread [stack: 0x04490000,0x044e0000] [id=9152]

VM state:at safepoint (shutting down)

VM Mutex/Monitor currently owned by a thread:  ([mutex/lock_event])
[0x007ec330] Threads_lock - owner thread: 0x0091fc00

Heap
 def new generation   total 33728K, used 401K [0x24000000, 0x26490000, 0x29550000)
  eden space 30016K,   1% used [0x24000000, 0x240645c8, 0x25d50000)
  from space 3712K,   0% used [0x25d50000, 0x25d50000, 0x260f0000)
  to   space 3712K,   0% used [0x260f0000, 0x260f0000, 0x26490000)
 tenured generation   total 74740K, used 44843K [0x29550000, 0x2de4d000, 0x34000000)
   the space 74740K,  59% used [0x29550000, 0x2c11add0, 0x2c11ae00, 0x2de4d000)
 compacting perm gen  total 12288K, used 9492K [0x34000000, 0x34c00000, 0x38000000)
   the space 12288K,  77% used [0x34000000, 0x34945258, 0x34945400, 0x34c00000)
    ro space 10240K,  42% used [0x38000000, 0x38434778, 0x38434800, 0x38a00000)
    rw space 12288K,  52% used [0x38a00000, 0x39049a68, 0x39049c00, 0x39600000)

Card table byte_map: [0x043a0000,0x04450000] byte_map_base: 0x04280000

Polling page: 0x00840000

Code Cache  [0x02320000, 0x02578000, 0x04320000)
 total_blobs=1387 nmethods=1099 adapters=224 free_code_cache=30394Kb largest_free_block=31123328

Compilation events (10 events):
Event: 40.263 Thread 0x00997800 1104             java.lang.reflect.Field::getFieldAccessor (35 bytes)
Event: 40.264 Thread 0x00997800 nmethod 1104 0x02570ac8 code [0x02570bc0, 0x02570c7c]
Event: 41.282 Thread 0x00997800 1105             java.awt.geom.RectIterator::currentSegment (129 bytes)
Event: 41.283 Thread 0x00997800 nmethod 1105 0x02570d08 code [0x02570e30, 0x025710c8]
Event: 41.283 Thread 0x00997800 1106             java.awt.geom.RectIterator::next (11 bytes)
Event: 41.283 Thread 0x00997800 nmethod 1106 0x025712c8 code [0x025713c0, 0x02571440]
Event: 41.283 Thread 0x00997800 1107             java.awt.Rectangle::getBounds (24 bytes)
Event: 41.284 Thread 0x00997800 nmethod 1107 0x02571488 code [0x02571580, 0x02571660]
Event: 42.284 Thread 0x00997800 1108             javax.swing.text.View::getElement (5 bytes)
Event: 42.285 Thread 0x00997800 nmethod 1108 0x025716c8 code [0x025717c0, 0x02571840]

GC Heap History (10 events):
Event: 5.457 GC heap before
{Heap before GC invocations=15 (full 3):
 def new generation   total 14784K, used 14784K [0x24000000, 0x25000000, 0x29550000)
  eden space 13184K, 100% used [0x24000000, 0x24ce0000, 0x24ce0000)
  from space 1600K, 100% used [0x24e70000, 0x25000000, 0x25000000)
  to   space 1600K,   0% used [0x24ce0000, 0x24ce0000, 0x24e70000)
 tenured generation   total 32716K, used 27704K [0x29550000, 0x2b543000, 0x34000000)
   the space 32716K,  84% used [0x29550000, 0x2b05e1c0, 0x2b05e200, 0x2b543000)
 compacting perm gen  total 12288K, used 9236K [0x34000000, 0x34c00000, 0x38000000)
   the space 12288K,  75% used [0x34000000, 0x34905360, 0x34905400, 0x34c00000)
    ro space 10240K,  42% used [0x38000000, 0x38434778, 0x38434800, 0x38a00000)
    rw space 12288K,  52% used [0x38a00000, 0x39049a68, 0x39049c00, 0x39600000)
Event: 5.551 GC heap after
Heap after GC invocations=16 (full 4):
 def new generation   total 26816K, used 0K [0x24000000, 0x25d10000, 0x29550000)
  eden space 23872K,   0% used [0x24000000, 0x24000000, 0x25750000)
  from space 2944K,   0% used [0x25750000, 0x25750000, 0x25a30000)
  to   space 2944K,   0% used [0x25a30000, 0x25a30000, 0x25d10000)
 tenured generation   total 59440K, used 35662K [0x29550000, 0x2cf5c000, 0x34000000)
   the space 59440K,  59% used [0x29550000, 0x2b8239e8, 0x2b823a00, 0x2cf5c000)
 compacting perm gen  total 12288K, used 9230K [0x34000000, 0x34c00000, 0x38000000)
   the space 12288K,  75% used [0x34000000, 0x34903938, 0x34903a00, 0x34c00000)
    ro space 10240K,  42% used [0x38000000, 0x38434778, 0x38434800, 0x38a00000)
    rw space 12288K,  52% used [0x38a00000, 0x39049a68, 0x39049c00, 0x39600000)
}
Event: 5.915 GC heap before
{Heap before GC invocations=16 (full 4):
 def new generation   total 26816K, used 23872K [0x24000000, 0x25d10000, 0x29550000)
  eden space 23872K, 100% used [0x24000000, 0x25750000, 0x25750000)
  from space 2944K,   0% used [0x25750000, 0x25750000, 0x25a30000)
  to   space 2944K,   0% used [0x25a30000, 0x25a30000, 0x25d10000)
 tenured generation   total 59440K, used 35662K [0x29550000, 0x2cf5c000, 0x34000000)
   the space 59440K,  59% used [0x29550000, 0x2b8239e8, 0x2b823a00, 0x2cf5c000)
 compacting perm gen  total 12288K, used 9290K [0x34000000, 0x34c00000, 0x38000000)
   the space 12288K,  75% used [0x34000000, 0x34912b60, 0x34912c00, 0x34c00000)
    ro space 10240K,  42% used [0x38000000, 0x38434778, 0x38434800, 0x38a00000)
    rw space 12288K,  52% used [0x38a00000, 0x39049a68, 0x39049c00, 0x39600000)
Event: 5.921 GC heap after
Heap after GC invocations=17 (full 4):
 def new generation   total 26816K, used 2944K [0x24000000, 0x25d10000, 0x29550000)
  eden space 23872K,   0% used [0x24000000, 0x24000000, 0x25750000)
  from space 2944K, 100% used [0x25a30000, 0x25d10000, 0x25d10000)
  to   space 2944K,   0% used [0x25750000, 0x25750000, 0x25a30000)
 tenured generation   total 59440K, used 37598K [0x29550000, 0x2cf5c000, 0x34000000)
   the space 59440K,  63% used [0x29550000, 0x2ba07a70, 0x2ba07c00, 0x2cf5c000)
 compacting perm gen  total 12288K, used 9290K [0x34000000, 0x34c00000, 0x38000000)
   the space 12288K,  75% used [0x34000000, 0x34912b60, 0x34912c00, 0x34c00000)
    ro space 10240K,  42% used [0x38000000, 0x38434778, 0x38434800, 0x38a00000)
    rw space 12288K,  52% used [0x38a00000, 0x39049a68, 0x39049c00, 0x39600000)
}
Event: 8.929 GC heap before
{Heap before GC invocations=17 (full 4):
 def new generation   total 26816K, used 26816K [0x24000000, 0x25d10000, 0x29550000)
  eden space 23872K, 100% used [0x24000000, 0x25750000, 0x25750000)
  from space 2944K, 100% used [0x25a30000, 0x25d10000, 0x25d10000)
  to   space 2944K,   0% used [0x25750000, 0x25750000, 0x25a30000)
 tenured generation   total 59440K, used 37598K [0x29550000, 0x2cf5c000, 0x34000000)
   the space 59440K,  63% used [0x29550000, 0x2ba07a70, 0x2ba07c00, 0x2cf5c000)
 compacting perm gen  total 12288K, used 9313K [0x34000000, 0x34c00000, 0x38000000)
   the space 12288K,  75% used [0x34000000, 0x34918648, 0x34918800, 0x34c00000)
    ro space 10240K,  42% used [0x38000000, 0x38434778, 0x38434800, 0x38a00000)
    rw space 12288K,  52% used [0x38a00000, 0x39049a68, 0x39049c00, 0x39600000)
Event: 8.937 GC heap after
Heap after GC invocations=18 (full 4):
 def new generation   total 26816K, used 2908K [0x24000000, 0x25d10000, 0x29550000)
  eden space 23872K,   0% used [0x24000000, 0x24000000, 0x25750000)
  from space 2944K,  98% used [0x25750000, 0x25a270f0, 0x25a30000)
  to   space 2944K,   0% used [0x25a30000, 0x25a30000, 0x25d10000)
 tenured generation   total 59440K, used 44909K [0x29550000, 0x2cf5c000, 0x34000000)
   the space 59440K,  75% used [0x29550000, 0x2c12b418, 0x2c12b600, 0x2cf5c000)
 compacting perm gen  total 12288K, used 9313K [0x34000000, 0x34c00000, 0x38000000)
   the space 12288K,  75% used [0x34000000, 0x34918648, 0x34918800, 0x34c00000)
    ro space 10240K,  42% used [0x38000000, 0x38434778, 0x38434800, 0x38a00000)
    rw space 12288K,  52% used [0x38a00000, 0x39049a68, 0x39049c00, 0x39600000)
}
Event: 28.226 GC heap before
{Heap before GC invocations=18 (full 4):
 def new generation   total 26816K, used 24410K [0x24000000, 0x25d10000, 0x29550000)
  eden space 23872K,  90% used [0x24000000, 0x254ff940, 0x25750000)
  from space 2944K,  98% used [0x25750000, 0x25a270f0, 0x25a30000)
  to   space 2944K,   0% used [0x25a30000, 0x25a30000, 0x25d10000)
 tenured generation   total 59440K, used 44909K [0x29550000, 0x2cf5c000, 0x34000000)
   the space 59440K,  75% used [0x29550000, 0x2c12b418, 0x2c12b600, 0x2cf5c000)
 compacting perm gen  total 12288K, used 9488K [0x34000000, 0x34c00000, 0x38000000)
   the space 12288K,  77% used [0x34000000, 0x349442a8, 0x34944400, 0x34c00000)
    ro space 10240K,  42% used [0x38000000, 0x38434778, 0x38434800, 0x38a00000)
    rw space 12288K,  52% used [0x38a00000, 0x39049a68, 0x39049c00, 0x39600000)
Event: 28.235 GC heap after
Heap after GC invocations=19 (full 4):
 def new generation   total 26816K, used 2944K [0x24000000, 0x25d10000, 0x29550000)
  eden space 23872K,   0% used [0x24000000, 0x24000000, 0x25750000)
  from space 2944K, 100% used [0x25a30000, 0x25d10000, 0x25d10000)
  to   space 2944K,   0% used [0x25750000, 0x25750000, 0x25a30000)
 tenured generation   total 59440K, used 57761K [0x29550000, 0x2cf5c000, 0x34000000)
   the space 59440K,  97% used [0x29550000, 0x2cdb8758, 0x2cdb8800, 0x2cf5c000)
 compacting perm gen  total 12288K, used 9488K [0x34000000, 0x34c00000, 0x38000000)
   the space 12288K,  77% used [0x34000000, 0x349442a8, 0x34944400, 0x34c00000)
    ro space 10240K,  42% used [0x38000000, 0x38434778, 0x38434800, 0x38a00000)
    rw space 12288K,  52% used [0x38a00000, 0x39049a68, 0x39049c00, 0x39600000)
}
Event: 42.911 GC heap before
{Heap before GC invocations=19 (full 4):
 def new generation   total 26816K, used 26816K [0x24000000, 0x25d10000, 0x29550000)
  eden space 23872K, 100% used [0x24000000, 0x25750000, 0x25750000)
  from space 2944K, 100% used [0x25a30000, 0x25d10000, 0x25d10000)
  to   space 2944K,   0% used [0x25750000, 0x25750000, 0x25a30000)
 tenured generation   total 59440K, used 57761K [0x29550000, 0x2cf5c000, 0x34000000)
   the space 59440K,  97% used [0x29550000, 0x2cdb8758, 0x2cdb8800, 0x2cf5c000)
 compacting perm gen  total 12288K, used 9489K [0x34000000, 0x34c00000, 0x38000000)
   the space 12288K,  77% used [0x34000000, 0x34944408, 0x34944600, 0x34c00000)
    ro space 10240K,  42% used [0x38000000, 0x38434778, 0x38434800, 0x38a00000)
    rw space 12288K,  52% used [0x38a00000, 0x39049a68, 0x39049c00, 0x39600000)
Event: 42.978 GC heap after
Heap after GC invocations=20 (full 5):
 def new generation   total 33728K, used 0K [0x24000000, 0x26490000, 0x29550000)
  eden space 30016K,   0% used [0x24000000, 0x24000000, 0x25d50000)
  from space 3712K,   0% used [0x25d50000, 0x25d50000, 0x260f0000)
  to   space 3712K,   0% used [0x260f0000, 0x260f0000, 0x26490000)
 tenured generation   total 74740K, used 44843K [0x29550000, 0x2de4d000, 0x34000000)
   the space 74740K,  59% used [0x29550000, 0x2c11add0, 0x2c11ae00, 0x2de4d000)
 compacting perm gen  total 12288K, used 9489K [0x34000000, 0x34c00000, 0x38000000)
   the space 12288K,  77% used [0x34000000, 0x34944408, 0x34944600, 0x34c00000)
    ro space 10240K,  42% used [0x38000000, 0x38434778, 0x38434800, 0x38a00000)
    rw space 12288K,  52% used [0x38a00000, 0x39049a68, 0x39049c00, 0x39600000)
}

Deoptimization events (0 events):
No events

Internal exceptions (10 events):
Event: 9.013 Thread 0x08c88800 Threw 0x2443af78 at C:\re\jdk7u60\1081\hotspot\src\share\vm\prims\jvm.cpp:1244
Event: 9.013 Thread 0x08c88800 Threw 0x2443f2b0 at C:\re\jdk7u60\1081\hotspot\src\share\vm\prims\jvm.cpp:1244
Event: 9.014 Thread 0x08c88800 Threw 0x24444938 at C:\re\jdk7u60\1081\hotspot\src\share\vm\prims\jvm.cpp:1244
Event: 9.014 Thread 0x08c88800 Threw 0x24448310 at C:\re\jdk7u60\1081\hotspot\src\share\vm\prims\jvm.cpp:1244
Event: 9.016 Thread 0x08c88800 Threw 0x24453df8 at C:\re\jdk7u60\1081\hotspot\src\share\vm\prims\jvm.cpp:1244
Event: 10.922 Thread 0x0493b000 Threw 0x24adcba8 at C:\re\jdk7u60\1081\hotspot\src\share\vm\prims\jvm.cpp:2917
Event: 28.248 Thread 0x0594cc00 Threw 0x24644c58 at C:\re\jdk7u60\1081\hotspot\src\share\vm\prims\jvm.cpp:2917
Event: 28.917 Thread 0x0594cc00 Threw 0x24bd7338 at C:\re\jdk7u60\1081\hotspot\src\share\vm\prims\jvm.cpp:2917
Event: 29.349 Thread 0x0594d000 Threw 0x24c6e940 at C:\re\jdk7u60\1081\hotspot\src\share\vm\prims\jvm.cpp:2917
Event: 31.376 Thread 0x0594cc00 Threw 0x24e70848 at C:\re\jdk7u60\1081\hotspot\src\share\vm\prims\jvm.cpp:2917

Events (10 events):
Event: 42.978 loading class 0x39670c20
Event: 42.978 Thread 0x0594d000 Thread exited: 0x0594d000
Event: 42.978 loading class 0x39670bc8
Event: 42.978 loading class 0x39670bc8 done
Event: 42.978 loading class 0x39670c20 done
Event: 42.978 Thread 0x0594c400 Thread exited: 0x0594c400
Event: 42.978 Thread 0x0594dc00 Thread exited: 0x0594dc00
Event: 42.984 Thread 0x04aafc00 Thread exited: 0x04aafc00
Event: 43.079 Thread 0x0594cc00 Thread exited: 0x0594cc00
Event: 43.079 Executing VM operation: Exit


Dynamic libraries:
0x00a70000 - 0x00a9f000 	C:\Program Files (x86)\Java\jre7\bin\javaw.exe
0x76fe0000 - 0x77137000 	C:\Windows\SYSTEM32\ntdll.dll
0x74690000 - 0x747c0000 	C:\Windows\SYSTEM32\KERNEL32.DLL
0x76a80000 - 0x76b27000 	C:\Windows\SYSTEM32\KERNELBASE.dll
0x747c0000 - 0x7486e000 	C:\Windows\SYSTEM32\ADVAPI32.dll
0x764f0000 - 0x76606000 	C:\Windows\SYSTEM32\USER32.dll
0x73130000 - 0x73328000 	C:\Windows\WinSxS\x86_microsoft.windows.common-controls_6595b64144ccf1df_6.0.9200.16579_none_8937eec6860750f5\COMCTL32.dll
0x76000000 - 0x760b1000 	C:\Windows\SYSTEM32\msvcrt.dll
0x74870000 - 0x748a4000 	C:\Windows\SYSTEM32\sechost.dll
0x760c0000 - 0x7616c000 	C:\Windows\SYSTEM32\RPCRT4.dll
0x748b0000 - 0x749ad000 	C:\Windows\SYSTEM32\GDI32.dll
0x745d0000 - 0x745ed000 	C:\Windows\SYSTEM32\SspiCli.dll
0x745c0000 - 0x745c9000 	C:\Windows\SYSTEM32\CRYPTBASE.dll
0x74560000 - 0x745b1000 	C:\Windows\SYSTEM32\bcryptPrimitives.dll
0x762e0000 - 0x76300000 	C:\Windows\system32\IMM32.DLL
0x76680000 - 0x7675e000 	C:\Windows\SYSTEM32\MSCTF.dll
0x5e970000 - 0x5ea2f000 	C:\Program Files (x86)\Java\jre7\bin\msvcr100.dll
0x5e310000 - 0x5e698000 	C:\Program Files (x86)\Java\jre7\bin\client\jvm.dll
0x71c10000 - 0x71c18000 	C:\Windows\SYSTEM32\WSOCK32.dll
0x71fb0000 - 0x71fd1000 	C:\Windows\SYSTEM32\WINMM.dll
0x76300000 - 0x76306000 	C:\Windows\SYSTEM32\PSAPI.DLL
0x75f80000 - 0x75fd0000 	C:\Windows\SYSTEM32\WS2_32.dll
0x71c70000 - 0x71c9b000 	C:\Windows\SYSTEM32\WINMMBASE.dll
0x75ff0000 - 0x75ff8000 	C:\Windows\SYSTEM32\NSI.dll
0x76b30000 - 0x76b76000 	C:\Windows\SYSTEM32\cfgmgr32.dll
0x75f00000 - 0x75f1e000 	C:\Windows\SYSTEM32\DEVOBJ.dll
0x720a0000 - 0x720ac000 	C:\Program Files (x86)\Java\jre7\bin\verify.dll
0x70bb0000 - 0x70bd0000 	C:\Program Files (x86)\Java\jre7\bin\java.dll
0x70b90000 - 0x70ba3000 	C:\Program Files (x86)\Java\jre7\bin\zip.dll
0x6f490000 - 0x6f5d3000 	C:\Program Files (x86)\Java\jre7\bin\awt.dll
0x76c00000 - 0x76c8b000 	C:\Windows\SYSTEM32\OLEAUT32.dll
0x76de0000 - 0x76f16000 	C:\Windows\SYSTEM32\combase.dll
0x72dd0000 - 0x72e77000 	C:\Windows\system32\apphelp.dll
0x71a40000 - 0x71a59000 	C:\Windows\system32\DWMAPI.DLL
0x726b0000 - 0x72738000 	C:\Windows\system32\uxtheme.dll
0x76760000 - 0x76879000 	C:\Windows\SYSTEM32\ole32.dll
0x74da0000 - 0x75e66000 	C:\Windows\SYSTEM32\SHELL32.dll
0x75f40000 - 0x75f80000 	C:\Windows\SYSTEM32\SHLWAPI.dll
0x73330000 - 0x733a3000 	C:\Windows\SYSTEM32\shcore.dll
0x718b0000 - 0x718e9000 	C:\Program Files (x86)\Java\jre7\bin\fontmanager.dll
0x6f250000 - 0x6f264000 	C:\Program Files (x86)\Java\jre7\bin\net.dll
0x72e80000 - 0x72eca000 	C:\Windows\system32\mswsock.dll
0x718a0000 - 0x718af000 	C:\Program Files (x86)\Java\jre7\bin\nio.dll
0x706d0000 - 0x70700000 	C:\Program Files (x86)\Java\jre7\bin\t2k.dll
0x76b80000 - 0x76bf4000 	C:\Windows\SYSTEM32\clbcatq.dll
0x6a8a0000 - 0x6a9eb000 	C:\Windows\SYSTEM32\WindowsCodecs.dll
0x76dc0000 - 0x76dd1000 	C:\Windows\SYSTEM32\profapi.dll
0x68440000 - 0x68464000 	C:\Program Files (x86)\Java\jre7\bin\dcpr.dll
0x5e900000 - 0x5e96d000 	C:\binaries\terrajava.dll
0x5e220000 - 0x5e307000 	C:\binaries\terramanager-funcate.dll
0x59300000 - 0x59ba6000 	C:\binaries\terralib.dll
0x64af0000 - 0x64b59000 	C:\Windows\SYSTEM32\MSVCP100.dll
0x6d880000 - 0x6db4c000 	C:\binaries\bgd.dll
0x66b80000 - 0x66b9b000 	C:\binaries\terraogc_xml.dll
0x60460000 - 0x6047d000 	C:\binaries\terraogc_sld.dll
0x5f9a0000 - 0x5f9c6000 	C:\binaries\terraogc_se.dll
0x5e8c0000 - 0x5e8f6000 	C:\binaries\terraogc_filter.dll
0x5e1c0000 - 0x5e212000 	C:\binaries\terraogc_ows.dll
0x5f980000 - 0x5f999000 	C:\binaries\terraogc_common.dll
0x684c0000 - 0x684cb000 	C:\binaries\terralib_shp.dll
0x60450000 - 0x6045e000 	C:\binaries\terralib_spl.dll
0x05fa0000 - 0x06396000 	C:\binaries\qt-mt338.dll
0x613d0000 - 0x6149e000 	C:\Windows\SYSTEM32\OPENGL32.dll
0x613a0000 - 0x613c3000 	C:\Windows\SYSTEM32\GLU32.dll
0x5e140000 - 0x5e1bf000 	C:\binaries\qwt500.dll
0x0fcc0000 - 0x11cbf000 	C:\binaries\berkelium.dll
0x063a0000 - 0x064e1000 	C:\binaries\LIBMYSQL.dll
0x63100000 - 0x63121000 	C:\binaries\LIBPQ.dll
0x064f0000 - 0x06551000 	C:\binaries\OCI.dll
0x5da30000 - 0x5daba000 	C:\binaries\libtiff.dll
0x56580000 - 0x56d52000 	C:\binaries\gdal110.dll
0x12000000 - 0x121dc000 	C:\binaries\xerces-c_3_1.dll
0x592a0000 - 0x592f5000 	C:\binaries\terraogc_wms.dll
0x59240000 - 0x59293000 	C:\binaries\terraogc_gml.dll
0x5e0f0000 - 0x5e131000 	C:\binaries\terraogc_xsd.dll
0x5a810000 - 0x5a830000 	C:\binaries\terraogc_xacml.dll
0x71f30000 - 0x71f90000 	C:\Windows\SYSTEM32\WINSPOOL.DRV
0x7c340000 - 0x7c396000 	C:\Windows\SYSTEM32\MSVCR71.dll
0x608a0000 - 0x60979000 	C:\Windows\SYSTEM32\DDRAW.dll
0x727a0000 - 0x727a9000 	C:\Windows\SYSTEM32\Secur32.dll
0x75f20000 - 0x75f3b000 	C:\Windows\SYSTEM32\USERENV.dll
0x71520000 - 0x71570000 	C:\Windows\SYSTEM32\OLEACC.dll
0x54200000 - 0x54276000 	C:\Windows\SYSTEM32\RICHED20.dll
0x72ee0000 - 0x72ee8000 	C:\Windows\SYSTEM32\VERSION.dll
0x720b0000 - 0x720c4000 	C:\Windows\SYSTEM32\USP10.dll
0x72c50000 - 0x72cc5000 	C:\Windows\SYSTEM32\DNSAPI.dll
0x06600000 - 0x066aa000 	C:\Windows\libeay32.dll
0x066b0000 - 0x066bd000 	C:\binaries\libintl-2.dll
0x72ed0000 - 0x72ed6000 	C:\Windows\SYSTEM32\SHFOLDER.DLL
0x066c0000 - 0x066e6000 	C:\Windows\ssleay32.dll
0x066f0000 - 0x06716000 	C:\binaries\libexpat.dll
0x60770000 - 0x60811000 	C:\Windows\SYSTEM32\ODBC32.dll
0x60760000 - 0x60767000 	C:\Windows\SYSTEM32\DCIMAN32.dll
0x663b0000 - 0x663db000 	C:\Windows\SYSTEM32\msls31.dll
0x06770000 - 0x0684b000 	C:\binaries\libiconv-2.dll
0x6f600000 - 0x6f61d000 	C:\Windows\SYSTEM32\gpapi.dll
0x74530000 - 0x74556000 	C:\Windows\SYSTEM32\ntmarta.dll
0x54e60000 - 0x55708000 	C:\binaries\icudt46.dll
0x53850000 - 0x53979000 	C:\Windows\SYSTEM32\dbghelp.dll
0x72040000 - 0x72050000 	C:\Windows\system32\napinsp.dll
0x72020000 - 0x72034000 	C:\Windows\system32\pnrpnsp.dll
0x72010000 - 0x72020000 	C:\Windows\system32\NLAapi.dll
0x72000000 - 0x72009000 	C:\Windows\System32\winrnr.dll
0x71ac0000 - 0x71ad0000 	C:\Windows\system32\wshbth.dll
0x726a0000 - 0x726a7000 	C:\Windows\System32\rasadhlp.dll
0x71c30000 - 0x71c6f000 	C:\Windows\System32\fwpuclnt.dll
0x72cd0000 - 0x72cf0000 	C:\Windows\SYSTEM32\IPHLPAPI.DLL
0x72c40000 - 0x72c48000 	C:\Windows\SYSTEM32\WINNSI.DLL
0x730d0000 - 0x730ea000 	C:\Windows\SYSTEM32\CRYPTSP.dll
0x73090000 - 0x730ce000 	C:\Windows\system32\rsaenh.dll
0x72c30000 - 0x72c40000 	C:\Windows\SYSTEM32\dhcpcsvc6.DLL
0x72c10000 - 0x72c22000 	C:\Windows\SYSTEM32\dhcpcsvc.DLL
0x59210000 - 0x59235000 	C:\Program Files (x86)\Java\jre7\bin\jpeg.dll

VM Arguments:
jvm_args: -Dfile.encoding=ISO-8859-1 
java_command: com.nexusbr.gv.main.ConnectDBMain
Launcher Type: SUN_STANDARD

Environment Variables:
JAVA_HOME=C:\Program Files (x86)\Java\jre7
PATH=C:/Program Files (x86)/Java/jre7/bin/client;C:/Program Files (x86)/Java/jre7/bin;C:/Program Files (x86)/Java/jre7/lib/i386;C:\Program Files (x86)\PHP\;c:\Program Files (x86)\Intel\iCLS Client\;c:\Program Files\Intel\iCLS Client\;C:\Windows\system32;C:\Windows;C:\Windows\System32\Wbem;C:\Windows\System32\WindowsPowerShell\v1.0\;C:\Program Files\Intel\Intel(R) Management Engine Components\DAL;C:\Program Files\Intel\Intel(R) Management Engine Components\IPT;C:\Program Files (x86)\Intel\Intel(R) Management Engine Components\DAL;C:\Program Files (x86)\Intel\Intel(R) Management Engine Components\IPT;C:\Program Files (x86)\Intel\OpenCL SDK\3.0\bin\x86;C:\Program Files (x86)\Intel\OpenCL SDK\3.0\bin\x64;C:\Program Files (x86)\Windows Live\Shared;C:\binaries;c:\Program Files (x86)\Microsoft SQL Server\100\Tools\Binn\;c:\Program Files\Microsoft SQL Server\100\Tools\Binn\;c:\Program Files\Microsoft SQL Server\100\DTS\Binn\;C:\strawberry\c\bin;C:\strawberry\perl\site\bin;C:\strawberry\perl\bin;C:\Program Files (x86)\Microsoft SQL Server\110\Tools\Binn\ManagementStudio\;C:\Program Files (x86)\Microsoft SQL Server\110\Tools\Binn\;C:\Program Files\Microsoft SQL Server\110\Tools\Binn\;C:\Program Files (x86)\Microsoft SQL Server\110\DTS\Binn\;C:\Program Files\TortoiseSVN\bin;C:\Python34;C:\Program Files (x86)\Java\jre7\bin;C:\eclipse;
USERNAME=inacio
OS=Windows_NT
PROCESSOR_IDENTIFIER=Intel64 Family 6 Model 69 Stepping 1, GenuineIntel



---------------  S Y S T E M  ---------------

OS: Windows 8 , 64 bit Build 9200 

CPU:total 4 (2 cores per cpu, 2 threads per core) family 6 model 69 stepping 1, cmov, cx8, fxsr, mmx, sse, sse2, sse3, ssse3, sse4.1, sse4.2, popcnt, avx, avx2, aes, erms, ht, tsc, tscinvbit

Memory: 4k page, physical 8290700k(2326472k free), swap 9535884k(3454212k free)

vm_info: Java HotSpot(TM) Client VM (24.60-b09) for windows-x86 JRE (1.7.0_60-b19), built on May  7 2014 13:09:52 by "java_re" with unknown MS VC++:1600

time: Fri Jul 04 10:15:52 2014
elapsed time: 43 seconds

