#
# A fatal error has been detected by the Java Runtime Environment:
#
#  EXCEPTION_ACCESS_VIOLATION (0xc0000005) at pc=0x0fc69052, pid=6216, tid=5272
#
# JRE version: Java(TM) SE Runtime Environment (7.0_60-b19) (build 1.7.0_60-b19)
# Java VM: Java HotSpot(TM) Client VM (24.60-b09 mixed mode, sharing windows-x86 )
# Problematic frame:
# C  [berkelium.dll+0xa39052]
#
# Failed to write core dump. Minidumps are not enabled by default on client versions of Windows
#
# If you would like to submit a bug report, please visit:
#   http://bugreport.sun.com/bugreport/crash.jsp
#

---------------  T H R E A D  ---------------

Current thread (0x027dfc00):  VMThread [stack: 0x04a40000,0x04a90000] [id=5272]

siginfo: ExceptionCode=0xc0000005, reading address 0x000000f8

Registers:
EAX=0x04a8f454, EBX=0x000493e0, ECX=0x04a8f454, EDX=0x45d51770
ESP=0x04a8f444, EBP=0x00000076, ESI=0x00000000, EDI=0x57b6ba70
EIP=0x0fc69052, EFLAGS=0x00010202

Top of Stack: (sp=0x04a8f444)
0x04a8f444:   07424168 07424168 0737ab00 00000000
0x04a8f454:   45d51770 00000076 07413a20 0741c900
0x04a8f464:   00000000 00000000 00000000 74616401
0x04a8f474:   69642d61 07670072 00000023 0000002f
0x04a8f484:   00000000 073a7070 002e5be2 07424000
0x04a8f494:   0737ab44 ffffff00 0f29bf20 10db9778
0x04a8f4a4:   06ee0030 00000000 0000000f 10dba730
0x04a8f4b4:   00000001 0f299783 00000008 00000001 

Instructions: (pc=0x0fc69052)
0x0fc69032:   03 00 00 57 53 e8 f4 c8 60 ff 8b ea 8d 54 24 10
0x0fc69042:   52 8b f8 e8 26 ca 00 00 83 c4 04 03 38 13 68 04
0x0fc69052:   8b 86 f8 00 00 00 0b 86 fc 00 00 00 89 7c 24 20
0x0fc69062:   89 6c 24 24 75 3e 39 84 24 d4 00 00 00 7f 35 7c 


Register to memory mapping:

EAX=
[error occurred during error reporting (printing register info), id 0xc0000005]

Stack: [0x04a40000,0x04a90000],  sp=0x04a8f444,  free space=317k
Native frames: (J=compiled Java code, j=interpreted, Vv=VM code, C=native code)
C  [berkelium.dll+0xa39052]

VM_Operation (0x05fee530): Exit, mode: safepoint, requested by thread 0x05037400


---------------  P R O C E S S  ---------------

Java Threads: ( => current thread )
  0x092ebc00 JavaThread "Keep-Alive-Timer" daemon [_thread_blocked, id=3544, stack(0x088d0000,0x08920000)]
  0x092ecc00 JavaThread "Image Fetcher 1" daemon [_thread_blocked, id=7672, stack(0x087b0000,0x08800000)]
  0x053ccc00 JavaThread "WeakCollectionCleaner" daemon [_thread_blocked, id=8436, stack(0x0a030000,0x0a080000)]
  0x05035800 JavaThread "TimerQueue" daemon [_thread_blocked, id=7012, stack(0x07de0000,0x07e30000)]
  0x05035400 JavaThread "Image Fetcher 0" daemon [_thread_blocked, id=9500, stack(0x07d10000,0x07d60000)]
  0x05036800 JavaThread "Image Fetcher 2" daemon [_thread_blocked, id=9072, stack(0x07f00000,0x07f50000)]
  0x05036000 JavaThread "Image Fetcher 3" daemon [_thread_blocked, id=6440, stack(0x07e70000,0x07ec0000)]
  0x05034800 JavaThread "DestroyJavaVM" [_thread_blocked, id=6404, stack(0x00f80000,0x00fd0000)]
  0x05037400 JavaThread "AWT-EventQueue-0" [_thread_blocked, id=7036, stack(0x05fa0000,0x05ff0000)]
  0x05037800 JavaThread "AWT-Shutdown" [_thread_blocked, id=6040, stack(0x05a60000,0x05ab0000)]
  0x05034c00 JavaThread "Java2D Disposer" daemon [_thread_blocked, id=916, stack(0x05a10000,0x05a60000)]
  0x02859000 JavaThread "Service Thread" daemon [_thread_blocked, id=540, stack(0x04da0000,0x04df0000)]
  0x02854c00 JavaThread "C1 CompilerThread0" daemon [_thread_blocked, id=8920, stack(0x04d10000,0x04d60000)]
  0x02853000 JavaThread "Attach Listener" daemon [_thread_blocked, id=9980, stack(0x04c80000,0x04cd0000)]
  0x02850c00 JavaThread "Signal Dispatcher" daemon [_thread_blocked, id=5944, stack(0x04bf0000,0x04c40000)]
  0x027e2800 JavaThread "Finalizer" daemon [_thread_blocked, id=5472, stack(0x04b60000,0x04bb0000)]
  0x027e1000 JavaThread "Reference Handler" daemon [_thread_blocked, id=9012, stack(0x04ad0000,0x04b20000)]

Other Threads:
=>0x027dfc00 VMThread [stack: 0x04a40000,0x04a90000] [id=5272]

VM state:at safepoint (shutting down)

VM Mutex/Monitor currently owned by a thread:  ([mutex/lock_event])
[0x00dac128] Threads_lock - owner thread: 0x027dfc00

Heap
 def new generation   total 18368K, used 8853K [0x24000000, 0x253e0000, 0x29550000)
  eden space 16384K,  54% used [0x24000000, 0x248a54b8, 0x25000000)
  from space 1984K,   0% used [0x25000000, 0x25000000, 0x251f0000)
  to   space 1984K,   0% used [0x251f0000, 0x251f0000, 0x253e0000)
 tenured generation   total 40532K, used 24317K [0x29550000, 0x2bce5000, 0x34000000)
   the space 40532K,  59% used [0x29550000, 0x2ad0f720, 0x2ad0f800, 0x2bce5000)
 compacting perm gen  total 12288K, used 8786K [0x34000000, 0x34c00000, 0x38000000)
   the space 12288K,  71% used [0x34000000, 0x348948d8, 0x34894a00, 0x34c00000)
    ro space 10240K,  42% used [0x38000000, 0x38434778, 0x38434800, 0x38a00000)
    rw space 12288K,  52% used [0x38a00000, 0x39049a68, 0x39049c00, 0x39600000)

Card table byte_map: [0x048c0000,0x04970000] byte_map_base: 0x047a0000

Polling page: 0x00cc0000

Code Cache  [0x028c0000, 0x02ab8000, 0x048c0000)
 total_blobs=1189 nmethods=902 adapters=223 free_code_cache=30771Kb largest_free_block=31508864

Compilation events (10 events):
Event: 13.371 Thread 0x02854c00  905             sun.java2d.SurfaceData::getSourceSurfaceData (110 bytes)
Event: 13.371 Thread 0x02854c00 nmethod 905 0x02ab2508 code [0x02ab2660, 0x02ab2878]
Event: 13.638 Thread 0x02854c00  906             java.util.concurrent.locks.AbstractQueuedSynchronizer$ConditionObject::signalAll (33 bytes)
Event: 13.638 Thread 0x02854c00 nmethod 906 0x02ab2b48 code [0x02ab2c60, 0x02ab2d94]
Event: 13.840 Thread 0x02854c00  907             javax.swing.RepaintManager::isDoubleBufferingEnabled (5 bytes)
Event: 13.840 Thread 0x02854c00 nmethod 907 0x02ab2e48 code [0x02ab2f40, 0x02ab2fc0]
Event: 14.204 Thread 0x02854c00  908             sun.awt.SunHints$Value::hashCode (5 bytes)
Event: 14.205 Thread 0x02854c00 nmethod 908 0x02ab3008 code [0x02ab3100, 0x02ab318c]
Event: 14.342 Thread 0x02854c00  909             java.awt.AWTEvent::<init> (81 bytes)
Event: 14.343 Thread 0x02854c00 nmethod 909 0x02ab3208 code [0x02ab3330, 0x02ab3514]

GC Heap History (10 events):
Event: 4.515 GC heap before
{Heap before GC invocations=12 (full 2):
 def new generation   total 9792K, used 7567K [0x24000000, 0x24a90000, 0x29550000)
  eden space 8768K,  86% used [0x24000000, 0x24763eb8, 0x24890000)
  from space 1024K,   0% used [0x24890000, 0x24890000, 0x24990000)
  to   space 1024K,   0% used [0x24990000, 0x24990000, 0x24a90000)
 tenured generation   total 21396K, used 12837K [0x29550000, 0x2aa35000, 0x34000000)
   the space 21396K,  59% used [0x29550000, 0x2a1d9538, 0x2a1d9600, 0x2aa35000)
 compacting perm gen  total 12288K, used 8501K [0x34000000, 0x34c00000, 0x38000000)
   the space 12288K,  69% used [0x34000000, 0x3484d458, 0x3484d600, 0x34c00000)
    ro space 10240K,  42% used [0x38000000, 0x38434778, 0x38434800, 0x38a00000)
    rw space 12288K,  52% used [0x38a00000, 0x39049a68, 0x39049c00, 0x39600000)
Event: 4.518 GC heap after
Heap after GC invocations=13 (full 2):
 def new generation   total 9792K, used 6K [0x24000000, 0x24a90000, 0x29550000)
  eden space 8768K,   0% used [0x24000000, 0x24000000, 0x24890000)
  from space 1024K,   0% used [0x24990000, 0x249919d8, 0x24a90000)
  to   space 1024K,   0% used [0x24890000, 0x24890000, 0x24990000)
 tenured generation   total 21396K, used 20296K [0x29550000, 0x2aa35000, 0x34000000)
   the space 21396K,  94% used [0x29550000, 0x2a922168, 0x2a922200, 0x2aa35000)
 compacting perm gen  total 12288K, used 8501K [0x34000000, 0x34c00000, 0x38000000)
   the space 12288K,  69% used [0x34000000, 0x3484d458, 0x3484d600, 0x34c00000)
    ro space 10240K,  42% used [0x38000000, 0x38434778, 0x38434800, 0x38a00000)
    rw space 12288K,  52% used [0x38a00000, 0x39049a68, 0x39049c00, 0x39600000)
}
Event: 4.533 GC heap before
{Heap before GC invocations=13 (full 2):
 def new generation   total 9792K, used 7533K [0x24000000, 0x24a90000, 0x29550000)
  eden space 8768K,  85% used [0x24000000, 0x24759b50, 0x24890000)
  from space 1024K,   0% used [0x24990000, 0x249919d8, 0x24a90000)
  to   space 1024K,   0% used [0x24890000, 0x24890000, 0x24990000)
 tenured generation   total 21396K, used 20296K [0x29550000, 0x2aa35000, 0x34000000)
   the space 21396K,  94% used [0x29550000, 0x2a922168, 0x2a922200, 0x2aa35000)
 compacting perm gen  total 12288K, used 8501K [0x34000000, 0x34c00000, 0x38000000)
   the space 12288K,  69% used [0x34000000, 0x3484d498, 0x3484d600, 0x34c00000)
    ro space 10240K,  42% used [0x38000000, 0x38434778, 0x38434800, 0x38a00000)
    rw space 12288K,  52% used [0x38a00000, 0x39049a68, 0x39049c00, 0x39600000)
Event: 4.597 GC heap after
Heap after GC invocations=14 (full 3):
 def new generation   total 11712K, used 0K [0x24000000, 0x24cb0000, 0x29550000)
  eden space 10432K,   0% used [0x24000000, 0x24000000, 0x24a30000)
  from space 1280K,   0% used [0x24a30000, 0x24a30000, 0x24b70000)
  to   space 1280K,   0% used [0x24b70000, 0x24b70000, 0x24cb0000)
 tenured generation   total 25844K, used 15505K [0x29550000, 0x2ae8d000, 0x34000000)
   the space 25844K,  59% used [0x29550000, 0x2a474680, 0x2a474800, 0x2ae8d000)
 compacting perm gen  total 12288K, used 8501K [0x34000000, 0x34c00000, 0x38000000)
   the space 12288K,  69% used [0x34000000, 0x3484d498, 0x3484d600, 0x34c00000)
    ro space 10240K,  42% used [0x38000000, 0x38434778, 0x38434800, 0x38a00000)
    rw space 12288K,  52% used [0x38a00000, 0x39049a68, 0x39049c00, 0x39600000)
}
Event: 7.254 GC heap before
{Heap before GC invocations=14 (full 3):
 def new generation   total 11712K, used 10432K [0x24000000, 0x24cb0000, 0x29550000)
  eden space 10432K, 100% used [0x24000000, 0x24a30000, 0x24a30000)
  from space 1280K,   0% used [0x24a30000, 0x24a30000, 0x24b70000)
  to   space 1280K,   0% used [0x24b70000, 0x24b70000, 0x24cb0000)
 tenured generation   total 25844K, used 15505K [0x29550000, 0x2ae8d000, 0x34000000)
   the space 25844K,  59% used [0x29550000, 0x2a474680, 0x2a474800, 0x2ae8d000)
 compacting perm gen  total 12288K, used 8565K [0x34000000, 0x34c00000, 0x38000000)
   the space 12288K,  69% used [0x34000000, 0x3485d400, 0x3485d400, 0x34c00000)
    ro space 10240K,  42% used [0x38000000, 0x38434778, 0x38434800, 0x38a00000)
    rw space 12288K,  52% used [0x38a00000, 0x39049a68, 0x39049c00, 0x39600000)
Event: 7.258 GC heap after
Heap after GC invocations=15 (full 3):
 def new generation   total 11712K, used 1280K [0x24000000, 0x24cb0000, 0x29550000)
  eden space 10432K,   0% used [0x24000000, 0x24000000, 0x24a30000)
  from space 1280K, 100% used [0x24b70000, 0x24cb0000, 0x24cb0000)
  to   space 1280K,   0% used [0x24a30000, 0x24a30000, 0x24b70000)
 tenured generation   total 25844K, used 19278K [0x29550000, 0x2ae8d000, 0x34000000)
   the space 25844K,  74% used [0x29550000, 0x2a823888, 0x2a823a00, 0x2ae8d000)
 compacting perm gen  total 12288K, used 8565K [0x34000000, 0x34c00000, 0x38000000)
   the space 12288K,  69% used [0x34000000, 0x3485d400, 0x3485d400, 0x34c00000)
    ro space 10240K,  42% used [0x38000000, 0x38434778, 0x38434800, 0x38a00000)
    rw space 12288K,  52% used [0x38a00000, 0x39049a68, 0x39049c00, 0x39600000)
}
Event: 11.511 GC heap before
{Heap before GC invocations=15 (full 3):
 def new generation   total 11712K, used 11712K [0x24000000, 0x24cb0000, 0x29550000)
  eden space 10432K, 100% used [0x24000000, 0x24a30000, 0x24a30000)
  from space 1280K, 100% used [0x24b70000, 0x24cb0000, 0x24cb0000)
  to   space 1280K,   0% used [0x24a30000, 0x24a30000, 0x24b70000)
 tenured generation   total 25844K, used 19278K [0x29550000, 0x2ae8d000, 0x34000000)
   the space 25844K,  74% used [0x29550000, 0x2a823888, 0x2a823a00, 0x2ae8d000)
 compacting perm gen  total 12288K, used 8779K [0x34000000, 0x34c00000, 0x38000000)
   the space 12288K,  71% used [0x34000000, 0x34892d98, 0x34892e00, 0x34c00000)
    ro space 10240K,  42% used [0x38000000, 0x38434778, 0x38434800, 0x38a00000)
    rw space 12288K,  52% used [0x38a00000, 0x39049a68, 0x39049c00, 0x39600000)
Event: 11.519 GC heap after
Heap after GC invocations=16 (full 3):
 def new generation   total 11712K, used 1280K [0x24000000, 0x24cb0000, 0x29550000)
  eden space 10432K,   0% used [0x24000000, 0x24000000, 0x24a30000)
  from space 1280K, 100% used [0x24a30000, 0x24b70000, 0x24b70000)
  to   space 1280K,   0% used [0x24b70000, 0x24b70000, 0x24cb0000)
 tenured generation   total 25844K, used 23695K [0x29550000, 0x2ae8d000, 0x34000000)
   the space 25844K,  91% used [0x29550000, 0x2ac73db8, 0x2ac73e00, 0x2ae8d000)
 compacting perm gen  total 12288K, used 8779K [0x34000000, 0x34c00000, 0x38000000)
   the space 12288K,  71% used [0x34000000, 0x34892d98, 0x34892e00, 0x34c00000)
    ro space 10240K,  42% used [0x38000000, 0x38434778, 0x38434800, 0x38a00000)
    rw space 12288K,  52% used [0x38a00000, 0x39049a68, 0x39049c00, 0x39600000)
}
Event: 12.646 GC heap before
{Heap before GC invocations=16 (full 3):
 def new generation   total 11712K, used 11648K [0x24000000, 0x24cb0000, 0x29550000)
  eden space 10432K,  99% used [0x24000000, 0x24a20090, 0x24a30000)
  from space 1280K, 100% used [0x24a30000, 0x24b70000, 0x24b70000)
  to   space 1280K,   0% used [0x24b70000, 0x24b70000, 0x24cb0000)
 tenured generation   total 25844K, used 23695K [0x29550000, 0x2ae8d000, 0x34000000)
   the space 25844K,  91% used [0x29550000, 0x2ac73db8, 0x2ac73e00, 0x2ae8d000)
 compacting perm gen  total 12288K, used 8789K [0x34000000, 0x34c00000, 0x38000000)
   the space 12288K,  71% used [0x34000000, 0x348954b0, 0x34895600, 0x34c00000)
    ro space 10240K,  42% used [0x38000000, 0x38434778, 0x38434800, 0x38a00000)
    rw space 12288K,  52% used [0x38a00000, 0x39049a68, 0x39049c00, 0x39600000)
Event: 12.714 GC heap after
Heap after GC invocations=17 (full 4):
 def new generation   total 18368K, used 0K [0x24000000, 0x253e0000, 0x29550000)
  eden space 16384K,   0% used [0x24000000, 0x24000000, 0x25000000)
  from space 1984K,   0% used [0x25000000, 0x25000000, 0x251f0000)
  to   space 1984K,   0% used [0x251f0000, 0x251f0000, 0x253e0000)
 tenured generation   total 40532K, used 24317K [0x29550000, 0x2bce5000, 0x34000000)
   the space 40532K,  59% used [0x29550000, 0x2ad0f720, 0x2ad0f800, 0x2bce5000)
 compacting perm gen  total 12288K, used 8782K [0x34000000, 0x34c00000, 0x38000000)
   the space 12288K,  71% used [0x34000000, 0x34893a58, 0x34893c00, 0x34c00000)
    ro space 10240K,  42% used [0x38000000, 0x38434778, 0x38434800, 0x38a00000)
    rw space 12288K,  52% used [0x38a00000, 0x39049a68, 0x39049c00, 0x39600000)
}

Deoptimization events (0 events):
No events

Internal exceptions (10 events):
Event: 9.335 Thread 0x05037400 Threw 0x241529c8 at C:\re\jdk7u60\1081\hotspot\src\share\vm\prims\jvm.cpp:1244
Event: 9.335 Thread 0x05037400 Threw 0x241584f8 at C:\re\jdk7u60\1081\hotspot\src\share\vm\prims\jvm.cpp:1244
Event: 9.336 Thread 0x05037400 Threw 0x2415d900 at C:\re\jdk7u60\1081\hotspot\src\share\vm\prims\jvm.cpp:1244
Event: 9.336 Thread 0x05037400 Threw 0x24162d20 at C:\re\jdk7u60\1081\hotspot\src\share\vm\prims\jvm.cpp:1244
Event: 9.337 Thread 0x05037400 Threw 0x24168130 at C:\re\jdk7u60\1081\hotspot\src\share\vm\prims\jvm.cpp:1244
Event: 9.338 Thread 0x05037400 Threw 0x2416d5c0 at C:\re\jdk7u60\1081\hotspot\src\share\vm\prims\jvm.cpp:1244
Event: 9.338 Thread 0x05037400 Threw 0x24172c38 at C:\re\jdk7u60\1081\hotspot\src\share\vm\prims\jvm.cpp:1244
Event: 9.457 Thread 0x05036800 Threw 0x241cafa8 at C:\re\jdk7u60\1081\hotspot\src\share\vm\prims\jvm.cpp:2917
Event: 9.458 Thread 0x053c9c00 Threw 0x241b9b60 at C:\re\jdk7u60\1081\hotspot\src\share\vm\prims\jvm.cpp:1244
Event: 14.242 Thread 0x05036c00 Threw 0x245f2af0 at C:\re\jdk7u60\1081\hotspot\src\share\vm\prims\jvm.cpp:2917

Events (10 events):
Event: 14.943 loading class 0x39670c20
Event: 14.943 loading class 0x39670bc8
Event: 14.943 loading class 0x39670bc8 done
Event: 14.943 loading class 0x39670c20 done
Event: 14.943 Thread 0x053cc000 Thread exited: 0x053cc000
Event: 14.944 Thread 0x053c9400 Thread exited: 0x053c9400
Event: 14.944 Thread 0x053cd400 Thread exited: 0x053cd400
Event: 14.948 Thread 0x05038000 Thread exited: 0x05038000
Event: 15.044 Thread 0x053ce000 Thread exited: 0x053ce000
Event: 15.045 Executing VM operation: Exit


Dynamic libraries:
0x00a70000 - 0x00a9f000 	C:\Program Files (x86)\Java\jre7\bin\javaw.exe
0x76fe0000 - 0x77137000 	C:\Windows\SYSTEM32\ntdll.dll
0x74690000 - 0x747c0000 	C:\Windows\SYSTEM32\KERNEL32.DLL
0x76a80000 - 0x76b27000 	C:\Windows\SYSTEM32\KERNELBASE.dll
0x747c0000 - 0x7486e000 	C:\Windows\SYSTEM32\ADVAPI32.dll
0x764f0000 - 0x76606000 	C:\Windows\SYSTEM32\USER32.dll
0x73130000 - 0x73328000 	C:\Windows\WinSxS\x86_microsoft.windows.common-controls_6595b64144ccf1df_6.0.9200.16579_none_8937eec6860750f5\COMCTL32.dll
0x76000000 - 0x760b1000 	C:\Windows\SYSTEM32\msvcrt.dll
0x74870000 - 0x748a4000 	C:\Windows\SYSTEM32\sechost.dll
0x760c0000 - 0x7616c000 	C:\Windows\SYSTEM32\RPCRT4.dll
0x748b0000 - 0x749ad000 	C:\Windows\SYSTEM32\GDI32.dll
0x745d0000 - 0x745ed000 	C:\Windows\SYSTEM32\SspiCli.dll
0x745c0000 - 0x745c9000 	C:\Windows\SYSTEM32\CRYPTBASE.dll
0x74560000 - 0x745b1000 	C:\Windows\SYSTEM32\bcryptPrimitives.dll
0x762e0000 - 0x76300000 	C:\Windows\system32\IMM32.DLL
0x76680000 - 0x7675e000 	C:\Windows\SYSTEM32\MSCTF.dll
0x6f190000 - 0x6f24f000 	C:\Program Files (x86)\Java\jre7\bin\msvcr100.dll
0x6f250000 - 0x6f5d8000 	C:\Program Files (x86)\Java\jre7\bin\client\jvm.dll
0x71c10000 - 0x71c18000 	C:\Windows\SYSTEM32\WSOCK32.dll
0x71fb0000 - 0x71fd1000 	C:\Windows\SYSTEM32\WINMM.dll
0x76300000 - 0x76306000 	C:\Windows\SYSTEM32\PSAPI.DLL
0x75f80000 - 0x75fd0000 	C:\Windows\SYSTEM32\WS2_32.dll
0x71c70000 - 0x71c9b000 	C:\Windows\SYSTEM32\WINMMBASE.dll
0x75ff0000 - 0x75ff8000 	C:\Windows\SYSTEM32\NSI.dll
0x76b30000 - 0x76b76000 	C:\Windows\SYSTEM32\cfgmgr32.dll
0x75f00000 - 0x75f1e000 	C:\Windows\SYSTEM32\DEVOBJ.dll
0x720a0000 - 0x720ac000 	C:\Program Files (x86)\Java\jre7\bin\verify.dll
0x71910000 - 0x71930000 	C:\Program Files (x86)\Java\jre7\bin\java.dll
0x718d0000 - 0x718e3000 	C:\Program Files (x86)\Java\jre7\bin\zip.dll
0x685e0000 - 0x68723000 	C:\Program Files (x86)\Java\jre7\bin\awt.dll
0x76c00000 - 0x76c8b000 	C:\Windows\SYSTEM32\OLEAUT32.dll
0x76de0000 - 0x76f16000 	C:\Windows\SYSTEM32\combase.dll
0x72dd0000 - 0x72e77000 	C:\Windows\system32\apphelp.dll
0x71a40000 - 0x71a59000 	C:\Windows\system32\DWMAPI.DLL
0x726b0000 - 0x72738000 	C:\Windows\system32\uxtheme.dll
0x76760000 - 0x76879000 	C:\Windows\SYSTEM32\ole32.dll
0x74da0000 - 0x75e66000 	C:\Windows\SYSTEM32\SHELL32.dll
0x75f40000 - 0x75f80000 	C:\Windows\SYSTEM32\SHLWAPI.dll
0x73330000 - 0x733a3000 	C:\Windows\SYSTEM32\shcore.dll
0x70b90000 - 0x70bc9000 	C:\Program Files (x86)\Java\jre7\bin\fontmanager.dll
0x718b0000 - 0x718c4000 	C:\Program Files (x86)\Java\jre7\bin\net.dll
0x72e80000 - 0x72eca000 	C:\Windows\system32\mswsock.dll
0x718a0000 - 0x718af000 	C:\Program Files (x86)\Java\jre7\bin\nio.dll
0x6b5d0000 - 0x6b600000 	C:\Program Files (x86)\Java\jre7\bin\t2k.dll
0x76b80000 - 0x76bf4000 	C:\Windows\SYSTEM32\clbcatq.dll
0x6a8a0000 - 0x6a9eb000 	C:\Windows\SYSTEM32\WindowsCodecs.dll
0x76dc0000 - 0x76dd1000 	C:\Windows\SYSTEM32\profapi.dll
0x6a870000 - 0x6a894000 	C:\Program Files (x86)\Java\jre7\bin\dcpr.dll
0x68570000 - 0x685dd000 	C:\binaries\terrajava.dll
0x68480000 - 0x68567000 	C:\binaries\terramanager-funcate.dll
0x59300000 - 0x59ba6000 	C:\binaries\terralib.dll
0x64af0000 - 0x64b59000 	C:\Windows\SYSTEM32\MSVCP100.dll
0x6d880000 - 0x6db4c000 	C:\binaries\bgd.dll
0x6e0b0000 - 0x6e0cb000 	C:\binaries\terraogc_xml.dll
0x6b500000 - 0x6b51d000 	C:\binaries\terraogc_sld.dll
0x68450000 - 0x68476000 	C:\binaries\terraogc_se.dll
0x66df0000 - 0x66e26000 	C:\binaries\terraogc_filter.dll
0x66d90000 - 0x66de2000 	C:\binaries\terraogc_ows.dll
0x6ab50000 - 0x6ab69000 	C:\binaries\terraogc_common.dll
0x70690000 - 0x7069b000 	C:\binaries\terralib_shp.dll
0x6b5c0000 - 0x6b5ce000 	C:\binaries\terralib_spl.dll
0x06540000 - 0x06936000 	C:\binaries\qt-mt338.dll
0x613d0000 - 0x6149e000 	C:\Windows\SYSTEM32\OPENGL32.dll
0x613a0000 - 0x613c3000 	C:\Windows\SYSTEM32\GLU32.dll
0x66d10000 - 0x66d8f000 	C:\binaries\qwt500.dll
0x0f230000 - 0x1122f000 	C:\binaries\berkelium.dll
0x06940000 - 0x06a81000 	C:\binaries\LIBMYSQL.dll
0x63100000 - 0x63121000 	C:\binaries\LIBPQ.dll
0x06a90000 - 0x06af1000 	C:\binaries\OCI.dll
0x66c80000 - 0x66d0a000 	C:\binaries\libtiff.dll
0x583a0000 - 0x58b72000 	C:\binaries\gdal110.dll
0x12000000 - 0x121dc000 	C:\binaries\xerces-c_3_1.dll
0x66c20000 - 0x66c75000 	C:\binaries\terraogc_wms.dll
0x66bc0000 - 0x66c13000 	C:\binaries\terraogc_gml.dll
0x60710000 - 0x60751000 	C:\binaries\terraogc_xsd.dll
0x66ba0000 - 0x66bc0000 	C:\binaries\terraogc_xacml.dll
0x71f30000 - 0x71f90000 	C:\Windows\SYSTEM32\WINSPOOL.DRV
0x7c340000 - 0x7c396000 	C:\Windows\SYSTEM32\MSVCR71.dll
0x608a0000 - 0x60979000 	C:\Windows\SYSTEM32\DDRAW.dll
0x727a0000 - 0x727a9000 	C:\Windows\SYSTEM32\Secur32.dll
0x75f20000 - 0x75f3b000 	C:\Windows\SYSTEM32\USERENV.dll
0x71520000 - 0x71570000 	C:\Windows\SYSTEM32\OLEACC.dll
0x54200000 - 0x54276000 	C:\Windows\SYSTEM32\RICHED20.dll
0x72ee0000 - 0x72ee8000 	C:\Windows\SYSTEM32\VERSION.dll
0x720b0000 - 0x720c4000 	C:\Windows\SYSTEM32\USP10.dll
0x72c50000 - 0x72cc5000 	C:\Windows\SYSTEM32\DNSAPI.dll
0x06ba0000 - 0x06c4a000 	C:\Windows\libeay32.dll
0x06c50000 - 0x06c5d000 	C:\binaries\libintl-2.dll
0x72ed0000 - 0x72ed6000 	C:\Windows\SYSTEM32\SHFOLDER.DLL
0x06c60000 - 0x06c86000 	C:\Windows\ssleay32.dll
0x06c90000 - 0x06cb6000 	C:\binaries\libexpat.dll
0x60770000 - 0x60811000 	C:\Windows\SYSTEM32\ODBC32.dll
0x60760000 - 0x60767000 	C:\Windows\SYSTEM32\DCIMAN32.dll
0x663b0000 - 0x663db000 	C:\Windows\SYSTEM32\msls31.dll
0x06d10000 - 0x06deb000 	C:\binaries\libiconv-2.dll
0x6f600000 - 0x6f61d000 	C:\Windows\SYSTEM32\gpapi.dll
0x74530000 - 0x74556000 	C:\Windows\SYSTEM32\ntmarta.dll
0x57af0000 - 0x58398000 	C:\binaries\icudt46.dll
0x53850000 - 0x53979000 	C:\Windows\SYSTEM32\dbghelp.dll
0x72040000 - 0x72050000 	C:\Windows\system32\napinsp.dll
0x72020000 - 0x72034000 	C:\Windows\system32\pnrpnsp.dll
0x72010000 - 0x72020000 	C:\Windows\system32\NLAapi.dll
0x72000000 - 0x72009000 	C:\Windows\System32\winrnr.dll
0x71ac0000 - 0x71ad0000 	C:\Windows\system32\wshbth.dll
0x726a0000 - 0x726a7000 	C:\Windows\System32\rasadhlp.dll
0x71c30000 - 0x71c6f000 	C:\Windows\System32\fwpuclnt.dll
0x72cd0000 - 0x72cf0000 	C:\Windows\SYSTEM32\IPHLPAPI.DLL
0x72c40000 - 0x72c48000 	C:\Windows\SYSTEM32\WINNSI.DLL
0x730d0000 - 0x730ea000 	C:\Windows\SYSTEM32\CRYPTSP.dll
0x73090000 - 0x730ce000 	C:\Windows\system32\rsaenh.dll
0x72c30000 - 0x72c40000 	C:\Windows\SYSTEM32\dhcpcsvc6.DLL
0x72c10000 - 0x72c22000 	C:\Windows\SYSTEM32\dhcpcsvc.DLL
0x606e0000 - 0x60705000 	C:\Program Files (x86)\Java\jre7\bin\jpeg.dll

VM Arguments:
jvm_args: -Dfile.encoding=ISO-8859-1 
java_command: com.nexusbr.gv.main.ConnectDBMain
Launcher Type: SUN_STANDARD

Environment Variables:
JAVA_HOME=C:\Program Files (x86)\Java\jre7
PATH=C:/Program Files (x86)/Java/jre7/bin/client;C:/Program Files (x86)/Java/jre7/bin;C:/Program Files (x86)/Java/jre7/lib/i386;C:\Program Files (x86)\PHP\;c:\Program Files (x86)\Intel\iCLS Client\;c:\Program Files\Intel\iCLS Client\;C:\Windows\system32;C:\Windows;C:\Windows\System32\Wbem;C:\Windows\System32\WindowsPowerShell\v1.0\;C:\Program Files\Intel\Intel(R) Management Engine Components\DAL;C:\Program Files\Intel\Intel(R) Management Engine Components\IPT;C:\Program Files (x86)\Intel\Intel(R) Management Engine Components\DAL;C:\Program Files (x86)\Intel\Intel(R) Management Engine Components\IPT;C:\Program Files (x86)\Intel\OpenCL SDK\3.0\bin\x86;C:\Program Files (x86)\Intel\OpenCL SDK\3.0\bin\x64;C:\Program Files (x86)\Windows Live\Shared;C:\binaries;c:\Program Files (x86)\Microsoft SQL Server\100\Tools\Binn\;c:\Program Files\Microsoft SQL Server\100\Tools\Binn\;c:\Program Files\Microsoft SQL Server\100\DTS\Binn\;C:\strawberry\c\bin;C:\strawberry\perl\site\bin;C:\strawberry\perl\bin;C:\Program Files (x86)\Microsoft SQL Server\110\Tools\Binn\ManagementStudio\;C:\Program Files (x86)\Microsoft SQL Server\110\Tools\Binn\;C:\Program Files\Microsoft SQL Server\110\Tools\Binn\;C:\Program Files (x86)\Microsoft SQL Server\110\DTS\Binn\;C:\Program Files\TortoiseSVN\bin;C:\Python34;C:\Program Files (x86)\Java\jre7\bin;C:\eclipse;
USERNAME=inacio
OS=Windows_NT
PROCESSOR_IDENTIFIER=Intel64 Family 6 Model 69 Stepping 1, GenuineIntel



---------------  S Y S T E M  ---------------

OS: Windows 8 , 64 bit Build 9200 

CPU:total 4 (2 cores per cpu, 2 threads per core) family 6 model 69 stepping 1, cmov, cx8, fxsr, mmx, sse, sse2, sse3, ssse3, sse4.1, sse4.2, popcnt, avx, avx2, aes, erms, ht, tsc, tscinvbit

Memory: 4k page, physical 8290700k(2701848k free), swap 9535884k(2881348k free)

vm_info: Java HotSpot(TM) Client VM (24.60-b09) for windows-x86 JRE (1.7.0_60-b19), built on May  7 2014 13:09:52 by "java_re" with unknown MS VC++:1600

time: Thu Jul 03 12:58:24 2014
elapsed time: 15 seconds

