#
# A fatal error has been detected by the Java Runtime Environment:
#
#  EXCEPTION_ACCESS_VIOLATION (0xc0000005) at pc=0x10069052, pid=6920, tid=10760
#
# JRE version: Java(TM) SE Runtime Environment (7.0_60-b19) (build 1.7.0_60-b19)
# Java VM: Java HotSpot(TM) Client VM (24.60-b09 mixed mode, sharing windows-x86 )
# Problematic frame:
# C  [berkelium.dll+0xa39052]
#
# Failed to write core dump. Minidumps are not enabled by default on client versions of Windows
#
# If you would like to submit a bug report, please visit:
#   http://bugreport.sun.com/bugreport/crash.jsp
#

---------------  T H R E A D  ---------------

Current thread (0x0095fc00):  VMThread [stack: 0x04070000,0x040c0000] [id=10760]

siginfo: ExceptionCode=0xc0000005, reading address 0x000000f8

Registers:
EAX=0x040bf1f4, EBX=0x000493e0, ECX=0x040bf1f4, EDX=0x2dc8df20
ESP=0x040bf1e4, EBP=0x00000087, ESI=0x00000000, EDI=0x3faa8220
EIP=0x10069052, EFLAGS=0x00010206

Top of Stack: (sp=0x040bf1e4)
0x040bf1e4:   06a43168 06a43168 0699ab00 00000000
0x040bf1f4:   2dc8df20 00000087 06a33a20 06a3c900
0x040bf204:   00000000 00000000 00000000 74616401
0x040bf214:   69642d61 06c40072 00000023 0000002f
0x040bf224:   00000000 069c7070 002e5bf3 06a43000
0x040bf234:   0699ab44 ffffff00 0f69bf20 111b9778
0x040bf244:   064f0030 00000000 0000000f 111ba730
0x040bf254:   00000001 0f699783 00000008 00000001 

Instructions: (pc=0x10069052)
0x10069032:   03 00 00 57 53 e8 f4 c8 60 ff 8b ea 8d 54 24 10
0x10069042:   52 8b f8 e8 26 ca 00 00 83 c4 04 03 38 13 68 04
0x10069052:   8b 86 f8 00 00 00 0b 86 fc 00 00 00 89 7c 24 20
0x10069062:   89 6c 24 24 75 3e 39 84 24 d4 00 00 00 7f 35 7c 


Register to memory mapping:

EAX=
[error occurred during error reporting (printing register info), id 0xc0000005]

Stack: [0x04070000,0x040c0000],  sp=0x040bf1e4,  free space=316k
Native frames: (J=compiled Java code, j=interpreted, Vv=VM code, C=native code)
C  [berkelium.dll+0xa39052]

VM_Operation (0x0562e760): Exit, mode: safepoint, requested by thread 0x051a2400


---------------  P R O C E S S  ---------------

Java Threads: ( => current thread )
  0x084d5800 JavaThread "Image Fetcher 3" daemon [_thread_blocked, id=5464, stack(0x09020000,0x09070000)]
  0x084d4c00 JavaThread "Image Fetcher 2" daemon [_thread_blocked, id=11028, stack(0x08f00000,0x08f50000)]
  0x084d5000 JavaThread "Image Fetcher 1" daemon [_thread_blocked, id=1240, stack(0x08e70000,0x08ec0000)]
  0x054d6000 JavaThread "Image Fetcher 0" daemon [_thread_blocked, id=8560, stack(0x08de0000,0x08e30000)]
  0x084d4000 JavaThread "Keep-Alive-Timer" daemon [_thread_blocked, id=9180, stack(0x09380000,0x093d0000)]
  0x054d5400 JavaThread "Image Animator 3" daemon [_thread_blocked, id=9800, stack(0x07300000,0x07350000)]
  0x054d3400 JavaThread "WeakCollectionCleaner" daemon [_thread_blocked, id=2932, stack(0x08c70000,0x08cc0000)]
  0x054c3000 JavaThread "TimerQueue" daemon [_thread_blocked, id=4136, stack(0x073d0000,0x07420000)]
  0x0038e000 JavaThread "DestroyJavaVM" [_thread_blocked, id=7388, stack(0x008f0000,0x00940000)]
  0x051a2400 JavaThread "AWT-EventQueue-0" [_thread_blocked, id=10832, stack(0x055e0000,0x05630000)]
  0x04694000 JavaThread "AWT-Shutdown" [_thread_blocked, id=11108, stack(0x04cb0000,0x04d00000)]
  0x04646800 JavaThread "Java2D Disposer" daemon [_thread_blocked, id=11112, stack(0x04ac0000,0x04b10000)]
  0x009dac00 JavaThread "Service Thread" daemon [_thread_blocked, id=7224, stack(0x043d0000,0x04420000)]
  0x009d4400 JavaThread "C1 CompilerThread0" daemon [_thread_blocked, id=11124, stack(0x04340000,0x04390000)]
  0x009d2800 JavaThread "Attach Listener" daemon [_thread_blocked, id=3536, stack(0x042b0000,0x04300000)]
  0x009d0800 JavaThread "Signal Dispatcher" daemon [_thread_blocked, id=9412, stack(0x04220000,0x04270000)]
  0x00962800 JavaThread "Finalizer" daemon [_thread_blocked, id=5608, stack(0x04190000,0x041e0000)]
  0x00961000 JavaThread "Reference Handler" daemon [_thread_blocked, id=3656, stack(0x04100000,0x04150000)]

Other Threads:
=>0x0095fc00 VMThread [stack: 0x04070000,0x040c0000] [id=10760]

VM state:at safepoint (shutting down)

VM Mutex/Monitor currently owned by a thread:  ([mutex/lock_event])
[0x0038c468] Threads_lock - owner thread: 0x0095fc00

Heap
 def new generation   total 30016K, used 7796K [0x24000000, 0x26090000, 0x29550000)
  eden space 26688K,  17% used [0x24000000, 0x2448bda8, 0x25a10000)
  from space 3328K,  94% used [0x25a10000, 0x25d21450, 0x25d50000)
  to   space 3328K,   0% used [0x25d50000, 0x25d50000, 0x26090000)
 tenured generation   total 66544K, used 56266K [0x29550000, 0x2d64c000, 0x34000000)
   the space 66544K,  84% used [0x29550000, 0x2cc429f8, 0x2cc42a00, 0x2d64c000)
 compacting perm gen  total 12288K, used 8841K [0x34000000, 0x34c00000, 0x38000000)
   the space 12288K,  71% used [0x34000000, 0x348a2670, 0x348a2800, 0x34c00000)
    ro space 10240K,  42% used [0x38000000, 0x38434778, 0x38434800, 0x38a00000)
    rw space 12288K,  52% used [0x38a00000, 0x39049a68, 0x39049c00, 0x39600000)

Card table byte_map: [0x03f20000,0x03fd0000] byte_map_base: 0x03e00000

Polling page: 0x00350000

Code Cache  [0x01ea0000, 0x020b8000, 0x03ea0000)
 total_blobs=1282 nmethods=995 adapters=223 free_code_cache=30638Kb largest_free_block=31371776

Compilation events (10 events):
Event: 21.643 Thread 0x009d4400 1005             javax.swing.plaf.synth.SynthContext::getPainter (19 bytes)
Event: 21.643 Thread 0x009d4400 nmethod 1005 0x020b3f88 code [0x020b4090, 0x020b414c]
Event: 21.644 Thread 0x009d4400 1006             java.awt.image.DataBuffer::getOffset (5 bytes)
Event: 21.644 Thread 0x009d4400 nmethod 1006 0x020b41c8 code [0x020b42c0, 0x020b4340]
Event: 21.660 Thread 0x009d4400 1007             sun.java2d.SurfaceData::getColorModel (5 bytes)
Event: 21.660 Thread 0x009d4400 nmethod 1007 0x020b4388 code [0x020b4480, 0x020b4500]
Event: 21.965 Thread 0x009d4400 1008             sun.java2d.pipe.Region::getIntersectionXYXY (108 bytes)
Event: 21.966 Thread 0x009d4400 nmethod 1008 0x020b4548 code [0x020b46a0, 0x020b4998]
Event: 21.966 Thread 0x009d4400 1009             sun.java2d.pipe.Region::isInsideXYXY (39 bytes)
Event: 21.967 Thread 0x009d4400 nmethod 1009 0x020b4c08 code [0x020b4d00, 0x020b4dd0]

GC Heap History (10 events):
Event: 15.190 GC heap before
{Heap before GC invocations=16 (full 4):
 def new generation   total 17984K, used 16000K [0x24000000, 0x25380000, 0x29550000)
  eden space 16000K, 100% used [0x24000000, 0x24fa0000, 0x24fa0000)
  from space 1984K,   0% used [0x24fa0000, 0x24fa0000, 0x25190000)
  to   space 1984K,   0% used [0x25190000, 0x25190000, 0x25380000)
 tenured generation   total 39808K, used 23883K [0x29550000, 0x2bc30000, 0x34000000)
   the space 39808K,  59% used [0x29550000, 0x2aca2ff0, 0x2aca3000, 0x2bc30000)
 compacting perm gen  total 12288K, used 8795K [0x34000000, 0x34c00000, 0x38000000)
   the space 12288K,  71% used [0x34000000, 0x34896f10, 0x34897000, 0x34c00000)
    ro space 10240K,  42% used [0x38000000, 0x38434778, 0x38434800, 0x38a00000)
    rw space 12288K,  52% used [0x38a00000, 0x39049a68, 0x39049c00, 0x39600000)
Event: 15.194 GC heap after
Heap after GC invocations=17 (full 4):
 def new generation   total 17984K, used 1882K [0x24000000, 0x25380000, 0x29550000)
  eden space 16000K,   0% used [0x24000000, 0x24000000, 0x24fa0000)
  from space 1984K,  94% used [0x25190000, 0x25366880, 0x25380000)
  to   space 1984K,   0% used [0x24fa0000, 0x24fa0000, 0x25190000)
 tenured generation   total 39808K, used 31016K [0x29550000, 0x2bc30000, 0x34000000)
   the space 39808K,  77% used [0x29550000, 0x2b39a388, 0x2b39a400, 0x2bc30000)
 compacting perm gen  total 12288K, used 8795K [0x34000000, 0x34c00000, 0x38000000)
   the space 12288K,  71% used [0x34000000, 0x34896f10, 0x34897000, 0x34c00000)
    ro space 10240K,  42% used [0x38000000, 0x38434778, 0x38434800, 0x38a00000)
    rw space 12288K,  52% used [0x38a00000, 0x39049a68, 0x39049c00, 0x39600000)
}
Event: 16.514 GC heap before
{Heap before GC invocations=17 (full 4):
 def new generation   total 17984K, used 17787K [0x24000000, 0x25380000, 0x29550000)
  eden space 16000K,  99% used [0x24000000, 0x24f88558, 0x24fa0000)
  from space 1984K,  94% used [0x25190000, 0x25366880, 0x25380000)
  to   space 1984K,   0% used [0x24fa0000, 0x24fa0000, 0x25190000)
 tenured generation   total 39808K, used 32040K [0x29550000, 0x2bc30000, 0x34000000)
   the space 39808K,  80% used [0x29550000, 0x2b49a3c8, 0x2b49a400, 0x2bc30000)
 compacting perm gen  total 12288K, used 8811K [0x34000000, 0x34c00000, 0x38000000)
   the space 12288K,  71% used [0x34000000, 0x3489afb0, 0x3489b000, 0x34c00000)
    ro space 10240K,  42% used [0x38000000, 0x38434778, 0x38434800, 0x38a00000)
    rw space 12288K,  52% used [0x38a00000, 0x39049a68, 0x39049c00, 0x39600000)
Event: 16.520 GC heap after
Heap after GC invocations=18 (full 4):
 def new generation   total 17984K, used 1896K [0x24000000, 0x25380000, 0x29550000)
  eden space 16000K,   0% used [0x24000000, 0x24000000, 0x24fa0000)
  from space 1984K,  95% used [0x24fa0000, 0x2517a198, 0x25190000)
  to   space 1984K,   0% used [0x25190000, 0x25190000, 0x25380000)
 tenured generation   total 39808K, used 37722K [0x29550000, 0x2bc30000, 0x34000000)
   the space 39808K,  94% used [0x29550000, 0x2ba269a8, 0x2ba26a00, 0x2bc30000)
 compacting perm gen  total 12288K, used 8811K [0x34000000, 0x34c00000, 0x38000000)
   the space 12288K,  71% used [0x34000000, 0x3489afb0, 0x3489b000, 0x34c00000)
    ro space 10240K,  42% used [0x38000000, 0x38434778, 0x38434800, 0x38a00000)
    rw space 12288K,  52% used [0x38a00000, 0x39049a68, 0x39049c00, 0x39600000)
}
Event: 19.395 GC heap before
{Heap before GC invocations=18 (full 4):
 def new generation   total 17984K, used 17271K [0x24000000, 0x25380000, 0x29550000)
  eden space 16000K,  96% used [0x24000000, 0x24f03d28, 0x24fa0000)
  from space 1984K,  95% used [0x24fa0000, 0x2517a198, 0x25190000)
  to   space 1984K,   0% used [0x25190000, 0x25190000, 0x25380000)
 tenured generation   total 39808K, used 37722K [0x29550000, 0x2bc30000, 0x34000000)
   the space 39808K,  94% used [0x29550000, 0x2ba269a8, 0x2ba26a00, 0x2bc30000)
 compacting perm gen  total 12288K, used 8831K [0x34000000, 0x34c00000, 0x38000000)
   the space 12288K,  71% used [0x34000000, 0x3489ff80, 0x348a0000, 0x34c00000)
    ro space 10240K,  42% used [0x38000000, 0x38434778, 0x38434800, 0x38a00000)
    rw space 12288K,  52% used [0x38a00000, 0x39049a68, 0x39049c00, 0x39600000)
Event: 19.465 GC heap after
Heap after GC invocations=19 (full 5):
 def new generation   total 30016K, used 0K [0x24000000, 0x26090000, 0x29550000)
  eden space 26688K,   0% used [0x24000000, 0x24000000, 0x25a10000)
  from space 3328K,   0% used [0x25a10000, 0x25a10000, 0x25d50000)
  to   space 3328K,   0% used [0x25d50000, 0x25d50000, 0x26090000)
 tenured generation   total 66544K, used 39924K [0x29550000, 0x2d64c000, 0x34000000)
   the space 66544K,  59% used [0x29550000, 0x2bc4d078, 0x2bc4d200, 0x2d64c000)
 compacting perm gen  total 12288K, used 8831K [0x34000000, 0x34c00000, 0x38000000)
   the space 12288K,  71% used [0x34000000, 0x3489ff80, 0x348a0000, 0x34c00000)
    ro space 10240K,  42% used [0x38000000, 0x38434778, 0x38434800, 0x38a00000)
    rw space 12288K,  52% used [0x38a00000, 0x39049a68, 0x39049c00, 0x39600000)
}
Event: 20.645 GC heap before
{Heap before GC invocations=19 (full 5):
 def new generation   total 30016K, used 26356K [0x24000000, 0x26090000, 0x29550000)
  eden space 26688K,  98% used [0x24000000, 0x259bd308, 0x25a10000)
  from space 3328K,   0% used [0x25a10000, 0x25a10000, 0x25d50000)
  to   space 3328K,   0% used [0x25d50000, 0x25d50000, 0x26090000)
 tenured generation   total 66544K, used 39924K [0x29550000, 0x2d64c000, 0x34000000)
   the space 66544K,  59% used [0x29550000, 0x2bc4d078, 0x2bc4d200, 0x2d64c000)
 compacting perm gen  total 12288K, used 8837K [0x34000000, 0x34c00000, 0x38000000)
   the space 12288K,  71% used [0x34000000, 0x348a1790, 0x348a1800, 0x34c00000)
    ro space 10240K,  42% used [0x38000000, 0x38434778, 0x38434800, 0x38a00000)
    rw space 12288K,  52% used [0x38a00000, 0x39049a68, 0x39049c00, 0x39600000)
Event: 20.650 GC heap after
Heap after GC invocations=20 (full 5):
 def new generation   total 30016K, used 865K [0x24000000, 0x26090000, 0x29550000)
  eden space 26688K,   0% used [0x24000000, 0x24000000, 0x25a10000)
  from space 3328K,  26% used [0x25d50000, 0x25e28668, 0x26090000)
  to   space 3328K,   0% used [0x25a10000, 0x25a10000, 0x25d50000)
 tenured generation   total 66544K, used 49108K [0x29550000, 0x2d64c000, 0x34000000)
   the space 66544K,  73% used [0x29550000, 0x2c5452d8, 0x2c545400, 0x2d64c000)
 compacting perm gen  total 12288K, used 8837K [0x34000000, 0x34c00000, 0x38000000)
   the space 12288K,  71% used [0x34000000, 0x348a1790, 0x348a1800, 0x34c00000)
    ro space 10240K,  42% used [0x38000000, 0x38434778, 0x38434800, 0x38a00000)
    rw space 12288K,  52% used [0x38a00000, 0x39049a68, 0x39049c00, 0x39600000)
}
Event: 21.645 GC heap before
{Heap before GC invocations=20 (full 5):
 def new generation   total 30016K, used 27327K [0x24000000, 0x26090000, 0x29550000)
  eden space 26688K,  99% used [0x24000000, 0x259d7680, 0x25a10000)
  from space 3328K,  26% used [0x25d50000, 0x25e28668, 0x26090000)
  to   space 3328K,   0% used [0x25a10000, 0x25a10000, 0x25d50000)
 tenured generation   total 66544K, used 49108K [0x29550000, 0x2d64c000, 0x34000000)
   the space 66544K,  73% used [0x29550000, 0x2c5452d8, 0x2c545400, 0x2d64c000)
 compacting perm gen  total 12288K, used 8838K [0x34000000, 0x34c00000, 0x38000000)
   the space 12288K,  71% used [0x34000000, 0x348a1820, 0x348a1a00, 0x34c00000)
    ro space 10240K,  42% used [0x38000000, 0x38434778, 0x38434800, 0x38a00000)
    rw space 12288K,  52% used [0x38a00000, 0x39049a68, 0x39049c00, 0x39600000)
Event: 21.650 GC heap after
Heap after GC invocations=21 (full 5):
 def new generation   total 30016K, used 3141K [0x24000000, 0x26090000, 0x29550000)
  eden space 26688K,   0% used [0x24000000, 0x24000000, 0x25a10000)
  from space 3328K,  94% used [0x25a10000, 0x25d21450, 0x25d50000)
  to   space 3328K,   0% used [0x25d50000, 0x25d50000, 0x26090000)
 tenured generation   total 66544K, used 56266K [0x29550000, 0x2d64c000, 0x34000000)
   the space 66544K,  84% used [0x29550000, 0x2cc429f8, 0x2cc42a00, 0x2d64c000)
 compacting perm gen  total 12288K, used 8838K [0x34000000, 0x34c00000, 0x38000000)
   the space 12288K,  71% used [0x34000000, 0x348a1820, 0x348a1a00, 0x34c00000)
    ro space 10240K,  42% used [0x38000000, 0x38434778, 0x38434800, 0x38a00000)
    rw space 12288K,  52% used [0x38a00000, 0x39049a68, 0x39049c00, 0x39600000)
}

Deoptimization events (0 events):
No events

Internal exceptions (10 events):
Event: 15.100 Thread 0x051a2400 Threw 0x24d9d6b0 at C:\re\jdk7u60\1081\hotspot\src\share\vm\prims\jvm.cpp:1244
Event: 15.100 Thread 0x051a2400 Threw 0x24da2ac0 at C:\re\jdk7u60\1081\hotspot\src\share\vm\prims\jvm.cpp:1244
Event: 15.100 Thread 0x051a2400 Threw 0x24da7f00 at C:\re\jdk7u60\1081\hotspot\src\share\vm\prims\jvm.cpp:1244
Event: 15.101 Thread 0x051a2400 Threw 0x24dad5c8 at C:\re\jdk7u60\1081\hotspot\src\share\vm\prims\jvm.cpp:1244
Event: 15.187 Thread 0x054d5400 Threw 0x24cb2d80 at C:\re\jdk7u60\1081\hotspot\src\share\vm\prims\jvm.cpp:2917
Event: 15.188 Thread 0x054d3000 Threw 0x24de5640 at C:\re\jdk7u60\1081\hotspot\src\share\vm\prims\jvm.cpp:1244
Event: 19.379 Thread 0x051a2400 Threw 0x24e1c390 at C:\re\jdk7u60\1081\hotspot\src\share\vm\prims\jvm.cpp:1244
Event: 19.381 Thread 0x051a2400 Threw 0x24e22c98 at C:\re\jdk7u60\1081\hotspot\src\share\vm\prims\jvm.cpp:1244
Event: 19.383 Thread 0x051a2400 Threw 0x24e32978 at C:\re\jdk7u60\1081\hotspot\src\share\vm\prims\jvm.cpp:1244
Event: 19.384 Thread 0x051a2400 Threw 0x24e37be0 at C:\re\jdk7u60\1081\hotspot\src\share\vm\prims\jvm.cpp:1244

Events (10 events):
Event: 22.243 loading class 0x39670c20
Event: 22.243 loading class 0x39670bc8
Event: 22.243 Thread 0x054d3000 Thread exited: 0x054d3000
Event: 22.243 loading class 0x39670bc8 done
Event: 22.243 loading class 0x39670c20 done
Event: 22.243 Thread 0x054d5c00 Thread exited: 0x054d5c00
Event: 22.243 Thread 0x054d2800 Thread exited: 0x054d2800
Event: 22.249 Thread 0x04694800 Thread exited: 0x04694800
Event: 22.344 Thread 0x054d3c00 Thread exited: 0x054d3c00
Event: 22.344 Executing VM operation: Exit


Dynamic libraries:
0x00a70000 - 0x00a9f000 	C:\Program Files (x86)\Java\jre7\bin\javaw.exe
0x76fe0000 - 0x77137000 	C:\Windows\SYSTEM32\ntdll.dll
0x74690000 - 0x747c0000 	C:\Windows\SYSTEM32\KERNEL32.DLL
0x76a80000 - 0x76b27000 	C:\Windows\SYSTEM32\KERNELBASE.dll
0x747c0000 - 0x7486e000 	C:\Windows\SYSTEM32\ADVAPI32.dll
0x764f0000 - 0x76606000 	C:\Windows\SYSTEM32\USER32.dll
0x73130000 - 0x73328000 	C:\Windows\WinSxS\x86_microsoft.windows.common-controls_6595b64144ccf1df_6.0.9200.16579_none_8937eec6860750f5\COMCTL32.dll
0x76000000 - 0x760b1000 	C:\Windows\SYSTEM32\msvcrt.dll
0x74870000 - 0x748a4000 	C:\Windows\SYSTEM32\sechost.dll
0x760c0000 - 0x7616c000 	C:\Windows\SYSTEM32\RPCRT4.dll
0x748b0000 - 0x749ad000 	C:\Windows\SYSTEM32\GDI32.dll
0x745d0000 - 0x745ed000 	C:\Windows\SYSTEM32\SspiCli.dll
0x745c0000 - 0x745c9000 	C:\Windows\SYSTEM32\CRYPTBASE.dll
0x74560000 - 0x745b1000 	C:\Windows\SYSTEM32\bcryptPrimitives.dll
0x762e0000 - 0x76300000 	C:\Windows\system32\IMM32.DLL
0x76680000 - 0x7675e000 	C:\Windows\SYSTEM32\MSCTF.dll
0x5e970000 - 0x5ea2f000 	C:\Program Files (x86)\Java\jre7\bin\msvcr100.dll
0x5e310000 - 0x5e698000 	C:\Program Files (x86)\Java\jre7\bin\client\jvm.dll
0x71c10000 - 0x71c18000 	C:\Windows\SYSTEM32\WSOCK32.dll
0x71fb0000 - 0x71fd1000 	C:\Windows\SYSTEM32\WINMM.dll
0x76300000 - 0x76306000 	C:\Windows\SYSTEM32\PSAPI.DLL
0x75f80000 - 0x75fd0000 	C:\Windows\SYSTEM32\WS2_32.dll
0x71c70000 - 0x71c9b000 	C:\Windows\SYSTEM32\WINMMBASE.dll
0x75ff0000 - 0x75ff8000 	C:\Windows\SYSTEM32\NSI.dll
0x76b30000 - 0x76b76000 	C:\Windows\SYSTEM32\cfgmgr32.dll
0x75f00000 - 0x75f1e000 	C:\Windows\SYSTEM32\DEVOBJ.dll
0x720a0000 - 0x720ac000 	C:\Program Files (x86)\Java\jre7\bin\verify.dll
0x70bb0000 - 0x70bd0000 	C:\Program Files (x86)\Java\jre7\bin\java.dll
0x70b90000 - 0x70ba3000 	C:\Program Files (x86)\Java\jre7\bin\zip.dll
0x6f490000 - 0x6f5d3000 	C:\Program Files (x86)\Java\jre7\bin\awt.dll
0x76c00000 - 0x76c8b000 	C:\Windows\SYSTEM32\OLEAUT32.dll
0x76de0000 - 0x76f16000 	C:\Windows\SYSTEM32\combase.dll
0x72dd0000 - 0x72e77000 	C:\Windows\system32\apphelp.dll
0x71a40000 - 0x71a59000 	C:\Windows\system32\DWMAPI.DLL
0x726b0000 - 0x72738000 	C:\Windows\system32\uxtheme.dll
0x76760000 - 0x76879000 	C:\Windows\SYSTEM32\ole32.dll
0x74da0000 - 0x75e66000 	C:\Windows\SYSTEM32\SHELL32.dll
0x75f40000 - 0x75f80000 	C:\Windows\SYSTEM32\SHLWAPI.dll
0x73330000 - 0x733a3000 	C:\Windows\SYSTEM32\shcore.dll
0x718b0000 - 0x718e9000 	C:\Program Files (x86)\Java\jre7\bin\fontmanager.dll
0x6f250000 - 0x6f264000 	C:\Program Files (x86)\Java\jre7\bin\net.dll
0x72e80000 - 0x72eca000 	C:\Windows\system32\mswsock.dll
0x718a0000 - 0x718af000 	C:\Program Files (x86)\Java\jre7\bin\nio.dll
0x706d0000 - 0x70700000 	C:\Program Files (x86)\Java\jre7\bin\t2k.dll
0x76b80000 - 0x76bf4000 	C:\Windows\SYSTEM32\clbcatq.dll
0x6a8a0000 - 0x6a9eb000 	C:\Windows\SYSTEM32\WindowsCodecs.dll
0x76dc0000 - 0x76dd1000 	C:\Windows\SYSTEM32\profapi.dll
0x68440000 - 0x68464000 	C:\Program Files (x86)\Java\jre7\bin\dcpr.dll
0x5e900000 - 0x5e96d000 	C:\binaries\terrajava.dll
0x5e220000 - 0x5e307000 	C:\binaries\terramanager-funcate.dll
0x59300000 - 0x59ba6000 	C:\binaries\terralib.dll
0x64af0000 - 0x64b59000 	C:\Windows\SYSTEM32\MSVCP100.dll
0x6d880000 - 0x6db4c000 	C:\binaries\bgd.dll
0x66b80000 - 0x66b9b000 	C:\binaries\terraogc_xml.dll
0x60460000 - 0x6047d000 	C:\binaries\terraogc_sld.dll
0x5f9a0000 - 0x5f9c6000 	C:\binaries\terraogc_se.dll
0x5e8c0000 - 0x5e8f6000 	C:\binaries\terraogc_filter.dll
0x5e1c0000 - 0x5e212000 	C:\binaries\terraogc_ows.dll
0x5f980000 - 0x5f999000 	C:\binaries\terraogc_common.dll
0x684c0000 - 0x684cb000 	C:\binaries\terralib_shp.dll
0x60450000 - 0x6045e000 	C:\binaries\terralib_spl.dll
0x05b50000 - 0x05f46000 	C:\binaries\qt-mt338.dll
0x613d0000 - 0x6149e000 	C:\Windows\SYSTEM32\OPENGL32.dll
0x613a0000 - 0x613c3000 	C:\Windows\SYSTEM32\GLU32.dll
0x5e140000 - 0x5e1bf000 	C:\binaries\qwt500.dll
0x0f630000 - 0x1162f000 	C:\binaries\berkelium.dll
0x05f50000 - 0x06091000 	C:\binaries\LIBMYSQL.dll
0x63100000 - 0x63121000 	C:\binaries\LIBPQ.dll
0x060a0000 - 0x06101000 	C:\binaries\OCI.dll
0x5da30000 - 0x5daba000 	C:\binaries\libtiff.dll
0x56580000 - 0x56d52000 	C:\binaries\gdal110.dll
0x12000000 - 0x121dc000 	C:\binaries\xerces-c_3_1.dll
0x592a0000 - 0x592f5000 	C:\binaries\terraogc_wms.dll
0x59240000 - 0x59293000 	C:\binaries\terraogc_gml.dll
0x5e0f0000 - 0x5e131000 	C:\binaries\terraogc_xsd.dll
0x5a810000 - 0x5a830000 	C:\binaries\terraogc_xacml.dll
0x71f30000 - 0x71f90000 	C:\Windows\SYSTEM32\WINSPOOL.DRV
0x7c340000 - 0x7c396000 	C:\Windows\SYSTEM32\MSVCR71.dll
0x608a0000 - 0x60979000 	C:\Windows\SYSTEM32\DDRAW.dll
0x727a0000 - 0x727a9000 	C:\Windows\SYSTEM32\Secur32.dll
0x75f20000 - 0x75f3b000 	C:\Windows\SYSTEM32\USERENV.dll
0x71520000 - 0x71570000 	C:\Windows\SYSTEM32\OLEACC.dll
0x54200000 - 0x54276000 	C:\Windows\SYSTEM32\RICHED20.dll
0x72ee0000 - 0x72ee8000 	C:\Windows\SYSTEM32\VERSION.dll
0x720b0000 - 0x720c4000 	C:\Windows\SYSTEM32\USP10.dll
0x72c50000 - 0x72cc5000 	C:\Windows\SYSTEM32\DNSAPI.dll
0x061b0000 - 0x0625a000 	C:\Windows\libeay32.dll
0x06260000 - 0x0626d000 	C:\binaries\libintl-2.dll
0x72ed0000 - 0x72ed6000 	C:\Windows\SYSTEM32\SHFOLDER.DLL
0x06270000 - 0x06296000 	C:\Windows\ssleay32.dll
0x062a0000 - 0x062c6000 	C:\binaries\libexpat.dll
0x60770000 - 0x60811000 	C:\Windows\SYSTEM32\ODBC32.dll
0x60760000 - 0x60767000 	C:\Windows\SYSTEM32\DCIMAN32.dll
0x663b0000 - 0x663db000 	C:\Windows\SYSTEM32\msls31.dll
0x06320000 - 0x063fb000 	C:\binaries\libiconv-2.dll
0x6f600000 - 0x6f61d000 	C:\Windows\SYSTEM32\gpapi.dll
0x74530000 - 0x74556000 	C:\Windows\SYSTEM32\ntmarta.dll
0x54e60000 - 0x55708000 	C:\binaries\icudt46.dll
0x53850000 - 0x53979000 	C:\Windows\SYSTEM32\dbghelp.dll
0x72040000 - 0x72050000 	C:\Windows\system32\napinsp.dll
0x72020000 - 0x72034000 	C:\Windows\system32\pnrpnsp.dll
0x72010000 - 0x72020000 	C:\Windows\system32\NLAapi.dll
0x72000000 - 0x72009000 	C:\Windows\System32\winrnr.dll
0x71ac0000 - 0x71ad0000 	C:\Windows\system32\wshbth.dll
0x726a0000 - 0x726a7000 	C:\Windows\System32\rasadhlp.dll
0x71c30000 - 0x71c6f000 	C:\Windows\System32\fwpuclnt.dll
0x72cd0000 - 0x72cf0000 	C:\Windows\SYSTEM32\IPHLPAPI.DLL
0x72c40000 - 0x72c48000 	C:\Windows\SYSTEM32\WINNSI.DLL
0x730d0000 - 0x730ea000 	C:\Windows\SYSTEM32\CRYPTSP.dll
0x73090000 - 0x730ce000 	C:\Windows\system32\rsaenh.dll
0x72c30000 - 0x72c40000 	C:\Windows\SYSTEM32\dhcpcsvc6.DLL
0x72c10000 - 0x72c22000 	C:\Windows\SYSTEM32\dhcpcsvc.DLL
0x59210000 - 0x59235000 	C:\Program Files (x86)\Java\jre7\bin\jpeg.dll

VM Arguments:
jvm_args: -Dfile.encoding=ISO-8859-1 
java_command: com.nexusbr.gv.main.ConnectDBMain
Launcher Type: SUN_STANDARD

Environment Variables:
JAVA_HOME=C:\Program Files (x86)\Java\jre7
PATH=C:/Program Files (x86)/Java/jre7/bin/client;C:/Program Files (x86)/Java/jre7/bin;C:/Program Files (x86)/Java/jre7/lib/i386;C:\Program Files (x86)\PHP\;c:\Program Files (x86)\Intel\iCLS Client\;c:\Program Files\Intel\iCLS Client\;C:\Windows\system32;C:\Windows;C:\Windows\System32\Wbem;C:\Windows\System32\WindowsPowerShell\v1.0\;C:\Program Files\Intel\Intel(R) Management Engine Components\DAL;C:\Program Files\Intel\Intel(R) Management Engine Components\IPT;C:\Program Files (x86)\Intel\Intel(R) Management Engine Components\DAL;C:\Program Files (x86)\Intel\Intel(R) Management Engine Components\IPT;C:\Program Files (x86)\Intel\OpenCL SDK\3.0\bin\x86;C:\Program Files (x86)\Intel\OpenCL SDK\3.0\bin\x64;C:\Program Files (x86)\Windows Live\Shared;C:\binaries;c:\Program Files (x86)\Microsoft SQL Server\100\Tools\Binn\;c:\Program Files\Microsoft SQL Server\100\Tools\Binn\;c:\Program Files\Microsoft SQL Server\100\DTS\Binn\;C:\strawberry\c\bin;C:\strawberry\perl\site\bin;C:\strawberry\perl\bin;C:\Program Files (x86)\Microsoft SQL Server\110\Tools\Binn\ManagementStudio\;C:\Program Files (x86)\Microsoft SQL Server\110\Tools\Binn\;C:\Program Files\Microsoft SQL Server\110\Tools\Binn\;C:\Program Files (x86)\Microsoft SQL Server\110\DTS\Binn\;C:\Program Files\TortoiseSVN\bin;C:\Python34;C:\Program Files (x86)\Java\jre7\bin;C:\eclipse;
USERNAME=inacio
OS=Windows_NT
PROCESSOR_IDENTIFIER=Intel64 Family 6 Model 69 Stepping 1, GenuineIntel



---------------  S Y S T E M  ---------------

OS: Windows 8 , 64 bit Build 9200 

CPU:total 4 (2 cores per cpu, 2 threads per core) family 6 model 69 stepping 1, cmov, cx8, fxsr, mmx, sse, sse2, sse3, ssse3, sse4.1, sse4.2, popcnt, avx, avx2, aes, erms, ht, tsc, tscinvbit

Memory: 4k page, physical 8290700k(2453320k free), swap 9535884k(3556260k free)

vm_info: Java HotSpot(TM) Client VM (24.60-b09) for windows-x86 JRE (1.7.0_60-b19), built on May  7 2014 13:09:52 by "java_re" with unknown MS VC++:1600

time: Fri Jul 04 09:08:57 2014
elapsed time: 22 seconds

