#
# A fatal error has been detected by the Java Runtime Environment:
#
#  EXCEPTION_ACCESS_VIOLATION (0xc0000005) at pc=0x107a9052, pid=5692, tid=1484
#
# JRE version: Java(TM) SE Runtime Environment (7.0_60-b19) (build 1.7.0_60-b19)
# Java VM: Java HotSpot(TM) Client VM (24.60-b09 mixed mode, sharing windows-x86 )
# Problematic frame:
# C  [berkelium.dll+0xa39052]
#
# Failed to write core dump. Minidumps are not enabled by default on client versions of Windows
#
# If you would like to submit a bug report, please visit:
#   http://bugreport.sun.com/bugreport/crash.jsp
#

---------------  T H R E A D  ---------------

Current thread (0x0217fc00):  VMThread [stack: 0x04460000,0x044b0000] [id=1484]

siginfo: ExceptionCode=0xc0000005, reading address 0x000000f8

Registers:
EAX=0x044aef04, EBX=0x000493e0, ECX=0x044aef04, EDX=0x5376ae18
ESP=0x044aeef4, EBP=0x00000088, ESI=0x00000000, EDI=0x65585118
EIP=0x107a9052, EFLAGS=0x00010206

Top of Stack: (sp=0x044aeef4)
0x044aeef4:   06e72168 06e72168 06dcab00 00000000
0x044aef04:   5376ae18 00000088 06e636c0 06e6d900
0x044aef14:   00000000 00000000 00000000 74616401
0x044aef24:   69642d61 07090072 00000023 0000002f
0x044aef34:   00000000 06df7070 002e5bf4 06e72000
0x044aef44:   06dcab44 ffffff00 0fddbf20 118f9778
0x044aef54:   06940030 00000000 0000000f 118fa730
0x044aef64:   00000001 0fdd9783 00000008 00000001 

Instructions: (pc=0x107a9052)
0x107a9032:   03 00 00 57 53 e8 f4 c8 60 ff 8b ea 8d 54 24 10
0x107a9042:   52 8b f8 e8 26 ca 00 00 83 c4 04 03 38 13 68 04
0x107a9052:   8b 86 f8 00 00 00 0b 86 fc 00 00 00 89 7c 24 20
0x107a9062:   89 6c 24 24 75 3e 39 84 24 d4 00 00 00 7f 35 7c 


Register to memory mapping:

EAX=
[error occurred during error reporting (printing register info), id 0xc0000005]

Stack: [0x04460000,0x044b0000],  sp=0x044aeef4,  free space=315k
Native frames: (J=compiled Java code, j=interpreted, Vv=VM code, C=native code)
C  [berkelium.dll+0xa39052]

[error occurred during error reporting (printing native stack), id 0xc0000005]

VM_Operation (0x05a4e3e0): Exit, mode: safepoint, requested by thread 0x055c7c00


---------------  P R O C E S S  ---------------

Java Threads: ( => current thread )
  0x058f7c00 JavaThread "Image Fetcher 0" daemon [_thread_blocked, id=9632, stack(0x07990000,0x079e0000)]
  0x058f6c00 JavaThread "WeakCollectionCleaner" daemon [_thread_blocked, id=5096, stack(0x090c0000,0x09110000)]
  0x05906800 JavaThread "TimerQueue" daemon [_thread_blocked, id=1408, stack(0x07870000,0x078c0000)]
  0x057e3400 JavaThread "Image Fetcher 3" daemon [_thread_blocked, id=7480, stack(0x077a0000,0x077f0000)]
  0x007ce000 JavaThread "DestroyJavaVM" [_thread_blocked, id=8332, stack(0x007d0000,0x00820000)]
  0x055c7c00 JavaThread "AWT-EventQueue-0" [_thread_blocked, id=5840, stack(0x05a00000,0x05a50000)]
  0x04a7a800 JavaThread "AWT-Shutdown" [_thread_blocked, id=7052, stack(0x050d0000,0x05120000)]
  0x04a79400 JavaThread "Java2D Disposer" daemon [_thread_blocked, id=10940, stack(0x05040000,0x05090000)]
  0x021f9000 JavaThread "Service Thread" daemon [_thread_blocked, id=9120, stack(0x047c0000,0x04810000)]
  0x021f4c00 JavaThread "C1 CompilerThread0" daemon [_thread_blocked, id=3688, stack(0x04730000,0x04780000)]
  0x021f3000 JavaThread "Attach Listener" daemon [_thread_blocked, id=8964, stack(0x046a0000,0x046f0000)]
  0x021f0c00 JavaThread "Signal Dispatcher" daemon [_thread_blocked, id=3016, stack(0x04610000,0x04660000)]
  0x02186000 JavaThread "Finalizer" daemon [_thread_blocked, id=9352, stack(0x04580000,0x045d0000)]
  0x02181000 JavaThread "Reference Handler" daemon [_thread_blocked, id=6524, stack(0x044f0000,0x04540000)]

Other Threads:
=>0x0217fc00 VMThread [stack: 0x04460000,0x044b0000] [id=1484]

VM state:at safepoint (shutting down)

VM Mutex/Monitor currently owned by a thread:  ([mutex/lock_event])
[0x007cc400] Threads_lock - owner thread: 0x0217fc00

Heap
 def new generation   total 13824K, used 5866K [0x24000000, 0x24ef0000, 0x29550000)
  eden space 12352K,  47% used [0x24000000, 0x245ba9d8, 0x24c10000)
  from space 1472K,   0% used [0x24c10000, 0x24c10000, 0x24d80000)
  to   space 1472K,   0% used [0x24d80000, 0x24d80000, 0x24ef0000)
 tenured generation   total 30432K, used 18257K [0x29550000, 0x2b308000, 0x34000000)
   the space 30432K,  59% used [0x29550000, 0x2a724750, 0x2a724800, 0x2b308000)
 compacting perm gen  total 12288K, used 8571K [0x34000000, 0x34c00000, 0x38000000)
   the space 12288K,  69% used [0x34000000, 0x3485efb8, 0x3485f000, 0x34c00000)
    ro space 10240K,  42% used [0x38000000, 0x38434778, 0x38434800, 0x38a00000)
    rw space 12288K,  52% used [0x38a00000, 0x39049a68, 0x39049c00, 0x39600000)

Card table byte_map: [0x04360000,0x04410000] byte_map_base: 0x04240000

Polling page: 0x00820000

Code Cache  [0x02360000, 0x02510000, 0x04360000)
 total_blobs=1013 nmethods=726 adapters=223 free_code_cache=31053Kb largest_free_block=31788864

Compilation events (10 events):
Event: 7.236 Thread 0x021f4c00  731             sun.java2d.pipe.Region::dimAdd (20 bytes)
Event: 7.236 Thread 0x021f4c00 nmethod 731 0x0250eac8 code [0x0250ebc0, 0x0250ec60]
Event: 8.227 Thread 0x021f4c00  732             java.util.Arrays::copyOf (13 bytes)
Event: 8.227 Thread 0x021f4c00 nmethod 732 0x0250ecc8 code [0x0250edc0, 0x0250ee4c]
Event: 8.331 Thread 0x021f4c00  733             sun.awt.AWTAccessor::getComponentAccessor (19 bytes)
Event: 8.331 Thread 0x021f4c00 nmethod 733 0x0250eec8 code [0x0250efd0, 0x0250f06c]
Event: 8.339 Thread 0x021f4c00  734             java.awt.GraphicsEnvironment::isHeadless (4 bytes)
Event: 8.339 Thread 0x021f4c00 nmethod 734 0x0242e188 code [0x0242e290, 0x0242e36c]
Event: 8.339 Thread 0x021f4c00  735             java.awt.GraphicsEnvironment::getHeadlessProperty (24 bytes)
Event: 8.339 Thread 0x021f4c00 nmethod 735 0x0242df08 code [0x0242e010, 0x0242e0ec]

GC Heap History (10 events):
Event: 4.859 GC heap before
{Heap before GC invocations=9 (full 1):
 def new generation   total 9408K, used 9408K [0x24000000, 0x24a30000, 0x29550000)
  eden space 8384K, 100% used [0x24000000, 0x24830000, 0x24830000)
  from space 1024K, 100% used [0x24930000, 0x24a30000, 0x24a30000)
  to   space 1024K,   0% used [0x24830000, 0x24830000, 0x24930000)
 tenured generation   total 20772K, used 16964K [0x29550000, 0x2a999000, 0x34000000)
   the space 20772K,  81% used [0x29550000, 0x2a5e11c0, 0x2a5e1200, 0x2a999000)
 compacting perm gen  total 12288K, used 7167K [0x34000000, 0x34c00000, 0x38000000)
   the space 12288K,  58% used [0x34000000, 0x346ffec0, 0x34700000, 0x34c00000)
    ro space 10240K,  42% used [0x38000000, 0x38434778, 0x38434800, 0x38a00000)
    rw space 12288K,  52% used [0x38a00000, 0x39049a68, 0x39049c00, 0x39600000)
Event: 4.866 GC heap after
Heap after GC invocations=10 (full 1):
 def new generation   total 9408K, used 1023K [0x24000000, 0x24a30000, 0x29550000)
  eden space 8384K,   0% used [0x24000000, 0x24000000, 0x24830000)
  from space 1024K,  99% used [0x24830000, 0x2492fff8, 0x24930000)
  to   space 1024K,   0% used [0x24930000, 0x24930000, 0x24a30000)
 tenured generation   total 20772K, used 18634K [0x29550000, 0x2a999000, 0x34000000)
   the space 20772K,  89% used [0x29550000, 0x2a782bd0, 0x2a782c00, 0x2a999000)
 compacting perm gen  total 12288K, used 7167K [0x34000000, 0x34c00000, 0x38000000)
   the space 12288K,  58% used [0x34000000, 0x346ffec0, 0x34700000, 0x34c00000)
    ro space 10240K,  42% used [0x38000000, 0x38434778, 0x38434800, 0x38a00000)
    rw space 12288K,  52% used [0x38a00000, 0x39049a68, 0x39049c00, 0x39600000)
}
Event: 5.008 GC heap before
{Heap before GC invocations=10 (full 1):
 def new generation   total 9408K, used 9407K [0x24000000, 0x24a30000, 0x29550000)
  eden space 8384K, 100% used [0x24000000, 0x24830000, 0x24830000)
  from space 1024K,  99% used [0x24830000, 0x2492fff8, 0x24930000)
  to   space 1024K,   0% used [0x24930000, 0x24930000, 0x24a30000)
 tenured generation   total 20772K, used 18635K [0x29550000, 0x2a999000, 0x34000000)
   the space 20772K,  89% used [0x29550000, 0x2a782e40, 0x2a783000, 0x2a999000)
 compacting perm gen  total 12288K, used 8325K [0x34000000, 0x34c00000, 0x38000000)
   the space 12288K,  67% used [0x34000000, 0x348217c8, 0x34821800, 0x34c00000)
    ro space 10240K,  42% used [0x38000000, 0x38434778, 0x38434800, 0x38a00000)
    rw space 12288K,  52% used [0x38a00000, 0x39049a68, 0x39049c00, 0x39600000)
Event: 5.015 GC heap after
Heap after GC invocations=11 (full 1):
 def new generation   total 9408K, used 1024K [0x24000000, 0x24a30000, 0x29550000)
  eden space 8384K,   0% used [0x24000000, 0x24000000, 0x24830000)
  from space 1024K, 100% used [0x24930000, 0x24a30000, 0x24a30000)
  to   space 1024K,   0% used [0x24830000, 0x24830000, 0x24930000)
 tenured generation   total 20772K, used 20204K [0x29550000, 0x2a999000, 0x34000000)
   the space 20772K,  97% used [0x29550000, 0x2a90b238, 0x2a90b400, 0x2a999000)
 compacting perm gen  total 12288K, used 8325K [0x34000000, 0x34c00000, 0x38000000)
   the space 12288K,  67% used [0x34000000, 0x348217c8, 0x34821800, 0x34c00000)
    ro space 10240K,  42% used [0x38000000, 0x38434778, 0x38434800, 0x38a00000)
    rw space 12288K,  52% used [0x38a00000, 0x39049a68, 0x39049c00, 0x39600000)
}
Event: 5.062 GC heap before
{Heap before GC invocations=11 (full 1):
 def new generation   total 9408K, used 7770K [0x24000000, 0x24a30000, 0x29550000)
  eden space 8384K,  80% used [0x24000000, 0x24696990, 0x24830000)
  from space 1024K, 100% used [0x24930000, 0x24a30000, 0x24a30000)
  to   space 1024K,   0% used [0x24830000, 0x24830000, 0x24930000)
 tenured generation   total 20772K, used 20204K [0x29550000, 0x2a999000, 0x34000000)
   the space 20772K,  97% used [0x29550000, 0x2a90b238, 0x2a90b400, 0x2a999000)
 compacting perm gen  total 12288K, used 8502K [0x34000000, 0x34c00000, 0x38000000)
   the space 12288K,  69% used [0x34000000, 0x3484d970, 0x3484da00, 0x34c00000)
    ro space 10240K,  42% used [0x38000000, 0x38434778, 0x38434800, 0x38a00000)
    rw space 12288K,  52% used [0x38a00000, 0x39049a68, 0x39049c00, 0x39600000)
Event: 5.109 GC heap after
Heap after GC invocations=12 (full 2):
 def new generation   total 10624K, used 0K [0x24000000, 0x24b80000, 0x29550000)
  eden space 9472K,   0% used [0x24000000, 0x24000000, 0x24940000)
  from space 1152K,   0% used [0x24940000, 0x24940000, 0x24a60000)
  to   space 1152K,   0% used [0x24a60000, 0x24a60000, 0x24b80000)
 tenured generation   total 23416K, used 14047K [0x29550000, 0x2ac2e000, 0x34000000)
   the space 23416K,  59% used [0x29550000, 0x2a307de8, 0x2a307e00, 0x2ac2e000)
 compacting perm gen  total 12288K, used 8502K [0x34000000, 0x34c00000, 0x38000000)
   the space 12288K,  69% used [0x34000000, 0x3484d970, 0x3484da00, 0x34c00000)
    ro space 10240K,  42% used [0x38000000, 0x38434778, 0x38434800, 0x38a00000)
    rw space 12288K,  52% used [0x38a00000, 0x39049a68, 0x39049c00, 0x39600000)
}
Event: 5.123 GC heap before
{Heap before GC invocations=12 (full 2):
 def new generation   total 10624K, used 9441K [0x24000000, 0x24b80000, 0x29550000)
  eden space 9472K,  99% used [0x24000000, 0x24938638, 0x24940000)
  from space 1152K,   0% used [0x24940000, 0x24940000, 0x24a60000)
  to   space 1152K,   0% used [0x24a60000, 0x24a60000, 0x24b80000)
 tenured generation   total 23416K, used 14047K [0x29550000, 0x2ac2e000, 0x34000000)
   the space 23416K,  59% used [0x29550000, 0x2a307de8, 0x2a307e00, 0x2ac2e000)
 compacting perm gen  total 12288K, used 8502K [0x34000000, 0x34c00000, 0x38000000)
   the space 12288K,  69% used [0x34000000, 0x3484d970, 0x3484da00, 0x34c00000)
    ro space 10240K,  42% used [0x38000000, 0x38434778, 0x38434800, 0x38a00000)
    rw space 12288K,  52% used [0x38a00000, 0x39049a68, 0x39049c00, 0x39600000)
Event: 5.126 GC heap after
Heap after GC invocations=13 (full 2):
 def new generation   total 10624K, used 7K [0x24000000, 0x24b80000, 0x29550000)
  eden space 9472K,   0% used [0x24000000, 0x24000000, 0x24940000)
  from space 1152K,   0% used [0x24a60000, 0x24a61d60, 0x24b80000)
  to   space 1152K,   0% used [0x24940000, 0x24940000, 0x24a60000)
 tenured generation   total 23416K, used 23366K [0x29550000, 0x2ac2e000, 0x34000000)
   the space 23416K,  99% used [0x29550000, 0x2ac21860, 0x2ac21a00, 0x2ac2e000)
 compacting perm gen  total 12288K, used 8502K [0x34000000, 0x34c00000, 0x38000000)
   the space 12288K,  69% used [0x34000000, 0x3484d970, 0x3484da00, 0x34c00000)
    ro space 10240K,  42% used [0x38000000, 0x38434778, 0x38434800, 0x38a00000)
    rw space 12288K,  52% used [0x38a00000, 0x39049a68, 0x39049c00, 0x39600000)
}
Event: 5.140 GC heap before
{Heap before GC invocations=13 (full 2):
 def new generation   total 10624K, used 9406K [0x24000000, 0x24b80000, 0x29550000)
  eden space 9472K,  99% used [0x24000000, 0x2492dd80, 0x24940000)
  from space 1152K,   0% used [0x24a60000, 0x24a61d60, 0x24b80000)
  to   space 1152K,   0% used [0x24940000, 0x24940000, 0x24a60000)
 tenured generation   total 23416K, used 23366K [0x29550000, 0x2ac2e000, 0x34000000)
   the space 23416K,  99% used [0x29550000, 0x2ac21860, 0x2ac21a00, 0x2ac2e000)
 compacting perm gen  total 12288K, used 8502K [0x34000000, 0x34c00000, 0x38000000)
   the space 12288K,  69% used [0x34000000, 0x3484d9b0, 0x3484da00, 0x34c00000)
    ro space 10240K,  42% used [0x38000000, 0x38434778, 0x38434800, 0x38a00000)
    rw space 12288K,  52% used [0x38a00000, 0x39049a68, 0x39049c00, 0x39600000)
Event: 5.199 GC heap after
Heap after GC invocations=14 (full 3):
 def new generation   total 13824K, used 0K [0x24000000, 0x24ef0000, 0x29550000)
  eden space 12352K,   0% used [0x24000000, 0x24000000, 0x24c10000)
  from space 1472K,   0% used [0x24c10000, 0x24c10000, 0x24d80000)
  to   space 1472K,   0% used [0x24d80000, 0x24d80000, 0x24ef0000)
 tenured generation   total 30432K, used 18257K [0x29550000, 0x2b308000, 0x34000000)
   the space 30432K,  59% used [0x29550000, 0x2a724750, 0x2a724800, 0x2b308000)
 compacting perm gen  total 12288K, used 8502K [0x34000000, 0x34c00000, 0x38000000)
   the space 12288K,  69% used [0x34000000, 0x3484d9b0, 0x3484da00, 0x34c00000)
    ro space 10240K,  42% used [0x38000000, 0x38434778, 0x38434800, 0x38a00000)
    rw space 12288K,  52% used [0x38a00000, 0x39049a68, 0x39049c00, 0x39600000)
}

Deoptimization events (0 events):
No events

Internal exceptions (10 events):
Event: 5.041 Thread 0x055c7c00 Threw 0x2417d5f0 at C:\re\jdk7u60\1081\hotspot\src\share\vm\prims\jvm.cpp:1244
Event: 5.044 Thread 0x055c7c00 Threw 0x24181660 at C:\re\jdk7u60\1081\hotspot\src\share\vm\prims\jvm.cpp:1244
Event: 5.060 Thread 0x055c7c00 Threw 0x24679988 at C:\re\jdk7u60\1081\hotspot\src\share\vm\prims\jvm.cpp:1244
Event: 5.722 Thread 0x058f7400 Threw 0x244b3ba0 at C:\re\jdk7u60\1081\hotspot\src\share\vm\prims\jvm.cpp:1244
Event: 5.725 Thread 0x058f9400 Threw 0x244c1f58 at C:\re\jdk7u60\1081\hotspot\src\share\vm\prims\jvm.cpp:1244
Event: 5.726 Thread 0x058f9400 Threw 0x244c7220 at C:\re\jdk7u60\1081\hotspot\src\share\vm\prims\jvm.cpp:1244
Event: 5.726 Thread 0x058f9400 Threw 0x244cc730 at C:\re\jdk7u60\1081\hotspot\src\share\vm\prims\jvm.cpp:1244
Event: 5.727 Thread 0x058f9400 Threw 0x244d1c30 at C:\re\jdk7u60\1081\hotspot\src\share\vm\prims\jvm.cpp:1244
Event: 5.727 Thread 0x058f9400 Threw 0x244d95b8 at C:\re\jdk7u60\1081\hotspot\src\share\vm\prims\jvm.cpp:1244
Event: 5.864 Thread 0x057e3400 Threw 0x242f5460 at C:\re\jdk7u60\1081\hotspot\src\share\vm\prims\jvm.cpp:2917

Events (10 events):
Event: 8.988 loading class 0x39670c20
Event: 8.988 loading class 0x39670bc8
Event: 8.988 loading class 0x39670bc8 done
Event: 8.988 loading class 0x39670c20 done
Event: 8.988 Thread 0x058f6800 Thread exited: 0x058f6800
Event: 8.988 Thread 0x058f8800 Thread exited: 0x058f8800
Event: 8.988 Thread 0x058f6000 Thread exited: 0x058f6000
Event: 9.006 Thread 0x04a7b400 Thread exited: 0x04a7b400
Event: 9.088 Thread 0x058f9400 Thread exited: 0x058f9400
Event: 9.088 Executing VM operation: Exit


Dynamic libraries:
0x00a70000 - 0x00a9f000 	C:\Program Files (x86)\Java\jre7\bin\javaw.exe
0x76fe0000 - 0x77137000 	C:\Windows\SYSTEM32\ntdll.dll
0x74690000 - 0x747c0000 	C:\Windows\SYSTEM32\KERNEL32.DLL
0x76a80000 - 0x76b27000 	C:\Windows\SYSTEM32\KERNELBASE.dll
0x747c0000 - 0x7486e000 	C:\Windows\SYSTEM32\ADVAPI32.dll
0x764f0000 - 0x76606000 	C:\Windows\SYSTEM32\USER32.dll
0x73130000 - 0x73328000 	C:\Windows\WinSxS\x86_microsoft.windows.common-controls_6595b64144ccf1df_6.0.9200.16579_none_8937eec6860750f5\COMCTL32.dll
0x76000000 - 0x760b1000 	C:\Windows\SYSTEM32\msvcrt.dll
0x74870000 - 0x748a4000 	C:\Windows\SYSTEM32\sechost.dll
0x760c0000 - 0x7616c000 	C:\Windows\SYSTEM32\RPCRT4.dll
0x748b0000 - 0x749ad000 	C:\Windows\SYSTEM32\GDI32.dll
0x745d0000 - 0x745ed000 	C:\Windows\SYSTEM32\SspiCli.dll
0x745c0000 - 0x745c9000 	C:\Windows\SYSTEM32\CRYPTBASE.dll
0x74560000 - 0x745b1000 	C:\Windows\SYSTEM32\bcryptPrimitives.dll
0x762e0000 - 0x76300000 	C:\Windows\system32\IMM32.DLL
0x76680000 - 0x7675e000 	C:\Windows\SYSTEM32\MSCTF.dll
0x5e970000 - 0x5ea2f000 	C:\Program Files (x86)\Java\jre7\bin\msvcr100.dll
0x5e310000 - 0x5e698000 	C:\Program Files (x86)\Java\jre7\bin\client\jvm.dll
0x71c10000 - 0x71c18000 	C:\Windows\SYSTEM32\WSOCK32.dll
0x71fb0000 - 0x71fd1000 	C:\Windows\SYSTEM32\WINMM.dll
0x76300000 - 0x76306000 	C:\Windows\SYSTEM32\PSAPI.DLL
0x75f80000 - 0x75fd0000 	C:\Windows\SYSTEM32\WS2_32.dll
0x71c70000 - 0x71c9b000 	C:\Windows\SYSTEM32\WINMMBASE.dll
0x75ff0000 - 0x75ff8000 	C:\Windows\SYSTEM32\NSI.dll
0x76b30000 - 0x76b76000 	C:\Windows\SYSTEM32\cfgmgr32.dll
0x75f00000 - 0x75f1e000 	C:\Windows\SYSTEM32\DEVOBJ.dll
0x720a0000 - 0x720ac000 	C:\Program Files (x86)\Java\jre7\bin\verify.dll
0x70bb0000 - 0x70bd0000 	C:\Program Files (x86)\Java\jre7\bin\java.dll
0x70b90000 - 0x70ba3000 	C:\Program Files (x86)\Java\jre7\bin\zip.dll
0x6f490000 - 0x6f5d3000 	C:\Program Files (x86)\Java\jre7\bin\awt.dll
0x76c00000 - 0x76c8b000 	C:\Windows\SYSTEM32\OLEAUT32.dll
0x76de0000 - 0x76f16000 	C:\Windows\SYSTEM32\combase.dll
0x72dd0000 - 0x72e77000 	C:\Windows\system32\apphelp.dll
0x71a40000 - 0x71a59000 	C:\Windows\system32\DWMAPI.DLL
0x726b0000 - 0x72738000 	C:\Windows\system32\uxtheme.dll
0x76760000 - 0x76879000 	C:\Windows\SYSTEM32\ole32.dll
0x74da0000 - 0x75e66000 	C:\Windows\SYSTEM32\SHELL32.dll
0x75f40000 - 0x75f80000 	C:\Windows\SYSTEM32\SHLWAPI.dll
0x73330000 - 0x733a3000 	C:\Windows\SYSTEM32\shcore.dll
0x6f260000 - 0x6f299000 	C:\Program Files (x86)\Java\jre7\bin\fontmanager.dll
0x718d0000 - 0x718e4000 	C:\Program Files (x86)\Java\jre7\bin\net.dll
0x72e80000 - 0x72eca000 	C:\Windows\system32\mswsock.dll
0x718c0000 - 0x718cf000 	C:\Program Files (x86)\Java\jre7\bin\nio.dll
0x6f230000 - 0x6f260000 	C:\Program Files (x86)\Java\jre7\bin\t2k.dll
0x76b80000 - 0x76bf4000 	C:\Windows\SYSTEM32\clbcatq.dll
0x6a8a0000 - 0x6a9eb000 	C:\Windows\SYSTEM32\WindowsCodecs.dll
0x76dc0000 - 0x76dd1000 	C:\Windows\SYSTEM32\profapi.dll
0x60450000 - 0x60474000 	C:\Program Files (x86)\Java\jre7\bin\dcpr.dll
0x5e900000 - 0x5e96d000 	C:\binaries\terrajava.dll
0x5e220000 - 0x5e307000 	C:\binaries\terramanager-funcate.dll
0x59300000 - 0x59ba6000 	C:\binaries\terralib.dll
0x64af0000 - 0x64b59000 	C:\Windows\SYSTEM32\MSVCP100.dll
0x6d880000 - 0x6db4c000 	C:\binaries\bgd.dll
0x66b80000 - 0x66b9b000 	C:\binaries\terraogc_xml.dll
0x5f9b0000 - 0x5f9cd000 	C:\binaries\terraogc_sld.dll
0x5f980000 - 0x5f9a6000 	C:\binaries\terraogc_se.dll
0x5e8c0000 - 0x5e8f6000 	C:\binaries\terraogc_filter.dll
0x5e1c0000 - 0x5e212000 	C:\binaries\terraogc_ows.dll
0x5e1a0000 - 0x5e1b9000 	C:\binaries\terraogc_common.dll
0x71870000 - 0x7187b000 	C:\binaries\terralib_shp.dll
0x706d0000 - 0x706de000 	C:\binaries\terralib_spl.dll
0x05f90000 - 0x06386000 	C:\binaries\qt-mt338.dll
0x613d0000 - 0x6149e000 	C:\Windows\SYSTEM32\OPENGL32.dll
0x613a0000 - 0x613c3000 	C:\Windows\SYSTEM32\GLU32.dll
0x5e120000 - 0x5e19f000 	C:\binaries\qwt500.dll
0x0fd70000 - 0x11d6f000 	C:\binaries\berkelium.dll
0x06390000 - 0x064d1000 	C:\binaries\LIBMYSQL.dll
0x63100000 - 0x63121000 	C:\binaries\LIBPQ.dll
0x064e0000 - 0x06541000 	C:\binaries\OCI.dll
0x5da30000 - 0x5daba000 	C:\binaries\libtiff.dll
0x56580000 - 0x56d52000 	C:\binaries\gdal110.dll
0x12000000 - 0x121dc000 	C:\binaries\xerces-c_3_1.dll
0x592a0000 - 0x592f5000 	C:\binaries\terraogc_wms.dll
0x59240000 - 0x59293000 	C:\binaries\terraogc_gml.dll
0x591f0000 - 0x59231000 	C:\binaries\terraogc_xsd.dll
0x5e100000 - 0x5e120000 	C:\binaries\terraogc_xacml.dll
0x71f30000 - 0x71f90000 	C:\Windows\SYSTEM32\WINSPOOL.DRV
0x7c340000 - 0x7c396000 	C:\Windows\SYSTEM32\MSVCR71.dll
0x608a0000 - 0x60979000 	C:\Windows\SYSTEM32\DDRAW.dll
0x727a0000 - 0x727a9000 	C:\Windows\SYSTEM32\Secur32.dll
0x75f20000 - 0x75f3b000 	C:\Windows\SYSTEM32\USERENV.dll
0x71520000 - 0x71570000 	C:\Windows\SYSTEM32\OLEACC.dll
0x54200000 - 0x54276000 	C:\Windows\SYSTEM32\RICHED20.dll
0x72ee0000 - 0x72ee8000 	C:\Windows\SYSTEM32\VERSION.dll
0x720b0000 - 0x720c4000 	C:\Windows\SYSTEM32\USP10.dll
0x72c50000 - 0x72cc5000 	C:\Windows\SYSTEM32\DNSAPI.dll
0x065f0000 - 0x0669a000 	C:\Windows\libeay32.dll
0x066a0000 - 0x066ad000 	C:\binaries\libintl-2.dll
0x72ed0000 - 0x72ed6000 	C:\Windows\SYSTEM32\SHFOLDER.DLL
0x066b0000 - 0x066d6000 	C:\Windows\ssleay32.dll
0x066e0000 - 0x06706000 	C:\binaries\libexpat.dll
0x60770000 - 0x60811000 	C:\Windows\SYSTEM32\ODBC32.dll
0x60760000 - 0x60767000 	C:\Windows\SYSTEM32\DCIMAN32.dll
0x663b0000 - 0x663db000 	C:\Windows\SYSTEM32\msls31.dll
0x06760000 - 0x0683b000 	C:\binaries\libiconv-2.dll
0x6f600000 - 0x6f61d000 	C:\Windows\SYSTEM32\gpapi.dll
0x74530000 - 0x74556000 	C:\Windows\SYSTEM32\ntmarta.dll
0x54e60000 - 0x55708000 	C:\binaries\icudt46.dll
0x53850000 - 0x53979000 	C:\Windows\SYSTEM32\dbghelp.dll
0x72040000 - 0x72050000 	C:\Windows\system32\napinsp.dll
0x72020000 - 0x72034000 	C:\Windows\system32\pnrpnsp.dll
0x72010000 - 0x72020000 	C:\Windows\system32\NLAapi.dll
0x72000000 - 0x72009000 	C:\Windows\System32\winrnr.dll
0x71ac0000 - 0x71ad0000 	C:\Windows\system32\wshbth.dll
0x71c30000 - 0x71c6f000 	C:\Windows\System32\fwpuclnt.dll
0x726a0000 - 0x726a7000 	C:\Windows\System32\rasadhlp.dll
0x730d0000 - 0x730ea000 	C:\Windows\SYSTEM32\CRYPTSP.dll
0x73090000 - 0x730ce000 	C:\Windows\system32\rsaenh.dll
0x72cd0000 - 0x72cf0000 	C:\Windows\SYSTEM32\IPHLPAPI.DLL
0x72c40000 - 0x72c48000 	C:\Windows\SYSTEM32\WINNSI.DLL
0x72c30000 - 0x72c40000 	C:\Windows\SYSTEM32\dhcpcsvc6.DLL
0x72c10000 - 0x72c22000 	C:\Windows\SYSTEM32\dhcpcsvc.DLL
0x5a800000 - 0x5a825000 	C:\Program Files (x86)\Java\jre7\bin\jpeg.dll

VM Arguments:
jvm_args: -Dfile.encoding=ISO-8859-1 
java_command: com.nexusbr.gv.main.ConnectDBMain
Launcher Type: SUN_STANDARD

Environment Variables:
JAVA_HOME=C:\Program Files (x86)\Java\jre7
PATH=C:/Program Files (x86)/Java/jre7/bin/client;C:/Program Files (x86)/Java/jre7/bin;C:/Program Files (x86)/Java/jre7/lib/i386;C:\Program Files (x86)\PHP\;c:\Program Files (x86)\Intel\iCLS Client\;c:\Program Files\Intel\iCLS Client\;C:\Windows\system32;C:\Windows;C:\Windows\System32\Wbem;C:\Windows\System32\WindowsPowerShell\v1.0\;C:\Program Files\Intel\Intel(R) Management Engine Components\DAL;C:\Program Files\Intel\Intel(R) Management Engine Components\IPT;C:\Program Files (x86)\Intel\Intel(R) Management Engine Components\DAL;C:\Program Files (x86)\Intel\Intel(R) Management Engine Components\IPT;C:\Program Files (x86)\Intel\OpenCL SDK\3.0\bin\x86;C:\Program Files (x86)\Intel\OpenCL SDK\3.0\bin\x64;C:\Program Files (x86)\Windows Live\Shared;C:\binaries;c:\Program Files (x86)\Microsoft SQL Server\100\Tools\Binn\;c:\Program Files\Microsoft SQL Server\100\Tools\Binn\;c:\Program Files\Microsoft SQL Server\100\DTS\Binn\;C:\strawberry\c\bin;C:\strawberry\perl\site\bin;C:\strawberry\perl\bin;C:\Program Files (x86)\Microsoft SQL Server\110\Tools\Binn\ManagementStudio\;C:\Program Files (x86)\Microsoft SQL Server\110\Tools\Binn\;C:\Program Files\Microsoft SQL Server\110\Tools\Binn\;C:\Program Files (x86)\Microsoft SQL Server\110\DTS\Binn\;C:\Program Files\TortoiseSVN\bin;C:\Python34;C:\Program Files (x86)\Java\jre7\bin;C:\eclipse;
USERNAME=inacio
OS=Windows_NT
PROCESSOR_IDENTIFIER=Intel64 Family 6 Model 69 Stepping 1, GenuineIntel



---------------  S Y S T E M  ---------------

OS: Windows 8 , 64 bit Build 9200 

CPU:total 4 (2 cores per cpu, 2 threads per core) family 6 model 69 stepping 1, cmov, cx8, fxsr, mmx, sse, sse2, sse3, ssse3, sse4.1, sse4.2, popcnt, avx, avx2, aes, erms, ht, tsc, tscinvbit

Memory: 4k page, physical 8290700k(2442320k free), swap 9535884k(3722852k free)

vm_info: Java HotSpot(TM) Client VM (24.60-b09) for windows-x86 JRE (1.7.0_60-b19), built on May  7 2014 13:09:52 by "java_re" with unknown MS VC++:1600

time: Fri Jul 04 10:31:04 2014
elapsed time: 9 seconds

