#
# A fatal error has been detected by the Java Runtime Environment:
#
#  EXCEPTION_ACCESS_VIOLATION (0xc0000005) at pc=0x108c9052, pid=5564, tid=6040
#
# JRE version: Java(TM) SE Runtime Environment (7.0_60-b19) (build 1.7.0_60-b19)
# Java VM: Java HotSpot(TM) Client VM (24.60-b09 mixed mode, sharing windows-x86 )
# Problematic frame:
# C  [berkelium.dll+0xa39052]
#
# Failed to write core dump. Minidumps are not enabled by default on client versions of Windows
#
# If you would like to submit a bug report, please visit:
#   http://bugreport.sun.com/bugreport/crash.jsp
#

---------------  T H R E A D  ---------------

Current thread (0x0286fc00):  VMThread [stack: 0x04a80000,0x04ad0000] [id=6040]

siginfo: ExceptionCode=0xc0000005, reading address 0x000000f8

Registers:
EAX=0x04acf224, EBX=0x000493e0, ECX=0x04acf224, EDX=0xae432d18
ESP=0x04acf214, EBP=0x00000087, ESI=0x00000000, EDI=0xc024d018
EIP=0x108c9052, EFLAGS=0x00010206

Top of Stack: (sp=0x04acf214)
0x04acf214:   07491168 07491168 073eab00 00000000
0x04acf224:   ae432d18 00000087 07483a20 0748c900
0x04acf234:   00000000 00000000 00000000 74616401
0x04acf244:   69642d61 076a0072 00000023 0000002f
0x04acf254:   00000000 07417070 002e5bf3 07491000
0x04acf264:   073eab44 ffffff00 0fefbf20 11a19778
0x04acf274:   06f60030 00000000 0000000f 11a1a730
0x04acf284:   00000001 0fef9783 00000008 00000001 

Instructions: (pc=0x108c9052)
0x108c9032:   03 00 00 57 53 e8 f4 c8 60 ff 8b ea 8d 54 24 10
0x108c9042:   52 8b f8 e8 26 ca 00 00 83 c4 04 03 38 13 68 04
0x108c9052:   8b 86 f8 00 00 00 0b 86 fc 00 00 00 89 7c 24 20
0x108c9062:   89 6c 24 24 75 3e 39 84 24 d4 00 00 00 7f 35 7c 


Register to memory mapping:

EAX=
[error occurred during error reporting (printing register info), id 0xc0000005]

Stack: [0x04a80000,0x04ad0000],  sp=0x04acf214,  free space=316k
Native frames: (J=compiled Java code, j=interpreted, Vv=VM code, C=native code)
C  [berkelium.dll+0xa39052]

VM_Operation (0x0605e4e0): Exit, mode: safepoint, requested by thread 0x05bd8000


---------------  P R O C E S S  ---------------

Java Threads: ( => current thread )
  0x05f07800 JavaThread "WeakCollectionCleaner" daemon [_thread_blocked, id=6696, stack(0x09ec0000,0x09f10000)]
  0x05e3a000 JavaThread "TimerQueue" daemon [_thread_blocked, id=416, stack(0x07e20000,0x07e70000)]
  0x00dfe000 JavaThread "DestroyJavaVM" [_thread_blocked, id=3720, stack(0x026f0000,0x02740000)]
  0x05bd8000 JavaThread "AWT-EventQueue-0" [_thread_blocked, id=10952, stack(0x06010000,0x06060000)]
  0x05099400 JavaThread "AWT-Shutdown" [_thread_blocked, id=9248, stack(0x056e0000,0x05730000)]
  0x05098400 JavaThread "Java2D Disposer" daemon [_thread_blocked, id=5092, stack(0x05650000,0x056a0000)]
  0x028e9000 JavaThread "Service Thread" daemon [_thread_blocked, id=8456, stack(0x04de0000,0x04e30000)]
  0x028e4c00 JavaThread "C1 CompilerThread0" daemon [_thread_blocked, id=7956, stack(0x04d50000,0x04da0000)]
  0x028e3000 JavaThread "Attach Listener" daemon [_thread_blocked, id=7808, stack(0x04cc0000,0x04d10000)]
  0x028e0c00 JavaThread "Signal Dispatcher" daemon [_thread_blocked, id=11160, stack(0x04c30000,0x04c80000)]
  0x02872800 JavaThread "Finalizer" daemon [_thread_blocked, id=4112, stack(0x04ba0000,0x04bf0000)]
  0x02871000 JavaThread "Reference Handler" daemon [_thread_blocked, id=10976, stack(0x04b10000,0x04b60000)]

Other Threads:
=>0x0286fc00 VMThread [stack: 0x04a80000,0x04ad0000] [id=6040]

VM state:at safepoint (shutting down)

VM Mutex/Monitor currently owned by a thread:  ([mutex/lock_event])
[0x00dfc190] Threads_lock - owner thread: 0x0286fc00

Heap
 def new generation   total 13376K, used 4052K [0x24000000, 0x24e80000, 0x29550000)
  eden space 11904K,  34% used [0x24000000, 0x243f5190, 0x24ba0000)
  from space 1472K,   0% used [0x24ba0000, 0x24ba0000, 0x24d10000)
  to   space 1472K,   0% used [0x24d10000, 0x24d10000, 0x24e80000)
 tenured generation   total 29564K, used 17738K [0x29550000, 0x2b22f000, 0x34000000)
   the space 29564K,  59% used [0x29550000, 0x2a6a28f8, 0x2a6a2a00, 0x2b22f000)
 compacting perm gen  total 12288K, used 8566K [0x34000000, 0x34c00000, 0x38000000)
   the space 12288K,  69% used [0x34000000, 0x3485daa8, 0x3485dc00, 0x34c00000)
    ro space 10240K,  42% used [0x38000000, 0x38434778, 0x38434800, 0x38a00000)
    rw space 12288K,  52% used [0x38a00000, 0x39049a68, 0x39049c00, 0x39600000)

Card table byte_map: [0x04950000,0x04a00000] byte_map_base: 0x04830000

Polling page: 0x00e70000

Code Cache  [0x02950000, 0x02b08000, 0x04950000)
 total_blobs=1046 nmethods=759 adapters=223 free_code_cache=31025Kb largest_free_block=31768512

Compilation events (10 events):
Event: 13.395 Thread 0x028e4c00  764             java.util.concurrent.locks.AbstractQueuedSynchronizer::compareAndSetWaitStatus (13 bytes)
Event: 13.395 Thread 0x028e4c00 nmethod 764 0x02b03008 code [0x02b03100, 0x02b03190]
Event: 13.427 Thread 0x028e4c00  765             java.lang.reflect.Field::getFieldAccessor (35 bytes)
Event: 13.427 Thread 0x028e4c00 nmethod 765 0x02b031c8 code [0x02b032c0, 0x02b0337c]
Event: 13.427 Thread 0x028e4c00  766             java.lang.reflect.Field::getDeclaringClass (5 bytes)
Event: 13.427 Thread 0x028e4c00 nmethod 766 0x02b03408 code [0x02b03500, 0x02b03580]
Event: 13.524 Thread 0x028e4c00  767   !         java.awt.EventQueue::getNextEvent (84 bytes)
Event: 13.525 Thread 0x028e4c00 nmethod 767 0x02b035c8 code [0x02b03730, 0x02b03920]
Event: 13.549 Thread 0x028e4c00  768             sun.reflect.UnsafeFieldAccessorImpl::ensureObj (23 bytes)
Event: 13.549 Thread 0x028e4c00 nmethod 768 0x02b03b48 code [0x02b03c80, 0x02b03e30]

GC Heap History (10 events):
Event: 2.855 GC heap before
{Heap before GC invocations=9 (full 1):
 def new generation   total 9408K, used 9407K [0x24000000, 0x24a30000, 0x29550000)
  eden space 8384K, 100% used [0x24000000, 0x24830000, 0x24830000)
  from space 1024K,  99% used [0x24930000, 0x24a2fff8, 0x24a30000)
  to   space 1024K,   0% used [0x24830000, 0x24830000, 0x24930000)
 tenured generation   total 20772K, used 15799K [0x29550000, 0x2a999000, 0x34000000)
   the space 20772K,  76% used [0x29550000, 0x2a4bdc90, 0x2a4bde00, 0x2a999000)
 compacting perm gen  total 12288K, used 7711K [0x34000000, 0x34c00000, 0x38000000)
   the space 12288K,  62% used [0x34000000, 0x34787c88, 0x34787e00, 0x34c00000)
    ro space 10240K,  42% used [0x38000000, 0x38434778, 0x38434800, 0x38a00000)
    rw space 12288K,  52% used [0x38a00000, 0x39049a68, 0x39049c00, 0x39600000)
Event: 2.864 GC heap after
Heap after GC invocations=10 (full 1):
 def new generation   total 9408K, used 1023K [0x24000000, 0x24a30000, 0x29550000)
  eden space 8384K,   0% used [0x24000000, 0x24000000, 0x24830000)
  from space 1024K,  99% used [0x24830000, 0x2492fff8, 0x24930000)
  to   space 1024K,   0% used [0x24930000, 0x24930000, 0x24a30000)
 tenured generation   total 20772K, used 17357K [0x29550000, 0x2a999000, 0x34000000)
   the space 20772K,  83% used [0x29550000, 0x2a643588, 0x2a643600, 0x2a999000)
 compacting perm gen  total 12288K, used 7711K [0x34000000, 0x34c00000, 0x38000000)
   the space 12288K,  62% used [0x34000000, 0x34787c88, 0x34787e00, 0x34c00000)
    ro space 10240K,  42% used [0x38000000, 0x38434778, 0x38434800, 0x38a00000)
    rw space 12288K,  52% used [0x38a00000, 0x39049a68, 0x39049c00, 0x39600000)
}
Event: 3.051 GC heap before
{Heap before GC invocations=10 (full 1):
 def new generation   total 9408K, used 9407K [0x24000000, 0x24a30000, 0x29550000)
  eden space 8384K, 100% used [0x24000000, 0x24830000, 0x24830000)
  from space 1024K,  99% used [0x24830000, 0x2492fff8, 0x24930000)
  to   space 1024K,   0% used [0x24930000, 0x24930000, 0x24a30000)
 tenured generation   total 20772K, used 17357K [0x29550000, 0x2a999000, 0x34000000)
   the space 20772K,  83% used [0x29550000, 0x2a643588, 0x2a643600, 0x2a999000)
 compacting perm gen  total 12288K, used 8204K [0x34000000, 0x34c00000, 0x38000000)
   the space 12288K,  66% used [0x34000000, 0x34803090, 0x34803200, 0x34c00000)
    ro space 10240K,  42% used [0x38000000, 0x38434778, 0x38434800, 0x38a00000)
    rw space 12288K,  52% used [0x38a00000, 0x39049a68, 0x39049c00, 0x39600000)
Event: 3.057 GC heap after
Heap after GC invocations=11 (full 1):
 def new generation   total 9408K, used 1024K [0x24000000, 0x24a30000, 0x29550000)
  eden space 8384K,   0% used [0x24000000, 0x24000000, 0x24830000)
  from space 1024K, 100% used [0x24930000, 0x24a30000, 0x24a30000)
  to   space 1024K,   0% used [0x24830000, 0x24830000, 0x24930000)
 tenured generation   total 20772K, used 19660K [0x29550000, 0x2a999000, 0x34000000)
   the space 20772K,  94% used [0x29550000, 0x2a8830a0, 0x2a883200, 0x2a999000)
 compacting perm gen  total 12288K, used 8204K [0x34000000, 0x34c00000, 0x38000000)
   the space 12288K,  66% used [0x34000000, 0x34803090, 0x34803200, 0x34c00000)
    ro space 10240K,  42% used [0x38000000, 0x38434778, 0x38434800, 0x38a00000)
    rw space 12288K,  52% used [0x38a00000, 0x39049a68, 0x39049c00, 0x39600000)
}
Event: 3.133 GC heap before
{Heap before GC invocations=11 (full 1):
 def new generation   total 9408K, used 9408K [0x24000000, 0x24a30000, 0x29550000)
  eden space 8384K, 100% used [0x24000000, 0x24830000, 0x24830000)
  from space 1024K, 100% used [0x24930000, 0x24a30000, 0x24a30000)
  to   space 1024K,   0% used [0x24830000, 0x24830000, 0x24930000)
 tenured generation   total 20772K, used 19660K [0x29550000, 0x2a999000, 0x34000000)
   the space 20772K,  94% used [0x29550000, 0x2a8830a0, 0x2a883200, 0x2a999000)
 compacting perm gen  total 12288K, used 8517K [0x34000000, 0x34c00000, 0x38000000)
   the space 12288K,  69% used [0x34000000, 0x34851760, 0x34851800, 0x34c00000)
    ro space 10240K,  42% used [0x38000000, 0x38434778, 0x38434800, 0x38a00000)
    rw space 12288K,  52% used [0x38a00000, 0x39049a68, 0x39049c00, 0x39600000)
Event: 3.187 GC heap after
Heap after GC invocations=12 (full 2):
 def new generation   total 11584K, used 0K [0x24000000, 0x24c90000, 0x29550000)
  eden space 10304K,   0% used [0x24000000, 0x24000000, 0x24a10000)
  from space 1280K,   0% used [0x24a10000, 0x24a10000, 0x24b50000)
  to   space 1280K,   0% used [0x24b50000, 0x24b50000, 0x24c90000)
 tenured generation   total 25596K, used 15339K [0x29550000, 0x2ae4f000, 0x34000000)
   the space 25596K,  59% used [0x29550000, 0x2a44ac10, 0x2a44ae00, 0x2ae4f000)
 compacting perm gen  total 12288K, used 8517K [0x34000000, 0x34c00000, 0x38000000)
   the space 12288K,  69% used [0x34000000, 0x34851760, 0x34851800, 0x34c00000)
    ro space 10240K,  42% used [0x38000000, 0x38434778, 0x38434800, 0x38a00000)
    rw space 12288K,  52% used [0x38a00000, 0x39049a68, 0x39049c00, 0x39600000)
}
Event: 3.204 GC heap before
{Heap before GC invocations=12 (full 2):
 def new generation   total 11584K, used 9623K [0x24000000, 0x24c90000, 0x29550000)
  eden space 10304K,  93% used [0x24000000, 0x24965ef0, 0x24a10000)
  from space 1280K,   0% used [0x24a10000, 0x24a10000, 0x24b50000)
  to   space 1280K,   0% used [0x24b50000, 0x24b50000, 0x24c90000)
 tenured generation   total 25596K, used 15339K [0x29550000, 0x2ae4f000, 0x34000000)
   the space 25596K,  59% used [0x29550000, 0x2a44ac10, 0x2a44ae00, 0x2ae4f000)
 compacting perm gen  total 12288K, used 8517K [0x34000000, 0x34c00000, 0x38000000)
   the space 12288K,  69% used [0x34000000, 0x348517b0, 0x34851800, 0x34c00000)
    ro space 10240K,  42% used [0x38000000, 0x38434778, 0x38434800, 0x38a00000)
    rw space 12288K,  52% used [0x38a00000, 0x39049a68, 0x39049c00, 0x39600000)
Event: 3.207 GC heap after
Heap after GC invocations=13 (full 2):
 def new generation   total 11584K, used 42K [0x24000000, 0x24c90000, 0x29550000)
  eden space 10304K,   0% used [0x24000000, 0x24000000, 0x24a10000)
  from space 1280K,   3% used [0x24b50000, 0x24b5ab40, 0x24c90000)
  to   space 1280K,   0% used [0x24a10000, 0x24a10000, 0x24b50000)
 tenured generation   total 25596K, used 24657K [0x29550000, 0x2ae4f000, 0x34000000)
   the space 25596K,  96% used [0x29550000, 0x2ad64688, 0x2ad64800, 0x2ae4f000)
 compacting perm gen  total 12288K, used 8517K [0x34000000, 0x34c00000, 0x38000000)
   the space 12288K,  69% used [0x34000000, 0x348517b0, 0x34851800, 0x34c00000)
    ro space 10240K,  42% used [0x38000000, 0x38434778, 0x38434800, 0x38a00000)
    rw space 12288K,  52% used [0x38a00000, 0x39049a68, 0x39049c00, 0x39600000)
}
Event: 3.220 GC heap before
{Heap before GC invocations=13 (full 2):
 def new generation   total 11584K, used 9459K [0x24000000, 0x24c90000, 0x29550000)
  eden space 10304K,  91% used [0x24000000, 0x24932378, 0x24a10000)
  from space 1280K,   3% used [0x24b50000, 0x24b5ab40, 0x24c90000)
  to   space 1280K,   0% used [0x24a10000, 0x24a10000, 0x24b50000)
 tenured generation   total 25596K, used 24657K [0x29550000, 0x2ae4f000, 0x34000000)
   the space 25596K,  96% used [0x29550000, 0x2ad64688, 0x2ad64800, 0x2ae4f000)
 compacting perm gen  total 12288K, used 8517K [0x34000000, 0x34c00000, 0x38000000)
   the space 12288K,  69% used [0x34000000, 0x348517f0, 0x34851800, 0x34c00000)
    ro space 10240K,  42% used [0x38000000, 0x38434778, 0x38434800, 0x38a00000)
    rw space 12288K,  52% used [0x38a00000, 0x39049a68, 0x39049c00, 0x39600000)
Event: 3.261 GC heap after
Heap after GC invocations=14 (full 3):
 def new generation   total 13376K, used 0K [0x24000000, 0x24e80000, 0x29550000)
  eden space 11904K,   0% used [0x24000000, 0x24000000, 0x24ba0000)
  from space 1472K,   0% used [0x24ba0000, 0x24ba0000, 0x24d10000)
  to   space 1472K,   0% used [0x24d10000, 0x24d10000, 0x24e80000)
 tenured generation   total 29564K, used 17738K [0x29550000, 0x2b22f000, 0x34000000)
   the space 29564K,  59% used [0x29550000, 0x2a6a28f8, 0x2a6a2a00, 0x2b22f000)
 compacting perm gen  total 12288K, used 8517K [0x34000000, 0x34c00000, 0x38000000)
   the space 12288K,  69% used [0x34000000, 0x348517f0, 0x34851800, 0x34c00000)
    ro space 10240K,  42% used [0x38000000, 0x38434778, 0x38434800, 0x38a00000)
    rw space 12288K,  52% used [0x38a00000, 0x39049a68, 0x39049c00, 0x39600000)
}

Deoptimization events (0 events):
No events

Internal exceptions (10 events):
Event: 3.103 Thread 0x05bd8000 Threw 0x242ce6a0 at C:\re\jdk7u60\1081\hotspot\src\share\vm\prims\jvm.cpp:1244
Event: 3.103 Thread 0x05f08c00 Threw 0x242ae570 at C:\re\jdk7u60\1081\hotspot\src\share\vm\prims\jvm.cpp:1244
Event: 3.103 Thread 0x05bd8000 Threw 0x242d6660 at C:\re\jdk7u60\1081\hotspot\src\share\vm\prims\jvm.cpp:1244
Event: 3.104 Thread 0x05f08c00 Threw 0x242e7cb0 at C:\re\jdk7u60\1081\hotspot\src\share\vm\prims\jvm.cpp:1244
Event: 3.104 Thread 0x05f08c00 Threw 0x242ef668 at C:\re\jdk7u60\1081\hotspot\src\share\vm\prims\jvm.cpp:1244
Event: 3.105 Thread 0x05bd8000 Threw 0x242de790 at C:\re\jdk7u60\1081\hotspot\src\share\vm\prims\jvm.cpp:1244
Event: 3.110 Thread 0x05bd8000 Threw 0x243246f8 at C:\re\jdk7u60\1081\hotspot\src\share\vm\prims\jvm.cpp:1244
Event: 3.111 Thread 0x05bd8000 Threw 0x24328f30 at C:\re\jdk7u60\1081\hotspot\src\share\vm\prims\jvm.cpp:1244
Event: 3.114 Thread 0x05bd8000 Threw 0x2432cfa0 at C:\re\jdk7u60\1081\hotspot\src\share\vm\prims\jvm.cpp:1244
Event: 3.131 Thread 0x05bd8000 Threw 0x24361b10 at C:\re\jdk7u60\1081\hotspot\src\share\vm\prims\jvm.cpp:1244

Events (10 events):
Event: 20.445 Thread 0x05f0a000 Thread exited: 0x05f0a000
Event: 20.445 Thread 0x05f08000 Thread exited: 0x05f08000
Event: 20.445 loading class 0x39670c20
Event: 20.445 loading class 0x39670bc8
Event: 20.445 loading class 0x39670bc8 done
Event: 20.445 loading class 0x39670c20 done
Event: 20.445 Thread 0x05f09800 Thread exited: 0x05f09800
Event: 20.452 Thread 0x0509a000 Thread exited: 0x0509a000
Event: 20.545 Thread 0x05f07400 Thread exited: 0x05f07400
Event: 20.546 Executing VM operation: Exit


Dynamic libraries:
0x00a70000 - 0x00a9f000 	C:\Program Files (x86)\Java\jre7\bin\javaw.exe
0x76fe0000 - 0x77137000 	C:\Windows\SYSTEM32\ntdll.dll
0x74690000 - 0x747c0000 	C:\Windows\SYSTEM32\KERNEL32.DLL
0x76a80000 - 0x76b27000 	C:\Windows\SYSTEM32\KERNELBASE.dll
0x747c0000 - 0x7486e000 	C:\Windows\SYSTEM32\ADVAPI32.dll
0x764f0000 - 0x76606000 	C:\Windows\SYSTEM32\USER32.dll
0x73130000 - 0x73328000 	C:\Windows\WinSxS\x86_microsoft.windows.common-controls_6595b64144ccf1df_6.0.9200.16579_none_8937eec6860750f5\COMCTL32.dll
0x76000000 - 0x760b1000 	C:\Windows\SYSTEM32\msvcrt.dll
0x74870000 - 0x748a4000 	C:\Windows\SYSTEM32\sechost.dll
0x760c0000 - 0x7616c000 	C:\Windows\SYSTEM32\RPCRT4.dll
0x748b0000 - 0x749ad000 	C:\Windows\SYSTEM32\GDI32.dll
0x745d0000 - 0x745ed000 	C:\Windows\SYSTEM32\SspiCli.dll
0x745c0000 - 0x745c9000 	C:\Windows\SYSTEM32\CRYPTBASE.dll
0x74560000 - 0x745b1000 	C:\Windows\SYSTEM32\bcryptPrimitives.dll
0x762e0000 - 0x76300000 	C:\Windows\system32\IMM32.DLL
0x76680000 - 0x7675e000 	C:\Windows\SYSTEM32\MSCTF.dll
0x5e970000 - 0x5ea2f000 	C:\Program Files (x86)\Java\jre7\bin\msvcr100.dll
0x5e310000 - 0x5e698000 	C:\Program Files (x86)\Java\jre7\bin\client\jvm.dll
0x71c10000 - 0x71c18000 	C:\Windows\SYSTEM32\WSOCK32.dll
0x71fb0000 - 0x71fd1000 	C:\Windows\SYSTEM32\WINMM.dll
0x76300000 - 0x76306000 	C:\Windows\SYSTEM32\PSAPI.DLL
0x75f80000 - 0x75fd0000 	C:\Windows\SYSTEM32\WS2_32.dll
0x71c70000 - 0x71c9b000 	C:\Windows\SYSTEM32\WINMMBASE.dll
0x75ff0000 - 0x75ff8000 	C:\Windows\SYSTEM32\NSI.dll
0x76b30000 - 0x76b76000 	C:\Windows\SYSTEM32\cfgmgr32.dll
0x75f00000 - 0x75f1e000 	C:\Windows\SYSTEM32\DEVOBJ.dll
0x720a0000 - 0x720ac000 	C:\Program Files (x86)\Java\jre7\bin\verify.dll
0x70bb0000 - 0x70bd0000 	C:\Program Files (x86)\Java\jre7\bin\java.dll
0x70b90000 - 0x70ba3000 	C:\Program Files (x86)\Java\jre7\bin\zip.dll
0x6f490000 - 0x6f5d3000 	C:\Program Files (x86)\Java\jre7\bin\awt.dll
0x76c00000 - 0x76c8b000 	C:\Windows\SYSTEM32\OLEAUT32.dll
0x76de0000 - 0x76f16000 	C:\Windows\SYSTEM32\combase.dll
0x72dd0000 - 0x72e77000 	C:\Windows\system32\apphelp.dll
0x71a40000 - 0x71a59000 	C:\Windows\system32\DWMAPI.DLL
0x726b0000 - 0x72738000 	C:\Windows\system32\uxtheme.dll
0x76760000 - 0x76879000 	C:\Windows\SYSTEM32\ole32.dll
0x74da0000 - 0x75e66000 	C:\Windows\SYSTEM32\SHELL32.dll
0x75f40000 - 0x75f80000 	C:\Windows\SYSTEM32\SHLWAPI.dll
0x73330000 - 0x733a3000 	C:\Windows\SYSTEM32\shcore.dll
0x718b0000 - 0x718e9000 	C:\Program Files (x86)\Java\jre7\bin\fontmanager.dll
0x6f250000 - 0x6f264000 	C:\Program Files (x86)\Java\jre7\bin\net.dll
0x72e80000 - 0x72eca000 	C:\Windows\system32\mswsock.dll
0x718a0000 - 0x718af000 	C:\Program Files (x86)\Java\jre7\bin\nio.dll
0x706d0000 - 0x70700000 	C:\Program Files (x86)\Java\jre7\bin\t2k.dll
0x76b80000 - 0x76bf4000 	C:\Windows\SYSTEM32\clbcatq.dll
0x6a8a0000 - 0x6a9eb000 	C:\Windows\SYSTEM32\WindowsCodecs.dll
0x76dc0000 - 0x76dd1000 	C:\Windows\SYSTEM32\profapi.dll
0x68440000 - 0x68464000 	C:\Program Files (x86)\Java\jre7\bin\dcpr.dll
0x5e900000 - 0x5e96d000 	C:\binaries\terrajava.dll
0x5e220000 - 0x5e307000 	C:\binaries\terramanager-funcate.dll
0x59300000 - 0x59ba6000 	C:\binaries\terralib.dll
0x64af0000 - 0x64b59000 	C:\Windows\SYSTEM32\MSVCP100.dll
0x6d880000 - 0x6db4c000 	C:\binaries\bgd.dll
0x66b80000 - 0x66b9b000 	C:\binaries\terraogc_xml.dll
0x60460000 - 0x6047d000 	C:\binaries\terraogc_sld.dll
0x5f9a0000 - 0x5f9c6000 	C:\binaries\terraogc_se.dll
0x5e8c0000 - 0x5e8f6000 	C:\binaries\terraogc_filter.dll
0x5e1c0000 - 0x5e212000 	C:\binaries\terraogc_ows.dll
0x5f980000 - 0x5f999000 	C:\binaries\terraogc_common.dll
0x684c0000 - 0x684cb000 	C:\binaries\terralib_shp.dll
0x60450000 - 0x6045e000 	C:\binaries\terralib_spl.dll
0x065b0000 - 0x069a6000 	C:\binaries\qt-mt338.dll
0x613d0000 - 0x6149e000 	C:\Windows\SYSTEM32\OPENGL32.dll
0x613a0000 - 0x613c3000 	C:\Windows\SYSTEM32\GLU32.dll
0x5e140000 - 0x5e1bf000 	C:\binaries\qwt500.dll
0x0fe90000 - 0x11e8f000 	C:\binaries\berkelium.dll
0x069b0000 - 0x06af1000 	C:\binaries\LIBMYSQL.dll
0x63100000 - 0x63121000 	C:\binaries\LIBPQ.dll
0x06b00000 - 0x06b61000 	C:\binaries\OCI.dll
0x5da30000 - 0x5daba000 	C:\binaries\libtiff.dll
0x56580000 - 0x56d52000 	C:\binaries\gdal110.dll
0x12000000 - 0x121dc000 	C:\binaries\xerces-c_3_1.dll
0x592a0000 - 0x592f5000 	C:\binaries\terraogc_wms.dll
0x59240000 - 0x59293000 	C:\binaries\terraogc_gml.dll
0x5e0f0000 - 0x5e131000 	C:\binaries\terraogc_xsd.dll
0x5a810000 - 0x5a830000 	C:\binaries\terraogc_xacml.dll
0x71f30000 - 0x71f90000 	C:\Windows\SYSTEM32\WINSPOOL.DRV
0x7c340000 - 0x7c396000 	C:\Windows\SYSTEM32\MSVCR71.dll
0x608a0000 - 0x60979000 	C:\Windows\SYSTEM32\DDRAW.dll
0x727a0000 - 0x727a9000 	C:\Windows\SYSTEM32\Secur32.dll
0x75f20000 - 0x75f3b000 	C:\Windows\SYSTEM32\USERENV.dll
0x71520000 - 0x71570000 	C:\Windows\SYSTEM32\OLEACC.dll
0x54200000 - 0x54276000 	C:\Windows\SYSTEM32\RICHED20.dll
0x72ee0000 - 0x72ee8000 	C:\Windows\SYSTEM32\VERSION.dll
0x720b0000 - 0x720c4000 	C:\Windows\SYSTEM32\USP10.dll
0x72c50000 - 0x72cc5000 	C:\Windows\SYSTEM32\DNSAPI.dll
0x06c10000 - 0x06cba000 	C:\Windows\libeay32.dll
0x06cc0000 - 0x06ccd000 	C:\binaries\libintl-2.dll
0x72ed0000 - 0x72ed6000 	C:\Windows\SYSTEM32\SHFOLDER.DLL
0x06cd0000 - 0x06cf6000 	C:\Windows\ssleay32.dll
0x06d00000 - 0x06d26000 	C:\binaries\libexpat.dll
0x60770000 - 0x60811000 	C:\Windows\SYSTEM32\ODBC32.dll
0x60760000 - 0x60767000 	C:\Windows\SYSTEM32\DCIMAN32.dll
0x663b0000 - 0x663db000 	C:\Windows\SYSTEM32\msls31.dll
0x06d80000 - 0x06e5b000 	C:\binaries\libiconv-2.dll
0x6f600000 - 0x6f61d000 	C:\Windows\SYSTEM32\gpapi.dll
0x74530000 - 0x74556000 	C:\Windows\SYSTEM32\ntmarta.dll
0x54e60000 - 0x55708000 	C:\binaries\icudt46.dll
0x53850000 - 0x53979000 	C:\Windows\SYSTEM32\dbghelp.dll
0x72040000 - 0x72050000 	C:\Windows\system32\napinsp.dll
0x72020000 - 0x72034000 	C:\Windows\system32\pnrpnsp.dll
0x72010000 - 0x72020000 	C:\Windows\system32\NLAapi.dll
0x72000000 - 0x72009000 	C:\Windows\System32\winrnr.dll
0x71ac0000 - 0x71ad0000 	C:\Windows\system32\wshbth.dll
0x726a0000 - 0x726a7000 	C:\Windows\System32\rasadhlp.dll
0x71c30000 - 0x71c6f000 	C:\Windows\System32\fwpuclnt.dll
0x72cd0000 - 0x72cf0000 	C:\Windows\SYSTEM32\IPHLPAPI.DLL
0x72c40000 - 0x72c48000 	C:\Windows\SYSTEM32\WINNSI.DLL
0x730d0000 - 0x730ea000 	C:\Windows\SYSTEM32\CRYPTSP.dll
0x73090000 - 0x730ce000 	C:\Windows\system32\rsaenh.dll
0x72c30000 - 0x72c40000 	C:\Windows\SYSTEM32\dhcpcsvc6.DLL
0x72c10000 - 0x72c22000 	C:\Windows\SYSTEM32\dhcpcsvc.DLL
0x59210000 - 0x59235000 	C:\Program Files (x86)\Java\jre7\bin\jpeg.dll

VM Arguments:
jvm_args: -Dfile.encoding=ISO-8859-1 
java_command: com.nexusbr.gv.main.ConnectDBMain
Launcher Type: SUN_STANDARD

Environment Variables:
JAVA_HOME=C:\Program Files (x86)\Java\jre7
PATH=C:/Program Files (x86)/Java/jre7/bin/client;C:/Program Files (x86)/Java/jre7/bin;C:/Program Files (x86)/Java/jre7/lib/i386;C:\Program Files (x86)\PHP\;c:\Program Files (x86)\Intel\iCLS Client\;c:\Program Files\Intel\iCLS Client\;C:\Windows\system32;C:\Windows;C:\Windows\System32\Wbem;C:\Windows\System32\WindowsPowerShell\v1.0\;C:\Program Files\Intel\Intel(R) Management Engine Components\DAL;C:\Program Files\Intel\Intel(R) Management Engine Components\IPT;C:\Program Files (x86)\Intel\Intel(R) Management Engine Components\DAL;C:\Program Files (x86)\Intel\Intel(R) Management Engine Components\IPT;C:\Program Files (x86)\Intel\OpenCL SDK\3.0\bin\x86;C:\Program Files (x86)\Intel\OpenCL SDK\3.0\bin\x64;C:\Program Files (x86)\Windows Live\Shared;C:\binaries;c:\Program Files (x86)\Microsoft SQL Server\100\Tools\Binn\;c:\Program Files\Microsoft SQL Server\100\Tools\Binn\;c:\Program Files\Microsoft SQL Server\100\DTS\Binn\;C:\strawberry\c\bin;C:\strawberry\perl\site\bin;C:\strawberry\perl\bin;C:\Program Files (x86)\Microsoft SQL Server\110\Tools\Binn\ManagementStudio\;C:\Program Files (x86)\Microsoft SQL Server\110\Tools\Binn\;C:\Program Files\Microsoft SQL Server\110\Tools\Binn\;C:\Program Files (x86)\Microsoft SQL Server\110\DTS\Binn\;C:\Program Files\TortoiseSVN\bin;C:\Python34;C:\Program Files (x86)\Java\jre7\bin;C:\eclipse;
USERNAME=inacio
OS=Windows_NT
PROCESSOR_IDENTIFIER=Intel64 Family 6 Model 69 Stepping 1, GenuineIntel



---------------  S Y S T E M  ---------------

OS: Windows 8 , 64 bit Build 9200 

CPU:total 4 (2 cores per cpu, 2 threads per core) family 6 model 69 stepping 1, cmov, cx8, fxsr, mmx, sse, sse2, sse3, ssse3, sse4.1, sse4.2, popcnt, avx, avx2, aes, erms, ht, tsc, tscinvbit

Memory: 4k page, physical 8290700k(2424592k free), swap 9535884k(3589140k free)

vm_info: Java HotSpot(TM) Client VM (24.60-b09) for windows-x86 JRE (1.7.0_60-b19), built on May  7 2014 13:09:52 by "java_re" with unknown MS VC++:1600

time: Fri Jul 04 09:44:52 2014
elapsed time: 20 seconds

