#
# A fatal error has been detected by the Java Runtime Environment:
#
#  EXCEPTION_ACCESS_VIOLATION (0xc0000005) at pc=0x10819052, pid=3892, tid=1240
#
# JRE version: Java(TM) SE Runtime Environment (7.0_60-b19) (build 1.7.0_60-b19)
# Java VM: Java HotSpot(TM) Client VM (24.60-b09 mixed mode, sharing windows-x86 )
# Problematic frame:
# C  [berkelium.dll+0xa39052]
#
# Failed to write core dump. Minidumps are not enabled by default on client versions of Windows
#
# If you would like to submit a bug report, please visit:
#   http://bugreport.sun.com/bugreport/crash.jsp
#

---------------  T H R E A D  ---------------

Current thread (0x0094fc00):  VMThread [stack: 0x04200000,0x04250000] [id=1240]

siginfo: ExceptionCode=0xc0000005, reading address 0x000000f8

Registers:
EAX=0x0424ef54, EBX=0x000493e0, ECX=0x0424ef54, EDX=0xc860fb80
ESP=0x0424ef44, EBP=0x00000087, ESI=0x00000000, EDI=0xda429e80
EIP=0x10819052, EFLAGS=0x00010206

Top of Stack: (sp=0x0424ef44)
0x0424ef44:   06bd3168 06bd3168 06b2ab00 00000000
0x0424ef54:   c860fb80 00000087 06bc3a20 06bcc900
0x0424ef64:   00000000 00000000 00000000 74616401
0x0424ef74:   69642d61 06de0072 00000023 0000002f
0x0424ef84:   00000000 06b57070 002e5bf3 06bd3000
0x0424ef94:   06b2ab44 ffffff00 0fe4bf20 11969778
0x0424efa4:   066a0030 00000000 0000000f 1196a730
0x0424efb4:   00000001 0fe49783 00000008 00000001 

Instructions: (pc=0x10819052)
0x10819032:   03 00 00 57 53 e8 f4 c8 60 ff 8b ea 8d 54 24 10
0x10819042:   52 8b f8 e8 26 ca 00 00 83 c4 04 03 38 13 68 04
0x10819052:   8b 86 f8 00 00 00 0b 86 fc 00 00 00 89 7c 24 20
0x10819062:   89 6c 24 24 75 3e 39 84 24 d4 00 00 00 7f 35 7c 


Register to memory mapping:

EAX=
[error occurred during error reporting (printing register info), id 0xc0000005]

Stack: [0x04200000,0x04250000],  sp=0x0424ef44,  free space=315k
Native frames: (J=compiled Java code, j=interpreted, Vv=VM code, C=native code)
C  [berkelium.dll+0xa39052]

VM_Operation (0x0579eaa0): Exit, mode: safepoint, requested by thread 0x05318c00


---------------  P R O C E S S  ---------------

Java Threads: ( => current thread )
  0x05657000 JavaThread "Image Fetcher 0" daemon [_thread_blocked, id=752, stack(0x076d0000,0x07720000)]
  0x0565a000 JavaThread "WeakCollectionCleaner" daemon [_thread_blocked, id=6296, stack(0x08e00000,0x08e50000)]
  0x05581400 JavaThread "TimerQueue" daemon [_thread_blocked, id=10492, stack(0x075b0000,0x07600000)]
  0x05574c00 JavaThread "Image Fetcher 3" daemon [_thread_blocked, id=8604, stack(0x074e0000,0x07530000)]
  0x00a4e000 JavaThread "DestroyJavaVM" [_thread_blocked, id=6260, stack(0x005c0000,0x00610000)]
  0x05318c00 JavaThread "AWT-EventQueue-0" [_thread_blocked, id=5416, stack(0x05750000,0x057a0000)]
  0x04824800 JavaThread "AWT-Shutdown" [_thread_blocked, id=10796, stack(0x04e20000,0x04e70000)]
  0x047b6800 JavaThread "Java2D Disposer" daemon [_thread_blocked, id=8728, stack(0x04d90000,0x04de0000)]
  0x009c9000 JavaThread "Service Thread" daemon [_thread_blocked, id=9296, stack(0x04560000,0x045b0000)]
  0x009c4c00 JavaThread "C1 CompilerThread0" daemon [_thread_blocked, id=3132, stack(0x044d0000,0x04520000)]
  0x009c3000 JavaThread "Attach Listener" daemon [_thread_blocked, id=10608, stack(0x04440000,0x04490000)]
  0x00952800 JavaThread "Finalizer" daemon [_thread_blocked, id=10848, stack(0x04320000,0x04370000)]
  0x00951000 JavaThread "Reference Handler" daemon [_thread_blocked, id=5572, stack(0x04290000,0x042e0000)]

Other Threads:
=>0x0094fc00 VMThread [stack: 0x04200000,0x04250000] [id=1240]

VM state:at safepoint (shutting down)

VM Mutex/Monitor currently owned by a thread:  ([mutex/lock_event])
[0x00a4c4d0] Threads_lock - owner thread: 0x0094fc00

Heap
 def new generation   total 13376K, used 7680K [0x24000000, 0x24e80000, 0x29550000)
  eden space 11904K,  64% used [0x24000000, 0x247800b0, 0x24ba0000)
  from space 1472K,   0% used [0x24ba0000, 0x24ba0000, 0x24d10000)
  to   space 1472K,   0% used [0x24d10000, 0x24d10000, 0x24e80000)
 tenured generation   total 29544K, used 17724K [0x29550000, 0x2b22a000, 0x34000000)
   the space 29544K,  59% used [0x29550000, 0x2a69f128, 0x2a69f200, 0x2b22a000)
 compacting perm gen  total 12288K, used 8555K [0x34000000, 0x34c00000, 0x38000000)
   the space 12288K,  69% used [0x34000000, 0x3485aec8, 0x3485b000, 0x34c00000)
    ro space 10240K,  42% used [0x38000000, 0x38434778, 0x38434800, 0x38a00000)
    rw space 12288K,  52% used [0x38a00000, 0x39049a68, 0x39049c00, 0x39600000)

Card table byte_map: [0x040b0000,0x04160000] byte_map_base: 0x03f90000

Polling page: 0x004d0000

Code Cache  [0x02030000, 0x021e0000, 0x04030000)
 total_blobs=1002 nmethods=715 adapters=223 free_code_cache=31054Kb largest_free_block=31798272

Compilation events (10 events):
Event: 4.774 Thread 0x009c4c00  718   !         sun.awt.AWTAutoShutdown::setToolkitBusy (124 bytes)
Event: 4.776 Thread 0x009c4c00 nmethod 718 0x021daa88 code [0x021dac00, 0x021db134]
Event: 5.662 Thread 0x009c4c00  719             java.awt.Toolkit$SelectiveAWTEventListener::eventDispatched (745 bytes)
Event: 5.665 Thread 0x009c4c00 nmethod 719 0x021db588 code [0x021db6c0, 0x021dbf7c]
Event: 5.693 Thread 0x009c4c00  721             java.security.AccessController::getContext (23 bytes)
Event: 5.694 Thread 0x009c4c00 nmethod 721 0x021dc488 code [0x021dc5a0, 0x021dc698]
Event: 6.054 Thread 0x009c4c00  722             java.awt.EventQueue::noEvents (29 bytes)
Event: 6.054 Thread 0x009c4c00 nmethod 722 0x021dc748 code [0x021dc850, 0x021dc930]
Event: 6.143 Thread 0x009c4c00  723             java.util.Arrays::copyOf (13 bytes)
Event: 6.143 Thread 0x009c4c00 nmethod 723 0x021dca08 code [0x021dcb00, 0x021dcb8c]

GC Heap History (10 events):
Event: 2.608 GC heap before
{Heap before GC invocations=9 (full 1):
 def new generation   total 9408K, used 9407K [0x24000000, 0x24a30000, 0x29550000)
  eden space 8384K, 100% used [0x24000000, 0x24830000, 0x24830000)
  from space 1024K,  99% used [0x24930000, 0x24a2fff8, 0x24a30000)
  to   space 1024K,   0% used [0x24830000, 0x24830000, 0x24930000)
 tenured generation   total 20748K, used 15792K [0x29550000, 0x2a993000, 0x34000000)
   the space 20748K,  76% used [0x29550000, 0x2a4bc328, 0x2a4bc400, 0x2a993000)
 compacting perm gen  total 12288K, used 7715K [0x34000000, 0x34c00000, 0x38000000)
   the space 12288K,  62% used [0x34000000, 0x34788c50, 0x34788e00, 0x34c00000)
    ro space 10240K,  42% used [0x38000000, 0x38434778, 0x38434800, 0x38a00000)
    rw space 12288K,  52% used [0x38a00000, 0x39049a68, 0x39049c00, 0x39600000)
Event: 2.617 GC heap after
Heap after GC invocations=10 (full 1):
 def new generation   total 9408K, used 1023K [0x24000000, 0x24a30000, 0x29550000)
  eden space 8384K,   0% used [0x24000000, 0x24000000, 0x24830000)
  from space 1024K,  99% used [0x24830000, 0x2492fff8, 0x24930000)
  to   space 1024K,   0% used [0x24930000, 0x24930000, 0x24a30000)
 tenured generation   total 20748K, used 17349K [0x29550000, 0x2a993000, 0x34000000)
   the space 20748K,  83% used [0x29550000, 0x2a641720, 0x2a641800, 0x2a993000)
 compacting perm gen  total 12288K, used 7715K [0x34000000, 0x34c00000, 0x38000000)
   the space 12288K,  62% used [0x34000000, 0x34788c50, 0x34788e00, 0x34c00000)
    ro space 10240K,  42% used [0x38000000, 0x38434778, 0x38434800, 0x38a00000)
    rw space 12288K,  52% used [0x38a00000, 0x39049a68, 0x39049c00, 0x39600000)
}
Event: 2.730 GC heap before
{Heap before GC invocations=10 (full 1):
 def new generation   total 9408K, used 9407K [0x24000000, 0x24a30000, 0x29550000)
  eden space 8384K, 100% used [0x24000000, 0x24830000, 0x24830000)
  from space 1024K,  99% used [0x24830000, 0x2492fff8, 0x24930000)
  to   space 1024K,   0% used [0x24930000, 0x24930000, 0x24a30000)
 tenured generation   total 20748K, used 17349K [0x29550000, 0x2a993000, 0x34000000)
   the space 20748K,  83% used [0x29550000, 0x2a641720, 0x2a641800, 0x2a993000)
 compacting perm gen  total 12288K, used 8308K [0x34000000, 0x34c00000, 0x38000000)
   the space 12288K,  67% used [0x34000000, 0x3481d080, 0x3481d200, 0x34c00000)
    ro space 10240K,  42% used [0x38000000, 0x38434778, 0x38434800, 0x38a00000)
    rw space 12288K,  52% used [0x38a00000, 0x39049a68, 0x39049c00, 0x39600000)
Event: 2.736 GC heap after
Heap after GC invocations=11 (full 1):
 def new generation   total 9408K, used 1024K [0x24000000, 0x24a30000, 0x29550000)
  eden space 8384K,   0% used [0x24000000, 0x24000000, 0x24830000)
  from space 1024K, 100% used [0x24930000, 0x24a30000, 0x24a30000)
  to   space 1024K,   0% used [0x24830000, 0x24830000, 0x24930000)
 tenured generation   total 20748K, used 19568K [0x29550000, 0x2a993000, 0x34000000)
   the space 20748K,  94% used [0x29550000, 0x2a86c320, 0x2a86c400, 0x2a993000)
 compacting perm gen  total 12288K, used 8308K [0x34000000, 0x34c00000, 0x38000000)
   the space 12288K,  67% used [0x34000000, 0x3481d080, 0x3481d200, 0x34c00000)
    ro space 10240K,  42% used [0x38000000, 0x38434778, 0x38434800, 0x38a00000)
    rw space 12288K,  52% used [0x38a00000, 0x39049a68, 0x39049c00, 0x39600000)
}
Event: 2.833 GC heap before
{Heap before GC invocations=11 (full 1):
 def new generation   total 9408K, used 8263K [0x24000000, 0x24a30000, 0x29550000)
  eden space 8384K,  86% used [0x24000000, 0x24711ca8, 0x24830000)
  from space 1024K, 100% used [0x24930000, 0x24a30000, 0x24a30000)
  to   space 1024K,   0% used [0x24830000, 0x24830000, 0x24930000)
 tenured generation   total 20748K, used 19568K [0x29550000, 0x2a993000, 0x34000000)
   the space 20748K,  94% used [0x29550000, 0x2a86c320, 0x2a86c400, 0x2a993000)
 compacting perm gen  total 12288K, used 8501K [0x34000000, 0x34c00000, 0x38000000)
   the space 12288K,  69% used [0x34000000, 0x3484d578, 0x3484d600, 0x34c00000)
    ro space 10240K,  42% used [0x38000000, 0x38434778, 0x38434800, 0x38a00000)
    rw space 12288K,  52% used [0x38a00000, 0x39049a68, 0x39049c00, 0x39600000)
Event: 2.898 GC heap after
Heap after GC invocations=12 (full 2):
 def new generation   total 9792K, used 0K [0x24000000, 0x24aa0000, 0x29550000)
  eden space 8704K,   0% used [0x24000000, 0x24000000, 0x24880000)
  from space 1088K,   0% used [0x24880000, 0x24880000, 0x24990000)
  to   space 1088K,   0% used [0x24990000, 0x24990000, 0x24aa0000)
 tenured generation   total 21688K, used 13012K [0x29550000, 0x2aa7e000, 0x34000000)
   the space 21688K,  59% used [0x29550000, 0x2a205038, 0x2a205200, 0x2aa7e000)
 compacting perm gen  total 12288K, used 8501K [0x34000000, 0x34c00000, 0x38000000)
   the space 12288K,  69% used [0x34000000, 0x3484d578, 0x3484d600, 0x34c00000)
    ro space 10240K,  42% used [0x38000000, 0x38434778, 0x38434800, 0x38a00000)
    rw space 12288K,  52% used [0x38a00000, 0x39049a68, 0x39049c00, 0x39600000)
}
Event: 2.899 GC heap before
{Heap before GC invocations=12 (full 2):
 def new generation   total 9792K, used 7601K [0x24000000, 0x24aa0000, 0x29550000)
  eden space 8704K,  87% used [0x24000000, 0x2476c6c8, 0x24880000)
  from space 1088K,   0% used [0x24880000, 0x24880000, 0x24990000)
  to   space 1088K,   0% used [0x24990000, 0x24990000, 0x24aa0000)
 tenured generation   total 21688K, used 13012K [0x29550000, 0x2aa7e000, 0x34000000)
   the space 21688K,  59% used [0x29550000, 0x2a205038, 0x2a205200, 0x2aa7e000)
 compacting perm gen  total 12288K, used 8501K [0x34000000, 0x34c00000, 0x38000000)
   the space 12288K,  69% used [0x34000000, 0x3484d578, 0x3484d600, 0x34c00000)
    ro space 10240K,  42% used [0x38000000, 0x38434778, 0x38434800, 0x38a00000)
    rw space 12288K,  52% used [0x38a00000, 0x39049a68, 0x39049c00, 0x39600000)
Event: 2.902 GC heap after
Heap after GC invocations=13 (full 2):
 def new generation   total 9792K, used 19K [0x24000000, 0x24aa0000, 0x29550000)
  eden space 8704K,   0% used [0x24000000, 0x24000000, 0x24880000)
  from space 1088K,   1% used [0x24990000, 0x24994f10, 0x24aa0000)
  to   space 1088K,   0% used [0x24880000, 0x24880000, 0x24990000)
 tenured generation   total 21688K, used 20465K [0x29550000, 0x2aa7e000, 0x34000000)
   the space 21688K,  94% used [0x29550000, 0x2a94c5b0, 0x2a94c600, 0x2aa7e000)
 compacting perm gen  total 12288K, used 8501K [0x34000000, 0x34c00000, 0x38000000)
   the space 12288K,  69% used [0x34000000, 0x3484d578, 0x3484d600, 0x34c00000)
    ro space 10240K,  42% used [0x38000000, 0x38434778, 0x38434800, 0x38a00000)
    rw space 12288K,  52% used [0x38a00000, 0x39049a68, 0x39049c00, 0x39600000)
}
Event: 2.921 GC heap before
{Heap before GC invocations=13 (full 2):
 def new generation   total 9792K, used 8479K [0x24000000, 0x24aa0000, 0x29550000)
  eden space 8704K,  97% used [0x24000000, 0x24843058, 0x24880000)
  from space 1088K,   1% used [0x24990000, 0x24994f10, 0x24aa0000)
  to   space 1088K,   0% used [0x24880000, 0x24880000, 0x24990000)
 tenured generation   total 21688K, used 20465K [0x29550000, 0x2aa7e000, 0x34000000)
   the space 21688K,  94% used [0x29550000, 0x2a94c5b0, 0x2a94c600, 0x2aa7e000)
 compacting perm gen  total 12288K, used 8501K [0x34000000, 0x34c00000, 0x38000000)
   the space 12288K,  69% used [0x34000000, 0x3484d578, 0x3484d600, 0x34c00000)
    ro space 10240K,  42% used [0x38000000, 0x38434778, 0x38434800, 0x38a00000)
    rw space 12288K,  52% used [0x38a00000, 0x39049a68, 0x39049c00, 0x39600000)
Event: 2.958 GC heap after
Heap after GC invocations=14 (full 3):
 def new generation   total 13376K, used 0K [0x24000000, 0x24e80000, 0x29550000)
  eden space 11904K,   0% used [0x24000000, 0x24000000, 0x24ba0000)
  from space 1472K,   0% used [0x24ba0000, 0x24ba0000, 0x24d10000)
  to   space 1472K,   0% used [0x24d10000, 0x24d10000, 0x24e80000)
 tenured generation   total 29544K, used 17724K [0x29550000, 0x2b22a000, 0x34000000)
   the space 29544K,  59% used [0x29550000, 0x2a69f128, 0x2a69f200, 0x2b22a000)
 compacting perm gen  total 12288K, used 8501K [0x34000000, 0x34c00000, 0x38000000)
   the space 12288K,  69% used [0x34000000, 0x3484d578, 0x3484d600, 0x34c00000)
    ro space 10240K,  42% used [0x38000000, 0x38434778, 0x38434800, 0x38a00000)
    rw space 12288K,  52% used [0x38a00000, 0x39049a68, 0x39049c00, 0x39600000)
}

Deoptimization events (0 events):
No events

Internal exceptions (10 events):
Event: 2.793 Thread 0x05318c00 Threw 0x241541e0 at C:\re\jdk7u60\1081\hotspot\src\share\vm\prims\jvm.cpp:1244
Event: 2.793 Thread 0x05318c00 Threw 0x2415c5b8 at C:\re\jdk7u60\1081\hotspot\src\share\vm\prims\jvm.cpp:1244
Event: 2.795 Thread 0x05318c00 Threw 0x24163bd0 at C:\re\jdk7u60\1081\hotspot\src\share\vm\prims\jvm.cpp:1244
Event: 2.800 Thread 0x05318c00 Threw 0x2418e720 at C:\re\jdk7u60\1081\hotspot\src\share\vm\prims\jvm.cpp:1244
Event: 2.801 Thread 0x05318c00 Threw 0x24192f90 at C:\re\jdk7u60\1081\hotspot\src\share\vm\prims\jvm.cpp:1244
Event: 2.811 Thread 0x05318c00 Threw 0x24197000 at C:\re\jdk7u60\1081\hotspot\src\share\vm\prims\jvm.cpp:1244
Event: 2.830 Thread 0x05318c00 Threw 0x2432e710 at C:\re\jdk7u60\1081\hotspot\src\share\vm\prims\jvm.cpp:1244
Event: 2.921 Thread 0x05657400 Threw 0x242c13c8 at C:\re\jdk7u60\1081\hotspot\src\share\vm\prims\jvm.cpp:1244
Event: 2.959 Thread 0x05657400 Threw 0x241d6600 at C:\re\jdk7u60\1081\hotspot\src\share\vm\prims\jvm.cpp:1244
Event: 3.072 Thread 0x05574c00 Threw 0x24690bb0 at C:\re\jdk7u60\1081\hotspot\src\share\vm\prims\jvm.cpp:2917

Events (10 events):
Event: 6.638 loading class 0x39670c20
Event: 6.638 Thread 0x0565a800 Thread exited: 0x0565a800
Event: 6.638 loading class 0x39670bc8
Event: 6.638 loading class 0x39670bc8 done
Event: 6.638 loading class 0x39670c20 done
Event: 6.638 Thread 0x05659c00 Thread exited: 0x05659c00
Event: 6.645 Thread 0x04825000 Thread exited: 0x04825000
Event: 6.739 Thread 0x05658800 Thread exited: 0x05658800
Event: 6.739 Thread 0x009c0c00 Thread exited: 0x009c0c00
Event: 6.740 Executing VM operation: Exit


Dynamic libraries:
0x00a70000 - 0x00a9f000 	C:\Program Files (x86)\Java\jre7\bin\javaw.exe
0x76fe0000 - 0x77137000 	C:\Windows\SYSTEM32\ntdll.dll
0x74690000 - 0x747c0000 	C:\Windows\SYSTEM32\KERNEL32.DLL
0x76a80000 - 0x76b27000 	C:\Windows\SYSTEM32\KERNELBASE.dll
0x747c0000 - 0x7486e000 	C:\Windows\SYSTEM32\ADVAPI32.dll
0x764f0000 - 0x76606000 	C:\Windows\SYSTEM32\USER32.dll
0x73130000 - 0x73328000 	C:\Windows\WinSxS\x86_microsoft.windows.common-controls_6595b64144ccf1df_6.0.9200.16579_none_8937eec6860750f5\COMCTL32.dll
0x76000000 - 0x760b1000 	C:\Windows\SYSTEM32\msvcrt.dll
0x74870000 - 0x748a4000 	C:\Windows\SYSTEM32\sechost.dll
0x760c0000 - 0x7616c000 	C:\Windows\SYSTEM32\RPCRT4.dll
0x748b0000 - 0x749ad000 	C:\Windows\SYSTEM32\GDI32.dll
0x745d0000 - 0x745ed000 	C:\Windows\SYSTEM32\SspiCli.dll
0x745c0000 - 0x745c9000 	C:\Windows\SYSTEM32\CRYPTBASE.dll
0x74560000 - 0x745b1000 	C:\Windows\SYSTEM32\bcryptPrimitives.dll
0x762e0000 - 0x76300000 	C:\Windows\system32\IMM32.DLL
0x76680000 - 0x7675e000 	C:\Windows\SYSTEM32\MSCTF.dll
0x5e970000 - 0x5ea2f000 	C:\Program Files (x86)\Java\jre7\bin\msvcr100.dll
0x5e310000 - 0x5e698000 	C:\Program Files (x86)\Java\jre7\bin\client\jvm.dll
0x71c10000 - 0x71c18000 	C:\Windows\SYSTEM32\WSOCK32.dll
0x71fb0000 - 0x71fd1000 	C:\Windows\SYSTEM32\WINMM.dll
0x76300000 - 0x76306000 	C:\Windows\SYSTEM32\PSAPI.DLL
0x75f80000 - 0x75fd0000 	C:\Windows\SYSTEM32\WS2_32.dll
0x71c70000 - 0x71c9b000 	C:\Windows\SYSTEM32\WINMMBASE.dll
0x75ff0000 - 0x75ff8000 	C:\Windows\SYSTEM32\NSI.dll
0x76b30000 - 0x76b76000 	C:\Windows\SYSTEM32\cfgmgr32.dll
0x75f00000 - 0x75f1e000 	C:\Windows\SYSTEM32\DEVOBJ.dll
0x720a0000 - 0x720ac000 	C:\Program Files (x86)\Java\jre7\bin\verify.dll
0x70bb0000 - 0x70bd0000 	C:\Program Files (x86)\Java\jre7\bin\java.dll
0x70b90000 - 0x70ba3000 	C:\Program Files (x86)\Java\jre7\bin\zip.dll
0x6f490000 - 0x6f5d3000 	C:\Program Files (x86)\Java\jre7\bin\awt.dll
0x76c00000 - 0x76c8b000 	C:\Windows\SYSTEM32\OLEAUT32.dll
0x76de0000 - 0x76f16000 	C:\Windows\SYSTEM32\combase.dll
0x72dd0000 - 0x72e77000 	C:\Windows\system32\apphelp.dll
0x71a40000 - 0x71a59000 	C:\Windows\system32\DWMAPI.DLL
0x726b0000 - 0x72738000 	C:\Windows\system32\uxtheme.dll
0x76760000 - 0x76879000 	C:\Windows\SYSTEM32\ole32.dll
0x74da0000 - 0x75e66000 	C:\Windows\SYSTEM32\SHELL32.dll
0x75f40000 - 0x75f80000 	C:\Windows\SYSTEM32\SHLWAPI.dll
0x73330000 - 0x733a3000 	C:\Windows\SYSTEM32\shcore.dll
0x718b0000 - 0x718e9000 	C:\Program Files (x86)\Java\jre7\bin\fontmanager.dll
0x6f250000 - 0x6f264000 	C:\Program Files (x86)\Java\jre7\bin\net.dll
0x72e80000 - 0x72eca000 	C:\Windows\system32\mswsock.dll
0x718a0000 - 0x718af000 	C:\Program Files (x86)\Java\jre7\bin\nio.dll
0x706d0000 - 0x70700000 	C:\Program Files (x86)\Java\jre7\bin\t2k.dll
0x76b80000 - 0x76bf4000 	C:\Windows\SYSTEM32\clbcatq.dll
0x6a8a0000 - 0x6a9eb000 	C:\Windows\SYSTEM32\WindowsCodecs.dll
0x76dc0000 - 0x76dd1000 	C:\Windows\SYSTEM32\profapi.dll
0x68440000 - 0x68464000 	C:\Program Files (x86)\Java\jre7\bin\dcpr.dll
0x5e900000 - 0x5e96d000 	C:\binaries\terrajava.dll
0x5e220000 - 0x5e307000 	C:\binaries\terramanager-funcate.dll
0x59300000 - 0x59ba6000 	C:\binaries\terralib.dll
0x64af0000 - 0x64b59000 	C:\Windows\SYSTEM32\MSVCP100.dll
0x6d880000 - 0x6db4c000 	C:\binaries\bgd.dll
0x66b80000 - 0x66b9b000 	C:\binaries\terraogc_xml.dll
0x60460000 - 0x6047d000 	C:\binaries\terraogc_sld.dll
0x5f9a0000 - 0x5f9c6000 	C:\binaries\terraogc_se.dll
0x5e8c0000 - 0x5e8f6000 	C:\binaries\terraogc_filter.dll
0x5e1c0000 - 0x5e212000 	C:\binaries\terraogc_ows.dll
0x5f980000 - 0x5f999000 	C:\binaries\terraogc_common.dll
0x684c0000 - 0x684cb000 	C:\binaries\terralib_shp.dll
0x60450000 - 0x6045e000 	C:\binaries\terralib_spl.dll
0x05cf0000 - 0x060e6000 	C:\binaries\qt-mt338.dll
0x613d0000 - 0x6149e000 	C:\Windows\SYSTEM32\OPENGL32.dll
0x613a0000 - 0x613c3000 	C:\Windows\SYSTEM32\GLU32.dll
0x5e140000 - 0x5e1bf000 	C:\binaries\qwt500.dll
0x0fde0000 - 0x11ddf000 	C:\binaries\berkelium.dll
0x060f0000 - 0x06231000 	C:\binaries\LIBMYSQL.dll
0x63100000 - 0x63121000 	C:\binaries\LIBPQ.dll
0x06240000 - 0x062a1000 	C:\binaries\OCI.dll
0x5da30000 - 0x5daba000 	C:\binaries\libtiff.dll
0x56580000 - 0x56d52000 	C:\binaries\gdal110.dll
0x12000000 - 0x121dc000 	C:\binaries\xerces-c_3_1.dll
0x592a0000 - 0x592f5000 	C:\binaries\terraogc_wms.dll
0x59240000 - 0x59293000 	C:\binaries\terraogc_gml.dll
0x5e0f0000 - 0x5e131000 	C:\binaries\terraogc_xsd.dll
0x5a810000 - 0x5a830000 	C:\binaries\terraogc_xacml.dll
0x71f30000 - 0x71f90000 	C:\Windows\SYSTEM32\WINSPOOL.DRV
0x7c340000 - 0x7c396000 	C:\Windows\SYSTEM32\MSVCR71.dll
0x608a0000 - 0x60979000 	C:\Windows\SYSTEM32\DDRAW.dll
0x727a0000 - 0x727a9000 	C:\Windows\SYSTEM32\Secur32.dll
0x75f20000 - 0x75f3b000 	C:\Windows\SYSTEM32\USERENV.dll
0x71520000 - 0x71570000 	C:\Windows\SYSTEM32\OLEACC.dll
0x54200000 - 0x54276000 	C:\Windows\SYSTEM32\RICHED20.dll
0x72ee0000 - 0x72ee8000 	C:\Windows\SYSTEM32\VERSION.dll
0x720b0000 - 0x720c4000 	C:\Windows\SYSTEM32\USP10.dll
0x72c50000 - 0x72cc5000 	C:\Windows\SYSTEM32\DNSAPI.dll
0x06350000 - 0x063fa000 	C:\Windows\libeay32.dll
0x06400000 - 0x0640d000 	C:\binaries\libintl-2.dll
0x72ed0000 - 0x72ed6000 	C:\Windows\SYSTEM32\SHFOLDER.DLL
0x06410000 - 0x06436000 	C:\Windows\ssleay32.dll
0x06440000 - 0x06466000 	C:\binaries\libexpat.dll
0x60770000 - 0x60811000 	C:\Windows\SYSTEM32\ODBC32.dll
0x60760000 - 0x60767000 	C:\Windows\SYSTEM32\DCIMAN32.dll
0x663b0000 - 0x663db000 	C:\Windows\SYSTEM32\msls31.dll
0x064c0000 - 0x0659b000 	C:\binaries\libiconv-2.dll
0x6f600000 - 0x6f61d000 	C:\Windows\SYSTEM32\gpapi.dll
0x74530000 - 0x74556000 	C:\Windows\SYSTEM32\ntmarta.dll
0x54e60000 - 0x55708000 	C:\binaries\icudt46.dll
0x53850000 - 0x53979000 	C:\Windows\SYSTEM32\dbghelp.dll
0x72040000 - 0x72050000 	C:\Windows\system32\napinsp.dll
0x72020000 - 0x72034000 	C:\Windows\system32\pnrpnsp.dll
0x72010000 - 0x72020000 	C:\Windows\system32\NLAapi.dll
0x72000000 - 0x72009000 	C:\Windows\System32\winrnr.dll
0x71ac0000 - 0x71ad0000 	C:\Windows\system32\wshbth.dll
0x726a0000 - 0x726a7000 	C:\Windows\System32\rasadhlp.dll
0x71c30000 - 0x71c6f000 	C:\Windows\System32\fwpuclnt.dll
0x72cd0000 - 0x72cf0000 	C:\Windows\SYSTEM32\IPHLPAPI.DLL
0x72c40000 - 0x72c48000 	C:\Windows\SYSTEM32\WINNSI.DLL
0x730d0000 - 0x730ea000 	C:\Windows\SYSTEM32\CRYPTSP.dll
0x73090000 - 0x730ce000 	C:\Windows\system32\rsaenh.dll
0x72c30000 - 0x72c40000 	C:\Windows\SYSTEM32\dhcpcsvc6.DLL
0x72c10000 - 0x72c22000 	C:\Windows\SYSTEM32\dhcpcsvc.DLL
0x59210000 - 0x59235000 	C:\Program Files (x86)\Java\jre7\bin\jpeg.dll

VM Arguments:
jvm_args: -Dfile.encoding=ISO-8859-1 
java_command: com.nexusbr.gv.main.ConnectDBMain
Launcher Type: SUN_STANDARD

Environment Variables:
JAVA_HOME=C:\Program Files (x86)\Java\jre7
PATH=C:/Program Files (x86)/Java/jre7/bin/client;C:/Program Files (x86)/Java/jre7/bin;C:/Program Files (x86)/Java/jre7/lib/i386;C:\Program Files (x86)\PHP\;c:\Program Files (x86)\Intel\iCLS Client\;c:\Program Files\Intel\iCLS Client\;C:\Windows\system32;C:\Windows;C:\Windows\System32\Wbem;C:\Windows\System32\WindowsPowerShell\v1.0\;C:\Program Files\Intel\Intel(R) Management Engine Components\DAL;C:\Program Files\Intel\Intel(R) Management Engine Components\IPT;C:\Program Files (x86)\Intel\Intel(R) Management Engine Components\DAL;C:\Program Files (x86)\Intel\Intel(R) Management Engine Components\IPT;C:\Program Files (x86)\Intel\OpenCL SDK\3.0\bin\x86;C:\Program Files (x86)\Intel\OpenCL SDK\3.0\bin\x64;C:\Program Files (x86)\Windows Live\Shared;C:\binaries;c:\Program Files (x86)\Microsoft SQL Server\100\Tools\Binn\;c:\Program Files\Microsoft SQL Server\100\Tools\Binn\;c:\Program Files\Microsoft SQL Server\100\DTS\Binn\;C:\strawberry\c\bin;C:\strawberry\perl\site\bin;C:\strawberry\perl\bin;C:\Program Files (x86)\Microsoft SQL Server\110\Tools\Binn\ManagementStudio\;C:\Program Files (x86)\Microsoft SQL Server\110\Tools\Binn\;C:\Program Files\Microsoft SQL Server\110\Tools\Binn\;C:\Program Files (x86)\Microsoft SQL Server\110\DTS\Binn\;C:\Program Files\TortoiseSVN\bin;C:\Python34;C:\Program Files (x86)\Java\jre7\bin;C:\eclipse;
USERNAME=inacio
OS=Windows_NT
PROCESSOR_IDENTIFIER=Intel64 Family 6 Model 69 Stepping 1, GenuineIntel



---------------  S Y S T E M  ---------------

OS: Windows 8 , 64 bit Build 9200 

CPU:total 4 (2 cores per cpu, 2 threads per core) family 6 model 69 stepping 1, cmov, cx8, fxsr, mmx, sse, sse2, sse3, ssse3, sse4.1, sse4.2, popcnt, avx, avx2, aes, erms, ht, tsc, tscinvbit

Memory: 4k page, physical 8290700k(2400840k free), swap 9535884k(3566872k free)

vm_info: Java HotSpot(TM) Client VM (24.60-b09) for windows-x86 JRE (1.7.0_60-b19), built on May  7 2014 13:09:52 by "java_re" with unknown MS VC++:1600

time: Fri Jul 04 09:52:10 2014
elapsed time: 6 seconds

