#
# A fatal error has been detected by the Java Runtime Environment:
#
#  EXCEPTION_ACCESS_VIOLATION (0xc0000005) at pc=0x0fa59052, pid=8320, tid=580
#
# JRE version: Java(TM) SE Runtime Environment (7.0_60-b19) (build 1.7.0_60-b19)
# Java VM: Java HotSpot(TM) Client VM (24.60-b09 mixed mode, sharing windows-x86 )
# Problematic frame:
# C  [berkelium.dll+0xa39052]
#
# Failed to write core dump. Minidumps are not enabled by default on client versions of Windows
#
# If you would like to submit a bug report, please visit:
#   http://bugreport.sun.com/bugreport/crash.jsp
#

---------------  T H R E A D  ---------------

Current thread (0x00d5fc00):  VMThread [stack: 0x028c0000,0x02910000] [id=580]

siginfo: ExceptionCode=0xc0000005, reading address 0x000000f8

Registers:
EAX=0x0290f444, EBX=0x000493e0, ECX=0x0290f444, EDX=0xcd2b6898
ESP=0x0290f434, EBP=0x00000065, ESI=0x00000000, EDI=0xdf0d0b98
EIP=0x0fa59052, EFLAGS=0x00010206

Top of Stack: (sp=0x0290f434)
0x0290f434:   072c1168 072c1168 0721ab00 00000000
0x0290f444:   cd2b6898 00000065 072b3a20 072bc900
0x0290f454:   00000000 00000000 00000000 74616401
0x0290f464:   69642d61 074e0072 00000023 0000002f
0x0290f474:   00000000 07247070 002e5bd1 072c1000
0x0290f484:   0721ab44 ffffff00 0f08bf20 10ba9778
0x0290f494:   06d00030 00000000 0000000f 10baa730
0x0290f4a4:   00000001 0f089783 00000008 00000001 

Instructions: (pc=0x0fa59052)
0x0fa59032:   03 00 00 57 53 e8 f4 c8 60 ff 8b ea 8d 54 24 10
0x0fa59042:   52 8b f8 e8 26 ca 00 00 83 c4 04 03 38 13 68 04
0x0fa59052:   8b 86 f8 00 00 00 0b 86 fc 00 00 00 89 7c 24 20
0x0fa59062:   89 6c 24 24 75 3e 39 84 24 d4 00 00 00 7f 35 7c 


Register to memory mapping:

EAX=
[error occurred during error reporting (printing register info), id 0xc0000005]

Stack: [0x028c0000,0x02910000],  sp=0x0290f434,  free space=317k
Native frames: (J=compiled Java code, j=interpreted, Vv=VM code, C=native code)
C  [berkelium.dll+0xa39052]

VM_Operation (0x05eae4c0): Exit, mode: safepoint, requested by thread 0x05a29800


---------------  P R O C E S S  ---------------

Java Threads: ( => current thread )
  0x05d46800 JavaThread "WeakCollectionCleaner" daemon [_thread_blocked, id=8256, stack(0x09d10000,0x09d60000)]
  0x05c7fc00 JavaThread "TimerQueue" daemon [_thread_blocked, id=8888, stack(0x07c70000,0x07cc0000)]
  0x02a5e000 JavaThread "DestroyJavaVM" [_thread_blocked, id=8368, stack(0x00c40000,0x00c90000)]
  0x05a29800 JavaThread "AWT-EventQueue-0" [_thread_blocked, id=6232, stack(0x05e60000,0x05eb0000)]
  0x04f01800 JavaThread "AWT-Shutdown" [_thread_blocked, id=9632, stack(0x05530000,0x05580000)]
  0x04f00800 JavaThread "Java2D Disposer" daemon [_thread_blocked, id=1232, stack(0x05340000,0x05390000)]
  0x00ddb800 JavaThread "Service Thread" daemon [_thread_blocked, id=6732, stack(0x04c50000,0x04ca0000)]
  0x00dd7400 JavaThread "C1 CompilerThread0" daemon [_thread_blocked, id=4884, stack(0x04bc0000,0x04c10000)]
  0x00dd5c00 JavaThread "Attach Listener" daemon [_thread_blocked, id=7552, stack(0x04b30000,0x04b80000)]
  0x00dd3800 JavaThread "Signal Dispatcher" daemon [_thread_blocked, id=7448, stack(0x04aa0000,0x04af0000)]
  0x00d62800 JavaThread "Finalizer" daemon [_thread_blocked, id=4916, stack(0x029e0000,0x02a30000)]
  0x00d61000 JavaThread "Reference Handler" daemon [_thread_blocked, id=3572, stack(0x02950000,0x029a0000)]

Other Threads:
=>0x00d5fc00 VMThread [stack: 0x028c0000,0x02910000] [id=580]

VM state:at safepoint (shutting down)

VM Mutex/Monitor currently owned by a thread:  ([mutex/lock_event])
[0x02a5c1f8] Threads_lock - owner thread: 0x00d5fc00

Heap
 def new generation   total 30720K, used 26644K [0x24000000, 0x26150000, 0x29550000)
  eden space 27328K,  85% used [0x24000000, 0x256b5138, 0x25ab0000)
  from space 3392K, 100% used [0x25ab0000, 0x25e00000, 0x25e00000)
  to   space 3392K,   0% used [0x25e00000, 0x25e00000, 0x26150000)
 tenured generation   total 68112K, used 57329K [0x29550000, 0x2d7d4000, 0x34000000)
   the space 68112K,  84% used [0x29550000, 0x2cd4c7b8, 0x2cd4c800, 0x2d7d4000)
 compacting perm gen  total 12288K, used 9691K [0x34000000, 0x34c00000, 0x38000000)
   the space 12288K,  78% used [0x34000000, 0x34976e20, 0x34977000, 0x34c00000)
    ro space 10240K,  42% used [0x38000000, 0x38434778, 0x38434800, 0x38a00000)
    rw space 12288K,  52% used [0x38a00000, 0x39049a68, 0x39049c00, 0x39600000)

Card table byte_map: [0x02760000,0x02810000] byte_map_base: 0x02640000

Polling page: 0x00c90000

Code Cache  [0x02a60000, 0x02cf8000, 0x04a60000)
 total_blobs=1609 nmethods=1321 adapters=224 free_code_cache=30125Kb largest_free_block=30847744

Compilation events (10 events):
Event: 30.713 Thread 0x00dd7400 1326             java.awt.EventQueue$2::wakeup (6 bytes)
Event: 30.714 Thread 0x00dd7400 nmethod 1326 0x02cf2e88 code [0x02cf2f90, 0x02cf302c]
Event: 30.751 Thread 0x00dd7400 1327   !         java.awt.EventQueue::postEventPrivate (104 bytes)
Event: 30.752 Thread 0x00dd7400 nmethod 1327 0x02cf30c8 code [0x02cf3240, 0x02cf343c]
Event: 30.752 Thread 0x00dd7400 1328             java.awt.EventQueue::getPriority (78 bytes)
Event: 30.753 Thread 0x00dd7400 nmethod 1328 0x02cf3688 code [0x02cf3790, 0x02cf3920]
Event: 30.753 Thread 0x00dd7400 1329             java.awt.EventQueue::postEvent (172 bytes)
Event: 30.755 Thread 0x00dd7400 nmethod 1329 0x02cf39c8 code [0x02cf3ba0, 0x02cf40e0]
Event: 30.755 Thread 0x00dd7400 1330             java.awt.EventQueue::coalesceEvent (86 bytes)
Event: 30.756 Thread 0x00dd7400 nmethod 1330 0x02cf4788 code [0x02cf48d0, 0x02cf4b80]

GC Heap History (10 events):
Event: 16.211 GC heap before
{Heap before GC invocations=28 (full 5):
 def new generation   total 23104K, used 22758K [0x24000000, 0x25910000, 0x29550000)
  eden space 20544K,  99% used [0x24000000, 0x253eda50, 0x25410000)
  from space 2560K,  91% used [0x25690000, 0x258dc0e0, 0x25910000)
  to   space 2560K,   0% used [0x25410000, 0x25410000, 0x25690000)
 tenured generation   total 51084K, used 48644K [0x29550000, 0x2c733000, 0x34000000)
   the space 51084K,  95% used [0x29550000, 0x2c4d1310, 0x2c4d1400, 0x2c733000)
 compacting perm gen  total 12288K, used 8790K [0x34000000, 0x34c00000, 0x38000000)
   the space 12288K,  71% used [0x34000000, 0x348958e0, 0x34895a00, 0x34c00000)
    ro space 10240K,  42% used [0x38000000, 0x38434778, 0x38434800, 0x38a00000)
    rw space 12288K,  52% used [0x38a00000, 0x39049a68, 0x39049c00, 0x39600000)
Event: 16.260 GC heap after
Heap after GC invocations=29 (full 6):
 def new generation   total 30720K, used 0K [0x24000000, 0x26150000, 0x29550000)
  eden space 27328K,   0% used [0x24000000, 0x24000000, 0x25ab0000)
  from space 3392K,   0% used [0x25ab0000, 0x25ab0000, 0x25e00000)
  to   space 3392K,   0% used [0x25e00000, 0x25e00000, 0x26150000)
 tenured generation   total 68112K, used 40865K [0x29550000, 0x2d7d4000, 0x34000000)
   the space 68112K,  59% used [0x29550000, 0x2bd38658, 0x2bd38800, 0x2d7d4000)
 compacting perm gen  total 12288K, used 8790K [0x34000000, 0x34c00000, 0x38000000)
   the space 12288K,  71% used [0x34000000, 0x348958e0, 0x34895a00, 0x34c00000)
    ro space 10240K,  42% used [0x38000000, 0x38434778, 0x38434800, 0x38a00000)
    rw space 12288K,  52% used [0x38a00000, 0x39049a68, 0x39049c00, 0x39600000)
}
Event: 16.482 GC heap before
{Heap before GC invocations=29 (full 6):
 def new generation   total 30720K, used 27235K [0x24000000, 0x26150000, 0x29550000)
  eden space 27328K,  99% used [0x24000000, 0x25a98d70, 0x25ab0000)
  from space 3392K,   0% used [0x25ab0000, 0x25ab0000, 0x25e00000)
  to   space 3392K,   0% used [0x25e00000, 0x25e00000, 0x26150000)
 tenured generation   total 68112K, used 40865K [0x29550000, 0x2d7d4000, 0x34000000)
   the space 68112K,  59% used [0x29550000, 0x2bd38658, 0x2bd38800, 0x2d7d4000)
 compacting perm gen  total 12288K, used 8790K [0x34000000, 0x34c00000, 0x38000000)
   the space 12288K,  71% used [0x34000000, 0x348958f0, 0x34895a00, 0x34c00000)
    ro space 10240K,  42% used [0x38000000, 0x38434778, 0x38434800, 0x38a00000)
    rw space 12288K,  52% used [0x38a00000, 0x39049a68, 0x39049c00, 0x39600000)
Event: 16.484 GC heap after
Heap after GC invocations=30 (full 6):
 def new generation   total 30720K, used 1079K [0x24000000, 0x26150000, 0x29550000)
  eden space 27328K,   0% used [0x24000000, 0x24000000, 0x25ab0000)
  from space 3392K,  31% used [0x25e00000, 0x25f0de08, 0x26150000)
  to   space 3392K,   0% used [0x25ab0000, 0x25ab0000, 0x25e00000)
 tenured generation   total 68112K, used 40865K [0x29550000, 0x2d7d4000, 0x34000000)
   the space 68112K,  59% used [0x29550000, 0x2bd38658, 0x2bd38800, 0x2d7d4000)
 compacting perm gen  total 12288K, used 8790K [0x34000000, 0x34c00000, 0x38000000)
   the space 12288K,  71% used [0x34000000, 0x348958f0, 0x34895a00, 0x34c00000)
    ro space 10240K,  42% used [0x38000000, 0x38434778, 0x38434800, 0x38a00000)
    rw space 12288K,  52% used [0x38a00000, 0x39049a68, 0x39049c00, 0x39600000)
}
Event: 19.377 GC heap before
{Heap before GC invocations=30 (full 6):
 def new generation   total 30720K, used 28407K [0x24000000, 0x26150000, 0x29550000)
  eden space 27328K, 100% used [0x24000000, 0x25ab0000, 0x25ab0000)
  from space 3392K,  31% used [0x25e00000, 0x25f0de08, 0x26150000)
  to   space 3392K,   0% used [0x25ab0000, 0x25ab0000, 0x25e00000)
 tenured generation   total 68112K, used 40865K [0x29550000, 0x2d7d4000, 0x34000000)
   the space 68112K,  59% used [0x29550000, 0x2bd38658, 0x2bd38800, 0x2d7d4000)
 compacting perm gen  total 12288K, used 9437K [0x34000000, 0x34c00000, 0x38000000)
   the space 12288K,  76% used [0x34000000, 0x34937598, 0x34937600, 0x34c00000)
    ro space 10240K,  42% used [0x38000000, 0x38434778, 0x38434800, 0x38a00000)
    rw space 12288K,  52% used [0x38a00000, 0x39049a68, 0x39049c00, 0x39600000)
Event: 19.381 GC heap after
Heap after GC invocations=31 (full 6):
 def new generation   total 30720K, used 1060K [0x24000000, 0x26150000, 0x29550000)
  eden space 27328K,   0% used [0x24000000, 0x24000000, 0x25ab0000)
  from space 3392K,  31% used [0x25ab0000, 0x25bb91c8, 0x25e00000)
  to   space 3392K,   0% used [0x25e00000, 0x25e00000, 0x26150000)
 tenured generation   total 68112K, used 40865K [0x29550000, 0x2d7d4000, 0x34000000)
   the space 68112K,  59% used [0x29550000, 0x2bd38658, 0x2bd38800, 0x2d7d4000)
 compacting perm gen  total 12288K, used 9437K [0x34000000, 0x34c00000, 0x38000000)
   the space 12288K,  76% used [0x34000000, 0x34937598, 0x34937600, 0x34c00000)
    ro space 10240K,  42% used [0x38000000, 0x38434778, 0x38434800, 0x38a00000)
    rw space 12288K,  52% used [0x38a00000, 0x39049a68, 0x39049c00, 0x39600000)
}
Event: 21.860 GC heap before
{Heap before GC invocations=31 (full 6):
 def new generation   total 30720K, used 28388K [0x24000000, 0x26150000, 0x29550000)
  eden space 27328K, 100% used [0x24000000, 0x25ab0000, 0x25ab0000)
  from space 3392K,  31% used [0x25ab0000, 0x25bb91c8, 0x25e00000)
  to   space 3392K,   0% used [0x25e00000, 0x25e00000, 0x26150000)
 tenured generation   total 68112K, used 40865K [0x29550000, 0x2d7d4000, 0x34000000)
   the space 68112K,  59% used [0x29550000, 0x2bd38658, 0x2bd38800, 0x2d7d4000)
 compacting perm gen  total 12288K, used 9520K [0x34000000, 0x34c00000, 0x38000000)
   the space 12288K,  77% used [0x34000000, 0x3494c108, 0x3494c200, 0x34c00000)
    ro space 10240K,  42% used [0x38000000, 0x38434778, 0x38434800, 0x38a00000)
    rw space 12288K,  52% used [0x38a00000, 0x39049a68, 0x39049c00, 0x39600000)
Event: 21.866 GC heap after
Heap after GC invocations=32 (full 6):
 def new generation   total 30720K, used 3026K [0x24000000, 0x26150000, 0x29550000)
  eden space 27328K,   0% used [0x24000000, 0x24000000, 0x25ab0000)
  from space 3392K,  89% used [0x25e00000, 0x260f4920, 0x26150000)
  to   space 3392K,   0% used [0x25ab0000, 0x25ab0000, 0x25e00000)
 tenured generation   total 68112K, used 50050K [0x29550000, 0x2d7d4000, 0x34000000)
   the space 68112K,  73% used [0x29550000, 0x2c6308b8, 0x2c630a00, 0x2d7d4000)
 compacting perm gen  total 12288K, used 9520K [0x34000000, 0x34c00000, 0x38000000)
   the space 12288K,  77% used [0x34000000, 0x3494c108, 0x3494c200, 0x34c00000)
    ro space 10240K,  42% used [0x38000000, 0x38434778, 0x38434800, 0x38a00000)
    rw space 12288K,  52% used [0x38a00000, 0x39049a68, 0x39049c00, 0x39600000)
}
Event: 23.979 GC heap before
{Heap before GC invocations=32 (full 6):
 def new generation   total 30720K, used 30341K [0x24000000, 0x26150000, 0x29550000)
  eden space 27328K,  99% used [0x24000000, 0x25aacda8, 0x25ab0000)
  from space 3392K,  89% used [0x25e00000, 0x260f4920, 0x26150000)
  to   space 3392K,   0% used [0x25ab0000, 0x25ab0000, 0x25e00000)
 tenured generation   total 68112K, used 50050K [0x29550000, 0x2d7d4000, 0x34000000)
   the space 68112K,  73% used [0x29550000, 0x2c6308b8, 0x2c630a00, 0x2d7d4000)
 compacting perm gen  total 12288K, used 9687K [0x34000000, 0x34c00000, 0x38000000)
   the space 12288K,  78% used [0x34000000, 0x34975f60, 0x34976000, 0x34c00000)
    ro space 10240K,  42% used [0x38000000, 0x38434778, 0x38434800, 0x38a00000)
    rw space 12288K,  52% used [0x38a00000, 0x39049a68, 0x39049c00, 0x39600000)
Event: 23.989 GC heap after
Heap after GC invocations=33 (full 6):
 def new generation   total 30720K, used 3392K [0x24000000, 0x26150000, 0x29550000)
  eden space 27328K,   0% used [0x24000000, 0x24000000, 0x25ab0000)
  from space 3392K, 100% used [0x25ab0000, 0x25e00000, 0x25e00000)
  to   space 3392K,   0% used [0x25e00000, 0x25e00000, 0x26150000)
 tenured generation   total 68112K, used 57329K [0x29550000, 0x2d7d4000, 0x34000000)
   the space 68112K,  84% used [0x29550000, 0x2cd4c7b8, 0x2cd4c800, 0x2d7d4000)
 compacting perm gen  total 12288K, used 9687K [0x34000000, 0x34c00000, 0x38000000)
   the space 12288K,  78% used [0x34000000, 0x34975f60, 0x34976000, 0x34c00000)
    ro space 10240K,  42% used [0x38000000, 0x38434778, 0x38434800, 0x38a00000)
    rw space 12288K,  52% used [0x38a00000, 0x39049a68, 0x39049c00, 0x39600000)
}

Deoptimization events (0 events):
No events

Internal exceptions (10 events):
Event: 21.971 Thread 0x09271800 Threw 0x24e09f58 at C:\re\jdk7u60\1081\hotspot\src\share\vm\prims\jvm.cpp:1244
Event: 21.971 Thread 0x09271800 Threw 0x24e0f758 at C:\re\jdk7u60\1081\hotspot\src\share\vm\prims\jvm.cpp:1244
Event: 21.972 Thread 0x09271800 Threw 0x24e15ee0 at C:\re\jdk7u60\1081\hotspot\src\share\vm\prims\jvm.cpp:1244
Event: 21.972 Thread 0x09271800 Threw 0x24e1c250 at C:\re\jdk7u60\1081\hotspot\src\share\vm\prims\jvm.cpp:1244
Event: 21.973 Thread 0x09271800 Threw 0x24e206a0 at C:\re\jdk7u60\1081\hotspot\src\share\vm\prims\jvm.cpp:1244
Event: 21.974 Thread 0x09271800 Threw 0x24e25d28 at C:\re\jdk7u60\1081\hotspot\src\share\vm\prims\jvm.cpp:1244
Event: 21.975 Thread 0x09271800 Threw 0x24e29758 at C:\re\jdk7u60\1081\hotspot\src\share\vm\prims\jvm.cpp:1244
Event: 21.976 Thread 0x09271800 Threw 0x24e34e60 at C:\re\jdk7u60\1081\hotspot\src\share\vm\prims\jvm.cpp:1244
Event: 21.977 Thread 0x09271800 Threw 0x24e47888 at C:\re\jdk7u60\1081\hotspot\src\share\vm\interpreter\linkResolver.cpp:883
Event: 24.796 Thread 0x05aa9000 Threw 0x25644c28 at C:\re\jdk7u60\1081\hotspot\src\share\vm\prims\jvm.cpp:2917

Events (10 events):
Event: 35.063 loading class 0x39670c20
Event: 35.064 loading class 0x39670bc8
Event: 35.064 loading class 0x39670bc8 done
Event: 35.064 loading class 0x39670c20 done
Event: 35.064 Thread 0x05d48000 Thread exited: 0x05d48000
Event: 35.064 Thread 0x05d49800 Thread exited: 0x05d49800
Event: 35.064 Thread 0x05d4a000 Thread exited: 0x05d4a000
Event: 35.071 Thread 0x04f01c00 Thread exited: 0x04f01c00
Event: 35.165 Thread 0x05d49400 Thread exited: 0x05d49400
Event: 35.165 Executing VM operation: Exit


Dynamic libraries:
0x00a70000 - 0x00a9f000 	C:\Program Files (x86)\Java\jre7\bin\javaw.exe
0x76fe0000 - 0x77137000 	C:\Windows\SYSTEM32\ntdll.dll
0x74690000 - 0x747c0000 	C:\Windows\SYSTEM32\KERNEL32.DLL
0x76a80000 - 0x76b27000 	C:\Windows\SYSTEM32\KERNELBASE.dll
0x747c0000 - 0x7486e000 	C:\Windows\SYSTEM32\ADVAPI32.dll
0x764f0000 - 0x76606000 	C:\Windows\SYSTEM32\USER32.dll
0x73130000 - 0x73328000 	C:\Windows\WinSxS\x86_microsoft.windows.common-controls_6595b64144ccf1df_6.0.9200.16579_none_8937eec6860750f5\COMCTL32.dll
0x76000000 - 0x760b1000 	C:\Windows\SYSTEM32\msvcrt.dll
0x74870000 - 0x748a4000 	C:\Windows\SYSTEM32\sechost.dll
0x760c0000 - 0x7616c000 	C:\Windows\SYSTEM32\RPCRT4.dll
0x748b0000 - 0x749ad000 	C:\Windows\SYSTEM32\GDI32.dll
0x745d0000 - 0x745ed000 	C:\Windows\SYSTEM32\SspiCli.dll
0x745c0000 - 0x745c9000 	C:\Windows\SYSTEM32\CRYPTBASE.dll
0x74560000 - 0x745b1000 	C:\Windows\SYSTEM32\bcryptPrimitives.dll
0x762e0000 - 0x76300000 	C:\Windows\system32\IMM32.DLL
0x76680000 - 0x7675e000 	C:\Windows\SYSTEM32\MSCTF.dll
0x5f9e0000 - 0x5fa9f000 	C:\Program Files (x86)\Java\jre7\bin\msvcr100.dll
0x6f250000 - 0x6f5d8000 	C:\Program Files (x86)\Java\jre7\bin\client\jvm.dll
0x71c10000 - 0x71c18000 	C:\Windows\SYSTEM32\WSOCK32.dll
0x71fb0000 - 0x71fd1000 	C:\Windows\SYSTEM32\WINMM.dll
0x76300000 - 0x76306000 	C:\Windows\SYSTEM32\PSAPI.DLL
0x75f80000 - 0x75fd0000 	C:\Windows\SYSTEM32\WS2_32.dll
0x71c70000 - 0x71c9b000 	C:\Windows\SYSTEM32\WINMMBASE.dll
0x75ff0000 - 0x75ff8000 	C:\Windows\SYSTEM32\NSI.dll
0x76b30000 - 0x76b76000 	C:\Windows\SYSTEM32\cfgmgr32.dll
0x75f00000 - 0x75f1e000 	C:\Windows\SYSTEM32\DEVOBJ.dll
0x720a0000 - 0x720ac000 	C:\Program Files (x86)\Java\jre7\bin\verify.dll
0x71910000 - 0x71930000 	C:\Program Files (x86)\Java\jre7\bin\java.dll
0x718d0000 - 0x718e3000 	C:\Program Files (x86)\Java\jre7\bin\zip.dll
0x5e360000 - 0x5e4a3000 	C:\Program Files (x86)\Java\jre7\bin\awt.dll
0x76c00000 - 0x76c8b000 	C:\Windows\SYSTEM32\OLEAUT32.dll
0x76de0000 - 0x76f16000 	C:\Windows\SYSTEM32\combase.dll
0x72dd0000 - 0x72e77000 	C:\Windows\system32\apphelp.dll
0x71a40000 - 0x71a59000 	C:\Windows\system32\DWMAPI.DLL
0x726b0000 - 0x72738000 	C:\Windows\system32\uxtheme.dll
0x76760000 - 0x76879000 	C:\Windows\SYSTEM32\ole32.dll
0x74da0000 - 0x75e66000 	C:\Windows\SYSTEM32\SHELL32.dll
0x75f40000 - 0x75f80000 	C:\Windows\SYSTEM32\SHLWAPI.dll
0x73330000 - 0x733a3000 	C:\Windows\SYSTEM32\shcore.dll
0x5f9a0000 - 0x5f9d9000 	C:\Program Files (x86)\Java\jre7\bin\fontmanager.dll
0x718b0000 - 0x718c4000 	C:\Program Files (x86)\Java\jre7\bin\net.dll
0x72e80000 - 0x72eca000 	C:\Windows\system32\mswsock.dll
0x718a0000 - 0x718af000 	C:\Program Files (x86)\Java\jre7\bin\nio.dll
0x5e330000 - 0x5e360000 	C:\Program Files (x86)\Java\jre7\bin\t2k.dll
0x76b80000 - 0x76bf4000 	C:\Windows\SYSTEM32\clbcatq.dll
0x6a8a0000 - 0x6a9eb000 	C:\Windows\SYSTEM32\WindowsCodecs.dll
0x76dc0000 - 0x76dd1000 	C:\Windows\SYSTEM32\profapi.dll
0x5e300000 - 0x5e324000 	C:\Program Files (x86)\Java\jre7\bin\dcpr.dll
0x5e290000 - 0x5e2fd000 	C:\binaries\terrajava.dll
0x5e1a0000 - 0x5e287000 	C:\binaries\terramanager-funcate.dll
0x573f0000 - 0x57c96000 	C:\binaries\terralib.dll
0x64af0000 - 0x64b59000 	C:\Windows\SYSTEM32\MSVCP100.dll
0x6d880000 - 0x6db4c000 	C:\binaries\bgd.dll
0x5f980000 - 0x5f99b000 	C:\binaries\terraogc_xml.dll
0x5e180000 - 0x5e19d000 	C:\binaries\terraogc_sld.dll
0x5e150000 - 0x5e176000 	C:\binaries\terraogc_se.dll
0x5e110000 - 0x5e146000 	C:\binaries\terraogc_filter.dll
0x5da60000 - 0x5dab2000 	C:\binaries\terraogc_ows.dll
0x5e0f0000 - 0x5e109000 	C:\binaries\terraogc_common.dll
0x5da50000 - 0x5da5b000 	C:\binaries\terralib_shp.dll
0x5da40000 - 0x5da4e000 	C:\binaries\terralib_spl.dll
0x063e0000 - 0x067d6000 	C:\binaries\qt-mt338.dll
0x613d0000 - 0x6149e000 	C:\Windows\SYSTEM32\OPENGL32.dll
0x613a0000 - 0x613c3000 	C:\Windows\SYSTEM32\GLU32.dll
0x597c0000 - 0x5983f000 	C:\binaries\qwt500.dll
0x0f020000 - 0x1101f000 	C:\binaries\berkelium.dll
0x067e0000 - 0x06921000 	C:\binaries\LIBMYSQL.dll
0x63100000 - 0x63121000 	C:\binaries\LIBPQ.dll
0x06930000 - 0x06991000 	C:\binaries\OCI.dll
0x59730000 - 0x597ba000 	C:\binaries\libtiff.dll
0x56580000 - 0x56d52000 	C:\binaries\gdal110.dll
0x12000000 - 0x121dc000 	C:\binaries\xerces-c_3_1.dll
0x596d0000 - 0x59725000 	C:\binaries\terraogc_wms.dll
0x59670000 - 0x596c3000 	C:\binaries\terraogc_gml.dll
0x59620000 - 0x59661000 	C:\binaries\terraogc_xsd.dll
0x5a810000 - 0x5a830000 	C:\binaries\terraogc_xacml.dll
0x71f30000 - 0x71f90000 	C:\Windows\SYSTEM32\WINSPOOL.DRV
0x7c340000 - 0x7c396000 	C:\Windows\SYSTEM32\MSVCR71.dll
0x608a0000 - 0x60979000 	C:\Windows\SYSTEM32\DDRAW.dll
0x727a0000 - 0x727a9000 	C:\Windows\SYSTEM32\Secur32.dll
0x75f20000 - 0x75f3b000 	C:\Windows\SYSTEM32\USERENV.dll
0x71520000 - 0x71570000 	C:\Windows\SYSTEM32\OLEACC.dll
0x54200000 - 0x54276000 	C:\Windows\SYSTEM32\RICHED20.dll
0x72ee0000 - 0x72ee8000 	C:\Windows\SYSTEM32\VERSION.dll
0x720b0000 - 0x720c4000 	C:\Windows\SYSTEM32\USP10.dll
0x72c50000 - 0x72cc5000 	C:\Windows\SYSTEM32\DNSAPI.dll
0x06a40000 - 0x06aea000 	C:\Windows\libeay32.dll
0x06af0000 - 0x06afd000 	C:\binaries\libintl-2.dll
0x72ed0000 - 0x72ed6000 	C:\Windows\SYSTEM32\SHFOLDER.DLL
0x06b00000 - 0x06b26000 	C:\Windows\ssleay32.dll
0x06b30000 - 0x06b56000 	C:\binaries\libexpat.dll
0x60770000 - 0x60811000 	C:\Windows\SYSTEM32\ODBC32.dll
0x60760000 - 0x60767000 	C:\Windows\SYSTEM32\DCIMAN32.dll
0x663b0000 - 0x663db000 	C:\Windows\SYSTEM32\msls31.dll
0x06bb0000 - 0x06c8b000 	C:\binaries\libiconv-2.dll
0x6f600000 - 0x6f61d000 	C:\Windows\SYSTEM32\gpapi.dll
0x74530000 - 0x74556000 	C:\Windows\SYSTEM32\ntmarta.dll
0x54e60000 - 0x55708000 	C:\binaries\icudt46.dll
0x53850000 - 0x53979000 	C:\Windows\SYSTEM32\dbghelp.dll
0x72040000 - 0x72050000 	C:\Windows\system32\napinsp.dll
0x72020000 - 0x72034000 	C:\Windows\system32\pnrpnsp.dll
0x72010000 - 0x72020000 	C:\Windows\system32\NLAapi.dll
0x72000000 - 0x72009000 	C:\Windows\System32\winrnr.dll
0x71ac0000 - 0x71ad0000 	C:\Windows\system32\wshbth.dll
0x726a0000 - 0x726a7000 	C:\Windows\System32\rasadhlp.dll
0x71c30000 - 0x71c6f000 	C:\Windows\System32\fwpuclnt.dll
0x72cd0000 - 0x72cf0000 	C:\Windows\SYSTEM32\IPHLPAPI.DLL
0x72c40000 - 0x72c48000 	C:\Windows\SYSTEM32\WINNSI.DLL
0x730d0000 - 0x730ea000 	C:\Windows\SYSTEM32\CRYPTSP.dll
0x73090000 - 0x730ce000 	C:\Windows\system32\rsaenh.dll
0x72c30000 - 0x72c40000 	C:\Windows\SYSTEM32\dhcpcsvc6.DLL
0x72c10000 - 0x72c22000 	C:\Windows\SYSTEM32\dhcpcsvc.DLL
0x595f0000 - 0x59615000 	C:\Program Files (x86)\Java\jre7\bin\jpeg.dll

VM Arguments:
jvm_args: -Dfile.encoding=ISO-8859-1 
java_command: com.nexusbr.gv.main.ConnectDBMain
Launcher Type: SUN_STANDARD

Environment Variables:
JAVA_HOME=C:\Program Files (x86)\Java\jre7
PATH=C:/Program Files (x86)/Java/jre7/bin/client;C:/Program Files (x86)/Java/jre7/bin;C:/Program Files (x86)/Java/jre7/lib/i386;C:\Program Files (x86)\PHP\;c:\Program Files (x86)\Intel\iCLS Client\;c:\Program Files\Intel\iCLS Client\;C:\Windows\system32;C:\Windows;C:\Windows\System32\Wbem;C:\Windows\System32\WindowsPowerShell\v1.0\;C:\Program Files\Intel\Intel(R) Management Engine Components\DAL;C:\Program Files\Intel\Intel(R) Management Engine Components\IPT;C:\Program Files (x86)\Intel\Intel(R) Management Engine Components\DAL;C:\Program Files (x86)\Intel\Intel(R) Management Engine Components\IPT;C:\Program Files (x86)\Intel\OpenCL SDK\3.0\bin\x86;C:\Program Files (x86)\Intel\OpenCL SDK\3.0\bin\x64;C:\Program Files (x86)\Windows Live\Shared;C:\binaries;c:\Program Files (x86)\Microsoft SQL Server\100\Tools\Binn\;c:\Program Files\Microsoft SQL Server\100\Tools\Binn\;c:\Program Files\Microsoft SQL Server\100\DTS\Binn\;C:\strawberry\c\bin;C:\strawberry\perl\site\bin;C:\strawberry\perl\bin;C:\Program Files (x86)\Microsoft SQL Server\110\Tools\Binn\ManagementStudio\;C:\Program Files (x86)\Microsoft SQL Server\110\Tools\Binn\;C:\Program Files\Microsoft SQL Server\110\Tools\Binn\;C:\Program Files (x86)\Microsoft SQL Server\110\DTS\Binn\;C:\Program Files\TortoiseSVN\bin;C:\Python34;C:\Program Files (x86)\Java\jre7\bin;C:\eclipse;
USERNAME=inacio
OS=Windows_NT
PROCESSOR_IDENTIFIER=Intel64 Family 6 Model 69 Stepping 1, GenuineIntel



---------------  S Y S T E M  ---------------

OS: Windows 8 , 64 bit Build 9200 

CPU:total 4 (2 cores per cpu, 2 threads per core) family 6 model 69 stepping 1, cmov, cx8, fxsr, mmx, sse, sse2, sse3, ssse3, sse4.1, sse4.2, popcnt, avx, avx2, aes, erms, ht, tsc, tscinvbit

Memory: 4k page, physical 8290700k(4542120k free), swap 9535884k(5005648k free)

vm_info: Java HotSpot(TM) Client VM (24.60-b09) for windows-x86 JRE (1.7.0_60-b19), built on May  7 2014 13:09:52 by "java_re" with unknown MS VC++:1600

time: Wed Jul 02 17:19:20 2014
elapsed time: 35 seconds

