#
# A fatal error has been detected by the Java Runtime Environment:
#
#  EXCEPTION_ACCESS_VIOLATION (0xc0000005) at pc=0x0fe09052, pid=9640, tid=10392
#
# JRE version: Java(TM) SE Runtime Environment (7.0_60-b19) (build 1.7.0_60-b19)
# Java VM: Java HotSpot(TM) Client VM (24.60-b09 mixed mode, sharing windows-x86 )
# Problematic frame:
# C  [berkelium.dll+0xa39052]
#
# Failed to write core dump. Minidumps are not enabled by default on client versions of Windows
#
# If you would like to submit a bug report, please visit:
#   http://bugreport.sun.com/bugreport/crash.jsp
#

---------------  T H R E A D  ---------------

Current thread (0x007ffc00):  VMThread [stack: 0x03f40000,0x03f90000] [id=10392]

siginfo: ExceptionCode=0xc0000005, reading address 0x000000f8

Registers:
EAX=0x03f8f5a4, EBX=0x000493e0, ECX=0x03f8f5a4, EDX=0x7d61ef08
ESP=0x03f8f594, EBP=0x00000079, ESI=0x00000000, EDI=0x8f439208
EIP=0x0fe09052, EFLAGS=0x00010202

Top of Stack: (sp=0x03f8f594)
0x03f8f594:   06961168 06961168 068bab00 00000000
0x03f8f5a4:   7d61ef08 00000079 06953a20 0695c900
0x03f8f5b4:   00000000 00000000 00000000 74616401
0x03f8f5c4:   69642d61 06be0072 00000023 0000002f
0x03f8f5d4:   00000000 068e7070 002e5be5 06961000
0x03f8f5e4:   068bab44 ffffff00 0f43bf20 10f59778
0x03f8f5f4:   06410030 00000000 0000000f 10f5a730
0x03f8f604:   00000001 0f439783 00000008 00000001 

Instructions: (pc=0x0fe09052)
0x0fe09032:   03 00 00 57 53 e8 f4 c8 60 ff 8b ea 8d 54 24 10
0x0fe09042:   52 8b f8 e8 26 ca 00 00 83 c4 04 03 38 13 68 04
0x0fe09052:   8b 86 f8 00 00 00 0b 86 fc 00 00 00 89 7c 24 20
0x0fe09062:   89 6c 24 24 75 3e 39 84 24 d4 00 00 00 7f 35 7c 


Register to memory mapping:

EAX=
[error occurred during error reporting (printing register info), id 0xc0000005]

Stack: [0x03f40000,0x03f90000],  sp=0x03f8f594,  free space=317k
Native frames: (J=compiled Java code, j=interpreted, Vv=VM code, C=native code)
C  [berkelium.dll+0xa39052]

VM_Operation (0x0553eb70): Exit, mode: safepoint, requested by thread 0x050b8000


---------------  P R O C E S S  ---------------

Java Threads: ( => current thread )
  0x053dfc00 JavaThread "WeakCollectionCleaner" daemon [_thread_blocked, id=764, stack(0x093b0000,0x09400000)]
  0x0542d400 JavaThread "TimerQueue" daemon [_thread_blocked, id=5808, stack(0x07310000,0x07360000)]
  0x0037e000 JavaThread "DestroyJavaVM" [_thread_blocked, id=56, stack(0x00320000,0x00370000)]
  0x050b8000 JavaThread "AWT-EventQueue-0" [_thread_blocked, id=468, stack(0x054f0000,0x05540000)]
  0x04516400 JavaThread "AWT-Shutdown" [_thread_blocked, id=7236, stack(0x04bc0000,0x04c10000)]
  0x04515000 JavaThread "Java2D Disposer" daemon [_thread_blocked, id=10272, stack(0x04b30000,0x04b80000)]
  0x00879000 JavaThread "Service Thread" daemon [_thread_blocked, id=10608, stack(0x042a0000,0x042f0000)]
  0x00874c00 JavaThread "C1 CompilerThread0" daemon [_thread_blocked, id=7320, stack(0x04210000,0x04260000)]
  0x00873000 JavaThread "Attach Listener" daemon [_thread_blocked, id=9776, stack(0x04180000,0x041d0000)]
  0x00870c00 JavaThread "Signal Dispatcher" daemon [_thread_blocked, id=6000, stack(0x040f0000,0x04140000)]
  0x00802800 JavaThread "Finalizer" daemon [_thread_blocked, id=10984, stack(0x04060000,0x040b0000)]
  0x00801000 JavaThread "Reference Handler" daemon [_thread_blocked, id=10412, stack(0x03fd0000,0x04020000)]

Other Threads:
=>0x007ffc00 VMThread [stack: 0x03f40000,0x03f90000] [id=10392]

VM state:at safepoint (shutting down)

VM Mutex/Monitor currently owned by a thread:  ([mutex/lock_event])
[0x0037c400] Threads_lock - owner thread: 0x007ffc00

Heap
 def new generation   total 40064K, used 24588K [0x24000000, 0x26b70000, 0x29550000)
  eden space 35648K,  68% used [0x24000000, 0x258030f8, 0x262d0000)
  from space 4416K,   0% used [0x262d0000, 0x262d0000, 0x26720000)
  to   space 4416K,   0% used [0x26720000, 0x26720000, 0x26b70000)
 tenured generation   total 88824K, used 53293K [0x29550000, 0x2ec0e000, 0x34000000)
   the space 88824K,  59% used [0x29550000, 0x2c95b730, 0x2c95b800, 0x2ec0e000)
 compacting perm gen  total 12288K, used 10147K [0x34000000, 0x34c00000, 0x38000000)
   the space 12288K,  82% used [0x34000000, 0x349e8c50, 0x349e8e00, 0x34c00000)
    ro space 10240K,  42% used [0x38000000, 0x38434778, 0x38434800, 0x38a00000)
    rw space 12288K,  52% used [0x38a00000, 0x39049a68, 0x39049c00, 0x39600000)

Card table byte_map: [0x009c0000,0x00a70000] byte_map_base: 0x008a0000

Polling page: 0x00610000

Code Cache  [0x01ea0000, 0x02190000, 0x03ea0000)
 total_blobs=1836 nmethods=1545 adapters=227 free_code_cache=29761Kb largest_free_block=30474816

Compilation events (10 events):
Event: 51.128 Thread 0x00874c00 1553             java.util.LinkedHashMap$Entry::remove (23 bytes)
Event: 51.128 Thread 0x00874c00 nmethod 1553 0x0218f108 code [0x0218f200, 0x0218f2b0]
Event: 51.575 Thread 0x00874c00 1554   !         sun.awt.GlobalCursorManager$NativeUpdater::run (43 bytes)
Event: 51.576 Thread 0x00874c00 nmethod 1554 0x0218f348 code [0x0218f450, 0x0218f68c]
Event: 53.576 Thread 0x00874c00 1555             br.org.funcate.glue.main.AppSingleton::getMediator (5 bytes)
Event: 53.576 Thread 0x00874c00 nmethod 1555 0x0218f748 code [0x0218f840, 0x0218f8c0]
Event: 53.648 Thread 0x00874c00 1556             java.awt.Container::processEvent (22 bytes)
Event: 53.648 Thread 0x00874c00 nmethod 1556 0x0218f908 code [0x0218fa20, 0x0218fb18]
Event: 54.568 Thread 0x00874c00 1557             br.org.funcate.eagles.kernel.dispatcher.EventHandler::hasDispatched (11 bytes)
Event: 54.569 Thread 0x00874c00 nmethod 1557 0x0218fbc8 code [0x0218fcd0, 0x0218fd6c]

GC Heap History (10 events):
Event: 36.358 GC heap before
{Heap before GC invocations=25 (full 6):
 def new generation   total 32192K, used 28948K [0x24000000, 0x262e0000, 0x29550000)
  eden space 28672K,  99% used [0x24000000, 0x25be2418, 0x25c00000)
  from space 3520K,  11% used [0x25c00000, 0x25c62f10, 0x25f70000)
  to   space 3520K,   0% used [0x25f70000, 0x25f70000, 0x262e0000)
 tenured generation   total 71344K, used 42804K [0x29550000, 0x2dafc000, 0x34000000)
   the space 71344K,  59% used [0x29550000, 0x2bf1d378, 0x2bf1d400, 0x2dafc000)
 compacting perm gen  total 12288K, used 10143K [0x34000000, 0x34c00000, 0x38000000)
   the space 12288K,  82% used [0x34000000, 0x349e7d10, 0x349e7e00, 0x34c00000)
    ro space 10240K,  42% used [0x38000000, 0x38434778, 0x38434800, 0x38a00000)
    rw space 12288K,  52% used [0x38a00000, 0x39049a68, 0x39049c00, 0x39600000)
Event: 36.359 GC heap after
Heap after GC invocations=26 (full 6):
 def new generation   total 32192K, used 394K [0x24000000, 0x262e0000, 0x29550000)
  eden space 28672K,   0% used [0x24000000, 0x24000000, 0x25c00000)
  from space 3520K,  11% used [0x25f70000, 0x25fd2920, 0x262e0000)
  to   space 3520K,   0% used [0x25c00000, 0x25c00000, 0x25f70000)
 tenured generation   total 71344K, used 42804K [0x29550000, 0x2dafc000, 0x34000000)
   the space 71344K,  59% used [0x29550000, 0x2bf1d378, 0x2bf1d400, 0x2dafc000)
 compacting perm gen  total 12288K, used 10143K [0x34000000, 0x34c00000, 0x38000000)
   the space 12288K,  82% used [0x34000000, 0x349e7d10, 0x349e7e00, 0x34c00000)
    ro space 10240K,  42% used [0x38000000, 0x38434778, 0x38434800, 0x38a00000)
    rw space 12288K,  52% used [0x38a00000, 0x39049a68, 0x39049c00, 0x39600000)
}
Event: 36.437 GC heap before
{Heap before GC invocations=26 (full 6):
 def new generation   total 32192K, used 28826K [0x24000000, 0x262e0000, 0x29550000)
  eden space 28672K,  99% used [0x24000000, 0x25bc4018, 0x25c00000)
  from space 3520K,  11% used [0x25f70000, 0x25fd2920, 0x262e0000)
  to   space 3520K,   0% used [0x25c00000, 0x25c00000, 0x25f70000)
 tenured generation   total 71344K, used 42804K [0x29550000, 0x2dafc000, 0x34000000)
   the space 71344K,  59% used [0x29550000, 0x2bf1d378, 0x2bf1d400, 0x2dafc000)
 compacting perm gen  total 12288K, used 10143K [0x34000000, 0x34c00000, 0x38000000)
   the space 12288K,  82% used [0x34000000, 0x349e7d10, 0x349e7e00, 0x34c00000)
    ro space 10240K,  42% used [0x38000000, 0x38434778, 0x38434800, 0x38a00000)
    rw space 12288K,  52% used [0x38a00000, 0x39049a68, 0x39049c00, 0x39600000)
Event: 36.439 GC heap after
Heap after GC invocations=27 (full 6):
 def new generation   total 32192K, used 3485K [0x24000000, 0x262e0000, 0x29550000)
  eden space 28672K,   0% used [0x24000000, 0x24000000, 0x25c00000)
  from space 3520K,  99% used [0x25c00000, 0x25f67630, 0x25f70000)
  to   space 3520K,   0% used [0x25f70000, 0x25f70000, 0x262e0000)
 tenured generation   total 71344K, used 45365K [0x29550000, 0x2dafc000, 0x34000000)
   the space 71344K,  63% used [0x29550000, 0x2c19d418, 0x2c19d600, 0x2dafc000)
 compacting perm gen  total 12288K, used 10143K [0x34000000, 0x34c00000, 0x38000000)
   the space 12288K,  82% used [0x34000000, 0x349e7d10, 0x349e7e00, 0x34c00000)
    ro space 10240K,  42% used [0x38000000, 0x38434778, 0x38434800, 0x38a00000)
    rw space 12288K,  52% used [0x38a00000, 0x39049a68, 0x39049c00, 0x39600000)
}
Event: 37.246 GC heap before
{Heap before GC invocations=27 (full 6):
 def new generation   total 32192K, used 32157K [0x24000000, 0x262e0000, 0x29550000)
  eden space 28672K, 100% used [0x24000000, 0x25c00000, 0x25c00000)
  from space 3520K,  99% used [0x25c00000, 0x25f67630, 0x25f70000)
  to   space 3520K,   0% used [0x25f70000, 0x25f70000, 0x262e0000)
 tenured generation   total 71344K, used 45365K [0x29550000, 0x2dafc000, 0x34000000)
   the space 71344K,  63% used [0x29550000, 0x2c19d418, 0x2c19d600, 0x2dafc000)
 compacting perm gen  total 12288K, used 10143K [0x34000000, 0x34c00000, 0x38000000)
   the space 12288K,  82% used [0x34000000, 0x349e7d10, 0x349e7e00, 0x34c00000)
    ro space 10240K,  42% used [0x38000000, 0x38434778, 0x38434800, 0x38a00000)
    rw space 12288K,  52% used [0x38a00000, 0x39049a68, 0x39049c00, 0x39600000)
Event: 37.252 GC heap after
Heap after GC invocations=28 (full 6):
 def new generation   total 32192K, used 3421K [0x24000000, 0x262e0000, 0x29550000)
  eden space 28672K,   0% used [0x24000000, 0x24000000, 0x25c00000)
  from space 3520K,  97% used [0x25f70000, 0x262c7600, 0x262e0000)
  to   space 3520K,   0% used [0x25c00000, 0x25c00000, 0x25f70000)
 tenured generation   total 71344K, used 50071K [0x29550000, 0x2dafc000, 0x34000000)
   the space 71344K,  70% used [0x29550000, 0x2c635e48, 0x2c636000, 0x2dafc000)
 compacting perm gen  total 12288K, used 10143K [0x34000000, 0x34c00000, 0x38000000)
   the space 12288K,  82% used [0x34000000, 0x349e7d10, 0x349e7e00, 0x34c00000)
    ro space 10240K,  42% used [0x38000000, 0x38434778, 0x38434800, 0x38a00000)
    rw space 12288K,  52% used [0x38a00000, 0x39049a68, 0x39049c00, 0x39600000)
}
Event: 39.444 GC heap before
{Heap before GC invocations=28 (full 6):
 def new generation   total 32192K, used 31987K [0x24000000, 0x262e0000, 0x29550000)
  eden space 28672K,  99% used [0x24000000, 0x25be58c8, 0x25c00000)
  from space 3520K,  97% used [0x25f70000, 0x262c7600, 0x262e0000)
  to   space 3520K,   0% used [0x25c00000, 0x25c00000, 0x25f70000)
 tenured generation   total 71344K, used 50327K [0x29550000, 0x2dafc000, 0x34000000)
   the space 71344K,  70% used [0x29550000, 0x2c675e58, 0x2c676000, 0x2dafc000)
 compacting perm gen  total 12288K, used 10143K [0x34000000, 0x34c00000, 0x38000000)
   the space 12288K,  82% used [0x34000000, 0x349e7d60, 0x349e7e00, 0x34c00000)
    ro space 10240K,  42% used [0x38000000, 0x38434778, 0x38434800, 0x38a00000)
    rw space 12288K,  52% used [0x38a00000, 0x39049a68, 0x39049c00, 0x39600000)
Event: 39.450 GC heap after
Heap after GC invocations=29 (full 6):
 def new generation   total 32192K, used 3520K [0x24000000, 0x262e0000, 0x29550000)
  eden space 28672K,   0% used [0x24000000, 0x24000000, 0x25c00000)
  from space 3520K, 100% used [0x25c00000, 0x25f70000, 0x25f70000)
  to   space 3520K,   0% used [0x25f70000, 0x25f70000, 0x262e0000)
 tenured generation   total 71344K, used 64487K [0x29550000, 0x2dafc000, 0x34000000)
   the space 71344K,  90% used [0x29550000, 0x2d449d80, 0x2d449e00, 0x2dafc000)
 compacting perm gen  total 12288K, used 10143K [0x34000000, 0x34c00000, 0x38000000)
   the space 12288K,  82% used [0x34000000, 0x349e7d60, 0x349e7e00, 0x34c00000)
    ro space 10240K,  42% used [0x38000000, 0x38434778, 0x38434800, 0x38a00000)
    rw space 12288K,  52% used [0x38a00000, 0x39049a68, 0x39049c00, 0x39600000)
}
Event: 42.104 GC heap before
{Heap before GC invocations=29 (full 6):
 def new generation   total 32192K, used 32047K [0x24000000, 0x262e0000, 0x29550000)
  eden space 28672K,  99% used [0x24000000, 0x25bdbed0, 0x25c00000)
  from space 3520K, 100% used [0x25c00000, 0x25f70000, 0x25f70000)
  to   space 3520K,   0% used [0x25f70000, 0x25f70000, 0x262e0000)
 tenured generation   total 71344K, used 64487K [0x29550000, 0x2dafc000, 0x34000000)
   the space 71344K,  90% used [0x29550000, 0x2d449d80, 0x2d449e00, 0x2dafc000)
 compacting perm gen  total 12288K, used 10143K [0x34000000, 0x34c00000, 0x38000000)
   the space 12288K,  82% used [0x34000000, 0x349e7da0, 0x349e7e00, 0x34c00000)
    ro space 10240K,  42% used [0x38000000, 0x38434778, 0x38434800, 0x38a00000)
    rw space 12288K,  52% used [0x38a00000, 0x39049a68, 0x39049c00, 0x39600000)
Event: 42.156 GC heap after
Heap after GC invocations=30 (full 7):
 def new generation   total 40064K, used 0K [0x24000000, 0x26b70000, 0x29550000)
  eden space 35648K,   0% used [0x24000000, 0x24000000, 0x262d0000)
  from space 4416K,   0% used [0x262d0000, 0x262d0000, 0x26720000)
  to   space 4416K,   0% used [0x26720000, 0x26720000, 0x26b70000)
 tenured generation   total 88824K, used 53293K [0x29550000, 0x2ec0e000, 0x34000000)
   the space 88824K,  59% used [0x29550000, 0x2c95b730, 0x2c95b800, 0x2ec0e000)
 compacting perm gen  total 12288K, used 10143K [0x34000000, 0x34c00000, 0x38000000)
   the space 12288K,  82% used [0x34000000, 0x349e7da0, 0x349e7e00, 0x34c00000)
    ro space 10240K,  42% used [0x38000000, 0x38434778, 0x38434800, 0x38a00000)
    rw space 12288K,  52% used [0x38a00000, 0x39049a68, 0x39049c00, 0x39600000)
}

Deoptimization events (0 events):
No events

Internal exceptions (10 events):
Event: 29.638 Thread 0x050b8000 Threw 0x2586f958 at C:\re\jdk7u60\1081\hotspot\src\share\vm\prims\jvm.cpp:1244
Event: 33.711 Thread 0x050b8000 Threw 0x2505aa28 at C:\re\jdk7u60\1081\hotspot\src\share\vm\prims\jvm.cpp:1244
Event: 33.712 Thread 0x050b8000 Threw 0x25060e20 at C:\re\jdk7u60\1081\hotspot\src\share\vm\prims\jvm.cpp:1244
Event: 35.358 Thread 0x08681c00 Threw 0x253680d0 at C:\re\jdk7u60\1081\hotspot\src\share\vm\prims\jvm.cpp:2917
Event: 36.429 Thread 0x08681400 Threw 0x256f3ba0 at C:\re\jdk7u60\1081\hotspot\src\share\vm\prims\jvm.cpp:2917
Event: 36.591 Thread 0x053de000 Threw 0x2599b8d0 at C:\re\jdk7u60\1081\hotspot\src\share\vm\prims\jvm.cpp:2917
Event: 38.275 Thread 0x08681400 Threw 0x249a6080 at C:\re\jdk7u60\1081\hotspot\src\share\vm\prims\jvm.cpp:2917
Event: 40.390 Thread 0x0867f000 Threw 0x25814da8 at C:\re\jdk7u60\1081\hotspot\src\share\vm\prims\jvm.cpp:2917
Event: 49.016 Thread 0x053e0c00 Threw 0x24b571e8 at C:\re\jdk7u60\1081\hotspot\src\share\vm\prims\jvm.cpp:2917
Event: 50.483 Thread 0x053e0c00 Threw 0x24cdd668 at C:\re\jdk7u60\1081\hotspot\src\share\vm\prims\jvm.cpp:2917

Events (10 events):
Event: 56.144 Thread 0x053e0000 Thread exited: 0x053e0000
Event: 56.144 loading class 0x39670c20
Event: 56.144 loading class 0x39670bc8
Event: 56.144 loading class 0x39670bc8 done
Event: 56.144 loading class 0x39670c20 done
Event: 56.144 Thread 0x053e1400 Thread exited: 0x053e1400
Event: 56.144 Thread 0x053e0800 Thread exited: 0x053e0800
Event: 56.150 Thread 0x04517000 Thread exited: 0x04517000
Event: 56.244 Thread 0x053df000 Thread exited: 0x053df000
Event: 56.244 Executing VM operation: Exit


Dynamic libraries:
0x00a70000 - 0x00a9f000 	C:\Program Files (x86)\Java\jre7\bin\javaw.exe
0x76fe0000 - 0x77137000 	C:\Windows\SYSTEM32\ntdll.dll
0x74690000 - 0x747c0000 	C:\Windows\SYSTEM32\KERNEL32.DLL
0x76a80000 - 0x76b27000 	C:\Windows\SYSTEM32\KERNELBASE.dll
0x747c0000 - 0x7486e000 	C:\Windows\SYSTEM32\ADVAPI32.dll
0x764f0000 - 0x76606000 	C:\Windows\SYSTEM32\USER32.dll
0x73130000 - 0x73328000 	C:\Windows\WinSxS\x86_microsoft.windows.common-controls_6595b64144ccf1df_6.0.9200.16579_none_8937eec6860750f5\COMCTL32.dll
0x76000000 - 0x760b1000 	C:\Windows\SYSTEM32\msvcrt.dll
0x74870000 - 0x748a4000 	C:\Windows\SYSTEM32\sechost.dll
0x760c0000 - 0x7616c000 	C:\Windows\SYSTEM32\RPCRT4.dll
0x748b0000 - 0x749ad000 	C:\Windows\SYSTEM32\GDI32.dll
0x745d0000 - 0x745ed000 	C:\Windows\SYSTEM32\SspiCli.dll
0x745c0000 - 0x745c9000 	C:\Windows\SYSTEM32\CRYPTBASE.dll
0x74560000 - 0x745b1000 	C:\Windows\SYSTEM32\bcryptPrimitives.dll
0x762e0000 - 0x76300000 	C:\Windows\system32\IMM32.DLL
0x76680000 - 0x7675e000 	C:\Windows\SYSTEM32\MSCTF.dll
0x6f3d0000 - 0x6f48f000 	C:\Program Files (x86)\Java\jre7\bin\msvcr100.dll
0x5e310000 - 0x5e698000 	C:\Program Files (x86)\Java\jre7\bin\client\jvm.dll
0x71c10000 - 0x71c18000 	C:\Windows\SYSTEM32\WSOCK32.dll
0x71fb0000 - 0x71fd1000 	C:\Windows\SYSTEM32\WINMM.dll
0x76300000 - 0x76306000 	C:\Windows\SYSTEM32\PSAPI.DLL
0x75f80000 - 0x75fd0000 	C:\Windows\SYSTEM32\WS2_32.dll
0x71c70000 - 0x71c9b000 	C:\Windows\SYSTEM32\WINMMBASE.dll
0x75ff0000 - 0x75ff8000 	C:\Windows\SYSTEM32\NSI.dll
0x76b30000 - 0x76b76000 	C:\Windows\SYSTEM32\cfgmgr32.dll
0x75f00000 - 0x75f1e000 	C:\Windows\SYSTEM32\DEVOBJ.dll
0x720a0000 - 0x720ac000 	C:\Program Files (x86)\Java\jre7\bin\verify.dll
0x70bb0000 - 0x70bd0000 	C:\Program Files (x86)\Java\jre7\bin\java.dll
0x70b90000 - 0x70ba3000 	C:\Program Files (x86)\Java\jre7\bin\zip.dll
0x6f490000 - 0x6f5d3000 	C:\Program Files (x86)\Java\jre7\bin\awt.dll
0x76c00000 - 0x76c8b000 	C:\Windows\SYSTEM32\OLEAUT32.dll
0x76de0000 - 0x76f16000 	C:\Windows\SYSTEM32\combase.dll
0x72dd0000 - 0x72e77000 	C:\Windows\system32\apphelp.dll
0x71a40000 - 0x71a59000 	C:\Windows\system32\DWMAPI.DLL
0x726b0000 - 0x72738000 	C:\Windows\system32\uxtheme.dll
0x76760000 - 0x76879000 	C:\Windows\SYSTEM32\ole32.dll
0x74da0000 - 0x75e66000 	C:\Windows\SYSTEM32\SHELL32.dll
0x75f40000 - 0x75f80000 	C:\Windows\SYSTEM32\SHLWAPI.dll
0x73330000 - 0x733a3000 	C:\Windows\SYSTEM32\shcore.dll
0x718b0000 - 0x718e9000 	C:\Program Files (x86)\Java\jre7\bin\fontmanager.dll
0x6f250000 - 0x6f264000 	C:\Program Files (x86)\Java\jre7\bin\net.dll
0x72e80000 - 0x72eca000 	C:\Windows\system32\mswsock.dll
0x718a0000 - 0x718af000 	C:\Program Files (x86)\Java\jre7\bin\nio.dll
0x706d0000 - 0x70700000 	C:\Program Files (x86)\Java\jre7\bin\t2k.dll
0x76b80000 - 0x76bf4000 	C:\Windows\SYSTEM32\clbcatq.dll
0x6a8a0000 - 0x6a9eb000 	C:\Windows\SYSTEM32\WindowsCodecs.dll
0x76dc0000 - 0x76dd1000 	C:\Windows\SYSTEM32\profapi.dll
0x706a0000 - 0x706c4000 	C:\Program Files (x86)\Java\jre7\bin\dcpr.dll
0x6f360000 - 0x6f3cd000 	C:\binaries\terrajava.dll
0x68640000 - 0x68727000 	C:\binaries\terramanager-funcate.dll
0x59300000 - 0x59ba6000 	C:\binaries\terralib.dll
0x64af0000 - 0x64b59000 	C:\Windows\SYSTEM32\MSVCP100.dll
0x6d880000 - 0x6db4c000 	C:\binaries\bgd.dll
0x71910000 - 0x7192b000 	C:\binaries\terraogc_xml.dll
0x71500000 - 0x7151d000 	C:\binaries\terraogc_sld.dll
0x6f330000 - 0x6f356000 	C:\binaries\terraogc_se.dll
0x6f2f0000 - 0x6f326000 	C:\binaries\terraogc_filter.dll
0x685e0000 - 0x68632000 	C:\binaries\terraogc_ows.dll
0x6f2d0000 - 0x6f2e9000 	C:\binaries\terraogc_common.dll
0x6f2c0000 - 0x6f2cb000 	C:\binaries\terralib_shp.dll
0x6f2b0000 - 0x6f2be000 	C:\binaries\terralib_spl.dll
0x05a70000 - 0x05e66000 	C:\binaries\qt-mt338.dll
0x613d0000 - 0x6149e000 	C:\Windows\SYSTEM32\OPENGL32.dll
0x613a0000 - 0x613c3000 	C:\Windows\SYSTEM32\GLU32.dll
0x68560000 - 0x685df000 	C:\binaries\qwt500.dll
0x0f3d0000 - 0x113cf000 	C:\binaries\berkelium.dll
0x05e70000 - 0x05fb1000 	C:\binaries\LIBMYSQL.dll
0x63100000 - 0x63121000 	C:\binaries\LIBPQ.dll
0x05fc0000 - 0x06021000 	C:\binaries\OCI.dll
0x684d0000 - 0x6855a000 	C:\binaries\libtiff.dll
0x583a0000 - 0x58b72000 	C:\binaries\gdal110.dll
0x12000000 - 0x121dc000 	C:\binaries\xerces-c_3_1.dll
0x5f000000 - 0x5f055000 	C:\binaries\terraogc_wms.dll
0x5efa0000 - 0x5eff3000 	C:\binaries\terraogc_gml.dll
0x5f980000 - 0x5f9c1000 	C:\binaries\terraogc_xsd.dll
0x6ab50000 - 0x6ab70000 	C:\binaries\terraogc_xacml.dll
0x71f30000 - 0x71f90000 	C:\Windows\SYSTEM32\WINSPOOL.DRV
0x7c340000 - 0x7c396000 	C:\Windows\SYSTEM32\MSVCR71.dll
0x608a0000 - 0x60979000 	C:\Windows\SYSTEM32\DDRAW.dll
0x727a0000 - 0x727a9000 	C:\Windows\SYSTEM32\Secur32.dll
0x75f20000 - 0x75f3b000 	C:\Windows\SYSTEM32\USERENV.dll
0x71520000 - 0x71570000 	C:\Windows\SYSTEM32\OLEACC.dll
0x54200000 - 0x54276000 	C:\Windows\SYSTEM32\RICHED20.dll
0x72ee0000 - 0x72ee8000 	C:\Windows\SYSTEM32\VERSION.dll
0x720b0000 - 0x720c4000 	C:\Windows\SYSTEM32\USP10.dll
0x72c50000 - 0x72cc5000 	C:\Windows\SYSTEM32\DNSAPI.dll
0x060d0000 - 0x0617a000 	C:\Windows\libeay32.dll
0x06180000 - 0x0618d000 	C:\binaries\libintl-2.dll
0x72ed0000 - 0x72ed6000 	C:\Windows\SYSTEM32\SHFOLDER.DLL
0x06190000 - 0x061b6000 	C:\Windows\ssleay32.dll
0x061c0000 - 0x061e6000 	C:\binaries\libexpat.dll
0x60770000 - 0x60811000 	C:\Windows\SYSTEM32\ODBC32.dll
0x60760000 - 0x60767000 	C:\Windows\SYSTEM32\DCIMAN32.dll
0x663b0000 - 0x663db000 	C:\Windows\SYSTEM32\msls31.dll
0x06240000 - 0x0631b000 	C:\binaries\libiconv-2.dll
0x6f600000 - 0x6f61d000 	C:\Windows\SYSTEM32\gpapi.dll
0x74530000 - 0x74556000 	C:\Windows\SYSTEM32\ntmarta.dll
0x57af0000 - 0x58398000 	C:\binaries\icudt46.dll
0x53850000 - 0x53979000 	C:\Windows\SYSTEM32\dbghelp.dll
0x72040000 - 0x72050000 	C:\Windows\system32\napinsp.dll
0x72020000 - 0x72034000 	C:\Windows\system32\pnrpnsp.dll
0x72010000 - 0x72020000 	C:\Windows\system32\NLAapi.dll
0x72000000 - 0x72009000 	C:\Windows\System32\winrnr.dll
0x71ac0000 - 0x71ad0000 	C:\Windows\system32\wshbth.dll
0x726a0000 - 0x726a7000 	C:\Windows\System32\rasadhlp.dll
0x71c30000 - 0x71c6f000 	C:\Windows\System32\fwpuclnt.dll
0x72cd0000 - 0x72cf0000 	C:\Windows\SYSTEM32\IPHLPAPI.DLL
0x72c40000 - 0x72c48000 	C:\Windows\SYSTEM32\WINNSI.DLL
0x730d0000 - 0x730ea000 	C:\Windows\SYSTEM32\CRYPTSP.dll
0x73090000 - 0x730ce000 	C:\Windows\system32\rsaenh.dll
0x72c30000 - 0x72c40000 	C:\Windows\SYSTEM32\dhcpcsvc6.DLL
0x72c10000 - 0x72c22000 	C:\Windows\SYSTEM32\dhcpcsvc.DLL
0x68440000 - 0x68465000 	C:\Program Files (x86)\Java\jre7\bin\jpeg.dll

VM Arguments:
jvm_args: -Dfile.encoding=ISO-8859-1 
java_command: com.nexusbr.gv.main.ConnectDBMain
Launcher Type: SUN_STANDARD

Environment Variables:
JAVA_HOME=C:\Program Files (x86)\Java\jre7
PATH=C:/Program Files (x86)/Java/jre7/bin/client;C:/Program Files (x86)/Java/jre7/bin;C:/Program Files (x86)/Java/jre7/lib/i386;C:\Program Files (x86)\PHP\;c:\Program Files (x86)\Intel\iCLS Client\;c:\Program Files\Intel\iCLS Client\;C:\Windows\system32;C:\Windows;C:\Windows\System32\Wbem;C:\Windows\System32\WindowsPowerShell\v1.0\;C:\Program Files\Intel\Intel(R) Management Engine Components\DAL;C:\Program Files\Intel\Intel(R) Management Engine Components\IPT;C:\Program Files (x86)\Intel\Intel(R) Management Engine Components\DAL;C:\Program Files (x86)\Intel\Intel(R) Management Engine Components\IPT;C:\Program Files (x86)\Intel\OpenCL SDK\3.0\bin\x86;C:\Program Files (x86)\Intel\OpenCL SDK\3.0\bin\x64;C:\Program Files (x86)\Windows Live\Shared;C:\binaries;c:\Program Files (x86)\Microsoft SQL Server\100\Tools\Binn\;c:\Program Files\Microsoft SQL Server\100\Tools\Binn\;c:\Program Files\Microsoft SQL Server\100\DTS\Binn\;C:\strawberry\c\bin;C:\strawberry\perl\site\bin;C:\strawberry\perl\bin;C:\Program Files (x86)\Microsoft SQL Server\110\Tools\Binn\ManagementStudio\;C:\Program Files (x86)\Microsoft SQL Server\110\Tools\Binn\;C:\Program Files\Microsoft SQL Server\110\Tools\Binn\;C:\Program Files (x86)\Microsoft SQL Server\110\DTS\Binn\;C:\Program Files\TortoiseSVN\bin;C:\Python34;C:\Program Files (x86)\Java\jre7\bin;C:\eclipse;
USERNAME=inacio
OS=Windows_NT
PROCESSOR_IDENTIFIER=Intel64 Family 6 Model 69 Stepping 1, GenuineIntel



---------------  S Y S T E M  ---------------

OS: Windows 8 , 64 bit Build 9200 

CPU:total 4 (2 cores per cpu, 2 threads per core) family 6 model 69 stepping 1, cmov, cx8, fxsr, mmx, sse, sse2, sse3, ssse3, sse4.1, sse4.2, popcnt, avx, avx2, aes, erms, ht, tsc, tscinvbit

Memory: 4k page, physical 8290700k(2421248k free), swap 9535884k(3017584k free)

vm_info: Java HotSpot(TM) Client VM (24.60-b09) for windows-x86 JRE (1.7.0_60-b19), built on May  7 2014 13:09:52 by "java_re" with unknown MS VC++:1600

time: Thu Jul 03 16:48:41 2014
elapsed time: 56 seconds

