#
# A fatal error has been detected by the Java Runtime Environment:
#
#  EXCEPTION_ACCESS_VIOLATION (0xc0000005) at pc=0x10129052, pid=7644, tid=888
#
# JRE version: Java(TM) SE Runtime Environment (7.0_60-b19) (build 1.7.0_60-b19)
# Java VM: Java HotSpot(TM) Client VM (24.60-b09 mixed mode, sharing windows-x86 )
# Problematic frame:
# C  [berkelium.dll+0xa39052]
#
# Failed to write core dump. Minidumps are not enabled by default on client versions of Windows
#
# If you would like to submit a bug report, please visit:
#   http://bugreport.sun.com/bugreport/crash.jsp
#

---------------  T H R E A D  ---------------

Current thread (0x0208fc00):  VMThread [stack: 0x04360000,0x043b0000] [id=888]

siginfo: ExceptionCode=0xc0000005, reading address 0x000000f8

Registers:
EAX=0x043af1c4, EBX=0x000493e0, ECX=0x043af1c4, EDX=0x096ab0e0
ESP=0x043af1b4, EBP=0x00000087, ESI=0x00000000, EDI=0x1b4c53e0
EIP=0x10129052, EFLAGS=0x00010206

Top of Stack: (sp=0x043af1b4)
0x043af1b4:   06d93168 06d93168 06ceab00 00000000
0x043af1c4:   096ab0e0 00000087 06d83a20 06d8c900
0x043af1d4:   00000000 00000000 00000000 74616401
0x043af1e4:   69642d61 06fe0072 00000023 0000002f
0x043af1f4:   00000000 06d17070 002e5bf3 06d93000
0x043af204:   06ceab44 ffffff00 0f75bf20 11279778
0x043af214:   06830030 00000000 0000000f 1127a730
0x043af224:   00000001 0f759783 00000008 00000001 

Instructions: (pc=0x10129052)
0x10129032:   03 00 00 57 53 e8 f4 c8 60 ff 8b ea 8d 54 24 10
0x10129042:   52 8b f8 e8 26 ca 00 00 83 c4 04 03 38 13 68 04
0x10129052:   8b 86 f8 00 00 00 0b 86 fc 00 00 00 89 7c 24 20
0x10129062:   89 6c 24 24 75 3e 39 84 24 d4 00 00 00 7f 35 7c 


Register to memory mapping:

EAX=
[error occurred during error reporting (printing register info), id 0xc0000005]

Stack: [0x04360000,0x043b0000],  sp=0x043af1b4,  free space=316k
Native frames: (J=compiled Java code, j=interpreted, Vv=VM code, C=native code)
C  [berkelium.dll+0xa39052]

VM_Operation (0x0595e5e0): Exit, mode: safepoint, requested by thread 0x04989c00


---------------  P R O C E S S  ---------------

Java Threads: ( => current thread )
  0x05873000 JavaThread "Image Fetcher 0" daemon [_thread_blocked, id=5788, stack(0x09a80000,0x09ad0000)]
  0x05872800 JavaThread "Keep-Alive-SocketCleaner" daemon [_thread_blocked, id=8608, stack(0x07680000,0x076d0000)]
  0x05871800 JavaThread "Image Animator 1" daemon [_thread_blocked, id=7212, stack(0x097b0000,0x09800000)]
  0x08ae6000 JavaThread "Image Fetcher 2" daemon [_thread_blocked, id=6960, stack(0x08120000,0x08170000)]
  0x08ae7000 JavaThread "Image Fetcher 1" daemon [_thread_blocked, id=10720, stack(0x07a40000,0x07a90000)]
  0x08ae8000 JavaThread "Keep-Alive-Timer" daemon [_thread_blocked, id=4452, stack(0x07900000,0x07950000)]
  0x08ae6c00 JavaThread "Image Fetcher 3" daemon [_thread_blocked, id=7896, stack(0x07870000,0x078c0000)]
  0x05870800 JavaThread "WeakCollectionCleaner" daemon [_thread_blocked, id=1472, stack(0x077e0000,0x07830000)]
  0x0498ac00 JavaThread "TimerQueue" daemon [_thread_blocked, id=5112, stack(0x07750000,0x077a0000)]
  0x04989000 JavaThread "DestroyJavaVM" [_thread_blocked, id=1560, stack(0x00770000,0x007c0000)]
  0x04989c00 JavaThread "AWT-EventQueue-0" [_thread_blocked, id=5036, stack(0x05910000,0x05960000)]
  0x04927000 JavaThread "AWT-Shutdown" [_thread_blocked, id=10488, stack(0x04fe0000,0x05030000)]
  0x04926400 JavaThread "Java2D Disposer" daemon [_thread_blocked, id=4860, stack(0x04de0000,0x04e30000)]
  0x0210ec00 JavaThread "Service Thread" daemon [_thread_blocked, id=4884, stack(0x046c0000,0x04710000)]
  0x02105800 JavaThread "C1 CompilerThread0" daemon [_thread_blocked, id=11100, stack(0x04630000,0x04680000)]
  0x02103c00 JavaThread "Attach Listener" daemon [_thread_blocked, id=9012, stack(0x045a0000,0x045f0000)]
  0x02102800 JavaThread "Signal Dispatcher" daemon [_thread_blocked, id=2944, stack(0x04510000,0x04560000)]
  0x02092800 JavaThread "Finalizer" daemon [_thread_blocked, id=8508, stack(0x04480000,0x044d0000)]
  0x02091000 JavaThread "Reference Handler" daemon [_thread_blocked, id=10420, stack(0x043f0000,0x04440000)]

Other Threads:
=>0x0208fc00 VMThread [stack: 0x04360000,0x043b0000] [id=888]

VM state:at safepoint (shutting down)

VM Mutex/Monitor currently owned by a thread:  ([mutex/lock_event])
[0x021fc330] Threads_lock - owner thread: 0x0208fc00

Heap
 def new generation   total 60608K, used 10014K [0x24000000, 0x281c0000, 0x29550000)
  eden space 53888K,  10% used [0x24000000, 0x2457aae0, 0x274a0000)
  from space 6720K,  65% used [0x274a0000, 0x278ed098, 0x27b30000)
  to   space 6720K,   0% used [0x27b30000, 0x27b30000, 0x281c0000)
 tenured generation   total 134500K, used 114286K [0x29550000, 0x318a9000, 0x34000000)
   the space 134500K,  84% used [0x29550000, 0x304eb810, 0x304eba00, 0x318a9000)
 compacting perm gen  total 12288K, used 8828K [0x34000000, 0x34c00000, 0x38000000)
   the space 12288K,  71% used [0x34000000, 0x3489f1e8, 0x3489f200, 0x34c00000)
    ro space 10240K,  42% used [0x38000000, 0x38434778, 0x38434800, 0x38a00000)
    rw space 12288K,  52% used [0x38a00000, 0x39049a68, 0x39049c00, 0x39600000)

Card table byte_map: [0x04200000,0x042b0000] byte_map_base: 0x040e0000

Polling page: 0x00740000

Code Cache  [0x02200000, 0x02510000, 0x04200000)
 total_blobs=1886 nmethods=1597 adapters=225 free_code_cache=29634Kb largest_free_block=30344768

Compilation events (10 events):
Event: 60.703 Thread 0x02105800 1602             javax.swing.plaf.synth.SynthPanelUI::getContext (11 bytes)
Event: 60.704 Thread 0x02105800 nmethod 1602 0x0250e648 code [0x0250e7a0, 0x0250e944]
Event: 60.704 Thread 0x02105800 1603             javax.swing.plaf.synth.SynthPanelUI::getComponentState (5 bytes)
Event: 60.704 Thread 0x02105800 nmethod 1603 0x0250ecc8 code [0x0250ede0, 0x0250eee4]
Event: 62.025 Thread 0x02105800 1604             java.util.IdentityHashMap::keySet (26 bytes)
Event: 62.026 Thread 0x02105800 nmethod 1604 0x0250f088 code [0x0250f180, 0x0250f270]
Event: 62.953 Thread 0x02105800 1605             java.awt.Component::processMouseMotionEvent (58 bytes)
Event: 62.953 Thread 0x02105800 nmethod 1605 0x0250f2c8 code [0x0250f3e0, 0x0250f4c8]
Event: 63.557 Thread 0x02105800 1606             java.util.IdentityHashMap$IdentityHashMapIterator::nextIndex (72 bytes)
Event: 63.558 Thread 0x02105800 nmethod 1606 0x0250f588 code [0x0250f6b0, 0x0250f884]

GC Heap History (10 events):
Event: 58.512 GC heap before
{Heap before GC invocations=37 (full 8):
 def new generation   total 60608K, used 56799K [0x24000000, 0x281c0000, 0x29550000)
  eden space 53888K, 100% used [0x24000000, 0x274a0000, 0x274a0000)
  from space 6720K,  43% used [0x27b30000, 0x27e07ea8, 0x281c0000)
  to   space 6720K,   0% used [0x274a0000, 0x274a0000, 0x27b30000)
 tenured generation   total 134500K, used 107703K [0x29550000, 0x318a9000, 0x34000000)
   the space 134500K,  80% used [0x29550000, 0x2fe7df40, 0x2fe7e000, 0x318a9000)
 compacting perm gen  total 12288K, used 8824K [0x34000000, 0x34c00000, 0x38000000)
   the space 12288K,  71% used [0x34000000, 0x3489e348, 0x3489e400, 0x34c00000)
    ro space 10240K,  42% used [0x38000000, 0x38434778, 0x38434800, 0x38a00000)
    rw space 12288K,  52% used [0x38a00000, 0x39049a68, 0x39049c00, 0x39600000)
Event: 58.514 GC heap after
Heap after GC invocations=38 (full 8):
 def new generation   total 60608K, used 4716K [0x24000000, 0x281c0000, 0x29550000)
  eden space 53888K,   0% used [0x24000000, 0x24000000, 0x274a0000)
  from space 6720K,  70% used [0x274a0000, 0x2793b0e0, 0x27b30000)
  to   space 6720K,   0% used [0x27b30000, 0x27b30000, 0x281c0000)
 tenured generation   total 134500K, used 107703K [0x29550000, 0x318a9000, 0x34000000)
   the space 134500K,  80% used [0x29550000, 0x2fe7df40, 0x2fe7e000, 0x318a9000)
 compacting perm gen  total 12288K, used 8824K [0x34000000, 0x34c00000, 0x38000000)
   the space 12288K,  71% used [0x34000000, 0x3489e348, 0x3489e400, 0x34c00000)
    ro space 10240K,  42% used [0x38000000, 0x38434778, 0x38434800, 0x38a00000)
    rw space 12288K,  52% used [0x38a00000, 0x39049a68, 0x39049c00, 0x39600000)
}
Event: 59.770 GC heap before
{Heap before GC invocations=38 (full 8):
 def new generation   total 60608K, used 58474K [0x24000000, 0x281c0000, 0x29550000)
  eden space 53888K,  99% used [0x24000000, 0x2747f918, 0x274a0000)
  from space 6720K,  70% used [0x274a0000, 0x2793b0e0, 0x27b30000)
  to   space 6720K,   0% used [0x27b30000, 0x27b30000, 0x281c0000)
 tenured generation   total 134500K, used 107703K [0x29550000, 0x318a9000, 0x34000000)
   the space 134500K,  80% used [0x29550000, 0x2fe7df40, 0x2fe7e000, 0x318a9000)
 compacting perm gen  total 12288K, used 8824K [0x34000000, 0x34c00000, 0x38000000)
   the space 12288K,  71% used [0x34000000, 0x3489e348, 0x3489e400, 0x34c00000)
    ro space 10240K,  42% used [0x38000000, 0x38434778, 0x38434800, 0x38a00000)
    rw space 12288K,  52% used [0x38a00000, 0x39049a68, 0x39049c00, 0x39600000)
Event: 59.772 GC heap after
Heap after GC invocations=39 (full 8):
 def new generation   total 60608K, used 6636K [0x24000000, 0x281c0000, 0x29550000)
  eden space 53888K,   0% used [0x24000000, 0x24000000, 0x274a0000)
  from space 6720K,  98% used [0x27b30000, 0x281ab150, 0x281c0000)
  to   space 6720K,   0% used [0x274a0000, 0x274a0000, 0x27b30000)
 tenured generation   total 134500K, used 110525K [0x29550000, 0x318a9000, 0x34000000)
   the space 134500K,  82% used [0x29550000, 0x3013f730, 0x3013f800, 0x318a9000)
 compacting perm gen  total 12288K, used 8824K [0x34000000, 0x34c00000, 0x38000000)
   the space 12288K,  71% used [0x34000000, 0x3489e348, 0x3489e400, 0x34c00000)
    ro space 10240K,  42% used [0x38000000, 0x38434778, 0x38434800, 0x38a00000)
    rw space 12288K,  52% used [0x38a00000, 0x39049a68, 0x39049c00, 0x39600000)
}
Event: 60.304 GC heap before
{Heap before GC invocations=39 (full 8):
 def new generation   total 60608K, used 60492K [0x24000000, 0x281c0000, 0x29550000)
  eden space 53888K,  99% used [0x24000000, 0x27498090, 0x274a0000)
  from space 6720K,  98% used [0x27b30000, 0x281ab150, 0x281c0000)
  to   space 6720K,   0% used [0x274a0000, 0x274a0000, 0x27b30000)
 tenured generation   total 134500K, used 110525K [0x29550000, 0x318a9000, 0x34000000)
   the space 134500K,  82% used [0x29550000, 0x3013f730, 0x3013f800, 0x318a9000)
 compacting perm gen  total 12288K, used 8824K [0x34000000, 0x34c00000, 0x38000000)
   the space 12288K,  71% used [0x34000000, 0x3489e378, 0x3489e400, 0x34c00000)
    ro space 10240K,  42% used [0x38000000, 0x38434778, 0x38434800, 0x38a00000)
    rw space 12288K,  52% used [0x38a00000, 0x39049a68, 0x39049c00, 0x39600000)
Event: 60.306 GC heap after
Heap after GC invocations=40 (full 8):
 def new generation   total 60608K, used 4701K [0x24000000, 0x281c0000, 0x29550000)
  eden space 53888K,   0% used [0x24000000, 0x24000000, 0x274a0000)
  from space 6720K,  69% used [0x274a0000, 0x27937700, 0x27b30000)
  to   space 6720K,   0% used [0x27b30000, 0x27b30000, 0x281c0000)
 tenured generation   total 134500K, used 113500K [0x29550000, 0x318a9000, 0x34000000)
   the space 134500K,  84% used [0x29550000, 0x30427290, 0x30427400, 0x318a9000)
 compacting perm gen  total 12288K, used 8824K [0x34000000, 0x34c00000, 0x38000000)
   the space 12288K,  71% used [0x34000000, 0x3489e378, 0x3489e400, 0x34c00000)
    ro space 10240K,  42% used [0x38000000, 0x38434778, 0x38434800, 0x38a00000)
    rw space 12288K,  52% used [0x38a00000, 0x39049a68, 0x39049c00, 0x39600000)
}
Event: 60.554 GC heap before
{Heap before GC invocations=40 (full 8):
 def new generation   total 60608K, used 58433K [0x24000000, 0x281c0000, 0x29550000)
  eden space 53888K,  99% used [0x24000000, 0x27478f98, 0x274a0000)
  from space 6720K,  69% used [0x274a0000, 0x27937700, 0x27b30000)
  to   space 6720K,   0% used [0x27b30000, 0x27b30000, 0x281c0000)
 tenured generation   total 134500K, used 113500K [0x29550000, 0x318a9000, 0x34000000)
   the space 134500K,  84% used [0x29550000, 0x30427290, 0x30427400, 0x318a9000)
 compacting perm gen  total 12288K, used 8824K [0x34000000, 0x34c00000, 0x38000000)
   the space 12288K,  71% used [0x34000000, 0x3489e388, 0x3489e400, 0x34c00000)
    ro space 10240K,  42% used [0x38000000, 0x38434778, 0x38434800, 0x38a00000)
    rw space 12288K,  52% used [0x38a00000, 0x39049a68, 0x39049c00, 0x39600000)
Event: 60.556 GC heap after
Heap after GC invocations=41 (full 8):
 def new generation   total 60608K, used 2859K [0x24000000, 0x281c0000, 0x29550000)
  eden space 53888K,   0% used [0x24000000, 0x24000000, 0x274a0000)
  from space 6720K,  42% used [0x27b30000, 0x27dfaf28, 0x281c0000)
  to   space 6720K,   0% used [0x274a0000, 0x274a0000, 0x27b30000)
 tenured generation   total 134500K, used 114286K [0x29550000, 0x318a9000, 0x34000000)
   the space 134500K,  84% used [0x29550000, 0x304eb810, 0x304eba00, 0x318a9000)
 compacting perm gen  total 12288K, used 8824K [0x34000000, 0x34c00000, 0x38000000)
   the space 12288K,  71% used [0x34000000, 0x3489e388, 0x3489e400, 0x34c00000)
    ro space 10240K,  42% used [0x38000000, 0x38434778, 0x38434800, 0x38a00000)
    rw space 12288K,  52% used [0x38a00000, 0x39049a68, 0x39049c00, 0x39600000)
}
Event: 62.793 GC heap before
{Heap before GC invocations=41 (full 8):
 def new generation   total 60608K, used 56540K [0x24000000, 0x281c0000, 0x29550000)
  eden space 53888K,  99% used [0x24000000, 0x2746c288, 0x274a0000)
  from space 6720K,  42% used [0x27b30000, 0x27dfaf28, 0x281c0000)
  to   space 6720K,   0% used [0x274a0000, 0x274a0000, 0x27b30000)
 tenured generation   total 134500K, used 114286K [0x29550000, 0x318a9000, 0x34000000)
   the space 134500K,  84% used [0x29550000, 0x304eb810, 0x304eba00, 0x318a9000)
 compacting perm gen  total 12288K, used 8824K [0x34000000, 0x34c00000, 0x38000000)
   the space 12288K,  71% used [0x34000000, 0x3489e388, 0x3489e400, 0x34c00000)
    ro space 10240K,  42% used [0x38000000, 0x38434778, 0x38434800, 0x38a00000)
    rw space 12288K,  52% used [0x38a00000, 0x39049a68, 0x39049c00, 0x39600000)
Event: 62.795 GC heap after
Heap after GC invocations=42 (full 8):
 def new generation   total 60608K, used 4404K [0x24000000, 0x281c0000, 0x29550000)
  eden space 53888K,   0% used [0x24000000, 0x24000000, 0x274a0000)
  from space 6720K,  65% used [0x274a0000, 0x278ed098, 0x27b30000)
  to   space 6720K,   0% used [0x27b30000, 0x27b30000, 0x281c0000)
 tenured generation   total 134500K, used 114286K [0x29550000, 0x318a9000, 0x34000000)
   the space 134500K,  84% used [0x29550000, 0x304eb810, 0x304eba00, 0x318a9000)
 compacting perm gen  total 12288K, used 8824K [0x34000000, 0x34c00000, 0x38000000)
   the space 12288K,  71% used [0x34000000, 0x3489e388, 0x3489e400, 0x34c00000)
    ro space 10240K,  42% used [0x38000000, 0x38434778, 0x38434800, 0x38a00000)
    rw space 12288K,  52% used [0x38a00000, 0x39049a68, 0x39049c00, 0x39600000)
}

Deoptimization events (0 events):
No events

Internal exceptions (10 events):
Event: 58.506 Thread 0x05873400 Threw 0x271ff8f0 at C:\re\jdk7u60\1081\hotspot\src\share\vm\prims\jni.cpp:743
Event: 58.506 Thread 0x0586dc00 Threw 0x27212810 at C:\re\jdk7u60\1081\hotspot\src\share\vm\prims\jni.cpp:743
Event: 58.506 Thread 0x0586dc00 Threw 0x27212a80 at C:\re\jdk7u60\1081\hotspot\src\share\vm\prims\jni.cpp:743
Event: 58.506 Thread 0x0586dc00 Threw 0x27212cf0 at C:\re\jdk7u60\1081\hotspot\src\share\vm\prims\jni.cpp:743
Event: 58.507 Thread 0x05872400 Threw 0x27225c10 at C:\re\jdk7u60\1081\hotspot\src\share\vm\prims\jni.cpp:743
Event: 58.507 Thread 0x05872400 Threw 0x27225e80 at C:\re\jdk7u60\1081\hotspot\src\share\vm\prims\jni.cpp:743
Event: 58.507 Thread 0x05872400 Threw 0x272260f0 at C:\re\jdk7u60\1081\hotspot\src\share\vm\prims\jni.cpp:743
Event: 59.855 Thread 0x05873400 Threw 0x24e0a260 at C:\re\jdk7u60\1081\hotspot\src\share\vm\prims\jni.cpp:743
Event: 59.855 Thread 0x05873400 Threw 0x24e0a4d0 at C:\re\jdk7u60\1081\hotspot\src\share\vm\prims\jni.cpp:743
Event: 59.855 Thread 0x05873400 Threw 0x24e0a740 at C:\re\jdk7u60\1081\hotspot\src\share\vm\prims\jni.cpp:743

Events (10 events):
Event: 63.681 loading class 0x39670c20
Event: 63.681 Thread 0x05873400 Thread exited: 0x05873400
Event: 63.681 loading class 0x39670bc8
Event: 63.681 Thread 0x0586d800 Thread exited: 0x0586d800
Event: 63.681 loading class 0x39670bc8 done
Event: 63.681 loading class 0x39670c20 done
Event: 63.681 Thread 0x0586f800 Thread exited: 0x0586f800
Event: 63.702 Thread 0x04988c00 Thread exited: 0x04988c00
Event: 63.782 Thread 0x0586d000 Thread exited: 0x0586d000
Event: 63.782 Executing VM operation: Exit


Dynamic libraries:
0x00a70000 - 0x00a9f000 	C:\Program Files (x86)\Java\jre7\bin\javaw.exe
0x76fe0000 - 0x77137000 	C:\Windows\SYSTEM32\ntdll.dll
0x74690000 - 0x747c0000 	C:\Windows\SYSTEM32\KERNEL32.DLL
0x76a80000 - 0x76b27000 	C:\Windows\SYSTEM32\KERNELBASE.dll
0x747c0000 - 0x7486e000 	C:\Windows\SYSTEM32\ADVAPI32.dll
0x764f0000 - 0x76606000 	C:\Windows\SYSTEM32\USER32.dll
0x73130000 - 0x73328000 	C:\Windows\WinSxS\x86_microsoft.windows.common-controls_6595b64144ccf1df_6.0.9200.16579_none_8937eec6860750f5\COMCTL32.dll
0x76000000 - 0x760b1000 	C:\Windows\SYSTEM32\msvcrt.dll
0x74870000 - 0x748a4000 	C:\Windows\SYSTEM32\sechost.dll
0x760c0000 - 0x7616c000 	C:\Windows\SYSTEM32\RPCRT4.dll
0x748b0000 - 0x749ad000 	C:\Windows\SYSTEM32\GDI32.dll
0x745d0000 - 0x745ed000 	C:\Windows\SYSTEM32\SspiCli.dll
0x745c0000 - 0x745c9000 	C:\Windows\SYSTEM32\CRYPTBASE.dll
0x74560000 - 0x745b1000 	C:\Windows\SYSTEM32\bcryptPrimitives.dll
0x762e0000 - 0x76300000 	C:\Windows\system32\IMM32.DLL
0x76680000 - 0x7675e000 	C:\Windows\SYSTEM32\MSCTF.dll
0x5e970000 - 0x5ea2f000 	C:\Program Files (x86)\Java\jre7\bin\msvcr100.dll
0x5e310000 - 0x5e698000 	C:\Program Files (x86)\Java\jre7\bin\client\jvm.dll
0x71c10000 - 0x71c18000 	C:\Windows\SYSTEM32\WSOCK32.dll
0x71fb0000 - 0x71fd1000 	C:\Windows\SYSTEM32\WINMM.dll
0x76300000 - 0x76306000 	C:\Windows\SYSTEM32\PSAPI.DLL
0x75f80000 - 0x75fd0000 	C:\Windows\SYSTEM32\WS2_32.dll
0x71c70000 - 0x71c9b000 	C:\Windows\SYSTEM32\WINMMBASE.dll
0x75ff0000 - 0x75ff8000 	C:\Windows\SYSTEM32\NSI.dll
0x76b30000 - 0x76b76000 	C:\Windows\SYSTEM32\cfgmgr32.dll
0x75f00000 - 0x75f1e000 	C:\Windows\SYSTEM32\DEVOBJ.dll
0x720a0000 - 0x720ac000 	C:\Program Files (x86)\Java\jre7\bin\verify.dll
0x70bb0000 - 0x70bd0000 	C:\Program Files (x86)\Java\jre7\bin\java.dll
0x70b90000 - 0x70ba3000 	C:\Program Files (x86)\Java\jre7\bin\zip.dll
0x6f490000 - 0x6f5d3000 	C:\Program Files (x86)\Java\jre7\bin\awt.dll
0x76c00000 - 0x76c8b000 	C:\Windows\SYSTEM32\OLEAUT32.dll
0x76de0000 - 0x76f16000 	C:\Windows\SYSTEM32\combase.dll
0x72dd0000 - 0x72e77000 	C:\Windows\system32\apphelp.dll
0x71a40000 - 0x71a59000 	C:\Windows\system32\DWMAPI.DLL
0x726b0000 - 0x72738000 	C:\Windows\system32\uxtheme.dll
0x76760000 - 0x76879000 	C:\Windows\SYSTEM32\ole32.dll
0x74da0000 - 0x75e66000 	C:\Windows\SYSTEM32\SHELL32.dll
0x75f40000 - 0x75f80000 	C:\Windows\SYSTEM32\SHLWAPI.dll
0x73330000 - 0x733a3000 	C:\Windows\SYSTEM32\shcore.dll
0x718b0000 - 0x718e9000 	C:\Program Files (x86)\Java\jre7\bin\fontmanager.dll
0x6f250000 - 0x6f264000 	C:\Program Files (x86)\Java\jre7\bin\net.dll
0x72e80000 - 0x72eca000 	C:\Windows\system32\mswsock.dll
0x718a0000 - 0x718af000 	C:\Program Files (x86)\Java\jre7\bin\nio.dll
0x706d0000 - 0x70700000 	C:\Program Files (x86)\Java\jre7\bin\t2k.dll
0x76b80000 - 0x76bf4000 	C:\Windows\SYSTEM32\clbcatq.dll
0x6a8a0000 - 0x6a9eb000 	C:\Windows\SYSTEM32\WindowsCodecs.dll
0x76dc0000 - 0x76dd1000 	C:\Windows\SYSTEM32\profapi.dll
0x60450000 - 0x60474000 	C:\Program Files (x86)\Java\jre7\bin\dcpr.dll
0x5e900000 - 0x5e96d000 	C:\binaries\terrajava.dll
0x5e220000 - 0x5e307000 	C:\binaries\terramanager-funcate.dll
0x59300000 - 0x59ba6000 	C:\binaries\terralib.dll
0x64af0000 - 0x64b59000 	C:\Windows\SYSTEM32\MSVCP100.dll
0x6d880000 - 0x6db4c000 	C:\binaries\bgd.dll
0x5f9b0000 - 0x5f9cb000 	C:\binaries\terraogc_xml.dll
0x5f990000 - 0x5f9ad000 	C:\binaries\terraogc_sld.dll
0x5e8d0000 - 0x5e8f6000 	C:\binaries\terraogc_se.dll
0x5e1e0000 - 0x5e216000 	C:\binaries\terraogc_filter.dll
0x5e180000 - 0x5e1d2000 	C:\binaries\terraogc_ows.dll
0x5e8b0000 - 0x5e8c9000 	C:\binaries\terraogc_common.dll
0x66b80000 - 0x66b8b000 	C:\binaries\terralib_shp.dll
0x5f980000 - 0x5f98e000 	C:\binaries\terralib_spl.dll
0x05e90000 - 0x06286000 	C:\binaries\qt-mt338.dll
0x613d0000 - 0x6149e000 	C:\Windows\SYSTEM32\OPENGL32.dll
0x613a0000 - 0x613c3000 	C:\Windows\SYSTEM32\GLU32.dll
0x5e100000 - 0x5e17f000 	C:\binaries\qwt500.dll
0x0f6f0000 - 0x116ef000 	C:\binaries\berkelium.dll
0x06290000 - 0x063d1000 	C:\binaries\LIBMYSQL.dll
0x63100000 - 0x63121000 	C:\binaries\LIBPQ.dll
0x063e0000 - 0x06441000 	C:\binaries\OCI.dll
0x5da30000 - 0x5daba000 	C:\binaries\libtiff.dll
0x56580000 - 0x56d52000 	C:\binaries\gdal110.dll
0x12000000 - 0x121dc000 	C:\binaries\xerces-c_3_1.dll
0x592a0000 - 0x592f5000 	C:\binaries\terraogc_wms.dll
0x59240000 - 0x59293000 	C:\binaries\terraogc_gml.dll
0x591f0000 - 0x59231000 	C:\binaries\terraogc_xsd.dll
0x5a810000 - 0x5a830000 	C:\binaries\terraogc_xacml.dll
0x71f30000 - 0x71f90000 	C:\Windows\SYSTEM32\WINSPOOL.DRV
0x7c340000 - 0x7c396000 	C:\Windows\SYSTEM32\MSVCR71.dll
0x608a0000 - 0x60979000 	C:\Windows\SYSTEM32\DDRAW.dll
0x727a0000 - 0x727a9000 	C:\Windows\SYSTEM32\Secur32.dll
0x75f20000 - 0x75f3b000 	C:\Windows\SYSTEM32\USERENV.dll
0x71520000 - 0x71570000 	C:\Windows\SYSTEM32\OLEACC.dll
0x54200000 - 0x54276000 	C:\Windows\SYSTEM32\RICHED20.dll
0x72ee0000 - 0x72ee8000 	C:\Windows\SYSTEM32\VERSION.dll
0x720b0000 - 0x720c4000 	C:\Windows\SYSTEM32\USP10.dll
0x72c50000 - 0x72cc5000 	C:\Windows\SYSTEM32\DNSAPI.dll
0x064f0000 - 0x0659a000 	C:\Windows\libeay32.dll
0x065a0000 - 0x065ad000 	C:\binaries\libintl-2.dll
0x72ed0000 - 0x72ed6000 	C:\Windows\SYSTEM32\SHFOLDER.DLL
0x065b0000 - 0x065d6000 	C:\Windows\ssleay32.dll
0x065e0000 - 0x06606000 	C:\binaries\libexpat.dll
0x60770000 - 0x60811000 	C:\Windows\SYSTEM32\ODBC32.dll
0x60760000 - 0x60767000 	C:\Windows\SYSTEM32\DCIMAN32.dll
0x663b0000 - 0x663db000 	C:\Windows\SYSTEM32\msls31.dll
0x06660000 - 0x0673b000 	C:\binaries\libiconv-2.dll
0x6f600000 - 0x6f61d000 	C:\Windows\SYSTEM32\gpapi.dll
0x74530000 - 0x74556000 	C:\Windows\SYSTEM32\ntmarta.dll
0x54e60000 - 0x55708000 	C:\binaries\icudt46.dll
0x53850000 - 0x53979000 	C:\Windows\SYSTEM32\dbghelp.dll
0x72040000 - 0x72050000 	C:\Windows\system32\napinsp.dll
0x72020000 - 0x72034000 	C:\Windows\system32\pnrpnsp.dll
0x72010000 - 0x72020000 	C:\Windows\system32\NLAapi.dll
0x72000000 - 0x72009000 	C:\Windows\System32\winrnr.dll
0x71ac0000 - 0x71ad0000 	C:\Windows\system32\wshbth.dll
0x726a0000 - 0x726a7000 	C:\Windows\System32\rasadhlp.dll
0x71c30000 - 0x71c6f000 	C:\Windows\System32\fwpuclnt.dll
0x72cd0000 - 0x72cf0000 	C:\Windows\SYSTEM32\IPHLPAPI.DLL
0x72c40000 - 0x72c48000 	C:\Windows\SYSTEM32\WINNSI.DLL
0x730d0000 - 0x730ea000 	C:\Windows\SYSTEM32\CRYPTSP.dll
0x73090000 - 0x730ce000 	C:\Windows\system32\rsaenh.dll
0x72c30000 - 0x72c40000 	C:\Windows\SYSTEM32\dhcpcsvc6.DLL
0x72c10000 - 0x72c22000 	C:\Windows\SYSTEM32\dhcpcsvc.DLL
0x591c0000 - 0x591e5000 	C:\Program Files (x86)\Java\jre7\bin\jpeg.dll

VM Arguments:
jvm_args: -Dfile.encoding=ISO-8859-1 
java_command: com.nexusbr.gv.main.ConnectDBMain
Launcher Type: SUN_STANDARD

Environment Variables:
JAVA_HOME=C:\Program Files (x86)\Java\jre7
PATH=C:/Program Files (x86)/Java/jre7/bin/client;C:/Program Files (x86)/Java/jre7/bin;C:/Program Files (x86)/Java/jre7/lib/i386;C:\Program Files (x86)\PHP\;c:\Program Files (x86)\Intel\iCLS Client\;c:\Program Files\Intel\iCLS Client\;C:\Windows\system32;C:\Windows;C:\Windows\System32\Wbem;C:\Windows\System32\WindowsPowerShell\v1.0\;C:\Program Files\Intel\Intel(R) Management Engine Components\DAL;C:\Program Files\Intel\Intel(R) Management Engine Components\IPT;C:\Program Files (x86)\Intel\Intel(R) Management Engine Components\DAL;C:\Program Files (x86)\Intel\Intel(R) Management Engine Components\IPT;C:\Program Files (x86)\Intel\OpenCL SDK\3.0\bin\x86;C:\Program Files (x86)\Intel\OpenCL SDK\3.0\bin\x64;C:\Program Files (x86)\Windows Live\Shared;C:\binaries;c:\Program Files (x86)\Microsoft SQL Server\100\Tools\Binn\;c:\Program Files\Microsoft SQL Server\100\Tools\Binn\;c:\Program Files\Microsoft SQL Server\100\DTS\Binn\;C:\strawberry\c\bin;C:\strawberry\perl\site\bin;C:\strawberry\perl\bin;C:\Program Files (x86)\Microsoft SQL Server\110\Tools\Binn\ManagementStudio\;C:\Program Files (x86)\Microsoft SQL Server\110\Tools\Binn\;C:\Program Files\Microsoft SQL Server\110\Tools\Binn\;C:\Program Files (x86)\Microsoft SQL Server\110\DTS\Binn\;C:\Program Files\TortoiseSVN\bin;C:\Python34;C:\Program Files (x86)\Java\jre7\bin;C:\eclipse;
USERNAME=inacio
OS=Windows_NT
PROCESSOR_IDENTIFIER=Intel64 Family 6 Model 69 Stepping 1, GenuineIntel



---------------  S Y S T E M  ---------------

OS: Windows 8 , 64 bit Build 9200 

CPU:total 4 (2 cores per cpu, 2 threads per core) family 6 model 69 stepping 1, cmov, cx8, fxsr, mmx, sse, sse2, sse3, ssse3, sse4.1, sse4.2, popcnt, avx, avx2, aes, erms, ht, tsc, tscinvbit

Memory: 4k page, physical 8290700k(2227808k free), swap 9535884k(3207432k free)

vm_info: Java HotSpot(TM) Client VM (24.60-b09) for windows-x86 JRE (1.7.0_60-b19), built on May  7 2014 13:09:52 by "java_re" with unknown MS VC++:1600

time: Fri Jul 04 08:58:47 2014
elapsed time: 63 seconds

