#
# A fatal error has been detected by the Java Runtime Environment:
#
#  EXCEPTION_ACCESS_VIOLATION (0xc0000005) at pc=0x0fee9052, pid=8560, tid=2932
#
# JRE version: Java(TM) SE Runtime Environment (7.0_60-b19) (build 1.7.0_60-b19)
# Java VM: Java HotSpot(TM) Client VM (24.60-b09 mixed mode, sharing windows-x86 )
# Problematic frame:
# C  [berkelium.dll+0xa39052]
#
# Failed to write core dump. Minidumps are not enabled by default on client versions of Windows
#
# If you would like to submit a bug report, please visit:
#   http://bugreport.sun.com/bugreport/crash.jsp
#

---------------  T H R E A D  ---------------

Current thread (0x0204fc00):  VMThread [stack: 0x041f0000,0x04240000] [id=2932]

siginfo: ExceptionCode=0xc0000005, reading address 0x000000f8

Registers:
EAX=0x0423f1e4, EBX=0x000493e0, ECX=0x0423f1e4, EDX=0x394e1b08
ESP=0x0423f1d4, EBP=0x00000087, ESI=0x00000000, EDI=0x4b2fbe08
EIP=0x0fee9052, EFLAGS=0x00010206

Top of Stack: (sp=0x0423f1d4)
0x0423f1d4:   06c01168 06c01168 06b5ab00 00000000
0x0423f1e4:   394e1b08 00000087 06bf3a20 06bfc900
0x0423f1f4:   00000000 00000000 00000000 74616401
0x0423f204:   69642d61 06e90072 00000023 0000002f
0x0423f214:   00000000 06b87070 002e5bf3 06c01000
0x0423f224:   06b5ab44 ffffff00 0f51bf20 11039778
0x0423f234:   066d0030 00000000 0000000f 1103a730
0x0423f244:   00000001 0f519783 00000008 00000001 

Instructions: (pc=0x0fee9052)
0x0fee9032:   03 00 00 57 53 e8 f4 c8 60 ff 8b ea 8d 54 24 10
0x0fee9042:   52 8b f8 e8 26 ca 00 00 83 c4 04 03 38 13 68 04
0x0fee9052:   8b 86 f8 00 00 00 0b 86 fc 00 00 00 89 7c 24 20
0x0fee9062:   89 6c 24 24 75 3e 39 84 24 d4 00 00 00 7f 35 7c 


Register to memory mapping:

EAX=
[error occurred during error reporting (printing register info), id 0xc0000005]

Stack: [0x041f0000,0x04240000],  sp=0x0423f1d4,  free space=316k
Native frames: (J=compiled Java code, j=interpreted, Vv=VM code, C=native code)
C  [berkelium.dll+0xa39052]

VM_Operation (0x057be700): Exit, mode: safepoint, requested by thread 0x0533a000


---------------  P R O C E S S  ---------------

Java Threads: ( => current thread )
  0x056a3800 JavaThread "WeakCollectionCleaner" daemon [_thread_blocked, id=8548, stack(0x08e60000,0x08eb0000)]
  0x0569a000 JavaThread "TimerQueue" daemon [_thread_blocked, id=8552, stack(0x075c0000,0x07610000)]
  0x021ee000 JavaThread "DestroyJavaVM" [_thread_blocked, id=9644, stack(0x006c0000,0x00710000)]
  0x0533a000 JavaThread "AWT-EventQueue-0" [_thread_blocked, id=9968, stack(0x05770000,0x057c0000)]
  0x04813c00 JavaThread "AWT-Shutdown" [_thread_blocked, id=1324, stack(0x04e40000,0x04e90000)]
  0x04812c00 JavaThread "Java2D Disposer" daemon [_thread_blocked, id=10548, stack(0x04db0000,0x04e00000)]
  0x020cb000 JavaThread "Service Thread" daemon [_thread_blocked, id=752, stack(0x04550000,0x045a0000)]
  0x020c4800 JavaThread "C1 CompilerThread0" daemon [_thread_blocked, id=11108, stack(0x044c0000,0x04510000)]
  0x020c2c00 JavaThread "Attach Listener" daemon [_thread_blocked, id=10556, stack(0x04430000,0x04480000)]
  0x020c1c00 JavaThread "Signal Dispatcher" daemon [_thread_blocked, id=5464, stack(0x043a0000,0x043f0000)]
  0x02052800 JavaThread "Finalizer" daemon [_thread_blocked, id=6976, stack(0x04310000,0x04360000)]
  0x02051000 JavaThread "Reference Handler" daemon [_thread_blocked, id=4136, stack(0x04280000,0x042d0000)]

Other Threads:
=>0x0204fc00 VMThread [stack: 0x041f0000,0x04240000] [id=2932]

VM state:at safepoint (shutting down)

VM Mutex/Monitor currently owned by a thread:  ([mutex/lock_event])
[0x021ec2c8] Threads_lock - owner thread: 0x0204fc00

Heap
 def new generation   total 24192K, used 11186K [0x24000000, 0x25a30000, 0x29550000)
  eden space 21568K,  40% used [0x24000000, 0x24883b78, 0x25510000)
  from space 2624K,  94% used [0x25510000, 0x25778e28, 0x257a0000)
  to   space 2624K,   0% used [0x257a0000, 0x257a0000, 0x25a30000)
 tenured generation   total 53548K, used 52800K [0x29550000, 0x2c99b000, 0x34000000)
   the space 53548K,  98% used [0x29550000, 0x2c8e0068, 0x2c8e0200, 0x2c99b000)
 compacting perm gen  total 12288K, used 8793K [0x34000000, 0x34c00000, 0x38000000)
   the space 12288K,  71% used [0x34000000, 0x34896520, 0x34896600, 0x34c00000)
    ro space 10240K,  42% used [0x38000000, 0x38434778, 0x38434800, 0x38a00000)
    rw space 12288K,  52% used [0x38a00000, 0x39049a68, 0x39049c00, 0x39600000)

Card table byte_map: [0x009b0000,0x00a60000] byte_map_base: 0x00890000

Polling page: 0x00710000

Code Cache  [0x021f0000, 0x02400000, 0x041f0000)
 total_blobs=1256 nmethods=969 adapters=223 free_code_cache=30666Kb largest_free_block=31400576

Compilation events (10 events):
Event: 25.543 Thread 0x020c4800  974             java.awt.EventQueue$3::run (5 bytes)
Event: 25.543 Thread 0x020c4800 nmethod 974 0x023fcd08 code [0x023fce10, 0x023fcebc]
Event: 25.543 Thread 0x020c4800  975             java.awt.EventQueue$3::run (17 bytes)
Event: 25.543 Thread 0x020c4800 nmethod 975 0x023fcf88 code [0x023fd090, 0x023fd13c]
Event: 25.598 Thread 0x020c4800  976             java.awt.EventDispatchThread$1::evaluate (2 bytes)
Event: 25.598 Thread 0x020c4800 nmethod 976 0x023fd208 code [0x023fd300, 0x023fd380]
Event: 25.599 Thread 0x020c4800  977             java.awt.EventDispatchThread$HierarchyEventFilter::acceptEvent (225 bytes)
Event: 25.600 Thread 0x020c4800 nmethod 977 0x023fd3c8 code [0x023fd520, 0x023fd944]
Event: 25.750 Thread 0x020c4800  978             java.lang.Thread::interrupted (8 bytes)
Event: 25.750 Thread 0x020c4800 nmethod 978 0x023fdb88 code [0x023fdc80, 0x023fdd1c]

GC Heap History (10 events):
Event: 7.713 GC heap before
{Heap before GC invocations=15 (full 3):
 def new generation   total 13376K, used 13375K [0x24000000, 0x24e80000, 0x29550000)
  eden space 11904K,  99% used [0x24000000, 0x24b9fe68, 0x24ba0000)
  from space 1472K,  99% used [0x24d10000, 0x24e7ffa8, 0x24e80000)
  to   space 1472K,   0% used [0x24ba0000, 0x24ba0000, 0x24d10000)
 tenured generation   total 29548K, used 23949K [0x29550000, 0x2b22b000, 0x34000000)
   the space 29548K,  81% used [0x29550000, 0x2acb36d8, 0x2acb3800, 0x2b22b000)
 compacting perm gen  total 12288K, used 8778K [0x34000000, 0x34c00000, 0x38000000)
   the space 12288K,  71% used [0x34000000, 0x34892828, 0x34892a00, 0x34c00000)
    ro space 10240K,  42% used [0x38000000, 0x38434778, 0x38434800, 0x38a00000)
    rw space 12288K,  52% used [0x38a00000, 0x39049a68, 0x39049c00, 0x39600000)
Event: 7.718 GC heap after
Heap after GC invocations=16 (full 3):
 def new generation   total 13376K, used 1300K [0x24000000, 0x24e80000, 0x29550000)
  eden space 11904K,   0% used [0x24000000, 0x24000000, 0x24ba0000)
  from space 1472K,  88% used [0x24ba0000, 0x24ce5068, 0x24d10000)
  to   space 1472K,   0% used [0x24d10000, 0x24d10000, 0x24e80000)
 tenured generation   total 29932K, used 29807K [0x29550000, 0x2b28b000, 0x34000000)
   the space 29932K,  99% used [0x29550000, 0x2b26be30, 0x2b26c000, 0x2b28b000)
 compacting perm gen  total 12288K, used 8778K [0x34000000, 0x34c00000, 0x38000000)
   the space 12288K,  71% used [0x34000000, 0x34892828, 0x34892a00, 0x34c00000)
    ro space 10240K,  42% used [0x38000000, 0x38434778, 0x38434800, 0x38a00000)
    rw space 12288K,  52% used [0x38a00000, 0x39049a68, 0x39049c00, 0x39600000)
}
Event: 7.767 GC heap before
{Heap before GC invocations=16 (full 3):
 def new generation   total 13376K, used 13173K [0x24000000, 0x24e80000, 0x29550000)
  eden space 11904K,  99% used [0x24000000, 0x24b98658, 0x24ba0000)
  from space 1472K,  88% used [0x24ba0000, 0x24ce5068, 0x24d10000)
  to   space 1472K,   0% used [0x24d10000, 0x24d10000, 0x24e80000)
 tenured generation   total 30192K, used 30063K [0x29550000, 0x2b2cc000, 0x34000000)
   the space 30192K,  99% used [0x29550000, 0x2b2abe40, 0x2b2ac000, 0x2b2cc000)
 compacting perm gen  total 12288K, used 8782K [0x34000000, 0x34c00000, 0x38000000)
   the space 12288K,  71% used [0x34000000, 0x34893b60, 0x34893c00, 0x34c00000)
    ro space 10240K,  42% used [0x38000000, 0x38434778, 0x38434800, 0x38a00000)
    rw space 12288K,  52% used [0x38a00000, 0x39049a68, 0x39049c00, 0x39600000)
Event: 7.771 GC heap after
Heap after GC invocations=17 (full 3):
 def new generation   total 13376K, used 1347K [0x24000000, 0x24e80000, 0x29550000)
  eden space 11904K,   0% used [0x24000000, 0x24000000, 0x24ba0000)
  from space 1472K,  91% used [0x24d10000, 0x24e60dd0, 0x24e80000)
  to   space 1472K,   0% used [0x24ba0000, 0x24ba0000, 0x24d10000)
 tenured generation   total 34480K, used 34328K [0x29550000, 0x2b6fc000, 0x34000000)
   the space 34480K,  99% used [0x29550000, 0x2b6d62e0, 0x2b6d6400, 0x2b6fc000)
 compacting perm gen  total 12288K, used 8782K [0x34000000, 0x34c00000, 0x38000000)
   the space 12288K,  71% used [0x34000000, 0x34893b60, 0x34893c00, 0x34c00000)
    ro space 10240K,  42% used [0x38000000, 0x38434778, 0x38434800, 0x38a00000)
    rw space 12288K,  52% used [0x38a00000, 0x39049a68, 0x39049c00, 0x39600000)
}
Event: 9.507 GC heap before
{Heap before GC invocations=17 (full 3):
 def new generation   total 13376K, used 13204K [0x24000000, 0x24e80000, 0x29550000)
  eden space 11904K,  99% used [0x24000000, 0x24b94358, 0x24ba0000)
  from space 1472K,  91% used [0x24d10000, 0x24e60dd0, 0x24e80000)
  to   space 1472K,   0% used [0x24ba0000, 0x24ba0000, 0x24d10000)
 tenured generation   total 34480K, used 34328K [0x29550000, 0x2b6fc000, 0x34000000)
   the space 34480K,  99% used [0x29550000, 0x2b6d62e0, 0x2b6d6400, 0x2b6fc000)
 compacting perm gen  total 12288K, used 8789K [0x34000000, 0x34c00000, 0x38000000)
   the space 12288K,  71% used [0x34000000, 0x34895468, 0x34895600, 0x34c00000)
    ro space 10240K,  42% used [0x38000000, 0x38434778, 0x38434800, 0x38a00000)
    rw space 12288K,  52% used [0x38a00000, 0x39049a68, 0x39049c00, 0x39600000)
Event: 9.557 GC heap after
Heap after GC invocations=18 (full 4):
 def new generation   total 24192K, used 0K [0x24000000, 0x25a30000, 0x29550000)
  eden space 21568K,   0% used [0x24000000, 0x24000000, 0x25510000)
  from space 2624K,   0% used [0x25510000, 0x25510000, 0x257a0000)
  to   space 2624K,   0% used [0x257a0000, 0x257a0000, 0x25a30000)
 tenured generation   total 53548K, used 32128K [0x29550000, 0x2c99b000, 0x34000000)
   the space 53548K,  59% used [0x29550000, 0x2b4b0240, 0x2b4b0400, 0x2c99b000)
 compacting perm gen  total 12288K, used 8782K [0x34000000, 0x34c00000, 0x38000000)
   the space 12288K,  71% used [0x34000000, 0x34893ad0, 0x34893c00, 0x34c00000)
    ro space 10240K,  42% used [0x38000000, 0x38434778, 0x38434800, 0x38a00000)
    rw space 12288K,  52% used [0x38a00000, 0x39049a68, 0x39049c00, 0x39600000)
}
Event: 9.635 GC heap before
{Heap before GC invocations=18 (full 4):
 def new generation   total 24192K, used 21556K [0x24000000, 0x25a30000, 0x29550000)
  eden space 21568K,  99% used [0x24000000, 0x2550d020, 0x25510000)
  from space 2624K,   0% used [0x25510000, 0x25510000, 0x257a0000)
  to   space 2624K,   0% used [0x257a0000, 0x257a0000, 0x25a30000)
 tenured generation   total 53548K, used 32128K [0x29550000, 0x2c99b000, 0x34000000)
   the space 53548K,  59% used [0x29550000, 0x2b4b0240, 0x2b4b0400, 0x2c99b000)
 compacting perm gen  total 12288K, used 8783K [0x34000000, 0x34c00000, 0x38000000)
   the space 12288K,  71% used [0x34000000, 0x34893f40, 0x34894000, 0x34c00000)
    ro space 10240K,  42% used [0x38000000, 0x38434778, 0x38434800, 0x38a00000)
    rw space 12288K,  52% used [0x38a00000, 0x39049a68, 0x39049c00, 0x39600000)
Event: 9.645 GC heap after
Heap after GC invocations=19 (full 4):
 def new generation   total 24192K, used 2623K [0x24000000, 0x25a30000, 0x29550000)
  eden space 21568K,   0% used [0x24000000, 0x24000000, 0x25510000)
  from space 2624K,  99% used [0x257a0000, 0x25a2ff58, 0x25a30000)
  to   space 2624K,   0% used [0x25510000, 0x25510000, 0x257a0000)
 tenured generation   total 53548K, used 45995K [0x29550000, 0x2c99b000, 0x34000000)
   the space 53548K,  85% used [0x29550000, 0x2c23acd8, 0x2c23ae00, 0x2c99b000)
 compacting perm gen  total 12288K, used 8783K [0x34000000, 0x34c00000, 0x38000000)
   the space 12288K,  71% used [0x34000000, 0x34893f40, 0x34894000, 0x34c00000)
    ro space 10240K,  42% used [0x38000000, 0x38434778, 0x38434800, 0x38a00000)
    rw space 12288K,  52% used [0x38a00000, 0x39049a68, 0x39049c00, 0x39600000)
}
Event: 10.755 GC heap before
{Heap before GC invocations=19 (full 4):
 def new generation   total 24192K, used 24062K [0x24000000, 0x25a30000, 0x29550000)
  eden space 21568K,  99% used [0x24000000, 0x254efb00, 0x25510000)
  from space 2624K,  99% used [0x257a0000, 0x25a2ff58, 0x25a30000)
  to   space 2624K,   0% used [0x25510000, 0x25510000, 0x257a0000)
 tenured generation   total 53548K, used 45995K [0x29550000, 0x2c99b000, 0x34000000)
   the space 53548K,  85% used [0x29550000, 0x2c23acd8, 0x2c23ae00, 0x2c99b000)
 compacting perm gen  total 12288K, used 8783K [0x34000000, 0x34c00000, 0x38000000)
   the space 12288K,  71% used [0x34000000, 0x34893f90, 0x34894000, 0x34c00000)
    ro space 10240K,  42% used [0x38000000, 0x38434778, 0x38434800, 0x38a00000)
    rw space 12288K,  52% used [0x38a00000, 0x39049a68, 0x39049c00, 0x39600000)
Event: 10.760 GC heap after
Heap after GC invocations=20 (full 4):
 def new generation   total 24192K, used 2467K [0x24000000, 0x25a30000, 0x29550000)
  eden space 21568K,   0% used [0x24000000, 0x24000000, 0x25510000)
  from space 2624K,  94% used [0x25510000, 0x25778e28, 0x257a0000)
  to   space 2624K,   0% used [0x257a0000, 0x257a0000, 0x25a30000)
 tenured generation   total 53548K, used 52800K [0x29550000, 0x2c99b000, 0x34000000)
   the space 53548K,  98% used [0x29550000, 0x2c8e0068, 0x2c8e0200, 0x2c99b000)
 compacting perm gen  total 12288K, used 8783K [0x34000000, 0x34c00000, 0x38000000)
   the space 12288K,  71% used [0x34000000, 0x34893f90, 0x34894000, 0x34c00000)
    ro space 10240K,  42% used [0x38000000, 0x38434778, 0x38434800, 0x38a00000)
    rw space 12288K,  52% used [0x38a00000, 0x39049a68, 0x39049c00, 0x39600000)
}

Deoptimization events (0 events):
No events

Internal exceptions (10 events):
Event: 9.566 Thread 0x05631800 Threw 0x2461f960 at C:\re\jdk7u60\1081\hotspot\src\share\vm\prims\jvm.cpp:2917
Event: 9.567 Thread 0x056a3c00 Threw 0x246c92c8 at C:\re\jdk7u60\1081\hotspot\src\share\vm\prims\jni.cpp:743
Event: 9.568 Thread 0x056a3c00 Threw 0x246c95b0 at C:\re\jdk7u60\1081\hotspot\src\share\vm\prims\jni.cpp:743
Event: 9.568 Thread 0x056a3c00 Threw 0x246c9820 at C:\re\jdk7u60\1081\hotspot\src\share\vm\prims\jni.cpp:743
Event: 9.568 Thread 0x056a2c00 Threw 0x246d22a0 at C:\re\jdk7u60\1081\hotspot\src\share\vm\prims\jni.cpp:743
Event: 9.568 Thread 0x056a2c00 Threw 0x246d2510 at C:\re\jdk7u60\1081\hotspot\src\share\vm\prims\jni.cpp:743
Event: 9.568 Thread 0x056a2c00 Threw 0x246d2780 at C:\re\jdk7u60\1081\hotspot\src\share\vm\prims\jni.cpp:743
Event: 10.153 Thread 0x05634c00 Threw 0x24023940 at C:\re\jdk7u60\1081\hotspot\src\share\vm\prims\jvm.cpp:2917
Event: 10.746 Thread 0x05631800 Threw 0x251535e8 at C:\re\jdk7u60\1081\hotspot\src\share\vm\prims\jvm.cpp:2917
Event: 10.912 Thread 0x05634000 Threw 0x247f3fd8 at C:\re\jdk7u60\1081\hotspot\src\share\vm\prims\jvm.cpp:2917

Events (10 events):
Event: 28.326 loading class 0x39670c20
Event: 28.326 loading class 0x39670bc8
Event: 28.327 loading class 0x39670bc8 done
Event: 28.327 Thread 0x056a2000 Thread exited: 0x056a2000
Event: 28.327 loading class 0x39670c20 done
Event: 28.327 Thread 0x056a3c00 Thread exited: 0x056a3c00
Event: 28.327 Thread 0x056a2c00 Thread exited: 0x056a2c00
Event: 28.337 Thread 0x04814400 Thread exited: 0x04814400
Event: 28.427 Thread 0x056a1800 Thread exited: 0x056a1800
Event: 28.427 Executing VM operation: Exit


Dynamic libraries:
0x00a70000 - 0x00a9f000 	C:\Program Files (x86)\Java\jre7\bin\javaw.exe
0x76fe0000 - 0x77137000 	C:\Windows\SYSTEM32\ntdll.dll
0x74690000 - 0x747c0000 	C:\Windows\SYSTEM32\KERNEL32.DLL
0x76a80000 - 0x76b27000 	C:\Windows\SYSTEM32\KERNELBASE.dll
0x747c0000 - 0x7486e000 	C:\Windows\SYSTEM32\ADVAPI32.dll
0x764f0000 - 0x76606000 	C:\Windows\SYSTEM32\USER32.dll
0x73130000 - 0x73328000 	C:\Windows\WinSxS\x86_microsoft.windows.common-controls_6595b64144ccf1df_6.0.9200.16579_none_8937eec6860750f5\COMCTL32.dll
0x76000000 - 0x760b1000 	C:\Windows\SYSTEM32\msvcrt.dll
0x74870000 - 0x748a4000 	C:\Windows\SYSTEM32\sechost.dll
0x760c0000 - 0x7616c000 	C:\Windows\SYSTEM32\RPCRT4.dll
0x748b0000 - 0x749ad000 	C:\Windows\SYSTEM32\GDI32.dll
0x745d0000 - 0x745ed000 	C:\Windows\SYSTEM32\SspiCli.dll
0x745c0000 - 0x745c9000 	C:\Windows\SYSTEM32\CRYPTBASE.dll
0x74560000 - 0x745b1000 	C:\Windows\SYSTEM32\bcryptPrimitives.dll
0x762e0000 - 0x76300000 	C:\Windows\system32\IMM32.DLL
0x76680000 - 0x7675e000 	C:\Windows\SYSTEM32\MSCTF.dll
0x5e970000 - 0x5ea2f000 	C:\Program Files (x86)\Java\jre7\bin\msvcr100.dll
0x5e310000 - 0x5e698000 	C:\Program Files (x86)\Java\jre7\bin\client\jvm.dll
0x71c10000 - 0x71c18000 	C:\Windows\SYSTEM32\WSOCK32.dll
0x71fb0000 - 0x71fd1000 	C:\Windows\SYSTEM32\WINMM.dll
0x76300000 - 0x76306000 	C:\Windows\SYSTEM32\PSAPI.DLL
0x75f80000 - 0x75fd0000 	C:\Windows\SYSTEM32\WS2_32.dll
0x71c70000 - 0x71c9b000 	C:\Windows\SYSTEM32\WINMMBASE.dll
0x75ff0000 - 0x75ff8000 	C:\Windows\SYSTEM32\NSI.dll
0x76b30000 - 0x76b76000 	C:\Windows\SYSTEM32\cfgmgr32.dll
0x75f00000 - 0x75f1e000 	C:\Windows\SYSTEM32\DEVOBJ.dll
0x720a0000 - 0x720ac000 	C:\Program Files (x86)\Java\jre7\bin\verify.dll
0x70bb0000 - 0x70bd0000 	C:\Program Files (x86)\Java\jre7\bin\java.dll
0x70b90000 - 0x70ba3000 	C:\Program Files (x86)\Java\jre7\bin\zip.dll
0x6f490000 - 0x6f5d3000 	C:\Program Files (x86)\Java\jre7\bin\awt.dll
0x76c00000 - 0x76c8b000 	C:\Windows\SYSTEM32\OLEAUT32.dll
0x76de0000 - 0x76f16000 	C:\Windows\SYSTEM32\combase.dll
0x72dd0000 - 0x72e77000 	C:\Windows\system32\apphelp.dll
0x71a40000 - 0x71a59000 	C:\Windows\system32\DWMAPI.DLL
0x726b0000 - 0x72738000 	C:\Windows\system32\uxtheme.dll
0x76760000 - 0x76879000 	C:\Windows\SYSTEM32\ole32.dll
0x74da0000 - 0x75e66000 	C:\Windows\SYSTEM32\SHELL32.dll
0x75f40000 - 0x75f80000 	C:\Windows\SYSTEM32\SHLWAPI.dll
0x73330000 - 0x733a3000 	C:\Windows\SYSTEM32\shcore.dll
0x718b0000 - 0x718e9000 	C:\Program Files (x86)\Java\jre7\bin\fontmanager.dll
0x6f250000 - 0x6f264000 	C:\Program Files (x86)\Java\jre7\bin\net.dll
0x72e80000 - 0x72eca000 	C:\Windows\system32\mswsock.dll
0x718a0000 - 0x718af000 	C:\Program Files (x86)\Java\jre7\bin\nio.dll
0x706d0000 - 0x70700000 	C:\Program Files (x86)\Java\jre7\bin\t2k.dll
0x76b80000 - 0x76bf4000 	C:\Windows\SYSTEM32\clbcatq.dll
0x6a8a0000 - 0x6a9eb000 	C:\Windows\SYSTEM32\WindowsCodecs.dll
0x76dc0000 - 0x76dd1000 	C:\Windows\SYSTEM32\profapi.dll
0x68440000 - 0x68464000 	C:\Program Files (x86)\Java\jre7\bin\dcpr.dll
0x5e900000 - 0x5e96d000 	C:\binaries\terrajava.dll
0x5e220000 - 0x5e307000 	C:\binaries\terramanager-funcate.dll
0x59300000 - 0x59ba6000 	C:\binaries\terralib.dll
0x64af0000 - 0x64b59000 	C:\Windows\SYSTEM32\MSVCP100.dll
0x6d880000 - 0x6db4c000 	C:\binaries\bgd.dll
0x66b80000 - 0x66b9b000 	C:\binaries\terraogc_xml.dll
0x60460000 - 0x6047d000 	C:\binaries\terraogc_sld.dll
0x5f9a0000 - 0x5f9c6000 	C:\binaries\terraogc_se.dll
0x5e8c0000 - 0x5e8f6000 	C:\binaries\terraogc_filter.dll
0x5e1c0000 - 0x5e212000 	C:\binaries\terraogc_ows.dll
0x5f980000 - 0x5f999000 	C:\binaries\terraogc_common.dll
0x684c0000 - 0x684cb000 	C:\binaries\terralib_shp.dll
0x60450000 - 0x6045e000 	C:\binaries\terralib_spl.dll
0x05d10000 - 0x06106000 	C:\binaries\qt-mt338.dll
0x613d0000 - 0x6149e000 	C:\Windows\SYSTEM32\OPENGL32.dll
0x613a0000 - 0x613c3000 	C:\Windows\SYSTEM32\GLU32.dll
0x5e140000 - 0x5e1bf000 	C:\binaries\qwt500.dll
0x0f4b0000 - 0x114af000 	C:\binaries\berkelium.dll
0x06110000 - 0x06251000 	C:\binaries\LIBMYSQL.dll
0x63100000 - 0x63121000 	C:\binaries\LIBPQ.dll
0x06260000 - 0x062c1000 	C:\binaries\OCI.dll
0x5da30000 - 0x5daba000 	C:\binaries\libtiff.dll
0x56580000 - 0x56d52000 	C:\binaries\gdal110.dll
0x12000000 - 0x121dc000 	C:\binaries\xerces-c_3_1.dll
0x592a0000 - 0x592f5000 	C:\binaries\terraogc_wms.dll
0x59240000 - 0x59293000 	C:\binaries\terraogc_gml.dll
0x5e0f0000 - 0x5e131000 	C:\binaries\terraogc_xsd.dll
0x5a810000 - 0x5a830000 	C:\binaries\terraogc_xacml.dll
0x71f30000 - 0x71f90000 	C:\Windows\SYSTEM32\WINSPOOL.DRV
0x7c340000 - 0x7c396000 	C:\Windows\SYSTEM32\MSVCR71.dll
0x608a0000 - 0x60979000 	C:\Windows\SYSTEM32\DDRAW.dll
0x727a0000 - 0x727a9000 	C:\Windows\SYSTEM32\Secur32.dll
0x75f20000 - 0x75f3b000 	C:\Windows\SYSTEM32\USERENV.dll
0x71520000 - 0x71570000 	C:\Windows\SYSTEM32\OLEACC.dll
0x54200000 - 0x54276000 	C:\Windows\SYSTEM32\RICHED20.dll
0x72ee0000 - 0x72ee8000 	C:\Windows\SYSTEM32\VERSION.dll
0x720b0000 - 0x720c4000 	C:\Windows\SYSTEM32\USP10.dll
0x72c50000 - 0x72cc5000 	C:\Windows\SYSTEM32\DNSAPI.dll
0x06370000 - 0x0641a000 	C:\Windows\libeay32.dll
0x06420000 - 0x0642d000 	C:\binaries\libintl-2.dll
0x72ed0000 - 0x72ed6000 	C:\Windows\SYSTEM32\SHFOLDER.DLL
0x06430000 - 0x06456000 	C:\Windows\ssleay32.dll
0x06460000 - 0x06486000 	C:\binaries\libexpat.dll
0x60770000 - 0x60811000 	C:\Windows\SYSTEM32\ODBC32.dll
0x60760000 - 0x60767000 	C:\Windows\SYSTEM32\DCIMAN32.dll
0x663b0000 - 0x663db000 	C:\Windows\SYSTEM32\msls31.dll
0x064e0000 - 0x065bb000 	C:\binaries\libiconv-2.dll
0x6f600000 - 0x6f61d000 	C:\Windows\SYSTEM32\gpapi.dll
0x74530000 - 0x74556000 	C:\Windows\SYSTEM32\ntmarta.dll
0x54e60000 - 0x55708000 	C:\binaries\icudt46.dll
0x53850000 - 0x53979000 	C:\Windows\SYSTEM32\dbghelp.dll
0x72040000 - 0x72050000 	C:\Windows\system32\napinsp.dll
0x72020000 - 0x72034000 	C:\Windows\system32\pnrpnsp.dll
0x72010000 - 0x72020000 	C:\Windows\system32\NLAapi.dll
0x72000000 - 0x72009000 	C:\Windows\System32\winrnr.dll
0x71ac0000 - 0x71ad0000 	C:\Windows\system32\wshbth.dll
0x726a0000 - 0x726a7000 	C:\Windows\System32\rasadhlp.dll
0x71c30000 - 0x71c6f000 	C:\Windows\System32\fwpuclnt.dll
0x72cd0000 - 0x72cf0000 	C:\Windows\SYSTEM32\IPHLPAPI.DLL
0x72c40000 - 0x72c48000 	C:\Windows\SYSTEM32\WINNSI.DLL
0x730d0000 - 0x730ea000 	C:\Windows\SYSTEM32\CRYPTSP.dll
0x73090000 - 0x730ce000 	C:\Windows\system32\rsaenh.dll
0x72c30000 - 0x72c40000 	C:\Windows\SYSTEM32\dhcpcsvc6.DLL
0x72c10000 - 0x72c22000 	C:\Windows\SYSTEM32\dhcpcsvc.DLL
0x59210000 - 0x59235000 	C:\Program Files (x86)\Java\jre7\bin\jpeg.dll

VM Arguments:
jvm_args: -Dfile.encoding=ISO-8859-1 
java_command: com.nexusbr.gv.main.ConnectDBMain
Launcher Type: SUN_STANDARD

Environment Variables:
JAVA_HOME=C:\Program Files (x86)\Java\jre7
PATH=C:/Program Files (x86)/Java/jre7/bin/client;C:/Program Files (x86)/Java/jre7/bin;C:/Program Files (x86)/Java/jre7/lib/i386;C:\Program Files (x86)\PHP\;c:\Program Files (x86)\Intel\iCLS Client\;c:\Program Files\Intel\iCLS Client\;C:\Windows\system32;C:\Windows;C:\Windows\System32\Wbem;C:\Windows\System32\WindowsPowerShell\v1.0\;C:\Program Files\Intel\Intel(R) Management Engine Components\DAL;C:\Program Files\Intel\Intel(R) Management Engine Components\IPT;C:\Program Files (x86)\Intel\Intel(R) Management Engine Components\DAL;C:\Program Files (x86)\Intel\Intel(R) Management Engine Components\IPT;C:\Program Files (x86)\Intel\OpenCL SDK\3.0\bin\x86;C:\Program Files (x86)\Intel\OpenCL SDK\3.0\bin\x64;C:\Program Files (x86)\Windows Live\Shared;C:\binaries;c:\Program Files (x86)\Microsoft SQL Server\100\Tools\Binn\;c:\Program Files\Microsoft SQL Server\100\Tools\Binn\;c:\Program Files\Microsoft SQL Server\100\DTS\Binn\;C:\strawberry\c\bin;C:\strawberry\perl\site\bin;C:\strawberry\perl\bin;C:\Program Files (x86)\Microsoft SQL Server\110\Tools\Binn\ManagementStudio\;C:\Program Files (x86)\Microsoft SQL Server\110\Tools\Binn\;C:\Program Files\Microsoft SQL Server\110\Tools\Binn\;C:\Program Files (x86)\Microsoft SQL Server\110\DTS\Binn\;C:\Program Files\TortoiseSVN\bin;C:\Python34;C:\Program Files (x86)\Java\jre7\bin;C:\eclipse;
USERNAME=inacio
OS=Windows_NT
PROCESSOR_IDENTIFIER=Intel64 Family 6 Model 69 Stepping 1, GenuineIntel



---------------  S Y S T E M  ---------------

OS: Windows 8 , 64 bit Build 9200 

CPU:total 4 (2 cores per cpu, 2 threads per core) family 6 model 69 stepping 1, cmov, cx8, fxsr, mmx, sse, sse2, sse3, ssse3, sse4.1, sse4.2, popcnt, avx, avx2, aes, erms, ht, tsc, tscinvbit

Memory: 4k page, physical 8290700k(2462080k free), swap 9535884k(3599104k free)

vm_info: Java HotSpot(TM) Client VM (24.60-b09) for windows-x86 JRE (1.7.0_60-b19), built on May  7 2014 13:09:52 by "java_re" with unknown MS VC++:1600

time: Fri Jul 04 09:12:10 2014
elapsed time: 28 seconds

