#
# A fatal error has been detected by the Java Runtime Environment:
#
#  EXCEPTION_ACCESS_VIOLATION (0xc0000005) at pc=0x10169052, pid=10760, tid=7236
#
# JRE version: Java(TM) SE Runtime Environment (7.0_60-b19) (build 1.7.0_60-b19)
# Java VM: Java HotSpot(TM) Client VM (24.60-b09 mixed mode, sharing windows-x86 )
# Problematic frame:
# C  [berkelium.dll+0xa39052]
#
# Failed to write core dump. Minidumps are not enabled by default on client versions of Windows
#
# If you would like to submit a bug report, please visit:
#   http://bugreport.sun.com/bugreport/crash.jsp
#

---------------  T H R E A D  ---------------

Current thread (0x028bfc00):  VMThread [stack: 0x04be0000,0x04c30000] [id=7236]

siginfo: ExceptionCode=0xc0000005, reading address 0x000000f8

Registers:
EAX=0x04c2f284, EBX=0x000493e0, ECX=0x04c2f284, EDX=0xfb15c358
ESP=0x04c2f274, EBP=0x00000079, ESI=0x00000000, EDI=0x0cf76658
EIP=0x10169052, EFLAGS=0x00010202

Top of Stack: (sp=0x04c2f274)
0x04c2f274:   075f1168 075f1168 0754ab00 00000000
0x04c2f284:   fb15c358 00000078 075e3a20 075ec900
0x04c2f294:   00000000 00000000 00000000 74616401
0x04c2f2a4:   69642d61 07820072 00000023 0000002f
0x04c2f2b4:   00000000 07577070 002e5be5 075f1000
0x04c2f2c4:   0754ab44 ffffff00 0f79bf20 112b9778
0x04c2f2d4:   07020030 00000000 0000000f 112ba730
0x04c2f2e4:   00000001 0f799783 00000008 00000001 

Instructions: (pc=0x10169052)
0x10169032:   03 00 00 57 53 e8 f4 c8 60 ff 8b ea 8d 54 24 10
0x10169042:   52 8b f8 e8 26 ca 00 00 83 c4 04 03 38 13 68 04
0x10169052:   8b 86 f8 00 00 00 0b 86 fc 00 00 00 89 7c 24 20
0x10169062:   89 6c 24 24 75 3e 39 84 24 d4 00 00 00 7f 35 7c 


Register to memory mapping:

EAX=
[error occurred during error reporting (printing register info), id 0xc0000005]

Stack: [0x04be0000,0x04c30000],  sp=0x04c2f274,  free space=316k
Native frames: (J=compiled Java code, j=interpreted, Vv=VM code, C=native code)
C  [berkelium.dll+0xa39052]

VM_Operation (0x061ae940): Exit, mode: safepoint, requested by thread 0x05d32000


---------------  P R O C E S S  ---------------

Java Threads: ( => current thread )
  0x0605b800 JavaThread "WeakCollectionCleaner" daemon [_thread_blocked, id=7488, stack(0x09820000,0x09870000)]
  0x0603c400 JavaThread "TimerQueue" daemon [_thread_blocked, id=9192, stack(0x07fd0000,0x08020000)]
  0x029de000 JavaThread "DestroyJavaVM" [_thread_blocked, id=744, stack(0x02850000,0x028a0000)]
  0x05d32000 JavaThread "AWT-EventQueue-0" [_thread_blocked, id=8152, stack(0x06160000,0x061b0000)]
  0x051fb800 JavaThread "AWT-Shutdown" [_thread_blocked, id=6592, stack(0x05820000,0x05870000)]
  0x051fa400 JavaThread "Java2D Disposer" daemon [_thread_blocked, id=7596, stack(0x05790000,0x057e0000)]
  0x0293bc00 JavaThread "Service Thread" daemon [_thread_blocked, id=10508, stack(0x04f40000,0x04f90000)]
  0x02935800 JavaThread "C1 CompilerThread0" daemon [_thread_blocked, id=8356, stack(0x04eb0000,0x04f00000)]
  0x02933c00 JavaThread "Attach Listener" daemon [_thread_blocked, id=9572, stack(0x04e20000,0x04e70000)]
  0x02932800 JavaThread "Signal Dispatcher" daemon [_thread_blocked, id=696, stack(0x04d90000,0x04de0000)]
  0x028c2800 JavaThread "Finalizer" daemon [_thread_blocked, id=8552, stack(0x04d00000,0x04d50000)]
  0x028c1000 JavaThread "Reference Handler" daemon [_thread_blocked, id=11260, stack(0x04c70000,0x04cc0000)]

Other Threads:
=>0x028bfc00 VMThread [stack: 0x04be0000,0x04c30000] [id=7236]

VM state:at safepoint (shutting down)

VM Mutex/Monitor currently owned by a thread:  ([mutex/lock_event])
[0x029dc740] Threads_lock - owner thread: 0x028bfc00

Heap
 def new generation   total 21888K, used 11982K [0x24000000, 0x257b0000, 0x29550000)
  eden space 19520K,  60% used [0x24000000, 0x24b8a2b8, 0x25310000)
  from space 2368K,   7% used [0x25310000, 0x253397c0, 0x25560000)
  to   space 2368K,   0% used [0x25560000, 0x25560000, 0x257b0000)
 tenured generation   total 48216K, used 36443K [0x29550000, 0x2c466000, 0x34000000)
   the space 48216K,  75% used [0x29550000, 0x2b8e6ec8, 0x2b8e7000, 0x2c466000)
 compacting perm gen  total 12288K, used 10015K [0x34000000, 0x34c00000, 0x38000000)
   the space 12288K,  81% used [0x34000000, 0x349c7f10, 0x349c8000, 0x34c00000)
    ro space 10240K,  42% used [0x38000000, 0x38434778, 0x38434800, 0x38a00000)
    rw space 12288K,  52% used [0x38a00000, 0x39049a68, 0x39049c00, 0x39600000)

Card table byte_map: [0x04a90000,0x04b40000] byte_map_base: 0x04970000

Polling page: 0x00f20000

Code Cache  [0x02a10000, 0x02d40000, 0x04a10000)
 total_blobs=2085 nmethods=1783 adapters=238 free_code_cache=29516Kb largest_free_block=30222080

Compilation events (10 events):
Event: 70.924 Thread 0x02935800 1806             java.awt.Font::<init> (56 bytes)
Event: 70.924 Thread 0x02935800 nmethod 1806 0x02d3cc48 code [0x02d3cd40, 0x02d3ce10]
Event: 70.978 Thread 0x02935800 1807             sun.awt.image.BufImgVolatileSurfaceManager::isAccelerationEnabled (2 bytes)
Event: 70.978 Thread 0x02935800 nmethod 1807 0x02d3ce48 code [0x02d3cf40, 0x02d3cfc0]
Event: 71.018 Thread 0x02935800 1808             com.vividsolutions.jts.geom.Geometry::<init> (23 bytes)
Event: 71.018 Thread 0x02935800 nmethod 1808 0x02d3d008 code [0x02d3d100, 0x02d3d1b0]
Event: 71.036 Thread 0x02935800 1809             java.util.concurrent.ConcurrentHashMap$HashIterator::nextEntry (40 bytes)
Event: 71.036 Thread 0x02935800 nmethod 1809 0x02d3d248 code [0x02d3d360, 0x02d3d4a8]
Event: 71.386 Thread 0x02935800 1810  s          java.awt.GraphicsEnvironment::getLocalGraphicsEnvironment (16 bytes)
Event: 71.387 Thread 0x02935800 nmethod 1810 0x02d3d588 code [0x02d3d690, 0x02d3d87c]

GC Heap History (10 events):
Event: 20.713 GC heap before
{Heap before GC invocations=18 (full 4):
 def new generation   total 19008K, used 17758K [0x24000000, 0x25490000, 0x29550000)
  eden space 16960K, 100% used [0x24000000, 0x25090000, 0x25090000)
  from space 2048K,  38% used [0x25090000, 0x25157988, 0x25290000)
  to   space 2048K,   0% used [0x25290000, 0x25290000, 0x25490000)
 tenured generation   total 41988K, used 40557K [0x29550000, 0x2be51000, 0x34000000)
   the space 41988K,  96% used [0x29550000, 0x2bceb620, 0x2bceb800, 0x2be51000)
 compacting perm gen  total 12288K, used 8637K [0x34000000, 0x34c00000, 0x38000000)
   the space 12288K,  70% used [0x34000000, 0x3486f630, 0x3486f800, 0x34c00000)
    ro space 10240K,  42% used [0x38000000, 0x38434778, 0x38434800, 0x38a00000)
    rw space 12288K,  52% used [0x38a00000, 0x39049a68, 0x39049c00, 0x39600000)
Event: 20.764 GC heap after
Heap after GC invocations=19 (full 5):
 def new generation   total 21888K, used 0K [0x24000000, 0x257b0000, 0x29550000)
  eden space 19520K,   0% used [0x24000000, 0x24000000, 0x25310000)
  from space 2368K,   0% used [0x25310000, 0x25310000, 0x25560000)
  to   space 2368K,   0% used [0x25560000, 0x25560000, 0x257b0000)
 tenured generation   total 48216K, used 28927K [0x29550000, 0x2c466000, 0x34000000)
   the space 48216K,  59% used [0x29550000, 0x2b18fd08, 0x2b18fe00, 0x2c466000)
 compacting perm gen  total 12288K, used 8637K [0x34000000, 0x34c00000, 0x38000000)
   the space 12288K,  70% used [0x34000000, 0x3486f630, 0x3486f800, 0x34c00000)
    ro space 10240K,  42% used [0x38000000, 0x38434778, 0x38434800, 0x38a00000)
    rw space 12288K,  52% used [0x38a00000, 0x39049a68, 0x39049c00, 0x39600000)
}
Event: 26.395 GC heap before
{Heap before GC invocations=19 (full 5):
 def new generation   total 21888K, used 19520K [0x24000000, 0x257b0000, 0x29550000)
  eden space 19520K, 100% used [0x24000000, 0x25310000, 0x25310000)
  from space 2368K,   0% used [0x25310000, 0x25310000, 0x25560000)
  to   space 2368K,   0% used [0x25560000, 0x25560000, 0x257b0000)
 tenured generation   total 48216K, used 28927K [0x29550000, 0x2c466000, 0x34000000)
   the space 48216K,  59% used [0x29550000, 0x2b18fd08, 0x2b18fe00, 0x2c466000)
 compacting perm gen  total 12288K, used 8686K [0x34000000, 0x34c00000, 0x38000000)
   the space 12288K,  70% used [0x34000000, 0x3487b898, 0x3487ba00, 0x34c00000)
    ro space 10240K,  42% used [0x38000000, 0x38434778, 0x38434800, 0x38a00000)
    rw space 12288K,  52% used [0x38a00000, 0x39049a68, 0x39049c00, 0x39600000)
Event: 26.401 GC heap after
Heap after GC invocations=20 (full 5):
 def new generation   total 21888K, used 2368K [0x24000000, 0x257b0000, 0x29550000)
  eden space 19520K,   0% used [0x24000000, 0x24000000, 0x25310000)
  from space 2368K, 100% used [0x25560000, 0x257b0000, 0x257b0000)
  to   space 2368K,   0% used [0x25310000, 0x25310000, 0x25560000)
 tenured generation   total 48216K, used 32585K [0x29550000, 0x2c466000, 0x34000000)
   the space 48216K,  67% used [0x29550000, 0x2b522690, 0x2b522800, 0x2c466000)
 compacting perm gen  total 12288K, used 8686K [0x34000000, 0x34c00000, 0x38000000)
   the space 12288K,  70% used [0x34000000, 0x3487b898, 0x3487ba00, 0x34c00000)
    ro space 10240K,  42% used [0x38000000, 0x38434778, 0x38434800, 0x38a00000)
    rw space 12288K,  52% used [0x38a00000, 0x39049a68, 0x39049c00, 0x39600000)
}
Event: 40.691 GC heap before
{Heap before GC invocations=20 (full 5):
 def new generation   total 21888K, used 21888K [0x24000000, 0x257b0000, 0x29550000)
  eden space 19520K, 100% used [0x24000000, 0x25310000, 0x25310000)
  from space 2368K, 100% used [0x25560000, 0x257b0000, 0x257b0000)
  to   space 2368K,   0% used [0x25310000, 0x25310000, 0x25560000)
 tenured generation   total 48216K, used 32585K [0x29550000, 0x2c466000, 0x34000000)
   the space 48216K,  67% used [0x29550000, 0x2b522690, 0x2b522800, 0x2c466000)
 compacting perm gen  total 12288K, used 9881K [0x34000000, 0x34c00000, 0x38000000)
   the space 12288K,  80% used [0x34000000, 0x349a6558, 0x349a6600, 0x34c00000)
    ro space 10240K,  42% used [0x38000000, 0x38434778, 0x38434800, 0x38a00000)
    rw space 12288K,  52% used [0x38a00000, 0x39049a68, 0x39049c00, 0x39600000)
Event: 40.698 GC heap after
Heap after GC invocations=21 (full 5):
 def new generation   total 21888K, used 2368K [0x24000000, 0x257b0000, 0x29550000)
  eden space 19520K,   0% used [0x24000000, 0x24000000, 0x25310000)
  from space 2368K, 100% used [0x25310000, 0x25560000, 0x25560000)
  to   space 2368K,   0% used [0x25560000, 0x25560000, 0x257b0000)
 tenured generation   total 48216K, used 35100K [0x29550000, 0x2c466000, 0x34000000)
   the space 48216K,  72% used [0x29550000, 0x2b797048, 0x2b797200, 0x2c466000)
 compacting perm gen  total 12288K, used 9881K [0x34000000, 0x34c00000, 0x38000000)
   the space 12288K,  80% used [0x34000000, 0x349a6558, 0x349a6600, 0x34c00000)
    ro space 10240K,  42% used [0x38000000, 0x38434778, 0x38434800, 0x38a00000)
    rw space 12288K,  52% used [0x38a00000, 0x39049a68, 0x39049c00, 0x39600000)
}
Event: 48.164 GC heap before
{Heap before GC invocations=21 (full 5):
 def new generation   total 21888K, used 21888K [0x24000000, 0x257b0000, 0x29550000)
  eden space 19520K, 100% used [0x24000000, 0x25310000, 0x25310000)
  from space 2368K, 100% used [0x25310000, 0x25560000, 0x25560000)
  to   space 2368K,   0% used [0x25560000, 0x25560000, 0x257b0000)
 tenured generation   total 48216K, used 35100K [0x29550000, 0x2c466000, 0x34000000)
   the space 48216K,  72% used [0x29550000, 0x2b797048, 0x2b797200, 0x2c466000)
 compacting perm gen  total 12288K, used 10007K [0x34000000, 0x34c00000, 0x38000000)
   the space 12288K,  81% used [0x34000000, 0x349c5f08, 0x349c6000, 0x34c00000)
    ro space 10240K,  42% used [0x38000000, 0x38434778, 0x38434800, 0x38a00000)
    rw space 12288K,  52% used [0x38a00000, 0x39049a68, 0x39049c00, 0x39600000)
Event: 48.168 GC heap after
Heap after GC invocations=22 (full 5):
 def new generation   total 21888K, used 271K [0x24000000, 0x257b0000, 0x29550000)
  eden space 19520K,   0% used [0x24000000, 0x24000000, 0x25310000)
  from space 2368K,  11% used [0x25560000, 0x255a3e48, 0x257b0000)
  to   space 2368K,   0% used [0x25310000, 0x25310000, 0x25560000)
 tenured generation   total 48216K, used 36443K [0x29550000, 0x2c466000, 0x34000000)
   the space 48216K,  75% used [0x29550000, 0x2b8e6ec8, 0x2b8e7000, 0x2c466000)
 compacting perm gen  total 12288K, used 10007K [0x34000000, 0x34c00000, 0x38000000)
   the space 12288K,  81% used [0x34000000, 0x349c5f08, 0x349c6000, 0x34c00000)
    ro space 10240K,  42% used [0x38000000, 0x38434778, 0x38434800, 0x38a00000)
    rw space 12288K,  52% used [0x38a00000, 0x39049a68, 0x39049c00, 0x39600000)
}
Event: 53.628 GC heap before
{Heap before GC invocations=22 (full 5):
 def new generation   total 21888K, used 19791K [0x24000000, 0x257b0000, 0x29550000)
  eden space 19520K, 100% used [0x24000000, 0x25310000, 0x25310000)
  from space 2368K,  11% used [0x25560000, 0x255a3e48, 0x257b0000)
  to   space 2368K,   0% used [0x25310000, 0x25310000, 0x25560000)
 tenured generation   total 48216K, used 36443K [0x29550000, 0x2c466000, 0x34000000)
   the space 48216K,  75% used [0x29550000, 0x2b8e6ec8, 0x2b8e7000, 0x2c466000)
 compacting perm gen  total 12288K, used 10009K [0x34000000, 0x34c00000, 0x38000000)
   the space 12288K,  81% used [0x34000000, 0x349c6760, 0x349c6800, 0x34c00000)
    ro space 10240K,  42% used [0x38000000, 0x38434778, 0x38434800, 0x38a00000)
    rw space 12288K,  52% used [0x38a00000, 0x39049a68, 0x39049c00, 0x39600000)
Event: 53.631 GC heap after
Heap after GC invocations=23 (full 5):
 def new generation   total 21888K, used 165K [0x24000000, 0x257b0000, 0x29550000)
  eden space 19520K,   0% used [0x24000000, 0x24000000, 0x25310000)
  from space 2368K,   7% used [0x25310000, 0x253397c0, 0x25560000)
  to   space 2368K,   0% used [0x25560000, 0x25560000, 0x257b0000)
 tenured generation   total 48216K, used 36443K [0x29550000, 0x2c466000, 0x34000000)
   the space 48216K,  75% used [0x29550000, 0x2b8e6ec8, 0x2b8e7000, 0x2c466000)
 compacting perm gen  total 12288K, used 10009K [0x34000000, 0x34c00000, 0x38000000)
   the space 12288K,  81% used [0x34000000, 0x349c6760, 0x349c6800, 0x34c00000)
    ro space 10240K,  42% used [0x38000000, 0x38434778, 0x38434800, 0x38a00000)
    rw space 12288K,  52% used [0x38a00000, 0x39049a68, 0x39049c00, 0x39600000)
}

Deoptimization events (0 events):
No events

Internal exceptions (10 events):
Event: 60.074 Thread 0x05d32000 Threw 0x2468cbe8 at C:\re\jdk7u60\1081\hotspot\src\share\vm\classfile\systemDictionary.cpp:185
Event: 60.074 Thread 0x05d32000 Threw 0x2468d210 at C:\re\jdk7u60\1081\hotspot\src\share\vm\classfile\systemDictionary.cpp:185
Event: 60.074 Thread 0x05d32000 Threw 0x2468d8a8 at C:\re\jdk7u60\1081\hotspot\src\share\vm\classfile\systemDictionary.cpp:185
Event: 60.074 Thread 0x05d32000 Threw 0x2468dc00 at C:\re\jdk7u60\1081\hotspot\src\share\vm\classfile\systemDictionary.cpp:185
Event: 60.074 Thread 0x05d32000 Threw 0x2468e060 at C:\re\jdk7u60\1081\hotspot\src\share\vm\classfile\systemDictionary.cpp:185
Event: 60.074 Thread 0x05d32000 Threw 0x2468ea10 at C:\re\jdk7u60\1081\hotspot\src\share\vm\classfile\systemDictionary.cpp:185
Event: 60.075 Thread 0x05d32000 Threw 0x246b9c88 at C:\re\jdk7u60\1081\hotspot\src\share\vm\prims\jvm.cpp:1244
Event: 60.075 Thread 0x05d32000 Threw 0x246c2c20 at C:\re\jdk7u60\1081\hotspot\src\share\vm\prims\jvm.cpp:1244
Event: 60.075 Thread 0x05d32000 Threw 0x246ce4a0 at C:\re\jdk7u60\1081\hotspot\src\share\vm\prims\jvm.cpp:1244
Event: 60.076 Thread 0x05d32000 Threw 0x246d7438 at C:\re\jdk7u60\1081\hotspot\src\share\vm\prims\jvm.cpp:1244

Events (10 events):
Event: 72.140 Thread 0x0605e000 Thread added: 0x0605e000
Event: 72.140 Thread 0x0605b400 Thread added: 0x0605b400
Event: 72.140 Thread 0x0605ac00 Thread exited: 0x0605ac00
Event: 72.140 loading class 0x39670c20
Event: 72.140 loading class 0x39670c20 done
Event: 72.140 Thread 0x0605e000 Thread exited: 0x0605e000
Event: 72.141 Thread 0x0605b400 Thread exited: 0x0605b400
Event: 72.161 Thread 0x051fc400 Thread exited: 0x051fc400
Event: 72.241 Thread 0x0605e400 Thread exited: 0x0605e400
Event: 72.241 Executing VM operation: Exit


Dynamic libraries:
0x00a70000 - 0x00a9f000 	C:\Program Files (x86)\Java\jre7\bin\javaw.exe
0x76fe0000 - 0x77137000 	C:\Windows\SYSTEM32\ntdll.dll
0x74690000 - 0x747c0000 	C:\Windows\SYSTEM32\KERNEL32.DLL
0x76a80000 - 0x76b27000 	C:\Windows\SYSTEM32\KERNELBASE.dll
0x747c0000 - 0x7486e000 	C:\Windows\SYSTEM32\ADVAPI32.dll
0x764f0000 - 0x76606000 	C:\Windows\SYSTEM32\USER32.dll
0x73130000 - 0x73328000 	C:\Windows\WinSxS\x86_microsoft.windows.common-controls_6595b64144ccf1df_6.0.9200.16579_none_8937eec6860750f5\COMCTL32.dll
0x76000000 - 0x760b1000 	C:\Windows\SYSTEM32\msvcrt.dll
0x74870000 - 0x748a4000 	C:\Windows\SYSTEM32\sechost.dll
0x760c0000 - 0x7616c000 	C:\Windows\SYSTEM32\RPCRT4.dll
0x748b0000 - 0x749ad000 	C:\Windows\SYSTEM32\GDI32.dll
0x745d0000 - 0x745ed000 	C:\Windows\SYSTEM32\SspiCli.dll
0x745c0000 - 0x745c9000 	C:\Windows\SYSTEM32\CRYPTBASE.dll
0x74560000 - 0x745b1000 	C:\Windows\SYSTEM32\bcryptPrimitives.dll
0x762e0000 - 0x76300000 	C:\Windows\system32\IMM32.DLL
0x76680000 - 0x7675e000 	C:\Windows\SYSTEM32\MSCTF.dll
0x6f3f0000 - 0x6f4af000 	C:\Program Files (x86)\Java\jre7\bin\msvcr100.dll
0x5e310000 - 0x5e698000 	C:\Program Files (x86)\Java\jre7\bin\client\jvm.dll
0x71c10000 - 0x71c18000 	C:\Windows\SYSTEM32\WSOCK32.dll
0x71fb0000 - 0x71fd1000 	C:\Windows\SYSTEM32\WINMM.dll
0x76300000 - 0x76306000 	C:\Windows\SYSTEM32\PSAPI.DLL
0x75f80000 - 0x75fd0000 	C:\Windows\SYSTEM32\WS2_32.dll
0x71c70000 - 0x71c9b000 	C:\Windows\SYSTEM32\WINMMBASE.dll
0x75ff0000 - 0x75ff8000 	C:\Windows\SYSTEM32\NSI.dll
0x76b30000 - 0x76b76000 	C:\Windows\SYSTEM32\cfgmgr32.dll
0x75f00000 - 0x75f1e000 	C:\Windows\SYSTEM32\DEVOBJ.dll
0x720a0000 - 0x720ac000 	C:\Program Files (x86)\Java\jre7\bin\verify.dll
0x70bb0000 - 0x70bd0000 	C:\Program Files (x86)\Java\jre7\bin\java.dll
0x70b90000 - 0x70ba3000 	C:\Program Files (x86)\Java\jre7\bin\zip.dll
0x6f2a0000 - 0x6f3e3000 	C:\Program Files (x86)\Java\jre7\bin\awt.dll
0x76c00000 - 0x76c8b000 	C:\Windows\SYSTEM32\OLEAUT32.dll
0x76de0000 - 0x76f16000 	C:\Windows\SYSTEM32\combase.dll
0x72dd0000 - 0x72e77000 	C:\Windows\system32\apphelp.dll
0x71a40000 - 0x71a59000 	C:\Windows\system32\DWMAPI.DLL
0x726b0000 - 0x72738000 	C:\Windows\system32\uxtheme.dll
0x76760000 - 0x76879000 	C:\Windows\SYSTEM32\ole32.dll
0x74da0000 - 0x75e66000 	C:\Windows\SYSTEM32\SHELL32.dll
0x75f40000 - 0x75f80000 	C:\Windows\SYSTEM32\SHLWAPI.dll
0x73330000 - 0x733a3000 	C:\Windows\SYSTEM32\shcore.dll
0x718b0000 - 0x718e9000 	C:\Program Files (x86)\Java\jre7\bin\fontmanager.dll
0x6f250000 - 0x6f264000 	C:\Program Files (x86)\Java\jre7\bin\net.dll
0x72e80000 - 0x72eca000 	C:\Windows\system32\mswsock.dll
0x718a0000 - 0x718af000 	C:\Program Files (x86)\Java\jre7\bin\nio.dll
0x706d0000 - 0x70700000 	C:\Program Files (x86)\Java\jre7\bin\t2k.dll
0x76b80000 - 0x76bf4000 	C:\Windows\SYSTEM32\clbcatq.dll
0x6a8a0000 - 0x6a9eb000 	C:\Windows\SYSTEM32\WindowsCodecs.dll
0x76dc0000 - 0x76dd1000 	C:\Windows\SYSTEM32\profapi.dll
0x706a0000 - 0x706c4000 	C:\Program Files (x86)\Java\jre7\bin\dcpr.dll
0x686c0000 - 0x6872d000 	C:\binaries\terrajava.dll
0x685d0000 - 0x686b7000 	C:\binaries\terramanager-funcate.dll
0x59300000 - 0x59ba6000 	C:\binaries\terralib.dll
0x64af0000 - 0x64b59000 	C:\Windows\SYSTEM32\MSVCP100.dll
0x6d880000 - 0x6db4c000 	C:\binaries\bgd.dll
0x71910000 - 0x7192b000 	C:\binaries\terraogc_xml.dll
0x71500000 - 0x7151d000 	C:\binaries\terraogc_sld.dll
0x685a0000 - 0x685c6000 	C:\binaries\terraogc_se.dll
0x68560000 - 0x68596000 	C:\binaries\terraogc_filter.dll
0x68500000 - 0x68552000 	C:\binaries\terraogc_ows.dll
0x6ab50000 - 0x6ab69000 	C:\binaries\terraogc_common.dll
0x6f190000 - 0x6f19b000 	C:\binaries\terralib_shp.dll
0x684f0000 - 0x684fe000 	C:\binaries\terralib_spl.dll
0x06700000 - 0x06af6000 	C:\binaries\qt-mt338.dll
0x613d0000 - 0x6149e000 	C:\Windows\SYSTEM32\OPENGL32.dll
0x613a0000 - 0x613c3000 	C:\Windows\SYSTEM32\GLU32.dll
0x5efe0000 - 0x5f05f000 	C:\binaries\qwt500.dll
0x0f730000 - 0x1172f000 	C:\binaries\berkelium.dll
0x06b00000 - 0x06c41000 	C:\binaries\LIBMYSQL.dll
0x63100000 - 0x63121000 	C:\binaries\LIBPQ.dll
0x06c50000 - 0x06cb1000 	C:\binaries\OCI.dll
0x5ef50000 - 0x5efda000 	C:\binaries\libtiff.dll
0x583a0000 - 0x58b72000 	C:\binaries\gdal110.dll
0x12000000 - 0x121dc000 	C:\binaries\xerces-c_3_1.dll
0x5eef0000 - 0x5ef45000 	C:\binaries\terraogc_wms.dll
0x5ee90000 - 0x5eee3000 	C:\binaries\terraogc_gml.dll
0x5f980000 - 0x5f9c1000 	C:\binaries\terraogc_xsd.dll
0x684d0000 - 0x684f0000 	C:\binaries\terraogc_xacml.dll
0x71f30000 - 0x71f90000 	C:\Windows\SYSTEM32\WINSPOOL.DRV
0x7c340000 - 0x7c396000 	C:\Windows\SYSTEM32\MSVCR71.dll
0x608a0000 - 0x60979000 	C:\Windows\SYSTEM32\DDRAW.dll
0x727a0000 - 0x727a9000 	C:\Windows\SYSTEM32\Secur32.dll
0x75f20000 - 0x75f3b000 	C:\Windows\SYSTEM32\USERENV.dll
0x71520000 - 0x71570000 	C:\Windows\SYSTEM32\OLEACC.dll
0x54200000 - 0x54276000 	C:\Windows\SYSTEM32\RICHED20.dll
0x72ee0000 - 0x72ee8000 	C:\Windows\SYSTEM32\VERSION.dll
0x720b0000 - 0x720c4000 	C:\Windows\SYSTEM32\USP10.dll
0x72c50000 - 0x72cc5000 	C:\Windows\SYSTEM32\DNSAPI.dll
0x06d60000 - 0x06e0a000 	C:\Windows\libeay32.dll
0x06e10000 - 0x06e1d000 	C:\binaries\libintl-2.dll
0x72ed0000 - 0x72ed6000 	C:\Windows\SYSTEM32\SHFOLDER.DLL
0x06e20000 - 0x06e46000 	C:\Windows\ssleay32.dll
0x06e50000 - 0x06e76000 	C:\binaries\libexpat.dll
0x60770000 - 0x60811000 	C:\Windows\SYSTEM32\ODBC32.dll
0x60760000 - 0x60767000 	C:\Windows\SYSTEM32\DCIMAN32.dll
0x663b0000 - 0x663db000 	C:\Windows\SYSTEM32\msls31.dll
0x06ed0000 - 0x06fab000 	C:\binaries\libiconv-2.dll
0x6f600000 - 0x6f61d000 	C:\Windows\SYSTEM32\gpapi.dll
0x74530000 - 0x74556000 	C:\Windows\SYSTEM32\ntmarta.dll
0x57af0000 - 0x58398000 	C:\binaries\icudt46.dll
0x53850000 - 0x53979000 	C:\Windows\SYSTEM32\dbghelp.dll
0x72040000 - 0x72050000 	C:\Windows\system32\napinsp.dll
0x72020000 - 0x72034000 	C:\Windows\system32\pnrpnsp.dll
0x72010000 - 0x72020000 	C:\Windows\system32\NLAapi.dll
0x72000000 - 0x72009000 	C:\Windows\System32\winrnr.dll
0x71ac0000 - 0x71ad0000 	C:\Windows\system32\wshbth.dll
0x726a0000 - 0x726a7000 	C:\Windows\System32\rasadhlp.dll
0x71c30000 - 0x71c6f000 	C:\Windows\System32\fwpuclnt.dll
0x72cd0000 - 0x72cf0000 	C:\Windows\SYSTEM32\IPHLPAPI.DLL
0x72c40000 - 0x72c48000 	C:\Windows\SYSTEM32\WINNSI.DLL
0x730d0000 - 0x730ea000 	C:\Windows\SYSTEM32\CRYPTSP.dll
0x73090000 - 0x730ce000 	C:\Windows\system32\rsaenh.dll
0x72c30000 - 0x72c40000 	C:\Windows\SYSTEM32\dhcpcsvc6.DLL
0x72c10000 - 0x72c22000 	C:\Windows\SYSTEM32\dhcpcsvc.DLL
0x68440000 - 0x68465000 	C:\Program Files (x86)\Java\jre7\bin\jpeg.dll

VM Arguments:
jvm_args: -Dfile.encoding=ISO-8859-1 
java_command: com.nexusbr.gv.main.ConnectDBMain
Launcher Type: SUN_STANDARD

Environment Variables:
JAVA_HOME=C:\Program Files (x86)\Java\jre7
PATH=C:/Program Files (x86)/Java/jre7/bin/client;C:/Program Files (x86)/Java/jre7/bin;C:/Program Files (x86)/Java/jre7/lib/i386;C:\Program Files (x86)\PHP\;c:\Program Files (x86)\Intel\iCLS Client\;c:\Program Files\Intel\iCLS Client\;C:\Windows\system32;C:\Windows;C:\Windows\System32\Wbem;C:\Windows\System32\WindowsPowerShell\v1.0\;C:\Program Files\Intel\Intel(R) Management Engine Components\DAL;C:\Program Files\Intel\Intel(R) Management Engine Components\IPT;C:\Program Files (x86)\Intel\Intel(R) Management Engine Components\DAL;C:\Program Files (x86)\Intel\Intel(R) Management Engine Components\IPT;C:\Program Files (x86)\Intel\OpenCL SDK\3.0\bin\x86;C:\Program Files (x86)\Intel\OpenCL SDK\3.0\bin\x64;C:\Program Files (x86)\Windows Live\Shared;C:\binaries;c:\Program Files (x86)\Microsoft SQL Server\100\Tools\Binn\;c:\Program Files\Microsoft SQL Server\100\Tools\Binn\;c:\Program Files\Microsoft SQL Server\100\DTS\Binn\;C:\strawberry\c\bin;C:\strawberry\perl\site\bin;C:\strawberry\perl\bin;C:\Program Files (x86)\Microsoft SQL Server\110\Tools\Binn\ManagementStudio\;C:\Program Files (x86)\Microsoft SQL Server\110\Tools\Binn\;C:\Program Files\Microsoft SQL Server\110\Tools\Binn\;C:\Program Files (x86)\Microsoft SQL Server\110\DTS\Binn\;C:\Program Files\TortoiseSVN\bin;C:\Python34;C:\Program Files (x86)\Java\jre7\bin;C:\eclipse;
USERNAME=inacio
OS=Windows_NT
PROCESSOR_IDENTIFIER=Intel64 Family 6 Model 69 Stepping 1, GenuineIntel



---------------  S Y S T E M  ---------------

OS: Windows 8 , 64 bit Build 9200 

CPU:total 4 (2 cores per cpu, 2 threads per core) family 6 model 69 stepping 1, cmov, cx8, fxsr, mmx, sse, sse2, sse3, ssse3, sse4.1, sse4.2, popcnt, avx, avx2, aes, erms, ht, tsc, tscinvbit

Memory: 4k page, physical 8290700k(2675148k free), swap 9535884k(3093500k free)

vm_info: Java HotSpot(TM) Client VM (24.60-b09) for windows-x86 JRE (1.7.0_60-b19), built on May  7 2014 13:09:52 by "java_re" with unknown MS VC++:1600

time: Thu Jul 03 16:12:15 2014
elapsed time: 72 seconds

