#
# A fatal error has been detected by the Java Runtime Environment:
#
#  EXCEPTION_ACCESS_VIOLATION (0xc0000005) at pc=0x0ffa9052, pid=6676, tid=4800
#
# JRE version: Java(TM) SE Runtime Environment (7.0_60-b19) (build 1.7.0_60-b19)
# Java VM: Java HotSpot(TM) Client VM (24.60-b09 mixed mode, sharing windows-x86 )
# Problematic frame:
# C  [berkelium.dll+0xa39052]
#
# Failed to write core dump. Minidumps are not enabled by default on client versions of Windows
#
# If you would like to submit a bug report, please visit:
#   http://bugreport.sun.com/bugreport/crash.jsp
#

---------------  T H R E A D  ---------------

Current thread (0x0210fc00):  VMThread [stack: 0x04370000,0x043c0000] [id=4800]

siginfo: ExceptionCode=0xc0000005, reading address 0x000000f8

Registers:
EAX=0x043bf404, EBX=0x000493e0, ECX=0x043bf404, EDX=0x2f1f2b20
ESP=0x043bf3f4, EBP=0x00000066, ESI=0x00000000, EDI=0x4100ce20
EIP=0x0ffa9052, EFLAGS=0x00010206

Top of Stack: (sp=0x043bf3f4)
0x043bf3f4:   06d91168 06d91168 06ceab00 00000000
0x043bf404:   2f1f2b20 00000066 06d83a20 06d8c900
0x043bf414:   00000000 00000000 00000000 74616401
0x043bf424:   69642d61 07040072 00000023 0000002f
0x043bf434:   00000000 06d17070 002e5bd2 06d91000
0x043bf444:   06ceab44 ffffff00 0f5dbf20 110f9778
0x043bf454:   06840030 00000000 0000000f 110fa730
0x043bf464:   00000001 0f5d9783 00000008 00000001 

Instructions: (pc=0x0ffa9052)
0x0ffa9032:   03 00 00 57 53 e8 f4 c8 60 ff 8b ea 8d 54 24 10
0x0ffa9042:   52 8b f8 e8 26 ca 00 00 83 c4 04 03 38 13 68 04
0x0ffa9052:   8b 86 f8 00 00 00 0b 86 fc 00 00 00 89 7c 24 20
0x0ffa9062:   89 6c 24 24 75 3e 39 84 24 d4 00 00 00 7f 35 7c 


Register to memory mapping:

EAX=
[error occurred during error reporting (printing register info), id 0xc0000005]

Stack: [0x04370000,0x043c0000],  sp=0x043bf3f4,  free space=316k
Native frames: (J=compiled Java code, j=interpreted, Vv=VM code, C=native code)
C  [berkelium.dll+0xa39052]

VM_Operation (0x0596e820): Exit, mode: safepoint, requested by thread 0x054eb800


---------------  P R O C E S S  ---------------

Java Threads: ( => current thread )
  0x057fdc00 JavaThread "WeakCollectionCleaner" daemon [_thread_blocked, id=1820, stack(0x097c0000,0x09810000)]
  0x05813c00 JavaThread "TimerQueue" daemon [_thread_blocked, id=3872, stack(0x07770000,0x077c0000)]
  0x0225e000 JavaThread "DestroyJavaVM" [_thread_blocked, id=9520, stack(0x00a20000,0x00a70000)]
  0x054eb800 JavaThread "AWT-EventQueue-0" [_thread_blocked, id=9288, stack(0x05920000,0x05970000)]
  0x04934400 JavaThread "AWT-Shutdown" [_thread_blocked, id=1148, stack(0x04ff0000,0x05040000)]
  0x04933400 JavaThread "Java2D Disposer" daemon [_thread_blocked, id=1688, stack(0x04ef0000,0x04f40000)]
  0x02189000 JavaThread "Service Thread" daemon [_thread_blocked, id=9568, stack(0x046d0000,0x04720000)]
  0x02184c00 JavaThread "C1 CompilerThread0" daemon [_thread_blocked, id=8200, stack(0x04640000,0x04690000)]
  0x02183000 JavaThread "Attach Listener" daemon [_thread_blocked, id=3720, stack(0x045b0000,0x04600000)]
  0x02180c00 JavaThread "Signal Dispatcher" daemon [_thread_blocked, id=1240, stack(0x04520000,0x04570000)]
  0x02112800 JavaThread "Finalizer" daemon [_thread_blocked, id=7744, stack(0x04490000,0x044e0000)]
  0x02111000 JavaThread "Reference Handler" daemon [_thread_blocked, id=3616, stack(0x04400000,0x04450000)]

Other Threads:
=>0x0210fc00 VMThread [stack: 0x04370000,0x043c0000] [id=4800]

VM state:at safepoint (shutting down)

VM Mutex/Monitor currently owned by a thread:  ([mutex/lock_event])
[0x0225c468] Threads_lock - owner thread: 0x0210fc00

Heap
 def new generation   total 22016K, used 12541K [0x24000000, 0x257e0000, 0x29550000)
  eden space 19584K,  52% used [0x24000000, 0x24a074f0, 0x25320000)
  from space 2432K,  93% used [0x25580000, 0x257b7f30, 0x257e0000)
  to   space 2432K,   0% used [0x25320000, 0x25320000, 0x25580000)
 tenured generation   total 48848K, used 39436K [0x29550000, 0x2c504000, 0x34000000)
   the space 48848K,  80% used [0x29550000, 0x2bbd32d0, 0x2bbd3400, 0x2c504000)
 compacting perm gen  total 12288K, used 10638K [0x34000000, 0x34c00000, 0x38000000)
   the space 12288K,  86% used [0x34000000, 0x34a63820, 0x34a63a00, 0x34c00000)
    ro space 10240K,  42% used [0x38000000, 0x38434778, 0x38434800, 0x38a00000)
    rw space 12288K,  52% used [0x38a00000, 0x39049a68, 0x39049c00, 0x39600000)

Card table byte_map: [0x04260000,0x04310000] byte_map_base: 0x04140000

Polling page: 0x00710000

Code Cache  [0x02260000, 0x024d0000, 0x04260000)
 total_blobs=1494 nmethods=1194 adapters=236 free_code_cache=30304Kb largest_free_block=31030912

Compilation events (10 events):
Event: 105.763 Thread 0x02184c00 1200             java.awt.Toolkit::getEventQueue (7 bytes)
Event: 105.763 Thread 0x02184c00 nmethod 1200 0x024c71c8 code [0x024c72d0, 0x024c7368]
Event: 105.763 Thread 0x02184c00 1201             sun.awt.SunToolkit::getSystemEventQueueImpl (4 bytes)
Event: 105.763 Thread 0x02184c00 nmethod 1201 0x024c73c8 code [0x024c74e0, 0x024c75b8]
Event: 105.763 Thread 0x02184c00 1202             sun.awt.SunToolkit::getSystemEventQueueImplPP (7 bytes)
Event: 105.763 Thread 0x02184c00 nmethod 1202 0x024c76c8 code [0x024c77e0, 0x024c78a8]
Event: 105.779 Thread 0x02184c00 1203             java.awt.Container::proxyEnableEvents (44 bytes)
Event: 105.779 Thread 0x02184c00 nmethod 1203 0x024c7988 code [0x024c7a90, 0x024c7bdc]
Event: 105.779 Thread 0x02184c00 1204             sun.reflect.UnsafeFieldAccessorImpl::ensureObj (23 bytes)
Event: 105.779 Thread 0x02184c00 nmethod 1204 0x024c7c88 code [0x024c7dc0, 0x024c7f70]

GC Heap History (10 events):
Event: 7.844 GC heap before
{Heap before GC invocations=15 (full 3):
 def new generation   total 11712K, used 11048K [0x24000000, 0x24cb0000, 0x29550000)
  eden space 10432K,  93% used [0x24000000, 0x2498a2d0, 0x24a30000)
  from space 1280K, 100% used [0x24b70000, 0x24cb0000, 0x24cb0000)
  to   space 1280K,   0% used [0x24a30000, 0x24a30000, 0x24b70000)
 tenured generation   total 25848K, used 19401K [0x29550000, 0x2ae8e000, 0x34000000)
   the space 25848K,  75% used [0x29550000, 0x2a842528, 0x2a842600, 0x2ae8e000)
 compacting perm gen  total 12288K, used 9257K [0x34000000, 0x34c00000, 0x38000000)
   the space 12288K,  75% used [0x34000000, 0x3490a550, 0x3490a600, 0x34c00000)
    ro space 10240K,  42% used [0x38000000, 0x38434778, 0x38434800, 0x38a00000)
    rw space 12288K,  52% used [0x38a00000, 0x39049a68, 0x39049c00, 0x39600000)
Event: 7.848 GC heap after
Heap after GC invocations=16 (full 3):
 def new generation   total 11712K, used 669K [0x24000000, 0x24cb0000, 0x29550000)
  eden space 10432K,   0% used [0x24000000, 0x24000000, 0x24a30000)
  from space 1280K,  52% used [0x24a30000, 0x24ad7598, 0x24b70000)
  to   space 1280K,   0% used [0x24b70000, 0x24b70000, 0x24cb0000)
 tenured generation   total 25848K, used 22507K [0x29550000, 0x2ae8e000, 0x34000000)
   the space 25848K,  87% used [0x29550000, 0x2ab4adc8, 0x2ab4ae00, 0x2ae8e000)
 compacting perm gen  total 12288K, used 9257K [0x34000000, 0x34c00000, 0x38000000)
   the space 12288K,  75% used [0x34000000, 0x3490a550, 0x3490a600, 0x34c00000)
    ro space 10240K,  42% used [0x38000000, 0x38434778, 0x38434800, 0x38a00000)
    rw space 12288K,  52% used [0x38a00000, 0x39049a68, 0x39049c00, 0x39600000)
}
Event: 8.650 GC heap before
{Heap before GC invocations=16 (full 3):
 def new generation   total 11712K, used 11101K [0x24000000, 0x24cb0000, 0x29550000)
  eden space 10432K, 100% used [0x24000000, 0x24a30000, 0x24a30000)
  from space 1280K,  52% used [0x24a30000, 0x24ad7598, 0x24b70000)
  to   space 1280K,   0% used [0x24b70000, 0x24b70000, 0x24cb0000)
 tenured generation   total 25848K, used 22507K [0x29550000, 0x2ae8e000, 0x34000000)
   the space 25848K,  87% used [0x29550000, 0x2ab4adc8, 0x2ab4ae00, 0x2ae8e000)
 compacting perm gen  total 12288K, used 9580K [0x34000000, 0x34c00000, 0x38000000)
   the space 12288K,  77% used [0x34000000, 0x3495b2f0, 0x3495b400, 0x34c00000)
    ro space 10240K,  42% used [0x38000000, 0x38434778, 0x38434800, 0x38a00000)
    rw space 12288K,  52% used [0x38a00000, 0x39049a68, 0x39049c00, 0x39600000)
Event: 8.723 GC heap after
Heap after GC invocations=17 (full 4):
 def new generation   total 15936K, used 0K [0x24000000, 0x25140000, 0x29550000)
  eden space 14208K,   0% used [0x24000000, 0x24000000, 0x24de0000)
  from space 1728K,   0% used [0x24de0000, 0x24de0000, 0x24f90000)
  to   space 1728K,   0% used [0x24f90000, 0x24f90000, 0x25140000)
 tenured generation   total 35080K, used 21046K [0x29550000, 0x2b792000, 0x34000000)
   the space 35080K,  59% used [0x29550000, 0x2a9dd880, 0x2a9dda00, 0x2b792000)
 compacting perm gen  total 12288K, used 9573K [0x34000000, 0x34c00000, 0x38000000)
   the space 12288K,  77% used [0x34000000, 0x349595f0, 0x34959600, 0x34c00000)
    ro space 10240K,  42% used [0x38000000, 0x38434778, 0x38434800, 0x38a00000)
    rw space 12288K,  52% used [0x38a00000, 0x39049a68, 0x39049c00, 0x39600000)
}
Event: 9.849 GC heap before
{Heap before GC invocations=17 (full 4):
 def new generation   total 15936K, used 15667K [0x24000000, 0x25140000, 0x29550000)
  eden space 14208K, 100% used [0x24000000, 0x24de0000, 0x24de0000)
  from space 1728K,  84% used [0x24de0000, 0x24f4cf40, 0x24f90000)
  to   space 1728K,   0% used [0x24f90000, 0x24f90000, 0x25140000)
 tenured generation   total 35080K, used 21046K [0x29550000, 0x2b792000, 0x34000000)
   the space 35080K,  59% used [0x29550000, 0x2a9dd880, 0x2a9dda00, 0x2b792000)
 compacting perm gen  total 12288K, used 10629K [0x34000000, 0x34c00000, 0x38000000)
   the space 12288K,  86% used [0x34000000, 0x34a61528, 0x34a61600, 0x34c00000)
    ro space 10240K,  42% used [0x38000000, 0x38434778, 0x38434800, 0x38a00000)
    rw space 12288K,  52% used [0x38a00000, 0x39049a68, 0x39049c00, 0x39600000)
Event: 9.855 GC heap after
Heap after GC invocations=18 (full 4):
 def new generation   total 15936K, used 1728K [0x24000000, 0x25140000, 0x29550000)
  eden space 14208K,   0% used [0x24000000, 0x24000000, 0x24de0000)
  from space 1728K, 100% used [0x24f90000, 0x25140000, 0x25140000)
  to   space 1728K,   0% used [0x24de0000, 0x24de0000, 0x24f90000)
 tenured generation   total 35080K, used 25076K [0x29550000, 0x2b792000, 0x34000000)
   the space 35080K,  71% used [0x29550000, 0x2adcd228, 0x2adcd400, 0x2b792000)
 compacting perm gen  total 12288K, used 10629K [0x34000000, 0x34c00000, 0x38000000)
   the space 12288K,  86% used [0x34000000, 0x34a61528, 0x34a61600, 0x34c00000)
    ro space 10240K,  42% used [0x38000000, 0x38434778, 0x38434800, 0x38a00000)
    rw space 12288K,  52% used [0x38a00000, 0x39049a68, 0x39049c00, 0x39600000)
}
Event: 12.134 GC heap before
{Heap before GC invocations=18 (full 4):
 def new generation   total 15936K, used 14317K [0x24000000, 0x25140000, 0x29550000)
  eden space 14208K,  88% used [0x24000000, 0x24c4b540, 0x24de0000)
  from space 1728K, 100% used [0x24f90000, 0x25140000, 0x25140000)
  to   space 1728K,   0% used [0x24de0000, 0x24de0000, 0x24f90000)
 tenured generation   total 35080K, used 25076K [0x29550000, 0x2b792000, 0x34000000)
   the space 35080K,  71% used [0x29550000, 0x2adcd228, 0x2adcd400, 0x2b792000)
 compacting perm gen  total 12288K, used 10629K [0x34000000, 0x34c00000, 0x38000000)
   the space 12288K,  86% used [0x34000000, 0x34a61538, 0x34a61600, 0x34c00000)
    ro space 10240K,  42% used [0x38000000, 0x38434778, 0x38434800, 0x38a00000)
    rw space 12288K,  52% used [0x38a00000, 0x39049a68, 0x39049c00, 0x39600000)
Event: 12.183 GC heap after
Heap after GC invocations=19 (full 5):
 def new generation   total 22016K, used 0K [0x24000000, 0x257e0000, 0x29550000)
  eden space 19584K,   0% used [0x24000000, 0x24000000, 0x25320000)
  from space 2432K,   0% used [0x25320000, 0x25320000, 0x25580000)
  to   space 2432K,   0% used [0x25580000, 0x25580000, 0x257e0000)
 tenured generation   total 48848K, used 29306K [0x29550000, 0x2c504000, 0x34000000)
   the space 48848K,  59% used [0x29550000, 0x2b1ee9a8, 0x2b1eea00, 0x2c504000)
 compacting perm gen  total 12288K, used 10629K [0x34000000, 0x34c00000, 0x38000000)
   the space 12288K,  86% used [0x34000000, 0x34a61538, 0x34a61600, 0x34c00000)
    ro space 10240K,  42% used [0x38000000, 0x38434778, 0x38434800, 0x38a00000)
    rw space 12288K,  52% used [0x38a00000, 0x39049a68, 0x39049c00, 0x39600000)
}
Event: 13.937 GC heap before
{Heap before GC invocations=19 (full 5):
 def new generation   total 22016K, used 19584K [0x24000000, 0x257e0000, 0x29550000)
  eden space 19584K, 100% used [0x24000000, 0x25320000, 0x25320000)
  from space 2432K,   0% used [0x25320000, 0x25320000, 0x25580000)
  to   space 2432K,   0% used [0x25580000, 0x25580000, 0x257e0000)
 tenured generation   total 48848K, used 29306K [0x29550000, 0x2c504000, 0x34000000)
   the space 48848K,  59% used [0x29550000, 0x2b1ee9a8, 0x2b1eea00, 0x2c504000)
 compacting perm gen  total 12288K, used 10634K [0x34000000, 0x34c00000, 0x38000000)
   the space 12288K,  86% used [0x34000000, 0x34a62980, 0x34a62a00, 0x34c00000)
    ro space 10240K,  42% used [0x38000000, 0x38434778, 0x38434800, 0x38a00000)
    rw space 12288K,  52% used [0x38a00000, 0x39049a68, 0x39049c00, 0x39600000)
Event: 13.943 GC heap after
Heap after GC invocations=20 (full 5):
 def new generation   total 22016K, used 2271K [0x24000000, 0x257e0000, 0x29550000)
  eden space 19584K,   0% used [0x24000000, 0x24000000, 0x25320000)
  from space 2432K,  93% used [0x25580000, 0x257b7f30, 0x257e0000)
  to   space 2432K,   0% used [0x25320000, 0x25320000, 0x25580000)
 tenured generation   total 48848K, used 39436K [0x29550000, 0x2c504000, 0x34000000)
   the space 48848K,  80% used [0x29550000, 0x2bbd32d0, 0x2bbd3400, 0x2c504000)
 compacting perm gen  total 12288K, used 10634K [0x34000000, 0x34c00000, 0x38000000)
   the space 12288K,  86% used [0x34000000, 0x34a62980, 0x34a62a00, 0x34c00000)
    ro space 10240K,  42% used [0x38000000, 0x38434778, 0x38434800, 0x38a00000)
    rw space 12288K,  52% used [0x38a00000, 0x39049a68, 0x39049c00, 0x39600000)
}

Deoptimization events (0 events):
No events

Internal exceptions (10 events):
Event: 9.023 Thread 0x08a85400 Threw 0x24615f20 at C:\re\jdk7u60\1081\hotspot\src\share\vm\prims\jvm.cpp:1244
Event: 9.024 Thread 0x08a85400 Threw 0x2461b050 at C:\re\jdk7u60\1081\hotspot\src\share\vm\prims\jvm.cpp:1244
Event: 9.106 Thread 0x08a85400 Threw 0x24775048 at C:\re\jdk7u60\1081\hotspot\src\share\vm\interpreter\interpreterRuntime.cpp:362
Event: 10.184 Thread 0x056e1800 Threw 0x240daba0 at C:\re\jdk7u60\1081\hotspot\src\share\vm\prims\jvm.cpp:2917
Event: 12.192 Thread 0x057fe800 Threw 0x24616ea8 at C:\re\jdk7u60\1081\hotspot\src\share\vm\prims\jvm.cpp:2917
Event: 12.626 Thread 0x056e1800 Threw 0x24af8fd0 at C:\re\jdk7u60\1081\hotspot\src\share\vm\prims\jvm.cpp:2917
Event: 13.076 Thread 0x054eb800 Threw 0x24cc0858 at C:\re\jdk7u60\1081\hotspot\src\share\vm\prims\jvm.cpp:1244
Event: 13.077 Thread 0x054eb800 Threw 0x24ce0dc0 at C:\re\jdk7u60\1081\hotspot\src\share\vm\prims\jvm.cpp:1244
Event: 13.185 Thread 0x057fe800 Threw 0x24d4f690 at C:\re\jdk7u60\1081\hotspot\src\share\vm\prims\jvm.cpp:2917
Event: 15.559 Thread 0x056e1800 Threw 0x2498d2a8 at C:\re\jdk7u60\1081\hotspot\src\share\vm\prims\jvm.cpp:2917

Events (10 events):
Event: 106.955 loading class 0x39670c20
Event: 106.955 loading class 0x39670bc8
Event: 106.956 Thread 0x057ffc00 Thread exited: 0x057ffc00
Event: 106.956 loading class 0x39670bc8 done
Event: 106.956 loading class 0x39670c20 done
Event: 106.956 Thread 0x057fe000 Thread exited: 0x057fe000
Event: 106.956 Thread 0x057ff400 Thread exited: 0x057ff400
Event: 106.961 Thread 0x04934800 Thread exited: 0x04934800
Event: 107.056 Thread 0x057fec00 Thread exited: 0x057fec00
Event: 107.056 Executing VM operation: Exit


Dynamic libraries:
0x00a70000 - 0x00a9f000 	C:\Program Files (x86)\Java\jre7\bin\javaw.exe
0x76fe0000 - 0x77137000 	C:\Windows\SYSTEM32\ntdll.dll
0x74690000 - 0x747c0000 	C:\Windows\SYSTEM32\KERNEL32.DLL
0x76a80000 - 0x76b27000 	C:\Windows\SYSTEM32\KERNELBASE.dll
0x747c0000 - 0x7486e000 	C:\Windows\SYSTEM32\ADVAPI32.dll
0x764f0000 - 0x76606000 	C:\Windows\SYSTEM32\USER32.dll
0x73130000 - 0x73328000 	C:\Windows\WinSxS\x86_microsoft.windows.common-controls_6595b64144ccf1df_6.0.9200.16579_none_8937eec6860750f5\COMCTL32.dll
0x76000000 - 0x760b1000 	C:\Windows\SYSTEM32\msvcrt.dll
0x74870000 - 0x748a4000 	C:\Windows\SYSTEM32\sechost.dll
0x760c0000 - 0x7616c000 	C:\Windows\SYSTEM32\RPCRT4.dll
0x748b0000 - 0x749ad000 	C:\Windows\SYSTEM32\GDI32.dll
0x745d0000 - 0x745ed000 	C:\Windows\SYSTEM32\SspiCli.dll
0x745c0000 - 0x745c9000 	C:\Windows\SYSTEM32\CRYPTBASE.dll
0x74560000 - 0x745b1000 	C:\Windows\SYSTEM32\bcryptPrimitives.dll
0x762e0000 - 0x76300000 	C:\Windows\system32\IMM32.DLL
0x76680000 - 0x7675e000 	C:\Windows\SYSTEM32\MSCTF.dll
0x5f9e0000 - 0x5fa9f000 	C:\Program Files (x86)\Java\jre7\bin\msvcr100.dll
0x6f250000 - 0x6f5d8000 	C:\Program Files (x86)\Java\jre7\bin\client\jvm.dll
0x71c10000 - 0x71c18000 	C:\Windows\SYSTEM32\WSOCK32.dll
0x71fb0000 - 0x71fd1000 	C:\Windows\SYSTEM32\WINMM.dll
0x76300000 - 0x76306000 	C:\Windows\SYSTEM32\PSAPI.DLL
0x75f80000 - 0x75fd0000 	C:\Windows\SYSTEM32\WS2_32.dll
0x71c70000 - 0x71c9b000 	C:\Windows\SYSTEM32\WINMMBASE.dll
0x75ff0000 - 0x75ff8000 	C:\Windows\SYSTEM32\NSI.dll
0x76b30000 - 0x76b76000 	C:\Windows\SYSTEM32\cfgmgr32.dll
0x75f00000 - 0x75f1e000 	C:\Windows\SYSTEM32\DEVOBJ.dll
0x720a0000 - 0x720ac000 	C:\Program Files (x86)\Java\jre7\bin\verify.dll
0x71910000 - 0x71930000 	C:\Program Files (x86)\Java\jre7\bin\java.dll
0x718d0000 - 0x718e3000 	C:\Program Files (x86)\Java\jre7\bin\zip.dll
0x5e360000 - 0x5e4a3000 	C:\Program Files (x86)\Java\jre7\bin\awt.dll
0x76c00000 - 0x76c8b000 	C:\Windows\SYSTEM32\OLEAUT32.dll
0x76de0000 - 0x76f16000 	C:\Windows\SYSTEM32\combase.dll
0x72dd0000 - 0x72e77000 	C:\Windows\system32\apphelp.dll
0x71a40000 - 0x71a59000 	C:\Windows\system32\DWMAPI.DLL
0x726b0000 - 0x72738000 	C:\Windows\system32\uxtheme.dll
0x76760000 - 0x76879000 	C:\Windows\SYSTEM32\ole32.dll
0x74da0000 - 0x75e66000 	C:\Windows\SYSTEM32\SHELL32.dll
0x75f40000 - 0x75f80000 	C:\Windows\SYSTEM32\SHLWAPI.dll
0x73330000 - 0x733a3000 	C:\Windows\SYSTEM32\shcore.dll
0x5f9a0000 - 0x5f9d9000 	C:\Program Files (x86)\Java\jre7\bin\fontmanager.dll
0x718b0000 - 0x718c4000 	C:\Program Files (x86)\Java\jre7\bin\net.dll
0x72e80000 - 0x72eca000 	C:\Windows\system32\mswsock.dll
0x718a0000 - 0x718af000 	C:\Program Files (x86)\Java\jre7\bin\nio.dll
0x5e330000 - 0x5e360000 	C:\Program Files (x86)\Java\jre7\bin\t2k.dll
0x76b80000 - 0x76bf4000 	C:\Windows\SYSTEM32\clbcatq.dll
0x6a8a0000 - 0x6a9eb000 	C:\Windows\SYSTEM32\WindowsCodecs.dll
0x76dc0000 - 0x76dd1000 	C:\Windows\SYSTEM32\profapi.dll
0x5e300000 - 0x5e324000 	C:\Program Files (x86)\Java\jre7\bin\dcpr.dll
0x5e290000 - 0x5e2fd000 	C:\binaries\terrajava.dll
0x5e1a0000 - 0x5e287000 	C:\binaries\terramanager-funcate.dll
0x573f0000 - 0x57c96000 	C:\binaries\terralib.dll
0x64af0000 - 0x64b59000 	C:\Windows\SYSTEM32\MSVCP100.dll
0x6d880000 - 0x6db4c000 	C:\binaries\bgd.dll
0x5f980000 - 0x5f99b000 	C:\binaries\terraogc_xml.dll
0x5e180000 - 0x5e19d000 	C:\binaries\terraogc_sld.dll
0x5e150000 - 0x5e176000 	C:\binaries\terraogc_se.dll
0x5e110000 - 0x5e146000 	C:\binaries\terraogc_filter.dll
0x5da60000 - 0x5dab2000 	C:\binaries\terraogc_ows.dll
0x5e0f0000 - 0x5e109000 	C:\binaries\terraogc_common.dll
0x5da50000 - 0x5da5b000 	C:\binaries\terralib_shp.dll
0x5da40000 - 0x5da4e000 	C:\binaries\terralib_spl.dll
0x05ea0000 - 0x06296000 	C:\binaries\qt-mt338.dll
0x613d0000 - 0x6149e000 	C:\Windows\SYSTEM32\OPENGL32.dll
0x613a0000 - 0x613c3000 	C:\Windows\SYSTEM32\GLU32.dll
0x597c0000 - 0x5983f000 	C:\binaries\qwt500.dll
0x0f570000 - 0x1156f000 	C:\binaries\berkelium.dll
0x062a0000 - 0x063e1000 	C:\binaries\LIBMYSQL.dll
0x63100000 - 0x63121000 	C:\binaries\LIBPQ.dll
0x063f0000 - 0x06451000 	C:\binaries\OCI.dll
0x59730000 - 0x597ba000 	C:\binaries\libtiff.dll
0x56580000 - 0x56d52000 	C:\binaries\gdal110.dll
0x12000000 - 0x121dc000 	C:\binaries\xerces-c_3_1.dll
0x596d0000 - 0x59725000 	C:\binaries\terraogc_wms.dll
0x59670000 - 0x596c3000 	C:\binaries\terraogc_gml.dll
0x59620000 - 0x59661000 	C:\binaries\terraogc_xsd.dll
0x5a810000 - 0x5a830000 	C:\binaries\terraogc_xacml.dll
0x71f30000 - 0x71f90000 	C:\Windows\SYSTEM32\WINSPOOL.DRV
0x7c340000 - 0x7c396000 	C:\Windows\SYSTEM32\MSVCR71.dll
0x608a0000 - 0x60979000 	C:\Windows\SYSTEM32\DDRAW.dll
0x727a0000 - 0x727a9000 	C:\Windows\SYSTEM32\Secur32.dll
0x75f20000 - 0x75f3b000 	C:\Windows\SYSTEM32\USERENV.dll
0x71520000 - 0x71570000 	C:\Windows\SYSTEM32\OLEACC.dll
0x54200000 - 0x54276000 	C:\Windows\SYSTEM32\RICHED20.dll
0x72ee0000 - 0x72ee8000 	C:\Windows\SYSTEM32\VERSION.dll
0x720b0000 - 0x720c4000 	C:\Windows\SYSTEM32\USP10.dll
0x72c50000 - 0x72cc5000 	C:\Windows\SYSTEM32\DNSAPI.dll
0x06500000 - 0x065aa000 	C:\Windows\libeay32.dll
0x065b0000 - 0x065bd000 	C:\binaries\libintl-2.dll
0x72ed0000 - 0x72ed6000 	C:\Windows\SYSTEM32\SHFOLDER.DLL
0x065c0000 - 0x065e6000 	C:\Windows\ssleay32.dll
0x065f0000 - 0x06616000 	C:\binaries\libexpat.dll
0x60770000 - 0x60811000 	C:\Windows\SYSTEM32\ODBC32.dll
0x60760000 - 0x60767000 	C:\Windows\SYSTEM32\DCIMAN32.dll
0x663b0000 - 0x663db000 	C:\Windows\SYSTEM32\msls31.dll
0x06670000 - 0x0674b000 	C:\binaries\libiconv-2.dll
0x6f600000 - 0x6f61d000 	C:\Windows\SYSTEM32\gpapi.dll
0x74530000 - 0x74556000 	C:\Windows\SYSTEM32\ntmarta.dll
0x54e60000 - 0x55708000 	C:\binaries\icudt46.dll
0x53850000 - 0x53979000 	C:\Windows\SYSTEM32\dbghelp.dll
0x72040000 - 0x72050000 	C:\Windows\system32\napinsp.dll
0x72020000 - 0x72034000 	C:\Windows\system32\pnrpnsp.dll
0x72010000 - 0x72020000 	C:\Windows\system32\NLAapi.dll
0x72000000 - 0x72009000 	C:\Windows\System32\winrnr.dll
0x71ac0000 - 0x71ad0000 	C:\Windows\system32\wshbth.dll
0x726a0000 - 0x726a7000 	C:\Windows\System32\rasadhlp.dll
0x71c30000 - 0x71c6f000 	C:\Windows\System32\fwpuclnt.dll
0x72cd0000 - 0x72cf0000 	C:\Windows\SYSTEM32\IPHLPAPI.DLL
0x72c40000 - 0x72c48000 	C:\Windows\SYSTEM32\WINNSI.DLL
0x730d0000 - 0x730ea000 	C:\Windows\SYSTEM32\CRYPTSP.dll
0x73090000 - 0x730ce000 	C:\Windows\system32\rsaenh.dll
0x72c30000 - 0x72c40000 	C:\Windows\SYSTEM32\dhcpcsvc6.DLL
0x72c10000 - 0x72c22000 	C:\Windows\SYSTEM32\dhcpcsvc.DLL
0x595f0000 - 0x59615000 	C:\Program Files (x86)\Java\jre7\bin\jpeg.dll

VM Arguments:
jvm_args: -Dfile.encoding=ISO-8859-1 
java_command: com.nexusbr.gv.main.ConnectDBMain
Launcher Type: SUN_STANDARD

Environment Variables:
JAVA_HOME=C:\Program Files (x86)\Java\jre7
PATH=C:/Program Files (x86)/Java/jre7/bin/client;C:/Program Files (x86)/Java/jre7/bin;C:/Program Files (x86)/Java/jre7/lib/i386;C:\Program Files (x86)\PHP\;c:\Program Files (x86)\Intel\iCLS Client\;c:\Program Files\Intel\iCLS Client\;C:\Windows\system32;C:\Windows;C:\Windows\System32\Wbem;C:\Windows\System32\WindowsPowerShell\v1.0\;C:\Program Files\Intel\Intel(R) Management Engine Components\DAL;C:\Program Files\Intel\Intel(R) Management Engine Components\IPT;C:\Program Files (x86)\Intel\Intel(R) Management Engine Components\DAL;C:\Program Files (x86)\Intel\Intel(R) Management Engine Components\IPT;C:\Program Files (x86)\Intel\OpenCL SDK\3.0\bin\x86;C:\Program Files (x86)\Intel\OpenCL SDK\3.0\bin\x64;C:\Program Files (x86)\Windows Live\Shared;C:\binaries;c:\Program Files (x86)\Microsoft SQL Server\100\Tools\Binn\;c:\Program Files\Microsoft SQL Server\100\Tools\Binn\;c:\Program Files\Microsoft SQL Server\100\DTS\Binn\;C:\strawberry\c\bin;C:\strawberry\perl\site\bin;C:\strawberry\perl\bin;C:\Program Files (x86)\Microsoft SQL Server\110\Tools\Binn\ManagementStudio\;C:\Program Files (x86)\Microsoft SQL Server\110\Tools\Binn\;C:\Program Files\Microsoft SQL Server\110\Tools\Binn\;C:\Program Files (x86)\Microsoft SQL Server\110\DTS\Binn\;C:\Program Files\TortoiseSVN\bin;C:\Python34;C:\Program Files (x86)\Java\jre7\bin;C:\eclipse;
USERNAME=inacio
OS=Windows_NT
PROCESSOR_IDENTIFIER=Intel64 Family 6 Model 69 Stepping 1, GenuineIntel



---------------  S Y S T E M  ---------------

OS: Windows 8 , 64 bit Build 9200 

CPU:total 4 (2 cores per cpu, 2 threads per core) family 6 model 69 stepping 1, cmov, cx8, fxsr, mmx, sse, sse2, sse3, ssse3, sse4.1, sse4.2, popcnt, avx, avx2, aes, erms, ht, tsc, tscinvbit

Memory: 4k page, physical 8290700k(4394772k free), swap 9535884k(4928100k free)

vm_info: Java HotSpot(TM) Client VM (24.60-b09) for windows-x86 JRE (1.7.0_60-b19), built on May  7 2014 13:09:52 by "java_re" with unknown MS VC++:1600

time: Wed Jul 02 17:46:44 2014
elapsed time: 107 seconds

