#
# A fatal error has been detected by the Java Runtime Environment:
#
#  EXCEPTION_ACCESS_VIOLATION (0xc0000005) at pc=0x0fde9052, pid=9112, tid=6312
#
# JRE version: Java(TM) SE Runtime Environment (7.0_60-b19) (build 1.7.0_60-b19)
# Java VM: Java HotSpot(TM) Client VM (24.60-b09 mixed mode, sharing windows-x86 )
# Problematic frame:
# C  [berkelium.dll+0xa39052]
#
# Failed to write core dump. Minidumps are not enabled by default on client versions of Windows
#
# If you would like to submit a bug report, please visit:
#   http://bugreport.sun.com/bugreport/crash.jsp
#

---------------  T H R E A D  ---------------

Current thread (0x00cafc00):  VMThread [stack: 0x047a0000,0x047f0000] [id=6312]

siginfo: ExceptionCode=0xc0000005, reading address 0x000000f8

Registers:
EAX=0x047ef024, EBX=0x000493e0, ECX=0x047ef024, EDX=0xd8b53bb8
ESP=0x047ef014, EBP=0x00000073, ESI=0x00000000, EDI=0xea96deb8
EIP=0x0fde9052, EFLAGS=0x00010202

Top of Stack: (sp=0x047ef014)
0x047ef014:   07153168 07153168 070aab00 00000000
0x047ef024:   d8b53bb8 00000073 07143a20 0714c900
0x047ef034:   00000000 00000000 00000000 74616401
0x047ef044:   69642d61 07370072 00000023 0000002f
0x047ef054:   00000000 070d7070 002e5bdf 07153000
0x047ef064:   070aab44 ffffff00 0f41bf20 10f39778
0x047ef074:   06c00030 00000000 0000000f 10f3a730
0x047ef084:   00000001 0f419783 00000008 00000001 

Instructions: (pc=0x0fde9052)
0x0fde9032:   03 00 00 57 53 e8 f4 c8 60 ff 8b ea 8d 54 24 10
0x0fde9042:   52 8b f8 e8 26 ca 00 00 83 c4 04 03 38 13 68 04
0x0fde9052:   8b 86 f8 00 00 00 0b 86 fc 00 00 00 89 7c 24 20
0x0fde9062:   89 6c 24 24 75 3e 39 84 24 d4 00 00 00 7f 35 7c 


Register to memory mapping:

EAX=
[error occurred during error reporting (printing register info), id 0xc0000005]

Stack: [0x047a0000,0x047f0000],  sp=0x047ef014,  free space=316k
Native frames: (J=compiled Java code, j=interpreted, Vv=VM code, C=native code)
C  [berkelium.dll+0xa39052]

VM_Operation (0x05d3eb20): Exit, mode: safepoint, requested by thread 0x058b6400


---------------  P R O C E S S  ---------------

Java Threads: ( => current thread )
  0x090bb800 JavaThread "Image Fetcher 1" daemon [_thread_blocked, id=5264, stack(0x08330000,0x08380000)]
  0x090be000 JavaThread "Image Fetcher 3" daemon [_thread_blocked, id=7512, stack(0x07cd0000,0x07d20000)]
  0x05bea400 JavaThread "Image Fetcher 2" daemon [_thread_blocked, id=9100, stack(0x07d60000,0x07db0000)]
  0x05bebc00 JavaThread "WeakCollectionCleaner" daemon [_thread_blocked, id=7408, stack(0x09400000,0x09450000)]
  0x05c39c00 JavaThread "TimerQueue" daemon [_thread_blocked, id=928, stack(0x07bb0000,0x07c00000)]
  0x00dce000 JavaThread "DestroyJavaVM" [_thread_blocked, id=7680, stack(0x00b20000,0x00b70000)]
  0x058b6400 JavaThread "AWT-EventQueue-0" [_thread_blocked, id=4448, stack(0x05cf0000,0x05d40000)]
  0x04d7b800 JavaThread "AWT-Shutdown" [_thread_blocked, id=7356, stack(0x053c0000,0x05410000)]
  0x04d7a800 JavaThread "Java2D Disposer" daemon [_thread_blocked, id=9640, stack(0x05370000,0x053c0000)]
  0x00d2d800 JavaThread "Service Thread" daemon [_thread_blocked, id=1448, stack(0x04b00000,0x04b50000)]
  0x00d27400 JavaThread "C1 CompilerThread0" daemon [_thread_blocked, id=9252, stack(0x04a70000,0x04ac0000)]
  0x00d23c00 JavaThread "Attach Listener" daemon [_thread_blocked, id=9984, stack(0x049e0000,0x04a30000)]
  0x00d22800 JavaThread "Signal Dispatcher" daemon [_thread_blocked, id=5928, stack(0x04950000,0x049a0000)]
  0x00cb2800 JavaThread "Finalizer" daemon [_thread_blocked, id=4852, stack(0x048c0000,0x04910000)]
  0x00cb1000 JavaThread "Reference Handler" daemon [_thread_blocked, id=6216, stack(0x04830000,0x04880000)]

Other Threads:
=>0x00cafc00 VMThread [stack: 0x047a0000,0x047f0000] [id=6312]

VM state:at safepoint (shutting down)

VM Mutex/Monitor currently owned by a thread:  ([mutex/lock_event])
[0x00dcc740] Threads_lock - owner thread: 0x00cafc00

Heap
 def new generation   total 46144K, used 17003K [0x24000000, 0x27210000, 0x29550000)
  eden space 41024K,  28% used [0x24000000, 0x24b9acf8, 0x26810000)
  from space 5120K, 100% used [0x26d10000, 0x27210000, 0x27210000)
  to   space 5120K,   0% used [0x26810000, 0x26810000, 0x26d10000)
 tenured generation   total 102436K, used 67557K [0x29550000, 0x2f959000, 0x34000000)
   the space 102436K,  65% used [0x29550000, 0x2d749690, 0x2d749800, 0x2f959000)
 compacting perm gen  total 12288K, used 10651K [0x34000000, 0x34c00000, 0x38000000)
   the space 12288K,  86% used [0x34000000, 0x34a66ce8, 0x34a66e00, 0x34c00000)
    ro space 10240K,  42% used [0x38000000, 0x38434778, 0x38434800, 0x38a00000)
    rw space 12288K,  52% used [0x38a00000, 0x39049a68, 0x39049c00, 0x39600000)

Card table byte_map: [0x04650000,0x04700000] byte_map_base: 0x04530000

Polling page: 0x00a50000

Code Cache  [0x02650000, 0x028e8000, 0x04650000)
 total_blobs=1541 nmethods=1243 adapters=234 free_code_cache=30122Kb largest_free_block=30844800

Compilation events (10 events):
Event: 25.636 Thread 0x00d27400 1256             java.awt.image.PackedColorModel::countBits (44 bytes)
Event: 25.636 Thread 0x00d27400 nmethod 1256 0x028e4708 code [0x028e4800, 0x028e48d0]
Event: 25.642 Thread 0x00d27400 1257             javax.swing.plaf.nimbus.AbstractRegionPainter$PaintContext::access$100 (5 bytes)
Event: 25.642 Thread 0x00d27400 nmethod 1257 0x028e4948 code [0x028e4a40, 0x028e4ab0]
Event: 25.643 Thread 0x00d27400 1258             java.awt.geom.RoundRectIterator::currentSegment (144 bytes)
Event: 25.643 Thread 0x00d27400 nmethod 1258 0x028e4b08 code [0x028e4c40, 0x028e4f28]
Event: 25.643 Thread 0x00d27400 1259             java.lang.Math::round (19 bytes)
Event: 25.643 Thread 0x00d27400 nmethod 1259 0x028e5308 code [0x028e5430, 0x028e552c]
Event: 25.644 Thread 0x00d27400 1260             sun.java2d.SunGraphics2D::translate (68 bytes)
Event: 25.645 Thread 0x00d27400 nmethod 1260 0x028e55c8 code [0x028e56e0, 0x028e57e8]

GC Heap History (10 events):
Event: 10.013 GC heap before
{Heap before GC invocations=18 (full 4):
 def new generation   total 20928K, used 20908K [0x24000000, 0x256b0000, 0x29550000)
  eden space 18624K, 100% used [0x24000000, 0x25230000, 0x25230000)
  from space 2304K,  99% used [0x25230000, 0x2546b210, 0x25470000)
  to   space 2304K,   0% used [0x25470000, 0x25470000, 0x256b0000)
 tenured generation   total 46312K, used 37867K [0x29550000, 0x2c28a000, 0x34000000)
   the space 46312K,  81% used [0x29550000, 0x2ba4ac78, 0x2ba4ae00, 0x2c28a000)
 compacting perm gen  total 12288K, used 10583K [0x34000000, 0x34c00000, 0x38000000)
   the space 12288K,  86% used [0x34000000, 0x34a55d10, 0x34a55e00, 0x34c00000)
    ro space 10240K,  42% used [0x38000000, 0x38434778, 0x38434800, 0x38a00000)
    rw space 12288K,  52% used [0x38a00000, 0x39049a68, 0x39049c00, 0x39600000)
Event: 10.020 GC heap after
Heap after GC invocations=19 (full 4):
 def new generation   total 20928K, used 2304K [0x24000000, 0x256b0000, 0x29550000)
  eden space 18624K,   0% used [0x24000000, 0x24000000, 0x25230000)
  from space 2304K, 100% used [0x25470000, 0x256b0000, 0x256b0000)
  to   space 2304K,   0% used [0x25230000, 0x25230000, 0x25470000)
 tenured generation   total 46312K, used 43021K [0x29550000, 0x2c28a000, 0x34000000)
   the space 46312K,  92% used [0x29550000, 0x2bf535d8, 0x2bf53600, 0x2c28a000)
 compacting perm gen  total 12288K, used 10583K [0x34000000, 0x34c00000, 0x38000000)
   the space 12288K,  86% used [0x34000000, 0x34a55d10, 0x34a55e00, 0x34c00000)
    ro space 10240K,  42% used [0x38000000, 0x38434778, 0x38434800, 0x38a00000)
    rw space 12288K,  52% used [0x38a00000, 0x39049a68, 0x39049c00, 0x39600000)
}
Event: 13.895 GC heap before
{Heap before GC invocations=19 (full 4):
 def new generation   total 20928K, used 20928K [0x24000000, 0x256b0000, 0x29550000)
  eden space 18624K, 100% used [0x24000000, 0x25230000, 0x25230000)
  from space 2304K, 100% used [0x25470000, 0x256b0000, 0x256b0000)
  to   space 2304K,   0% used [0x25230000, 0x25230000, 0x25470000)
 tenured generation   total 46312K, used 43021K [0x29550000, 0x2c28a000, 0x34000000)
   the space 46312K,  92% used [0x29550000, 0x2bf535d8, 0x2bf53600, 0x2c28a000)
 compacting perm gen  total 12288K, used 10583K [0x34000000, 0x34c00000, 0x38000000)
   the space 12288K,  86% used [0x34000000, 0x34a55d90, 0x34a55e00, 0x34c00000)
    ro space 10240K,  42% used [0x38000000, 0x38434778, 0x38434800, 0x38a00000)
    rw space 12288K,  52% used [0x38a00000, 0x39049a68, 0x39049c00, 0x39600000)
Event: 14.025 GC heap after
Heap after GC invocations=20 (full 5):
 def new generation   total 34048K, used 0K [0x24000000, 0x264f0000, 0x29550000)
  eden space 30272K,   0% used [0x24000000, 0x24000000, 0x25d90000)
  from space 3776K,   0% used [0x25d90000, 0x25d90000, 0x26140000)
  to   space 3776K,   0% used [0x26140000, 0x26140000, 0x264f0000)
 tenured generation   total 75612K, used 45365K [0x29550000, 0x2df27000, 0x34000000)
   the space 75612K,  59% used [0x29550000, 0x2c19d578, 0x2c19d600, 0x2df27000)
 compacting perm gen  total 12288K, used 10583K [0x34000000, 0x34c00000, 0x38000000)
   the space 12288K,  86% used [0x34000000, 0x34a55d90, 0x34a55e00, 0x34c00000)
    ro space 10240K,  42% used [0x38000000, 0x38434778, 0x38434800, 0x38a00000)
    rw space 12288K,  52% used [0x38a00000, 0x39049a68, 0x39049c00, 0x39600000)
}
Event: 14.423 GC heap before
{Heap before GC invocations=20 (full 5):
 def new generation   total 34048K, used 30272K [0x24000000, 0x264f0000, 0x29550000)
  eden space 30272K, 100% used [0x24000000, 0x25d90000, 0x25d90000)
  from space 3776K,   0% used [0x25d90000, 0x25d90000, 0x26140000)
  to   space 3776K,   0% used [0x26140000, 0x26140000, 0x264f0000)
 tenured generation   total 75612K, used 45365K [0x29550000, 0x2df27000, 0x34000000)
   the space 75612K,  59% used [0x29550000, 0x2c19d578, 0x2c19d600, 0x2df27000)
 compacting perm gen  total 12288K, used 10585K [0x34000000, 0x34c00000, 0x38000000)
   the space 12288K,  86% used [0x34000000, 0x34a56448, 0x34a56600, 0x34c00000)
    ro space 10240K,  42% used [0x38000000, 0x38434778, 0x38434800, 0x38a00000)
    rw space 12288K,  52% used [0x38a00000, 0x39049a68, 0x39049c00, 0x39600000)
Event: 14.474 GC heap after
Heap after GC invocations=21 (full 5):
 def new generation   total 34048K, used 3776K [0x24000000, 0x264f0000, 0x29550000)
  eden space 30272K,   0% used [0x24000000, 0x24000000, 0x25d90000)
  from space 3776K, 100% used [0x26140000, 0x264f0000, 0x264f0000)
  to   space 3776K,   0% used [0x25d90000, 0x25d90000, 0x26140000)
 tenured generation   total 75612K, used 68882K [0x29550000, 0x2df27000, 0x34000000)
   the space 75612K,  91% used [0x29550000, 0x2d894868, 0x2d894a00, 0x2df27000)
 compacting perm gen  total 12288K, used 10585K [0x34000000, 0x34c00000, 0x38000000)
   the space 12288K,  86% used [0x34000000, 0x34a56448, 0x34a56600, 0x34c00000)
    ro space 10240K,  42% used [0x38000000, 0x38434778, 0x38434800, 0x38a00000)
    rw space 12288K,  52% used [0x38a00000, 0x39049a68, 0x39049c00, 0x39600000)
}
Event: 16.318 GC heap before
{Heap before GC invocations=21 (full 5):
 def new generation   total 34048K, used 34048K [0x24000000, 0x264f0000, 0x29550000)
  eden space 30272K, 100% used [0x24000000, 0x25d90000, 0x25d90000)
  from space 3776K, 100% used [0x26140000, 0x264f0000, 0x264f0000)
  to   space 3776K,   0% used [0x25d90000, 0x25d90000, 0x26140000)
 tenured generation   total 75612K, used 68882K [0x29550000, 0x2df27000, 0x34000000)
   the space 75612K,  91% used [0x29550000, 0x2d894868, 0x2d894a00, 0x2df27000)
 compacting perm gen  total 12288K, used 10585K [0x34000000, 0x34c00000, 0x38000000)
   the space 12288K,  86% used [0x34000000, 0x34a56458, 0x34a56600, 0x34c00000)
    ro space 10240K,  42% used [0x38000000, 0x38434778, 0x38434800, 0x38a00000)
    rw space 12288K,  52% used [0x38a00000, 0x39049a68, 0x39049c00, 0x39600000)
Event: 16.476 GC heap after
Heap after GC invocations=22 (full 6):
 def new generation   total 46144K, used 0K [0x24000000, 0x27210000, 0x29550000)
  eden space 41024K,   0% used [0x24000000, 0x24000000, 0x26810000)
  from space 5120K,   0% used [0x26810000, 0x26810000, 0x26d10000)
  to   space 5120K,   0% used [0x26d10000, 0x26d10000, 0x27210000)
 tenured generation   total 102436K, used 61460K [0x29550000, 0x2f959000, 0x34000000)
   the space 102436K,  59% used [0x29550000, 0x2d155308, 0x2d155400, 0x2f959000)
 compacting perm gen  total 12288K, used 10585K [0x34000000, 0x34c00000, 0x38000000)
   the space 12288K,  86% used [0x34000000, 0x34a56458, 0x34a56600, 0x34c00000)
    ro space 10240K,  42% used [0x38000000, 0x38434778, 0x38434800, 0x38a00000)
    rw space 12288K,  52% used [0x38a00000, 0x39049a68, 0x39049c00, 0x39600000)
}
Event: 23.057 GC heap before
{Heap before GC invocations=22 (full 6):
 def new generation   total 46144K, used 41024K [0x24000000, 0x27210000, 0x29550000)
  eden space 41024K, 100% used [0x24000000, 0x26810000, 0x26810000)
  from space 5120K,   0% used [0x26810000, 0x26810000, 0x26d10000)
  to   space 5120K,   0% used [0x26d10000, 0x26d10000, 0x27210000)
 tenured generation   total 102436K, used 61460K [0x29550000, 0x2f959000, 0x34000000)
   the space 102436K,  59% used [0x29550000, 0x2d155308, 0x2d155400, 0x2f959000)
 compacting perm gen  total 12288K, used 10649K [0x34000000, 0x34c00000, 0x38000000)
   the space 12288K,  86% used [0x34000000, 0x34a66670, 0x34a66800, 0x34c00000)
    ro space 10240K,  42% used [0x38000000, 0x38434778, 0x38434800, 0x38a00000)
    rw space 12288K,  52% used [0x38a00000, 0x39049a68, 0x39049c00, 0x39600000)
Event: 23.068 GC heap after
Heap after GC invocations=23 (full 6):
 def new generation   total 46144K, used 5120K [0x24000000, 0x27210000, 0x29550000)
  eden space 41024K,   0% used [0x24000000, 0x24000000, 0x26810000)
  from space 5120K, 100% used [0x26d10000, 0x27210000, 0x27210000)
  to   space 5120K,   0% used [0x26810000, 0x26810000, 0x26d10000)
 tenured generation   total 102436K, used 67557K [0x29550000, 0x2f959000, 0x34000000)
   the space 102436K,  65% used [0x29550000, 0x2d749690, 0x2d749800, 0x2f959000)
 compacting perm gen  total 12288K, used 10649K [0x34000000, 0x34c00000, 0x38000000)
   the space 12288K,  86% used [0x34000000, 0x34a66670, 0x34a66800, 0x34c00000)
    ro space 10240K,  42% used [0x38000000, 0x38434778, 0x38434800, 0x38a00000)
    rw space 12288K,  52% used [0x38a00000, 0x39049a68, 0x39049c00, 0x39600000)
}

Deoptimization events (0 events):
No events

Internal exceptions (10 events):
Event: 22.879 Thread 0x090bc800 Threw 0x267067b0 at C:\re\jdk7u60\1081\hotspot\src\share\vm\prims\jvm.cpp:1244
Event: 22.880 Thread 0x090bc800 Threw 0x2670a568 at C:\re\jdk7u60\1081\hotspot\src\share\vm\prims\jvm.cpp:1244
Event: 22.882 Thread 0x090bc800 Threw 0x26714948 at C:\re\jdk7u60\1081\hotspot\src\share\vm\prims\jvm.cpp:1244
Event: 22.882 Thread 0x090bc800 Threw 0x2671a128 at C:\re\jdk7u60\1081\hotspot\src\share\vm\prims\jvm.cpp:1244
Event: 22.883 Thread 0x090bc800 Threw 0x267211b0 at C:\re\jdk7u60\1081\hotspot\src\share\vm\prims\jvm.cpp:1244
Event: 22.884 Thread 0x090bc800 Threw 0x26726c98 at C:\re\jdk7u60\1081\hotspot\src\share\vm\prims\jvm.cpp:1244
Event: 22.890 Thread 0x090bc000 Threw 0x26743ee0 at C:\re\jdk7u60\1081\hotspot\src\share\vm\prims\jvm.cpp:1244
Event: 22.890 Thread 0x090bc000 Threw 0x26749728 at C:\re\jdk7u60\1081\hotspot\src\share\vm\prims\jvm.cpp:1244
Event: 22.924 Thread 0x090bc800 Threw 0x2680bfa8 at C:\re\jdk7u60\1081\hotspot\src\share\vm\interpreter\interpreterRuntime.cpp:362
Event: 25.697 Thread 0x05bea400 Threw 0x24083900 at C:\re\jdk7u60\1081\hotspot\src\share\vm\prims\jvm.cpp:2917

Events (10 events):
Event: 26.069 Executing VM operation: RevokeBias
Event: 26.069 Executing VM operation: RevokeBias done
Event: 26.069 loading class 0x39670c20
Event: 26.069 Thread 0x05beb000 Thread exited: 0x05beb000
Event: 26.069 Thread 0x05be9000 Thread exited: 0x05be9000
Event: 26.069 loading class 0x39670c20 done
Event: 26.069 Thread 0x05beb400 Thread exited: 0x05beb400
Event: 26.083 Thread 0x04d7bc00 Thread exited: 0x04d7bc00
Event: 26.169 Thread 0x05be9c00 Thread exited: 0x05be9c00
Event: 26.169 Executing VM operation: Exit


Dynamic libraries:
0x00a70000 - 0x00a9f000 	C:\Program Files (x86)\Java\jre7\bin\javaw.exe
0x76fe0000 - 0x77137000 	C:\Windows\SYSTEM32\ntdll.dll
0x74690000 - 0x747c0000 	C:\Windows\SYSTEM32\KERNEL32.DLL
0x76a80000 - 0x76b27000 	C:\Windows\SYSTEM32\KERNELBASE.dll
0x747c0000 - 0x7486e000 	C:\Windows\SYSTEM32\ADVAPI32.dll
0x764f0000 - 0x76606000 	C:\Windows\SYSTEM32\USER32.dll
0x73130000 - 0x73328000 	C:\Windows\WinSxS\x86_microsoft.windows.common-controls_6595b64144ccf1df_6.0.9200.16579_none_8937eec6860750f5\COMCTL32.dll
0x76000000 - 0x760b1000 	C:\Windows\SYSTEM32\msvcrt.dll
0x74870000 - 0x748a4000 	C:\Windows\SYSTEM32\sechost.dll
0x760c0000 - 0x7616c000 	C:\Windows\SYSTEM32\RPCRT4.dll
0x748b0000 - 0x749ad000 	C:\Windows\SYSTEM32\GDI32.dll
0x745d0000 - 0x745ed000 	C:\Windows\SYSTEM32\SspiCli.dll
0x745c0000 - 0x745c9000 	C:\Windows\SYSTEM32\CRYPTBASE.dll
0x74560000 - 0x745b1000 	C:\Windows\SYSTEM32\bcryptPrimitives.dll
0x762e0000 - 0x76300000 	C:\Windows\system32\IMM32.DLL
0x76680000 - 0x7675e000 	C:\Windows\SYSTEM32\MSCTF.dll
0x5f9e0000 - 0x5fa9f000 	C:\Program Files (x86)\Java\jre7\bin\msvcr100.dll
0x6f250000 - 0x6f5d8000 	C:\Program Files (x86)\Java\jre7\bin\client\jvm.dll
0x71c10000 - 0x71c18000 	C:\Windows\SYSTEM32\WSOCK32.dll
0x71fb0000 - 0x71fd1000 	C:\Windows\SYSTEM32\WINMM.dll
0x76300000 - 0x76306000 	C:\Windows\SYSTEM32\PSAPI.DLL
0x75f80000 - 0x75fd0000 	C:\Windows\SYSTEM32\WS2_32.dll
0x71c70000 - 0x71c9b000 	C:\Windows\SYSTEM32\WINMMBASE.dll
0x75ff0000 - 0x75ff8000 	C:\Windows\SYSTEM32\NSI.dll
0x76b30000 - 0x76b76000 	C:\Windows\SYSTEM32\cfgmgr32.dll
0x75f00000 - 0x75f1e000 	C:\Windows\SYSTEM32\DEVOBJ.dll
0x720a0000 - 0x720ac000 	C:\Program Files (x86)\Java\jre7\bin\verify.dll
0x71910000 - 0x71930000 	C:\Program Files (x86)\Java\jre7\bin\java.dll
0x718d0000 - 0x718e3000 	C:\Program Files (x86)\Java\jre7\bin\zip.dll
0x5e360000 - 0x5e4a3000 	C:\Program Files (x86)\Java\jre7\bin\awt.dll
0x76c00000 - 0x76c8b000 	C:\Windows\SYSTEM32\OLEAUT32.dll
0x76de0000 - 0x76f16000 	C:\Windows\SYSTEM32\combase.dll
0x72dd0000 - 0x72e77000 	C:\Windows\system32\apphelp.dll
0x71a40000 - 0x71a59000 	C:\Windows\system32\DWMAPI.DLL
0x726b0000 - 0x72738000 	C:\Windows\system32\uxtheme.dll
0x76760000 - 0x76879000 	C:\Windows\SYSTEM32\ole32.dll
0x74da0000 - 0x75e66000 	C:\Windows\SYSTEM32\SHELL32.dll
0x75f40000 - 0x75f80000 	C:\Windows\SYSTEM32\SHLWAPI.dll
0x73330000 - 0x733a3000 	C:\Windows\SYSTEM32\shcore.dll
0x5f9a0000 - 0x5f9d9000 	C:\Program Files (x86)\Java\jre7\bin\fontmanager.dll
0x718b0000 - 0x718c4000 	C:\Program Files (x86)\Java\jre7\bin\net.dll
0x72e80000 - 0x72eca000 	C:\Windows\system32\mswsock.dll
0x718a0000 - 0x718af000 	C:\Program Files (x86)\Java\jre7\bin\nio.dll
0x5e330000 - 0x5e360000 	C:\Program Files (x86)\Java\jre7\bin\t2k.dll
0x76b80000 - 0x76bf4000 	C:\Windows\SYSTEM32\clbcatq.dll
0x6a8a0000 - 0x6a9eb000 	C:\Windows\SYSTEM32\WindowsCodecs.dll
0x76dc0000 - 0x76dd1000 	C:\Windows\SYSTEM32\profapi.dll
0x5e300000 - 0x5e324000 	C:\Program Files (x86)\Java\jre7\bin\dcpr.dll
0x5e290000 - 0x5e2fd000 	C:\binaries\terrajava.dll
0x5e1a0000 - 0x5e287000 	C:\binaries\terramanager-funcate.dll
0x573f0000 - 0x57c96000 	C:\binaries\terralib.dll
0x64af0000 - 0x64b59000 	C:\Windows\SYSTEM32\MSVCP100.dll
0x6d880000 - 0x6db4c000 	C:\binaries\bgd.dll
0x5f980000 - 0x5f99b000 	C:\binaries\terraogc_xml.dll
0x5e180000 - 0x5e19d000 	C:\binaries\terraogc_sld.dll
0x5e150000 - 0x5e176000 	C:\binaries\terraogc_se.dll
0x5e110000 - 0x5e146000 	C:\binaries\terraogc_filter.dll
0x5da60000 - 0x5dab2000 	C:\binaries\terraogc_ows.dll
0x5e0f0000 - 0x5e109000 	C:\binaries\terraogc_common.dll
0x5da50000 - 0x5da5b000 	C:\binaries\terralib_shp.dll
0x5da40000 - 0x5da4e000 	C:\binaries\terralib_spl.dll
0x06260000 - 0x06656000 	C:\binaries\qt-mt338.dll
0x613d0000 - 0x6149e000 	C:\Windows\SYSTEM32\OPENGL32.dll
0x613a0000 - 0x613c3000 	C:\Windows\SYSTEM32\GLU32.dll
0x597c0000 - 0x5983f000 	C:\binaries\qwt500.dll
0x0f3b0000 - 0x113af000 	C:\binaries\berkelium.dll
0x06660000 - 0x067a1000 	C:\binaries\LIBMYSQL.dll
0x63100000 - 0x63121000 	C:\binaries\LIBPQ.dll
0x067b0000 - 0x06811000 	C:\binaries\OCI.dll
0x59730000 - 0x597ba000 	C:\binaries\libtiff.dll
0x56580000 - 0x56d52000 	C:\binaries\gdal110.dll
0x12000000 - 0x121dc000 	C:\binaries\xerces-c_3_1.dll
0x596d0000 - 0x59725000 	C:\binaries\terraogc_wms.dll
0x59670000 - 0x596c3000 	C:\binaries\terraogc_gml.dll
0x59620000 - 0x59661000 	C:\binaries\terraogc_xsd.dll
0x5a810000 - 0x5a830000 	C:\binaries\terraogc_xacml.dll
0x71f30000 - 0x71f90000 	C:\Windows\SYSTEM32\WINSPOOL.DRV
0x7c340000 - 0x7c396000 	C:\Windows\SYSTEM32\MSVCR71.dll
0x608a0000 - 0x60979000 	C:\Windows\SYSTEM32\DDRAW.dll
0x727a0000 - 0x727a9000 	C:\Windows\SYSTEM32\Secur32.dll
0x75f20000 - 0x75f3b000 	C:\Windows\SYSTEM32\USERENV.dll
0x71520000 - 0x71570000 	C:\Windows\SYSTEM32\OLEACC.dll
0x54200000 - 0x54276000 	C:\Windows\SYSTEM32\RICHED20.dll
0x72ee0000 - 0x72ee8000 	C:\Windows\SYSTEM32\VERSION.dll
0x720b0000 - 0x720c4000 	C:\Windows\SYSTEM32\USP10.dll
0x72c50000 - 0x72cc5000 	C:\Windows\SYSTEM32\DNSAPI.dll
0x068c0000 - 0x0696a000 	C:\Windows\libeay32.dll
0x06970000 - 0x0697d000 	C:\binaries\libintl-2.dll
0x72ed0000 - 0x72ed6000 	C:\Windows\SYSTEM32\SHFOLDER.DLL
0x06980000 - 0x069a6000 	C:\Windows\ssleay32.dll
0x069b0000 - 0x069d6000 	C:\binaries\libexpat.dll
0x60770000 - 0x60811000 	C:\Windows\SYSTEM32\ODBC32.dll
0x60760000 - 0x60767000 	C:\Windows\SYSTEM32\DCIMAN32.dll
0x663b0000 - 0x663db000 	C:\Windows\SYSTEM32\msls31.dll
0x06a30000 - 0x06b0b000 	C:\binaries\libiconv-2.dll
0x6f600000 - 0x6f61d000 	C:\Windows\SYSTEM32\gpapi.dll
0x74530000 - 0x74556000 	C:\Windows\SYSTEM32\ntmarta.dll
0x54e60000 - 0x55708000 	C:\binaries\icudt46.dll
0x53850000 - 0x53979000 	C:\Windows\SYSTEM32\dbghelp.dll
0x72040000 - 0x72050000 	C:\Windows\system32\napinsp.dll
0x72020000 - 0x72034000 	C:\Windows\system32\pnrpnsp.dll
0x72010000 - 0x72020000 	C:\Windows\system32\NLAapi.dll
0x72000000 - 0x72009000 	C:\Windows\System32\winrnr.dll
0x71ac0000 - 0x71ad0000 	C:\Windows\system32\wshbth.dll
0x726a0000 - 0x726a7000 	C:\Windows\System32\rasadhlp.dll
0x71c30000 - 0x71c6f000 	C:\Windows\System32\fwpuclnt.dll
0x72cd0000 - 0x72cf0000 	C:\Windows\SYSTEM32\IPHLPAPI.DLL
0x72c40000 - 0x72c48000 	C:\Windows\SYSTEM32\WINNSI.DLL
0x730d0000 - 0x730ea000 	C:\Windows\SYSTEM32\CRYPTSP.dll
0x73090000 - 0x730ce000 	C:\Windows\system32\rsaenh.dll
0x72c30000 - 0x72c40000 	C:\Windows\SYSTEM32\dhcpcsvc6.DLL
0x72c10000 - 0x72c22000 	C:\Windows\SYSTEM32\dhcpcsvc.DLL
0x595f0000 - 0x59615000 	C:\Program Files (x86)\Java\jre7\bin\jpeg.dll

VM Arguments:
jvm_args: -Dfile.encoding=ISO-8859-1 
java_command: com.nexusbr.gv.main.ConnectDBMain
Launcher Type: SUN_STANDARD

Environment Variables:
JAVA_HOME=C:\Program Files (x86)\Java\jre7
PATH=C:/Program Files (x86)/Java/jre7/bin/client;C:/Program Files (x86)/Java/jre7/bin;C:/Program Files (x86)/Java/jre7/lib/i386;C:\Program Files (x86)\PHP\;c:\Program Files (x86)\Intel\iCLS Client\;c:\Program Files\Intel\iCLS Client\;C:\Windows\system32;C:\Windows;C:\Windows\System32\Wbem;C:\Windows\System32\WindowsPowerShell\v1.0\;C:\Program Files\Intel\Intel(R) Management Engine Components\DAL;C:\Program Files\Intel\Intel(R) Management Engine Components\IPT;C:\Program Files (x86)\Intel\Intel(R) Management Engine Components\DAL;C:\Program Files (x86)\Intel\Intel(R) Management Engine Components\IPT;C:\Program Files (x86)\Intel\OpenCL SDK\3.0\bin\x86;C:\Program Files (x86)\Intel\OpenCL SDK\3.0\bin\x64;C:\Program Files (x86)\Windows Live\Shared;C:\binaries;c:\Program Files (x86)\Microsoft SQL Server\100\Tools\Binn\;c:\Program Files\Microsoft SQL Server\100\Tools\Binn\;c:\Program Files\Microsoft SQL Server\100\DTS\Binn\;C:\strawberry\c\bin;C:\strawberry\perl\site\bin;C:\strawberry\perl\bin;C:\Program Files (x86)\Microsoft SQL Server\110\Tools\Binn\ManagementStudio\;C:\Program Files (x86)\Microsoft SQL Server\110\Tools\Binn\;C:\Program Files\Microsoft SQL Server\110\Tools\Binn\;C:\Program Files (x86)\Microsoft SQL Server\110\DTS\Binn\;C:\Program Files\TortoiseSVN\bin;C:\Python34;C:\Program Files (x86)\Java\jre7\bin;C:\eclipse;
USERNAME=inacio
OS=Windows_NT
PROCESSOR_IDENTIFIER=Intel64 Family 6 Model 69 Stepping 1, GenuineIntel



---------------  S Y S T E M  ---------------

OS: Windows 8 , 64 bit Build 9200 

CPU:total 4 (2 cores per cpu, 2 threads per core) family 6 model 69 stepping 1, cmov, cx8, fxsr, mmx, sse, sse2, sse3, ssse3, sse4.1, sse4.2, popcnt, avx, avx2, aes, erms, ht, tsc, tscinvbit

Memory: 4k page, physical 8290700k(4461344k free), swap 9535884k(4375244k free)

vm_info: Java HotSpot(TM) Client VM (24.60-b09) for windows-x86 JRE (1.7.0_60-b19), built on May  7 2014 13:09:52 by "java_re" with unknown MS VC++:1600

time: Thu Jul 03 10:04:44 2014
elapsed time: 26 seconds

