#
# A fatal error has been detected by the Java Runtime Environment:
#
#  EXCEPTION_ACCESS_VIOLATION (0xc0000005) at pc=0x106c9052, pid=11124, tid=5072
#
# JRE version: Java(TM) SE Runtime Environment (7.0_60-b19) (build 1.7.0_60-b19)
# Java VM: Java HotSpot(TM) Client VM (24.60-b09 mixed mode, sharing windows-x86 )
# Problematic frame:
# C  [berkelium.dll+0xa39052]
#
# Failed to write core dump. Minidumps are not enabled by default on client versions of Windows
#
# If you would like to submit a bug report, please visit:
#   http://bugreport.sun.com/bugreport/crash.jsp
#

---------------  T H R E A D  ---------------

Current thread (0x0092fc00):  VMThread [stack: 0x03f90000,0x03fe0000] [id=5072]

siginfo: ExceptionCode=0xc0000005, reading address 0x000000f8

Registers:
EAX=0x03fdf1d4, EBX=0x000493e0, ECX=0x03fdf1d4, EDX=0x3f0948b0
ESP=0x03fdf1c4, EBP=0x00000087, ESI=0x00000000, EDI=0x50eaebb0
EIP=0x106c9052, EFLAGS=0x00010206

Top of Stack: (sp=0x03fdf1c4)
0x03fdf1c4:   069a2168 069a2168 068fab00 00000000
0x03fdf1d4:   3f0948b0 00000087 06993a20 0699c900
0x03fdf1e4:   00000000 00000000 00000000 74616401
0x03fdf1f4:   69642d61 06bd0072 00000023 0000002f
0x03fdf204:   00000000 06927070 002e5bf3 069a2000
0x03fdf214:   068fab44 ffffff00 0fcfbf20 11819778
0x03fdf224:   06460030 00000000 0000000f 1181a730
0x03fdf234:   00000001 0fcf9783 00000008 00000001 

Instructions: (pc=0x106c9052)
0x106c9032:   03 00 00 57 53 e8 f4 c8 60 ff 8b ea 8d 54 24 10
0x106c9042:   52 8b f8 e8 26 ca 00 00 83 c4 04 03 38 13 68 04
0x106c9052:   8b 86 f8 00 00 00 0b 86 fc 00 00 00 89 7c 24 20
0x106c9062:   89 6c 24 24 75 3e 39 84 24 d4 00 00 00 7f 35 7c 


Register to memory mapping:

EAX=
[error occurred during error reporting (printing register info), id 0xc0000005]

Stack: [0x03f90000,0x03fe0000],  sp=0x03fdf1c4,  free space=316k
Native frames: (J=compiled Java code, j=interpreted, Vv=VM code, C=native code)
C  [berkelium.dll+0xa39052]

VM_Operation (0x0556e7c0): Exit, mode: safepoint, requested by thread 0x050f2000


---------------  P R O C E S S  ---------------

Java Threads: ( => current thread )
  0x0820e800 JavaThread "Image Fetcher 2" daemon [_thread_blocked, id=6912, stack(0x076f0000,0x07740000)]
  0x0820cc00 JavaThread "Image Fetcher 1" daemon [_thread_blocked, id=5432, stack(0x07660000,0x076b0000)]
  0x0820f400 JavaThread "Image Fetcher 0" daemon [_thread_blocked, id=10256, stack(0x07520000,0x07570000)]
  0x05439c00 JavaThread "Image Animator 2" daemon [_thread_blocked, id=10900, stack(0x075d0000,0x07620000)]
  0x05437400 JavaThread "WeakCollectionCleaner" daemon [_thread_blocked, id=6700, stack(0x073e0000,0x07430000)]
  0x05374400 JavaThread "TimerQueue" daemon [_thread_blocked, id=6140, stack(0x07350000,0x073a0000)]
  0x05319800 JavaThread "Image Fetcher 3" daemon [_thread_blocked, id=8244, stack(0x07280000,0x072d0000)]
  0x0042e000 JavaThread "DestroyJavaVM" [_thread_blocked, id=7480, stack(0x00390000,0x003e0000)]
  0x050f2000 JavaThread "AWT-EventQueue-0" [_thread_blocked, id=7036, stack(0x05520000,0x05570000)]
  0x0456ac00 JavaThread "AWT-Shutdown" [_thread_blocked, id=7192, stack(0x04bf0000,0x04c40000)]
  0x04569c00 JavaThread "Java2D Disposer" daemon [_thread_blocked, id=5472, stack(0x04b60000,0x04bb0000)]
  0x009aac00 JavaThread "Service Thread" daemon [_thread_blocked, id=10528, stack(0x042f0000,0x04340000)]
  0x009a4400 JavaThread "C1 CompilerThread0" daemon [_thread_blocked, id=6612, stack(0x04260000,0x042b0000)]
  0x009a2800 JavaThread "Attach Listener" daemon [_thread_blocked, id=9296, stack(0x041d0000,0x04220000)]
  0x009a1800 JavaThread "Signal Dispatcher" daemon [_thread_blocked, id=10532, stack(0x04140000,0x04190000)]
  0x00932800 JavaThread "Finalizer" daemon [_thread_blocked, id=9492, stack(0x040b0000,0x04100000)]
  0x00931000 JavaThread "Reference Handler" daemon [_thread_blocked, id=4756, stack(0x04020000,0x04070000)]

Other Threads:
=>0x0092fc00 VMThread [stack: 0x03f90000,0x03fe0000] [id=5072]

VM state:at safepoint (shutting down)

VM Mutex/Monitor currently owned by a thread:  ([mutex/lock_event])
[0x0042c810] Threads_lock - owner thread: 0x0092fc00

Heap
 def new generation   total 13312K, used 5549K [0x24000000, 0x24e70000, 0x29550000)
  eden space 11840K,  35% used [0x24000000, 0x2440cfc8, 0x24b90000)
  from space 1472K,  95% used [0x24d00000, 0x24e5e828, 0x24e70000)
  to   space 1472K,   0% used [0x24b90000, 0x24b90000, 0x24d00000)
 tenured generation   total 29492K, used 29236K [0x29550000, 0x2b21d000, 0x34000000)
   the space 29492K,  99% used [0x29550000, 0x2b1dd290, 0x2b1dd400, 0x2b21d000)
 compacting perm gen  total 12288K, used 8814K [0x34000000, 0x34c00000, 0x38000000)
   the space 12288K,  71% used [0x34000000, 0x3489bb78, 0x3489bc00, 0x34c00000)
    ro space 10240K,  42% used [0x38000000, 0x38434778, 0x38434800, 0x38a00000)
    rw space 12288K,  52% used [0x38a00000, 0x39049a68, 0x39049c00, 0x39600000)

Card table byte_map: [0x03ea0000,0x03f50000] byte_map_base: 0x03d80000

Polling page: 0x003e0000

Code Cache  [0x01ea0000, 0x020b0000, 0x03ea0000)
 total_blobs=1286 nmethods=999 adapters=223 free_code_cache=30669Kb largest_free_block=31404480

Compilation events (10 events):
Event: 11.652 Thread 0x009a4400 1004             sun.awt.SunToolkit::getSystemEventQueueImplPP (13 bytes)
Event: 11.652 Thread 0x009a4400 nmethod 1004 0x020ac048 code [0x020ac150, 0x020ac1fc]
Event: 11.652 Thread 0x009a4400 1005             java.awt.Rectangle::reshape (22 bytes)
Event: 11.652 Thread 0x009a4400 nmethod 1005 0x020ac2c8 code [0x020ac3c0, 0x020ac450]
Event: 11.733 Thread 0x009a4400 1006             java.awt.Rectangle::setBounds (10 bytes)
Event: 11.733 Thread 0x009a4400 nmethod 1006 0x020ac488 code [0x020ac580, 0x020ac610]
Event: 12.377 Thread 0x009a4400 1007             java.awt.image.ColorModel::equals (150 bytes)
Event: 12.379 Thread 0x009a4400 nmethod 1007 0x020ac648 code [0x020ac780, 0x020ac9f8]
Event: 12.379 Thread 0x009a4400 1008             java.awt.Component::isShowing (38 bytes)
Event: 12.379 Thread 0x009a4400 nmethod 1008 0x020acc08 code [0x020acd10, 0x020acdfc]

GC Heap History (10 events):
Event: 2.912 GC heap before
{Heap before GC invocations=12 (full 2):
 def new generation   total 11648K, used 9599K [0x24000000, 0x24ca0000, 0x29550000)
  eden space 10368K,  92% used [0x24000000, 0x2495fdd8, 0x24a20000)
  from space 1280K,   0% used [0x24a20000, 0x24a20000, 0x24b60000)
  to   space 1280K,   0% used [0x24b60000, 0x24b60000, 0x24ca0000)
 tenured generation   total 25760K, used 15455K [0x29550000, 0x2ae78000, 0x34000000)
   the space 25760K,  59% used [0x29550000, 0x2a467c18, 0x2a467e00, 0x2ae78000)
 compacting perm gen  total 12288K, used 8517K [0x34000000, 0x34c00000, 0x38000000)
   the space 12288K,  69% used [0x34000000, 0x34851718, 0x34851800, 0x34c00000)
    ro space 10240K,  42% used [0x38000000, 0x38434778, 0x38434800, 0x38a00000)
    rw space 12288K,  52% used [0x38a00000, 0x39049a68, 0x39049c00, 0x39600000)
Event: 2.914 GC heap after
Heap after GC invocations=13 (full 2):
 def new generation   total 11648K, used 42K [0x24000000, 0x24ca0000, 0x29550000)
  eden space 10368K,   0% used [0x24000000, 0x24000000, 0x24a20000)
  from space 1280K,   3% used [0x24b60000, 0x24b6a968, 0x24ca0000)
  to   space 1280K,   0% used [0x24a20000, 0x24a20000, 0x24b60000)
 tenured generation   total 25760K, used 24773K [0x29550000, 0x2ae78000, 0x34000000)
   the space 25760K,  96% used [0x29550000, 0x2ad81690, 0x2ad81800, 0x2ae78000)
 compacting perm gen  total 12288K, used 8517K [0x34000000, 0x34c00000, 0x38000000)
   the space 12288K,  69% used [0x34000000, 0x34851718, 0x34851800, 0x34c00000)
    ro space 10240K,  42% used [0x38000000, 0x38434778, 0x38434800, 0x38a00000)
    rw space 12288K,  52% used [0x38a00000, 0x39049a68, 0x39049c00, 0x39600000)
}
Event: 2.929 GC heap before
{Heap before GC invocations=13 (full 2):
 def new generation   total 11648K, used 9445K [0x24000000, 0x24ca0000, 0x29550000)
  eden space 10368K,  90% used [0x24000000, 0x2492eab8, 0x24a20000)
  from space 1280K,   3% used [0x24b60000, 0x24b6a968, 0x24ca0000)
  to   space 1280K,   0% used [0x24a20000, 0x24a20000, 0x24b60000)
 tenured generation   total 25760K, used 24773K [0x29550000, 0x2ae78000, 0x34000000)
   the space 25760K,  96% used [0x29550000, 0x2ad81690, 0x2ad81800, 0x2ae78000)
 compacting perm gen  total 12288K, used 8517K [0x34000000, 0x34c00000, 0x38000000)
   the space 12288K,  69% used [0x34000000, 0x34851758, 0x34851800, 0x34c00000)
    ro space 10240K,  42% used [0x38000000, 0x38434778, 0x38434800, 0x38a00000)
    rw space 12288K,  52% used [0x38a00000, 0x39049a68, 0x39049c00, 0x39600000)
Event: 2.970 GC heap after
Heap after GC invocations=14 (full 3):
 def new generation   total 13312K, used 0K [0x24000000, 0x24e70000, 0x29550000)
  eden space 11840K,   0% used [0x24000000, 0x24000000, 0x24b90000)
  from space 1472K,   0% used [0x24b90000, 0x24b90000, 0x24d00000)
  to   space 1472K,   0% used [0x24d00000, 0x24d00000, 0x24e70000)
 tenured generation   total 29492K, used 17694K [0x29550000, 0x2b21d000, 0x34000000)
   the space 29492K,  59% used [0x29550000, 0x2a697950, 0x2a697a00, 0x2b21d000)
 compacting perm gen  total 12288K, used 8517K [0x34000000, 0x34c00000, 0x38000000)
   the space 12288K,  69% used [0x34000000, 0x34851758, 0x34851800, 0x34c00000)
    ro space 10240K,  42% used [0x38000000, 0x38434778, 0x38434800, 0x38a00000)
    rw space 12288K,  52% used [0x38a00000, 0x39049a68, 0x39049c00, 0x39600000)
}
Event: 5.548 GC heap before
{Heap before GC invocations=14 (full 3):
 def new generation   total 13312K, used 11840K [0x24000000, 0x24e70000, 0x29550000)
  eden space 11840K, 100% used [0x24000000, 0x24b90000, 0x24b90000)
  from space 1472K,   0% used [0x24b90000, 0x24b90000, 0x24d00000)
  to   space 1472K,   0% used [0x24d00000, 0x24d00000, 0x24e70000)
 tenured generation   total 29492K, used 17694K [0x29550000, 0x2b21d000, 0x34000000)
   the space 29492K,  59% used [0x29550000, 0x2a697950, 0x2a697a00, 0x2b21d000)
 compacting perm gen  total 12288K, used 8638K [0x34000000, 0x34c00000, 0x38000000)
   the space 12288K,  70% used [0x34000000, 0x3486f998, 0x3486fa00, 0x34c00000)
    ro space 10240K,  42% used [0x38000000, 0x38434778, 0x38434800, 0x38a00000)
    rw space 12288K,  52% used [0x38a00000, 0x39049a68, 0x39049c00, 0x39600000)
Event: 5.554 GC heap after
Heap after GC invocations=15 (full 3):
 def new generation   total 13312K, used 1472K [0x24000000, 0x24e70000, 0x29550000)
  eden space 11840K,   0% used [0x24000000, 0x24000000, 0x24b90000)
  from space 1472K, 100% used [0x24d00000, 0x24e70000, 0x24e70000)
  to   space 1472K,   0% used [0x24b90000, 0x24b90000, 0x24d00000)
 tenured generation   total 29492K, used 20178K [0x29550000, 0x2b21d000, 0x34000000)
   the space 29492K,  68% used [0x29550000, 0x2a9049d0, 0x2a904a00, 0x2b21d000)
 compacting perm gen  total 12288K, used 8638K [0x34000000, 0x34c00000, 0x38000000)
   the space 12288K,  70% used [0x34000000, 0x3486f998, 0x3486fa00, 0x34c00000)
    ro space 10240K,  42% used [0x38000000, 0x38434778, 0x38434800, 0x38a00000)
    rw space 12288K,  52% used [0x38a00000, 0x39049a68, 0x39049c00, 0x39600000)
}
Event: 9.249 GC heap before
{Heap before GC invocations=15 (full 3):
 def new generation   total 13312K, used 13312K [0x24000000, 0x24e70000, 0x29550000)
  eden space 11840K, 100% used [0x24000000, 0x24b90000, 0x24b90000)
  from space 1472K, 100% used [0x24d00000, 0x24e70000, 0x24e70000)
  to   space 1472K,   0% used [0x24b90000, 0x24b90000, 0x24d00000)
 tenured generation   total 29492K, used 20178K [0x29550000, 0x2b21d000, 0x34000000)
   the space 29492K,  68% used [0x29550000, 0x2a9049d0, 0x2a904a00, 0x2b21d000)
 compacting perm gen  total 12288K, used 8810K [0x34000000, 0x34c00000, 0x38000000)
   the space 12288K,  71% used [0x34000000, 0x3489ab40, 0x3489ac00, 0x34c00000)
    ro space 10240K,  42% used [0x38000000, 0x38434778, 0x38434800, 0x38a00000)
    rw space 12288K,  52% used [0x38a00000, 0x39049a68, 0x39049c00, 0x39600000)
Event: 9.258 GC heap after
Heap after GC invocations=16 (full 3):
 def new generation   total 13312K, used 1472K [0x24000000, 0x24e70000, 0x29550000)
  eden space 11840K,   0% used [0x24000000, 0x24000000, 0x24b90000)
  from space 1472K, 100% used [0x24b90000, 0x24d00000, 0x24d00000)
  to   space 1472K,   0% used [0x24d00000, 0x24d00000, 0x24e70000)
 tenured generation   total 29492K, used 22222K [0x29550000, 0x2b21d000, 0x34000000)
   the space 29492K,  75% used [0x29550000, 0x2ab03a20, 0x2ab03c00, 0x2b21d000)
 compacting perm gen  total 12288K, used 8810K [0x34000000, 0x34c00000, 0x38000000)
   the space 12288K,  71% used [0x34000000, 0x3489ab40, 0x3489ac00, 0x34c00000)
    ro space 10240K,  42% used [0x38000000, 0x38434778, 0x38434800, 0x38a00000)
    rw space 12288K,  52% used [0x38a00000, 0x39049a68, 0x39049c00, 0x39600000)
}
Event: 9.302 GC heap before
{Heap before GC invocations=16 (full 3):
 def new generation   total 13312K, used 13312K [0x24000000, 0x24e70000, 0x29550000)
  eden space 11840K, 100% used [0x24000000, 0x24b90000, 0x24b90000)
  from space 1472K, 100% used [0x24b90000, 0x24d00000, 0x24d00000)
  to   space 1472K,   0% used [0x24d00000, 0x24d00000, 0x24e70000)
 tenured generation   total 29492K, used 22240K [0x29550000, 0x2b21d000, 0x34000000)
   the space 29492K,  75% used [0x29550000, 0x2ab08340, 0x2ab08400, 0x2b21d000)
 compacting perm gen  total 12288K, used 8810K [0x34000000, 0x34c00000, 0x38000000)
   the space 12288K,  71% used [0x34000000, 0x3489ab60, 0x3489ac00, 0x34c00000)
    ro space 10240K,  42% used [0x38000000, 0x38434778, 0x38434800, 0x38a00000)
    rw space 12288K,  52% used [0x38a00000, 0x39049a68, 0x39049c00, 0x39600000)
Event: 9.306 GC heap after
Heap after GC invocations=17 (full 3):
 def new generation   total 13312K, used 1402K [0x24000000, 0x24e70000, 0x29550000)
  eden space 11840K,   0% used [0x24000000, 0x24000000, 0x24b90000)
  from space 1472K,  95% used [0x24d00000, 0x24e5e828, 0x24e70000)
  to   space 1472K,   0% used [0x24b90000, 0x24b90000, 0x24d00000)
 tenured generation   total 29492K, used 29236K [0x29550000, 0x2b21d000, 0x34000000)
   the space 29492K,  99% used [0x29550000, 0x2b1dd290, 0x2b1dd400, 0x2b21d000)
 compacting perm gen  total 12288K, used 8810K [0x34000000, 0x34c00000, 0x38000000)
   the space 12288K,  71% used [0x34000000, 0x3489ab60, 0x3489ac00, 0x34c00000)
    ro space 10240K,  42% used [0x38000000, 0x38434778, 0x38434800, 0x38a00000)
    rw space 12288K,  52% used [0x38a00000, 0x39049a68, 0x39049c00, 0x39600000)
}

Deoptimization events (0 events):
No events

Internal exceptions (10 events):
Event: 5.349 Thread 0x050f2000 Threw 0x245a3520 at C:\re\jdk7u60\1081\hotspot\src\share\vm\prims\jvm.cpp:1244
Event: 8.294 Thread 0x050f2000 Threw 0x24702f90 at C:\re\jdk7u60\1081\hotspot\src\share\vm\prims\jvm.cpp:1244
Event: 8.295 Thread 0x050f2000 Threw 0x24708a80 at C:\re\jdk7u60\1081\hotspot\src\share\vm\prims\jvm.cpp:1244
Event: 8.296 Thread 0x050f2000 Threw 0x2470df38 at C:\re\jdk7u60\1081\hotspot\src\share\vm\prims\jvm.cpp:1244
Event: 8.296 Thread 0x050f2000 Threw 0x24713328 at C:\re\jdk7u60\1081\hotspot\src\share\vm\prims\jvm.cpp:1244
Event: 8.296 Thread 0x050f2000 Threw 0x24718738 at C:\re\jdk7u60\1081\hotspot\src\share\vm\prims\jvm.cpp:1244
Event: 8.297 Thread 0x050f2000 Threw 0x2471db48 at C:\re\jdk7u60\1081\hotspot\src\share\vm\prims\jvm.cpp:1244
Event: 8.297 Thread 0x050f2000 Threw 0x247231e8 at C:\re\jdk7u60\1081\hotspot\src\share\vm\prims\jvm.cpp:1244
Event: 8.382 Thread 0x05319800 Threw 0x24775ef8 at C:\re\jdk7u60\1081\hotspot\src\share\vm\prims\jvm.cpp:2917
Event: 8.382 Thread 0x05436800 Threw 0x24764af8 at C:\re\jdk7u60\1081\hotspot\src\share\vm\prims\jvm.cpp:1244

Events (10 events):
Event: 12.487 Thread 0x05438400 Thread exited: 0x05438400
Event: 12.487 loading class 0x39670c20
Event: 12.487 Thread 0x05439000 Thread exited: 0x05439000
Event: 12.487 loading class 0x39670bc8
Event: 12.487 loading class 0x39670bc8 done
Event: 12.487 loading class 0x39670c20 done
Event: 12.487 Thread 0x05436400 Thread exited: 0x05436400
Event: 12.502 Thread 0x0456b800 Thread exited: 0x0456b800
Event: 12.587 Thread 0x05438800 Thread exited: 0x05438800
Event: 12.588 Executing VM operation: Exit


Dynamic libraries:
0x00a70000 - 0x00a9f000 	C:\Program Files (x86)\Java\jre7\bin\javaw.exe
0x76fe0000 - 0x77137000 	C:\Windows\SYSTEM32\ntdll.dll
0x74690000 - 0x747c0000 	C:\Windows\SYSTEM32\KERNEL32.DLL
0x76a80000 - 0x76b27000 	C:\Windows\SYSTEM32\KERNELBASE.dll
0x747c0000 - 0x7486e000 	C:\Windows\SYSTEM32\ADVAPI32.dll
0x764f0000 - 0x76606000 	C:\Windows\SYSTEM32\USER32.dll
0x73130000 - 0x73328000 	C:\Windows\WinSxS\x86_microsoft.windows.common-controls_6595b64144ccf1df_6.0.9200.16579_none_8937eec6860750f5\COMCTL32.dll
0x76000000 - 0x760b1000 	C:\Windows\SYSTEM32\msvcrt.dll
0x74870000 - 0x748a4000 	C:\Windows\SYSTEM32\sechost.dll
0x760c0000 - 0x7616c000 	C:\Windows\SYSTEM32\RPCRT4.dll
0x748b0000 - 0x749ad000 	C:\Windows\SYSTEM32\GDI32.dll
0x745d0000 - 0x745ed000 	C:\Windows\SYSTEM32\SspiCli.dll
0x745c0000 - 0x745c9000 	C:\Windows\SYSTEM32\CRYPTBASE.dll
0x74560000 - 0x745b1000 	C:\Windows\SYSTEM32\bcryptPrimitives.dll
0x762e0000 - 0x76300000 	C:\Windows\system32\IMM32.DLL
0x76680000 - 0x7675e000 	C:\Windows\SYSTEM32\MSCTF.dll
0x5e970000 - 0x5ea2f000 	C:\Program Files (x86)\Java\jre7\bin\msvcr100.dll
0x5e310000 - 0x5e698000 	C:\Program Files (x86)\Java\jre7\bin\client\jvm.dll
0x71c10000 - 0x71c18000 	C:\Windows\SYSTEM32\WSOCK32.dll
0x71fb0000 - 0x71fd1000 	C:\Windows\SYSTEM32\WINMM.dll
0x76300000 - 0x76306000 	C:\Windows\SYSTEM32\PSAPI.DLL
0x75f80000 - 0x75fd0000 	C:\Windows\SYSTEM32\WS2_32.dll
0x71c70000 - 0x71c9b000 	C:\Windows\SYSTEM32\WINMMBASE.dll
0x75ff0000 - 0x75ff8000 	C:\Windows\SYSTEM32\NSI.dll
0x76b30000 - 0x76b76000 	C:\Windows\SYSTEM32\cfgmgr32.dll
0x75f00000 - 0x75f1e000 	C:\Windows\SYSTEM32\DEVOBJ.dll
0x720a0000 - 0x720ac000 	C:\Program Files (x86)\Java\jre7\bin\verify.dll
0x70bb0000 - 0x70bd0000 	C:\Program Files (x86)\Java\jre7\bin\java.dll
0x70b90000 - 0x70ba3000 	C:\Program Files (x86)\Java\jre7\bin\zip.dll
0x6f490000 - 0x6f5d3000 	C:\Program Files (x86)\Java\jre7\bin\awt.dll
0x76c00000 - 0x76c8b000 	C:\Windows\SYSTEM32\OLEAUT32.dll
0x76de0000 - 0x76f16000 	C:\Windows\SYSTEM32\combase.dll
0x72dd0000 - 0x72e77000 	C:\Windows\system32\apphelp.dll
0x71a40000 - 0x71a59000 	C:\Windows\system32\DWMAPI.DLL
0x726b0000 - 0x72738000 	C:\Windows\system32\uxtheme.dll
0x76760000 - 0x76879000 	C:\Windows\SYSTEM32\ole32.dll
0x74da0000 - 0x75e66000 	C:\Windows\SYSTEM32\SHELL32.dll
0x75f40000 - 0x75f80000 	C:\Windows\SYSTEM32\SHLWAPI.dll
0x73330000 - 0x733a3000 	C:\Windows\SYSTEM32\shcore.dll
0x718b0000 - 0x718e9000 	C:\Program Files (x86)\Java\jre7\bin\fontmanager.dll
0x6f250000 - 0x6f264000 	C:\Program Files (x86)\Java\jre7\bin\net.dll
0x72e80000 - 0x72eca000 	C:\Windows\system32\mswsock.dll
0x718a0000 - 0x718af000 	C:\Program Files (x86)\Java\jre7\bin\nio.dll
0x706d0000 - 0x70700000 	C:\Program Files (x86)\Java\jre7\bin\t2k.dll
0x76b80000 - 0x76bf4000 	C:\Windows\SYSTEM32\clbcatq.dll
0x6a8a0000 - 0x6a9eb000 	C:\Windows\SYSTEM32\WindowsCodecs.dll
0x76dc0000 - 0x76dd1000 	C:\Windows\SYSTEM32\profapi.dll
0x68440000 - 0x68464000 	C:\Program Files (x86)\Java\jre7\bin\dcpr.dll
0x5e900000 - 0x5e96d000 	C:\binaries\terrajava.dll
0x5e220000 - 0x5e307000 	C:\binaries\terramanager-funcate.dll
0x59300000 - 0x59ba6000 	C:\binaries\terralib.dll
0x64af0000 - 0x64b59000 	C:\Windows\SYSTEM32\MSVCP100.dll
0x6d880000 - 0x6db4c000 	C:\binaries\bgd.dll
0x66b80000 - 0x66b9b000 	C:\binaries\terraogc_xml.dll
0x60460000 - 0x6047d000 	C:\binaries\terraogc_sld.dll
0x5f9a0000 - 0x5f9c6000 	C:\binaries\terraogc_se.dll
0x5e8c0000 - 0x5e8f6000 	C:\binaries\terraogc_filter.dll
0x5e1c0000 - 0x5e212000 	C:\binaries\terraogc_ows.dll
0x5f980000 - 0x5f999000 	C:\binaries\terraogc_common.dll
0x684c0000 - 0x684cb000 	C:\binaries\terralib_shp.dll
0x60450000 - 0x6045e000 	C:\binaries\terralib_spl.dll
0x05ac0000 - 0x05eb6000 	C:\binaries\qt-mt338.dll
0x613d0000 - 0x6149e000 	C:\Windows\SYSTEM32\OPENGL32.dll
0x613a0000 - 0x613c3000 	C:\Windows\SYSTEM32\GLU32.dll
0x5e140000 - 0x5e1bf000 	C:\binaries\qwt500.dll
0x0fc90000 - 0x11c8f000 	C:\binaries\berkelium.dll
0x05ec0000 - 0x06001000 	C:\binaries\LIBMYSQL.dll
0x63100000 - 0x63121000 	C:\binaries\LIBPQ.dll
0x06010000 - 0x06071000 	C:\binaries\OCI.dll
0x5da30000 - 0x5daba000 	C:\binaries\libtiff.dll
0x56580000 - 0x56d52000 	C:\binaries\gdal110.dll
0x12000000 - 0x121dc000 	C:\binaries\xerces-c_3_1.dll
0x592a0000 - 0x592f5000 	C:\binaries\terraogc_wms.dll
0x59240000 - 0x59293000 	C:\binaries\terraogc_gml.dll
0x5e0f0000 - 0x5e131000 	C:\binaries\terraogc_xsd.dll
0x5a810000 - 0x5a830000 	C:\binaries\terraogc_xacml.dll
0x71f30000 - 0x71f90000 	C:\Windows\SYSTEM32\WINSPOOL.DRV
0x7c340000 - 0x7c396000 	C:\Windows\SYSTEM32\MSVCR71.dll
0x608a0000 - 0x60979000 	C:\Windows\SYSTEM32\DDRAW.dll
0x727a0000 - 0x727a9000 	C:\Windows\SYSTEM32\Secur32.dll
0x75f20000 - 0x75f3b000 	C:\Windows\SYSTEM32\USERENV.dll
0x71520000 - 0x71570000 	C:\Windows\SYSTEM32\OLEACC.dll
0x54200000 - 0x54276000 	C:\Windows\SYSTEM32\RICHED20.dll
0x72ee0000 - 0x72ee8000 	C:\Windows\SYSTEM32\VERSION.dll
0x720b0000 - 0x720c4000 	C:\Windows\SYSTEM32\USP10.dll
0x72c50000 - 0x72cc5000 	C:\Windows\SYSTEM32\DNSAPI.dll
0x06120000 - 0x061ca000 	C:\Windows\libeay32.dll
0x061d0000 - 0x061dd000 	C:\binaries\libintl-2.dll
0x72ed0000 - 0x72ed6000 	C:\Windows\SYSTEM32\SHFOLDER.DLL
0x061e0000 - 0x06206000 	C:\Windows\ssleay32.dll
0x06210000 - 0x06236000 	C:\binaries\libexpat.dll
0x60770000 - 0x60811000 	C:\Windows\SYSTEM32\ODBC32.dll
0x60760000 - 0x60767000 	C:\Windows\SYSTEM32\DCIMAN32.dll
0x663b0000 - 0x663db000 	C:\Windows\SYSTEM32\msls31.dll
0x06290000 - 0x0636b000 	C:\binaries\libiconv-2.dll
0x6f600000 - 0x6f61d000 	C:\Windows\SYSTEM32\gpapi.dll
0x74530000 - 0x74556000 	C:\Windows\SYSTEM32\ntmarta.dll
0x54e60000 - 0x55708000 	C:\binaries\icudt46.dll
0x53850000 - 0x53979000 	C:\Windows\SYSTEM32\dbghelp.dll
0x72040000 - 0x72050000 	C:\Windows\system32\napinsp.dll
0x72020000 - 0x72034000 	C:\Windows\system32\pnrpnsp.dll
0x72010000 - 0x72020000 	C:\Windows\system32\NLAapi.dll
0x72000000 - 0x72009000 	C:\Windows\System32\winrnr.dll
0x71ac0000 - 0x71ad0000 	C:\Windows\system32\wshbth.dll
0x726a0000 - 0x726a7000 	C:\Windows\System32\rasadhlp.dll
0x71c30000 - 0x71c6f000 	C:\Windows\System32\fwpuclnt.dll
0x72cd0000 - 0x72cf0000 	C:\Windows\SYSTEM32\IPHLPAPI.DLL
0x72c40000 - 0x72c48000 	C:\Windows\SYSTEM32\WINNSI.DLL
0x730d0000 - 0x730ea000 	C:\Windows\SYSTEM32\CRYPTSP.dll
0x73090000 - 0x730ce000 	C:\Windows\system32\rsaenh.dll
0x72c30000 - 0x72c40000 	C:\Windows\SYSTEM32\dhcpcsvc6.DLL
0x72c10000 - 0x72c22000 	C:\Windows\SYSTEM32\dhcpcsvc.DLL
0x59210000 - 0x59235000 	C:\Program Files (x86)\Java\jre7\bin\jpeg.dll

VM Arguments:
jvm_args: -Dfile.encoding=ISO-8859-1 
java_command: com.nexusbr.gv.main.ConnectDBMain
Launcher Type: SUN_STANDARD

Environment Variables:
JAVA_HOME=C:\Program Files (x86)\Java\jre7
PATH=C:/Program Files (x86)/Java/jre7/bin/client;C:/Program Files (x86)/Java/jre7/bin;C:/Program Files (x86)/Java/jre7/lib/i386;C:\Program Files (x86)\PHP\;c:\Program Files (x86)\Intel\iCLS Client\;c:\Program Files\Intel\iCLS Client\;C:\Windows\system32;C:\Windows;C:\Windows\System32\Wbem;C:\Windows\System32\WindowsPowerShell\v1.0\;C:\Program Files\Intel\Intel(R) Management Engine Components\DAL;C:\Program Files\Intel\Intel(R) Management Engine Components\IPT;C:\Program Files (x86)\Intel\Intel(R) Management Engine Components\DAL;C:\Program Files (x86)\Intel\Intel(R) Management Engine Components\IPT;C:\Program Files (x86)\Intel\OpenCL SDK\3.0\bin\x86;C:\Program Files (x86)\Intel\OpenCL SDK\3.0\bin\x64;C:\Program Files (x86)\Windows Live\Shared;C:\binaries;c:\Program Files (x86)\Microsoft SQL Server\100\Tools\Binn\;c:\Program Files\Microsoft SQL Server\100\Tools\Binn\;c:\Program Files\Microsoft SQL Server\100\DTS\Binn\;C:\strawberry\c\bin;C:\strawberry\perl\site\bin;C:\strawberry\perl\bin;C:\Program Files (x86)\Microsoft SQL Server\110\Tools\Binn\ManagementStudio\;C:\Program Files (x86)\Microsoft SQL Server\110\Tools\Binn\;C:\Program Files\Microsoft SQL Server\110\Tools\Binn\;C:\Program Files (x86)\Microsoft SQL Server\110\DTS\Binn\;C:\Program Files\TortoiseSVN\bin;C:\Python34;C:\Program Files (x86)\Java\jre7\bin;C:\eclipse;
USERNAME=inacio
OS=Windows_NT
PROCESSOR_IDENTIFIER=Intel64 Family 6 Model 69 Stepping 1, GenuineIntel



---------------  S Y S T E M  ---------------

OS: Windows 8 , 64 bit Build 9200 

CPU:total 4 (2 cores per cpu, 2 threads per core) family 6 model 69 stepping 1, cmov, cx8, fxsr, mmx, sse, sse2, sse3, ssse3, sse4.1, sse4.2, popcnt, avx, avx2, aes, erms, ht, tsc, tscinvbit

Memory: 4k page, physical 8290700k(2493528k free), swap 9535884k(3640528k free)

vm_info: Java HotSpot(TM) Client VM (24.60-b09) for windows-x86 JRE (1.7.0_60-b19), built on May  7 2014 13:09:52 by "java_re" with unknown MS VC++:1600

time: Fri Jul 04 09:13:46 2014
elapsed time: 12 seconds

