#
# A fatal error has been detected by the Java Runtime Environment:
#
#  EXCEPTION_ACCESS_VIOLATION (0xc0000005) at pc=0x0fcf9052, pid=10924, tid=3652
#
# JRE version: Java(TM) SE Runtime Environment (7.0_60-b19) (build 1.7.0_60-b19)
# Java VM: Java HotSpot(TM) Client VM (24.60-b09 mixed mode, sharing windows-x86 )
# Problematic frame:
# C  [berkelium.dll+0xa39052]
#
# Failed to write core dump. Minidumps are not enabled by default on client versions of Windows
#
# If you would like to submit a bug report, please visit:
#   http://bugreport.sun.com/bugreport/crash.jsp
#

---------------  T H R E A D  ---------------

Current thread (0x0293fc00):  VMThread [stack: 0x04b10000,0x04b60000] [id=3652]

siginfo: ExceptionCode=0xc0000005, reading address 0x000000f8

Registers:
EAX=0x04b5f4a4, EBX=0x000493e0, ECX=0x04b5f4a4, EDX=0x15b85d48
ESP=0x04b5f494, EBP=0x00000087, ESI=0x00000000, EDI=0x279a0048
EIP=0x0fcf9052, EFLAGS=0x00010206

Top of Stack: (sp=0x04b5f494)
0x04b5f494:   07511168 07511168 0746ab00 00000000
0x04b5f4a4:   15b85d48 00000087 07503a20 0750c900
0x04b5f4b4:   00000000 00000000 00000000 74616401
0x04b5f4c4:   69642d61 07720072 00000023 0000002f
0x04b5f4d4:   00000000 07497070 002e5bf3 07511000
0x04b5f4e4:   0746ab44 ffffff00 0f32bf20 10e49778
0x04b5f4f4:   06fe0030 00000000 0000000f 10e4a730
0x04b5f504:   00000001 0f329783 00000008 00000001 

Instructions: (pc=0x0fcf9052)
0x0fcf9032:   03 00 00 57 53 e8 f4 c8 60 ff 8b ea 8d 54 24 10
0x0fcf9042:   52 8b f8 e8 26 ca 00 00 83 c4 04 03 38 13 68 04
0x0fcf9052:   8b 86 f8 00 00 00 0b 86 fc 00 00 00 89 7c 24 20
0x0fcf9062:   89 6c 24 24 75 3e 39 84 24 d4 00 00 00 7f 35 7c 


Register to memory mapping:

EAX=
[error occurred during error reporting (printing register info), id 0xc0000005]

Stack: [0x04b10000,0x04b60000],  sp=0x04b5f494,  free space=317k
Native frames: (J=compiled Java code, j=interpreted, Vv=VM code, C=native code)
C  [berkelium.dll+0xa39052]

VM_Operation (0x060de2b0): Exit, mode: safepoint, requested by thread 0x05c58400


---------------  P R O C E S S  ---------------

Java Threads: ( => current thread )
  0x05c9a400 JavaThread "WeakCollectionCleaner" daemon [_thread_blocked, id=10508, stack(0x09f70000,0x09fc0000)]
  0x05ecd000 JavaThread "TimerQueue" daemon [_thread_blocked, id=1172, stack(0x07ed0000,0x07f20000)]
  0x05ebd000 JavaThread "Image Animator 3" daemon [_thread_blocked, id=8920, stack(0x07e00000,0x07e50000)]
  0x0287e000 JavaThread "DestroyJavaVM" [_thread_blocked, id=4888, stack(0x00ea0000,0x00ef0000)]
  0x05c58400 JavaThread "AWT-EventQueue-0" [_thread_blocked, id=10324, stack(0x06090000,0x060e0000)]
  0x050e6000 JavaThread "AWT-Shutdown" [_thread_blocked, id=5284, stack(0x05750000,0x057a0000)]
  0x050e5000 JavaThread "Java2D Disposer" daemon [_thread_blocked, id=11160, stack(0x05680000,0x056d0000)]
  0x029b9c00 JavaThread "Service Thread" daemon [_thread_blocked, id=7460, stack(0x04e70000,0x04ec0000)]
  0x029b5800 JavaThread "C1 CompilerThread0" daemon [_thread_blocked, id=3696, stack(0x04de0000,0x04e30000)]
  0x029b3c00 JavaThread "Attach Listener" daemon [_thread_blocked, id=8840, stack(0x04d50000,0x04da0000)]
  0x029b0c00 JavaThread "Signal Dispatcher" daemon [_thread_blocked, id=1552, stack(0x04cc0000,0x04d10000)]
  0x02942800 JavaThread "Finalizer" daemon [_thread_blocked, id=888, stack(0x04c30000,0x04c80000)]
  0x02941000 JavaThread "Reference Handler" daemon [_thread_blocked, id=5380, stack(0x04ba0000,0x04bf0000)]

Other Threads:
=>0x0293fc00 VMThread [stack: 0x04b10000,0x04b60000] [id=3652]

VM state:at safepoint (shutting down)

VM Mutex/Monitor currently owned by a thread:  ([mutex/lock_event])
[0x0287c878] Threads_lock - owner thread: 0x0293fc00

Heap
 def new generation   total 30720K, used 2018K [0x24000000, 0x26150000, 0x29550000)
  eden space 27328K,   7% used [0x24000000, 0x241f8830, 0x25ab0000)
  from space 3392K,   0% used [0x25ab0000, 0x25ab0000, 0x25e00000)
  to   space 3392K,   0% used [0x25e00000, 0x25e00000, 0x26150000)
 tenured generation   total 68164K, used 40898K [0x29550000, 0x2d7e1000, 0x34000000)
   the space 68164K,  59% used [0x29550000, 0x2bd40978, 0x2bd40a00, 0x2d7e1000)
 compacting perm gen  total 12288K, used 8836K [0x34000000, 0x34c00000, 0x38000000)
   the space 12288K,  71% used [0x34000000, 0x348a1390, 0x348a1400, 0x34c00000)
    ro space 10240K,  42% used [0x38000000, 0x38434778, 0x38434800, 0x38a00000)
    rw space 12288K,  52% used [0x38a00000, 0x39049a68, 0x39049c00, 0x39600000)

Card table byte_map: [0x04a20000,0x04ad0000] byte_map_base: 0x04900000

Polling page: 0x00ef0000

Code Cache  [0x02a20000, 0x02ca0000, 0x04a20000)
 total_blobs=1561 nmethods=1274 adapters=223 free_code_cache=30212Kb largest_free_block=30936128

Compilation events (10 events):
Event: 43.156 Thread 0x029b5800 1276             sun.java2d.pipe.Region::getInstanceXYWH (16 bytes)
Event: 43.157 Thread 0x029b5800 nmethod 1276 0x02c9e048 code [0x02c9e140, 0x02c9e260]
Event: 43.300 Thread 0x029b5800 1277             sun.java2d.pipe.LoopPipe::fillRect (32 bytes)
Event: 43.301 Thread 0x029b5800 nmethod 1277 0x02c9e2c8 code [0x02c9e3d0, 0x02c9e4ac]
Event: 43.558 Thread 0x029b5800 1278             java.util.IdentityHashMap$IdentityHashMapIterator::nextIndex (72 bytes)
Event: 43.558 Thread 0x029b5800 nmethod 1278 0x02c9e5c8 code [0x02c9e6f0, 0x02c9e8c4]
Event: 43.680 Thread 0x029b5800 1279   !         java.awt.event.InputEvent::canAccessSystemClipboard (54 bytes)
Event: 43.681 Thread 0x029b5800 nmethod 1279 0x02c9ea08 code [0x02c9eb50, 0x02c9ed2c]
Event: 44.179 Thread 0x029b5800 1280             java.util.HashMap$Entry::recordRemoval (1 bytes)
Event: 44.179 Thread 0x029b5800 nmethod 1280 0x02c9ef48 code [0x02c9f040, 0x02c9f0c0]

GC Heap History (10 events):
Event: 7.188 GC heap before
{Heap before GC invocations=16 (full 4):
 def new generation   total 18944K, used 16896K [0x24000000, 0x25480000, 0x29550000)
  eden space 16896K, 100% used [0x24000000, 0x25080000, 0x25080000)
  from space 2048K,   0% used [0x25080000, 0x25080000, 0x25280000)
  to   space 2048K,   0% used [0x25280000, 0x25280000, 0x25480000)
 tenured generation   total 41836K, used 25101K [0x29550000, 0x2be2b000, 0x34000000)
   the space 41836K,  59% used [0x29550000, 0x2add3570, 0x2add3600, 0x2be2b000)
 compacting perm gen  total 12288K, used 8642K [0x34000000, 0x34c00000, 0x38000000)
   the space 12288K,  70% used [0x34000000, 0x34870b38, 0x34870c00, 0x34c00000)
    ro space 10240K,  42% used [0x38000000, 0x38434778, 0x38434800, 0x38a00000)
    rw space 12288K,  52% used [0x38a00000, 0x39049a68, 0x39049c00, 0x39600000)
Event: 7.195 GC heap after
Heap after GC invocations=17 (full 4):
 def new generation   total 18944K, used 2048K [0x24000000, 0x25480000, 0x29550000)
  eden space 16896K,   0% used [0x24000000, 0x24000000, 0x25080000)
  from space 2048K, 100% used [0x25280000, 0x25480000, 0x25480000)
  to   space 2048K,   0% used [0x25080000, 0x25080000, 0x25280000)
 tenured generation   total 41836K, used 29893K [0x29550000, 0x2be2b000, 0x34000000)
   the space 41836K,  71% used [0x29550000, 0x2b281598, 0x2b281600, 0x2be2b000)
 compacting perm gen  total 12288K, used 8642K [0x34000000, 0x34c00000, 0x38000000)
   the space 12288K,  70% used [0x34000000, 0x34870b38, 0x34870c00, 0x34c00000)
    ro space 10240K,  42% used [0x38000000, 0x38434778, 0x38434800, 0x38a00000)
    rw space 12288K,  52% used [0x38a00000, 0x39049a68, 0x39049c00, 0x39600000)
}
Event: 10.535 GC heap before
{Heap before GC invocations=17 (full 4):
 def new generation   total 18944K, used 18944K [0x24000000, 0x25480000, 0x29550000)
  eden space 16896K, 100% used [0x24000000, 0x25080000, 0x25080000)
  from space 2048K, 100% used [0x25280000, 0x25480000, 0x25480000)
  to   space 2048K,   0% used [0x25080000, 0x25080000, 0x25280000)
 tenured generation   total 41836K, used 31190K [0x29550000, 0x2be2b000, 0x34000000)
   the space 41836K,  74% used [0x29550000, 0x2b3c5bb8, 0x2b3c5c00, 0x2be2b000)
 compacting perm gen  total 12288K, used 8815K [0x34000000, 0x34c00000, 0x38000000)
   the space 12288K,  71% used [0x34000000, 0x3489bd30, 0x3489be00, 0x34c00000)
    ro space 10240K,  42% used [0x38000000, 0x38434778, 0x38434800, 0x38a00000)
    rw space 12288K,  52% used [0x38a00000, 0x39049a68, 0x39049c00, 0x39600000)
Event: 10.543 GC heap after
Heap after GC invocations=18 (full 4):
 def new generation   total 18944K, used 2048K [0x24000000, 0x25480000, 0x29550000)
  eden space 16896K,   0% used [0x24000000, 0x24000000, 0x25080000)
  from space 2048K, 100% used [0x25080000, 0x25280000, 0x25280000)
  to   space 2048K,   0% used [0x25280000, 0x25280000, 0x25480000)
 tenured generation   total 41836K, used 34573K [0x29550000, 0x2be2b000, 0x34000000)
   the space 41836K,  82% used [0x29550000, 0x2b7137d8, 0x2b713800, 0x2be2b000)
 compacting perm gen  total 12288K, used 8815K [0x34000000, 0x34c00000, 0x38000000)
   the space 12288K,  71% used [0x34000000, 0x3489bd30, 0x3489be00, 0x34c00000)
    ro space 10240K,  42% used [0x38000000, 0x38434778, 0x38434800, 0x38a00000)
    rw space 12288K,  52% used [0x38a00000, 0x39049a68, 0x39049c00, 0x39600000)
}
Event: 10.586 GC heap before
{Heap before GC invocations=18 (full 4):
 def new generation   total 18944K, used 18888K [0x24000000, 0x25480000, 0x29550000)
  eden space 16896K,  99% used [0x24000000, 0x25072280, 0x25080000)
  from space 2048K, 100% used [0x25080000, 0x25280000, 0x25280000)
  to   space 2048K,   0% used [0x25280000, 0x25280000, 0x25480000)
 tenured generation   total 41836K, used 34829K [0x29550000, 0x2be2b000, 0x34000000)
   the space 41836K,  83% used [0x29550000, 0x2b7537e8, 0x2b753800, 0x2be2b000)
 compacting perm gen  total 12288K, used 8815K [0x34000000, 0x34c00000, 0x38000000)
   the space 12288K,  71% used [0x34000000, 0x3489bd30, 0x3489be00, 0x34c00000)
    ro space 10240K,  42% used [0x38000000, 0x38434778, 0x38434800, 0x38a00000)
    rw space 12288K,  52% used [0x38a00000, 0x39049a68, 0x39049c00, 0x39600000)
Event: 10.592 GC heap after
Heap after GC invocations=19 (full 4):
 def new generation   total 18944K, used 1904K [0x24000000, 0x25480000, 0x29550000)
  eden space 16896K,   0% used [0x24000000, 0x24000000, 0x25080000)
  from space 2048K,  92% used [0x25280000, 0x2545c288, 0x25480000)
  to   space 2048K,   0% used [0x25080000, 0x25080000, 0x25280000)
 tenured generation   total 45476K, used 45233K [0x29550000, 0x2c1b9000, 0x34000000)
   the space 45476K,  99% used [0x29550000, 0x2c17c5c0, 0x2c17c600, 0x2c1b9000)
 compacting perm gen  total 12288K, used 8815K [0x34000000, 0x34c00000, 0x38000000)
   the space 12288K,  71% used [0x34000000, 0x3489bd30, 0x3489be00, 0x34c00000)
    ro space 10240K,  42% used [0x38000000, 0x38434778, 0x38434800, 0x38a00000)
    rw space 12288K,  52% used [0x38a00000, 0x39049a68, 0x39049c00, 0x39600000)
}
Event: 20.994 GC heap before
{Heap before GC invocations=19 (full 4):
 def new generation   total 18944K, used 18827K [0x24000000, 0x25480000, 0x29550000)
  eden space 16896K, 100% used [0x24000000, 0x25080000, 0x25080000)
  from space 2048K,  94% used [0x25280000, 0x25462eb8, 0x25480000)
  to   space 2048K,   0% used [0x25080000, 0x25080000, 0x25280000)
 tenured generation   total 45736K, used 45489K [0x29550000, 0x2c1fa000, 0x34000000)
   the space 45736K,  99% used [0x29550000, 0x2c1bc5d0, 0x2c1bc600, 0x2c1fa000)
 compacting perm gen  total 12288K, used 8817K [0x34000000, 0x34c00000, 0x38000000)
   the space 12288K,  71% used [0x34000000, 0x3489c628, 0x3489c800, 0x34c00000)
    ro space 10240K,  42% used [0x38000000, 0x38434778, 0x38434800, 0x38a00000)
    rw space 12288K,  52% used [0x38a00000, 0x39049a68, 0x39049c00, 0x39600000)
Event: 20.999 GC heap after
Heap after GC invocations=20 (full 4):
 def new generation   total 18944K, used 2048K [0x24000000, 0x25480000, 0x29550000)
  eden space 16896K,   0% used [0x24000000, 0x24000000, 0x25080000)
  from space 2048K, 100% used [0x25080000, 0x25280000, 0x25280000)
  to   space 2048K,   0% used [0x25280000, 0x25280000, 0x25480000)
 tenured generation   total 50672K, used 50600K [0x29550000, 0x2c6cc000, 0x34000000)
   the space 50672K,  99% used [0x29550000, 0x2c6ba3f8, 0x2c6ba400, 0x2c6cc000)
 compacting perm gen  total 12288K, used 8817K [0x34000000, 0x34c00000, 0x38000000)
   the space 12288K,  71% used [0x34000000, 0x3489c628, 0x3489c800, 0x34c00000)
    ro space 10240K,  42% used [0x38000000, 0x38434778, 0x38434800, 0x38a00000)
    rw space 12288K,  52% used [0x38a00000, 0x39049a68, 0x39049c00, 0x39600000)
}
Event: 25.064 GC heap before
{Heap before GC invocations=20 (full 4):
 def new generation   total 18944K, used 18944K [0x24000000, 0x25480000, 0x29550000)
  eden space 16896K, 100% used [0x24000000, 0x25080000, 0x25080000)
  from space 2048K, 100% used [0x25080000, 0x25280000, 0x25280000)
  to   space 2048K,   0% used [0x25280000, 0x25280000, 0x25480000)
 tenured generation   total 50672K, used 50600K [0x29550000, 0x2c6cc000, 0x34000000)
   the space 50672K,  99% used [0x29550000, 0x2c6ba3f8, 0x2c6ba400, 0x2c6cc000)
 compacting perm gen  total 12288K, used 8817K [0x34000000, 0x34c00000, 0x38000000)
   the space 12288K,  71% used [0x34000000, 0x3489c678, 0x3489c800, 0x34c00000)
    ro space 10240K,  42% used [0x38000000, 0x38434778, 0x38434800, 0x38a00000)
    rw space 12288K,  52% used [0x38a00000, 0x39049a68, 0x39049c00, 0x39600000)
Event: 25.134 GC heap after
Heap after GC invocations=21 (full 5):
 def new generation   total 30720K, used 0K [0x24000000, 0x26150000, 0x29550000)
  eden space 27328K,   0% used [0x24000000, 0x24000000, 0x25ab0000)
  from space 3392K,   0% used [0x25ab0000, 0x25ab0000, 0x25e00000)
  to   space 3392K,   0% used [0x25e00000, 0x25e00000, 0x26150000)
 tenured generation   total 68164K, used 40898K [0x29550000, 0x2d7e1000, 0x34000000)
   the space 68164K,  59% used [0x29550000, 0x2bd40978, 0x2bd40a00, 0x2d7e1000)
 compacting perm gen  total 12288K, used 8817K [0x34000000, 0x34c00000, 0x38000000)
   the space 12288K,  71% used [0x34000000, 0x3489c678, 0x3489c800, 0x34c00000)
    ro space 10240K,  42% used [0x38000000, 0x38434778, 0x38434800, 0x38a00000)
    rw space 12288K,  52% used [0x38a00000, 0x39049a68, 0x39049c00, 0x39600000)
}

Deoptimization events (0 events):
No events

Internal exceptions (10 events):
Event: 6.999 Thread 0x05c58400 Threw 0x24aaf718 at C:\re\jdk7u60\1081\hotspot\src\share\vm\prims\jvm.cpp:1244
Event: 9.138 Thread 0x05c58400 Threw 0x24687b70 at C:\re\jdk7u60\1081\hotspot\src\share\vm\prims\jvm.cpp:1244
Event: 9.138 Thread 0x05c58400 Threw 0x2468d660 at C:\re\jdk7u60\1081\hotspot\src\share\vm\prims\jvm.cpp:1244
Event: 9.139 Thread 0x05c58400 Threw 0x24692a68 at C:\re\jdk7u60\1081\hotspot\src\share\vm\prims\jvm.cpp:1244
Event: 9.139 Thread 0x05c58400 Threw 0x24697eb0 at C:\re\jdk7u60\1081\hotspot\src\share\vm\prims\jvm.cpp:1244
Event: 9.139 Thread 0x05c58400 Threw 0x2469d2c0 at C:\re\jdk7u60\1081\hotspot\src\share\vm\prims\jvm.cpp:1244
Event: 9.140 Thread 0x05c58400 Threw 0x246a26d0 at C:\re\jdk7u60\1081\hotspot\src\share\vm\prims\jvm.cpp:1244
Event: 9.140 Thread 0x05c58400 Threw 0x246a7d48 at C:\re\jdk7u60\1081\hotspot\src\share\vm\prims\jvm.cpp:1244
Event: 9.224 Thread 0x05ebd000 Threw 0x246fe898 at C:\re\jdk7u60\1081\hotspot\src\share\vm\prims\jvm.cpp:2917
Event: 9.224 Thread 0x0903f800 Threw 0x246e96a8 at C:\re\jdk7u60\1081\hotspot\src\share\vm\prims\jvm.cpp:1244

Events (10 events):
Event: 44.841 loading class 0x39670c20
Event: 44.841 loading class 0x39670bc8
Event: 44.841 Thread 0x05c9a800 Thread exited: 0x05c9a800
Event: 44.841 loading class 0x39670bc8 done
Event: 44.841 loading class 0x39670c20 done
Event: 44.841 Thread 0x05c98400 Thread exited: 0x05c98400
Event: 44.841 Thread 0x05c99000 Thread exited: 0x05c99000
Event: 44.846 Thread 0x050e6800 Thread exited: 0x050e6800
Event: 44.942 Thread 0x05c98c00 Thread exited: 0x05c98c00
Event: 44.942 Executing VM operation: Exit


Dynamic libraries:
0x00a70000 - 0x00a9f000 	C:\Program Files (x86)\Java\jre7\bin\javaw.exe
0x76fe0000 - 0x77137000 	C:\Windows\SYSTEM32\ntdll.dll
0x74690000 - 0x747c0000 	C:\Windows\SYSTEM32\KERNEL32.DLL
0x76a80000 - 0x76b27000 	C:\Windows\SYSTEM32\KERNELBASE.dll
0x747c0000 - 0x7486e000 	C:\Windows\SYSTEM32\ADVAPI32.dll
0x764f0000 - 0x76606000 	C:\Windows\SYSTEM32\USER32.dll
0x73130000 - 0x73328000 	C:\Windows\WinSxS\x86_microsoft.windows.common-controls_6595b64144ccf1df_6.0.9200.16579_none_8937eec6860750f5\COMCTL32.dll
0x76000000 - 0x760b1000 	C:\Windows\SYSTEM32\msvcrt.dll
0x74870000 - 0x748a4000 	C:\Windows\SYSTEM32\sechost.dll
0x760c0000 - 0x7616c000 	C:\Windows\SYSTEM32\RPCRT4.dll
0x748b0000 - 0x749ad000 	C:\Windows\SYSTEM32\GDI32.dll
0x745d0000 - 0x745ed000 	C:\Windows\SYSTEM32\SspiCli.dll
0x745c0000 - 0x745c9000 	C:\Windows\SYSTEM32\CRYPTBASE.dll
0x74560000 - 0x745b1000 	C:\Windows\SYSTEM32\bcryptPrimitives.dll
0x762e0000 - 0x76300000 	C:\Windows\system32\IMM32.DLL
0x76680000 - 0x7675e000 	C:\Windows\SYSTEM32\MSCTF.dll
0x5e970000 - 0x5ea2f000 	C:\Program Files (x86)\Java\jre7\bin\msvcr100.dll
0x5e310000 - 0x5e698000 	C:\Program Files (x86)\Java\jre7\bin\client\jvm.dll
0x71c10000 - 0x71c18000 	C:\Windows\SYSTEM32\WSOCK32.dll
0x71fb0000 - 0x71fd1000 	C:\Windows\SYSTEM32\WINMM.dll
0x76300000 - 0x76306000 	C:\Windows\SYSTEM32\PSAPI.DLL
0x75f80000 - 0x75fd0000 	C:\Windows\SYSTEM32\WS2_32.dll
0x71c70000 - 0x71c9b000 	C:\Windows\SYSTEM32\WINMMBASE.dll
0x75ff0000 - 0x75ff8000 	C:\Windows\SYSTEM32\NSI.dll
0x76b30000 - 0x76b76000 	C:\Windows\SYSTEM32\cfgmgr32.dll
0x75f00000 - 0x75f1e000 	C:\Windows\SYSTEM32\DEVOBJ.dll
0x720a0000 - 0x720ac000 	C:\Program Files (x86)\Java\jre7\bin\verify.dll
0x70bb0000 - 0x70bd0000 	C:\Program Files (x86)\Java\jre7\bin\java.dll
0x70b90000 - 0x70ba3000 	C:\Program Files (x86)\Java\jre7\bin\zip.dll
0x6f490000 - 0x6f5d3000 	C:\Program Files (x86)\Java\jre7\bin\awt.dll
0x76c00000 - 0x76c8b000 	C:\Windows\SYSTEM32\OLEAUT32.dll
0x76de0000 - 0x76f16000 	C:\Windows\SYSTEM32\combase.dll
0x72dd0000 - 0x72e77000 	C:\Windows\system32\apphelp.dll
0x71a40000 - 0x71a59000 	C:\Windows\system32\DWMAPI.DLL
0x726b0000 - 0x72738000 	C:\Windows\system32\uxtheme.dll
0x76760000 - 0x76879000 	C:\Windows\SYSTEM32\ole32.dll
0x74da0000 - 0x75e66000 	C:\Windows\SYSTEM32\SHELL32.dll
0x75f40000 - 0x75f80000 	C:\Windows\SYSTEM32\SHLWAPI.dll
0x73330000 - 0x733a3000 	C:\Windows\SYSTEM32\shcore.dll
0x718b0000 - 0x718e9000 	C:\Program Files (x86)\Java\jre7\bin\fontmanager.dll
0x6f250000 - 0x6f264000 	C:\Program Files (x86)\Java\jre7\bin\net.dll
0x72e80000 - 0x72eca000 	C:\Windows\system32\mswsock.dll
0x718a0000 - 0x718af000 	C:\Program Files (x86)\Java\jre7\bin\nio.dll
0x706d0000 - 0x70700000 	C:\Program Files (x86)\Java\jre7\bin\t2k.dll
0x76b80000 - 0x76bf4000 	C:\Windows\SYSTEM32\clbcatq.dll
0x6a8a0000 - 0x6a9eb000 	C:\Windows\SYSTEM32\WindowsCodecs.dll
0x76dc0000 - 0x76dd1000 	C:\Windows\SYSTEM32\profapi.dll
0x68440000 - 0x68464000 	C:\Program Files (x86)\Java\jre7\bin\dcpr.dll
0x5e900000 - 0x5e96d000 	C:\binaries\terrajava.dll
0x5e220000 - 0x5e307000 	C:\binaries\terramanager-funcate.dll
0x59300000 - 0x59ba6000 	C:\binaries\terralib.dll
0x64af0000 - 0x64b59000 	C:\Windows\SYSTEM32\MSVCP100.dll
0x6d880000 - 0x6db4c000 	C:\binaries\bgd.dll
0x66b80000 - 0x66b9b000 	C:\binaries\terraogc_xml.dll
0x60460000 - 0x6047d000 	C:\binaries\terraogc_sld.dll
0x5f9a0000 - 0x5f9c6000 	C:\binaries\terraogc_se.dll
0x5e8c0000 - 0x5e8f6000 	C:\binaries\terraogc_filter.dll
0x5e1c0000 - 0x5e212000 	C:\binaries\terraogc_ows.dll
0x5f980000 - 0x5f999000 	C:\binaries\terraogc_common.dll
0x684c0000 - 0x684cb000 	C:\binaries\terralib_shp.dll
0x60450000 - 0x6045e000 	C:\binaries\terralib_spl.dll
0x06630000 - 0x06a26000 	C:\binaries\qt-mt338.dll
0x613d0000 - 0x6149e000 	C:\Windows\SYSTEM32\OPENGL32.dll
0x613a0000 - 0x613c3000 	C:\Windows\SYSTEM32\GLU32.dll
0x5e140000 - 0x5e1bf000 	C:\binaries\qwt500.dll
0x0f2c0000 - 0x112bf000 	C:\binaries\berkelium.dll
0x06a30000 - 0x06b71000 	C:\binaries\LIBMYSQL.dll
0x63100000 - 0x63121000 	C:\binaries\LIBPQ.dll
0x06b80000 - 0x06be1000 	C:\binaries\OCI.dll
0x5da30000 - 0x5daba000 	C:\binaries\libtiff.dll
0x56580000 - 0x56d52000 	C:\binaries\gdal110.dll
0x12000000 - 0x121dc000 	C:\binaries\xerces-c_3_1.dll
0x592a0000 - 0x592f5000 	C:\binaries\terraogc_wms.dll
0x59240000 - 0x59293000 	C:\binaries\terraogc_gml.dll
0x5e0f0000 - 0x5e131000 	C:\binaries\terraogc_xsd.dll
0x5a810000 - 0x5a830000 	C:\binaries\terraogc_xacml.dll
0x71f30000 - 0x71f90000 	C:\Windows\SYSTEM32\WINSPOOL.DRV
0x7c340000 - 0x7c396000 	C:\Windows\SYSTEM32\MSVCR71.dll
0x608a0000 - 0x60979000 	C:\Windows\SYSTEM32\DDRAW.dll
0x727a0000 - 0x727a9000 	C:\Windows\SYSTEM32\Secur32.dll
0x75f20000 - 0x75f3b000 	C:\Windows\SYSTEM32\USERENV.dll
0x71520000 - 0x71570000 	C:\Windows\SYSTEM32\OLEACC.dll
0x54200000 - 0x54276000 	C:\Windows\SYSTEM32\RICHED20.dll
0x72ee0000 - 0x72ee8000 	C:\Windows\SYSTEM32\VERSION.dll
0x720b0000 - 0x720c4000 	C:\Windows\SYSTEM32\USP10.dll
0x72c50000 - 0x72cc5000 	C:\Windows\SYSTEM32\DNSAPI.dll
0x06c90000 - 0x06d3a000 	C:\Windows\libeay32.dll
0x06d40000 - 0x06d4d000 	C:\binaries\libintl-2.dll
0x72ed0000 - 0x72ed6000 	C:\Windows\SYSTEM32\SHFOLDER.DLL
0x06d50000 - 0x06d76000 	C:\Windows\ssleay32.dll
0x06d80000 - 0x06da6000 	C:\binaries\libexpat.dll
0x60770000 - 0x60811000 	C:\Windows\SYSTEM32\ODBC32.dll
0x60760000 - 0x60767000 	C:\Windows\SYSTEM32\DCIMAN32.dll
0x663b0000 - 0x663db000 	C:\Windows\SYSTEM32\msls31.dll
0x06e00000 - 0x06edb000 	C:\binaries\libiconv-2.dll
0x6f600000 - 0x6f61d000 	C:\Windows\SYSTEM32\gpapi.dll
0x74530000 - 0x74556000 	C:\Windows\SYSTEM32\ntmarta.dll
0x54e60000 - 0x55708000 	C:\binaries\icudt46.dll
0x53850000 - 0x53979000 	C:\Windows\SYSTEM32\dbghelp.dll
0x72040000 - 0x72050000 	C:\Windows\system32\napinsp.dll
0x72020000 - 0x72034000 	C:\Windows\system32\pnrpnsp.dll
0x72010000 - 0x72020000 	C:\Windows\system32\NLAapi.dll
0x72000000 - 0x72009000 	C:\Windows\System32\winrnr.dll
0x71ac0000 - 0x71ad0000 	C:\Windows\system32\wshbth.dll
0x726a0000 - 0x726a7000 	C:\Windows\System32\rasadhlp.dll
0x71c30000 - 0x71c6f000 	C:\Windows\System32\fwpuclnt.dll
0x72cd0000 - 0x72cf0000 	C:\Windows\SYSTEM32\IPHLPAPI.DLL
0x72c40000 - 0x72c48000 	C:\Windows\SYSTEM32\WINNSI.DLL
0x730d0000 - 0x730ea000 	C:\Windows\SYSTEM32\CRYPTSP.dll
0x73090000 - 0x730ce000 	C:\Windows\system32\rsaenh.dll
0x72c30000 - 0x72c40000 	C:\Windows\SYSTEM32\dhcpcsvc6.DLL
0x72c10000 - 0x72c22000 	C:\Windows\SYSTEM32\dhcpcsvc.DLL
0x59210000 - 0x59235000 	C:\Program Files (x86)\Java\jre7\bin\jpeg.dll

VM Arguments:
jvm_args: -Dfile.encoding=ISO-8859-1 
java_command: com.nexusbr.gv.main.ConnectDBMain
Launcher Type: SUN_STANDARD

Environment Variables:
JAVA_HOME=C:\Program Files (x86)\Java\jre7
PATH=C:/Program Files (x86)/Java/jre7/bin/client;C:/Program Files (x86)/Java/jre7/bin;C:/Program Files (x86)/Java/jre7/lib/i386;C:\Program Files (x86)\PHP\;c:\Program Files (x86)\Intel\iCLS Client\;c:\Program Files\Intel\iCLS Client\;C:\Windows\system32;C:\Windows;C:\Windows\System32\Wbem;C:\Windows\System32\WindowsPowerShell\v1.0\;C:\Program Files\Intel\Intel(R) Management Engine Components\DAL;C:\Program Files\Intel\Intel(R) Management Engine Components\IPT;C:\Program Files (x86)\Intel\Intel(R) Management Engine Components\DAL;C:\Program Files (x86)\Intel\Intel(R) Management Engine Components\IPT;C:\Program Files (x86)\Intel\OpenCL SDK\3.0\bin\x86;C:\Program Files (x86)\Intel\OpenCL SDK\3.0\bin\x64;C:\Program Files (x86)\Windows Live\Shared;C:\binaries;c:\Program Files (x86)\Microsoft SQL Server\100\Tools\Binn\;c:\Program Files\Microsoft SQL Server\100\Tools\Binn\;c:\Program Files\Microsoft SQL Server\100\DTS\Binn\;C:\strawberry\c\bin;C:\strawberry\perl\site\bin;C:\strawberry\perl\bin;C:\Program Files (x86)\Microsoft SQL Server\110\Tools\Binn\ManagementStudio\;C:\Program Files (x86)\Microsoft SQL Server\110\Tools\Binn\;C:\Program Files\Microsoft SQL Server\110\Tools\Binn\;C:\Program Files (x86)\Microsoft SQL Server\110\DTS\Binn\;C:\Program Files\TortoiseSVN\bin;C:\Python34;C:\Program Files (x86)\Java\jre7\bin;C:\eclipse;
USERNAME=inacio
OS=Windows_NT
PROCESSOR_IDENTIFIER=Intel64 Family 6 Model 69 Stepping 1, GenuineIntel



---------------  S Y S T E M  ---------------

OS: Windows 8 , 64 bit Build 9200 

CPU:total 4 (2 cores per cpu, 2 threads per core) family 6 model 69 stepping 1, cmov, cx8, fxsr, mmx, sse, sse2, sse3, ssse3, sse4.1, sse4.2, popcnt, avx, avx2, aes, erms, ht, tsc, tscinvbit

Memory: 4k page, physical 8290700k(2483348k free), swap 9535884k(3525368k free)

vm_info: Java HotSpot(TM) Client VM (24.60-b09) for windows-x86 JRE (1.7.0_60-b19), built on May  7 2014 13:09:52 by "java_re" with unknown MS VC++:1600

time: Fri Jul 04 09:02:13 2014
elapsed time: 44 seconds

