#
# A fatal error has been detected by the Java Runtime Environment:
#
#  EXCEPTION_ACCESS_VIOLATION (0xc0000005) at pc=0x0fac9052, pid=8372, tid=10744
#
# JRE version: Java(TM) SE Runtime Environment (7.0_60-b19) (build 1.7.0_60-b19)
# Java VM: Java HotSpot(TM) Client VM (24.60-b09 mixed mode, sharing windows-x86 )
# Problematic frame:
# C  [berkelium.dll+0xa39052]
#
# Failed to write core dump. Minidumps are not enabled by default on client versions of Windows
#
# If you would like to submit a bug report, please visit:
#   http://bugreport.sun.com/bugreport/crash.jsp
#

---------------  T H R E A D  ---------------

Current thread (0x00abfc00):  VMThread [stack: 0x045d0000,0x04620000] [id=10744]

siginfo: ExceptionCode=0xc0000005, reading address 0x000000f8

Registers:
EAX=0x0461f434, EBX=0x000493e0, ECX=0x0461f434, EDX=0x80068350
ESP=0x0461f424, EBP=0x00000078, ESI=0x00000000, EDI=0x91e82650
EIP=0x0fac9052, EFLAGS=0x00010206

Top of Stack: (sp=0x0461f424)
0x0461f424:   06f82168 06f82168 06edab00 00000000
0x0461f434:   80068350 00000078 06f736c0 06f7c900
0x0461f444:   00000000 00000000 00000000 74616401
0x0461f454:   69642d61 071c0072 00000023 0000002f
0x0461f464:   00000000 06f07070 002e5be4 06f82000
0x0461f474:   06edab44 ffffff00 0f0fbf20 10c19778
0x0461f484:   06a50030 00000000 0000000f 10c1a730
0x0461f494:   00000001 0f0f9783 00000008 00000001 

Instructions: (pc=0x0fac9052)
0x0fac9032:   03 00 00 57 53 e8 f4 c8 60 ff 8b ea 8d 54 24 10
0x0fac9042:   52 8b f8 e8 26 ca 00 00 83 c4 04 03 38 13 68 04
0x0fac9052:   8b 86 f8 00 00 00 0b 86 fc 00 00 00 89 7c 24 20
0x0fac9062:   89 6c 24 24 75 3e 39 84 24 d4 00 00 00 7f 35 7c 


Register to memory mapping:

EAX=
[error occurred during error reporting (printing register info), id 0xc0000005]

Stack: [0x045d0000,0x04620000],  sp=0x0461f424,  free space=317k
Native frames: (J=compiled Java code, j=interpreted, Vv=VM code, C=native code)
C  [berkelium.dll+0xa39052]

[error occurred during error reporting (printing native stack), id 0xc0000005]

VM_Operation (0x05b6e870): Exit, mode: safepoint, requested by thread 0x04be7400


---------------  P R O C E S S  ---------------

Java Threads: ( => current thread )
  0x04f53400 JavaThread "WeakCollectionCleaner" daemon [_thread_blocked, id=5404, stack(0x099b0000,0x09a00000)]
  0x04f53000 JavaThread "Thread-9" [_thread_blocked, id=4148, stack(0x07d50000,0x07da0000)]
  0x04f51000 JavaThread "Thread-8" [_thread_blocked, id=7648, stack(0x07cc0000,0x07d10000)]
  0x04fa9800 JavaThread "TimerQueue" daemon [_thread_blocked, id=9748, stack(0x07960000,0x079b0000)]
  0x04e4e000 JavaThread "Image Fetcher 3" daemon [_thread_blocked, id=9776, stack(0x07890000,0x078e0000)]
  0x0256e000 JavaThread "DestroyJavaVM" [_thread_blocked, id=2956, stack(0x00960000,0x009b0000)]
  0x04be7400 JavaThread "AWT-EventQueue-0" [_thread_blocked, id=9544, stack(0x05b20000,0x05b70000)]
  0x04bc9800 JavaThread "AWT-Shutdown" [_thread_blocked, id=8488, stack(0x055f0000,0x05640000)]
  0x04bc8400 JavaThread "Java2D Disposer" daemon [_thread_blocked, id=9100, stack(0x05560000,0x055b0000)]
  0x00b38c00 JavaThread "Service Thread" daemon [_thread_blocked, id=7148, stack(0x04930000,0x04980000)]
  0x00b34800 JavaThread "C1 CompilerThread0" daemon [_thread_blocked, id=1044, stack(0x048a0000,0x048f0000)]
  0x00b32c00 JavaThread "Attach Listener" daemon [_thread_blocked, id=10344, stack(0x04810000,0x04860000)]
  0x00ac2800 JavaThread "Finalizer" daemon [_thread_blocked, id=10776, stack(0x046f0000,0x04740000)]
  0x00ac1000 JavaThread "Reference Handler" daemon [_thread_blocked, id=7596, stack(0x04660000,0x046b0000)]

Other Threads:
=>0x00abfc00 VMThread [stack: 0x045d0000,0x04620000] [id=10744]

VM state:at safepoint (shutting down)

VM Mutex/Monitor currently owned by a thread:  ([mutex/lock_event])
[0x0256c740] Threads_lock - owner thread: 0x00abfc00

Heap
 def new generation   total 12288K, used 7940K [0x24000000, 0x24d50000, 0x29550000)
  eden space 10944K,  72% used [0x24000000, 0x247c1228, 0x24ab0000)
  from space 1344K,   0% used [0x24ab0000, 0x24ab0000, 0x24c00000)
  to   space 1344K,   0% used [0x24c00000, 0x24c00000, 0x24d50000)
 tenured generation   total 27068K, used 16238K [0x29550000, 0x2afbf000, 0x34000000)
   the space 27068K,  59% used [0x29550000, 0x2a52bb58, 0x2a52bc00, 0x2afbf000)
 compacting perm gen  total 12288K, used 8520K [0x34000000, 0x34c00000, 0x38000000)
   the space 12288K,  69% used [0x34000000, 0x348523f8, 0x34852400, 0x34c00000)
    ro space 10240K,  42% used [0x38000000, 0x38434778, 0x38434800, 0x38a00000)
    rw space 12288K,  52% used [0x38a00000, 0x39049a68, 0x39049c00, 0x39600000)

Card table byte_map: [0x02490000,0x02540000] byte_map_base: 0x02370000

Polling page: 0x009b0000

Code Cache  [0x02570000, 0x02710000, 0x04570000)
 total_blobs=952 nmethods=665 adapters=223 free_code_cache=31104Kb largest_free_block=31850560

Compilation events (10 events):
Event: 5.337 Thread 0x00b34800  668             sun.misc.IoTrace::fileReadBegin (2 bytes)
Event: 5.337 Thread 0x00b34800 nmethod 668 0x0270e908 code [0x0270ea00, 0x0270ea70]
Event: 5.337 Thread 0x00b34800  669             sun.misc.IoTrace::fileReadEnd (1 bytes)
Event: 5.337 Thread 0x00b34800 nmethod 669 0x0270eac8 code [0x0270ebc0, 0x0270ec30]
Event: 5.337 Thread 0x00b34800  670             java.awt.image.Raster::getNumDataElements (8 bytes)
Event: 5.337 Thread 0x00b34800 nmethod 670 0x0270ec88 code [0x0270ed90, 0x0270ee2c]
Event: 5.428 Thread 0x00b34800  671   !         java.awt.Container::getMouseEventTargetImpl (255 bytes)
Event: 5.429 Thread 0x00b34800 nmethod 671 0x0270ee88 code [0x0270f030, 0x0270f6f4]
Event: 5.596 Thread 0x00b34800  672             sun.awt.AWTAutoShutdown::isReadyToShutdown (35 bytes)
Event: 5.596 Thread 0x00b34800 nmethod 672 0x0270fd48 code [0x0270fe60, 0x0270ff58]

GC Heap History (10 events):
Event: 3.963 GC heap before
{Heap before GC invocations=9 (full 1):
 def new generation   total 9408K, used 9408K [0x24000000, 0x24a30000, 0x29550000)
  eden space 8384K, 100% used [0x24000000, 0x24830000, 0x24830000)
  from space 1024K, 100% used [0x24930000, 0x24a30000, 0x24a30000)
  to   space 1024K,   0% used [0x24830000, 0x24830000, 0x24930000)
 tenured generation   total 20768K, used 15857K [0x29550000, 0x2a998000, 0x34000000)
   the space 20768K,  76% used [0x29550000, 0x2a4cc630, 0x2a4cc800, 0x2a998000)
 compacting perm gen  total 12288K, used 7698K [0x34000000, 0x34c00000, 0x38000000)
   the space 12288K,  62% used [0x34000000, 0x34784998, 0x34784a00, 0x34c00000)
    ro space 10240K,  42% used [0x38000000, 0x38434778, 0x38434800, 0x38a00000)
    rw space 12288K,  52% used [0x38a00000, 0x39049a68, 0x39049c00, 0x39600000)
Event: 3.971 GC heap after
Heap after GC invocations=10 (full 1):
 def new generation   total 9408K, used 1024K [0x24000000, 0x24a30000, 0x29550000)
  eden space 8384K,   0% used [0x24000000, 0x24000000, 0x24830000)
  from space 1024K, 100% used [0x24830000, 0x24930000, 0x24930000)
  to   space 1024K,   0% used [0x24930000, 0x24930000, 0x24a30000)
 tenured generation   total 20768K, used 17415K [0x29550000, 0x2a998000, 0x34000000)
   the space 20768K,  83% used [0x29550000, 0x2a651c90, 0x2a651e00, 0x2a998000)
 compacting perm gen  total 12288K, used 7698K [0x34000000, 0x34c00000, 0x38000000)
   the space 12288K,  62% used [0x34000000, 0x34784998, 0x34784a00, 0x34c00000)
    ro space 10240K,  42% used [0x38000000, 0x38434778, 0x38434800, 0x38a00000)
    rw space 12288K,  52% used [0x38a00000, 0x39049a68, 0x39049c00, 0x39600000)
}
Event: 4.288 GC heap before
{Heap before GC invocations=10 (full 1):
 def new generation   total 9408K, used 8565K [0x24000000, 0x24a30000, 0x29550000)
  eden space 8384K,  89% used [0x24000000, 0x2475d7d0, 0x24830000)
  from space 1024K, 100% used [0x24830000, 0x24930000, 0x24930000)
  to   space 1024K,   0% used [0x24930000, 0x24930000, 0x24a30000)
 tenured generation   total 20768K, used 17415K [0x29550000, 0x2a998000, 0x34000000)
   the space 20768K,  83% used [0x29550000, 0x2a651c90, 0x2a651e00, 0x2a998000)
 compacting perm gen  total 12288K, used 8491K [0x34000000, 0x34c00000, 0x38000000)
   the space 12288K,  69% used [0x34000000, 0x3484ae20, 0x3484b000, 0x34c00000)
    ro space 10240K,  42% used [0x38000000, 0x38434778, 0x38434800, 0x38a00000)
    rw space 12288K,  52% used [0x38a00000, 0x39049a68, 0x39049c00, 0x39600000)
Event: 4.296 GC heap after
Heap after GC invocations=11 (full 1):
 def new generation   total 9408K, used 1024K [0x24000000, 0x24a30000, 0x29550000)
  eden space 8384K,   0% used [0x24000000, 0x24000000, 0x24830000)
  from space 1024K, 100% used [0x24930000, 0x24a30000, 0x24a30000)
  to   space 1024K,   0% used [0x24830000, 0x24830000, 0x24930000)
 tenured generation   total 20768K, used 18662K [0x29550000, 0x2a998000, 0x34000000)
   the space 20768K,  89% used [0x29550000, 0x2a789900, 0x2a789a00, 0x2a998000)
 compacting perm gen  total 12288K, used 8491K [0x34000000, 0x34c00000, 0x38000000)
   the space 12288K,  69% used [0x34000000, 0x3484ae20, 0x3484b000, 0x34c00000)
    ro space 10240K,  42% used [0x38000000, 0x38434778, 0x38434800, 0x38a00000)
    rw space 12288K,  52% used [0x38a00000, 0x39049a68, 0x39049c00, 0x39600000)
}
Event: 4.303 GC heap before
{Heap before GC invocations=11 (full 1):
 def new generation   total 9408K, used 7947K [0x24000000, 0x24a30000, 0x29550000)
  eden space 8384K,  82% used [0x24000000, 0x246c2cb0, 0x24830000)
  from space 1024K, 100% used [0x24930000, 0x24a30000, 0x24a30000)
  to   space 1024K,   0% used [0x24830000, 0x24830000, 0x24930000)
 tenured generation   total 20768K, used 18662K [0x29550000, 0x2a998000, 0x34000000)
   the space 20768K,  89% used [0x29550000, 0x2a789900, 0x2a789a00, 0x2a998000)
 compacting perm gen  total 12288K, used 8493K [0x34000000, 0x34c00000, 0x38000000)
   the space 12288K,  69% used [0x34000000, 0x3484b6c8, 0x3484b800, 0x34c00000)
    ro space 10240K,  42% used [0x38000000, 0x38434778, 0x38434800, 0x38a00000)
    rw space 12288K,  52% used [0x38a00000, 0x39049a68, 0x39049c00, 0x39600000)
Event: 4.367 GC heap after
Heap after GC invocations=12 (full 2):
 def new generation   total 9472K, used 0K [0x24000000, 0x24a40000, 0x29550000)
  eden space 8448K,   0% used [0x24000000, 0x24000000, 0x24840000)
  from space 1024K,   0% used [0x24840000, 0x24840000, 0x24940000)
  to   space 1024K,   0% used [0x24940000, 0x24940000, 0x24a40000)
 tenured generation   total 20824K, used 12492K [0x29550000, 0x2a9a6000, 0x34000000)
   the space 20824K,  59% used [0x29550000, 0x2a183390, 0x2a183400, 0x2a9a6000)
 compacting perm gen  total 12288K, used 8493K [0x34000000, 0x34c00000, 0x38000000)
   the space 12288K,  69% used [0x34000000, 0x3484b6c8, 0x3484b800, 0x34c00000)
    ro space 10240K,  42% used [0x38000000, 0x38434778, 0x38434800, 0x38a00000)
    rw space 12288K,  52% used [0x38a00000, 0x39049a68, 0x39049c00, 0x39600000)
}
Event: 4.377 GC heap before
{Heap before GC invocations=12 (full 2):
 def new generation   total 9472K, used 8030K [0x24000000, 0x24a40000, 0x29550000)
  eden space 8448K,  95% used [0x24000000, 0x247d7990, 0x24840000)
  from space 1024K,   0% used [0x24840000, 0x24840000, 0x24940000)
  to   space 1024K,   0% used [0x24940000, 0x24940000, 0x24a40000)
 tenured generation   total 20824K, used 12492K [0x29550000, 0x2a9a6000, 0x34000000)
   the space 20824K,  59% used [0x29550000, 0x2a183390, 0x2a183400, 0x2a9a6000)
 compacting perm gen  total 12288K, used 8493K [0x34000000, 0x34c00000, 0x38000000)
   the space 12288K,  69% used [0x34000000, 0x3484b6c8, 0x3484b800, 0x34c00000)
    ro space 10240K,  42% used [0x38000000, 0x38434778, 0x38434800, 0x38a00000)
    rw space 12288K,  52% used [0x38a00000, 0x39049a68, 0x39049c00, 0x39600000)
Event: 4.379 GC heap after
Heap after GC invocations=13 (full 2):
 def new generation   total 9472K, used 200K [0x24000000, 0x24a40000, 0x29550000)
  eden space 8448K,   0% used [0x24000000, 0x24000000, 0x24840000)
  from space 1024K,  19% used [0x24940000, 0x24972178, 0x24a40000)
  to   space 1024K,   0% used [0x24840000, 0x24840000, 0x24940000)
 tenured generation   total 20824K, used 19948K [0x29550000, 0x2a9a6000, 0x34000000)
   the space 20824K,  95% used [0x29550000, 0x2a8cb0d8, 0x2a8cb200, 0x2a9a6000)
 compacting perm gen  total 12288K, used 8493K [0x34000000, 0x34c00000, 0x38000000)
   the space 12288K,  69% used [0x34000000, 0x3484b6c8, 0x3484b800, 0x34c00000)
    ro space 10240K,  42% used [0x38000000, 0x38434778, 0x38434800, 0x38a00000)
    rw space 12288K,  52% used [0x38a00000, 0x39049a68, 0x39049c00, 0x39600000)
}
Event: 4.381 GC heap before
{Heap before GC invocations=13 (full 2):
 def new generation   total 9472K, used 7708K [0x24000000, 0x24a40000, 0x29550000)
  eden space 8448K,  88% used [0x24000000, 0x24755098, 0x24840000)
  from space 1024K,  19% used [0x24940000, 0x24972178, 0x24a40000)
  to   space 1024K,   0% used [0x24840000, 0x24840000, 0x24940000)
 tenured generation   total 20824K, used 19948K [0x29550000, 0x2a9a6000, 0x34000000)
   the space 20824K,  95% used [0x29550000, 0x2a8cb0d8, 0x2a8cb200, 0x2a9a6000)
 compacting perm gen  total 12288K, used 8493K [0x34000000, 0x34c00000, 0x38000000)
   the space 12288K,  69% used [0x34000000, 0x3484b6c8, 0x3484b800, 0x34c00000)
    ro space 10240K,  42% used [0x38000000, 0x38434778, 0x38434800, 0x38a00000)
    rw space 12288K,  52% used [0x38a00000, 0x39049a68, 0x39049c00, 0x39600000)
Event: 4.442 GC heap after
Heap after GC invocations=14 (full 3):
 def new generation   total 12288K, used 0K [0x24000000, 0x24d50000, 0x29550000)
  eden space 10944K,   0% used [0x24000000, 0x24000000, 0x24ab0000)
  from space 1344K,   0% used [0x24ab0000, 0x24ab0000, 0x24c00000)
  to   space 1344K,   0% used [0x24c00000, 0x24c00000, 0x24d50000)
 tenured generation   total 27068K, used 16238K [0x29550000, 0x2afbf000, 0x34000000)
   the space 27068K,  59% used [0x29550000, 0x2a52bb58, 0x2a52bc00, 0x2afbf000)
 compacting perm gen  total 12288K, used 8493K [0x34000000, 0x34c00000, 0x38000000)
   the space 12288K,  69% used [0x34000000, 0x3484b6c8, 0x3484b800, 0x34c00000)
    ro space 10240K,  42% used [0x38000000, 0x38434778, 0x38434800, 0x38a00000)
    rw space 12288K,  52% used [0x38a00000, 0x39049a68, 0x39049c00, 0x39600000)
}

Deoptimization events (0 events):
No events

Internal exceptions (10 events):
Event: 5.045 Thread 0x04be7400 Threw 0x244d9878 at C:\re\jdk7u60\1081\hotspot\src\share\vm\prims\jvm.cpp:1248
Event: 5.045 Thread 0x04be7400 Threw 0x244d9878 at C:\re\jdk7u60\1081\hotspot\src\share\vm\prims\jvm.cpp:1248
Event: 5.095 Thread 0x04be7400 Threw 0x24557e40 at C:\re\jdk7u60\1081\hotspot\src\share\vm\prims\jvm.cpp:1248
Event: 5.095 Thread 0x04be7400 Threw 0x24557e40 at C:\re\jdk7u60\1081\hotspot\src\share\vm\prims\jvm.cpp:1248
Event: 5.134 Thread 0x04be7400 Threw 0x24560ff0 at C:\re\jdk7u60\1081\hotspot\src\share\vm\prims\jvm.cpp:1248
Event: 5.134 Thread 0x04be7400 Threw 0x24560ff0 at C:\re\jdk7u60\1081\hotspot\src\share\vm\prims\jvm.cpp:1248
Event: 5.346 Thread 0x04be7400 Threw 0x2465e668 at C:\re\jdk7u60\1081\hotspot\src\share\vm\prims\jvm.cpp:1248
Event: 5.346 Thread 0x04be7400 Threw 0x2465e668 at C:\re\jdk7u60\1081\hotspot\src\share\vm\prims\jvm.cpp:1248
Event: 5.392 Thread 0x04be7400 Threw 0x24667b58 at C:\re\jdk7u60\1081\hotspot\src\share\vm\prims\jvm.cpp:1248
Event: 5.392 Thread 0x04be7400 Threw 0x24667b58 at C:\re\jdk7u60\1081\hotspot\src\share\vm\prims\jvm.cpp:1248

Events (10 events):
Event: 5.829 loading class 0x39670bc8
Event: 5.829 loading class 0x39670bc8 done
Event: 5.829 loading class 0x39670c20 done
Event: 5.829 Thread 0x04f4fc00 Thread exited: 0x04f4fc00
Event: 5.836 Thread 0x04bca000 Thread exited: 0x04bca000
Event: 5.846 loading class 0x397161f0
Event: 5.847 loading class 0x397161f0 done
Event: 5.929 Thread 0x04f51c00 Thread exited: 0x04f51c00
Event: 5.929 Thread 0x00b30800 Thread exited: 0x00b30800
Event: 5.930 Executing VM operation: Exit


Dynamic libraries:
0x00a70000 - 0x00a9f000 	C:\Program Files (x86)\Java\jre7\bin\javaw.exe
0x76fe0000 - 0x77137000 	C:\Windows\SYSTEM32\ntdll.dll
0x74690000 - 0x747c0000 	C:\Windows\SYSTEM32\KERNEL32.DLL
0x76a80000 - 0x76b27000 	C:\Windows\SYSTEM32\KERNELBASE.dll
0x747c0000 - 0x7486e000 	C:\Windows\SYSTEM32\ADVAPI32.dll
0x764f0000 - 0x76606000 	C:\Windows\SYSTEM32\USER32.dll
0x73130000 - 0x73328000 	C:\Windows\WinSxS\x86_microsoft.windows.common-controls_6595b64144ccf1df_6.0.9200.16579_none_8937eec6860750f5\COMCTL32.dll
0x76000000 - 0x760b1000 	C:\Windows\SYSTEM32\msvcrt.dll
0x74870000 - 0x748a4000 	C:\Windows\SYSTEM32\sechost.dll
0x760c0000 - 0x7616c000 	C:\Windows\SYSTEM32\RPCRT4.dll
0x748b0000 - 0x749ad000 	C:\Windows\SYSTEM32\GDI32.dll
0x745d0000 - 0x745ed000 	C:\Windows\SYSTEM32\SspiCli.dll
0x745c0000 - 0x745c9000 	C:\Windows\SYSTEM32\CRYPTBASE.dll
0x74560000 - 0x745b1000 	C:\Windows\SYSTEM32\bcryptPrimitives.dll
0x762e0000 - 0x76300000 	C:\Windows\system32\IMM32.DLL
0x76680000 - 0x7675e000 	C:\Windows\SYSTEM32\MSCTF.dll
0x5e940000 - 0x5e9ff000 	C:\Program Files (x86)\Java\jre7\bin\msvcr100.dll
0x5e310000 - 0x5e698000 	C:\Program Files (x86)\Java\jre7\bin\client\jvm.dll
0x71c10000 - 0x71c18000 	C:\Windows\SYSTEM32\WSOCK32.dll
0x71fb0000 - 0x71fd1000 	C:\Windows\SYSTEM32\WINMM.dll
0x76300000 - 0x76306000 	C:\Windows\SYSTEM32\PSAPI.DLL
0x75f80000 - 0x75fd0000 	C:\Windows\SYSTEM32\WS2_32.dll
0x71c70000 - 0x71c9b000 	C:\Windows\SYSTEM32\WINMMBASE.dll
0x75ff0000 - 0x75ff8000 	C:\Windows\SYSTEM32\NSI.dll
0x76b30000 - 0x76b76000 	C:\Windows\SYSTEM32\cfgmgr32.dll
0x75f00000 - 0x75f1e000 	C:\Windows\SYSTEM32\DEVOBJ.dll
0x720a0000 - 0x720ac000 	C:\Program Files (x86)\Java\jre7\bin\verify.dll
0x70bb0000 - 0x70bd0000 	C:\Program Files (x86)\Java\jre7\bin\java.dll
0x70b90000 - 0x70ba3000 	C:\Program Files (x86)\Java\jre7\bin\zip.dll
0x5e1c0000 - 0x5e303000 	C:\Program Files (x86)\Java\jre7\bin\awt.dll
0x76c00000 - 0x76c8b000 	C:\Windows\SYSTEM32\OLEAUT32.dll
0x76de0000 - 0x76f16000 	C:\Windows\SYSTEM32\combase.dll
0x72dd0000 - 0x72e77000 	C:\Windows\system32\apphelp.dll
0x71a40000 - 0x71a59000 	C:\Windows\system32\DWMAPI.DLL
0x726b0000 - 0x72738000 	C:\Windows\system32\uxtheme.dll
0x76760000 - 0x76879000 	C:\Windows\SYSTEM32\ole32.dll
0x74da0000 - 0x75e66000 	C:\Windows\SYSTEM32\SHELL32.dll
0x75f40000 - 0x75f80000 	C:\Windows\SYSTEM32\SHLWAPI.dll
0x73330000 - 0x733a3000 	C:\Windows\SYSTEM32\shcore.dll
0x5f990000 - 0x5f9c9000 	C:\Program Files (x86)\Java\jre7\bin\fontmanager.dll
0x6f250000 - 0x6f264000 	C:\Program Files (x86)\Java\jre7\bin\net.dll
0x72e80000 - 0x72eca000 	C:\Windows\system32\mswsock.dll
0x718a0000 - 0x718af000 	C:\Program Files (x86)\Java\jre7\bin\nio.dll
0x68440000 - 0x68470000 	C:\Program Files (x86)\Java\jre7\bin\t2k.dll
0x76b80000 - 0x76bf4000 	C:\Windows\SYSTEM32\clbcatq.dll
0x6a8a0000 - 0x6a9eb000 	C:\Windows\SYSTEM32\WindowsCodecs.dll
0x76dc0000 - 0x76dd1000 	C:\Windows\SYSTEM32\profapi.dll
0x60450000 - 0x60474000 	C:\Program Files (x86)\Java\jre7\bin\dcpr.dll
0x5e8d0000 - 0x5e93d000 	C:\binaries\terrajava.dll
0x58e80000 - 0x58f67000 	C:\binaries\terramanager-funcate.dll
0x573f0000 - 0x57c96000 	C:\binaries\terralib.dll
0x64af0000 - 0x64b59000 	C:\Windows\SYSTEM32\MSVCP100.dll
0x6d880000 - 0x6db4c000 	C:\binaries\bgd.dll
0x6ab50000 - 0x6ab6b000 	C:\binaries\terraogc_xml.dll
0x66b80000 - 0x66b9d000 	C:\binaries\terraogc_sld.dll
0x5e190000 - 0x5e1b6000 	C:\binaries\terraogc_se.dll
0x5e150000 - 0x5e186000 	C:\binaries\terraogc_filter.dll
0x5e0f0000 - 0x5e142000 	C:\binaries\terraogc_ows.dll
0x5e8b0000 - 0x5e8c9000 	C:\binaries\terraogc_common.dll
0x6f190000 - 0x6f19b000 	C:\binaries\terralib_shp.dll
0x5f980000 - 0x5f98e000 	C:\binaries\terralib_spl.dll
0x060a0000 - 0x06496000 	C:\binaries\qt-mt338.dll
0x613d0000 - 0x6149e000 	C:\Windows\SYSTEM32\OPENGL32.dll
0x613a0000 - 0x613c3000 	C:\Windows\SYSTEM32\GLU32.dll
0x5da40000 - 0x5dabf000 	C:\binaries\qwt500.dll
0x0f090000 - 0x1108f000 	C:\binaries\berkelium.dll
0x064a0000 - 0x065e1000 	C:\binaries\LIBMYSQL.dll
0x63100000 - 0x63121000 	C:\binaries\LIBPQ.dll
0x065f0000 - 0x06651000 	C:\binaries\OCI.dll
0x59110000 - 0x5919a000 	C:\binaries\libtiff.dll
0x56580000 - 0x56d52000 	C:\binaries\gdal110.dll
0x12000000 - 0x121dc000 	C:\binaries\xerces-c_3_1.dll
0x58e20000 - 0x58e75000 	C:\binaries\terraogc_wms.dll
0x58dc0000 - 0x58e13000 	C:\binaries\terraogc_gml.dll
0x58d70000 - 0x58db1000 	C:\binaries\terraogc_xsd.dll
0x5a810000 - 0x5a830000 	C:\binaries\terraogc_xacml.dll
0x71f30000 - 0x71f90000 	C:\Windows\SYSTEM32\WINSPOOL.DRV
0x7c340000 - 0x7c396000 	C:\Windows\SYSTEM32\MSVCR71.dll
0x608a0000 - 0x60979000 	C:\Windows\SYSTEM32\DDRAW.dll
0x727a0000 - 0x727a9000 	C:\Windows\SYSTEM32\Secur32.dll
0x75f20000 - 0x75f3b000 	C:\Windows\SYSTEM32\USERENV.dll
0x71520000 - 0x71570000 	C:\Windows\SYSTEM32\OLEACC.dll
0x54200000 - 0x54276000 	C:\Windows\SYSTEM32\RICHED20.dll
0x72ee0000 - 0x72ee8000 	C:\Windows\SYSTEM32\VERSION.dll
0x720b0000 - 0x720c4000 	C:\Windows\SYSTEM32\USP10.dll
0x72c50000 - 0x72cc5000 	C:\Windows\SYSTEM32\DNSAPI.dll
0x06700000 - 0x067aa000 	C:\Windows\libeay32.dll
0x067b0000 - 0x067bd000 	C:\binaries\libintl-2.dll
0x72ed0000 - 0x72ed6000 	C:\Windows\SYSTEM32\SHFOLDER.DLL
0x067c0000 - 0x067e6000 	C:\Windows\ssleay32.dll
0x067f0000 - 0x06816000 	C:\binaries\libexpat.dll
0x60770000 - 0x60811000 	C:\Windows\SYSTEM32\ODBC32.dll
0x60760000 - 0x60767000 	C:\Windows\SYSTEM32\DCIMAN32.dll
0x663b0000 - 0x663db000 	C:\Windows\SYSTEM32\msls31.dll
0x06870000 - 0x0694b000 	C:\binaries\libiconv-2.dll
0x6f600000 - 0x6f61d000 	C:\Windows\SYSTEM32\gpapi.dll
0x74530000 - 0x74556000 	C:\Windows\SYSTEM32\ntmarta.dll
0x50e40000 - 0x516e8000 	C:\binaries\icudt46.dll
0x53850000 - 0x53979000 	C:\Windows\SYSTEM32\dbghelp.dll
0x72040000 - 0x72050000 	C:\Windows\system32\napinsp.dll
0x72020000 - 0x72034000 	C:\Windows\system32\pnrpnsp.dll
0x72010000 - 0x72020000 	C:\Windows\system32\NLAapi.dll
0x72000000 - 0x72009000 	C:\Windows\System32\winrnr.dll
0x71ac0000 - 0x71ad0000 	C:\Windows\system32\wshbth.dll
0x71c30000 - 0x71c6f000 	C:\Windows\System32\fwpuclnt.dll
0x726a0000 - 0x726a7000 	C:\Windows\System32\rasadhlp.dll
0x730d0000 - 0x730ea000 	C:\Windows\SYSTEM32\CRYPTSP.dll
0x73090000 - 0x730ce000 	C:\Windows\system32\rsaenh.dll
0x72cd0000 - 0x72cf0000 	C:\Windows\SYSTEM32\IPHLPAPI.DLL
0x72c40000 - 0x72c48000 	C:\Windows\SYSTEM32\WINNSI.DLL
0x72c30000 - 0x72c40000 	C:\Windows\SYSTEM32\dhcpcsvc6.DLL
0x72c10000 - 0x72c22000 	C:\Windows\SYSTEM32\dhcpcsvc.DLL
0x590e0000 - 0x59105000 	C:\Program Files (x86)\Java\jre7\bin\jpeg.dll

VM Arguments:
jvm_args: -Dfile.encoding=ISO-8859-1 
java_command: com.nexusbr.gv.main.ConnectDBMain
Launcher Type: SUN_STANDARD

Environment Variables:
JAVA_HOME=C:\Program Files (x86)\Java\jre7
PATH=C:/Program Files (x86)/Java/jre7/bin/client;C:/Program Files (x86)/Java/jre7/bin;C:/Program Files (x86)/Java/jre7/lib/i386;C:\Program Files (x86)\PHP\;c:\Program Files (x86)\Intel\iCLS Client\;c:\Program Files\Intel\iCLS Client\;C:\Windows\system32;C:\Windows;C:\Windows\System32\Wbem;C:\Windows\System32\WindowsPowerShell\v1.0\;C:\Program Files\Intel\Intel(R) Management Engine Components\DAL;C:\Program Files\Intel\Intel(R) Management Engine Components\IPT;C:\Program Files (x86)\Intel\Intel(R) Management Engine Components\DAL;C:\Program Files (x86)\Intel\Intel(R) Management Engine Components\IPT;C:\Program Files (x86)\Intel\OpenCL SDK\3.0\bin\x86;C:\Program Files (x86)\Intel\OpenCL SDK\3.0\bin\x64;C:\Program Files (x86)\Windows Live\Shared;C:\binaries;c:\Program Files (x86)\Microsoft SQL Server\100\Tools\Binn\;c:\Program Files\Microsoft SQL Server\100\Tools\Binn\;c:\Program Files\Microsoft SQL Server\100\DTS\Binn\;C:\strawberry\c\bin;C:\strawberry\perl\site\bin;C:\strawberry\perl\bin;C:\Program Files (x86)\Microsoft SQL Server\110\Tools\Binn\ManagementStudio\;C:\Program Files (x86)\Microsoft SQL Server\110\Tools\Binn\;C:\Program Files\Microsoft SQL Server\110\Tools\Binn\;C:\Program Files (x86)\Microsoft SQL Server\110\DTS\Binn\;C:\Program Files\TortoiseSVN\bin;C:\Python34;C:\Program Files (x86)\Java\jre7\bin;C:\eclipse;
USERNAME=inacio
OS=Windows_NT
PROCESSOR_IDENTIFIER=Intel64 Family 6 Model 69 Stepping 1, GenuineIntel



---------------  S Y S T E M  ---------------

OS: Windows 8 , 64 bit Build 9200 

CPU:total 4 (2 cores per cpu, 2 threads per core) family 6 model 69 stepping 1, cmov, cx8, fxsr, mmx, sse, sse2, sse3, ssse3, sse4.1, sse4.2, popcnt, avx, avx2, aes, erms, ht, tsc, tscinvbit

Memory: 4k page, physical 8290700k(2175764k free), swap 9535884k(2695856k free)

vm_info: Java HotSpot(TM) Client VM (24.60-b09) for windows-x86 JRE (1.7.0_60-b19), built on May  7 2014 13:09:52 by "java_re" with unknown MS VC++:1600

time: Thu Jul 03 15:37:51 2014
elapsed time: 6 seconds

