#
# A fatal error has been detected by the Java Runtime Environment:
#
#  EXCEPTION_ACCESS_VIOLATION (0xc0000005) at pc=0x10369052, pid=1428, tid=6340
#
# JRE version: Java(TM) SE Runtime Environment (7.0_60-b19) (build 1.7.0_60-b19)
# Java VM: Java HotSpot(TM) Client VM (24.60-b09 mixed mode, sharing windows-x86 )
# Problematic frame:
# C  [berkelium.dll+0xa39052]
#
# Failed to write core dump. Minidumps are not enabled by default on client versions of Windows
#
# If you would like to submit a bug report, please visit:
#   http://bugreport.sun.com/bugreport/crash.jsp
#

---------------  T H R E A D  ---------------

Current thread (0x005cfc00):  VMThread [stack: 0x02120000,0x02170000] [id=6340]

siginfo: ExceptionCode=0xc0000005, reading address 0x000000f8

Registers:
EAX=0x0216f494, EBX=0x000493e0, ECX=0x0216f494, EDX=0x862fee08
ESP=0x0216f484, EBP=0x00000076, ESI=0x00000000, EDI=0x98119108
EIP=0x10369052, EFLAGS=0x00010202

Top of Stack: (sp=0x0216f484)
0x0216f484:   076224e8 076224e8 06aaab00 00000000
0x0216f494:   862fee08 00000076 07828ba0 07675990
0x0216f4a4:   00000000 00000000 00000000 74616401
0x0216f4b4:   69642d61 06dd0072 00000023 0000002f
0x0216f4c4:   00000000 06ad7070 002e5be2 07622380
0x0216f4d4:   06aaab44 ffffff00 0f99bf20 114b9778
0x0216f4e4:   066109c0 00000000 0000000f 114ba730
0x0216f4f4:   00000001 0f999783 00000008 00000001 

Instructions: (pc=0x10369052)
0x10369032:   03 00 00 57 53 e8 f4 c8 60 ff 8b ea 8d 54 24 10
0x10369042:   52 8b f8 e8 26 ca 00 00 83 c4 04 03 38 13 68 04
0x10369052:   8b 86 f8 00 00 00 0b 86 fc 00 00 00 89 7c 24 20
0x10369062:   89 6c 24 24 75 3e 39 84 24 d4 00 00 00 7f 35 7c 


Register to memory mapping:

EAX=
[error occurred during error reporting (printing register info), id 0xc0000005]

Stack: [0x02120000,0x02170000],  sp=0x0216f484,  free space=317k
Native frames: (J=compiled Java code, j=interpreted, Vv=VM code, C=native code)
C  [berkelium.dll+0xa39052]

VM_Operation (0x0570e4c0): Exit, mode: safepoint, requested by thread 0x05296000


---------------  P R O C E S S  ---------------

Java Threads: ( => current thread )
  0x055a5c00 JavaThread "WeakCollectionCleaner" daemon [_thread_blocked, id=9132, stack(0x095a0000,0x095f0000)]
  0x055fcc00 JavaThread "TimerQueue" daemon [_thread_blocked, id=1484, stack(0x07500000,0x07550000)]
  0x0040e000 JavaThread "DestroyJavaVM" [_thread_blocked, id=1472, stack(0x00540000,0x00590000)]
  0x05296000 JavaThread "AWT-EventQueue-0" [_thread_blocked, id=1744, stack(0x056c0000,0x05710000)]
  0x046f6400 JavaThread "AWT-Shutdown" [_thread_blocked, id=4032, stack(0x04d90000,0x04de0000)]
  0x046f5400 JavaThread "Java2D Disposer" daemon [_thread_blocked, id=9984, stack(0x04d00000,0x04d50000)]
  0x0064d800 JavaThread "Service Thread" daemon [_thread_blocked, id=1324, stack(0x04490000,0x044e0000)]
  0x00647800 JavaThread "C1 CompilerThread0" daemon [_thread_blocked, id=1212, stack(0x04400000,0x04450000)]
  0x00643c00 JavaThread "Attach Listener" daemon [_thread_blocked, id=6484, stack(0x04370000,0x043c0000)]
  0x00642800 JavaThread "Signal Dispatcher" daemon [_thread_blocked, id=7324, stack(0x042e0000,0x04330000)]
  0x005d2800 JavaThread "Finalizer" daemon [_thread_blocked, id=5088, stack(0x04250000,0x042a0000)]
  0x005d1000 JavaThread "Reference Handler" daemon [_thread_blocked, id=740, stack(0x021b0000,0x02200000)]

Other Threads:
=>0x005cfc00 VMThread [stack: 0x02120000,0x02170000] [id=6340]

VM state:at safepoint (shutting down)

VM Mutex/Monitor currently owned by a thread:  ([mutex/lock_event])
[0x0040c128] Threads_lock - owner thread: 0x005cfc00

Heap
 def new generation   total 78656K, used 34123K [0x24000000, 0x29550000, 0x29550000)
  eden space 69952K,  36% used [0x24000000, 0x258d2e38, 0x28450000)
  from space 8704K, 100% used [0x28450000, 0x28cd0000, 0x28cd0000)
  to   space 8704K,   0% used [0x28cd0000, 0x28cd0000, 0x29550000)
 tenured generation   total 174784K, used 104882K [0x29550000, 0x34000000, 0x34000000)
   the space 174784K,  60% used [0x29550000, 0x2fbbcaf0, 0x2fbbcc00, 0x34000000)
 compacting perm gen  total 12288K, used 8887K [0x34000000, 0x34c00000, 0x38000000)
   the space 12288K,  72% used [0x34000000, 0x348adc20, 0x348ade00, 0x34c00000)
    ro space 10240K,  42% used [0x38000000, 0x38434778, 0x38434800, 0x38a00000)
    rw space 12288K,  52% used [0x38a00000, 0x39049a68, 0x39049c00, 0x39600000)

Card table byte_map: [0x009c0000,0x00a70000] byte_map_base: 0x008a0000

Polling page: 0x004b0000

Code Cache  [0x02210000, 0x02578000, 0x04210000)
 total_blobs=2122 nmethods=1832 adapters=226 free_code_cache=29300Kb largest_free_block=30003520

Compilation events (10 events):
Event: 285.067 Thread 0x00647800 1837             java.awt.geom.Point2D$Float::getX (6 bytes)
Event: 285.067 Thread 0x00647800 nmethod 1837 0x02572288 code [0x02572380, 0x02572400]
Event: 285.177 Thread 0x00647800 1838             javax.imageio.stream.ImageInputStreamImpl::readByte (20 bytes)
Event: 285.177 Thread 0x00647800 nmethod 1838 0x02572448 code [0x02572560, 0x02572668]
Event: 285.192 Thread 0x00647800 1839             sun.java2d.pipe.ValidatePipe::fill (20 bytes)
Event: 285.193 Thread 0x00647800 nmethod 1839 0x02572708 code [0x02572830, 0x02572974]
Event: 287.041 Thread 0x00647800 1840             br.org.funcate.glue.controller.CanvasController::getListenersHandler (5 bytes)
Event: 287.041 Thread 0x00647800 nmethod 1840 0x02572b08 code [0x02572c00, 0x02572c80]
Event: 287.329 Thread 0x00647800 1841             br.org.funcate.glue.controller.CanvasController::dispatch (6 bytes)
Event: 287.329 Thread 0x00647800 nmethod 1841 0x02572cc8 code [0x02572dd0, 0x02572e6c]

GC Heap History (10 events):
Event: 156.478 GC heap before
{Heap before GC invocations=56 (full 14):
 def new generation   total 78656K, used 78583K [0x24000000, 0x29550000, 0x29550000)
  eden space 69952K,  99% used [0x24000000, 0x2843de08, 0x28450000)
  from space 8704K, 100% used [0x28cd0000, 0x29550000, 0x29550000)
  to   space 8704K,   0% used [0x28450000, 0x28450000, 0x28cd0000)
 tenured generation   total 174784K, used 68979K [0x29550000, 0x34000000, 0x34000000)
   the space 174784K,  39% used [0x29550000, 0x2d8acc60, 0x2d8ace00, 0x34000000)
 compacting perm gen  total 12288K, used 8883K [0x34000000, 0x34c00000, 0x38000000)
   the space 12288K,  72% used [0x34000000, 0x348acda0, 0x348ace00, 0x34c00000)
    ro space 10240K,  42% used [0x38000000, 0x38434778, 0x38434800, 0x38a00000)
    rw space 12288K,  52% used [0x38a00000, 0x39049a68, 0x39049c00, 0x39600000)
Event: 156.483 GC heap after
Heap after GC invocations=57 (full 14):
 def new generation   total 78656K, used 6263K [0x24000000, 0x29550000, 0x29550000)
  eden space 69952K,   0% used [0x24000000, 0x24000000, 0x28450000)
  from space 8704K,  71% used [0x28450000, 0x28a6dc28, 0x28cd0000)
  to   space 8704K,   0% used [0x28cd0000, 0x28cd0000, 0x29550000)
 tenured generation   total 174784K, used 75704K [0x29550000, 0x34000000, 0x34000000)
   the space 174784K,  43% used [0x29550000, 0x2df3e228, 0x2df3e400, 0x34000000)
 compacting perm gen  total 12288K, used 8883K [0x34000000, 0x34c00000, 0x38000000)
   the space 12288K,  72% used [0x34000000, 0x348acda0, 0x348ace00, 0x34c00000)
    ro space 10240K,  42% used [0x38000000, 0x38434778, 0x38434800, 0x38a00000)
    rw space 12288K,  52% used [0x38a00000, 0x39049a68, 0x39049c00, 0x39600000)
}
Event: 157.202 GC heap before
{Heap before GC invocations=57 (full 14):
 def new generation   total 78656K, used 76268K [0x24000000, 0x29550000, 0x29550000)
  eden space 69952K,  99% used [0x24000000, 0x2841d4b8, 0x28450000)
  from space 8704K,  74% used [0x28450000, 0x28aadc38, 0x28cd0000)
  to   space 8704K,   0% used [0x28cd0000, 0x28cd0000, 0x29550000)
 tenured generation   total 174784K, used 75704K [0x29550000, 0x34000000, 0x34000000)
   the space 174784K,  43% used [0x29550000, 0x2df3e228, 0x2df3e400, 0x34000000)
 compacting perm gen  total 12288K, used 8883K [0x34000000, 0x34c00000, 0x38000000)
   the space 12288K,  72% used [0x34000000, 0x348acda0, 0x348ace00, 0x34c00000)
    ro space 10240K,  42% used [0x38000000, 0x38434778, 0x38434800, 0x38a00000)
    rw space 12288K,  52% used [0x38a00000, 0x39049a68, 0x39049c00, 0x39600000)
Event: 157.206 GC heap after
Heap after GC invocations=58 (full 14):
 def new generation   total 78656K, used 7534K [0x24000000, 0x29550000, 0x29550000)
  eden space 69952K,   0% used [0x24000000, 0x24000000, 0x28450000)
  from space 8704K,  86% used [0x28cd0000, 0x2942bb58, 0x29550000)
  to   space 8704K,   0% used [0x28450000, 0x28450000, 0x28cd0000)
 tenured generation   total 174784K, used 80828K [0x29550000, 0x34000000, 0x34000000)
   the space 174784K,  46% used [0x29550000, 0x2e43f320, 0x2e43f400, 0x34000000)
 compacting perm gen  total 12288K, used 8883K [0x34000000, 0x34c00000, 0x38000000)
   the space 12288K,  72% used [0x34000000, 0x348acda0, 0x348ace00, 0x34c00000)
    ro space 10240K,  42% used [0x38000000, 0x38434778, 0x38434800, 0x38a00000)
    rw space 12288K,  52% used [0x38a00000, 0x39049a68, 0x39049c00, 0x39600000)
}
Event: 157.928 GC heap before
{Heap before GC invocations=58 (full 14):
 def new generation   total 78656K, used 77418K [0x24000000, 0x29550000, 0x29550000)
  eden space 69952K,  99% used [0x24000000, 0x2843ee38, 0x28450000)
  from space 8704K,  86% used [0x28cd0000, 0x2942bb58, 0x29550000)
  to   space 8704K,   0% used [0x28450000, 0x28450000, 0x28cd0000)
 tenured generation   total 174784K, used 80828K [0x29550000, 0x34000000, 0x34000000)
   the space 174784K,  46% used [0x29550000, 0x2e43f320, 0x2e43f400, 0x34000000)
 compacting perm gen  total 12288K, used 8883K [0x34000000, 0x34c00000, 0x38000000)
   the space 12288K,  72% used [0x34000000, 0x348acdb0, 0x348ace00, 0x34c00000)
    ro space 10240K,  42% used [0x38000000, 0x38434778, 0x38434800, 0x38a00000)
    rw space 12288K,  52% used [0x38a00000, 0x39049a68, 0x39049c00, 0x39600000)
Event: 157.931 GC heap after
Heap after GC invocations=59 (full 14):
 def new generation   total 78656K, used 3427K [0x24000000, 0x29550000, 0x29550000)
  eden space 69952K,   0% used [0x24000000, 0x24000000, 0x28450000)
  from space 8704K,  39% used [0x28450000, 0x287a8ca0, 0x28cd0000)
  to   space 8704K,   0% used [0x28cd0000, 0x28cd0000, 0x29550000)
 tenured generation   total 174784K, used 85468K [0x29550000, 0x34000000, 0x34000000)
   the space 174784K,  48% used [0x29550000, 0x2e8c7228, 0x2e8c7400, 0x34000000)
 compacting perm gen  total 12288K, used 8883K [0x34000000, 0x34c00000, 0x38000000)
   the space 12288K,  72% used [0x34000000, 0x348acdb0, 0x348ace00, 0x34c00000)
    ro space 10240K,  42% used [0x38000000, 0x38434778, 0x38434800, 0x38a00000)
    rw space 12288K,  52% used [0x38a00000, 0x39049a68, 0x39049c00, 0x39600000)
}
Event: 158.678 GC heap before
{Heap before GC invocations=59 (full 14):
 def new generation   total 78656K, used 73346K [0x24000000, 0x29550000, 0x29550000)
  eden space 69952K,  99% used [0x24000000, 0x28447f10, 0x28450000)
  from space 8704K,  39% used [0x28450000, 0x287a8ca0, 0x28cd0000)
  to   space 8704K,   0% used [0x28cd0000, 0x28cd0000, 0x29550000)
 tenured generation   total 174784K, used 85468K [0x29550000, 0x34000000, 0x34000000)
   the space 174784K,  48% used [0x29550000, 0x2e8c7228, 0x2e8c7400, 0x34000000)
 compacting perm gen  total 12288K, used 8883K [0x34000000, 0x34c00000, 0x38000000)
   the space 12288K,  72% used [0x34000000, 0x348acdb0, 0x348ace00, 0x34c00000)
    ro space 10240K,  42% used [0x38000000, 0x38434778, 0x38434800, 0x38a00000)
    rw space 12288K,  52% used [0x38a00000, 0x39049a68, 0x39049c00, 0x39600000)
Event: 158.681 GC heap after
Heap after GC invocations=60 (full 14):
 def new generation   total 78656K, used 5979K [0x24000000, 0x29550000, 0x29550000)
  eden space 69952K,   0% used [0x24000000, 0x24000000, 0x28450000)
  from space 8704K,  68% used [0x28cd0000, 0x292a6fd8, 0x29550000)
  to   space 8704K,   0% used [0x28450000, 0x28450000, 0x28cd0000)
 tenured generation   total 174784K, used 85468K [0x29550000, 0x34000000, 0x34000000)
   the space 174784K,  48% used [0x29550000, 0x2e8c7228, 0x2e8c7400, 0x34000000)
 compacting perm gen  total 12288K, used 8883K [0x34000000, 0x34c00000, 0x38000000)
   the space 12288K,  72% used [0x34000000, 0x348acdb0, 0x348ace00, 0x34c00000)
    ro space 10240K,  42% used [0x38000000, 0x38434778, 0x38434800, 0x38a00000)
    rw space 12288K,  52% used [0x38a00000, 0x39049a68, 0x39049c00, 0x39600000)
}
Event: 286.656 GC heap before
{Heap before GC invocations=60 (full 14):
 def new generation   total 78656K, used 76156K [0x24000000, 0x29550000, 0x29550000)
  eden space 69952K,  99% used [0x24000000, 0x28448370, 0x28450000)
  from space 8704K,  71% used [0x28cd0000, 0x292e6fe8, 0x29550000)
  to   space 8704K,   0% used [0x28450000, 0x28450000, 0x28cd0000)
 tenured generation   total 174784K, used 85468K [0x29550000, 0x34000000, 0x34000000)
   the space 174784K,  48% used [0x29550000, 0x2e8c7228, 0x2e8c7400, 0x34000000)
 compacting perm gen  total 12288K, used 8883K [0x34000000, 0x34c00000, 0x38000000)
   the space 12288K,  72% used [0x34000000, 0x348acdd0, 0x348ace00, 0x34c00000)
    ro space 10240K,  42% used [0x38000000, 0x38434778, 0x38434800, 0x38a00000)
    rw space 12288K,  52% used [0x38a00000, 0x39049a68, 0x39049c00, 0x39600000)
Event: 286.666 GC heap after
Heap after GC invocations=61 (full 14):
 def new generation   total 78656K, used 8704K [0x24000000, 0x29550000, 0x29550000)
  eden space 69952K,   0% used [0x24000000, 0x24000000, 0x28450000)
  from space 8704K, 100% used [0x28450000, 0x28cd0000, 0x28cd0000)
  to   space 8704K,   0% used [0x28cd0000, 0x28cd0000, 0x29550000)
 tenured generation   total 174784K, used 104882K [0x29550000, 0x34000000, 0x34000000)
   the space 174784K,  60% used [0x29550000, 0x2fbbcaf0, 0x2fbbcc00, 0x34000000)
 compacting perm gen  total 12288K, used 8883K [0x34000000, 0x34c00000, 0x38000000)
   the space 12288K,  72% used [0x34000000, 0x348acdd0, 0x348ace00, 0x34c00000)
    ro space 10240K,  42% used [0x38000000, 0x38434778, 0x38434800, 0x38a00000)
    rw space 12288K,  52% used [0x38a00000, 0x39049a68, 0x39049c00, 0x39600000)
}

Deoptimization events (0 events):
No events

Internal exceptions (10 events):
Event: 147.776 Thread 0x088b8000 Threw 0x243d4508 at C:\re\jdk7u60\1081\hotspot\src\share\vm\prims\jvm.cpp:2917
Event: 149.038 Thread 0x08b70800 Threw 0x243e83b0 at C:\re\jdk7u60\1081\hotspot\src\share\vm\prims\jvm.cpp:2917
Event: 150.294 Thread 0x055a6c00 Threw 0x24f262d0 at C:\re\jdk7u60\1081\hotspot\src\share\vm\prims\jvm.cpp:2917
Event: 154.060 Thread 0x08b5dc00 Threw 0x2632cdc8 at C:\re\jdk7u60\1081\hotspot\src\share\vm\prims\jvm.cpp:2917
Event: 155.292 Thread 0x08b70800 Threw 0x2814f330 at C:\re\jdk7u60\1081\hotspot\src\share\vm\prims\jvm.cpp:2917
Event: 155.756 Thread 0x088b6800 Threw 0x281b3e90 at C:\re\jdk7u60\1081\hotspot\src\share\vm\prims\jvm.cpp:2917
Event: 158.348 Thread 0x055a8000 Threw 0x246eae10 at C:\re\jdk7u60\1081\hotspot\src\share\vm\prims\jvm.cpp:2917
Event: 158.677 Thread 0x08b5dc00 Threw 0x283c3af0 at C:\re\jdk7u60\1081\hotspot\src\share\vm\prims\jvm.cpp:2917
Event: 158.836 Thread 0x08b00400 Threw 0x251133a8 at C:\re\jdk7u60\1081\hotspot\src\share\vm\prims\jvm.cpp:2917
Event: 288.287 Thread 0x08b5d000 Threw 0x249f5248 at C:\re\jdk7u60\1081\hotspot\src\share\vm\prims\jvm.cpp:2917

Events (10 events):
Event: 298.644 Thread 0x055a4c00 Thread exited: 0x055a4c00
Event: 298.645 Thread 0x055a5400 Thread exited: 0x055a5400
Event: 298.646 loading class 0x39670c20
Event: 298.646 loading class 0x39670bc8
Event: 298.646 loading class 0x39670bc8 done
Event: 298.646 loading class 0x39670c20 done
Event: 298.646 Thread 0x055a4800 Thread exited: 0x055a4800
Event: 298.661 Thread 0x046f6c00 Thread exited: 0x046f6c00
Event: 298.745 Thread 0x055a8000 Thread exited: 0x055a8000
Event: 298.746 Executing VM operation: Exit


Dynamic libraries:
0x00a70000 - 0x00a9f000 	C:\Program Files (x86)\Java\jre7\bin\javaw.exe
0x76fe0000 - 0x77137000 	C:\Windows\SYSTEM32\ntdll.dll
0x74690000 - 0x747c0000 	C:\Windows\SYSTEM32\KERNEL32.DLL
0x76a80000 - 0x76b27000 	C:\Windows\SYSTEM32\KERNELBASE.dll
0x747c0000 - 0x7486e000 	C:\Windows\SYSTEM32\ADVAPI32.dll
0x764f0000 - 0x76606000 	C:\Windows\SYSTEM32\USER32.dll
0x73130000 - 0x73328000 	C:\Windows\WinSxS\x86_microsoft.windows.common-controls_6595b64144ccf1df_6.0.9200.16579_none_8937eec6860750f5\COMCTL32.dll
0x76000000 - 0x760b1000 	C:\Windows\SYSTEM32\msvcrt.dll
0x74870000 - 0x748a4000 	C:\Windows\SYSTEM32\sechost.dll
0x760c0000 - 0x7616c000 	C:\Windows\SYSTEM32\RPCRT4.dll
0x748b0000 - 0x749ad000 	C:\Windows\SYSTEM32\GDI32.dll
0x745d0000 - 0x745ed000 	C:\Windows\SYSTEM32\SspiCli.dll
0x745c0000 - 0x745c9000 	C:\Windows\SYSTEM32\CRYPTBASE.dll
0x74560000 - 0x745b1000 	C:\Windows\SYSTEM32\bcryptPrimitives.dll
0x762e0000 - 0x76300000 	C:\Windows\system32\IMM32.DLL
0x76680000 - 0x7675e000 	C:\Windows\SYSTEM32\MSCTF.dll
0x6f190000 - 0x6f24f000 	C:\Program Files (x86)\Java\jre7\bin\msvcr100.dll
0x6f250000 - 0x6f5d8000 	C:\Program Files (x86)\Java\jre7\bin\client\jvm.dll
0x71c10000 - 0x71c18000 	C:\Windows\SYSTEM32\WSOCK32.dll
0x71fb0000 - 0x71fd1000 	C:\Windows\SYSTEM32\WINMM.dll
0x76300000 - 0x76306000 	C:\Windows\SYSTEM32\PSAPI.DLL
0x75f80000 - 0x75fd0000 	C:\Windows\SYSTEM32\WS2_32.dll
0x71c70000 - 0x71c9b000 	C:\Windows\SYSTEM32\WINMMBASE.dll
0x75ff0000 - 0x75ff8000 	C:\Windows\SYSTEM32\NSI.dll
0x76b30000 - 0x76b76000 	C:\Windows\SYSTEM32\cfgmgr32.dll
0x75f00000 - 0x75f1e000 	C:\Windows\SYSTEM32\DEVOBJ.dll
0x720a0000 - 0x720ac000 	C:\Program Files (x86)\Java\jre7\bin\verify.dll
0x71910000 - 0x71930000 	C:\Program Files (x86)\Java\jre7\bin\java.dll
0x718d0000 - 0x718e3000 	C:\Program Files (x86)\Java\jre7\bin\zip.dll
0x685e0000 - 0x68723000 	C:\Program Files (x86)\Java\jre7\bin\awt.dll
0x76c00000 - 0x76c8b000 	C:\Windows\SYSTEM32\OLEAUT32.dll
0x76de0000 - 0x76f16000 	C:\Windows\SYSTEM32\combase.dll
0x72dd0000 - 0x72e77000 	C:\Windows\system32\apphelp.dll
0x71a40000 - 0x71a59000 	C:\Windows\system32\DWMAPI.DLL
0x726b0000 - 0x72738000 	C:\Windows\system32\uxtheme.dll
0x76760000 - 0x76879000 	C:\Windows\SYSTEM32\ole32.dll
0x74da0000 - 0x75e66000 	C:\Windows\SYSTEM32\SHELL32.dll
0x75f40000 - 0x75f80000 	C:\Windows\SYSTEM32\SHLWAPI.dll
0x73330000 - 0x733a3000 	C:\Windows\SYSTEM32\shcore.dll
0x70b90000 - 0x70bc9000 	C:\Program Files (x86)\Java\jre7\bin\fontmanager.dll
0x718b0000 - 0x718c4000 	C:\Program Files (x86)\Java\jre7\bin\net.dll
0x72e80000 - 0x72eca000 	C:\Windows\system32\mswsock.dll
0x718a0000 - 0x718af000 	C:\Program Files (x86)\Java\jre7\bin\nio.dll
0x6b5d0000 - 0x6b600000 	C:\Program Files (x86)\Java\jre7\bin\t2k.dll
0x76b80000 - 0x76bf4000 	C:\Windows\SYSTEM32\clbcatq.dll
0x6a8a0000 - 0x6a9eb000 	C:\Windows\SYSTEM32\WindowsCodecs.dll
0x76dc0000 - 0x76dd1000 	C:\Windows\SYSTEM32\profapi.dll
0x6a870000 - 0x6a894000 	C:\Program Files (x86)\Java\jre7\bin\dcpr.dll
0x68570000 - 0x685dd000 	C:\binaries\terrajava.dll
0x68480000 - 0x68567000 	C:\binaries\terramanager-funcate.dll
0x59300000 - 0x59ba6000 	C:\binaries\terralib.dll
0x64af0000 - 0x64b59000 	C:\Windows\SYSTEM32\MSVCP100.dll
0x6d880000 - 0x6db4c000 	C:\binaries\bgd.dll
0x6e0b0000 - 0x6e0cb000 	C:\binaries\terraogc_xml.dll
0x6b500000 - 0x6b51d000 	C:\binaries\terraogc_sld.dll
0x68450000 - 0x68476000 	C:\binaries\terraogc_se.dll
0x66df0000 - 0x66e26000 	C:\binaries\terraogc_filter.dll
0x66d90000 - 0x66de2000 	C:\binaries\terraogc_ows.dll
0x6ab50000 - 0x6ab69000 	C:\binaries\terraogc_common.dll
0x70690000 - 0x7069b000 	C:\binaries\terralib_shp.dll
0x6b5c0000 - 0x6b5ce000 	C:\binaries\terralib_spl.dll
0x05c70000 - 0x06066000 	C:\binaries\qt-mt338.dll
0x613d0000 - 0x6149e000 	C:\Windows\SYSTEM32\OPENGL32.dll
0x613a0000 - 0x613c3000 	C:\Windows\SYSTEM32\GLU32.dll
0x66d10000 - 0x66d8f000 	C:\binaries\qwt500.dll
0x0f930000 - 0x1192f000 	C:\binaries\berkelium.dll
0x06070000 - 0x061b1000 	C:\binaries\LIBMYSQL.dll
0x63100000 - 0x63121000 	C:\binaries\LIBPQ.dll
0x061c0000 - 0x06221000 	C:\binaries\OCI.dll
0x66c80000 - 0x66d0a000 	C:\binaries\libtiff.dll
0x583a0000 - 0x58b72000 	C:\binaries\gdal110.dll
0x12000000 - 0x121dc000 	C:\binaries\xerces-c_3_1.dll
0x66c20000 - 0x66c75000 	C:\binaries\terraogc_wms.dll
0x66bc0000 - 0x66c13000 	C:\binaries\terraogc_gml.dll
0x60710000 - 0x60751000 	C:\binaries\terraogc_xsd.dll
0x66ba0000 - 0x66bc0000 	C:\binaries\terraogc_xacml.dll
0x71f30000 - 0x71f90000 	C:\Windows\SYSTEM32\WINSPOOL.DRV
0x7c340000 - 0x7c396000 	C:\Windows\SYSTEM32\MSVCR71.dll
0x608a0000 - 0x60979000 	C:\Windows\SYSTEM32\DDRAW.dll
0x727a0000 - 0x727a9000 	C:\Windows\SYSTEM32\Secur32.dll
0x75f20000 - 0x75f3b000 	C:\Windows\SYSTEM32\USERENV.dll
0x71520000 - 0x71570000 	C:\Windows\SYSTEM32\OLEACC.dll
0x54200000 - 0x54276000 	C:\Windows\SYSTEM32\RICHED20.dll
0x72ee0000 - 0x72ee8000 	C:\Windows\SYSTEM32\VERSION.dll
0x720b0000 - 0x720c4000 	C:\Windows\SYSTEM32\USP10.dll
0x72c50000 - 0x72cc5000 	C:\Windows\SYSTEM32\DNSAPI.dll
0x062d0000 - 0x0637a000 	C:\Windows\libeay32.dll
0x06380000 - 0x0638d000 	C:\binaries\libintl-2.dll
0x72ed0000 - 0x72ed6000 	C:\Windows\SYSTEM32\SHFOLDER.DLL
0x06390000 - 0x063b6000 	C:\Windows\ssleay32.dll
0x063c0000 - 0x063e6000 	C:\binaries\libexpat.dll
0x60770000 - 0x60811000 	C:\Windows\SYSTEM32\ODBC32.dll
0x60760000 - 0x60767000 	C:\Windows\SYSTEM32\DCIMAN32.dll
0x663b0000 - 0x663db000 	C:\Windows\SYSTEM32\msls31.dll
0x06440000 - 0x0651b000 	C:\binaries\libiconv-2.dll
0x6f600000 - 0x6f61d000 	C:\Windows\SYSTEM32\gpapi.dll
0x74530000 - 0x74556000 	C:\Windows\SYSTEM32\ntmarta.dll
0x57af0000 - 0x58398000 	C:\binaries\icudt46.dll
0x53850000 - 0x53979000 	C:\Windows\SYSTEM32\dbghelp.dll
0x72040000 - 0x72050000 	C:\Windows\system32\napinsp.dll
0x72020000 - 0x72034000 	C:\Windows\system32\pnrpnsp.dll
0x72010000 - 0x72020000 	C:\Windows\system32\NLAapi.dll
0x72000000 - 0x72009000 	C:\Windows\System32\winrnr.dll
0x71ac0000 - 0x71ad0000 	C:\Windows\system32\wshbth.dll
0x726a0000 - 0x726a7000 	C:\Windows\System32\rasadhlp.dll
0x71c30000 - 0x71c6f000 	C:\Windows\System32\fwpuclnt.dll
0x72cd0000 - 0x72cf0000 	C:\Windows\SYSTEM32\IPHLPAPI.DLL
0x72c40000 - 0x72c48000 	C:\Windows\SYSTEM32\WINNSI.DLL
0x730d0000 - 0x730ea000 	C:\Windows\SYSTEM32\CRYPTSP.dll
0x73090000 - 0x730ce000 	C:\Windows\system32\rsaenh.dll
0x72c30000 - 0x72c40000 	C:\Windows\SYSTEM32\dhcpcsvc6.DLL
0x72c10000 - 0x72c22000 	C:\Windows\SYSTEM32\dhcpcsvc.DLL
0x606e0000 - 0x60705000 	C:\Program Files (x86)\Java\jre7\bin\jpeg.dll
0x71ea0000 - 0x71f22000 	C:\Windows\SYSTEM32\WINHTTP.dll
0x76310000 - 0x76492000 	C:\Windows\SYSTEM32\CRYPT32.dll
0x75fd0000 - 0x75fe2000 	C:\Windows\SYSTEM32\MSASN1.dll
0x73070000 - 0x73089000 	C:\Windows\SYSTEM32\ncrypt.dll
0x73050000 - 0x7306a000 	C:\Windows\SYSTEM32\bcrypt.dll
0x73020000 - 0x73047000 	C:\Windows\SYSTEM32\NTASN1.dll
0x6f5e0000 - 0x6f5fd000 	C:\Windows\SYSTEM32\cryptnet.dll
0x76620000 - 0x76676000 	C:\Windows\SYSTEM32\WLDAP32.dll
0x749b0000 - 0x74b5f000 	C:\Windows\SYSTEM32\SETUPAPI.dll
0x72f00000 - 0x73019000 	C:\Windows\system32\propsys.dll

VM Arguments:
jvm_args: -Dfile.encoding=ISO-8859-1 
java_command: com.nexusbr.gv.main.ConnectDBMain
Launcher Type: SUN_STANDARD

Environment Variables:
JAVA_HOME=C:\Program Files (x86)\Java\jre7
PATH=C:/Program Files (x86)/Java/jre7/bin/client;C:/Program Files (x86)/Java/jre7/bin;C:/Program Files (x86)/Java/jre7/lib/i386;C:\Program Files (x86)\PHP\;c:\Program Files (x86)\Intel\iCLS Client\;c:\Program Files\Intel\iCLS Client\;C:\Windows\system32;C:\Windows;C:\Windows\System32\Wbem;C:\Windows\System32\WindowsPowerShell\v1.0\;C:\Program Files\Intel\Intel(R) Management Engine Components\DAL;C:\Program Files\Intel\Intel(R) Management Engine Components\IPT;C:\Program Files (x86)\Intel\Intel(R) Management Engine Components\DAL;C:\Program Files (x86)\Intel\Intel(R) Management Engine Components\IPT;C:\Program Files (x86)\Intel\OpenCL SDK\3.0\bin\x86;C:\Program Files (x86)\Intel\OpenCL SDK\3.0\bin\x64;C:\Program Files (x86)\Windows Live\Shared;C:\binaries;c:\Program Files (x86)\Microsoft SQL Server\100\Tools\Binn\;c:\Program Files\Microsoft SQL Server\100\Tools\Binn\;c:\Program Files\Microsoft SQL Server\100\DTS\Binn\;C:\strawberry\c\bin;C:\strawberry\perl\site\bin;C:\strawberry\perl\bin;C:\Program Files (x86)\Microsoft SQL Server\110\Tools\Binn\ManagementStudio\;C:\Program Files (x86)\Microsoft SQL Server\110\Tools\Binn\;C:\Program Files\Microsoft SQL Server\110\Tools\Binn\;C:\Program Files (x86)\Microsoft SQL Server\110\DTS\Binn\;C:\Program Files\TortoiseSVN\bin;C:\Python34;C:\Program Files (x86)\Java\jre7\bin;C:\eclipse;
USERNAME=inacio
OS=Windows_NT
PROCESSOR_IDENTIFIER=Intel64 Family 6 Model 69 Stepping 1, GenuineIntel



---------------  S Y S T E M  ---------------

OS: Windows 8 , 64 bit Build 9200 

CPU:total 4 (2 cores per cpu, 2 threads per core) family 6 model 69 stepping 1, cmov, cx8, fxsr, mmx, sse, sse2, sse3, ssse3, sse4.1, sse4.2, popcnt, avx, avx2, aes, erms, ht, tsc, tscinvbit

Memory: 4k page, physical 8290700k(2394076k free), swap 9535884k(2553420k free)

vm_info: Java HotSpot(TM) Client VM (24.60-b09) for windows-x86 JRE (1.7.0_60-b19), built on May  7 2014 13:09:52 by "java_re" with unknown MS VC++:1600

time: Thu Jul 03 13:16:24 2014
elapsed time: 298 seconds

