#
# A fatal error has been detected by the Java Runtime Environment:
#
#  EXCEPTION_ACCESS_VIOLATION (0xc0000005) at pc=0x0fe29052, pid=6784, tid=8328
#
# JRE version: Java(TM) SE Runtime Environment (7.0_60-b19) (build 1.7.0_60-b19)
# Java VM: Java HotSpot(TM) Client VM (24.60-b09 mixed mode, sharing windows-x86 )
# Problematic frame:
# C  [berkelium.dll+0xa39052]
#
# Failed to write core dump. Minidumps are not enabled by default on client versions of Windows
#
# If you would like to submit a bug report, please visit:
#   http://bugreport.sun.com/bugreport/crash.jsp
#

---------------  T H R E A D  ---------------

Current thread (0x0232fc00):  VMThread [stack: 0x04630000,0x04680000] [id=8328]

siginfo: ExceptionCode=0xc0000005, reading address 0x000000f8

Registers:
EAX=0x0467f7e4, EBX=0x000493e0, ECX=0x0467f7e4, EDX=0x0b0fa508
ESP=0x0467f7d4, EBP=0x00000074, ESI=0x00000000, EDI=0x1cf14808
EIP=0x0fe29052, EFLAGS=0x00010206

Top of Stack: (sp=0x0467f7d4)
0x0467f7d4:   07071168 07071168 06faab00 00000000
0x0467f7e4:   0b0fa508 00000074 0706e420 0704cab0
0x0467f7f4:   00000000 00000000 00000000 74616401
0x0467f804:   69642d61 07290072 00000023 0000002f
0x0467f814:   00000000 06fd7070 002e5be0 07071000
0x0467f824:   06faab44 ffffff00 0f45bf20 10f79778
0x0467f834:   06a80030 00000000 0000000f 10f7a730
0x0467f844:   00000001 0f459783 00000008 00000001 

Instructions: (pc=0x0fe29052)
0x0fe29032:   03 00 00 57 53 e8 f4 c8 60 ff 8b ea 8d 54 24 10
0x0fe29042:   52 8b f8 e8 26 ca 00 00 83 c4 04 03 38 13 68 04
0x0fe29052:   8b 86 f8 00 00 00 0b 86 fc 00 00 00 89 7c 24 20
0x0fe29062:   89 6c 24 24 75 3e 39 84 24 d4 00 00 00 7f 35 7c 


Register to memory mapping:

EAX=
[error occurred during error reporting (printing register info), id 0xc0000005]

Stack: [0x04630000,0x04680000],  sp=0x0467f7d4,  free space=317k
Native frames: (J=compiled Java code, j=interpreted, Vv=VM code, C=native code)
C  [berkelium.dll+0xa39052]

[error occurred during error reporting (printing native stack), id 0xc0000005]

VM_Operation (0x05c1ec30): Exit, mode: safepoint, requested by thread 0x04c6ec00


---------------  P R O C E S S  ---------------

Java Threads: ( => current thread )
  0x04f95000 JavaThread "Image Fetcher 0" daemon [_thread_blocked, id=7688, stack(0x07580000,0x075d0000)]
  0x04f92800 JavaThread "Image Fetcher 3" daemon [_thread_blocked, id=5576, stack(0x07d40000,0x07d90000)]
  0x04f95c00 JavaThread "WeakCollectionCleaner" daemon [_thread_blocked, id=5592, stack(0x09300000,0x09350000)]
  0x04ec7000 JavaThread "TimerQueue" daemon [_thread_blocked, id=8648, stack(0x07ab0000,0x07b00000)]
  0x00afe000 JavaThread "DestroyJavaVM" [_thread_blocked, id=7388, stack(0x022c0000,0x02310000)]
  0x04c6ec00 JavaThread "AWT-EventQueue-0" [_thread_blocked, id=5088, stack(0x05bd0000,0x05c20000)]
  0x04c25c00 JavaThread "AWT-Shutdown" [_thread_blocked, id=7840, stack(0x056a0000,0x056f0000)]
  0x04c24c00 JavaThread "Java2D Disposer" daemon [_thread_blocked, id=3820, stack(0x05610000,0x05660000)]
  0x023acc00 JavaThread "Service Thread" daemon [_thread_blocked, id=6588, stack(0x04990000,0x049e0000)]
  0x023a9400 JavaThread "C1 CompilerThread0" daemon [_thread_blocked, id=9376, stack(0x04900000,0x04950000)]
  0x023a6000 JavaThread "Attach Listener" daemon [_thread_blocked, id=7152, stack(0x04870000,0x048c0000)]
  0x023a0800 JavaThread "Signal Dispatcher" daemon [_thread_blocked, id=8796, stack(0x047e0000,0x04830000)]
  0x02332800 JavaThread "Finalizer" daemon [_thread_blocked, id=4668, stack(0x04750000,0x047a0000)]
  0x02331000 JavaThread "Reference Handler" daemon [_thread_blocked, id=9236, stack(0x046c0000,0x04710000)]

Other Threads:
=>0x0232fc00 VMThread [stack: 0x04630000,0x04680000] [id=8328]

VM state:at safepoint (shutting down)

VM Mutex/Monitor currently owned by a thread:  ([mutex/lock_event])
[0x00afc538] Threads_lock - owner thread: 0x0232fc00

Heap
 def new generation   total 36608K, used 33718K [0x24000000, 0x267b0000, 0x29550000)
  eden space 32576K,  91% used [0x24000000, 0x25cff8e8, 0x25fd0000)
  from space 4032K,  99% used [0x25fd0000, 0x263bdf18, 0x263c0000)
  to   space 4032K,   0% used [0x263c0000, 0x263c0000, 0x267b0000)
 tenured generation   total 81052K, used 54544K [0x29550000, 0x2e477000, 0x34000000)
   the space 81052K,  67% used [0x29550000, 0x2ca94388, 0x2ca94400, 0x2e477000)
 compacting perm gen  total 12288K, used 10932K [0x34000000, 0x34c00000, 0x38000000)
   the space 12288K,  88% used [0x34000000, 0x34aad1a8, 0x34aad200, 0x34c00000)
    ro space 10240K,  42% used [0x38000000, 0x38434778, 0x38434800, 0x38a00000)
    rw space 12288K,  52% used [0x38a00000, 0x39049a68, 0x39049c00, 0x39600000)

Card table byte_map: [0x04490000,0x04540000] byte_map_base: 0x04370000

Polling page: 0x00ae0000

Code Cache  [0x02410000, 0x027b0000, 0x04410000)
 total_blobs=2218 nmethods=1917 adapters=237 free_code_cache=29065Kb largest_free_block=29761408

Compilation events (10 events):
Event: 109.072 Thread 0x023a9400 1945             org.geotools.feature.NameImpl::<init> (9 bytes)
Event: 109.072 Thread 0x023a9400 nmethod 1945 0x027aca88 code [0x027acb80, 0x027acc30]
Event: 109.089 Thread 0x023a9400 1946             javax.swing.ImageIcon::getIconWidth (5 bytes)
Event: 109.089 Thread 0x023a9400 nmethod 1946 0x027acc88 code [0x027acd80, 0x027ace00]
Event: 110.121 Thread 0x023a9400 1947             sun.misc.FloatingDecimal::<init> (47 bytes)
Event: 110.121 Thread 0x023a9400 nmethod 1947 0x027ace48 code [0x027acf40, 0x027ad000]
Event: 110.121 Thread 0x023a9400 1948             sun.awt.image.SunVolatileImage::contentsLost (8 bytes)
Event: 110.121 Thread 0x023a9400 nmethod 1948 0x027ad048 code [0x027ad140, 0x027ad1d0]
Event: 110.278 Thread 0x023a9400 1949             sun.font.Font2D::getStrike (177 bytes)
Event: 110.280 Thread 0x023a9400 nmethod 1949 0x027ad248 code [0x027ad420, 0x027ada24]

GC Heap History (10 events):
Event: 84.423 GC heap before
{Heap before GC invocations=42 (full 8):
 def new generation   total 36672K, used 36252K [0x24000000, 0x267c0000, 0x29550000)
  eden space 32640K,  99% used [0x24000000, 0x25fb3568, 0x25fe0000)
  from space 4032K,  94% used [0x263d0000, 0x26783c48, 0x267c0000)
  to   space 4032K,   0% used [0x25fe0000, 0x25fe0000, 0x263d0000)
 tenured generation   total 81052K, used 75251K [0x29550000, 0x2e477000, 0x34000000)
   the space 81052K,  92% used [0x29550000, 0x2decccc0, 0x2decce00, 0x2e477000)
 compacting perm gen  total 12288K, used 10929K [0x34000000, 0x34c00000, 0x38000000)
   the space 12288K,  88% used [0x34000000, 0x34aac428, 0x34aac600, 0x34c00000)
    ro space 10240K,  42% used [0x38000000, 0x38434778, 0x38434800, 0x38a00000)
    rw space 12288K,  52% used [0x38a00000, 0x39049a68, 0x39049c00, 0x39600000)
Event: 84.425 GC heap after
Heap after GC invocations=43 (full 8):
 def new generation   total 36672K, used 2999K [0x24000000, 0x267c0000, 0x29550000)
  eden space 32640K,   0% used [0x24000000, 0x24000000, 0x25fe0000)
  from space 4032K,  74% used [0x25fe0000, 0x262cddd0, 0x263d0000)
  to   space 4032K,   0% used [0x263d0000, 0x263d0000, 0x267c0000)
 tenured generation   total 81052K, used 76712K [0x29550000, 0x2e477000, 0x34000000)
   the space 81052K,  94% used [0x29550000, 0x2e03a3c8, 0x2e03a400, 0x2e477000)
 compacting perm gen  total 12288K, used 10929K [0x34000000, 0x34c00000, 0x38000000)
   the space 12288K,  88% used [0x34000000, 0x34aac428, 0x34aac600, 0x34c00000)
    ro space 10240K,  42% used [0x38000000, 0x38434778, 0x38434800, 0x38a00000)
    rw space 12288K,  52% used [0x38a00000, 0x39049a68, 0x39049c00, 0x39600000)
}
Event: 90.870 GC heap before
{Heap before GC invocations=43 (full 8):
 def new generation   total 36672K, used 35639K [0x24000000, 0x267c0000, 0x29550000)
  eden space 32640K, 100% used [0x24000000, 0x25fe0000, 0x25fe0000)
  from space 4032K,  74% used [0x25fe0000, 0x262cddd0, 0x263d0000)
  to   space 4032K,   0% used [0x263d0000, 0x263d0000, 0x267c0000)
 tenured generation   total 81052K, used 76712K [0x29550000, 0x2e477000, 0x34000000)
   the space 81052K,  94% used [0x29550000, 0x2e03a3c8, 0x2e03a400, 0x2e477000)
 compacting perm gen  total 12288K, used 10929K [0x34000000, 0x34c00000, 0x38000000)
   the space 12288K,  88% used [0x34000000, 0x34aac4a8, 0x34aac600, 0x34c00000)
    ro space 10240K,  42% used [0x38000000, 0x38434778, 0x38434800, 0x38a00000)
    rw space 12288K,  52% used [0x38a00000, 0x39049a68, 0x39049c00, 0x39600000)
Event: 90.873 GC heap after
Heap after GC invocations=44 (full 8):
 def new generation   total 36672K, used 3401K [0x24000000, 0x267c0000, 0x29550000)
  eden space 32640K,   0% used [0x24000000, 0x24000000, 0x25fe0000)
  from space 4032K,  84% used [0x263d0000, 0x26722770, 0x267c0000)
  to   space 4032K,   0% used [0x25fe0000, 0x25fe0000, 0x263d0000)
 tenured generation   total 81052K, used 76873K [0x29550000, 0x2e477000, 0x34000000)
   the space 81052K,  94% used [0x29550000, 0x2e0626d0, 0x2e062800, 0x2e477000)
 compacting perm gen  total 12288K, used 10929K [0x34000000, 0x34c00000, 0x38000000)
   the space 12288K,  88% used [0x34000000, 0x34aac4a8, 0x34aac600, 0x34c00000)
    ro space 10240K,  42% used [0x38000000, 0x38434778, 0x38434800, 0x38a00000)
    rw space 12288K,  52% used [0x38a00000, 0x39049a68, 0x39049c00, 0x39600000)
}
Event: 95.670 GC heap before
{Heap before GC invocations=44 (full 8):
 def new generation   total 36672K, used 34887K [0x24000000, 0x267c0000, 0x29550000)
  eden space 32640K,  96% used [0x24000000, 0x25ebf498, 0x25fe0000)
  from space 4032K,  84% used [0x263d0000, 0x26722770, 0x267c0000)
  to   space 4032K,   0% used [0x25fe0000, 0x25fe0000, 0x263d0000)
 tenured generation   total 81052K, used 76873K [0x29550000, 0x2e477000, 0x34000000)
   the space 81052K,  94% used [0x29550000, 0x2e0626d0, 0x2e062800, 0x2e477000)
 compacting perm gen  total 12288K, used 10930K [0x34000000, 0x34c00000, 0x38000000)
   the space 12288K,  88% used [0x34000000, 0x34aacb80, 0x34aacc00, 0x34c00000)
    ro space 10240K,  42% used [0x38000000, 0x38434778, 0x38434800, 0x38a00000)
    rw space 12288K,  52% used [0x38a00000, 0x39049a68, 0x39049c00, 0x39600000)
Event: 95.743 GC heap after
Heap after GC invocations=45 (full 9):
 def new generation   total 36608K, used 0K [0x24000000, 0x267b0000, 0x29550000)
  eden space 32576K,   0% used [0x24000000, 0x24000000, 0x25fd0000)
  from space 4032K,   0% used [0x25fd0000, 0x25fd0000, 0x263c0000)
  to   space 4032K,   0% used [0x263c0000, 0x263c0000, 0x267b0000)
 tenured generation   total 81052K, used 39218K [0x29550000, 0x2e477000, 0x34000000)
   the space 81052K,  48% used [0x29550000, 0x2bb9cae8, 0x2bb9cc00, 0x2e477000)
 compacting perm gen  total 12288K, used 10930K [0x34000000, 0x34c00000, 0x38000000)
   the space 12288K,  88% used [0x34000000, 0x34aacb80, 0x34aacc00, 0x34c00000)
    ro space 10240K,  42% used [0x38000000, 0x38434778, 0x38434800, 0x38a00000)
    rw space 12288K,  52% used [0x38a00000, 0x39049a68, 0x39049c00, 0x39600000)
}
Event: 95.878 GC heap before
{Heap before GC invocations=45 (full 9):
 def new generation   total 36608K, used 32576K [0x24000000, 0x267b0000, 0x29550000)
  eden space 32576K, 100% used [0x24000000, 0x25fd0000, 0x25fd0000)
  from space 4032K,   0% used [0x25fd0000, 0x25fd0000, 0x263c0000)
  to   space 4032K,   0% used [0x263c0000, 0x263c0000, 0x267b0000)
 tenured generation   total 81052K, used 39218K [0x29550000, 0x2e477000, 0x34000000)
   the space 81052K,  48% used [0x29550000, 0x2bb9cae8, 0x2bb9cc00, 0x2e477000)
 compacting perm gen  total 12288K, used 10930K [0x34000000, 0x34c00000, 0x38000000)
   the space 12288K,  88% used [0x34000000, 0x34aacb80, 0x34aacc00, 0x34c00000)
    ro space 10240K,  42% used [0x38000000, 0x38434778, 0x38434800, 0x38a00000)
    rw space 12288K,  52% used [0x38a00000, 0x39049a68, 0x39049c00, 0x39600000)
Event: 95.882 GC heap after
Heap after GC invocations=46 (full 9):
 def new generation   total 36608K, used 3995K [0x24000000, 0x267b0000, 0x29550000)
  eden space 32576K,   0% used [0x24000000, 0x24000000, 0x25fd0000)
  from space 4032K,  99% used [0x263c0000, 0x267a6d20, 0x267b0000)
  to   space 4032K,   0% used [0x25fd0000, 0x25fd0000, 0x263c0000)
 tenured generation   total 81052K, used 49683K [0x29550000, 0x2e477000, 0x34000000)
   the space 81052K,  61% used [0x29550000, 0x2c5d4d98, 0x2c5d4e00, 0x2e477000)
 compacting perm gen  total 12288K, used 10930K [0x34000000, 0x34c00000, 0x38000000)
   the space 12288K,  88% used [0x34000000, 0x34aacb80, 0x34aacc00, 0x34c00000)
    ro space 10240K,  42% used [0x38000000, 0x38434778, 0x38434800, 0x38a00000)
    rw space 12288K,  52% used [0x38a00000, 0x39049a68, 0x39049c00, 0x39600000)
}
Event: 96.044 GC heap before
{Heap before GC invocations=46 (full 9):
 def new generation   total 36608K, used 36571K [0x24000000, 0x267b0000, 0x29550000)
  eden space 32576K, 100% used [0x24000000, 0x25fd0000, 0x25fd0000)
  from space 4032K,  99% used [0x263c0000, 0x267a6d20, 0x267b0000)
  to   space 4032K,   0% used [0x25fd0000, 0x25fd0000, 0x263c0000)
 tenured generation   total 81052K, used 49683K [0x29550000, 0x2e477000, 0x34000000)
   the space 81052K,  61% used [0x29550000, 0x2c5d4d98, 0x2c5d4e00, 0x2e477000)
 compacting perm gen  total 12288K, used 10930K [0x34000000, 0x34c00000, 0x38000000)
   the space 12288K,  88% used [0x34000000, 0x34aacba0, 0x34aacc00, 0x34c00000)
    ro space 10240K,  42% used [0x38000000, 0x38434778, 0x38434800, 0x38a00000)
    rw space 12288K,  52% used [0x38a00000, 0x39049a68, 0x39049c00, 0x39600000)
Event: 96.048 GC heap after
Heap after GC invocations=47 (full 9):
 def new generation   total 36608K, used 4023K [0x24000000, 0x267b0000, 0x29550000)
  eden space 32576K,   0% used [0x24000000, 0x24000000, 0x25fd0000)
  from space 4032K,  99% used [0x25fd0000, 0x263bdf18, 0x263c0000)
  to   space 4032K,   0% used [0x263c0000, 0x263c0000, 0x267b0000)
 tenured generation   total 81052K, used 54544K [0x29550000, 0x2e477000, 0x34000000)
   the space 81052K,  67% used [0x29550000, 0x2ca94388, 0x2ca94400, 0x2e477000)
 compacting perm gen  total 12288K, used 10930K [0x34000000, 0x34c00000, 0x38000000)
   the space 12288K,  88% used [0x34000000, 0x34aacba0, 0x34aacc00, 0x34c00000)
    ro space 10240K,  42% used [0x38000000, 0x38434778, 0x38434800, 0x38a00000)
    rw space 12288K,  52% used [0x38a00000, 0x39049a68, 0x39049c00, 0x39600000)
}

Deoptimization events (0 events):
No events

Internal exceptions (10 events):
Event: 83.720 Thread 0x04c6ec00 Threw 0x248ed5f8 at C:\re\jdk7u60\1081\hotspot\src\share\vm\prims\jvm.cpp:1244
Event: 89.379 Thread 0x04f93000 Threw 0x253f6580 at C:\re\jdk7u60\1081\hotspot\src\share\vm\prims\jvm.cpp:2917
Event: 92.322 Thread 0x04f93000 Threw 0x2597fb20 at C:\re\jdk7u60\1081\hotspot\src\share\vm\prims\jvm.cpp:2917
Event: 94.503 Thread 0x04f95000 Threw 0x25a1a130 at C:\re\jdk7u60\1081\hotspot\src\share\vm\prims\jvm.cpp:2917
Event: 96.070 Thread 0x04f93c00 Threw 0x241e1818 at C:\re\jdk7u60\1081\hotspot\src\share\vm\interpreter\interpreterRuntime.cpp:362
Event: 96.155 Thread 0x04f94000 Threw 0x241ebe60 at C:\re\jdk7u60\1081\hotspot\src\share\vm\prims\jvm.cpp:2917
Event: 100.073 Thread 0x04f92800 Threw 0x24308708 at C:\re\jdk7u60\1081\hotspot\src\share\vm\prims\jvm.cpp:2917
Event: 101.625 Thread 0x04f95000 Threw 0x24c1a4e0 at C:\re\jdk7u60\1081\hotspot\src\share\vm\prims\jvm.cpp:2917
Event: 110.140 Thread 0x04f92800 Threw 0x25c63328 at C:\re\jdk7u60\1081\hotspot\src\share\vm\prims\jvm.cpp:2917
Event: 110.305 Thread 0x04f92800 Threw 0x25c823b8 at C:\re\jdk7u60\1081\hotspot\src\share\vm\prims\jvm.cpp:2917

Events (10 events):
Event: 110.880 loading class 0x39670c20
Event: 110.880 Executing VM operation: RevokeBias
Event: 110.880 Executing VM operation: RevokeBias done
Event: 110.880 Thread 0x04f93c00 Thread exited: 0x04f93c00
Event: 110.880 Thread 0x04f95400 Thread exited: 0x04f95400
Event: 110.880 loading class 0x39670c20 done
Event: 110.880 Thread 0x04f94800 Thread exited: 0x04f94800
Event: 110.885 Thread 0x04c26400 Thread exited: 0x04c26400
Event: 110.981 Thread 0x04f94000 Thread exited: 0x04f94000
Event: 110.981 Executing VM operation: Exit


Dynamic libraries:
0x00a70000 - 0x00a9f000 	C:\Program Files (x86)\Java\jre7\bin\javaw.exe
0x76fe0000 - 0x77137000 	C:\Windows\SYSTEM32\ntdll.dll
0x74690000 - 0x747c0000 	C:\Windows\SYSTEM32\KERNEL32.DLL
0x76a80000 - 0x76b27000 	C:\Windows\SYSTEM32\KERNELBASE.dll
0x747c0000 - 0x7486e000 	C:\Windows\SYSTEM32\ADVAPI32.dll
0x764f0000 - 0x76606000 	C:\Windows\SYSTEM32\USER32.dll
0x73130000 - 0x73328000 	C:\Windows\WinSxS\x86_microsoft.windows.common-controls_6595b64144ccf1df_6.0.9200.16579_none_8937eec6860750f5\COMCTL32.dll
0x76000000 - 0x760b1000 	C:\Windows\SYSTEM32\msvcrt.dll
0x74870000 - 0x748a4000 	C:\Windows\SYSTEM32\sechost.dll
0x760c0000 - 0x7616c000 	C:\Windows\SYSTEM32\RPCRT4.dll
0x748b0000 - 0x749ad000 	C:\Windows\SYSTEM32\GDI32.dll
0x745d0000 - 0x745ed000 	C:\Windows\SYSTEM32\SspiCli.dll
0x745c0000 - 0x745c9000 	C:\Windows\SYSTEM32\CRYPTBASE.dll
0x74560000 - 0x745b1000 	C:\Windows\SYSTEM32\bcryptPrimitives.dll
0x762e0000 - 0x76300000 	C:\Windows\system32\IMM32.DLL
0x76680000 - 0x7675e000 	C:\Windows\SYSTEM32\MSCTF.dll
0x5f9e0000 - 0x5fa9f000 	C:\Program Files (x86)\Java\jre7\bin\msvcr100.dll
0x6f250000 - 0x6f5d8000 	C:\Program Files (x86)\Java\jre7\bin\client\jvm.dll
0x71c10000 - 0x71c18000 	C:\Windows\SYSTEM32\WSOCK32.dll
0x71fb0000 - 0x71fd1000 	C:\Windows\SYSTEM32\WINMM.dll
0x76300000 - 0x76306000 	C:\Windows\SYSTEM32\PSAPI.DLL
0x75f80000 - 0x75fd0000 	C:\Windows\SYSTEM32\WS2_32.dll
0x71c70000 - 0x71c9b000 	C:\Windows\SYSTEM32\WINMMBASE.dll
0x75ff0000 - 0x75ff8000 	C:\Windows\SYSTEM32\NSI.dll
0x76b30000 - 0x76b76000 	C:\Windows\SYSTEM32\cfgmgr32.dll
0x75f00000 - 0x75f1e000 	C:\Windows\SYSTEM32\DEVOBJ.dll
0x720a0000 - 0x720ac000 	C:\Program Files (x86)\Java\jre7\bin\verify.dll
0x71910000 - 0x71930000 	C:\Program Files (x86)\Java\jre7\bin\java.dll
0x718d0000 - 0x718e3000 	C:\Program Files (x86)\Java\jre7\bin\zip.dll
0x5e360000 - 0x5e4a3000 	C:\Program Files (x86)\Java\jre7\bin\awt.dll
0x76c00000 - 0x76c8b000 	C:\Windows\SYSTEM32\OLEAUT32.dll
0x76de0000 - 0x76f16000 	C:\Windows\SYSTEM32\combase.dll
0x72dd0000 - 0x72e77000 	C:\Windows\system32\apphelp.dll
0x71a40000 - 0x71a59000 	C:\Windows\system32\DWMAPI.DLL
0x726b0000 - 0x72738000 	C:\Windows\system32\uxtheme.dll
0x76760000 - 0x76879000 	C:\Windows\SYSTEM32\ole32.dll
0x74da0000 - 0x75e66000 	C:\Windows\SYSTEM32\SHELL32.dll
0x75f40000 - 0x75f80000 	C:\Windows\SYSTEM32\SHLWAPI.dll
0x73330000 - 0x733a3000 	C:\Windows\SYSTEM32\shcore.dll
0x5f9a0000 - 0x5f9d9000 	C:\Program Files (x86)\Java\jre7\bin\fontmanager.dll
0x718b0000 - 0x718c4000 	C:\Program Files (x86)\Java\jre7\bin\net.dll
0x72e80000 - 0x72eca000 	C:\Windows\system32\mswsock.dll
0x718a0000 - 0x718af000 	C:\Program Files (x86)\Java\jre7\bin\nio.dll
0x5e330000 - 0x5e360000 	C:\Program Files (x86)\Java\jre7\bin\t2k.dll
0x76b80000 - 0x76bf4000 	C:\Windows\SYSTEM32\clbcatq.dll
0x6a8a0000 - 0x6a9eb000 	C:\Windows\SYSTEM32\WindowsCodecs.dll
0x76dc0000 - 0x76dd1000 	C:\Windows\SYSTEM32\profapi.dll
0x5e300000 - 0x5e324000 	C:\Program Files (x86)\Java\jre7\bin\dcpr.dll
0x5e290000 - 0x5e2fd000 	C:\binaries\terrajava.dll
0x5e1a0000 - 0x5e287000 	C:\binaries\terramanager-funcate.dll
0x573f0000 - 0x57c96000 	C:\binaries\terralib.dll
0x64af0000 - 0x64b59000 	C:\Windows\SYSTEM32\MSVCP100.dll
0x6d880000 - 0x6db4c000 	C:\binaries\bgd.dll
0x5f980000 - 0x5f99b000 	C:\binaries\terraogc_xml.dll
0x5e180000 - 0x5e19d000 	C:\binaries\terraogc_sld.dll
0x5e150000 - 0x5e176000 	C:\binaries\terraogc_se.dll
0x5e110000 - 0x5e146000 	C:\binaries\terraogc_filter.dll
0x5da60000 - 0x5dab2000 	C:\binaries\terraogc_ows.dll
0x5e0f0000 - 0x5e109000 	C:\binaries\terraogc_common.dll
0x5da50000 - 0x5da5b000 	C:\binaries\terralib_shp.dll
0x5da40000 - 0x5da4e000 	C:\binaries\terralib_spl.dll
0x06160000 - 0x06556000 	C:\binaries\qt-mt338.dll
0x613d0000 - 0x6149e000 	C:\Windows\SYSTEM32\OPENGL32.dll
0x613a0000 - 0x613c3000 	C:\Windows\SYSTEM32\GLU32.dll
0x597c0000 - 0x5983f000 	C:\binaries\qwt500.dll
0x0f3f0000 - 0x113ef000 	C:\binaries\berkelium.dll
0x06560000 - 0x066a1000 	C:\binaries\LIBMYSQL.dll
0x63100000 - 0x63121000 	C:\binaries\LIBPQ.dll
0x066b0000 - 0x06711000 	C:\binaries\OCI.dll
0x59730000 - 0x597ba000 	C:\binaries\libtiff.dll
0x56580000 - 0x56d52000 	C:\binaries\gdal110.dll
0x12000000 - 0x121dc000 	C:\binaries\xerces-c_3_1.dll
0x596d0000 - 0x59725000 	C:\binaries\terraogc_wms.dll
0x59670000 - 0x596c3000 	C:\binaries\terraogc_gml.dll
0x59620000 - 0x59661000 	C:\binaries\terraogc_xsd.dll
0x5a810000 - 0x5a830000 	C:\binaries\terraogc_xacml.dll
0x71f30000 - 0x71f90000 	C:\Windows\SYSTEM32\WINSPOOL.DRV
0x7c340000 - 0x7c396000 	C:\Windows\SYSTEM32\MSVCR71.dll
0x608a0000 - 0x60979000 	C:\Windows\SYSTEM32\DDRAW.dll
0x727a0000 - 0x727a9000 	C:\Windows\SYSTEM32\Secur32.dll
0x75f20000 - 0x75f3b000 	C:\Windows\SYSTEM32\USERENV.dll
0x71520000 - 0x71570000 	C:\Windows\SYSTEM32\OLEACC.dll
0x54200000 - 0x54276000 	C:\Windows\SYSTEM32\RICHED20.dll
0x72ee0000 - 0x72ee8000 	C:\Windows\SYSTEM32\VERSION.dll
0x720b0000 - 0x720c4000 	C:\Windows\SYSTEM32\USP10.dll
0x72c50000 - 0x72cc5000 	C:\Windows\SYSTEM32\DNSAPI.dll
0x067c0000 - 0x0686a000 	C:\Windows\libeay32.dll
0x06870000 - 0x0687d000 	C:\binaries\libintl-2.dll
0x72ed0000 - 0x72ed6000 	C:\Windows\SYSTEM32\SHFOLDER.DLL
0x06880000 - 0x068a6000 	C:\Windows\ssleay32.dll
0x068b0000 - 0x068d6000 	C:\binaries\libexpat.dll
0x60770000 - 0x60811000 	C:\Windows\SYSTEM32\ODBC32.dll
0x60760000 - 0x60767000 	C:\Windows\SYSTEM32\DCIMAN32.dll
0x663b0000 - 0x663db000 	C:\Windows\SYSTEM32\msls31.dll
0x06930000 - 0x06a0b000 	C:\binaries\libiconv-2.dll
0x6f600000 - 0x6f61d000 	C:\Windows\SYSTEM32\gpapi.dll
0x74530000 - 0x74556000 	C:\Windows\SYSTEM32\ntmarta.dll
0x54e60000 - 0x55708000 	C:\binaries\icudt46.dll
0x53850000 - 0x53979000 	C:\Windows\SYSTEM32\dbghelp.dll
0x72040000 - 0x72050000 	C:\Windows\system32\napinsp.dll
0x72020000 - 0x72034000 	C:\Windows\system32\pnrpnsp.dll
0x72010000 - 0x72020000 	C:\Windows\system32\NLAapi.dll
0x72000000 - 0x72009000 	C:\Windows\System32\winrnr.dll
0x71ac0000 - 0x71ad0000 	C:\Windows\system32\wshbth.dll
0x726a0000 - 0x726a7000 	C:\Windows\System32\rasadhlp.dll
0x71c30000 - 0x71c6f000 	C:\Windows\System32\fwpuclnt.dll
0x72cd0000 - 0x72cf0000 	C:\Windows\SYSTEM32\IPHLPAPI.DLL
0x72c40000 - 0x72c48000 	C:\Windows\SYSTEM32\WINNSI.DLL
0x730d0000 - 0x730ea000 	C:\Windows\SYSTEM32\CRYPTSP.dll
0x73090000 - 0x730ce000 	C:\Windows\system32\rsaenh.dll
0x72c30000 - 0x72c40000 	C:\Windows\SYSTEM32\dhcpcsvc6.DLL
0x72c10000 - 0x72c22000 	C:\Windows\SYSTEM32\dhcpcsvc.DLL
0x595f0000 - 0x59615000 	C:\Program Files (x86)\Java\jre7\bin\jpeg.dll
0x71ea0000 - 0x71f22000 	C:\Windows\SYSTEM32\WINHTTP.dll

VM Arguments:
jvm_args: -Dfile.encoding=ISO-8859-1 
java_command: com.nexusbr.gv.main.ConnectDBMain
Launcher Type: SUN_STANDARD

Environment Variables:
JAVA_HOME=C:\Program Files (x86)\Java\jre7
PATH=C:/Program Files (x86)/Java/jre7/bin/client;C:/Program Files (x86)/Java/jre7/bin;C:/Program Files (x86)/Java/jre7/lib/i386;C:\Program Files (x86)\PHP\;c:\Program Files (x86)\Intel\iCLS Client\;c:\Program Files\Intel\iCLS Client\;C:\Windows\system32;C:\Windows;C:\Windows\System32\Wbem;C:\Windows\System32\WindowsPowerShell\v1.0\;C:\Program Files\Intel\Intel(R) Management Engine Components\DAL;C:\Program Files\Intel\Intel(R) Management Engine Components\IPT;C:\Program Files (x86)\Intel\Intel(R) Management Engine Components\DAL;C:\Program Files (x86)\Intel\Intel(R) Management Engine Components\IPT;C:\Program Files (x86)\Intel\OpenCL SDK\3.0\bin\x86;C:\Program Files (x86)\Intel\OpenCL SDK\3.0\bin\x64;C:\Program Files (x86)\Windows Live\Shared;C:\binaries;c:\Program Files (x86)\Microsoft SQL Server\100\Tools\Binn\;c:\Program Files\Microsoft SQL Server\100\Tools\Binn\;c:\Program Files\Microsoft SQL Server\100\DTS\Binn\;C:\strawberry\c\bin;C:\strawberry\perl\site\bin;C:\strawberry\perl\bin;C:\Program Files (x86)\Microsoft SQL Server\110\Tools\Binn\ManagementStudio\;C:\Program Files (x86)\Microsoft SQL Server\110\Tools\Binn\;C:\Program Files\Microsoft SQL Server\110\Tools\Binn\;C:\Program Files (x86)\Microsoft SQL Server\110\DTS\Binn\;C:\Program Files\TortoiseSVN\bin;C:\Python34;C:\Program Files (x86)\Java\jre7\bin;C:\eclipse;
USERNAME=inacio
OS=Windows_NT
PROCESSOR_IDENTIFIER=Intel64 Family 6 Model 69 Stepping 1, GenuineIntel



---------------  S Y S T E M  ---------------

OS: Windows 8 , 64 bit Build 9200 

CPU:total 4 (2 cores per cpu, 2 threads per core) family 6 model 69 stepping 1, cmov, cx8, fxsr, mmx, sse, sse2, sse3, ssse3, sse4.1, sse4.2, popcnt, avx, avx2, aes, erms, ht, tsc, tscinvbit

Memory: 4k page, physical 8290700k(4531996k free), swap 9535884k(4409176k free)

vm_info: Java HotSpot(TM) Client VM (24.60-b09) for windows-x86 JRE (1.7.0_60-b19), built on May  7 2014 13:09:52 by "java_re" with unknown MS VC++:1600

time: Thu Jul 03 10:18:48 2014
elapsed time: 111 seconds

