#
# A fatal error has been detected by the Java Runtime Environment:
#
#  EXCEPTION_ACCESS_VIOLATION (0xc0000005) at pc=0x0fbb9052, pid=10080, tid=9288
#
# JRE version: Java(TM) SE Runtime Environment (7.0_60-b19) (build 1.7.0_60-b19)
# Java VM: Java HotSpot(TM) Client VM (24.60-b09 mixed mode, sharing windows-x86 )
# Problematic frame:
# C  [berkelium.dll+0xa39052]
#
# Failed to write core dump. Minidumps are not enabled by default on client versions of Windows
#
# If you would like to submit a bug report, please visit:
#   http://bugreport.sun.com/bugreport/crash.jsp
#

---------------  T H R E A D  ---------------

Current thread (0x029ffc00):  VMThread [stack: 0x04c20000,0x04c70000] [id=9288]

siginfo: ExceptionCode=0xc0000005, reading address 0x000000f8

Registers:
EAX=0x04c6f0c4, EBX=0x000493e0, ECX=0x04c6f0c4, EDX=0x9fb26868
ESP=0x04c6f0b4, EBP=0x00000078, ESI=0x00000000, EDI=0xb1940b68
EIP=0x0fbb9052, EFLAGS=0x00010206

Top of Stack: (sp=0x04c6f0b4)
0x04c6f0b4:   075e4168 075e4168 0753ab00 00000000
0x04c6f0c4:   9fb26868 00000078 075d3a20 075dc900
0x04c6f0d4:   00000000 00000000 00000000 74616401
0x04c6f0e4:   69642d61 07840072 00000023 0000002f
0x04c6f0f4:   00000000 07567070 002e5be4 075e4000
0x04c6f104:   0753ab44 ffffff00 0f1ebf20 10d09778
0x04c6f114:   070b0030 00000000 0000000f 10d0a730
0x04c6f124:   00000001 0f1e9783 00000008 00000001 

Instructions: (pc=0x0fbb9052)
0x0fbb9032:   03 00 00 57 53 e8 f4 c8 60 ff 8b ea 8d 54 24 10
0x0fbb9042:   52 8b f8 e8 26 ca 00 00 83 c4 04 03 38 13 68 04
0x0fbb9052:   8b 86 f8 00 00 00 0b 86 fc 00 00 00 89 7c 24 20
0x0fbb9062:   89 6c 24 24 75 3e 39 84 24 d4 00 00 00 7f 35 7c 


Register to memory mapping:

EAX=
[error occurred during error reporting (printing register info), id 0xc0000005]

Stack: [0x04c20000,0x04c70000],  sp=0x04c6f0b4,  free space=316k
Native frames: (J=compiled Java code, j=interpreted, Vv=VM code, C=native code)
C  [berkelium.dll+0xa39052]

[error occurred during error reporting (printing native stack), id 0xc0000005]

VM_Operation (0x061ce820): Exit, mode: safepoint, requested by thread 0x05d47000


---------------  P R O C E S S  ---------------

Java Threads: ( => current thread )
  0x092f3000 JavaThread "Thread-65" [_thread_in_native, id=9032, stack(0x09cc0000,0x09d10000)]
  0x092f4800 JavaThread "Thread-64" [_thread_blocked, id=8204, stack(0x09c30000,0x09c80000)]
  0x05046000 JavaThread "Thread-63" [_thread_blocked, id=10264, stack(0x09ba0000,0x09bf0000)]
  0x05045800 JavaThread "Thread-62" [_thread_in_native, id=8480, stack(0x09b10000,0x09b60000)]
  0x05045400 JavaThread "Thread-61" [_thread_in_native, id=10048, stack(0x09a80000,0x09ad0000)]
  0x05044c00 JavaThread "Thread-60" [_thread_in_native, id=9980, stack(0x099f0000,0x09a40000)]
  0x05047400 JavaThread "Thread-59" [_thread_in_native, id=1212, stack(0x09960000,0x099b0000)]
  0x05044800 JavaThread "Thread-58" [_thread_blocked, id=10840, stack(0x098d0000,0x09920000)]
  0x05046c00 JavaThread "Thread-57" [_thread_blocked, id=9576, stack(0x089b0000,0x08a00000)]
  0x05046400 JavaThread "Thread-56" [_thread_blocked, id=7124, stack(0x08920000,0x08970000)]
  0x05047800 JavaThread "Thread-55" [_thread_blocked, id=10700, stack(0x08890000,0x088e0000)]
  0x05044000 JavaThread "Thread-54" [_thread_blocked, id=5928, stack(0x08800000,0x08850000)]
  0x06057800 JavaThread "Thread-53" [_thread_blocked, id=9968, stack(0x08770000,0x087c0000)]
  0x06056800 JavaThread "Thread-52" [_thread_blocked, id=1904, stack(0x086e0000,0x08730000)]
  0x06055800 JavaThread "Thread-51" [_thread_blocked, id=10900, stack(0x08320000,0x08370000)]
  0x06055000 JavaThread "Thread-50" [_thread_blocked, id=10596, stack(0x08290000,0x082e0000)]
  0x06057c00 JavaThread "Thread-49" [_thread_blocked, id=8420, stack(0x080c0000,0x08110000)]
  0x06057000 JavaThread "Thread-48" [_thread_blocked, id=10984, stack(0x08030000,0x08080000)]
  0x06054400 JavaThread "Image Fetcher 3" daemon [_thread_blocked, id=7536, stack(0x08200000,0x08250000)]
  0x06056400 JavaThread "Image Animator 1" daemon [_thread_blocked, id=10272, stack(0x08150000,0x081a0000)]
  0x06054c00 JavaThread "WeakCollectionCleaner" daemon [_thread_blocked, id=5268, stack(0x09840000,0x09890000)]
  0x06067c00 JavaThread "TimerQueue" daemon [_thread_blocked, id=5908, stack(0x07fa0000,0x07ff0000)]
  0x00f1e000 JavaThread "DestroyJavaVM" [_thread_blocked, id=9632, stack(0x01000000,0x01050000)]
  0x05d47000 JavaThread "AWT-EventQueue-0" [_thread_blocked, id=3372, stack(0x06180000,0x061d0000)]
  0x051f9c00 JavaThread "AWT-Shutdown" [_thread_blocked, id=10940, stack(0x05850000,0x058a0000)]
  0x051f8800 JavaThread "Java2D Disposer" daemon [_thread_blocked, id=10372, stack(0x057c0000,0x05810000)]
  0x02a79000 JavaThread "Service Thread" daemon [_thread_blocked, id=5160, stack(0x04f40000,0x04f90000)]
  0x02a74c00 JavaThread "C1 CompilerThread0" daemon [_thread_blocked, id=5380, stack(0x04eb0000,0x04f00000)]
  0x02a73000 JavaThread "Attach Listener" daemon [_thread_blocked, id=4032, stack(0x04e20000,0x04e70000)]
  0x02a70c00 JavaThread "Signal Dispatcher" daemon [_thread_blocked, id=6336, stack(0x04d90000,0x04de0000)]
  0x02a02800 JavaThread "Finalizer" daemon [_thread_blocked, id=8344, stack(0x04d00000,0x04d50000)]
  0x02a01000 JavaThread "Reference Handler" daemon [_thread_blocked, id=1660, stack(0x04c70000,0x04cc0000)]

Other Threads:
=>0x029ffc00 VMThread [stack: 0x04c20000,0x04c70000] [id=9288]

VM state:at safepoint (shutting down)

VM Mutex/Monitor currently owned by a thread:  ([mutex/lock_event])
[0x00f1c468] Threads_lock - owner thread: 0x029ffc00

Heap
 def new generation   total 22464K, used 13992K [0x24000000, 0x25850000, 0x29550000)
  eden space 20032K,  57% used [0x24000000, 0x24b4c278, 0x25390000)
  from space 2432K,  99% used [0x255f0000, 0x2584e178, 0x25850000)
  to   space 2432K,   0% used [0x25390000, 0x25390000, 0x255f0000)
 tenured generation   total 49696K, used 30968K [0x29550000, 0x2c5d8000, 0x34000000)
   the space 49696K,  62% used [0x29550000, 0x2b38e2e8, 0x2b38e400, 0x2c5d8000)
 compacting perm gen  total 12288K, used 8584K [0x34000000, 0x34c00000, 0x38000000)
   the space 12288K,  69% used [0x34000000, 0x34862150, 0x34862200, 0x34c00000)
    ro space 10240K,  42% used [0x38000000, 0x38434778, 0x38434800, 0x38a00000)
    rw space 12288K,  52% used [0x38a00000, 0x39049a68, 0x39049c00, 0x39600000)

Card table byte_map: [0x04b70000,0x04c20000] byte_map_base: 0x04a50000

Polling page: 0x00f00000

Code Cache  [0x02b70000, 0x02d50000, 0x04b70000)
 total_blobs=1156 nmethods=869 adapters=223 free_code_cache=30849Kb largest_free_block=31589248

Compilation events (10 events):
Event: 13.581 Thread 0x02a74c00  874             java.util.concurrent.locks.ReentrantLock$Sync::isHeldExclusively (16 bytes)
Event: 13.581 Thread 0x02a74c00 nmethod 874 0x02d4f288 code [0x02d4f380, 0x02d4f420]
Event: 13.889 Thread 0x02a74c00  875             sun.awt.image.SunVolatileImage::getWidth (5 bytes)
Event: 13.889 Thread 0x02a74c00 nmethod 875 0x02d4f488 code [0x02d4f580, 0x02d4f600]
Event: 13.889 Thread 0x02a74c00  876             sun.awt.image.SunVolatileImage::getHeight (5 bytes)
Event: 13.889 Thread 0x02a74c00 nmethod 876 0x02d4f648 code [0x02d4f740, 0x02d4f7c0]
Event: 14.292 Thread 0x02a74c00  877             java.awt.Rectangle::translate (197 bytes)
Event: 14.293 Thread 0x02a74c00 nmethod 877 0x02d4f808 code [0x02d4f900, 0x02d4fa60]
Event: 14.452 Thread 0x02a74c00  878             sun.awt.EventQueueItem::<init> (10 bytes)
Event: 14.452 Thread 0x02a74c00 nmethod 878 0x02d4fac8 code [0x02d4fbc0, 0x02d4fc50]

GC Heap History (10 events):
Event: 4.568 GC heap before
{Heap before GC invocations=14 (full 3):
 def new generation   total 13376K, used 10432K [0x24000000, 0x24e80000, 0x29550000)
  eden space 11904K,  87% used [0x24000000, 0x24a301b8, 0x24ba0000)
  from space 1472K,   0% used [0x24ba0000, 0x24ba0000, 0x24d10000)
  to   space 1472K,   0% used [0x24d10000, 0x24d10000, 0x24e80000)
 tenured generation   total 29616K, used 17768K [0x29550000, 0x2b23c000, 0x34000000)
   the space 29616K,  59% used [0x29550000, 0x2a6aa0c0, 0x2a6aa200, 0x2b23c000)
 compacting perm gen  total 12288K, used 8564K [0x34000000, 0x34c00000, 0x38000000)
   the space 12288K,  69% used [0x34000000, 0x3485d378, 0x3485d400, 0x34c00000)
    ro space 10240K,  42% used [0x38000000, 0x38434778, 0x38434800, 0x38a00000)
    rw space 12288K,  52% used [0x38a00000, 0x39049a68, 0x39049c00, 0x39600000)
Event: 4.571 GC heap after
Heap after GC invocations=15 (full 3):
 def new generation   total 13376K, used 221K [0x24000000, 0x24e80000, 0x29550000)
  eden space 11904K,   0% used [0x24000000, 0x24000000, 0x24ba0000)
  from space 1472K,  15% used [0x24d10000, 0x24d47600, 0x24e80000)
  to   space 1472K,   0% used [0x24ba0000, 0x24ba0000, 0x24d10000)
 tenured generation   total 29616K, used 27020K [0x29550000, 0x2b23c000, 0x34000000)
   the space 29616K,  91% used [0x29550000, 0x2afb30a0, 0x2afb3200, 0x2b23c000)
 compacting perm gen  total 12288K, used 8564K [0x34000000, 0x34c00000, 0x38000000)
   the space 12288K,  69% used [0x34000000, 0x3485d378, 0x3485d400, 0x34c00000)
    ro space 10240K,  42% used [0x38000000, 0x38434778, 0x38434800, 0x38a00000)
    rw space 12288K,  52% used [0x38a00000, 0x39049a68, 0x39049c00, 0x39600000)
}
Event: 4.573 GC heap before
{Heap before GC invocations=15 (full 3):
 def new generation   total 13376K, used 9562K [0x24000000, 0x24e80000, 0x29550000)
  eden space 11904K,  78% used [0x24000000, 0x2491f2a0, 0x24ba0000)
  from space 1472K,  15% used [0x24d10000, 0x24d47600, 0x24e80000)
  to   space 1472K,   0% used [0x24ba0000, 0x24ba0000, 0x24d10000)
 tenured generation   total 29616K, used 27020K [0x29550000, 0x2b23c000, 0x34000000)
   the space 29616K,  91% used [0x29550000, 0x2afb30a0, 0x2afb3200, 0x2b23c000)
 compacting perm gen  total 12288K, used 8564K [0x34000000, 0x34c00000, 0x38000000)
   the space 12288K,  69% used [0x34000000, 0x3485d378, 0x3485d400, 0x34c00000)
    ro space 10240K,  42% used [0x38000000, 0x38434778, 0x38434800, 0x38a00000)
    rw space 12288K,  52% used [0x38a00000, 0x39049a68, 0x39049c00, 0x39600000)
Event: 4.620 GC heap after
Heap after GC invocations=16 (full 4):
 def new generation   total 17920K, used 0K [0x24000000, 0x25370000, 0x29550000)
  eden space 15936K,   0% used [0x24000000, 0x24000000, 0x24f90000)
  from space 1984K,   0% used [0x24f90000, 0x24f90000, 0x25180000)
  to   space 1984K,   0% used [0x25180000, 0x25180000, 0x25370000)
 tenured generation   total 39712K, used 23825K [0x29550000, 0x2bc18000, 0x34000000)
   the space 39712K,  59% used [0x29550000, 0x2ac94550, 0x2ac94600, 0x2bc18000)
 compacting perm gen  total 12288K, used 8558K [0x34000000, 0x34c00000, 0x38000000)
   the space 12288K,  69% used [0x34000000, 0x3485bb60, 0x3485bc00, 0x34c00000)
    ro space 10240K,  42% used [0x38000000, 0x38434778, 0x38434800, 0x38a00000)
    rw space 12288K,  52% used [0x38a00000, 0x39049a68, 0x39049c00, 0x39600000)
}
Event: 5.657 GC heap before
{Heap before GC invocations=16 (full 4):
 def new generation   total 17920K, used 13260K [0x24000000, 0x25370000, 0x29550000)
  eden space 15936K,  83% used [0x24000000, 0x24cf3328, 0x24f90000)
  from space 1984K,   0% used [0x24f90000, 0x24f90000, 0x25180000)
  to   space 1984K,   0% used [0x25180000, 0x25180000, 0x25370000)
 tenured generation   total 39712K, used 23825K [0x29550000, 0x2bc18000, 0x34000000)
   the space 39712K,  59% used [0x29550000, 0x2ac94550, 0x2ac94600, 0x2bc18000)
 compacting perm gen  total 12288K, used 8578K [0x34000000, 0x34c00000, 0x38000000)
   the space 12288K,  69% used [0x34000000, 0x34860b30, 0x34860c00, 0x34c00000)
    ro space 10240K,  42% used [0x38000000, 0x38434778, 0x38434800, 0x38a00000)
    rw space 12288K,  52% used [0x38a00000, 0x39049a68, 0x39049c00, 0x39600000)
Event: 5.666 GC heap after
Heap after GC invocations=17 (full 4):
 def new generation   total 17920K, used 1865K [0x24000000, 0x25370000, 0x29550000)
  eden space 15936K,   0% used [0x24000000, 0x24000000, 0x24f90000)
  from space 1984K,  94% used [0x25180000, 0x25352510, 0x25370000)
  to   space 1984K,   0% used [0x24f90000, 0x24f90000, 0x25180000)
 tenured generation   total 39712K, used 31278K [0x29550000, 0x2bc18000, 0x34000000)
   the space 39712K,  78% used [0x29550000, 0x2b3db878, 0x2b3dba00, 0x2bc18000)
 compacting perm gen  total 12288K, used 8578K [0x34000000, 0x34c00000, 0x38000000)
   the space 12288K,  69% used [0x34000000, 0x34860b30, 0x34860c00, 0x34c00000)
    ro space 10240K,  42% used [0x38000000, 0x38434778, 0x38434800, 0x38a00000)
    rw space 12288K,  52% used [0x38a00000, 0x39049a68, 0x39049c00, 0x39600000)
}
Event: 6.675 GC heap before
{Heap before GC invocations=17 (full 4):
 def new generation   total 17920K, used 17801K [0x24000000, 0x25370000, 0x29550000)
  eden space 15936K, 100% used [0x24000000, 0x24f90000, 0x24f90000)
  from space 1984K,  94% used [0x25180000, 0x25352510, 0x25370000)
  to   space 1984K,   0% used [0x24f90000, 0x24f90000, 0x25180000)
 tenured generation   total 39712K, used 31278K [0x29550000, 0x2bc18000, 0x34000000)
   the space 39712K,  78% used [0x29550000, 0x2b3db878, 0x2b3dba00, 0x2bc18000)
 compacting perm gen  total 12288K, used 8580K [0x34000000, 0x34c00000, 0x38000000)
   the space 12288K,  69% used [0x34000000, 0x34861048, 0x34861200, 0x34c00000)
    ro space 10240K,  42% used [0x38000000, 0x38434778, 0x38434800, 0x38a00000)
    rw space 12288K,  52% used [0x38a00000, 0x39049a68, 0x39049c00, 0x39600000)
Event: 6.739 GC heap after
Heap after GC invocations=18 (full 5):
 def new generation   total 22464K, used 0K [0x24000000, 0x25850000, 0x29550000)
  eden space 20032K,   0% used [0x24000000, 0x24000000, 0x25390000)
  from space 2432K,   0% used [0x25390000, 0x25390000, 0x255f0000)
  to   space 2432K,   0% used [0x255f0000, 0x255f0000, 0x25850000)
 tenured generation   total 49696K, used 29816K [0x29550000, 0x2c5d8000, 0x34000000)
   the space 49696K,  59% used [0x29550000, 0x2b26e288, 0x2b26e400, 0x2c5d8000)
 compacting perm gen  total 12288K, used 8580K [0x34000000, 0x34c00000, 0x38000000)
   the space 12288K,  69% used [0x34000000, 0x34861048, 0x34861200, 0x34c00000)
    ro space 10240K,  42% used [0x38000000, 0x38434778, 0x38434800, 0x38a00000)
    rw space 12288K,  52% used [0x38a00000, 0x39049a68, 0x39049c00, 0x39600000)
}
Event: 11.815 GC heap before
{Heap before GC invocations=18 (full 5):
 def new generation   total 22464K, used 17492K [0x24000000, 0x25850000, 0x29550000)
  eden space 20032K,  87% used [0x24000000, 0x251152f8, 0x25390000)
  from space 2432K,   0% used [0x25390000, 0x25390000, 0x255f0000)
  to   space 2432K,   0% used [0x255f0000, 0x255f0000, 0x25850000)
 tenured generation   total 49696K, used 29816K [0x29550000, 0x2c5d8000, 0x34000000)
   the space 49696K,  59% used [0x29550000, 0x2b26e288, 0x2b26e400, 0x2c5d8000)
 compacting perm gen  total 12288K, used 8580K [0x34000000, 0x34c00000, 0x38000000)
   the space 12288K,  69% used [0x34000000, 0x348612b0, 0x34861400, 0x34c00000)
    ro space 10240K,  42% used [0x38000000, 0x38434778, 0x38434800, 0x38a00000)
    rw space 12288K,  52% used [0x38a00000, 0x39049a68, 0x39049c00, 0x39600000)
Event: 11.821 GC heap after
Heap after GC invocations=19 (full 5):
 def new generation   total 22464K, used 2424K [0x24000000, 0x25850000, 0x29550000)
  eden space 20032K,   0% used [0x24000000, 0x24000000, 0x25390000)
  from space 2432K,  99% used [0x255f0000, 0x2584e178, 0x25850000)
  to   space 2432K,   0% used [0x25390000, 0x25390000, 0x255f0000)
 tenured generation   total 49696K, used 30968K [0x29550000, 0x2c5d8000, 0x34000000)
   the space 49696K,  62% used [0x29550000, 0x2b38e2e8, 0x2b38e400, 0x2c5d8000)
 compacting perm gen  total 12288K, used 8580K [0x34000000, 0x34c00000, 0x38000000)
   the space 12288K,  69% used [0x34000000, 0x348612b0, 0x34861400, 0x34c00000)
    ro space 10240K,  42% used [0x38000000, 0x38434778, 0x38434800, 0x38a00000)
    rw space 12288K,  52% used [0x38a00000, 0x39049a68, 0x39049c00, 0x39600000)
}

Deoptimization events (0 events):
No events

Internal exceptions (10 events):
Event: 3.251 Thread 0x05f4a800 Threw 0x246760f0 at C:\re\jdk7u60\1081\hotspot\src\share\vm\prims\jvm.cpp:2917
Event: 4.629 Thread 0x06054400 Threw 0x24329fa8 at C:\re\jdk7u60\1081\hotspot\src\share\vm\prims\jvm.cpp:2917
Event: 5.232 Thread 0x06056400 Threw 0x247e8750 at C:\re\jdk7u60\1081\hotspot\src\share\vm\prims\jvm.cpp:2917
Event: 5.646 Thread 0x05d47000 Threw 0x24bf2bd0 at C:\re\jdk7u60\1081\hotspot\src\share\vm\prims\jvm.cpp:1244
Event: 5.648 Thread 0x05d47000 Threw 0x24bfb920 at C:\re\jdk7u60\1081\hotspot\src\share\vm\prims\jvm.cpp:1244
Event: 5.650 Thread 0x05d47000 Threw 0x24c01d68 at C:\re\jdk7u60\1081\hotspot\src\share\vm\prims\jvm.cpp:1244
Event: 5.652 Thread 0x05d47000 Threw 0x24c25b30 at C:\re\jdk7u60\1081\hotspot\src\share\vm\prims\jvm.cpp:1244
Event: 6.742 Thread 0x05f4a800 Threw 0x2403a3b8 at C:\re\jdk7u60\1081\hotspot\src\share\vm\prims\jvm.cpp:2917
Event: 10.313 Thread 0x06056400 Threw 0x24248688 at C:\re\jdk7u60\1081\hotspot\src\share\vm\prims\jvm.cpp:2917
Event: 12.833 Thread 0x06054400 Threw 0x24961f58 at C:\re\jdk7u60\1081\hotspot\src\share\vm\prims\jvm.cpp:2917

Events (10 events):
Event: 14.911 Thread 0x092f5000 Thread exited: 0x092f5000
Event: 14.911 loading class 0x39670c20
Event: 14.915 loading class 0x39670bc8
Event: 14.915 loading class 0x39670bc8 done
Event: 14.915 loading class 0x39670c20 done
Event: 14.915 Thread 0x092f4400 Thread exited: 0x092f4400
Event: 14.920 Thread 0x092f3c00 Thread exited: 0x092f3c00
Event: 14.935 Thread 0x051fa800 Thread exited: 0x051fa800
Event: 15.013 Thread 0x092f3800 Thread exited: 0x092f3800
Event: 15.014 Executing VM operation: Exit


Dynamic libraries:
0x00a70000 - 0x00a9f000 	C:\Program Files (x86)\Java\jre7\bin\javaw.exe
0x76fe0000 - 0x77137000 	C:\Windows\SYSTEM32\ntdll.dll
0x74690000 - 0x747c0000 	C:\Windows\SYSTEM32\KERNEL32.DLL
0x76a80000 - 0x76b27000 	C:\Windows\SYSTEM32\KERNELBASE.dll
0x747c0000 - 0x7486e000 	C:\Windows\SYSTEM32\ADVAPI32.dll
0x764f0000 - 0x76606000 	C:\Windows\SYSTEM32\USER32.dll
0x73130000 - 0x73328000 	C:\Windows\WinSxS\x86_microsoft.windows.common-controls_6595b64144ccf1df_6.0.9200.16579_none_8937eec6860750f5\COMCTL32.dll
0x76000000 - 0x760b1000 	C:\Windows\SYSTEM32\msvcrt.dll
0x74870000 - 0x748a4000 	C:\Windows\SYSTEM32\sechost.dll
0x760c0000 - 0x7616c000 	C:\Windows\SYSTEM32\RPCRT4.dll
0x748b0000 - 0x749ad000 	C:\Windows\SYSTEM32\GDI32.dll
0x745d0000 - 0x745ed000 	C:\Windows\SYSTEM32\SspiCli.dll
0x745c0000 - 0x745c9000 	C:\Windows\SYSTEM32\CRYPTBASE.dll
0x74560000 - 0x745b1000 	C:\Windows\SYSTEM32\bcryptPrimitives.dll
0x762e0000 - 0x76300000 	C:\Windows\system32\IMM32.DLL
0x76680000 - 0x7675e000 	C:\Windows\SYSTEM32\MSCTF.dll
0x6f3f0000 - 0x6f4af000 	C:\Program Files (x86)\Java\jre7\bin\msvcr100.dll
0x5e310000 - 0x5e698000 	C:\Program Files (x86)\Java\jre7\bin\client\jvm.dll
0x71c10000 - 0x71c18000 	C:\Windows\SYSTEM32\WSOCK32.dll
0x71fb0000 - 0x71fd1000 	C:\Windows\SYSTEM32\WINMM.dll
0x76300000 - 0x76306000 	C:\Windows\SYSTEM32\PSAPI.DLL
0x75f80000 - 0x75fd0000 	C:\Windows\SYSTEM32\WS2_32.dll
0x71c70000 - 0x71c9b000 	C:\Windows\SYSTEM32\WINMMBASE.dll
0x75ff0000 - 0x75ff8000 	C:\Windows\SYSTEM32\NSI.dll
0x76b30000 - 0x76b76000 	C:\Windows\SYSTEM32\cfgmgr32.dll
0x75f00000 - 0x75f1e000 	C:\Windows\SYSTEM32\DEVOBJ.dll
0x720a0000 - 0x720ac000 	C:\Program Files (x86)\Java\jre7\bin\verify.dll
0x70bb0000 - 0x70bd0000 	C:\Program Files (x86)\Java\jre7\bin\java.dll
0x70b90000 - 0x70ba3000 	C:\Program Files (x86)\Java\jre7\bin\zip.dll
0x6f2a0000 - 0x6f3e3000 	C:\Program Files (x86)\Java\jre7\bin\awt.dll
0x76c00000 - 0x76c8b000 	C:\Windows\SYSTEM32\OLEAUT32.dll
0x76de0000 - 0x76f16000 	C:\Windows\SYSTEM32\combase.dll
0x72dd0000 - 0x72e77000 	C:\Windows\system32\apphelp.dll
0x71a40000 - 0x71a59000 	C:\Windows\system32\DWMAPI.DLL
0x726b0000 - 0x72738000 	C:\Windows\system32\uxtheme.dll
0x76760000 - 0x76879000 	C:\Windows\SYSTEM32\ole32.dll
0x74da0000 - 0x75e66000 	C:\Windows\SYSTEM32\SHELL32.dll
0x75f40000 - 0x75f80000 	C:\Windows\SYSTEM32\SHLWAPI.dll
0x73330000 - 0x733a3000 	C:\Windows\SYSTEM32\shcore.dll
0x686f0000 - 0x68729000 	C:\Program Files (x86)\Java\jre7\bin\fontmanager.dll
0x6f250000 - 0x6f264000 	C:\Program Files (x86)\Java\jre7\bin\net.dll
0x72e80000 - 0x72eca000 	C:\Windows\system32\mswsock.dll
0x718a0000 - 0x718af000 	C:\Program Files (x86)\Java\jre7\bin\nio.dll
0x686c0000 - 0x686f0000 	C:\Program Files (x86)\Java\jre7\bin\t2k.dll
0x76b80000 - 0x76bf4000 	C:\Windows\SYSTEM32\clbcatq.dll
0x6a8a0000 - 0x6a9eb000 	C:\Windows\SYSTEM32\WindowsCodecs.dll
0x76dc0000 - 0x76dd1000 	C:\Windows\SYSTEM32\profapi.dll
0x68690000 - 0x686b4000 	C:\Program Files (x86)\Java\jre7\bin\dcpr.dll
0x68620000 - 0x6868d000 	C:\binaries\terrajava.dll
0x68530000 - 0x68617000 	C:\binaries\terramanager-funcate.dll
0x573f0000 - 0x57c96000 	C:\binaries\terralib.dll
0x64af0000 - 0x64b59000 	C:\Windows\SYSTEM32\MSVCP100.dll
0x6d880000 - 0x6db4c000 	C:\binaries\bgd.dll
0x71500000 - 0x7151b000 	C:\binaries\terraogc_xml.dll
0x706a0000 - 0x706bd000 	C:\binaries\terraogc_sld.dll
0x68500000 - 0x68526000 	C:\binaries\terraogc_se.dll
0x684c0000 - 0x684f6000 	C:\binaries\terraogc_filter.dll
0x5e2b0000 - 0x5e302000 	C:\binaries\terraogc_ows.dll
0x6ab50000 - 0x6ab69000 	C:\binaries\terraogc_common.dll
0x718b0000 - 0x718bb000 	C:\binaries\terralib_shp.dll
0x6f190000 - 0x6f19e000 	C:\binaries\terralib_spl.dll
0x06700000 - 0x06af6000 	C:\binaries\qt-mt338.dll
0x613d0000 - 0x6149e000 	C:\Windows\SYSTEM32\OPENGL32.dll
0x613a0000 - 0x613c3000 	C:\Windows\SYSTEM32\GLU32.dll
0x5e230000 - 0x5e2af000 	C:\binaries\qwt500.dll
0x0f180000 - 0x1117f000 	C:\binaries\berkelium.dll
0x06b00000 - 0x06c41000 	C:\binaries\LIBMYSQL.dll
0x63100000 - 0x63121000 	C:\binaries\LIBPQ.dll
0x06c50000 - 0x06cb1000 	C:\binaries\OCI.dll
0x5e1a0000 - 0x5e22a000 	C:\binaries\libtiff.dll
0x56580000 - 0x56d52000 	C:\binaries\gdal110.dll
0x12000000 - 0x121dc000 	C:\binaries\xerces-c_3_1.dll
0x5e140000 - 0x5e195000 	C:\binaries\terraogc_wms.dll
0x5da60000 - 0x5dab3000 	C:\binaries\terraogc_gml.dll
0x5f980000 - 0x5f9c1000 	C:\binaries\terraogc_xsd.dll
0x68450000 - 0x68470000 	C:\binaries\terraogc_xacml.dll
0x71f30000 - 0x71f90000 	C:\Windows\SYSTEM32\WINSPOOL.DRV
0x7c340000 - 0x7c396000 	C:\Windows\SYSTEM32\MSVCR71.dll
0x608a0000 - 0x60979000 	C:\Windows\SYSTEM32\DDRAW.dll
0x727a0000 - 0x727a9000 	C:\Windows\SYSTEM32\Secur32.dll
0x75f20000 - 0x75f3b000 	C:\Windows\SYSTEM32\USERENV.dll
0x71520000 - 0x71570000 	C:\Windows\SYSTEM32\OLEACC.dll
0x54200000 - 0x54276000 	C:\Windows\SYSTEM32\RICHED20.dll
0x72ee0000 - 0x72ee8000 	C:\Windows\SYSTEM32\VERSION.dll
0x720b0000 - 0x720c4000 	C:\Windows\SYSTEM32\USP10.dll
0x72c50000 - 0x72cc5000 	C:\Windows\SYSTEM32\DNSAPI.dll
0x06d60000 - 0x06e0a000 	C:\Windows\libeay32.dll
0x06e10000 - 0x06e1d000 	C:\binaries\libintl-2.dll
0x72ed0000 - 0x72ed6000 	C:\Windows\SYSTEM32\SHFOLDER.DLL
0x06e20000 - 0x06e46000 	C:\Windows\ssleay32.dll
0x06e50000 - 0x06e76000 	C:\binaries\libexpat.dll
0x60770000 - 0x60811000 	C:\Windows\SYSTEM32\ODBC32.dll
0x60760000 - 0x60767000 	C:\Windows\SYSTEM32\DCIMAN32.dll
0x663b0000 - 0x663db000 	C:\Windows\SYSTEM32\msls31.dll
0x06ed0000 - 0x06fab000 	C:\binaries\libiconv-2.dll
0x6f600000 - 0x6f61d000 	C:\Windows\SYSTEM32\gpapi.dll
0x74530000 - 0x74556000 	C:\Windows\SYSTEM32\ntmarta.dll
0x54e60000 - 0x55708000 	C:\binaries\icudt46.dll
0x53850000 - 0x53979000 	C:\Windows\SYSTEM32\dbghelp.dll
0x72040000 - 0x72050000 	C:\Windows\system32\napinsp.dll
0x72020000 - 0x72034000 	C:\Windows\system32\pnrpnsp.dll
0x72010000 - 0x72020000 	C:\Windows\system32\NLAapi.dll
0x72000000 - 0x72009000 	C:\Windows\System32\winrnr.dll
0x71ac0000 - 0x71ad0000 	C:\Windows\system32\wshbth.dll
0x726a0000 - 0x726a7000 	C:\Windows\System32\rasadhlp.dll
0x71c30000 - 0x71c6f000 	C:\Windows\System32\fwpuclnt.dll
0x72cd0000 - 0x72cf0000 	C:\Windows\SYSTEM32\IPHLPAPI.DLL
0x72c40000 - 0x72c48000 	C:\Windows\SYSTEM32\WINNSI.DLL
0x730d0000 - 0x730ea000 	C:\Windows\SYSTEM32\CRYPTSP.dll
0x73090000 - 0x730ce000 	C:\Windows\system32\rsaenh.dll
0x72c30000 - 0x72c40000 	C:\Windows\SYSTEM32\dhcpcsvc6.DLL
0x72c10000 - 0x72c22000 	C:\Windows\SYSTEM32\dhcpcsvc.DLL
0x60450000 - 0x60475000 	C:\Program Files (x86)\Java\jre7\bin\jpeg.dll

VM Arguments:
jvm_args: -Dfile.encoding=ISO-8859-1 
java_command: com.nexusbr.gv.main.ConnectDBMain
Launcher Type: SUN_STANDARD

Environment Variables:
JAVA_HOME=C:\Program Files (x86)\Java\jre7
PATH=C:/Program Files (x86)/Java/jre7/bin/client;C:/Program Files (x86)/Java/jre7/bin;C:/Program Files (x86)/Java/jre7/lib/i386;C:\Program Files (x86)\PHP\;c:\Program Files (x86)\Intel\iCLS Client\;c:\Program Files\Intel\iCLS Client\;C:\Windows\system32;C:\Windows;C:\Windows\System32\Wbem;C:\Windows\System32\WindowsPowerShell\v1.0\;C:\Program Files\Intel\Intel(R) Management Engine Components\DAL;C:\Program Files\Intel\Intel(R) Management Engine Components\IPT;C:\Program Files (x86)\Intel\Intel(R) Management Engine Components\DAL;C:\Program Files (x86)\Intel\Intel(R) Management Engine Components\IPT;C:\Program Files (x86)\Intel\OpenCL SDK\3.0\bin\x86;C:\Program Files (x86)\Intel\OpenCL SDK\3.0\bin\x64;C:\Program Files (x86)\Windows Live\Shared;C:\binaries;c:\Program Files (x86)\Microsoft SQL Server\100\Tools\Binn\;c:\Program Files\Microsoft SQL Server\100\Tools\Binn\;c:\Program Files\Microsoft SQL Server\100\DTS\Binn\;C:\strawberry\c\bin;C:\strawberry\perl\site\bin;C:\strawberry\perl\bin;C:\Program Files (x86)\Microsoft SQL Server\110\Tools\Binn\ManagementStudio\;C:\Program Files (x86)\Microsoft SQL Server\110\Tools\Binn\;C:\Program Files\Microsoft SQL Server\110\Tools\Binn\;C:\Program Files (x86)\Microsoft SQL Server\110\DTS\Binn\;C:\Program Files\TortoiseSVN\bin;C:\Python34;C:\Program Files (x86)\Java\jre7\bin;C:\eclipse;
USERNAME=inacio
OS=Windows_NT
PROCESSOR_IDENTIFIER=Intel64 Family 6 Model 69 Stepping 1, GenuineIntel



---------------  S Y S T E M  ---------------

OS: Windows 8 , 64 bit Build 9200 

CPU:total 4 (2 cores per cpu, 2 threads per core) family 6 model 69 stepping 1, cmov, cx8, fxsr, mmx, sse, sse2, sse3, ssse3, sse4.1, sse4.2, popcnt, avx, avx2, aes, erms, ht, tsc, tscinvbit

Memory: 4k page, physical 8290700k(2103012k free), swap 9535884k(2651420k free)

vm_info: Java HotSpot(TM) Client VM (24.60-b09) for windows-x86 JRE (1.7.0_60-b19), built on May  7 2014 13:09:52 by "java_re" with unknown MS VC++:1600

time: Thu Jul 03 15:46:42 2014
elapsed time: 15 seconds

