#
# A fatal error has been detected by the Java Runtime Environment:
#
#  EXCEPTION_ACCESS_VIOLATION (0xc0000005) at pc=0x10149052, pid=9220, tid=7004
#
# JRE version: Java(TM) SE Runtime Environment (7.0_60-b19) (build 1.7.0_60-b19)
# Java VM: Java HotSpot(TM) Client VM (24.60-b09 mixed mode, sharing windows-x86 )
# Problematic frame:
# C  [berkelium.dll+0xa39052]
#
# Failed to write core dump. Minidumps are not enabled by default on client versions of Windows
#
# If you would like to submit a bug report, please visit:
#   http://bugreport.sun.com/bugreport/crash.jsp
#

---------------  T H R E A D  ---------------

Current thread (0x02a3fc00):  VMThread [stack: 0x04c40000,0x04c90000] [id=7004]

siginfo: ExceptionCode=0xc0000005, reading address 0x000000f8

Registers:
EAX=0x04c8f1b4, EBX=0x000493e0, ECX=0x04c8f1b4, EDX=0x5f5a6478
ESP=0x04c8f1a4, EBP=0x00000078, ESI=0x00000000, EDI=0x713c0778
EIP=0x10149052, EFLAGS=0x00010206

Top of Stack: (sp=0x04c8f1a4)
0x04c8f1a4:   081246a8 081246a8 075aab00 00000000
0x04c8f1b4:   5f5a6478 00000078 08762200 08082240
0x04c8f1c4:   00000000 00000000 00000000 74616401
0x04c8f1d4:   69642d61 078f0072 00000023 0000002f
0x04c8f1e4:   00000000 075d7070 002e5be4 08124540
0x04c8f1f4:   075aab44 ffffff00 0f77bf20 11299778
0x04c8f204:   07090630 00000000 0000000f 1129a730
0x04c8f214:   00000001 0f779783 00000008 00000001 

Instructions: (pc=0x10149052)
0x10149032:   03 00 00 57 53 e8 f4 c8 60 ff 8b ea 8d 54 24 10
0x10149042:   52 8b f8 e8 26 ca 00 00 83 c4 04 03 38 13 68 04
0x10149052:   8b 86 f8 00 00 00 0b 86 fc 00 00 00 89 7c 24 20
0x10149062:   89 6c 24 24 75 3e 39 84 24 d4 00 00 00 7f 35 7c 


Register to memory mapping:

EAX=
[error occurred during error reporting (printing register info), id 0xc0000005]

Stack: [0x04c40000,0x04c90000],  sp=0x04c8f1a4,  free space=316k
Native frames: (J=compiled Java code, j=interpreted, Vv=VM code, C=native code)
C  [berkelium.dll+0xa39052]

[error occurred during error reporting (printing native stack), id 0xc0000005]

VM_Operation (0x0620e2d0): Exit, mode: safepoint, requested by thread 0x05d88400


---------------  P R O C E S S  ---------------

Java Threads: ( => current thread )
  0x0608f400 JavaThread "Thread-50" [_thread_blocked, id=10920, stack(0x07f50000,0x07fa0000)]
  0x06090800 JavaThread "WeakCollectionCleaner" daemon [_thread_blocked, id=11112, stack(0x0a0c0000,0x0a110000)]
  0x060a7c00 JavaThread "TimerQueue" daemon [_thread_blocked, id=4900, stack(0x08020000,0x08070000)]
  0x02a1e000 JavaThread "DestroyJavaVM" [_thread_blocked, id=7952, stack(0x028d0000,0x02920000)]
  0x05d88400 JavaThread "AWT-EventQueue-0" [_thread_blocked, id=5908, stack(0x061c0000,0x06210000)]
  0x0525bc00 JavaThread "AWT-Shutdown" [_thread_blocked, id=11184, stack(0x05880000,0x058d0000)]
  0x0525a800 JavaThread "Java2D Disposer" daemon [_thread_blocked, id=9624, stack(0x057f0000,0x05840000)]
  0x02abbc00 JavaThread "Service Thread" daemon [_thread_blocked, id=10980, stack(0x04fa0000,0x04ff0000)]
  0x02ab5800 JavaThread "C1 CompilerThread0" daemon [_thread_blocked, id=11080, stack(0x04f10000,0x04f60000)]
  0x02ab3c00 JavaThread "Attach Listener" daemon [_thread_blocked, id=9912, stack(0x04e80000,0x04ed0000)]
  0x02ab2800 JavaThread "Signal Dispatcher" daemon [_thread_blocked, id=1040, stack(0x04df0000,0x04e40000)]
  0x02a42800 JavaThread "Finalizer" daemon [_thread_blocked, id=10928, stack(0x04d60000,0x04db0000)]
  0x02a41000 JavaThread "Reference Handler" daemon [_thread_blocked, id=7480, stack(0x04cd0000,0x04d20000)]

Other Threads:
=>0x02a3fc00 VMThread [stack: 0x04c40000,0x04c90000] [id=7004]

VM state:at safepoint (shutting down)

VM Mutex/Monitor currently owned by a thread:  ([mutex/lock_event])
[0x02a1c1f8] Threads_lock - owner thread: 0x02a3fc00

Heap
 def new generation   total 62592K, used 36788K [0x24000000, 0x283e0000, 0x29550000)
  eden space 55680K,  53% used [0x24000000, 0x25d3da10, 0x27660000)
  from space 6912K,  99% used [0x27660000, 0x27d0f710, 0x27d20000)
  to   space 6912K,   0% used [0x27d20000, 0x27d20000, 0x283e0000)
 tenured generation   total 138704K, used 112026K [0x29550000, 0x31cc4000, 0x34000000)
   the space 138704K,  80% used [0x29550000, 0x302b69e0, 0x302b6a00, 0x31cc4000)
 compacting perm gen  total 12288K, used 10797K [0x34000000, 0x34c00000, 0x38000000)
   the space 12288K,  87% used [0x34000000, 0x34a8b7d8, 0x34a8b800, 0x34c00000)
    ro space 10240K,  42% used [0x38000000, 0x38434778, 0x38434800, 0x38a00000)
    rw space 12288K,  52% used [0x38a00000, 0x39049a68, 0x39049c00, 0x39600000)

Card table byte_map: [0x04b20000,0x04bd0000] byte_map_base: 0x04a00000

Polling page: 0x00fd0000

Code Cache  [0x02b20000, 0x02ee0000, 0x04b20000)
 total_blobs=2323 nmethods=2023 adapters=236 free_code_cache=28940Kb largest_free_block=29632192

Compilation events (10 events):
Event: 267.910 Thread 0x02ab5800 2053             sun.swing.plaf.synth.SynthIcon::paintIcon (45 bytes)
Event: 267.910 Thread 0x02ab5800 nmethod 2053 0x02edc288 code [0x02edc3a0, 0x02edc4e8]
Event: 268.012 Thread 0x02ab5800 2054   !         sun.java2d.SunGraphics2D::drawString (132 bytes)
Event: 268.012 Thread 0x02ab5800 nmethod 2054 0x02edc5c8 code [0x02edc740, 0x02edcac4]
Event: 439.893 Thread 0x02ab5800 2055             br.org.funcate.glue.model.canvas.CanvasService::isGoogleActive (34 bytes)
Event: 439.894 Thread 0x02ab5800 nmethod 2055 0x02edcf08 code [0x02edd020, 0x02edd16c]
Event: 439.894 Thread 0x02ab5800 2056             br.org.funcate.eagles.kernel.listener.ListenersHandlerImpl::getListeners (61 bytes)
Event: 439.895 Thread 0x02ab5800 nmethod 2056 0x02edd288 code [0x02edd3d0, 0x02edd610]
Event: 444.869 Thread 0x02ab5800 2057             br.org.funcate.glue.controller.CanvasController::getListenersHandler (5 bytes)
Event: 444.870 Thread 0x02ab5800 nmethod 2057 0x02edd788 code [0x02edd880, 0x02edd900]

GC Heap History (10 events):
Event: 212.866 GC heap before
{Heap before GC invocations=184 (full 8):
 def new generation   total 58688K, used 58688K [0x24000000, 0x27fa0000, 0x29550000)
  eden space 52224K, 100% used [0x24000000, 0x27300000, 0x27300000)
  from space 6464K, 100% used [0x27950000, 0x27fa0000, 0x27fa0000)
  to   space 6464K,   0% used [0x27300000, 0x27300000, 0x27950000)
 tenured generation   total 130192K, used 82730K [0x29550000, 0x31474000, 0x34000000)
   the space 130192K,  63% used [0x29550000, 0x2e61ab60, 0x2e61ac00, 0x31474000)
 compacting perm gen  total 12288K, used 10773K [0x34000000, 0x34c00000, 0x38000000)
   the space 12288K,  87% used [0x34000000, 0x34a855c8, 0x34a85600, 0x34c00000)
    ro space 10240K,  42% used [0x38000000, 0x38434778, 0x38434800, 0x38a00000)
    rw space 12288K,  52% used [0x38a00000, 0x39049a68, 0x39049c00, 0x39600000)
Event: 212.906 GC heap after
Heap after GC invocations=185 (full 8):
 def new generation   total 58688K, used 6464K [0x24000000, 0x27fa0000, 0x29550000)
  eden space 52224K,   0% used [0x24000000, 0x24000000, 0x27300000)
  from space 6464K, 100% used [0x27300000, 0x27950000, 0x27950000)
  to   space 6464K,   0% used [0x27950000, 0x27950000, 0x27fa0000)
 tenured generation   total 130192K, used 110847K [0x29550000, 0x31474000, 0x34000000)
   the space 130192K,  85% used [0x29550000, 0x3018fef0, 0x30190000, 0x31474000)
 compacting perm gen  total 12288K, used 10773K [0x34000000, 0x34c00000, 0x38000000)
   the space 12288K,  87% used [0x34000000, 0x34a855c8, 0x34a85600, 0x34c00000)
    ro space 10240K,  42% used [0x38000000, 0x38434778, 0x38434800, 0x38a00000)
    rw space 12288K,  52% used [0x38a00000, 0x39049a68, 0x39049c00, 0x39600000)
}
Event: 215.223 GC heap before
{Heap before GC invocations=185 (full 8):
 def new generation   total 58688K, used 58688K [0x24000000, 0x27fa0000, 0x29550000)
  eden space 52224K, 100% used [0x24000000, 0x27300000, 0x27300000)
  from space 6464K, 100% used [0x27300000, 0x27950000, 0x27950000)
  to   space 6464K,   0% used [0x27950000, 0x27950000, 0x27fa0000)
 tenured generation   total 130192K, used 110847K [0x29550000, 0x31474000, 0x34000000)
   the space 130192K,  85% used [0x29550000, 0x3018fef0, 0x30190000, 0x31474000)
 compacting perm gen  total 12288K, used 10773K [0x34000000, 0x34c00000, 0x38000000)
   the space 12288K,  87% used [0x34000000, 0x34a855c8, 0x34a85600, 0x34c00000)
    ro space 10240K,  42% used [0x38000000, 0x38434778, 0x38434800, 0x38a00000)
    rw space 12288K,  52% used [0x38a00000, 0x39049a68, 0x39049c00, 0x39600000)
Event: 215.261 GC heap after
Heap after GC invocations=186 (full 8):
 def new generation   total 58688K, used 6464K [0x24000000, 0x27fa0000, 0x29550000)
  eden space 52224K,   0% used [0x24000000, 0x24000000, 0x27300000)
  from space 6464K, 100% used [0x27950000, 0x27fa0000, 0x27fa0000)
  to   space 6464K,   0% used [0x27300000, 0x27300000, 0x27950000)
 tenured generation   total 130192K, used 129119K [0x29550000, 0x31474000, 0x34000000)
   the space 130192K,  99% used [0x29550000, 0x31367d60, 0x31367e00, 0x31474000)
 compacting perm gen  total 12288K, used 10773K [0x34000000, 0x34c00000, 0x38000000)
   the space 12288K,  87% used [0x34000000, 0x34a855c8, 0x34a85600, 0x34c00000)
    ro space 10240K,  42% used [0x38000000, 0x38434778, 0x38434800, 0x38a00000)
    rw space 12288K,  52% used [0x38a00000, 0x39049a68, 0x39049c00, 0x39600000)
}
Event: 224.761 GC heap before
{Heap before GC invocations=186 (full 8):
 def new generation   total 58688K, used 56200K [0x24000000, 0x27fa0000, 0x29550000)
  eden space 52224K,  95% used [0x24000000, 0x27092308, 0x27300000)
  from space 6464K, 100% used [0x27950000, 0x27fa0000, 0x27fa0000)
  to   space 6464K,   0% used [0x27300000, 0x27300000, 0x27950000)
 tenured generation   total 130192K, used 129119K [0x29550000, 0x31474000, 0x34000000)
   the space 130192K,  99% used [0x29550000, 0x31367d60, 0x31367e00, 0x31474000)
 compacting perm gen  total 12288K, used 10773K [0x34000000, 0x34c00000, 0x38000000)
   the space 12288K,  87% used [0x34000000, 0x34a855f8, 0x34a85600, 0x34c00000)
    ro space 10240K,  42% used [0x38000000, 0x38434778, 0x38434800, 0x38a00000)
    rw space 12288K,  52% used [0x38a00000, 0x39049a68, 0x39049c00, 0x39600000)
Event: 225.040 GC heap after
Heap after GC invocations=187 (full 9):
 def new generation   total 62592K, used 0K [0x24000000, 0x283e0000, 0x29550000)
  eden space 55680K,   0% used [0x24000000, 0x24000000, 0x27660000)
  from space 6912K,   0% used [0x27660000, 0x27660000, 0x27d20000)
  to   space 6912K,   0% used [0x27d20000, 0x27d20000, 0x283e0000)
 tenured generation   total 138704K, used 83222K [0x29550000, 0x31cc4000, 0x34000000)
   the space 138704K,  59% used [0x29550000, 0x2e695820, 0x2e695a00, 0x31cc4000)
 compacting perm gen  total 12288K, used 10773K [0x34000000, 0x34c00000, 0x38000000)
   the space 12288K,  87% used [0x34000000, 0x34a855f8, 0x34a85600, 0x34c00000)
    ro space 10240K,  42% used [0x38000000, 0x38434778, 0x38434800, 0x38a00000)
    rw space 12288K,  52% used [0x38a00000, 0x39049a68, 0x39049c00, 0x39600000)
}
Event: 258.162 GC heap before
{Heap before GC invocations=187 (full 9):
 def new generation   total 62592K, used 53131K [0x24000000, 0x283e0000, 0x29550000)
  eden space 55680K,  95% used [0x24000000, 0x273e2f18, 0x27660000)
  from space 6912K,   0% used [0x27660000, 0x27660000, 0x27d20000)
  to   space 6912K,   0% used [0x27d20000, 0x27d20000, 0x283e0000)
 tenured generation   total 138704K, used 83222K [0x29550000, 0x31cc4000, 0x34000000)
   the space 138704K,  59% used [0x29550000, 0x2e695820, 0x2e695a00, 0x31cc4000)
 compacting perm gen  total 12288K, used 10794K [0x34000000, 0x34c00000, 0x38000000)
   the space 12288K,  87% used [0x34000000, 0x34a8a9c0, 0x34a8aa00, 0x34c00000)
    ro space 10240K,  42% used [0x38000000, 0x38434778, 0x38434800, 0x38a00000)
    rw space 12288K,  52% used [0x38a00000, 0x39049a68, 0x39049c00, 0x39600000)
Event: 258.172 GC heap after
Heap after GC invocations=188 (full 9):
 def new generation   total 62592K, used 6912K [0x24000000, 0x283e0000, 0x29550000)
  eden space 55680K,   0% used [0x24000000, 0x24000000, 0x27660000)
  from space 6912K, 100% used [0x27d20000, 0x283e0000, 0x283e0000)
  to   space 6912K,   0% used [0x27660000, 0x27660000, 0x27d20000)
 tenured generation   total 138704K, used 98454K [0x29550000, 0x31cc4000, 0x34000000)
   the space 138704K,  70% used [0x29550000, 0x2f5758b0, 0x2f575a00, 0x31cc4000)
 compacting perm gen  total 12288K, used 10794K [0x34000000, 0x34c00000, 0x38000000)
   the space 12288K,  87% used [0x34000000, 0x34a8a9c0, 0x34a8aa00, 0x34c00000)
    ro space 10240K,  42% used [0x38000000, 0x38434778, 0x38434800, 0x38a00000)
    rw space 12288K,  52% used [0x38a00000, 0x39049a68, 0x39049c00, 0x39600000)
}
Event: 263.171 GC heap before
{Heap before GC invocations=188 (full 9):
 def new generation   total 62592K, used 62299K [0x24000000, 0x283e0000, 0x29550000)
  eden space 55680K,  99% used [0x24000000, 0x27616c38, 0x27660000)
  from space 6912K, 100% used [0x27d20000, 0x283e0000, 0x283e0000)
  to   space 6912K,   0% used [0x27660000, 0x27660000, 0x27d20000)
 tenured generation   total 138704K, used 98454K [0x29550000, 0x31cc4000, 0x34000000)
   the space 138704K,  70% used [0x29550000, 0x2f5758b0, 0x2f575a00, 0x31cc4000)
 compacting perm gen  total 12288K, used 10796K [0x34000000, 0x34c00000, 0x38000000)
   the space 12288K,  87% used [0x34000000, 0x34a8b1c0, 0x34a8b200, 0x34c00000)
    ro space 10240K,  42% used [0x38000000, 0x38434778, 0x38434800, 0x38a00000)
    rw space 12288K,  52% used [0x38a00000, 0x39049a68, 0x39049c00, 0x39600000)
Event: 263.178 GC heap after
Heap after GC invocations=189 (full 9):
 def new generation   total 62592K, used 6845K [0x24000000, 0x283e0000, 0x29550000)
  eden space 55680K,   0% used [0x24000000, 0x24000000, 0x27660000)
  from space 6912K,  99% used [0x27660000, 0x27d0f710, 0x27d20000)
  to   space 6912K,   0% used [0x27d20000, 0x27d20000, 0x283e0000)
 tenured generation   total 138704K, used 112026K [0x29550000, 0x31cc4000, 0x34000000)
   the space 138704K,  80% used [0x29550000, 0x302b69e0, 0x302b6a00, 0x31cc4000)
 compacting perm gen  total 12288K, used 10796K [0x34000000, 0x34c00000, 0x38000000)
   the space 12288K,  87% used [0x34000000, 0x34a8b1c0, 0x34a8b200, 0x34c00000)
    ro space 10240K,  42% used [0x38000000, 0x38434778, 0x38434800, 0x38a00000)
    rw space 12288K,  52% used [0x38a00000, 0x39049a68, 0x39049c00, 0x39600000)
}

Deoptimization events (0 events):
No events

Internal exceptions (10 events):
Event: 227.462 Thread 0x0608e000 Threw 0x25869388 at C:\re\jdk7u60\1081\hotspot\src\share\vm\prims\jvm.cpp:2917
Event: 254.266 Thread 0x05d88400 Threw 0x2688e2d8 at C:\re\jdk7u60\1081\hotspot\src\share\vm\prims\jvm.cpp:1244
Event: 254.267 Thread 0x05d88400 Threw 0x26895ae0 at C:\re\jdk7u60\1081\hotspot\src\share\vm\prims\jvm.cpp:1244
Event: 254.267 Thread 0x05d88400 Threw 0x2689e448 at C:\re\jdk7u60\1081\hotspot\src\share\vm\prims\jvm.cpp:1244
Event: 254.268 Thread 0x05d88400 Threw 0x268a6188 at C:\re\jdk7u60\1081\hotspot\src\share\vm\prims\jvm.cpp:1244
Event: 257.529 Thread 0x0608d000 Threw 0x26b3e6a0 at C:\re\jdk7u60\1081\hotspot\src\share\vm\prims\jvm.cpp:2917
Event: 261.285 Thread 0x0608d000 Threw 0x24ca4430 at C:\re\jdk7u60\1081\hotspot\src\share\vm\prims\jvm.cpp:2917
Event: 262.053 Thread 0x05d88400 Threw 0x25612990 at C:\re\jdk7u60\1081\hotspot\src\share\vm\prims\jvm.cpp:1244
Event: 263.084 Thread 0x0952c800 Threw 0x25693098 at C:\re\jdk7u60\1081\hotspot\src\share\vm\prims\jvm.cpp:2917
Event: 268.572 Thread 0x0608d000 Threw 0x25afae18 at C:\re\jdk7u60\1081\hotspot\src\share\vm\prims\jvm.cpp:2917

Events (10 events):
Event: 446.173 loading class 0x39670c20 done
Event: 446.173 Thread 0x0608d000 Thread exited: 0x0608d000
Event: 446.174 Executing VM operation: RevokeBias
Event: 446.174 Executing VM operation: RevokeBias done
Event: 446.174 Executing VM operation: RevokeBias
Event: 446.174 Executing VM operation: RevokeBias done
Event: 446.174 Thread 0x0608f000 Thread exited: 0x0608f000
Event: 446.181 Thread 0x0525c400 Thread exited: 0x0525c400
Event: 446.274 Thread 0x06090000 Thread exited: 0x06090000
Event: 446.274 Executing VM operation: Exit


Dynamic libraries:
0x00a70000 - 0x00a9f000 	C:\Program Files (x86)\Java\jre7\bin\javaw.exe
0x76fe0000 - 0x77137000 	C:\Windows\SYSTEM32\ntdll.dll
0x74690000 - 0x747c0000 	C:\Windows\SYSTEM32\KERNEL32.DLL
0x76a80000 - 0x76b27000 	C:\Windows\SYSTEM32\KERNELBASE.dll
0x747c0000 - 0x7486e000 	C:\Windows\SYSTEM32\ADVAPI32.dll
0x764f0000 - 0x76606000 	C:\Windows\SYSTEM32\USER32.dll
0x73130000 - 0x73328000 	C:\Windows\WinSxS\x86_microsoft.windows.common-controls_6595b64144ccf1df_6.0.9200.16579_none_8937eec6860750f5\COMCTL32.dll
0x76000000 - 0x760b1000 	C:\Windows\SYSTEM32\msvcrt.dll
0x74870000 - 0x748a4000 	C:\Windows\SYSTEM32\sechost.dll
0x760c0000 - 0x7616c000 	C:\Windows\SYSTEM32\RPCRT4.dll
0x748b0000 - 0x749ad000 	C:\Windows\SYSTEM32\GDI32.dll
0x745d0000 - 0x745ed000 	C:\Windows\SYSTEM32\SspiCli.dll
0x745c0000 - 0x745c9000 	C:\Windows\SYSTEM32\CRYPTBASE.dll
0x74560000 - 0x745b1000 	C:\Windows\SYSTEM32\bcryptPrimitives.dll
0x762e0000 - 0x76300000 	C:\Windows\system32\IMM32.DLL
0x76680000 - 0x7675e000 	C:\Windows\SYSTEM32\MSCTF.dll
0x5e940000 - 0x5e9ff000 	C:\Program Files (x86)\Java\jre7\bin\msvcr100.dll
0x5e310000 - 0x5e698000 	C:\Program Files (x86)\Java\jre7\bin\client\jvm.dll
0x71c10000 - 0x71c18000 	C:\Windows\SYSTEM32\WSOCK32.dll
0x71fb0000 - 0x71fd1000 	C:\Windows\SYSTEM32\WINMM.dll
0x76300000 - 0x76306000 	C:\Windows\SYSTEM32\PSAPI.DLL
0x75f80000 - 0x75fd0000 	C:\Windows\SYSTEM32\WS2_32.dll
0x71c70000 - 0x71c9b000 	C:\Windows\SYSTEM32\WINMMBASE.dll
0x75ff0000 - 0x75ff8000 	C:\Windows\SYSTEM32\NSI.dll
0x76b30000 - 0x76b76000 	C:\Windows\SYSTEM32\cfgmgr32.dll
0x75f00000 - 0x75f1e000 	C:\Windows\SYSTEM32\DEVOBJ.dll
0x720a0000 - 0x720ac000 	C:\Program Files (x86)\Java\jre7\bin\verify.dll
0x70bb0000 - 0x70bd0000 	C:\Program Files (x86)\Java\jre7\bin\java.dll
0x70b90000 - 0x70ba3000 	C:\Program Files (x86)\Java\jre7\bin\zip.dll
0x5e1c0000 - 0x5e303000 	C:\Program Files (x86)\Java\jre7\bin\awt.dll
0x76c00000 - 0x76c8b000 	C:\Windows\SYSTEM32\OLEAUT32.dll
0x76de0000 - 0x76f16000 	C:\Windows\SYSTEM32\combase.dll
0x72dd0000 - 0x72e77000 	C:\Windows\system32\apphelp.dll
0x71a40000 - 0x71a59000 	C:\Windows\system32\DWMAPI.DLL
0x726b0000 - 0x72738000 	C:\Windows\system32\uxtheme.dll
0x76760000 - 0x76879000 	C:\Windows\SYSTEM32\ole32.dll
0x74da0000 - 0x75e66000 	C:\Windows\SYSTEM32\SHELL32.dll
0x75f40000 - 0x75f80000 	C:\Windows\SYSTEM32\SHLWAPI.dll
0x73330000 - 0x733a3000 	C:\Windows\SYSTEM32\shcore.dll
0x5f990000 - 0x5f9c9000 	C:\Program Files (x86)\Java\jre7\bin\fontmanager.dll
0x6f250000 - 0x6f264000 	C:\Program Files (x86)\Java\jre7\bin\net.dll
0x72e80000 - 0x72eca000 	C:\Windows\system32\mswsock.dll
0x718a0000 - 0x718af000 	C:\Program Files (x86)\Java\jre7\bin\nio.dll
0x68440000 - 0x68470000 	C:\Program Files (x86)\Java\jre7\bin\t2k.dll
0x76b80000 - 0x76bf4000 	C:\Windows\SYSTEM32\clbcatq.dll
0x6a8a0000 - 0x6a9eb000 	C:\Windows\SYSTEM32\WindowsCodecs.dll
0x76dc0000 - 0x76dd1000 	C:\Windows\SYSTEM32\profapi.dll
0x60450000 - 0x60474000 	C:\Program Files (x86)\Java\jre7\bin\dcpr.dll
0x5e8d0000 - 0x5e93d000 	C:\binaries\terrajava.dll
0x58e80000 - 0x58f67000 	C:\binaries\terramanager-funcate.dll
0x573f0000 - 0x57c96000 	C:\binaries\terralib.dll
0x64af0000 - 0x64b59000 	C:\Windows\SYSTEM32\MSVCP100.dll
0x6d880000 - 0x6db4c000 	C:\binaries\bgd.dll
0x6ab50000 - 0x6ab6b000 	C:\binaries\terraogc_xml.dll
0x66b80000 - 0x66b9d000 	C:\binaries\terraogc_sld.dll
0x5e190000 - 0x5e1b6000 	C:\binaries\terraogc_se.dll
0x5e150000 - 0x5e186000 	C:\binaries\terraogc_filter.dll
0x5e0f0000 - 0x5e142000 	C:\binaries\terraogc_ows.dll
0x5e8b0000 - 0x5e8c9000 	C:\binaries\terraogc_common.dll
0x6f190000 - 0x6f19b000 	C:\binaries\terralib_shp.dll
0x5f980000 - 0x5f98e000 	C:\binaries\terralib_spl.dll
0x06770000 - 0x06b66000 	C:\binaries\qt-mt338.dll
0x613d0000 - 0x6149e000 	C:\Windows\SYSTEM32\OPENGL32.dll
0x613a0000 - 0x613c3000 	C:\Windows\SYSTEM32\GLU32.dll
0x5da40000 - 0x5dabf000 	C:\binaries\qwt500.dll
0x0f710000 - 0x1170f000 	C:\binaries\berkelium.dll
0x06b70000 - 0x06cb1000 	C:\binaries\LIBMYSQL.dll
0x63100000 - 0x63121000 	C:\binaries\LIBPQ.dll
0x06cc0000 - 0x06d21000 	C:\binaries\OCI.dll
0x59110000 - 0x5919a000 	C:\binaries\libtiff.dll
0x56580000 - 0x56d52000 	C:\binaries\gdal110.dll
0x12000000 - 0x121dc000 	C:\binaries\xerces-c_3_1.dll
0x58e20000 - 0x58e75000 	C:\binaries\terraogc_wms.dll
0x58dc0000 - 0x58e13000 	C:\binaries\terraogc_gml.dll
0x58d70000 - 0x58db1000 	C:\binaries\terraogc_xsd.dll
0x5a810000 - 0x5a830000 	C:\binaries\terraogc_xacml.dll
0x71f30000 - 0x71f90000 	C:\Windows\SYSTEM32\WINSPOOL.DRV
0x7c340000 - 0x7c396000 	C:\Windows\SYSTEM32\MSVCR71.dll
0x608a0000 - 0x60979000 	C:\Windows\SYSTEM32\DDRAW.dll
0x727a0000 - 0x727a9000 	C:\Windows\SYSTEM32\Secur32.dll
0x75f20000 - 0x75f3b000 	C:\Windows\SYSTEM32\USERENV.dll
0x71520000 - 0x71570000 	C:\Windows\SYSTEM32\OLEACC.dll
0x54200000 - 0x54276000 	C:\Windows\SYSTEM32\RICHED20.dll
0x72ee0000 - 0x72ee8000 	C:\Windows\SYSTEM32\VERSION.dll
0x720b0000 - 0x720c4000 	C:\Windows\SYSTEM32\USP10.dll
0x72c50000 - 0x72cc5000 	C:\Windows\SYSTEM32\DNSAPI.dll
0x06dd0000 - 0x06e7a000 	C:\Windows\libeay32.dll
0x06e80000 - 0x06e8d000 	C:\binaries\libintl-2.dll
0x72ed0000 - 0x72ed6000 	C:\Windows\SYSTEM32\SHFOLDER.DLL
0x06e90000 - 0x06eb6000 	C:\Windows\ssleay32.dll
0x06ec0000 - 0x06ee6000 	C:\binaries\libexpat.dll
0x60770000 - 0x60811000 	C:\Windows\SYSTEM32\ODBC32.dll
0x60760000 - 0x60767000 	C:\Windows\SYSTEM32\DCIMAN32.dll
0x663b0000 - 0x663db000 	C:\Windows\SYSTEM32\msls31.dll
0x06f40000 - 0x0701b000 	C:\binaries\libiconv-2.dll
0x6f600000 - 0x6f61d000 	C:\Windows\SYSTEM32\gpapi.dll
0x74530000 - 0x74556000 	C:\Windows\SYSTEM32\ntmarta.dll
0x50e40000 - 0x516e8000 	C:\binaries\icudt46.dll
0x53850000 - 0x53979000 	C:\Windows\SYSTEM32\dbghelp.dll
0x72040000 - 0x72050000 	C:\Windows\system32\napinsp.dll
0x72020000 - 0x72034000 	C:\Windows\system32\pnrpnsp.dll
0x72010000 - 0x72020000 	C:\Windows\system32\NLAapi.dll
0x72000000 - 0x72009000 	C:\Windows\System32\winrnr.dll
0x71ac0000 - 0x71ad0000 	C:\Windows\system32\wshbth.dll
0x726a0000 - 0x726a7000 	C:\Windows\System32\rasadhlp.dll
0x71c30000 - 0x71c6f000 	C:\Windows\System32\fwpuclnt.dll
0x72cd0000 - 0x72cf0000 	C:\Windows\SYSTEM32\IPHLPAPI.DLL
0x72c40000 - 0x72c48000 	C:\Windows\SYSTEM32\WINNSI.DLL
0x730d0000 - 0x730ea000 	C:\Windows\SYSTEM32\CRYPTSP.dll
0x73090000 - 0x730ce000 	C:\Windows\system32\rsaenh.dll
0x72c30000 - 0x72c40000 	C:\Windows\SYSTEM32\dhcpcsvc6.DLL
0x72c10000 - 0x72c22000 	C:\Windows\SYSTEM32\dhcpcsvc.DLL
0x590e0000 - 0x59105000 	C:\Program Files (x86)\Java\jre7\bin\jpeg.dll
0x71ea0000 - 0x71f22000 	C:\Windows\SYSTEM32\WINHTTP.dll
0x76310000 - 0x76492000 	C:\Windows\SYSTEM32\CRYPT32.dll
0x75fd0000 - 0x75fe2000 	C:\Windows\SYSTEM32\MSASN1.dll
0x73070000 - 0x73089000 	C:\Windows\SYSTEM32\ncrypt.dll
0x73050000 - 0x7306a000 	C:\Windows\SYSTEM32\bcrypt.dll
0x73020000 - 0x73047000 	C:\Windows\SYSTEM32\NTASN1.dll
0x6f5e0000 - 0x6f5fd000 	C:\Windows\SYSTEM32\cryptnet.dll
0x76620000 - 0x76676000 	C:\Windows\SYSTEM32\WLDAP32.dll
0x749b0000 - 0x74b5f000 	C:\Windows\SYSTEM32\SETUPAPI.dll
0x72f00000 - 0x73019000 	C:\Windows\system32\propsys.dll

VM Arguments:
jvm_args: -Dfile.encoding=ISO-8859-1 
java_command: com.nexusbr.gv.main.ConnectDBMain
Launcher Type: SUN_STANDARD

Environment Variables:
JAVA_HOME=C:\Program Files (x86)\Java\jre7
PATH=C:/Program Files (x86)/Java/jre7/bin/client;C:/Program Files (x86)/Java/jre7/bin;C:/Program Files (x86)/Java/jre7/lib/i386;C:\Program Files (x86)\PHP\;c:\Program Files (x86)\Intel\iCLS Client\;c:\Program Files\Intel\iCLS Client\;C:\Windows\system32;C:\Windows;C:\Windows\System32\Wbem;C:\Windows\System32\WindowsPowerShell\v1.0\;C:\Program Files\Intel\Intel(R) Management Engine Components\DAL;C:\Program Files\Intel\Intel(R) Management Engine Components\IPT;C:\Program Files (x86)\Intel\Intel(R) Management Engine Components\DAL;C:\Program Files (x86)\Intel\Intel(R) Management Engine Components\IPT;C:\Program Files (x86)\Intel\OpenCL SDK\3.0\bin\x86;C:\Program Files (x86)\Intel\OpenCL SDK\3.0\bin\x64;C:\Program Files (x86)\Windows Live\Shared;C:\binaries;c:\Program Files (x86)\Microsoft SQL Server\100\Tools\Binn\;c:\Program Files\Microsoft SQL Server\100\Tools\Binn\;c:\Program Files\Microsoft SQL Server\100\DTS\Binn\;C:\strawberry\c\bin;C:\strawberry\perl\site\bin;C:\strawberry\perl\bin;C:\Program Files (x86)\Microsoft SQL Server\110\Tools\Binn\ManagementStudio\;C:\Program Files (x86)\Microsoft SQL Server\110\Tools\Binn\;C:\Program Files\Microsoft SQL Server\110\Tools\Binn\;C:\Program Files (x86)\Microsoft SQL Server\110\DTS\Binn\;C:\Program Files\TortoiseSVN\bin;C:\Python34;C:\Program Files (x86)\Java\jre7\bin;C:\eclipse;
USERNAME=inacio
OS=Windows_NT
PROCESSOR_IDENTIFIER=Intel64 Family 6 Model 69 Stepping 1, GenuineIntel



---------------  S Y S T E M  ---------------

OS: Windows 8 , 64 bit Build 9200 

CPU:total 4 (2 cores per cpu, 2 threads per core) family 6 model 69 stepping 1, cmov, cx8, fxsr, mmx, sse, sse2, sse3, ssse3, sse4.1, sse4.2, popcnt, avx, avx2, aes, erms, ht, tsc, tscinvbit

Memory: 4k page, physical 8290700k(1976180k free), swap 9535884k(2503012k free)

vm_info: Java HotSpot(TM) Client VM (24.60-b09) for windows-x86 JRE (1.7.0_60-b19), built on May  7 2014 13:09:52 by "java_re" with unknown MS VC++:1600

time: Thu Jul 03 15:28:42 2014
elapsed time: 446 seconds

