#
# A fatal error has been detected by the Java Runtime Environment:
#
#  EXCEPTION_ACCESS_VIOLATION (0xc0000005) at pc=0x0fc39052, pid=7876, tid=1732
#
# JRE version: Java(TM) SE Runtime Environment (7.0_60-b19) (build 1.7.0_60-b19)
# Java VM: Java HotSpot(TM) Client VM (24.60-b09 mixed mode, sharing windows-x86 )
# Problematic frame:
# C  [berkelium.dll+0xa39052]
#
# Failed to write core dump. Minidumps are not enabled by default on client versions of Windows
#
# If you would like to submit a bug report, please visit:
#   http://bugreport.sun.com/bugreport/crash.jsp
#

---------------  T H R E A D  ---------------

Current thread (0x01ebfc00):  VMThread [stack: 0x040b0000,0x04100000] [id=1732]

siginfo: ExceptionCode=0xc0000005, reading address 0x000000f8

Registers:
EAX=0x040ff584, EBX=0x000493e0, ECX=0x040ff584, EDX=0xda7dfdf8
ESP=0x040ff574, EBP=0x00000065, ESI=0x00000000, EDI=0xec5fa0f8
EIP=0x0fc39052, EFLAGS=0x00010206

Top of Stack: (sp=0x040ff574)
0x040ff574:   06ac1168 06ac1168 06a1ab00 00000000
0x040ff584:   da7dfdf8 00000065 06ab3a20 06abc900
0x040ff594:   00000000 00000000 00000000 74616401
0x040ff5a4:   69642d61 06d50072 00000023 0000002f
0x040ff5b4:   00000000 06a47070 002e5bd1 06ac1000
0x040ff5c4:   06a1ab44 ffffff00 0f26bf20 10d89778
0x040ff5d4:   06590030 00000000 0000000f 10d8a730
0x040ff5e4:   00000001 0f269783 00000008 00000001 

Instructions: (pc=0x0fc39052)
0x0fc39032:   03 00 00 57 53 e8 f4 c8 60 ff 8b ea 8d 54 24 10
0x0fc39042:   52 8b f8 e8 26 ca 00 00 83 c4 04 03 38 13 68 04
0x0fc39052:   8b 86 f8 00 00 00 0b 86 fc 00 00 00 89 7c 24 20
0x0fc39062:   89 6c 24 24 75 3e 39 84 24 d4 00 00 00 7f 35 7c 


Register to memory mapping:

EAX=
[error occurred during error reporting (printing register info), id 0xc0000005]

Stack: [0x040b0000,0x04100000],  sp=0x040ff574,  free space=317k
Native frames: (J=compiled Java code, j=interpreted, Vv=VM code, C=native code)
C  [berkelium.dll+0xa39052]

VM_Operation (0x0567e3c0): Exit, mode: safepoint, requested by thread 0x051f8c00


---------------  P R O C E S S  ---------------

Java Threads: ( => current thread )
  0x05522000 JavaThread "Image Fetcher 3" daemon [_thread_blocked, id=5512, stack(0x073e0000,0x07430000)]
  0x05520000 JavaThread "Image Fetcher 2" daemon [_thread_blocked, id=8252, stack(0x07660000,0x076b0000)]
  0x05522400 JavaThread "WeakCollectionCleaner" daemon [_thread_blocked, id=8144, stack(0x09500000,0x09550000)]
  0x0556c000 JavaThread "TimerQueue" daemon [_thread_blocked, id=1272, stack(0x074b0000,0x07500000)]
  0x0055e000 JavaThread "DestroyJavaVM" [_thread_blocked, id=1484, stack(0x004c0000,0x00510000)]
  0x051f8c00 JavaThread "AWT-EventQueue-0" [_thread_blocked, id=3912, stack(0x05630000,0x05680000)]
  0x046d4c00 JavaThread "AWT-Shutdown" [_thread_blocked, id=3568, stack(0x04cf0000,0x04d40000)]
  0x04665c00 JavaThread "Java2D Disposer" daemon [_thread_blocked, id=696, stack(0x04c60000,0x04cb0000)]
  0x01f3b000 JavaThread "Service Thread" daemon [_thread_blocked, id=10112, stack(0x04410000,0x04460000)]
  0x01f34800 JavaThread "C1 CompilerThread0" daemon [_thread_blocked, id=7028, stack(0x04380000,0x043d0000)]
  0x01f32c00 JavaThread "Attach Listener" daemon [_thread_blocked, id=3996, stack(0x042f0000,0x04340000)]
  0x01f31c00 JavaThread "Signal Dispatcher" daemon [_thread_blocked, id=7384, stack(0x04260000,0x042b0000)]
  0x01ec2800 JavaThread "Finalizer" daemon [_thread_blocked, id=4884, stack(0x041d0000,0x04220000)]
  0x01ec1000 JavaThread "Reference Handler" daemon [_thread_blocked, id=6960, stack(0x04140000,0x04190000)]

Other Threads:
=>0x01ebfc00 VMThread [stack: 0x040b0000,0x04100000] [id=1732]

VM state:at safepoint (shutting down)

VM Mutex/Monitor currently owned by a thread:  ([mutex/lock_event])
[0x0055c5a0] Threads_lock - owner thread: 0x01ebfc00

Heap
 def new generation   total 15872K, used 15530K [0x24000000, 0x25130000, 0x29550000)
  eden space 14144K,  97% used [0x24000000, 0x24d7aa08, 0x24dd0000)
  from space 1728K, 100% used [0x24f80000, 0x25130000, 0x25130000)
  to   space 1728K,   0% used [0x24dd0000, 0x24dd0000, 0x24f80000)
 tenured generation   total 34904K, used 25570K [0x29550000, 0x2b766000, 0x34000000)
   the space 34904K,  73% used [0x29550000, 0x2ae48aa8, 0x2ae48c00, 0x2b766000)
 compacting perm gen  total 12288K, used 9490K [0x34000000, 0x34c00000, 0x38000000)
   the space 12288K,  77% used [0x34000000, 0x34944948, 0x34944a00, 0x34c00000)
    ro space 10240K,  42% used [0x38000000, 0x38434778, 0x38434800, 0x38a00000)
    rw space 12288K,  52% used [0x38a00000, 0x39049a68, 0x39049c00, 0x39600000)

Card table byte_map: [0x03fa0000,0x04050000] byte_map_base: 0x03e80000

Polling page: 0x00410000

Code Cache  [0x01fa0000, 0x021a0000, 0x03fa0000)
 total_blobs=1247 nmethods=959 adapters=224 free_code_cache=30738Kb largest_free_block=31475776

Compilation events (10 events):
Event: 26.740 Thread 0x01f34800  964             sun.awt.image.PixelConverter$Argb::rgbToPixel (2 bytes)
Event: 26.740 Thread 0x01f34800 nmethod 964 0x0219a548 code [0x0219a640, 0x0219a6c0]
Event: 26.740 Thread 0x01f34800  965             javax.swing.plaf.nimbus.AbstractRegionPainter::decodeX (87 bytes)
Event: 26.741 Thread 0x01f34800 nmethod 965 0x0219a708 code [0x0219a860, 0x0219aa3c]
Event: 26.741 Thread 0x01f34800  966             javax.swing.plaf.nimbus.AbstractRegionPainter::decodeY (87 bytes)
Event: 26.741 Thread 0x01f34800 nmethod 966 0x0219aac8 code [0x0219ac20, 0x0219adfc]
Event: 27.038 Thread 0x01f34800  967   !         java.awt.EventQueue::getNextEvent (84 bytes)
Event: 27.039 Thread 0x01f34800 nmethod 967 0x0219ae88 code [0x0219aff0, 0x0219b1e0]
Event: 27.078 Thread 0x01f34800  968             java.security.ProtectionDomain$1::doIntersectionPrivilege (32 bytes)
Event: 27.079 Thread 0x01f34800 nmethod 968 0x0219b408 code [0x0219b530, 0x0219b6c4]

GC Heap History (10 events):
Event: 3.482 GC heap before
{Heap before GC invocations=13 (full 2):
 def new generation   total 9728K, used 7529K [0x24000000, 0x24a80000, 0x29550000)
  eden space 8704K,  86% used [0x24000000, 0x24758950, 0x24880000)
  from space 1024K,   0% used [0x24980000, 0x24981b90, 0x24a80000)
  to   space 1024K,   0% used [0x24880000, 0x24880000, 0x24980000)
 tenured generation   total 21364K, used 20275K [0x29550000, 0x2aa2d000, 0x34000000)
   the space 21364K,  94% used [0x29550000, 0x2a91cce8, 0x2a91ce00, 0x2aa2d000)
 compacting perm gen  total 12288K, used 8500K [0x34000000, 0x34c00000, 0x38000000)
   the space 12288K,  69% used [0x34000000, 0x3484d0a8, 0x3484d200, 0x34c00000)
    ro space 10240K,  42% used [0x38000000, 0x38434778, 0x38434800, 0x38a00000)
    rw space 12288K,  52% used [0x38a00000, 0x39049a68, 0x39049c00, 0x39600000)
Event: 3.539 GC heap after
Heap after GC invocations=14 (full 3):
 def new generation   total 11712K, used 0K [0x24000000, 0x24cb0000, 0x29550000)
  eden space 10432K,   0% used [0x24000000, 0x24000000, 0x24a30000)
  from space 1280K,   0% used [0x24a30000, 0x24a30000, 0x24b70000)
  to   space 1280K,   0% used [0x24b70000, 0x24b70000, 0x24cb0000)
 tenured generation   total 25808K, used 15483K [0x29550000, 0x2ae84000, 0x34000000)
   the space 25808K,  59% used [0x29550000, 0x2a46ef08, 0x2a46f000, 0x2ae84000)
 compacting perm gen  total 12288K, used 8500K [0x34000000, 0x34c00000, 0x38000000)
   the space 12288K,  69% used [0x34000000, 0x3484d0a8, 0x3484d200, 0x34c00000)
    ro space 10240K,  42% used [0x38000000, 0x38434778, 0x38434800, 0x38a00000)
    rw space 12288K,  52% used [0x38a00000, 0x39049a68, 0x39049c00, 0x39600000)
}
Event: 5.569 GC heap before
{Heap before GC invocations=14 (full 3):
 def new generation   total 11712K, used 10432K [0x24000000, 0x24cb0000, 0x29550000)
  eden space 10432K, 100% used [0x24000000, 0x24a30000, 0x24a30000)
  from space 1280K,   0% used [0x24a30000, 0x24a30000, 0x24b70000)
  to   space 1280K,   0% used [0x24b70000, 0x24b70000, 0x24cb0000)
 tenured generation   total 25808K, used 15483K [0x29550000, 0x2ae84000, 0x34000000)
   the space 25808K,  59% used [0x29550000, 0x2a46ef08, 0x2a46f000, 0x2ae84000)
 compacting perm gen  total 12288K, used 8645K [0x34000000, 0x34c00000, 0x38000000)
   the space 12288K,  70% used [0x34000000, 0x34871730, 0x34871800, 0x34c00000)
    ro space 10240K,  42% used [0x38000000, 0x38434778, 0x38434800, 0x38a00000)
    rw space 12288K,  52% used [0x38a00000, 0x39049a68, 0x39049c00, 0x39600000)
Event: 5.575 GC heap after
Heap after GC invocations=15 (full 3):
 def new generation   total 11712K, used 1280K [0x24000000, 0x24cb0000, 0x29550000)
  eden space 10432K,   0% used [0x24000000, 0x24000000, 0x24a30000)
  from space 1280K, 100% used [0x24b70000, 0x24cb0000, 0x24cb0000)
  to   space 1280K,   0% used [0x24a30000, 0x24a30000, 0x24b70000)
 tenured generation   total 25808K, used 19352K [0x29550000, 0x2ae84000, 0x34000000)
   the space 25808K,  74% used [0x29550000, 0x2a8363b8, 0x2a836400, 0x2ae84000)
 compacting perm gen  total 12288K, used 8645K [0x34000000, 0x34c00000, 0x38000000)
   the space 12288K,  70% used [0x34000000, 0x34871730, 0x34871800, 0x34c00000)
    ro space 10240K,  42% used [0x38000000, 0x38434778, 0x38434800, 0x38a00000)
    rw space 12288K,  52% used [0x38a00000, 0x39049a68, 0x39049c00, 0x39600000)
}
Event: 21.240 GC heap before
{Heap before GC invocations=15 (full 3):
 def new generation   total 11712K, used 10261K [0x24000000, 0x24cb0000, 0x29550000)
  eden space 10432K,  86% used [0x24000000, 0x248c57d0, 0x24a30000)
  from space 1280K, 100% used [0x24b70000, 0x24cb0000, 0x24cb0000)
  to   space 1280K,   0% used [0x24a30000, 0x24a30000, 0x24b70000)
 tenured generation   total 25808K, used 19352K [0x29550000, 0x2ae84000, 0x34000000)
   the space 25808K,  74% used [0x29550000, 0x2a8363b8, 0x2a836400, 0x2ae84000)
 compacting perm gen  total 12288K, used 9257K [0x34000000, 0x34c00000, 0x38000000)
   the space 12288K,  75% used [0x34000000, 0x3490a580, 0x3490a600, 0x34c00000)
    ro space 10240K,  42% used [0x38000000, 0x38434778, 0x38434800, 0x38a00000)
    rw space 12288K,  52% used [0x38a00000, 0x39049a68, 0x39049c00, 0x39600000)
Event: 21.244 GC heap after
Heap after GC invocations=16 (full 3):
 def new generation   total 11712K, used 805K [0x24000000, 0x24cb0000, 0x29550000)
  eden space 10432K,   0% used [0x24000000, 0x24000000, 0x24a30000)
  from space 1280K,  62% used [0x24a30000, 0x24af9680, 0x24b70000)
  to   space 1280K,   0% used [0x24b70000, 0x24b70000, 0x24cb0000)
 tenured generation   total 25808K, used 20613K [0x29550000, 0x2ae84000, 0x34000000)
   the space 25808K,  79% used [0x29550000, 0x2a971430, 0x2a971600, 0x2ae84000)
 compacting perm gen  total 12288K, used 9257K [0x34000000, 0x34c00000, 0x38000000)
   the space 12288K,  75% used [0x34000000, 0x3490a580, 0x3490a600, 0x34c00000)
    ro space 10240K,  42% used [0x38000000, 0x38434778, 0x38434800, 0x38a00000)
    rw space 12288K,  52% used [0x38a00000, 0x39049a68, 0x39049c00, 0x39600000)
}
Event: 21.403 GC heap before
{Heap before GC invocations=16 (full 3):
 def new generation   total 11712K, used 11233K [0x24000000, 0x24cb0000, 0x29550000)
  eden space 10432K,  99% used [0x24000000, 0x24a2ef30, 0x24a30000)
  from space 1280K,  62% used [0x24a30000, 0x24af9680, 0x24b70000)
  to   space 1280K,   0% used [0x24b70000, 0x24b70000, 0x24cb0000)
 tenured generation   total 25808K, used 20613K [0x29550000, 0x2ae84000, 0x34000000)
   the space 25808K,  79% used [0x29550000, 0x2a971430, 0x2a971600, 0x2ae84000)
 compacting perm gen  total 12288K, used 9365K [0x34000000, 0x34c00000, 0x38000000)
   the space 12288K,  76% used [0x34000000, 0x34925690, 0x34925800, 0x34c00000)
    ro space 10240K,  42% used [0x38000000, 0x38434778, 0x38434800, 0x38a00000)
    rw space 12288K,  52% used [0x38a00000, 0x39049a68, 0x39049c00, 0x39600000)
Event: 21.476 GC heap after
Heap after GC invocations=17 (full 4):
 def new generation   total 15872K, used 0K [0x24000000, 0x25130000, 0x29550000)
  eden space 14144K,   0% used [0x24000000, 0x24000000, 0x24dd0000)
  from space 1728K,   0% used [0x24dd0000, 0x24dd0000, 0x24f80000)
  to   space 1728K,   0% used [0x24f80000, 0x24f80000, 0x25130000)
 tenured generation   total 34904K, used 20942K [0x29550000, 0x2b766000, 0x34000000)
   the space 34904K,  59% used [0x29550000, 0x2a9c3948, 0x2a9c3a00, 0x2b766000)
 compacting perm gen  total 12288K, used 9358K [0x34000000, 0x34c00000, 0x38000000)
   the space 12288K,  76% used [0x34000000, 0x34923a60, 0x34923c00, 0x34c00000)
    ro space 10240K,  42% used [0x38000000, 0x38434778, 0x38434800, 0x38a00000)
    rw space 12288K,  52% used [0x38a00000, 0x39049a68, 0x39049c00, 0x39600000)
}
Event: 24.709 GC heap before
{Heap before GC invocations=17 (full 4):
 def new generation   total 15872K, used 14141K [0x24000000, 0x25130000, 0x29550000)
  eden space 14144K,  99% used [0x24000000, 0x24dcf7f0, 0x24dd0000)
  from space 1728K,   0% used [0x24dd0000, 0x24dd0000, 0x24f80000)
  to   space 1728K,   0% used [0x24f80000, 0x24f80000, 0x25130000)
 tenured generation   total 34904K, used 20942K [0x29550000, 0x2b766000, 0x34000000)
   the space 34904K,  59% used [0x29550000, 0x2a9c3948, 0x2a9c3a00, 0x2b766000)
 compacting perm gen  total 12288K, used 9486K [0x34000000, 0x34c00000, 0x38000000)
   the space 12288K,  77% used [0x34000000, 0x34943a28, 0x34943c00, 0x34c00000)
    ro space 10240K,  42% used [0x38000000, 0x38434778, 0x38434800, 0x38a00000)
    rw space 12288K,  52% used [0x38a00000, 0x39049a68, 0x39049c00, 0x39600000)
Event: 24.717 GC heap after
Heap after GC invocations=18 (full 4):
 def new generation   total 15872K, used 1728K [0x24000000, 0x25130000, 0x29550000)
  eden space 14144K,   0% used [0x24000000, 0x24000000, 0x24dd0000)
  from space 1728K, 100% used [0x24f80000, 0x25130000, 0x25130000)
  to   space 1728K,   0% used [0x24dd0000, 0x24dd0000, 0x24f80000)
 tenured generation   total 34904K, used 25570K [0x29550000, 0x2b766000, 0x34000000)
   the space 34904K,  73% used [0x29550000, 0x2ae48aa8, 0x2ae48c00, 0x2b766000)
 compacting perm gen  total 12288K, used 9486K [0x34000000, 0x34c00000, 0x38000000)
   the space 12288K,  77% used [0x34000000, 0x34943a28, 0x34943c00, 0x34c00000)
    ro space 10240K,  42% used [0x38000000, 0x38434778, 0x38434800, 0x38a00000)
    rw space 12288K,  52% used [0x38a00000, 0x39049a68, 0x39049c00, 0x39600000)
}

Deoptimization events (0 events):
No events

Internal exceptions (10 events):
Event: 21.483 Thread 0x0885c000 Threw 0x24070170 at C:\re\jdk7u60\1081\hotspot\src\share\vm\prims\jvm.cpp:1244
Event: 21.484 Thread 0x0885c000 Threw 0x240744a8 at C:\re\jdk7u60\1081\hotspot\src\share\vm\prims\jvm.cpp:1244
Event: 21.485 Thread 0x0885c000 Threw 0x24079ba8 at C:\re\jdk7u60\1081\hotspot\src\share\vm\prims\jvm.cpp:1244
Event: 21.485 Thread 0x0885c000 Threw 0x2407d5e8 at C:\re\jdk7u60\1081\hotspot\src\share\vm\prims\jvm.cpp:1244
Event: 21.487 Thread 0x0885c000 Threw 0x24088cd0 at C:\re\jdk7u60\1081\hotspot\src\share\vm\prims\jvm.cpp:1244
Event: 21.488 Thread 0x0885c000 Threw 0x24091800 at C:\re\jdk7u60\1081\hotspot\src\share\vm\interpreter\linkResolver.cpp:883
Event: 23.366 Thread 0x05520000 Threw 0x24851c20 at C:\re\jdk7u60\1081\hotspot\src\share\vm\prims\jvm.cpp:2917
Event: 24.702 Thread 0x051f8c00 Threw 0x24ade550 at C:\re\jdk7u60\1081\hotspot\src\share\vm\prims\jvm.cpp:1244
Event: 25.734 Thread 0x05522000 Threw 0x2472d598 at C:\re\jdk7u60\1081\hotspot\src\share\vm\prims\jvm.cpp:2917
Event: 26.807 Thread 0x05520000 Threw 0x24d26720 at C:\re\jdk7u60\1081\hotspot\src\share\vm\prims\jvm.cpp:2917

Events (10 events):
Event: 27.598 loading class 0x39670c20
Event: 27.598 loading class 0x39670bc8
Event: 27.598 loading class 0x39670bc8 done
Event: 27.598 loading class 0x39670c20 done
Event: 27.598 Thread 0x0551f800 Thread exited: 0x0551f800
Event: 27.598 Thread 0x0551f400 Thread exited: 0x0551f400
Event: 27.598 Thread 0x0551ec00 Thread exited: 0x0551ec00
Event: 27.620 Thread 0x046d5400 Thread exited: 0x046d5400
Event: 27.699 Thread 0x05520800 Thread exited: 0x05520800
Event: 27.699 Executing VM operation: Exit


Dynamic libraries:
0x00a70000 - 0x00a9f000 	C:\Program Files (x86)\Java\jre7\bin\javaw.exe
0x76fe0000 - 0x77137000 	C:\Windows\SYSTEM32\ntdll.dll
0x74690000 - 0x747c0000 	C:\Windows\SYSTEM32\KERNEL32.DLL
0x76a80000 - 0x76b27000 	C:\Windows\SYSTEM32\KERNELBASE.dll
0x747c0000 - 0x7486e000 	C:\Windows\SYSTEM32\ADVAPI32.dll
0x764f0000 - 0x76606000 	C:\Windows\SYSTEM32\USER32.dll
0x73130000 - 0x73328000 	C:\Windows\WinSxS\x86_microsoft.windows.common-controls_6595b64144ccf1df_6.0.9200.16579_none_8937eec6860750f5\COMCTL32.dll
0x76000000 - 0x760b1000 	C:\Windows\SYSTEM32\msvcrt.dll
0x74870000 - 0x748a4000 	C:\Windows\SYSTEM32\sechost.dll
0x760c0000 - 0x7616c000 	C:\Windows\SYSTEM32\RPCRT4.dll
0x748b0000 - 0x749ad000 	C:\Windows\SYSTEM32\GDI32.dll
0x745d0000 - 0x745ed000 	C:\Windows\SYSTEM32\SspiCli.dll
0x745c0000 - 0x745c9000 	C:\Windows\SYSTEM32\CRYPTBASE.dll
0x74560000 - 0x745b1000 	C:\Windows\SYSTEM32\bcryptPrimitives.dll
0x762e0000 - 0x76300000 	C:\Windows\system32\IMM32.DLL
0x76680000 - 0x7675e000 	C:\Windows\SYSTEM32\MSCTF.dll
0x5f9e0000 - 0x5fa9f000 	C:\Program Files (x86)\Java\jre7\bin\msvcr100.dll
0x6f250000 - 0x6f5d8000 	C:\Program Files (x86)\Java\jre7\bin\client\jvm.dll
0x71c10000 - 0x71c18000 	C:\Windows\SYSTEM32\WSOCK32.dll
0x71fb0000 - 0x71fd1000 	C:\Windows\SYSTEM32\WINMM.dll
0x76300000 - 0x76306000 	C:\Windows\SYSTEM32\PSAPI.DLL
0x75f80000 - 0x75fd0000 	C:\Windows\SYSTEM32\WS2_32.dll
0x71c70000 - 0x71c9b000 	C:\Windows\SYSTEM32\WINMMBASE.dll
0x75ff0000 - 0x75ff8000 	C:\Windows\SYSTEM32\NSI.dll
0x76b30000 - 0x76b76000 	C:\Windows\SYSTEM32\cfgmgr32.dll
0x75f00000 - 0x75f1e000 	C:\Windows\SYSTEM32\DEVOBJ.dll
0x720a0000 - 0x720ac000 	C:\Program Files (x86)\Java\jre7\bin\verify.dll
0x71910000 - 0x71930000 	C:\Program Files (x86)\Java\jre7\bin\java.dll
0x718d0000 - 0x718e3000 	C:\Program Files (x86)\Java\jre7\bin\zip.dll
0x5e360000 - 0x5e4a3000 	C:\Program Files (x86)\Java\jre7\bin\awt.dll
0x76c00000 - 0x76c8b000 	C:\Windows\SYSTEM32\OLEAUT32.dll
0x76de0000 - 0x76f16000 	C:\Windows\SYSTEM32\combase.dll
0x72dd0000 - 0x72e77000 	C:\Windows\system32\apphelp.dll
0x71a40000 - 0x71a59000 	C:\Windows\system32\DWMAPI.DLL
0x726b0000 - 0x72738000 	C:\Windows\system32\uxtheme.dll
0x76760000 - 0x76879000 	C:\Windows\SYSTEM32\ole32.dll
0x74da0000 - 0x75e66000 	C:\Windows\SYSTEM32\SHELL32.dll
0x75f40000 - 0x75f80000 	C:\Windows\SYSTEM32\SHLWAPI.dll
0x73330000 - 0x733a3000 	C:\Windows\SYSTEM32\shcore.dll
0x5f9a0000 - 0x5f9d9000 	C:\Program Files (x86)\Java\jre7\bin\fontmanager.dll
0x718b0000 - 0x718c4000 	C:\Program Files (x86)\Java\jre7\bin\net.dll
0x72e80000 - 0x72eca000 	C:\Windows\system32\mswsock.dll
0x718a0000 - 0x718af000 	C:\Program Files (x86)\Java\jre7\bin\nio.dll
0x5e330000 - 0x5e360000 	C:\Program Files (x86)\Java\jre7\bin\t2k.dll
0x76b80000 - 0x76bf4000 	C:\Windows\SYSTEM32\clbcatq.dll
0x6a8a0000 - 0x6a9eb000 	C:\Windows\SYSTEM32\WindowsCodecs.dll
0x76dc0000 - 0x76dd1000 	C:\Windows\SYSTEM32\profapi.dll
0x5e300000 - 0x5e324000 	C:\Program Files (x86)\Java\jre7\bin\dcpr.dll
0x5e290000 - 0x5e2fd000 	C:\binaries\terrajava.dll
0x5e1a0000 - 0x5e287000 	C:\binaries\terramanager-funcate.dll
0x573f0000 - 0x57c96000 	C:\binaries\terralib.dll
0x64af0000 - 0x64b59000 	C:\Windows\SYSTEM32\MSVCP100.dll
0x6d880000 - 0x6db4c000 	C:\binaries\bgd.dll
0x5f980000 - 0x5f99b000 	C:\binaries\terraogc_xml.dll
0x5e180000 - 0x5e19d000 	C:\binaries\terraogc_sld.dll
0x5e150000 - 0x5e176000 	C:\binaries\terraogc_se.dll
0x5e110000 - 0x5e146000 	C:\binaries\terraogc_filter.dll
0x5da60000 - 0x5dab2000 	C:\binaries\terraogc_ows.dll
0x5e0f0000 - 0x5e109000 	C:\binaries\terraogc_common.dll
0x5da50000 - 0x5da5b000 	C:\binaries\terralib_shp.dll
0x5da40000 - 0x5da4e000 	C:\binaries\terralib_spl.dll
0x05bd0000 - 0x05fc6000 	C:\binaries\qt-mt338.dll
0x613d0000 - 0x6149e000 	C:\Windows\SYSTEM32\OPENGL32.dll
0x613a0000 - 0x613c3000 	C:\Windows\SYSTEM32\GLU32.dll
0x597c0000 - 0x5983f000 	C:\binaries\qwt500.dll
0x0f200000 - 0x111ff000 	C:\binaries\berkelium.dll
0x05fd0000 - 0x06111000 	C:\binaries\LIBMYSQL.dll
0x63100000 - 0x63121000 	C:\binaries\LIBPQ.dll
0x06120000 - 0x06181000 	C:\binaries\OCI.dll
0x59730000 - 0x597ba000 	C:\binaries\libtiff.dll
0x56580000 - 0x56d52000 	C:\binaries\gdal110.dll
0x12000000 - 0x121dc000 	C:\binaries\xerces-c_3_1.dll
0x596d0000 - 0x59725000 	C:\binaries\terraogc_wms.dll
0x59670000 - 0x596c3000 	C:\binaries\terraogc_gml.dll
0x59620000 - 0x59661000 	C:\binaries\terraogc_xsd.dll
0x5a810000 - 0x5a830000 	C:\binaries\terraogc_xacml.dll
0x71f30000 - 0x71f90000 	C:\Windows\SYSTEM32\WINSPOOL.DRV
0x7c340000 - 0x7c396000 	C:\Windows\SYSTEM32\MSVCR71.dll
0x608a0000 - 0x60979000 	C:\Windows\SYSTEM32\DDRAW.dll
0x727a0000 - 0x727a9000 	C:\Windows\SYSTEM32\Secur32.dll
0x75f20000 - 0x75f3b000 	C:\Windows\SYSTEM32\USERENV.dll
0x71520000 - 0x71570000 	C:\Windows\SYSTEM32\OLEACC.dll
0x54200000 - 0x54276000 	C:\Windows\SYSTEM32\RICHED20.dll
0x72ee0000 - 0x72ee8000 	C:\Windows\SYSTEM32\VERSION.dll
0x720b0000 - 0x720c4000 	C:\Windows\SYSTEM32\USP10.dll
0x72c50000 - 0x72cc5000 	C:\Windows\SYSTEM32\DNSAPI.dll
0x06230000 - 0x062da000 	C:\Windows\libeay32.dll
0x062e0000 - 0x062ed000 	C:\binaries\libintl-2.dll
0x72ed0000 - 0x72ed6000 	C:\Windows\SYSTEM32\SHFOLDER.DLL
0x062f0000 - 0x06316000 	C:\Windows\ssleay32.dll
0x06320000 - 0x06346000 	C:\binaries\libexpat.dll
0x60770000 - 0x60811000 	C:\Windows\SYSTEM32\ODBC32.dll
0x60760000 - 0x60767000 	C:\Windows\SYSTEM32\DCIMAN32.dll
0x663b0000 - 0x663db000 	C:\Windows\SYSTEM32\msls31.dll
0x063a0000 - 0x0647b000 	C:\binaries\libiconv-2.dll
0x6f600000 - 0x6f61d000 	C:\Windows\SYSTEM32\gpapi.dll
0x74530000 - 0x74556000 	C:\Windows\SYSTEM32\ntmarta.dll
0x54e60000 - 0x55708000 	C:\binaries\icudt46.dll
0x53850000 - 0x53979000 	C:\Windows\SYSTEM32\dbghelp.dll
0x72040000 - 0x72050000 	C:\Windows\system32\napinsp.dll
0x72020000 - 0x72034000 	C:\Windows\system32\pnrpnsp.dll
0x72010000 - 0x72020000 	C:\Windows\system32\NLAapi.dll
0x72000000 - 0x72009000 	C:\Windows\System32\winrnr.dll
0x71ac0000 - 0x71ad0000 	C:\Windows\system32\wshbth.dll
0x726a0000 - 0x726a7000 	C:\Windows\System32\rasadhlp.dll
0x71c30000 - 0x71c6f000 	C:\Windows\System32\fwpuclnt.dll
0x72cd0000 - 0x72cf0000 	C:\Windows\SYSTEM32\IPHLPAPI.DLL
0x72c40000 - 0x72c48000 	C:\Windows\SYSTEM32\WINNSI.DLL
0x730d0000 - 0x730ea000 	C:\Windows\SYSTEM32\CRYPTSP.dll
0x73090000 - 0x730ce000 	C:\Windows\system32\rsaenh.dll
0x72c30000 - 0x72c40000 	C:\Windows\SYSTEM32\dhcpcsvc6.DLL
0x72c10000 - 0x72c22000 	C:\Windows\SYSTEM32\dhcpcsvc.DLL
0x595f0000 - 0x59615000 	C:\Program Files (x86)\Java\jre7\bin\jpeg.dll

VM Arguments:
jvm_args: -Dfile.encoding=ISO-8859-1 
java_command: com.nexusbr.gv.main.ConnectDBMain
Launcher Type: SUN_STANDARD

Environment Variables:
JAVA_HOME=C:\Program Files (x86)\Java\jre7
PATH=C:/Program Files (x86)/Java/jre7/bin/client;C:/Program Files (x86)/Java/jre7/bin;C:/Program Files (x86)/Java/jre7/lib/i386;C:\Program Files (x86)\PHP\;c:\Program Files (x86)\Intel\iCLS Client\;c:\Program Files\Intel\iCLS Client\;C:\Windows\system32;C:\Windows;C:\Windows\System32\Wbem;C:\Windows\System32\WindowsPowerShell\v1.0\;C:\Program Files\Intel\Intel(R) Management Engine Components\DAL;C:\Program Files\Intel\Intel(R) Management Engine Components\IPT;C:\Program Files (x86)\Intel\Intel(R) Management Engine Components\DAL;C:\Program Files (x86)\Intel\Intel(R) Management Engine Components\IPT;C:\Program Files (x86)\Intel\OpenCL SDK\3.0\bin\x86;C:\Program Files (x86)\Intel\OpenCL SDK\3.0\bin\x64;C:\Program Files (x86)\Windows Live\Shared;C:\binaries;c:\Program Files (x86)\Microsoft SQL Server\100\Tools\Binn\;c:\Program Files\Microsoft SQL Server\100\Tools\Binn\;c:\Program Files\Microsoft SQL Server\100\DTS\Binn\;C:\strawberry\c\bin;C:\strawberry\perl\site\bin;C:\strawberry\perl\bin;C:\Program Files (x86)\Microsoft SQL Server\110\Tools\Binn\ManagementStudio\;C:\Program Files (x86)\Microsoft SQL Server\110\Tools\Binn\;C:\Program Files\Microsoft SQL Server\110\Tools\Binn\;C:\Program Files (x86)\Microsoft SQL Server\110\DTS\Binn\;C:\Program Files\TortoiseSVN\bin;C:\Python34;C:\Program Files (x86)\Java\jre7\bin;C:\eclipse;
USERNAME=inacio
OS=Windows_NT
PROCESSOR_IDENTIFIER=Intel64 Family 6 Model 69 Stepping 1, GenuineIntel



---------------  S Y S T E M  ---------------

OS: Windows 8 , 64 bit Build 9200 

CPU:total 4 (2 cores per cpu, 2 threads per core) family 6 model 69 stepping 1, cmov, cx8, fxsr, mmx, sse, sse2, sse3, ssse3, sse4.1, sse4.2, popcnt, avx, avx2, aes, erms, ht, tsc, tscinvbit

Memory: 4k page, physical 8290700k(4599640k free), swap 9535884k(5067544k free)

vm_info: Java HotSpot(TM) Client VM (24.60-b09) for windows-x86 JRE (1.7.0_60-b19), built on May  7 2014 13:09:52 by "java_re" with unknown MS VC++:1600

time: Wed Jul 02 17:23:04 2014
elapsed time: 27 seconds

