#
# A fatal error has been detected by the Java Runtime Environment:
#
#  EXCEPTION_ACCESS_VIOLATION (0xc0000005) at pc=0x10399052, pid=5592, tid=1904
#
# JRE version: Java(TM) SE Runtime Environment (7.0_60-b19) (build 1.7.0_60-b19)
# Java VM: Java HotSpot(TM) Client VM (24.60-b09 mixed mode, sharing windows-x86 )
# Problematic frame:
# C  [berkelium.dll+0xa39052]
#
# Failed to write core dump. Minidumps are not enabled by default on client versions of Windows
#
# If you would like to submit a bug report, please visit:
#   http://bugreport.sun.com/bugreport/crash.jsp
#

---------------  T H R E A D  ---------------

Current thread (0x0238fc00):  VMThread [stack: 0x04620000,0x04670000] [id=1904]

siginfo: ExceptionCode=0xc0000005, reading address 0x000000f8

Registers:
EAX=0x0466f054, EBX=0x000493e0, ECX=0x0466f054, EDX=0xebfb1ff8
ESP=0x0466f044, EBP=0x00000078, ESI=0x00000000, EDI=0xfddcc2f8
EIP=0x10399052, EFLAGS=0x00010206

Top of Stack: (sp=0x0466f044)
0x0466f044:   07022168 07022168 06f7ab00 00000000
0x0466f054:   ebfb1ff8 00000078 07013a20 0701c990
0x0466f064:   00000000 00000000 00000000 74616401
0x0466f074:   69642d61 07290072 00000023 0000002f
0x0466f084:   00000000 06fa7070 002e5be5 07022000
0x0466f094:   06f7ab44 ffffff00 0f9cbf20 114e9778
0x0466f0a4:   06ad0030 00000000 0000000f 114ea730
0x0466f0b4:   00000001 0f9c9783 00000008 00000001 

Instructions: (pc=0x10399052)
0x10399032:   03 00 00 57 53 e8 f4 c8 60 ff 8b ea 8d 54 24 10
0x10399042:   52 8b f8 e8 26 ca 00 00 83 c4 04 03 38 13 68 04
0x10399052:   8b 86 f8 00 00 00 0b 86 fc 00 00 00 89 7c 24 20
0x10399062:   89 6c 24 24 75 3e 39 84 24 d4 00 00 00 7f 35 7c 


Register to memory mapping:

EAX=
[error occurred during error reporting (printing register info), id 0xc0000005]

Stack: [0x04620000,0x04670000],  sp=0x0466f044,  free space=316k
Native frames: (J=compiled Java code, j=interpreted, Vv=VM code, C=native code)
C  [berkelium.dll+0xa39052]

[error occurred during error reporting (printing native stack), id 0xc0000005]

VM_Operation (0x05bdebb0): Exit, mode: safepoint, requested by thread 0x05757c00


---------------  P R O C E S S  ---------------

Java Threads: ( => current thread )
  0x05abe800 JavaThread "WeakCollectionCleaner" daemon [_thread_blocked, id=10820, stack(0x07b00000,0x07b50000)]
  0x05ab3400 JavaThread "TimerQueue" daemon [_thread_blocked, id=10364, stack(0x079c0000,0x07a10000)]
  0x009fe000 JavaThread "DestroyJavaVM" [_thread_blocked, id=10432, stack(0x00aa0000,0x00af0000)]
  0x05757c00 JavaThread "AWT-EventQueue-0" [_thread_blocked, id=3372, stack(0x05b90000,0x05be0000)]
  0x04bf4c00 JavaThread "AWT-Shutdown" [_thread_blocked, id=7012, stack(0x05260000,0x052b0000)]
  0x04bf3800 JavaThread "Java2D Disposer" daemon [_thread_blocked, id=10552, stack(0x05210000,0x05260000)]
  0x0240b000 JavaThread "Service Thread" daemon [_thread_blocked, id=1396, stack(0x04980000,0x049d0000)]
  0x02404800 JavaThread "C1 CompilerThread0" daemon [_thread_blocked, id=10072, stack(0x048f0000,0x04940000)]
  0x02402c00 JavaThread "Attach Listener" daemon [_thread_blocked, id=7004, stack(0x04860000,0x048b0000)]
  0x02400c00 JavaThread "Signal Dispatcher" daemon [_thread_blocked, id=5932, stack(0x047d0000,0x04820000)]
  0x02392800 JavaThread "Finalizer" daemon [_thread_blocked, id=1536, stack(0x04740000,0x04790000)]
  0x02391000 JavaThread "Reference Handler" daemon [_thread_blocked, id=10748, stack(0x046b0000,0x04700000)]

Other Threads:
=>0x0238fc00 VMThread [stack: 0x04620000,0x04670000] [id=1904]

VM state:at safepoint (shutting down)

VM Mutex/Monitor currently owned by a thread:  ([mutex/lock_event])
[0x009fc670] Threads_lock - owner thread: 0x0238fc00

Heap
 def new generation   total 78656K, used 63957K [0x24000000, 0x29550000, 0x29550000)
  eden space 69952K,  78% used [0x24000000, 0x275f55f8, 0x28450000)
  from space 8704K, 100% used [0x28450000, 0x28cd0000, 0x28cd0000)
  to   space 8704K,   0% used [0x28cd0000, 0x28cd0000, 0x29550000)
 tenured generation   total 174784K, used 78241K [0x29550000, 0x34000000, 0x34000000)
   the space 174784K,  44% used [0x29550000, 0x2e1b84a8, 0x2e1b8600, 0x34000000)
 compacting perm gen  total 12288K, used 10870K [0x34000000, 0x34c00000, 0x38000000)
   the space 12288K,  88% used [0x34000000, 0x34a9d9e8, 0x34a9da00, 0x34c00000)
    ro space 10240K,  42% used [0x38000000, 0x38434778, 0x38434800, 0x38a00000)
    rw space 12288K,  52% used [0x38a00000, 0x39049a68, 0x39049c00, 0x39600000)

Card table byte_map: [0x04530000,0x045e0000] byte_map_base: 0x04410000

Polling page: 0x009a0000

Code Cache  [0x024b0000, 0x028a0000, 0x044b0000)
 total_blobs=2451 nmethods=2150 adapters=237 free_code_cache=28767Kb largest_free_block=29426240

Compilation events (10 events):
Event: 109.104 Thread 0x02404800 2179             org.geotools.filter.AndImpl::evaluate (46 bytes)
Event: 109.104 Thread 0x02404800 nmethod 2179 0x02698748 code [0x02698890, 0x02698a00]
Event: 109.106 Thread 0x02404800 2180             java.awt.geom.AffineTransform::getShearX (5 bytes)
Event: 109.106 Thread 0x02404800 nmethod 2180 0x0274d508 code [0x0274d600, 0x0274d680]
Event: 109.106 Thread 0x02404800 2181             java.awt.geom.AffineTransform::getShearY (5 bytes)
Event: 109.106 Thread 0x02404800 nmethod 2181 0x026e1c88 code [0x026e1d80, 0x026e1e00]
Event: 109.107 Thread 0x02404800 2182             org.geotools.data.ReTypeFeatureReader::next (119 bytes)
Event: 109.108 Thread 0x02404800 nmethod 2182 0x027fd608 code [0x027fd7d0, 0x027fdc0c]
Event: 109.108 Thread 0x02404800 2183             org.geotools.renderer.lite.StreamingRenderer::process (156 bytes)
Event: 109.108 Thread 0x02404800 nmethod 2183 0x027560c8 code [0x02756200, 0x027564d4]

GC Heap History (10 events):
Event: 55.631 GC heap before
{Heap before GC invocations=46 (full 9):
 def new generation   total 78656K, used 72847K [0x24000000, 0x29550000, 0x29550000)
  eden space 69952K,  99% used [0x24000000, 0x2841f790, 0x28450000)
  from space 8704K,  35% used [0x28450000, 0x287545e8, 0x28cd0000)
  to   space 8704K,   0% used [0x28cd0000, 0x28cd0000, 0x29550000)
 tenured generation   total 174784K, used 148978K [0x29550000, 0x34000000, 0x34000000)
   the space 174784K,  85% used [0x29550000, 0x326cc810, 0x326cca00, 0x34000000)
 compacting perm gen  total 12288K, used 8814K [0x34000000, 0x34c00000, 0x38000000)
   the space 12288K,  71% used [0x34000000, 0x3489bae0, 0x3489bc00, 0x34c00000)
    ro space 10240K,  42% used [0x38000000, 0x38434778, 0x38434800, 0x38a00000)
    rw space 12288K,  52% used [0x38a00000, 0x39049a68, 0x39049c00, 0x39600000)
Event: 55.634 GC heap after
Heap after GC invocations=47 (full 9):
 def new generation   total 78656K, used 6646K [0x24000000, 0x29550000, 0x29550000)
  eden space 69952K,   0% used [0x24000000, 0x24000000, 0x28450000)
  from space 8704K,  76% used [0x28cd0000, 0x2934db38, 0x29550000)
  to   space 8704K,   0% used [0x28450000, 0x28450000, 0x28cd0000)
 tenured generation   total 174784K, used 148978K [0x29550000, 0x34000000, 0x34000000)
   the space 174784K,  85% used [0x29550000, 0x326cc810, 0x326cca00, 0x34000000)
 compacting perm gen  total 12288K, used 8814K [0x34000000, 0x34c00000, 0x38000000)
   the space 12288K,  71% used [0x34000000, 0x3489bae0, 0x3489bc00, 0x34c00000)
    ro space 10240K,  42% used [0x38000000, 0x38434778, 0x38434800, 0x38a00000)
    rw space 12288K,  52% used [0x38a00000, 0x39049a68, 0x39049c00, 0x39600000)
}
Event: 63.268 GC heap before
{Heap before GC invocations=47 (full 9):
 def new generation   total 78656K, used 76409K [0x24000000, 0x29550000, 0x29550000)
  eden space 69952K,  99% used [0x24000000, 0x284209f8, 0x28450000)
  from space 8704K,  76% used [0x28cd0000, 0x2934db38, 0x29550000)
  to   space 8704K,   0% used [0x28450000, 0x28450000, 0x28cd0000)
 tenured generation   total 174784K, used 148978K [0x29550000, 0x34000000, 0x34000000)
   the space 174784K,  85% used [0x29550000, 0x326cc810, 0x326cca00, 0x34000000)
 compacting perm gen  total 12288K, used 8819K [0x34000000, 0x34c00000, 0x38000000)
   the space 12288K,  71% used [0x34000000, 0x3489ccc8, 0x3489ce00, 0x34c00000)
    ro space 10240K,  42% used [0x38000000, 0x38434778, 0x38434800, 0x38a00000)
    rw space 12288K,  52% used [0x38a00000, 0x39049a68, 0x39049c00, 0x39600000)
Event: 63.274 GC heap after
Heap after GC invocations=48 (full 9):
 def new generation   total 78656K, used 8704K [0x24000000, 0x29550000, 0x29550000)
  eden space 69952K,   0% used [0x24000000, 0x24000000, 0x28450000)
  from space 8704K, 100% used [0x28450000, 0x28cd0000, 0x28cd0000)
  to   space 8704K,   0% used [0x28cd0000, 0x28cd0000, 0x29550000)
 tenured generation   total 174784K, used 155729K [0x29550000, 0x34000000, 0x34000000)
   the space 174784K,  89% used [0x29550000, 0x32d646e8, 0x32d64800, 0x34000000)
 compacting perm gen  total 12288K, used 8819K [0x34000000, 0x34c00000, 0x38000000)
   the space 12288K,  71% used [0x34000000, 0x3489ccc8, 0x3489ce00, 0x34c00000)
    ro space 10240K,  42% used [0x38000000, 0x38434778, 0x38434800, 0x38a00000)
    rw space 12288K,  52% used [0x38a00000, 0x39049a68, 0x39049c00, 0x39600000)
}
Event: 67.790 GC heap before
{Heap before GC invocations=48 (full 9):
 def new generation   total 78656K, used 78656K [0x24000000, 0x29550000, 0x29550000)
  eden space 69952K, 100% used [0x24000000, 0x28450000, 0x28450000)
  from space 8704K, 100% used [0x28450000, 0x28cd0000, 0x28cd0000)
  to   space 8704K,   0% used [0x28cd0000, 0x28cd0000, 0x29550000)
 tenured generation   total 174784K, used 155729K [0x29550000, 0x34000000, 0x34000000)
   the space 174784K,  89% used [0x29550000, 0x32d646e8, 0x32d64800, 0x34000000)
 compacting perm gen  total 12288K, used 8852K [0x34000000, 0x34c00000, 0x38000000)
   the space 12288K,  72% used [0x34000000, 0x348a50d0, 0x348a5200, 0x34c00000)
    ro space 10240K,  42% used [0x38000000, 0x38434778, 0x38434800, 0x38a00000)
    rw space 12288K,  52% used [0x38a00000, 0x39049a68, 0x39049c00, 0x39600000)
Event: 67.854 GC heap after
Heap after GC invocations=49 (full 10):
 def new generation   total 78656K, used 0K [0x24000000, 0x29550000, 0x29550000)
  eden space 69952K,   0% used [0x24000000, 0x24000000, 0x28450000)
  from space 8704K,   0% used [0x28450000, 0x28450000, 0x28cd0000)
  to   space 8704K,   0% used [0x28cd0000, 0x28cd0000, 0x29550000)
 tenured generation   total 174784K, used 36903K [0x29550000, 0x34000000, 0x34000000)
   the space 174784K,  21% used [0x29550000, 0x2b959d70, 0x2b959e00, 0x34000000)
 compacting perm gen  total 12288K, used 8852K [0x34000000, 0x34c00000, 0x38000000)
   the space 12288K,  72% used [0x34000000, 0x348a50d0, 0x348a5200, 0x34c00000)
    ro space 10240K,  42% used [0x38000000, 0x38434778, 0x38434800, 0x38a00000)
    rw space 12288K,  52% used [0x38a00000, 0x39049a68, 0x39049c00, 0x39600000)
}
Event: 94.694 GC heap before
{Heap before GC invocations=49 (full 10):
 def new generation   total 78656K, used 75043K [0x24000000, 0x29550000, 0x29550000)
  eden space 69952K,  97% used [0x24000000, 0x28291630, 0x28450000)
  from space 8704K,  79% used [0x28450000, 0x28b07700, 0x28cd0000)
  to   space 8704K,   0% used [0x28cd0000, 0x28cd0000, 0x29550000)
 tenured generation   total 174784K, used 40342K [0x29550000, 0x34000000, 0x34000000)
   the space 174784K,  23% used [0x29550000, 0x2bcb58f0, 0x2bcb5a00, 0x34000000)
 compacting perm gen  total 12288K, used 9544K [0x34000000, 0x34c00000, 0x38000000)
   the space 12288K,  77% used [0x34000000, 0x349523d0, 0x34952400, 0x34c00000)
    ro space 10240K,  42% used [0x38000000, 0x38434778, 0x38434800, 0x38a00000)
    rw space 12288K,  52% used [0x38a00000, 0x39049a68, 0x39049c00, 0x39600000)
Event: 94.707 GC heap after
Heap after GC invocations=50 (full 10):
 def new generation   total 78656K, used 8704K [0x24000000, 0x29550000, 0x29550000)
  eden space 69952K,   0% used [0x24000000, 0x24000000, 0x28450000)
  from space 8704K, 100% used [0x28cd0000, 0x29550000, 0x29550000)
  to   space 8704K,   0% used [0x28450000, 0x28450000, 0x28cd0000)
 tenured generation   total 174784K, used 55167K [0x29550000, 0x34000000, 0x34000000)
   the space 174784K,  31% used [0x29550000, 0x2cb2ff00, 0x2cb30000, 0x34000000)
 compacting perm gen  total 12288K, used 9544K [0x34000000, 0x34c00000, 0x38000000)
   the space 12288K,  77% used [0x34000000, 0x349523d0, 0x34952400, 0x34c00000)
    ro space 10240K,  42% used [0x38000000, 0x38434778, 0x38434800, 0x38a00000)
    rw space 12288K,  52% used [0x38a00000, 0x39049a68, 0x39049c00, 0x39600000)
}
Event: 97.695 GC heap before
{Heap before GC invocations=50 (full 10):
 def new generation   total 78656K, used 78575K [0x24000000, 0x29550000, 0x29550000)
  eden space 69952K,  99% used [0x24000000, 0x2843bd90, 0x28450000)
  from space 8704K, 100% used [0x28cd0000, 0x29550000, 0x29550000)
  to   space 8704K,   0% used [0x28450000, 0x28450000, 0x28cd0000)
 tenured generation   total 174784K, used 55167K [0x29550000, 0x34000000, 0x34000000)
   the space 174784K,  31% used [0x29550000, 0x2cb2ff00, 0x2cb30000, 0x34000000)
 compacting perm gen  total 12288K, used 10809K [0x34000000, 0x34c00000, 0x38000000)
   the space 12288K,  87% used [0x34000000, 0x34a8e7e0, 0x34a8e800, 0x34c00000)
    ro space 10240K,  42% used [0x38000000, 0x38434778, 0x38434800, 0x38a00000)
    rw space 12288K,  52% used [0x38a00000, 0x39049a68, 0x39049c00, 0x39600000)
Event: 97.713 GC heap after
Heap after GC invocations=51 (full 10):
 def new generation   total 78656K, used 8704K [0x24000000, 0x29550000, 0x29550000)
  eden space 69952K,   0% used [0x24000000, 0x24000000, 0x28450000)
  from space 8704K, 100% used [0x28450000, 0x28cd0000, 0x28cd0000)
  to   space 8704K,   0% used [0x28cd0000, 0x28cd0000, 0x29550000)
 tenured generation   total 174784K, used 78241K [0x29550000, 0x34000000, 0x34000000)
   the space 174784K,  44% used [0x29550000, 0x2e1b84a8, 0x2e1b8600, 0x34000000)
 compacting perm gen  total 12288K, used 10809K [0x34000000, 0x34c00000, 0x38000000)
   the space 12288K,  87% used [0x34000000, 0x34a8e7e0, 0x34a8e800, 0x34c00000)
    ro space 10240K,  42% used [0x38000000, 0x38434778, 0x38434800, 0x38a00000)
    rw space 12288K,  52% used [0x38a00000, 0x39049a68, 0x39049c00, 0x39600000)
}

Deoptimization events (0 events):
No events

Internal exceptions (10 events):
Event: 103.519 Thread 0x08c7b400 Threw 0x25a02a00 at C:\re\jdk7u60\1081\hotspot\src\share\vm\prims\jvm.cpp:1244
Event: 103.519 Thread 0x08c7b400 Threw 0x25a08248 at C:\re\jdk7u60\1081\hotspot\src\share\vm\prims\jvm.cpp:1244
Event: 103.526 Thread 0x05757c00 Threw 0x25a59bd8 at C:\re\jdk7u60\1081\hotspot\src\share\vm\prims\jvm.cpp:1244
Event: 103.702 Thread 0x02435800 Threw 0x25a9b2c0 at C:\re\jdk7u60\1081\hotspot\src\share\vm\prims\jvm.cpp:2917
Event: 105.475 Thread 0x02433400 Threw 0x2681d5c0 at C:\re\jdk7u60\1081\hotspot\src\share\vm\prims\jvm.cpp:2917
Event: 106.694 Thread 0x05abc800 Threw 0x270acb18 at C:\re\jdk7u60\1081\hotspot\src\share\vm\prims\jvm.cpp:2917
Event: 107.765 Thread 0x02433400 Threw 0x26826448 at C:\re\jdk7u60\1081\hotspot\src\share\vm\prims\jvm.cpp:2917
Event: 108.111 Thread 0x08c7b000 Threw 0x271cfdf0 at C:\re\jdk7u60\1081\hotspot\src\share\vm\prims\jvm.cpp:2917
Event: 109.091 Thread 0x02435800 Threw 0x273ddf18 at C:\re\jdk7u60\1081\hotspot\src\share\vm\prims\jvm.cpp:2917
Event: 109.202 Thread 0x08c7b000 Threw 0x2758c430 at C:\re\jdk7u60\1081\hotspot\src\share\vm\prims\jvm.cpp:2917

Events (10 events):
Event: 115.429 loading class 0x39670c20 done
Event: 115.429 Executing VM operation: RevokeBias
Event: 115.430 Executing VM operation: RevokeBias done
Event: 115.430 Executing VM operation: RevokeBias
Event: 115.430 Executing VM operation: RevokeBias done
Event: 115.430 Thread 0x05abfc00 Thread exited: 0x05abfc00
Event: 115.430 Thread 0x05abf400 Thread exited: 0x05abf400
Event: 115.450 Thread 0x04bf5400 Thread exited: 0x04bf5400
Event: 115.530 Thread 0x05abdc00 Thread exited: 0x05abdc00
Event: 115.530 Executing VM operation: Exit


Dynamic libraries:
0x00a70000 - 0x00a9f000 	C:\Program Files (x86)\Java\jre7\bin\javaw.exe
0x76fe0000 - 0x77137000 	C:\Windows\SYSTEM32\ntdll.dll
0x74690000 - 0x747c0000 	C:\Windows\SYSTEM32\KERNEL32.DLL
0x76a80000 - 0x76b27000 	C:\Windows\SYSTEM32\KERNELBASE.dll
0x747c0000 - 0x7486e000 	C:\Windows\SYSTEM32\ADVAPI32.dll
0x764f0000 - 0x76606000 	C:\Windows\SYSTEM32\USER32.dll
0x73130000 - 0x73328000 	C:\Windows\WinSxS\x86_microsoft.windows.common-controls_6595b64144ccf1df_6.0.9200.16579_none_8937eec6860750f5\COMCTL32.dll
0x76000000 - 0x760b1000 	C:\Windows\SYSTEM32\msvcrt.dll
0x74870000 - 0x748a4000 	C:\Windows\SYSTEM32\sechost.dll
0x760c0000 - 0x7616c000 	C:\Windows\SYSTEM32\RPCRT4.dll
0x748b0000 - 0x749ad000 	C:\Windows\SYSTEM32\GDI32.dll
0x745d0000 - 0x745ed000 	C:\Windows\SYSTEM32\SspiCli.dll
0x745c0000 - 0x745c9000 	C:\Windows\SYSTEM32\CRYPTBASE.dll
0x74560000 - 0x745b1000 	C:\Windows\SYSTEM32\bcryptPrimitives.dll
0x762e0000 - 0x76300000 	C:\Windows\system32\IMM32.DLL
0x76680000 - 0x7675e000 	C:\Windows\SYSTEM32\MSCTF.dll
0x6f3f0000 - 0x6f4af000 	C:\Program Files (x86)\Java\jre7\bin\msvcr100.dll
0x5e310000 - 0x5e698000 	C:\Program Files (x86)\Java\jre7\bin\client\jvm.dll
0x71c10000 - 0x71c18000 	C:\Windows\SYSTEM32\WSOCK32.dll
0x71fb0000 - 0x71fd1000 	C:\Windows\SYSTEM32\WINMM.dll
0x76300000 - 0x76306000 	C:\Windows\SYSTEM32\PSAPI.DLL
0x75f80000 - 0x75fd0000 	C:\Windows\SYSTEM32\WS2_32.dll
0x71c70000 - 0x71c9b000 	C:\Windows\SYSTEM32\WINMMBASE.dll
0x75ff0000 - 0x75ff8000 	C:\Windows\SYSTEM32\NSI.dll
0x76b30000 - 0x76b76000 	C:\Windows\SYSTEM32\cfgmgr32.dll
0x75f00000 - 0x75f1e000 	C:\Windows\SYSTEM32\DEVOBJ.dll
0x720a0000 - 0x720ac000 	C:\Program Files (x86)\Java\jre7\bin\verify.dll
0x70bb0000 - 0x70bd0000 	C:\Program Files (x86)\Java\jre7\bin\java.dll
0x70b90000 - 0x70ba3000 	C:\Program Files (x86)\Java\jre7\bin\zip.dll
0x6f2a0000 - 0x6f3e3000 	C:\Program Files (x86)\Java\jre7\bin\awt.dll
0x76c00000 - 0x76c8b000 	C:\Windows\SYSTEM32\OLEAUT32.dll
0x76de0000 - 0x76f16000 	C:\Windows\SYSTEM32\combase.dll
0x72dd0000 - 0x72e77000 	C:\Windows\system32\apphelp.dll
0x71a40000 - 0x71a59000 	C:\Windows\system32\DWMAPI.DLL
0x726b0000 - 0x72738000 	C:\Windows\system32\uxtheme.dll
0x76760000 - 0x76879000 	C:\Windows\SYSTEM32\ole32.dll
0x74da0000 - 0x75e66000 	C:\Windows\SYSTEM32\SHELL32.dll
0x75f40000 - 0x75f80000 	C:\Windows\SYSTEM32\SHLWAPI.dll
0x73330000 - 0x733a3000 	C:\Windows\SYSTEM32\shcore.dll
0x718b0000 - 0x718e9000 	C:\Program Files (x86)\Java\jre7\bin\fontmanager.dll
0x6f250000 - 0x6f264000 	C:\Program Files (x86)\Java\jre7\bin\net.dll
0x72e80000 - 0x72eca000 	C:\Windows\system32\mswsock.dll
0x718a0000 - 0x718af000 	C:\Program Files (x86)\Java\jre7\bin\nio.dll
0x706d0000 - 0x70700000 	C:\Program Files (x86)\Java\jre7\bin\t2k.dll
0x76b80000 - 0x76bf4000 	C:\Windows\SYSTEM32\clbcatq.dll
0x6a8a0000 - 0x6a9eb000 	C:\Windows\SYSTEM32\WindowsCodecs.dll
0x76dc0000 - 0x76dd1000 	C:\Windows\SYSTEM32\profapi.dll
0x706a0000 - 0x706c4000 	C:\Program Files (x86)\Java\jre7\bin\dcpr.dll
0x686c0000 - 0x6872d000 	C:\binaries\terrajava.dll
0x685d0000 - 0x686b7000 	C:\binaries\terramanager-funcate.dll
0x59300000 - 0x59ba6000 	C:\binaries\terralib.dll
0x64af0000 - 0x64b59000 	C:\Windows\SYSTEM32\MSVCP100.dll
0x6d880000 - 0x6db4c000 	C:\binaries\bgd.dll
0x71500000 - 0x7151b000 	C:\binaries\terraogc_xml.dll
0x6ab50000 - 0x6ab6d000 	C:\binaries\terraogc_sld.dll
0x685a0000 - 0x685c6000 	C:\binaries\terraogc_se.dll
0x68560000 - 0x68596000 	C:\binaries\terraogc_filter.dll
0x68500000 - 0x68552000 	C:\binaries\terraogc_ows.dll
0x684e0000 - 0x684f9000 	C:\binaries\terraogc_common.dll
0x6f190000 - 0x6f19b000 	C:\binaries\terralib_shp.dll
0x684d0000 - 0x684de000 	C:\binaries\terralib_spl.dll
0x06130000 - 0x06526000 	C:\binaries\qt-mt338.dll
0x613d0000 - 0x6149e000 	C:\Windows\SYSTEM32\OPENGL32.dll
0x613a0000 - 0x613c3000 	C:\Windows\SYSTEM32\GLU32.dll
0x5efe0000 - 0x5f05f000 	C:\binaries\qwt500.dll
0x0f960000 - 0x1195f000 	C:\binaries\berkelium.dll
0x06530000 - 0x06671000 	C:\binaries\LIBMYSQL.dll
0x63100000 - 0x63121000 	C:\binaries\LIBPQ.dll
0x06680000 - 0x066e1000 	C:\binaries\OCI.dll
0x5ef50000 - 0x5efda000 	C:\binaries\libtiff.dll
0x574c0000 - 0x57c92000 	C:\binaries\gdal110.dll
0x12000000 - 0x121dc000 	C:\binaries\xerces-c_3_1.dll
0x5eef0000 - 0x5ef45000 	C:\binaries\terraogc_wms.dll
0x5ee90000 - 0x5eee3000 	C:\binaries\terraogc_gml.dll
0x5f980000 - 0x5f9c1000 	C:\binaries\terraogc_xsd.dll
0x68450000 - 0x68470000 	C:\binaries\terraogc_xacml.dll
0x71f30000 - 0x71f90000 	C:\Windows\SYSTEM32\WINSPOOL.DRV
0x7c340000 - 0x7c396000 	C:\Windows\SYSTEM32\MSVCR71.dll
0x608a0000 - 0x60979000 	C:\Windows\SYSTEM32\DDRAW.dll
0x727a0000 - 0x727a9000 	C:\Windows\SYSTEM32\Secur32.dll
0x75f20000 - 0x75f3b000 	C:\Windows\SYSTEM32\USERENV.dll
0x71520000 - 0x71570000 	C:\Windows\SYSTEM32\OLEACC.dll
0x54200000 - 0x54276000 	C:\Windows\SYSTEM32\RICHED20.dll
0x72ee0000 - 0x72ee8000 	C:\Windows\SYSTEM32\VERSION.dll
0x720b0000 - 0x720c4000 	C:\Windows\SYSTEM32\USP10.dll
0x72c50000 - 0x72cc5000 	C:\Windows\SYSTEM32\DNSAPI.dll
0x06790000 - 0x0683a000 	C:\Windows\libeay32.dll
0x06840000 - 0x0684d000 	C:\binaries\libintl-2.dll
0x72ed0000 - 0x72ed6000 	C:\Windows\SYSTEM32\SHFOLDER.DLL
0x06850000 - 0x06876000 	C:\Windows\ssleay32.dll
0x06880000 - 0x068a6000 	C:\binaries\libexpat.dll
0x60770000 - 0x60811000 	C:\Windows\SYSTEM32\ODBC32.dll
0x60760000 - 0x60767000 	C:\Windows\SYSTEM32\DCIMAN32.dll
0x663b0000 - 0x663db000 	C:\Windows\SYSTEM32\msls31.dll
0x06900000 - 0x069db000 	C:\binaries\libiconv-2.dll
0x6f600000 - 0x6f61d000 	C:\Windows\SYSTEM32\gpapi.dll
0x74530000 - 0x74556000 	C:\Windows\SYSTEM32\ntmarta.dll
0x564b0000 - 0x56d58000 	C:\binaries\icudt46.dll
0x53850000 - 0x53979000 	C:\Windows\SYSTEM32\dbghelp.dll
0x72040000 - 0x72050000 	C:\Windows\system32\napinsp.dll
0x72020000 - 0x72034000 	C:\Windows\system32\pnrpnsp.dll
0x72010000 - 0x72020000 	C:\Windows\system32\NLAapi.dll
0x72000000 - 0x72009000 	C:\Windows\System32\winrnr.dll
0x71ac0000 - 0x71ad0000 	C:\Windows\system32\wshbth.dll
0x726a0000 - 0x726a7000 	C:\Windows\System32\rasadhlp.dll
0x71c30000 - 0x71c6f000 	C:\Windows\System32\fwpuclnt.dll
0x72cd0000 - 0x72cf0000 	C:\Windows\SYSTEM32\IPHLPAPI.DLL
0x72c40000 - 0x72c48000 	C:\Windows\SYSTEM32\WINNSI.DLL
0x730d0000 - 0x730ea000 	C:\Windows\SYSTEM32\CRYPTSP.dll
0x73090000 - 0x730ce000 	C:\Windows\system32\rsaenh.dll
0x72c30000 - 0x72c40000 	C:\Windows\SYSTEM32\dhcpcsvc6.DLL
0x72c10000 - 0x72c22000 	C:\Windows\SYSTEM32\dhcpcsvc.DLL
0x60450000 - 0x60475000 	C:\Program Files (x86)\Java\jre7\bin\jpeg.dll

VM Arguments:
jvm_args: -Dfile.encoding=ISO-8859-1 
java_command: com.nexusbr.gv.main.ConnectDBMain
Launcher Type: SUN_STANDARD

Environment Variables:
JAVA_HOME=C:\Program Files (x86)\Java\jre7
PATH=C:/Program Files (x86)/Java/jre7/bin/client;C:/Program Files (x86)/Java/jre7/bin;C:/Program Files (x86)/Java/jre7/lib/i386;C:\Program Files (x86)\PHP\;c:\Program Files (x86)\Intel\iCLS Client\;c:\Program Files\Intel\iCLS Client\;C:\Windows\system32;C:\Windows;C:\Windows\System32\Wbem;C:\Windows\System32\WindowsPowerShell\v1.0\;C:\Program Files\Intel\Intel(R) Management Engine Components\DAL;C:\Program Files\Intel\Intel(R) Management Engine Components\IPT;C:\Program Files (x86)\Intel\Intel(R) Management Engine Components\DAL;C:\Program Files (x86)\Intel\Intel(R) Management Engine Components\IPT;C:\Program Files (x86)\Intel\OpenCL SDK\3.0\bin\x86;C:\Program Files (x86)\Intel\OpenCL SDK\3.0\bin\x64;C:\Program Files (x86)\Windows Live\Shared;C:\binaries;c:\Program Files (x86)\Microsoft SQL Server\100\Tools\Binn\;c:\Program Files\Microsoft SQL Server\100\Tools\Binn\;c:\Program Files\Microsoft SQL Server\100\DTS\Binn\;C:\strawberry\c\bin;C:\strawberry\perl\site\bin;C:\strawberry\perl\bin;C:\Program Files (x86)\Microsoft SQL Server\110\Tools\Binn\ManagementStudio\;C:\Program Files (x86)\Microsoft SQL Server\110\Tools\Binn\;C:\Program Files\Microsoft SQL Server\110\Tools\Binn\;C:\Program Files (x86)\Microsoft SQL Server\110\DTS\Binn\;C:\Program Files\TortoiseSVN\bin;C:\Python34;C:\Program Files (x86)\Java\jre7\bin;C:\eclipse;
USERNAME=inacio
OS=Windows_NT
PROCESSOR_IDENTIFIER=Intel64 Family 6 Model 69 Stepping 1, GenuineIntel



---------------  S Y S T E M  ---------------

OS: Windows 8 , 64 bit Build 9200 

CPU:total 4 (2 cores per cpu, 2 threads per core) family 6 model 69 stepping 1, cmov, cx8, fxsr, mmx, sse, sse2, sse3, ssse3, sse4.1, sse4.2, popcnt, avx, avx2, aes, erms, ht, tsc, tscinvbit

Memory: 4k page, physical 8290700k(2485552k free), swap 9535884k(2764736k free)

vm_info: Java HotSpot(TM) Client VM (24.60-b09) for windows-x86 JRE (1.7.0_60-b19), built on May  7 2014 13:09:52 by "java_re" with unknown MS VC++:1600

time: Thu Jul 03 16:08:02 2014
elapsed time: 115 seconds

