#
# A fatal error has been detected by the Java Runtime Environment:
#
#  EXCEPTION_ACCESS_VIOLATION (0xc0000005) at pc=0x108a9052, pid=836, tid=9788
#
# JRE version: Java(TM) SE Runtime Environment (7.0_60-b19) (build 1.7.0_60-b19)
# Java VM: Java HotSpot(TM) Client VM (24.60-b09 mixed mode, sharing windows-x86 )
# Problematic frame:
# C  [berkelium.dll+0xa39052]
#
# Failed to write core dump. Minidumps are not enabled by default on client versions of Windows
#
# If you would like to submit a bug report, please visit:
#   http://bugreport.sun.com/bugreport/crash.jsp
#

---------------  T H R E A D  ---------------

Current thread (0x0226fc00):  VMThread [stack: 0x044f0000,0x04540000] [id=9788]

siginfo: ExceptionCode=0xc0000005, reading address 0x000000f8

Registers:
EAX=0x0453f364, EBX=0x000493e0, ECX=0x0453f364, EDX=0x40040c00
ESP=0x0453f354, EBP=0x00000087, ESI=0x00000000, EDI=0x51e5af00
EIP=0x108a9052, EFLAGS=0x00010206

Top of Stack: (sp=0x0453f354)
0x0453f354:   06f11168 06f11168 06e6ab00 00000000
0x0453f364:   40040c00 00000087 06f03a20 06f0c900
0x0453f374:   00000000 00000000 00000000 74616401
0x0453f384:   69642d61 07190072 00000023 0000002f
0x0453f394:   00000000 06e97070 002e5bf3 06f11000
0x0453f3a4:   06e6ab44 ffffff00 0fedbf20 119f9778
0x0453f3b4:   06990030 00000000 0000000f 119fa730
0x0453f3c4:   00000001 0fed9783 00000008 00000001 

Instructions: (pc=0x108a9052)
0x108a9032:   03 00 00 57 53 e8 f4 c8 60 ff 8b ea 8d 54 24 10
0x108a9042:   52 8b f8 e8 26 ca 00 00 83 c4 04 03 38 13 68 04
0x108a9052:   8b 86 f8 00 00 00 0b 86 fc 00 00 00 89 7c 24 20
0x108a9062:   89 6c 24 24 75 3e 39 84 24 d4 00 00 00 7f 35 7c 


Register to memory mapping:

EAX=
[error occurred during error reporting (printing register info), id 0xc0000005]

Stack: [0x044f0000,0x04540000],  sp=0x0453f354,  free space=316k
Native frames: (J=compiled Java code, j=interpreted, Vv=VM code, C=native code)
C  [berkelium.dll+0xa39052]

VM_Operation (0x05a9e6a0): Exit, mode: safepoint, requested by thread 0x05619800


---------------  P R O C E S S  ---------------

Java Threads: ( => current thread )
  0x05749000 JavaThread "Image Fetcher 1" daemon [_thread_blocked, id=9208, stack(0x08120000,0x08170000)]
  0x08b52000 JavaThread "Image Fetcher 3" daemon [_thread_blocked, id=10136, stack(0x08090000,0x080e0000)]
  0x08b53400 JavaThread "Image Fetcher 0" daemon [_thread_blocked, id=7124, stack(0x07950000,0x079a0000)]
  0x08b53000 JavaThread "Keep-Alive-Timer" daemon [_thread_blocked, id=9456, stack(0x0a6e0000,0x0a730000)]
  0x0593b000 JavaThread "Image Fetcher 2" daemon [_thread_blocked, id=7736, stack(0x079e0000,0x07a30000)]
  0x0593cc00 JavaThread "WeakCollectionCleaner" daemon [_thread_blocked, id=3616, stack(0x09110000,0x09160000)]
  0x05878000 JavaThread "TimerQueue" daemon [_thread_blocked, id=752, stack(0x078c0000,0x07910000)]
  0x00b5e000 JavaThread "DestroyJavaVM" [_thread_blocked, id=8692, stack(0x00aa0000,0x00af0000)]
  0x05619800 JavaThread "AWT-EventQueue-0" [_thread_blocked, id=9032, stack(0x05a50000,0x05aa0000)]
  0x04b14400 JavaThread "AWT-Shutdown" [_thread_blocked, id=9524, stack(0x05110000,0x05160000)]
  0x04b13000 JavaThread "Java2D Disposer" daemon [_thread_blocked, id=8888, stack(0x05080000,0x050d0000)]
  0x022e9000 JavaThread "Service Thread" daemon [_thread_blocked, id=1456, stack(0x04850000,0x048a0000)]
  0x022e4c00 JavaThread "C1 CompilerThread0" daemon [_thread_blocked, id=5476, stack(0x047c0000,0x04810000)]
  0x022e3000 JavaThread "Attach Listener" daemon [_thread_blocked, id=888, stack(0x04730000,0x04780000)]
  0x022e0c00 JavaThread "Signal Dispatcher" daemon [_thread_blocked, id=10172, stack(0x046a0000,0x046f0000)]
  0x02276000 JavaThread "Finalizer" daemon [_thread_blocked, id=9640, stack(0x04610000,0x04660000)]
  0x02271000 JavaThread "Reference Handler" daemon [_thread_blocked, id=9372, stack(0x04580000,0x045d0000)]

Other Threads:
=>0x0226fc00 VMThread [stack: 0x044f0000,0x04540000] [id=9788]

VM state:at safepoint (shutting down)

VM Mutex/Monitor currently owned by a thread:  ([mutex/lock_event])
[0x00b5c400] Threads_lock - owner thread: 0x0226fc00

Heap
 def new generation   total 30656K, used 4680K [0x24000000, 0x26140000, 0x29550000)
  eden space 27264K,   4% used [0x24000000, 0x24142878, 0x25aa0000)
  from space 3392K,  99% used [0x25df0000, 0x2613fb20, 0x26140000)
  to   space 3392K,   0% used [0x25aa0000, 0x25aa0000, 0x25df0000)
 tenured generation   total 68020K, used 42371K [0x29550000, 0x2d7bd000, 0x34000000)
   the space 68020K,  62% used [0x29550000, 0x2beb0cc0, 0x2beb0e00, 0x2d7bd000)
 compacting perm gen  total 12288K, used 8800K [0x34000000, 0x34c00000, 0x38000000)
   the space 12288K,  71% used [0x34000000, 0x348981f0, 0x34898200, 0x34c00000)
    ro space 10240K,  42% used [0x38000000, 0x38434778, 0x38434800, 0x38a00000)
    rw space 12288K,  52% used [0x38a00000, 0x39049a68, 0x39049c00, 0x39600000)

Card table byte_map: [0x04400000,0x044b0000] byte_map_base: 0x042e0000

Polling page: 0x007f0000

Code Cache  [0x02380000, 0x025b0000, 0x04380000)
 total_blobs=1318 nmethods=1029 adapters=225 free_code_cache=30555Kb largest_free_block=31288320

Compilation events (10 events):
Event: 12.005 Thread 0x022e4c00 1034             br.org.funcate.glue.model.canvas.CanvasState::getCanvasHeight (5 bytes)
Event: 12.005 Thread 0x022e4c00 nmethod 1034 0x025a88c8 code [0x025a89c0, 0x025a8a40]
Event: 12.156 Thread 0x022e4c00 1035             sun.awt.SunToolkit::getSystemEventQueueImpl (4 bytes)
Event: 12.157 Thread 0x022e4c00 nmethod 1035 0x025a8a88 code [0x025a8ba0, 0x025a8c78]
Event: 12.157 Thread 0x022e4c00 1036             sun.awt.SunToolkit::getSystemEventQueueImplPP (7 bytes)
Event: 12.157 Thread 0x022e4c00 nmethod 1036 0x025a8d88 code [0x025a8ea0, 0x025a8f68]
Event: 12.164 Thread 0x022e4c00 1037             java.awt.Toolkit::getEventQueue (7 bytes)
Event: 12.165 Thread 0x022e4c00 nmethod 1037 0x025a9048 code [0x025a9150, 0x025a91e8]
Event: 12.372 Thread 0x022e4c00 1038             java.lang.Math::max (12 bytes)
Event: 12.372 Thread 0x022e4c00 nmethod 1038 0x025a9248 code [0x025a9340, 0x025a93d0]

GC Heap History (10 events):
Event: 8.970 GC heap before
{Heap before GC invocations=18 (full 4):
 def new generation   total 24320K, used 21632K [0x24000000, 0x25a60000, 0x29550000)
  eden space 21632K, 100% used [0x24000000, 0x25520000, 0x25520000)
  from space 2688K,   0% used [0x25520000, 0x25520000, 0x257c0000)
  to   space 2688K,   0% used [0x257c0000, 0x257c0000, 0x25a60000)
 tenured generation   total 53988K, used 32390K [0x29550000, 0x2ca09000, 0x34000000)
   the space 53988K,  59% used [0x29550000, 0x2b4f1a90, 0x2b4f1c00, 0x2ca09000)
 compacting perm gen  total 12288K, used 8783K [0x34000000, 0x34c00000, 0x38000000)
   the space 12288K,  71% used [0x34000000, 0x34893ec8, 0x34894000, 0x34c00000)
    ro space 10240K,  42% used [0x38000000, 0x38434778, 0x38434800, 0x38a00000)
    rw space 12288K,  52% used [0x38a00000, 0x39049a68, 0x39049c00, 0x39600000)
Event: 8.976 GC heap after
Heap after GC invocations=19 (full 4):
 def new generation   total 24320K, used 2688K [0x24000000, 0x25a60000, 0x29550000)
  eden space 21632K,   0% used [0x24000000, 0x24000000, 0x25520000)
  from space 2688K, 100% used [0x257c0000, 0x25a60000, 0x25a60000)
  to   space 2688K,   0% used [0x25520000, 0x25520000, 0x257c0000)
 tenured generation   total 53988K, used 46234K [0x29550000, 0x2ca09000, 0x34000000)
   the space 53988K,  85% used [0x29550000, 0x2c276a80, 0x2c276c00, 0x2ca09000)
 compacting perm gen  total 12288K, used 8783K [0x34000000, 0x34c00000, 0x38000000)
   the space 12288K,  71% used [0x34000000, 0x34893ec8, 0x34894000, 0x34c00000)
    ro space 10240K,  42% used [0x38000000, 0x38434778, 0x38434800, 0x38a00000)
    rw space 12288K,  52% used [0x38a00000, 0x39049a68, 0x39049c00, 0x39600000)
}
Event: 9.949 GC heap before
{Heap before GC invocations=19 (full 4):
 def new generation   total 24320K, used 24129K [0x24000000, 0x25a60000, 0x29550000)
  eden space 21632K,  99% used [0x24000000, 0x254f0400, 0x25520000)
  from space 2688K, 100% used [0x257c0000, 0x25a60000, 0x25a60000)
  to   space 2688K,   0% used [0x25520000, 0x25520000, 0x257c0000)
 tenured generation   total 53988K, used 46234K [0x29550000, 0x2ca09000, 0x34000000)
   the space 53988K,  85% used [0x29550000, 0x2c276a80, 0x2c276c00, 0x2ca09000)
 compacting perm gen  total 12288K, used 8790K [0x34000000, 0x34c00000, 0x38000000)
   the space 12288K,  71% used [0x34000000, 0x34895af0, 0x34895c00, 0x34c00000)
    ro space 10240K,  42% used [0x38000000, 0x38434778, 0x38434800, 0x38a00000)
    rw space 12288K,  52% used [0x38a00000, 0x39049a68, 0x39049c00, 0x39600000)
Event: 9.954 GC heap after
Heap after GC invocations=20 (full 4):
 def new generation   total 24320K, used 2686K [0x24000000, 0x25a60000, 0x29550000)
  eden space 21632K,   0% used [0x24000000, 0x24000000, 0x25520000)
  from space 2688K,  99% used [0x25520000, 0x257bfb18, 0x257c0000)
  to   space 2688K,   0% used [0x257c0000, 0x257c0000, 0x25a60000)
 tenured generation   total 53988K, used 52957K [0x29550000, 0x2ca09000, 0x34000000)
   the space 53988K,  98% used [0x29550000, 0x2c907738, 0x2c907800, 0x2ca09000)
 compacting perm gen  total 12288K, used 8790K [0x34000000, 0x34c00000, 0x38000000)
   the space 12288K,  71% used [0x34000000, 0x34895af0, 0x34895c00, 0x34c00000)
    ro space 10240K,  42% used [0x38000000, 0x38434778, 0x38434800, 0x38a00000)
    rw space 12288K,  52% used [0x38a00000, 0x39049a68, 0x39049c00, 0x39600000)
}
Event: 10.111 GC heap before
{Heap before GC invocations=20 (full 4):
 def new generation   total 24320K, used 24316K [0x24000000, 0x25a60000, 0x29550000)
  eden space 21632K,  99% used [0x24000000, 0x2551f818, 0x25520000)
  from space 2688K,  99% used [0x25520000, 0x257bfb18, 0x257c0000)
  to   space 2688K,   0% used [0x257c0000, 0x257c0000, 0x25a60000)
 tenured generation   total 53988K, used 52957K [0x29550000, 0x2ca09000, 0x34000000)
   the space 53988K,  98% used [0x29550000, 0x2c907738, 0x2c907800, 0x2ca09000)
 compacting perm gen  total 12288K, used 8790K [0x34000000, 0x34c00000, 0x38000000)
   the space 12288K,  71% used [0x34000000, 0x34895b10, 0x34895c00, 0x34c00000)
    ro space 10240K,  42% used [0x38000000, 0x38434778, 0x38434800, 0x38a00000)
    rw space 12288K,  52% used [0x38a00000, 0x39049a68, 0x39049c00, 0x39600000)
Event: 10.112 GC heap after
Heap after GC invocations=21 (full 4):
 def new generation   total 24320K, used 553K [0x24000000, 0x25a60000, 0x29550000)
  eden space 21632K,   0% used [0x24000000, 0x24000000, 0x25520000)
  from space 2688K,  20% used [0x257c0000, 0x2584a530, 0x25a60000)
  to   space 2688K,   0% used [0x25520000, 0x25520000, 0x257c0000)
 tenured generation   total 53988K, used 53307K [0x29550000, 0x2ca09000, 0x34000000)
   the space 53988K,  98% used [0x29550000, 0x2c95ed60, 0x2c95ee00, 0x2ca09000)
 compacting perm gen  total 12288K, used 8790K [0x34000000, 0x34c00000, 0x38000000)
   the space 12288K,  71% used [0x34000000, 0x34895b10, 0x34895c00, 0x34c00000)
    ro space 10240K,  42% used [0x38000000, 0x38434778, 0x38434800, 0x38a00000)
    rw space 12288K,  52% used [0x38a00000, 0x39049a68, 0x39049c00, 0x39600000)
}
Event: 10.193 GC heap before
{Heap before GC invocations=21 (full 4):
 def new generation   total 24320K, used 21968K [0x24000000, 0x25a60000, 0x29550000)
  eden space 21632K,  98% used [0x24000000, 0x254e9b30, 0x25520000)
  from space 2688K,  20% used [0x257c0000, 0x2584a530, 0x25a60000)
  to   space 2688K,   0% used [0x25520000, 0x25520000, 0x257c0000)
 tenured generation   total 53988K, used 53307K [0x29550000, 0x2ca09000, 0x34000000)
   the space 53988K,  98% used [0x29550000, 0x2c95ed60, 0x2c95ee00, 0x2ca09000)
 compacting perm gen  total 12288K, used 8790K [0x34000000, 0x34c00000, 0x38000000)
   the space 12288K,  71% used [0x34000000, 0x34895b20, 0x34895c00, 0x34c00000)
    ro space 10240K,  42% used [0x38000000, 0x38434778, 0x38434800, 0x38a00000)
    rw space 12288K,  52% used [0x38a00000, 0x39049a68, 0x39049c00, 0x39600000)
Event: 10.242 GC heap after
Heap after GC invocations=22 (full 5):
 def new generation   total 30656K, used 0K [0x24000000, 0x26140000, 0x29550000)
  eden space 27264K,   0% used [0x24000000, 0x24000000, 0x25aa0000)
  from space 3392K,   0% used [0x25aa0000, 0x25aa0000, 0x25df0000)
  to   space 3392K,   0% used [0x25df0000, 0x25df0000, 0x26140000)
 tenured generation   total 68020K, used 40810K [0x29550000, 0x2d7bd000, 0x34000000)
   the space 68020K,  59% used [0x29550000, 0x2bd2a8e0, 0x2bd2aa00, 0x2d7bd000)
 compacting perm gen  total 12288K, used 8790K [0x34000000, 0x34c00000, 0x38000000)
   the space 12288K,  71% used [0x34000000, 0x34895b20, 0x34895c00, 0x34c00000)
    ro space 10240K,  42% used [0x38000000, 0x38434778, 0x38434800, 0x38a00000)
    rw space 12288K,  52% used [0x38a00000, 0x39049a68, 0x39049c00, 0x39600000)
}
Event: 10.552 GC heap before
{Heap before GC invocations=22 (full 5):
 def new generation   total 30656K, used 27050K [0x24000000, 0x26140000, 0x29550000)
  eden space 27264K,  99% used [0x24000000, 0x25a6a9c8, 0x25aa0000)
  from space 3392K,   0% used [0x25aa0000, 0x25aa0000, 0x25df0000)
  to   space 3392K,   0% used [0x25df0000, 0x25df0000, 0x26140000)
 tenured generation   total 68020K, used 40810K [0x29550000, 0x2d7bd000, 0x34000000)
   the space 68020K,  59% used [0x29550000, 0x2bd2a8e0, 0x2bd2aa00, 0x2d7bd000)
 compacting perm gen  total 12288K, used 8791K [0x34000000, 0x34c00000, 0x38000000)
   the space 12288K,  71% used [0x34000000, 0x34895c60, 0x34895e00, 0x34c00000)
    ro space 10240K,  42% used [0x38000000, 0x38434778, 0x38434800, 0x38a00000)
    rw space 12288K,  52% used [0x38a00000, 0x39049a68, 0x39049c00, 0x39600000)
Event: 10.555 GC heap after
Heap after GC invocations=23 (full 5):
 def new generation   total 30656K, used 3390K [0x24000000, 0x26140000, 0x29550000)
  eden space 27264K,   0% used [0x24000000, 0x24000000, 0x25aa0000)
  from space 3392K,  99% used [0x25df0000, 0x2613fb20, 0x26140000)
  to   space 3392K,   0% used [0x25aa0000, 0x25aa0000, 0x25df0000)
 tenured generation   total 68020K, used 42371K [0x29550000, 0x2d7bd000, 0x34000000)
   the space 68020K,  62% used [0x29550000, 0x2beb0cc0, 0x2beb0e00, 0x2d7bd000)
 compacting perm gen  total 12288K, used 8791K [0x34000000, 0x34c00000, 0x38000000)
   the space 12288K,  71% used [0x34000000, 0x34895c60, 0x34895e00, 0x34c00000)
    ro space 10240K,  42% used [0x38000000, 0x38434778, 0x38434800, 0x38a00000)
    rw space 12288K,  52% used [0x38a00000, 0x39049a68, 0x39049c00, 0x39600000)
}

Deoptimization events (0 events):
No events

Internal exceptions (10 events):
Event: 8.910 Thread 0x0593d000 Threw 0x24696398 at C:\re\jdk7u60\1081\hotspot\src\share\vm\prims\jni.cpp:743
Event: 9.559 Thread 0x08b55400 Threw 0x240342e8 at C:\re\jdk7u60\1081\hotspot\src\share\vm\prims\jvm.cpp:2917
Event: 9.836 Thread 0x05619800 Threw 0x24a5d288 at C:\re\jdk7u60\1081\hotspot\src\share\vm\prims\jvm.cpp:1244
Event: 9.838 Thread 0x05619800 Threw 0x24a714c0 at C:\re\jdk7u60\1081\hotspot\src\share\vm\prims\jvm.cpp:1244
Event: 9.839 Thread 0x05619800 Threw 0x24a767b0 at C:\re\jdk7u60\1081\hotspot\src\share\vm\prims\jvm.cpp:1244
Event: 9.841 Thread 0x05619800 Threw 0x24a7c050 at C:\re\jdk7u60\1081\hotspot\src\share\vm\prims\jvm.cpp:1244
Event: 10.096 Thread 0x08b52000 Threw 0x24f39e40 at C:\re\jdk7u60\1081\hotspot\src\share\vm\prims\jvm.cpp:2917
Event: 10.260 Thread 0x05749000 Threw 0x24137b10 at C:\re\jdk7u60\1081\hotspot\src\share\vm\prims\jvm.cpp:2917
Event: 10.517 Thread 0x08b52000 Threw 0x24c79a20 at C:\re\jdk7u60\1081\hotspot\src\share\vm\prims\jvm.cpp:2917
Event: 10.646 Thread 0x0593b000 Threw 0x24093c90 at C:\re\jdk7u60\1081\hotspot\src\share\vm\prims\jvm.cpp:2917

Events (10 events):
Event: 13.684 Thread 0x0574bc00 Thread exited: 0x0574bc00
Event: 13.684 Thread 0x05749800 Thread exited: 0x05749800
Event: 13.684 loading class 0x39670c20
Event: 13.684 loading class 0x39670bc8
Event: 13.684 loading class 0x39670bc8 done
Event: 13.685 loading class 0x39670c20 done
Event: 13.685 Thread 0x0574ac00 Thread exited: 0x0574ac00
Event: 13.692 Thread 0x04b14c00 Thread exited: 0x04b14c00
Event: 13.785 Thread 0x0574c400 Thread exited: 0x0574c400
Event: 13.785 Executing VM operation: Exit


Dynamic libraries:
0x00a70000 - 0x00a9f000 	C:\Program Files (x86)\Java\jre7\bin\javaw.exe
0x76fe0000 - 0x77137000 	C:\Windows\SYSTEM32\ntdll.dll
0x74690000 - 0x747c0000 	C:\Windows\SYSTEM32\KERNEL32.DLL
0x76a80000 - 0x76b27000 	C:\Windows\SYSTEM32\KERNELBASE.dll
0x747c0000 - 0x7486e000 	C:\Windows\SYSTEM32\ADVAPI32.dll
0x764f0000 - 0x76606000 	C:\Windows\SYSTEM32\USER32.dll
0x73130000 - 0x73328000 	C:\Windows\WinSxS\x86_microsoft.windows.common-controls_6595b64144ccf1df_6.0.9200.16579_none_8937eec6860750f5\COMCTL32.dll
0x76000000 - 0x760b1000 	C:\Windows\SYSTEM32\msvcrt.dll
0x74870000 - 0x748a4000 	C:\Windows\SYSTEM32\sechost.dll
0x760c0000 - 0x7616c000 	C:\Windows\SYSTEM32\RPCRT4.dll
0x748b0000 - 0x749ad000 	C:\Windows\SYSTEM32\GDI32.dll
0x745d0000 - 0x745ed000 	C:\Windows\SYSTEM32\SspiCli.dll
0x745c0000 - 0x745c9000 	C:\Windows\SYSTEM32\CRYPTBASE.dll
0x74560000 - 0x745b1000 	C:\Windows\SYSTEM32\bcryptPrimitives.dll
0x762e0000 - 0x76300000 	C:\Windows\system32\IMM32.DLL
0x76680000 - 0x7675e000 	C:\Windows\SYSTEM32\MSCTF.dll
0x5e970000 - 0x5ea2f000 	C:\Program Files (x86)\Java\jre7\bin\msvcr100.dll
0x5e310000 - 0x5e698000 	C:\Program Files (x86)\Java\jre7\bin\client\jvm.dll
0x71c10000 - 0x71c18000 	C:\Windows\SYSTEM32\WSOCK32.dll
0x71fb0000 - 0x71fd1000 	C:\Windows\SYSTEM32\WINMM.dll
0x76300000 - 0x76306000 	C:\Windows\SYSTEM32\PSAPI.DLL
0x75f80000 - 0x75fd0000 	C:\Windows\SYSTEM32\WS2_32.dll
0x71c70000 - 0x71c9b000 	C:\Windows\SYSTEM32\WINMMBASE.dll
0x75ff0000 - 0x75ff8000 	C:\Windows\SYSTEM32\NSI.dll
0x76b30000 - 0x76b76000 	C:\Windows\SYSTEM32\cfgmgr32.dll
0x75f00000 - 0x75f1e000 	C:\Windows\SYSTEM32\DEVOBJ.dll
0x720a0000 - 0x720ac000 	C:\Program Files (x86)\Java\jre7\bin\verify.dll
0x70bb0000 - 0x70bd0000 	C:\Program Files (x86)\Java\jre7\bin\java.dll
0x70b90000 - 0x70ba3000 	C:\Program Files (x86)\Java\jre7\bin\zip.dll
0x6f490000 - 0x6f5d3000 	C:\Program Files (x86)\Java\jre7\bin\awt.dll
0x76c00000 - 0x76c8b000 	C:\Windows\SYSTEM32\OLEAUT32.dll
0x76de0000 - 0x76f16000 	C:\Windows\SYSTEM32\combase.dll
0x72dd0000 - 0x72e77000 	C:\Windows\system32\apphelp.dll
0x71a40000 - 0x71a59000 	C:\Windows\system32\DWMAPI.DLL
0x726b0000 - 0x72738000 	C:\Windows\system32\uxtheme.dll
0x76760000 - 0x76879000 	C:\Windows\SYSTEM32\ole32.dll
0x74da0000 - 0x75e66000 	C:\Windows\SYSTEM32\SHELL32.dll
0x75f40000 - 0x75f80000 	C:\Windows\SYSTEM32\SHLWAPI.dll
0x73330000 - 0x733a3000 	C:\Windows\SYSTEM32\shcore.dll
0x718b0000 - 0x718e9000 	C:\Program Files (x86)\Java\jre7\bin\fontmanager.dll
0x6f250000 - 0x6f264000 	C:\Program Files (x86)\Java\jre7\bin\net.dll
0x72e80000 - 0x72eca000 	C:\Windows\system32\mswsock.dll
0x718a0000 - 0x718af000 	C:\Program Files (x86)\Java\jre7\bin\nio.dll
0x706d0000 - 0x70700000 	C:\Program Files (x86)\Java\jre7\bin\t2k.dll
0x76b80000 - 0x76bf4000 	C:\Windows\SYSTEM32\clbcatq.dll
0x6a8a0000 - 0x6a9eb000 	C:\Windows\SYSTEM32\WindowsCodecs.dll
0x76dc0000 - 0x76dd1000 	C:\Windows\SYSTEM32\profapi.dll
0x68440000 - 0x68464000 	C:\Program Files (x86)\Java\jre7\bin\dcpr.dll
0x5e900000 - 0x5e96d000 	C:\binaries\terrajava.dll
0x5e220000 - 0x5e307000 	C:\binaries\terramanager-funcate.dll
0x59300000 - 0x59ba6000 	C:\binaries\terralib.dll
0x64af0000 - 0x64b59000 	C:\Windows\SYSTEM32\MSVCP100.dll
0x6d880000 - 0x6db4c000 	C:\binaries\bgd.dll
0x66b80000 - 0x66b9b000 	C:\binaries\terraogc_xml.dll
0x60460000 - 0x6047d000 	C:\binaries\terraogc_sld.dll
0x5f9a0000 - 0x5f9c6000 	C:\binaries\terraogc_se.dll
0x5e8c0000 - 0x5e8f6000 	C:\binaries\terraogc_filter.dll
0x5e1c0000 - 0x5e212000 	C:\binaries\terraogc_ows.dll
0x5f980000 - 0x5f999000 	C:\binaries\terraogc_common.dll
0x684c0000 - 0x684cb000 	C:\binaries\terralib_shp.dll
0x60450000 - 0x6045e000 	C:\binaries\terralib_spl.dll
0x05ff0000 - 0x063e6000 	C:\binaries\qt-mt338.dll
0x613d0000 - 0x6149e000 	C:\Windows\SYSTEM32\OPENGL32.dll
0x613a0000 - 0x613c3000 	C:\Windows\SYSTEM32\GLU32.dll
0x5e140000 - 0x5e1bf000 	C:\binaries\qwt500.dll
0x0fe70000 - 0x11e6f000 	C:\binaries\berkelium.dll
0x063f0000 - 0x06531000 	C:\binaries\LIBMYSQL.dll
0x63100000 - 0x63121000 	C:\binaries\LIBPQ.dll
0x06540000 - 0x065a1000 	C:\binaries\OCI.dll
0x5da30000 - 0x5daba000 	C:\binaries\libtiff.dll
0x56580000 - 0x56d52000 	C:\binaries\gdal110.dll
0x12000000 - 0x121dc000 	C:\binaries\xerces-c_3_1.dll
0x592a0000 - 0x592f5000 	C:\binaries\terraogc_wms.dll
0x59240000 - 0x59293000 	C:\binaries\terraogc_gml.dll
0x5e0f0000 - 0x5e131000 	C:\binaries\terraogc_xsd.dll
0x5a810000 - 0x5a830000 	C:\binaries\terraogc_xacml.dll
0x71f30000 - 0x71f90000 	C:\Windows\SYSTEM32\WINSPOOL.DRV
0x7c340000 - 0x7c396000 	C:\Windows\SYSTEM32\MSVCR71.dll
0x608a0000 - 0x60979000 	C:\Windows\SYSTEM32\DDRAW.dll
0x727a0000 - 0x727a9000 	C:\Windows\SYSTEM32\Secur32.dll
0x75f20000 - 0x75f3b000 	C:\Windows\SYSTEM32\USERENV.dll
0x71520000 - 0x71570000 	C:\Windows\SYSTEM32\OLEACC.dll
0x54200000 - 0x54276000 	C:\Windows\SYSTEM32\RICHED20.dll
0x72ee0000 - 0x72ee8000 	C:\Windows\SYSTEM32\VERSION.dll
0x720b0000 - 0x720c4000 	C:\Windows\SYSTEM32\USP10.dll
0x72c50000 - 0x72cc5000 	C:\Windows\SYSTEM32\DNSAPI.dll
0x06650000 - 0x066fa000 	C:\Windows\libeay32.dll
0x06700000 - 0x0670d000 	C:\binaries\libintl-2.dll
0x72ed0000 - 0x72ed6000 	C:\Windows\SYSTEM32\SHFOLDER.DLL
0x06710000 - 0x06736000 	C:\Windows\ssleay32.dll
0x06740000 - 0x06766000 	C:\binaries\libexpat.dll
0x60770000 - 0x60811000 	C:\Windows\SYSTEM32\ODBC32.dll
0x60760000 - 0x60767000 	C:\Windows\SYSTEM32\DCIMAN32.dll
0x663b0000 - 0x663db000 	C:\Windows\SYSTEM32\msls31.dll
0x067c0000 - 0x0689b000 	C:\binaries\libiconv-2.dll
0x6f600000 - 0x6f61d000 	C:\Windows\SYSTEM32\gpapi.dll
0x74530000 - 0x74556000 	C:\Windows\SYSTEM32\ntmarta.dll
0x54e60000 - 0x55708000 	C:\binaries\icudt46.dll
0x53850000 - 0x53979000 	C:\Windows\SYSTEM32\dbghelp.dll
0x72040000 - 0x72050000 	C:\Windows\system32\napinsp.dll
0x72020000 - 0x72034000 	C:\Windows\system32\pnrpnsp.dll
0x72010000 - 0x72020000 	C:\Windows\system32\NLAapi.dll
0x72000000 - 0x72009000 	C:\Windows\System32\winrnr.dll
0x71ac0000 - 0x71ad0000 	C:\Windows\system32\wshbth.dll
0x726a0000 - 0x726a7000 	C:\Windows\System32\rasadhlp.dll
0x71c30000 - 0x71c6f000 	C:\Windows\System32\fwpuclnt.dll
0x72cd0000 - 0x72cf0000 	C:\Windows\SYSTEM32\IPHLPAPI.DLL
0x72c40000 - 0x72c48000 	C:\Windows\SYSTEM32\WINNSI.DLL
0x730d0000 - 0x730ea000 	C:\Windows\SYSTEM32\CRYPTSP.dll
0x73090000 - 0x730ce000 	C:\Windows\system32\rsaenh.dll
0x72c30000 - 0x72c40000 	C:\Windows\SYSTEM32\dhcpcsvc6.DLL
0x72c10000 - 0x72c22000 	C:\Windows\SYSTEM32\dhcpcsvc.DLL
0x59210000 - 0x59235000 	C:\Program Files (x86)\Java\jre7\bin\jpeg.dll

VM Arguments:
jvm_args: -Dfile.encoding=ISO-8859-1 
java_command: com.nexusbr.gv.main.ConnectDBMain
Launcher Type: SUN_STANDARD

Environment Variables:
JAVA_HOME=C:\Program Files (x86)\Java\jre7
PATH=C:/Program Files (x86)/Java/jre7/bin/client;C:/Program Files (x86)/Java/jre7/bin;C:/Program Files (x86)/Java/jre7/lib/i386;C:\Program Files (x86)\PHP\;c:\Program Files (x86)\Intel\iCLS Client\;c:\Program Files\Intel\iCLS Client\;C:\Windows\system32;C:\Windows;C:\Windows\System32\Wbem;C:\Windows\System32\WindowsPowerShell\v1.0\;C:\Program Files\Intel\Intel(R) Management Engine Components\DAL;C:\Program Files\Intel\Intel(R) Management Engine Components\IPT;C:\Program Files (x86)\Intel\Intel(R) Management Engine Components\DAL;C:\Program Files (x86)\Intel\Intel(R) Management Engine Components\IPT;C:\Program Files (x86)\Intel\OpenCL SDK\3.0\bin\x86;C:\Program Files (x86)\Intel\OpenCL SDK\3.0\bin\x64;C:\Program Files (x86)\Windows Live\Shared;C:\binaries;c:\Program Files (x86)\Microsoft SQL Server\100\Tools\Binn\;c:\Program Files\Microsoft SQL Server\100\Tools\Binn\;c:\Program Files\Microsoft SQL Server\100\DTS\Binn\;C:\strawberry\c\bin;C:\strawberry\perl\site\bin;C:\strawberry\perl\bin;C:\Program Files (x86)\Microsoft SQL Server\110\Tools\Binn\ManagementStudio\;C:\Program Files (x86)\Microsoft SQL Server\110\Tools\Binn\;C:\Program Files\Microsoft SQL Server\110\Tools\Binn\;C:\Program Files (x86)\Microsoft SQL Server\110\DTS\Binn\;C:\Program Files\TortoiseSVN\bin;C:\Python34;C:\Program Files (x86)\Java\jre7\bin;C:\eclipse;
USERNAME=inacio
OS=Windows_NT
PROCESSOR_IDENTIFIER=Intel64 Family 6 Model 69 Stepping 1, GenuineIntel



---------------  S Y S T E M  ---------------

OS: Windows 8 , 64 bit Build 9200 

CPU:total 4 (2 cores per cpu, 2 threads per core) family 6 model 69 stepping 1, cmov, cx8, fxsr, mmx, sse, sse2, sse3, ssse3, sse4.1, sse4.2, popcnt, avx, avx2, aes, erms, ht, tsc, tscinvbit

Memory: 4k page, physical 8290700k(2449652k free), swap 9535884k(3581828k free)

vm_info: Java HotSpot(TM) Client VM (24.60-b09) for windows-x86 JRE (1.7.0_60-b19), built on May  7 2014 13:09:52 by "java_re" with unknown MS VC++:1600

time: Fri Jul 04 09:14:03 2014
elapsed time: 13 seconds

