#
# A fatal error has been detected by the Java Runtime Environment:
#
#  EXCEPTION_ACCESS_VIOLATION (0xc0000005) at pc=0x10799052, pid=6724, tid=8256
#
# JRE version: Java(TM) SE Runtime Environment (7.0_60-b19) (build 1.7.0_60-b19)
# Java VM: Java HotSpot(TM) Client VM (24.60-b09 mixed mode, sharing windows-x86 )
# Problematic frame:
# C  [berkelium.dll+0xa39052]
#
# Failed to write core dump. Minidumps are not enabled by default on client versions of Windows
#
# If you would like to submit a bug report, please visit:
#   http://bugreport.sun.com/bugreport/crash.jsp
#

---------------  T H R E A D  ---------------

Current thread (0x0281fc00):  VMThread [stack: 0x04b20000,0x04b70000] [id=8256]

siginfo: ExceptionCode=0xc0000005, reading address 0x000000f8

Registers:
EAX=0x04b6f4b4, EBX=0x000493e0, ECX=0x04b6f4b4, EDX=0x3fcaaf10
ESP=0x04b6f4a4, EBP=0x00000063, ESI=0x00000000, EDI=0x51ac5210
EIP=0x10799052, EFLAGS=0x00010206

Top of Stack: (sp=0x04b6f4a4)
0x04b6f4a4:   075c1168 075c1168 0751ab00 00000000
0x04b6f4b4:   3fcaaf10 00000063 075b3a20 075bc900
0x04b6f4c4:   00000000 00000000 00000000 74616401
0x04b6f4d4:   69642d61 07850072 00000023 0000002f
0x04b6f4e4:   00000000 07547070 002e5bcf 075c1000
0x04b6f4f4:   0751ab44 ffffff00 0fdcbf20 118e9778
0x04b6f504:   07090030 00000000 0000000f 118ea730
0x04b6f514:   00000001 0fdc9783 00000008 00000001 

Instructions: (pc=0x10799052)
0x10799032:   03 00 00 57 53 e8 f4 c8 60 ff 8b ea 8d 54 24 10
0x10799042:   52 8b f8 e8 26 ca 00 00 83 c4 04 03 38 13 68 04
0x10799052:   8b 86 f8 00 00 00 0b 86 fc 00 00 00 89 7c 24 20
0x10799062:   89 6c 24 24 75 3e 39 84 24 d4 00 00 00 7f 35 7c 


Register to memory mapping:

EAX=
[error occurred during error reporting (printing register info), id 0xc0000005]

Stack: [0x04b20000,0x04b70000],  sp=0x04b6f4a4,  free space=317k
Native frames: (J=compiled Java code, j=interpreted, Vv=VM code, C=native code)
C  [berkelium.dll+0xa39052]

VM_Operation (0x0611e690): Exit, mode: safepoint, requested by thread 0x05174000


---------------  P R O C E S S  ---------------

Java Threads: ( => current thread )
  0x05466400 JavaThread "WeakCollectionCleaner" daemon [_thread_blocked, id=7308, stack(0x07f80000,0x07fd0000)]
  0x0524e000 JavaThread "TimerQueue" daemon [_thread_blocked, id=784, stack(0x06660000,0x066b0000)]
  0x0293e000 JavaThread "DestroyJavaVM" [_thread_blocked, id=1744, stack(0x027b0000,0x02800000)]
  0x05174000 JavaThread "AWT-EventQueue-0" [_thread_blocked, id=9348, stack(0x060d0000,0x06120000)]
  0x05147c00 JavaThread "AWT-Shutdown" [_thread_blocked, id=9556, stack(0x05ba0000,0x05bf0000)]
  0x05146c00 JavaThread "Java2D Disposer" daemon [_thread_blocked, id=2036, stack(0x05b10000,0x05b60000)]
  0x028a3800 JavaThread "Service Thread" daemon [_thread_blocked, id=8204, stack(0x04e80000,0x04ed0000)]
  0x02897800 JavaThread "C1 CompilerThread0" daemon [_thread_blocked, id=4432, stack(0x04df0000,0x04e40000)]
  0x02896400 JavaThread "Attach Listener" daemon [_thread_blocked, id=6704, stack(0x04d60000,0x04db0000)]
  0x02894800 JavaThread "Signal Dispatcher" daemon [_thread_blocked, id=6484, stack(0x04cd0000,0x04d20000)]
  0x02822800 JavaThread "Finalizer" daemon [_thread_blocked, id=1200, stack(0x04c40000,0x04c90000)]
  0x02821000 JavaThread "Reference Handler" daemon [_thread_blocked, id=7940, stack(0x04bb0000,0x04c00000)]

Other Threads:
=>0x0281fc00 VMThread [stack: 0x04b20000,0x04b70000] [id=8256]

VM state:at safepoint (shutting down)

VM Mutex/Monitor currently owned by a thread:  ([mutex/lock_event])
[0x0293c330] Threads_lock - owner thread: 0x0281fc00

Heap
 def new generation   total 58752K, used 14233K [0x24000000, 0x27fc0000, 0x29550000)
  eden space 52224K,  14% used [0x24000000, 0x247867d0, 0x27300000)
  from space 6528K,  99% used [0x27960000, 0x27fbfff0, 0x27fc0000)
  to   space 6528K,   0% used [0x27300000, 0x27300000, 0x27960000)
 tenured generation   total 130436K, used 97965K [0x29550000, 0x314b1000, 0x34000000)
   the space 130436K,  75% used [0x29550000, 0x2f4fb498, 0x2f4fb600, 0x314b1000)
 compacting perm gen  total 12288K, used 8890K [0x34000000, 0x34c00000, 0x38000000)
   the space 12288K,  72% used [0x34000000, 0x348ae958, 0x348aea00, 0x34c00000)
    ro space 10240K,  42% used [0x38000000, 0x38434778, 0x38434800, 0x38a00000)
    rw space 12288K,  52% used [0x38a00000, 0x39049a68, 0x39049c00, 0x39600000)

Card table byte_map: [0x049c0000,0x04a70000] byte_map_base: 0x048a0000

Polling page: 0x00e60000

Code Cache  [0x02940000, 0x02c48000, 0x04940000)
 total_blobs=1919 nmethods=1628 adapters=226 free_code_cache=29671Kb largest_free_block=30383232

Compilation events (10 events):
Event: 92.551 Thread 0x02897800 1636  s          java.awt.ImageMediaEntry::getStatus (80 bytes)
Event: 92.552 Thread 0x02897800 nmethod 1636 0x02c44508 code [0x02c44650, 0x02c44f40]
Event: 92.590 Thread 0x02897800 1637  s          java.awt.MediaTracker::removeImage (76 bytes)
Event: 92.590 Thread 0x02897800 nmethod 1637 0x02c45308 code [0x02c45420, 0x02c456c8]
Event: 92.591 Thread 0x02897800 1638             sun.awt.image.ToolkitImage::hasError (33 bytes)
Event: 92.591 Thread 0x02897800 nmethod 1638 0x02c45848 code [0x02c45950, 0x02c45a1c]
Event: 92.591 Thread 0x02897800 1639  s          java.awt.MediaEntry::getStatus (36 bytes)
Event: 92.591 Thread 0x02897800 nmethod 1639 0x02c45a88 code [0x02c45b90, 0x02c45d9c]
Event: 92.721 Thread 0x02897800 1640  s          java.awt.MediaTracker::waitForID (82 bytes)
Event: 92.721 Thread 0x02897800 nmethod 1640 0x02c45e48 code [0x02c45f60, 0x02c46258]

GC Heap History (10 events):
Event: 65.166 GC heap before
{Heap before GC invocations=30 (full 6):
 def new generation   total 38848K, used 34390K [0x24000000, 0x26a20000, 0x29550000)
  eden space 34560K,  99% used [0x24000000, 0x26195b40, 0x261c0000)
  from space 4288K,   0% used [0x261c0000, 0x261c0000, 0x265f0000)
  to   space 4288K,   0% used [0x265f0000, 0x265f0000, 0x26a20000)
 tenured generation   total 85912K, used 51545K [0x29550000, 0x2e936000, 0x34000000)
   the space 85912K,  59% used [0x29550000, 0x2c7a64c0, 0x2c7a6600, 0x2e936000)
 compacting perm gen  total 12288K, used 8886K [0x34000000, 0x34c00000, 0x38000000)
   the space 12288K,  72% used [0x34000000, 0x348ad928, 0x348ada00, 0x34c00000)
    ro space 10240K,  42% used [0x38000000, 0x38434778, 0x38434800, 0x38a00000)
    rw space 12288K,  52% used [0x38a00000, 0x39049a68, 0x39049c00, 0x39600000)
Event: 65.171 GC heap after
Heap after GC invocations=31 (full 6):
 def new generation   total 38848K, used 4279K [0x24000000, 0x26a20000, 0x29550000)
  eden space 34560K,   0% used [0x24000000, 0x24000000, 0x261c0000)
  from space 4288K,  99% used [0x265f0000, 0x26a1ddb0, 0x26a20000)
  to   space 4288K,   0% used [0x261c0000, 0x261c0000, 0x265f0000)
 tenured generation   total 85912K, used 61593K [0x29550000, 0x2e936000, 0x34000000)
   the space 85912K,  71% used [0x29550000, 0x2d176770, 0x2d176800, 0x2e936000)
 compacting perm gen  total 12288K, used 8886K [0x34000000, 0x34c00000, 0x38000000)
   the space 12288K,  72% used [0x34000000, 0x348ad928, 0x348ada00, 0x34c00000)
    ro space 10240K,  42% used [0x38000000, 0x38434778, 0x38434800, 0x38a00000)
    rw space 12288K,  52% used [0x38a00000, 0x39049a68, 0x39049c00, 0x39600000)
}
Event: 66.253 GC heap before
{Heap before GC invocations=31 (full 6):
 def new generation   total 38848K, used 38840K [0x24000000, 0x26a20000, 0x29550000)
  eden space 34560K, 100% used [0x24000000, 0x261c0000, 0x261c0000)
  from space 4288K,  99% used [0x265f0000, 0x26a1e1c0, 0x26a20000)
  to   space 4288K,   0% used [0x261c0000, 0x261c0000, 0x265f0000)
 tenured generation   total 85912K, used 61593K [0x29550000, 0x2e936000, 0x34000000)
   the space 85912K,  71% used [0x29550000, 0x2d176770, 0x2d176800, 0x2e936000)
 compacting perm gen  total 12288K, used 8886K [0x34000000, 0x34c00000, 0x38000000)
   the space 12288K,  72% used [0x34000000, 0x348ad948, 0x348ada00, 0x34c00000)
    ro space 10240K,  42% used [0x38000000, 0x38434778, 0x38434800, 0x38a00000)
    rw space 12288K,  52% used [0x38a00000, 0x39049a68, 0x39049c00, 0x39600000)
Event: 66.262 GC heap after
Heap after GC invocations=32 (full 6):
 def new generation   total 38848K, used 4288K [0x24000000, 0x26a20000, 0x29550000)
  eden space 34560K,   0% used [0x24000000, 0x24000000, 0x261c0000)
  from space 4288K, 100% used [0x261c0000, 0x265f0000, 0x265f0000)
  to   space 4288K,   0% used [0x265f0000, 0x265f0000, 0x26a20000)
 tenured generation   total 85912K, used 79299K [0x29550000, 0x2e936000, 0x34000000)
   the space 85912K,  92% used [0x29550000, 0x2e2c0e18, 0x2e2c1000, 0x2e936000)
 compacting perm gen  total 12288K, used 8886K [0x34000000, 0x34c00000, 0x38000000)
   the space 12288K,  72% used [0x34000000, 0x348ad948, 0x348ada00, 0x34c00000)
    ro space 10240K,  42% used [0x38000000, 0x38434778, 0x38434800, 0x38a00000)
    rw space 12288K,  52% used [0x38a00000, 0x39049a68, 0x39049c00, 0x39600000)
}
Event: 66.263 GC heap before
{Heap before GC invocations=32 (full 6):
 def new generation   total 38848K, used 4362K [0x24000000, 0x26a20000, 0x29550000)
  eden space 34560K,   0% used [0x24000000, 0x24012828, 0x261c0000)
  from space 4288K, 100% used [0x261c0000, 0x265f0000, 0x265f0000)
  to   space 4288K,   0% used [0x265f0000, 0x265f0000, 0x26a20000)
 tenured generation   total 85912K, used 79299K [0x29550000, 0x2e936000, 0x34000000)
   the space 85912K,  92% used [0x29550000, 0x2e2c0e18, 0x2e2c1000, 0x2e936000)
 compacting perm gen  total 12288K, used 8886K [0x34000000, 0x34c00000, 0x38000000)
   the space 12288K,  72% used [0x34000000, 0x348ad948, 0x348ada00, 0x34c00000)
    ro space 10240K,  42% used [0x38000000, 0x38434778, 0x38434800, 0x38a00000)
    rw space 12288K,  52% used [0x38a00000, 0x39049a68, 0x39049c00, 0x39600000)
Event: 66.270 GC heap after
Heap after GC invocations=33 (full 6):
 def new generation   total 38848K, used 0K [0x24000000, 0x26a20000, 0x29550000)
  eden space 34560K,   0% used [0x24000000, 0x24000000, 0x261c0000)
  from space 4288K,   0% used [0x265f0000, 0x265f0330, 0x26a20000)
  to   space 4288K,   0% used [0x261c0000, 0x261c0000, 0x265f0000)
 tenured generation   total 85912K, used 83561K [0x29550000, 0x2e936000, 0x34000000)
   the space 85912K,  97% used [0x29550000, 0x2e6ea6b0, 0x2e6ea800, 0x2e936000)
 compacting perm gen  total 12288K, used 8886K [0x34000000, 0x34c00000, 0x38000000)
   the space 12288K,  72% used [0x34000000, 0x348ad948, 0x348ada00, 0x34c00000)
    ro space 10240K,  42% used [0x38000000, 0x38434778, 0x38434800, 0x38a00000)
    rw space 12288K,  52% used [0x38a00000, 0x39049a68, 0x39049c00, 0x39600000)
}
Event: 91.335 GC heap before
{Heap before GC invocations=33 (full 6):
 def new generation   total 38848K, used 34556K [0x24000000, 0x26a20000, 0x29550000)
  eden space 34560K,  99% used [0x24000000, 0x261bef90, 0x261c0000)
  from space 4288K,   0% used [0x265f0000, 0x265f0330, 0x26a20000)
  to   space 4288K,   0% used [0x261c0000, 0x261c0000, 0x265f0000)
 tenured generation   total 85912K, used 83561K [0x29550000, 0x2e936000, 0x34000000)
   the space 85912K,  97% used [0x29550000, 0x2e6ea6b0, 0x2e6ea800, 0x2e936000)
 compacting perm gen  total 12288K, used 8886K [0x34000000, 0x34c00000, 0x38000000)
   the space 12288K,  72% used [0x34000000, 0x348ada38, 0x348adc00, 0x34c00000)
    ro space 10240K,  42% used [0x38000000, 0x38434778, 0x38434800, 0x38a00000)
    rw space 12288K,  52% used [0x38a00000, 0x39049a68, 0x39049c00, 0x39600000)
Event: 91.386 GC heap after
Heap after GC invocations=34 (full 7):
 def new generation   total 58752K, used 0K [0x24000000, 0x27fc0000, 0x29550000)
  eden space 52224K,   0% used [0x24000000, 0x24000000, 0x27300000)
  from space 6528K,   0% used [0x27300000, 0x27300000, 0x27960000)
  to   space 6528K,   0% used [0x27960000, 0x27960000, 0x27fc0000)
 tenured generation   total 130436K, used 78259K [0x29550000, 0x314b1000, 0x34000000)
   the space 130436K,  59% used [0x29550000, 0x2e1bcd18, 0x2e1bce00, 0x314b1000)
 compacting perm gen  total 12288K, used 8886K [0x34000000, 0x34c00000, 0x38000000)
   the space 12288K,  72% used [0x34000000, 0x348ada38, 0x348adc00, 0x34c00000)
    ro space 10240K,  42% used [0x38000000, 0x38434778, 0x38434800, 0x38a00000)
    rw space 12288K,  52% used [0x38a00000, 0x39049a68, 0x39049c00, 0x39600000)
}
Event: 92.602 GC heap before
{Heap before GC invocations=34 (full 7):
 def new generation   total 58752K, used 52480K [0x24000000, 0x27fc0000, 0x29550000)
  eden space 52224K, 100% used [0x24000000, 0x27300000, 0x27300000)
  from space 6528K,   3% used [0x27300000, 0x273401a0, 0x27960000)
  to   space 6528K,   0% used [0x27960000, 0x27960000, 0x27fc0000)
 tenured generation   total 130436K, used 78259K [0x29550000, 0x314b1000, 0x34000000)
   the space 130436K,  59% used [0x29550000, 0x2e1bcd18, 0x2e1bce00, 0x314b1000)
 compacting perm gen  total 12288K, used 8886K [0x34000000, 0x34c00000, 0x38000000)
   the space 12288K,  72% used [0x34000000, 0x348adaa8, 0x348adc00, 0x34c00000)
    ro space 10240K,  42% used [0x38000000, 0x38434778, 0x38434800, 0x38a00000)
    rw space 12288K,  52% used [0x38a00000, 0x39049a68, 0x39049c00, 0x39600000)
Event: 92.613 GC heap after
Heap after GC invocations=35 (full 7):
 def new generation   total 58752K, used 6527K [0x24000000, 0x27fc0000, 0x29550000)
  eden space 52224K,   0% used [0x24000000, 0x24000000, 0x27300000)
  from space 6528K,  99% used [0x27960000, 0x27fbfff0, 0x27fc0000)
  to   space 6528K,   0% used [0x27300000, 0x27300000, 0x27960000)
 tenured generation   total 130436K, used 97965K [0x29550000, 0x314b1000, 0x34000000)
   the space 130436K,  75% used [0x29550000, 0x2f4fb498, 0x2f4fb600, 0x314b1000)
 compacting perm gen  total 12288K, used 8886K [0x34000000, 0x34c00000, 0x38000000)
   the space 12288K,  72% used [0x34000000, 0x348adaa8, 0x348adc00, 0x34c00000)
    ro space 10240K,  42% used [0x38000000, 0x38434778, 0x38434800, 0x38a00000)
    rw space 12288K,  52% used [0x38a00000, 0x39049a68, 0x39049c00, 0x39600000)
}

Deoptimization events (0 events):
No events

Internal exceptions (10 events):
Event: 51.461 Thread 0x05466800 Threw 0x250ca508 at C:\re\jdk7u60\1081\hotspot\src\share\vm\prims\jvm.cpp:2917
Event: 53.012 Thread 0x05466800 Threw 0x246af9b0 at C:\re\jdk7u60\1081\hotspot\src\share\vm\prims\jvm.cpp:2917
Event: 57.376 Thread 0x05211400 Threw 0x257c9700 at C:\re\jdk7u60\1081\hotspot\src\share\vm\prims\jvm.cpp:2917
Event: 58.811 Thread 0x05174000 Threw 0x257e60b8 at C:\re\jdk7u60\1081\hotspot\src\share\vm\prims\jvm.cpp:1244
Event: 61.238 Thread 0x05211000 Threw 0x25844100 at C:\re\jdk7u60\1081\hotspot\src\share\vm\prims\jvm.cpp:2917
Event: 64.203 Thread 0x05174000 Threw 0x25f76fd0 at C:\re\jdk7u60\1081\hotspot\src\share\vm\prims\jvm.cpp:1244
Event: 65.185 Thread 0x091c9000 Threw 0x24f38660 at C:\re\jdk7u60\1081\hotspot\src\share\vm\prims\jvm.cpp:2917
Event: 69.284 Thread 0x091c9000 Threw 0x24f5a340 at C:\re\jdk7u60\1081\hotspot\src\share\vm\prims\jvm.cpp:2917
Event: 91.399 Thread 0x05466800 Threw 0x24bb9d20 at C:\re\jdk7u60\1081\hotspot\src\share\vm\prims\jvm.cpp:2917
Event: 92.739 Thread 0x05466800 Threw 0x246fced8 at C:\re\jdk7u60\1081\hotspot\src\share\vm\prims\jvm.cpp:2917

Events (10 events):
Event: 107.643 loading class 0x39670c20
Event: 107.643 loading class 0x39670bc8
Event: 107.643 Thread 0x05463800 Thread exited: 0x05463800
Event: 107.643 loading class 0x39670bc8 done
Event: 107.643 loading class 0x39670c20 done
Event: 107.644 Thread 0x05466800 Thread exited: 0x05466800
Event: 107.644 Thread 0x05464400 Thread exited: 0x05464400
Event: 107.654 Thread 0x05148400 Thread exited: 0x05148400
Event: 107.744 Thread 0x05467000 Thread exited: 0x05467000
Event: 107.745 Executing VM operation: Exit


Dynamic libraries:
0x00a70000 - 0x00a9f000 	C:\Program Files (x86)\Java\jre7\bin\javaw.exe
0x76fe0000 - 0x77137000 	C:\Windows\SYSTEM32\ntdll.dll
0x74690000 - 0x747c0000 	C:\Windows\SYSTEM32\KERNEL32.DLL
0x76a80000 - 0x76b27000 	C:\Windows\SYSTEM32\KERNELBASE.dll
0x747c0000 - 0x7486e000 	C:\Windows\SYSTEM32\ADVAPI32.dll
0x764f0000 - 0x76606000 	C:\Windows\SYSTEM32\USER32.dll
0x73130000 - 0x73328000 	C:\Windows\WinSxS\x86_microsoft.windows.common-controls_6595b64144ccf1df_6.0.9200.16579_none_8937eec6860750f5\COMCTL32.dll
0x76000000 - 0x760b1000 	C:\Windows\SYSTEM32\msvcrt.dll
0x74870000 - 0x748a4000 	C:\Windows\SYSTEM32\sechost.dll
0x760c0000 - 0x7616c000 	C:\Windows\SYSTEM32\RPCRT4.dll
0x748b0000 - 0x749ad000 	C:\Windows\SYSTEM32\GDI32.dll
0x745d0000 - 0x745ed000 	C:\Windows\SYSTEM32\SspiCli.dll
0x745c0000 - 0x745c9000 	C:\Windows\SYSTEM32\CRYPTBASE.dll
0x74560000 - 0x745b1000 	C:\Windows\SYSTEM32\bcryptPrimitives.dll
0x762e0000 - 0x76300000 	C:\Windows\system32\IMM32.DLL
0x76680000 - 0x7675e000 	C:\Windows\SYSTEM32\MSCTF.dll
0x667a0000 - 0x6685f000 	C:\Program Files (x86)\Java\jre7\bin\msvcr100.dll
0x6f250000 - 0x6f5d8000 	C:\Program Files (x86)\Java\jre7\bin\client\jvm.dll
0x71c10000 - 0x71c18000 	C:\Windows\SYSTEM32\WSOCK32.dll
0x71fb0000 - 0x71fd1000 	C:\Windows\SYSTEM32\WINMM.dll
0x76300000 - 0x76306000 	C:\Windows\SYSTEM32\PSAPI.DLL
0x75f80000 - 0x75fd0000 	C:\Windows\SYSTEM32\WS2_32.dll
0x71c70000 - 0x71c9b000 	C:\Windows\SYSTEM32\WINMMBASE.dll
0x75ff0000 - 0x75ff8000 	C:\Windows\SYSTEM32\NSI.dll
0x76b30000 - 0x76b76000 	C:\Windows\SYSTEM32\cfgmgr32.dll
0x75f00000 - 0x75f1e000 	C:\Windows\SYSTEM32\DEVOBJ.dll
0x720a0000 - 0x720ac000 	C:\Program Files (x86)\Java\jre7\bin\verify.dll
0x71910000 - 0x71930000 	C:\Program Files (x86)\Java\jre7\bin\java.dll
0x718d0000 - 0x718e3000 	C:\Program Files (x86)\Java\jre7\bin\zip.dll
0x61680000 - 0x617c3000 	C:\Program Files (x86)\Java\jre7\bin\awt.dll
0x76c00000 - 0x76c8b000 	C:\Windows\SYSTEM32\OLEAUT32.dll
0x76de0000 - 0x76f16000 	C:\Windows\SYSTEM32\combase.dll
0x72dd0000 - 0x72e77000 	C:\Windows\system32\apphelp.dll
0x71a40000 - 0x71a59000 	C:\Windows\system32\DWMAPI.DLL
0x726b0000 - 0x72738000 	C:\Windows\system32\uxtheme.dll
0x76760000 - 0x76879000 	C:\Windows\SYSTEM32\ole32.dll
0x74da0000 - 0x75e66000 	C:\Windows\SYSTEM32\SHELL32.dll
0x75f40000 - 0x75f80000 	C:\Windows\SYSTEM32\SHLWAPI.dll
0x73330000 - 0x733a3000 	C:\Windows\SYSTEM32\shcore.dll
0x6f180000 - 0x6f1b9000 	C:\Program Files (x86)\Java\jre7\bin\fontmanager.dll
0x718b0000 - 0x718c4000 	C:\Program Files (x86)\Java\jre7\bin\net.dll
0x72e80000 - 0x72eca000 	C:\Windows\system32\mswsock.dll
0x718a0000 - 0x718af000 	C:\Program Files (x86)\Java\jre7\bin\nio.dll
0x6b5d0000 - 0x6b600000 	C:\Program Files (x86)\Java\jre7\bin\t2k.dll
0x76b80000 - 0x76bf4000 	C:\Windows\SYSTEM32\clbcatq.dll
0x6a8a0000 - 0x6a9eb000 	C:\Windows\SYSTEM32\WindowsCodecs.dll
0x76dc0000 - 0x76dd1000 	C:\Windows\SYSTEM32\profapi.dll
0x6b5a0000 - 0x6b5c4000 	C:\Program Files (x86)\Java\jre7\bin\dcpr.dll
0x681e0000 - 0x6824d000 	C:\binaries\terrajava.dll
0x61590000 - 0x61677000 	C:\binaries\terramanager-funcate.dll
0x5e7b0000 - 0x5f056000 	C:\binaries\terralib.dll
0x64af0000 - 0x64b59000 	C:\Windows\SYSTEM32\MSVCP100.dll
0x6d880000 - 0x6db4c000 	C:\binaries\bgd.dll
0x701a0000 - 0x701bb000 	C:\binaries\terraogc_xml.dll
0x66780000 - 0x6679d000 	C:\binaries\terraogc_sld.dll
0x66750000 - 0x66776000 	C:\binaries\terraogc_se.dll
0x66710000 - 0x66746000 	C:\binaries\terraogc_filter.dll
0x61530000 - 0x61582000 	C:\binaries\terraogc_ows.dll
0x60740000 - 0x60759000 	C:\binaries\terraogc_common.dll
0x681d0000 - 0x681db000 	C:\binaries\terralib_shp.dll
0x66700000 - 0x6670e000 	C:\binaries\terralib_spl.dll
0x066e0000 - 0x06ad6000 	C:\binaries\qt-mt338.dll
0x613d0000 - 0x6149e000 	C:\Windows\SYSTEM32\OPENGL32.dll
0x613a0000 - 0x613c3000 	C:\Windows\SYSTEM32\GLU32.dll
0x606c0000 - 0x6073f000 	C:\binaries\qwt500.dll
0x0fd60000 - 0x11d5f000 	C:\binaries\berkelium.dll
0x06ae0000 - 0x06c21000 	C:\binaries\LIBMYSQL.dll
0x63100000 - 0x63121000 	C:\binaries\LIBPQ.dll
0x06c30000 - 0x06c91000 	C:\binaries\OCI.dll
0x60630000 - 0x606ba000 	C:\binaries\libtiff.dll
0x5a000000 - 0x5a7d2000 	C:\binaries\gdal110.dll
0x12000000 - 0x121dc000 	C:\binaries\xerces-c_3_1.dll
0x605d0000 - 0x60625000 	C:\binaries\terraogc_wms.dll
0x60570000 - 0x605c3000 	C:\binaries\terraogc_gml.dll
0x60520000 - 0x60561000 	C:\binaries\terraogc_xsd.dll
0x60500000 - 0x60520000 	C:\binaries\terraogc_xacml.dll
0x71f30000 - 0x71f90000 	C:\Windows\SYSTEM32\WINSPOOL.DRV
0x7c340000 - 0x7c396000 	C:\Windows\SYSTEM32\MSVCR71.dll
0x608a0000 - 0x60979000 	C:\Windows\SYSTEM32\DDRAW.dll
0x727a0000 - 0x727a9000 	C:\Windows\SYSTEM32\Secur32.dll
0x75f20000 - 0x75f3b000 	C:\Windows\SYSTEM32\USERENV.dll
0x71520000 - 0x71570000 	C:\Windows\SYSTEM32\OLEACC.dll
0x54200000 - 0x54276000 	C:\Windows\SYSTEM32\RICHED20.dll
0x72ee0000 - 0x72ee8000 	C:\Windows\SYSTEM32\VERSION.dll
0x720b0000 - 0x720c4000 	C:\Windows\SYSTEM32\USP10.dll
0x72c50000 - 0x72cc5000 	C:\Windows\SYSTEM32\DNSAPI.dll
0x06d40000 - 0x06dea000 	C:\Windows\libeay32.dll
0x06df0000 - 0x06dfd000 	C:\binaries\libintl-2.dll
0x72ed0000 - 0x72ed6000 	C:\Windows\SYSTEM32\SHFOLDER.DLL
0x06e00000 - 0x06e26000 	C:\Windows\ssleay32.dll
0x06e30000 - 0x06e56000 	C:\binaries\libexpat.dll
0x60770000 - 0x60811000 	C:\Windows\SYSTEM32\ODBC32.dll
0x60760000 - 0x60767000 	C:\Windows\SYSTEM32\DCIMAN32.dll
0x663b0000 - 0x663db000 	C:\Windows\SYSTEM32\msls31.dll
0x06eb0000 - 0x06f8b000 	C:\binaries\libiconv-2.dll
0x6f600000 - 0x6f61d000 	C:\Windows\SYSTEM32\gpapi.dll
0x74530000 - 0x74556000 	C:\Windows\SYSTEM32\ntmarta.dll
0x50e40000 - 0x516e8000 	C:\binaries\icudt46.dll
0x53850000 - 0x53979000 	C:\Windows\SYSTEM32\dbghelp.dll
0x72040000 - 0x72050000 	C:\Windows\system32\napinsp.dll
0x72020000 - 0x72034000 	C:\Windows\system32\pnrpnsp.dll
0x72010000 - 0x72020000 	C:\Windows\system32\NLAapi.dll
0x72000000 - 0x72009000 	C:\Windows\System32\winrnr.dll
0x71ac0000 - 0x71ad0000 	C:\Windows\system32\wshbth.dll
0x726a0000 - 0x726a7000 	C:\Windows\System32\rasadhlp.dll
0x71c30000 - 0x71c6f000 	C:\Windows\System32\fwpuclnt.dll
0x72cd0000 - 0x72cf0000 	C:\Windows\SYSTEM32\IPHLPAPI.DLL
0x72c40000 - 0x72c48000 	C:\Windows\SYSTEM32\WINNSI.DLL
0x730d0000 - 0x730ea000 	C:\Windows\SYSTEM32\CRYPTSP.dll
0x73090000 - 0x730ce000 	C:\Windows\system32\rsaenh.dll
0x72c30000 - 0x72c40000 	C:\Windows\SYSTEM32\dhcpcsvc6.DLL
0x72c10000 - 0x72c22000 	C:\Windows\SYSTEM32\dhcpcsvc.DLL
0x604d0000 - 0x604f5000 	C:\Program Files (x86)\Java\jre7\bin\jpeg.dll

VM Arguments:
jvm_args: -Dfile.encoding=ISO-8859-1 
java_command: com.nexusbr.gv.main.ConnectDBMain
Launcher Type: SUN_STANDARD

Environment Variables:
JAVA_HOME=C:\Program Files (x86)\Java\jre7
PATH=C:/Program Files (x86)/Java/jre7/bin/client;C:/Program Files (x86)/Java/jre7/bin;C:/Program Files (x86)/Java/jre7/lib/i386;C:\Program Files (x86)\PHP\;c:\Program Files (x86)\Intel\iCLS Client\;c:\Program Files\Intel\iCLS Client\;C:\Windows\system32;C:\Windows;C:\Windows\System32\Wbem;C:\Windows\System32\WindowsPowerShell\v1.0\;C:\Program Files\Intel\Intel(R) Management Engine Components\DAL;C:\Program Files\Intel\Intel(R) Management Engine Components\IPT;C:\Program Files (x86)\Intel\Intel(R) Management Engine Components\DAL;C:\Program Files (x86)\Intel\Intel(R) Management Engine Components\IPT;C:\Program Files (x86)\Intel\OpenCL SDK\3.0\bin\x86;C:\Program Files (x86)\Intel\OpenCL SDK\3.0\bin\x64;C:\Program Files (x86)\Windows Live\Shared;C:\binaries;c:\Program Files (x86)\Microsoft SQL Server\100\Tools\Binn\;c:\Program Files\Microsoft SQL Server\100\Tools\Binn\;c:\Program Files\Microsoft SQL Server\100\DTS\Binn\;C:\strawberry\c\bin;C:\strawberry\perl\site\bin;C:\strawberry\perl\bin;C:\Program Files (x86)\Microsoft SQL Server\110\Tools\Binn\ManagementStudio\;C:\Program Files (x86)\Microsoft SQL Server\110\Tools\Binn\;C:\Program Files\Microsoft SQL Server\110\Tools\Binn\;C:\Program Files (x86)\Microsoft SQL Server\110\DTS\Binn\;C:\Program Files\TortoiseSVN\bin;C:\Python34;C:\Program Files (x86)\Java\jre7\bin;C:\eclipse;
USERNAME=inacio
OS=Windows_NT
PROCESSOR_IDENTIFIER=Intel64 Family 6 Model 69 Stepping 1, GenuineIntel



---------------  S Y S T E M  ---------------

OS: Windows 8 , 64 bit Build 9200 

CPU:total 4 (2 cores per cpu, 2 threads per core) family 6 model 69 stepping 1, cmov, cx8, fxsr, mmx, sse, sse2, sse3, ssse3, sse4.1, sse4.2, popcnt, avx, avx2, aes, erms, ht, tsc, tscinvbit

Memory: 4k page, physical 8290700k(3066888k free), swap 9535884k(4162764k free)

vm_info: Java HotSpot(TM) Client VM (24.60-b09) for windows-x86 JRE (1.7.0_60-b19), built on May  7 2014 13:09:52 by "java_re" with unknown MS VC++:1600

time: Wed Jul 02 14:16:39 2014
elapsed time: 107 seconds

