#
# A fatal error has been detected by the Java Runtime Environment:
#
#  EXCEPTION_ACCESS_VIOLATION (0xc0000005) at pc=0x0fb19052, pid=1300, tid=8444
#
# JRE version: Java(TM) SE Runtime Environment (7.0_60-b19) (build 1.7.0_60-b19)
# Java VM: Java HotSpot(TM) Client VM (24.60-b09 mixed mode, sharing windows-x86 )
# Problematic frame:
# C  [berkelium.dll+0xa39052]
#
# Failed to write core dump. Minidumps are not enabled by default on client versions of Windows
#
# If you would like to submit a bug report, please visit:
#   http://bugreport.sun.com/bugreport/crash.jsp
#

---------------  T H R E A D  ---------------

Current thread (0x0204fc00):  VMThread [stack: 0x042b0000,0x04300000] [id=8444]

siginfo: ExceptionCode=0xc0000005, reading address 0x000000f8

Registers:
EAX=0x042ff014, EBX=0x000493e0, ECX=0x042ff014, EDX=0xb05a9348
ESP=0x042ff004, EBP=0x00000073, ESI=0x00000000, EDI=0xc23c3648
EIP=0x0fb19052, EFLAGS=0x00010202

Top of Stack: (sp=0x042ff004)
0x042ff004:   06cc1168 06cc1168 06c1ab00 00000000
0x042ff014:   b05a9348 00000073 06cb3a20 06cbe900
0x042ff024:   00000000 00000000 00000000 74616401
0x042ff034:   69642d61 06ef0072 00000023 0000002f
0x042ff044:   00000000 06c47070 002e5bdf 06cc1000
0x042ff054:   06c1ab44 ffffff00 0f14bf20 10c69778
0x042ff064:   066f0030 00000000 0000000f 10c6a730
0x042ff074:   00000001 0f149783 00000008 00000001 

Instructions: (pc=0x0fb19052)
0x0fb19032:   03 00 00 57 53 e8 f4 c8 60 ff 8b ea 8d 54 24 10
0x0fb19042:   52 8b f8 e8 26 ca 00 00 83 c4 04 03 38 13 68 04
0x0fb19052:   8b 86 f8 00 00 00 0b 86 fc 00 00 00 89 7c 24 20
0x0fb19062:   89 6c 24 24 75 3e 39 84 24 d4 00 00 00 7f 35 7c 


Register to memory mapping:

EAX=
[error occurred during error reporting (printing register info), id 0xc0000005]

Stack: [0x042b0000,0x04300000],  sp=0x042ff004,  free space=316k
Native frames: (J=compiled Java code, j=interpreted, Vv=VM code, C=native code)
C  [berkelium.dll+0xa39052]

VM_Operation (0x0587e9e0): Exit, mode: safepoint, requested by thread 0x05400c00


---------------  P R O C E S S  ---------------

Java Threads: ( => current thread )
  0x05744c00 JavaThread "Image Fetcher 3" daemon [_thread_blocked, id=6524, stack(0x075a0000,0x075f0000)]
  0x05744800 JavaThread "WeakCollectionCleaner" daemon [_thread_blocked, id=8396, stack(0x08fa0000,0x08ff0000)]
  0x056f5400 JavaThread "TimerQueue" daemon [_thread_blocked, id=4884, stack(0x07700000,0x07750000)]
  0x0082e000 JavaThread "DestroyJavaVM" [_thread_blocked, id=9508, stack(0x00790000,0x007e0000)]
  0x05400c00 JavaThread "AWT-EventQueue-0" [_thread_blocked, id=6784, stack(0x05830000,0x05880000)]
  0x048ba000 JavaThread "AWT-Shutdown" [_thread_blocked, id=5224, stack(0x04f00000,0x04f50000)]
  0x048b8c00 JavaThread "Java2D Disposer" daemon [_thread_blocked, id=7640, stack(0x04e70000,0x04ec0000)]
  0x020ccc00 JavaThread "Service Thread" daemon [_thread_blocked, id=8764, stack(0x04610000,0x04660000)]
  0x020c4c00 JavaThread "C1 CompilerThread0" daemon [_thread_blocked, id=8936, stack(0x04580000,0x045d0000)]
  0x020c3000 JavaThread "Attach Listener" daemon [_thread_blocked, id=9252, stack(0x044f0000,0x04540000)]
  0x020c0c00 JavaThread "Signal Dispatcher" daemon [_thread_blocked, id=6704, stack(0x04460000,0x044b0000)]
  0x02056000 JavaThread "Finalizer" daemon [_thread_blocked, id=8472, stack(0x043d0000,0x04420000)]
  0x02051000 JavaThread "Reference Handler" daemon [_thread_blocked, id=6460, stack(0x04340000,0x04390000)]

Other Threads:
=>0x0204fc00 VMThread [stack: 0x042b0000,0x04300000] [id=8444]

VM state:at safepoint (shutting down)

VM Mutex/Monitor currently owned by a thread:  ([mutex/lock_event])
[0x0082c400] Threads_lock - owner thread: 0x0204fc00

Heap
 def new generation   total 14464K, used 13190K [0x24000000, 0x24fb0000, 0x29550000)
  eden space 12864K,  90% used [0x24000000, 0x24b51ba0, 0x24c90000)
  from space 1600K, 100% used [0x24e20000, 0x24fb0000, 0x24fb0000)
  to   space 1600K,   0% used [0x24c90000, 0x24c90000, 0x24e20000)
 tenured generation   total 32088K, used 19531K [0x29550000, 0x2b4a6000, 0x34000000)
   the space 32088K,  60% used [0x29550000, 0x2a862ff0, 0x2a863000, 0x2b4a6000)
 compacting perm gen  total 12288K, used 9365K [0x34000000, 0x34c00000, 0x38000000)
   the space 12288K,  76% used [0x34000000, 0x349256e8, 0x34925800, 0x34c00000)
    ro space 10240K,  42% used [0x38000000, 0x38434778, 0x38434800, 0x38a00000)
    rw space 12288K,  52% used [0x38a00000, 0x39049a68, 0x39049c00, 0x39600000)

Card table byte_map: [0x02130000,0x021e0000] byte_map_base: 0x02010000

Polling page: 0x00510000

Code Cache  [0x02210000, 0x02428000, 0x04210000)
 total_blobs=1340 nmethods=1050 adapters=226 free_code_cache=30640Kb largest_free_block=31375744

Compilation events (10 events):
Event: 23.102 Thread 0x020c4c00 1055             br.org.funcate.glue.model.canvas.ImageSourceDefinition::getType (5 bytes)
Event: 23.102 Thread 0x020c4c00 nmethod 1055 0x02422588 code [0x02422680, 0x02422700]
Event: 23.150 Thread 0x020c4c00 1056             java.util.concurrent.locks.AbstractQueuedSynchronizer::isOnSyncQueue (33 bytes)
Event: 23.150 Thread 0x020c4c00 nmethod 1056 0x02422748 code [0x02422850, 0x02422950]
Event: 23.286 Thread 0x020c4c00 1057             java.awt.Container$MouseEventTargetFilter::accept (66 bytes)
Event: 23.286 Thread 0x020c4c00 nmethod 1057 0x02422a08 code [0x02422b00, 0x02422c30]
Event: 23.302 Thread 0x020c4c00 1058   !         java.awt.Container::dispatchEventImpl (129 bytes)
Event: 23.303 Thread 0x020c4c00 nmethod 1058 0x02422c88 code [0x02422de0, 0x024231c8]
Event: 23.646 Thread 0x020c4c00 1059             java.util.concurrent.locks.AbstractQueuedSynchronizer$ConditionObject::await (98 bytes)
Event: 23.647 Thread 0x020c4c00 nmethod 1059 0x024233c8 code [0x02423560, 0x02423994]

GC Heap History (10 events):
Event: 3.393 GC heap before
{Heap before GC invocations=12 (full 2):
 def new generation   total 9728K, used 7560K [0x24000000, 0x24a80000, 0x29550000)
  eden space 8704K,  86% used [0x24000000, 0x24762350, 0x24880000)
  from space 1024K,   0% used [0x24880000, 0x24880000, 0x24980000)
  to   space 1024K,   0% used [0x24980000, 0x24980000, 0x24a80000)
 tenured generation   total 21360K, used 12814K [0x29550000, 0x2aa2c000, 0x34000000)
   the space 21360K,  59% used [0x29550000, 0x2a1d3ad0, 0x2a1d3c00, 0x2aa2c000)
 compacting perm gen  total 12288K, used 8500K [0x34000000, 0x34c00000, 0x38000000)
   the space 12288K,  69% used [0x34000000, 0x3484d0a0, 0x3484d200, 0x34c00000)
    ro space 10240K,  42% used [0x38000000, 0x38434778, 0x38434800, 0x38a00000)
    rw space 12288K,  52% used [0x38a00000, 0x39049a68, 0x39049c00, 0x39600000)
Event: 3.396 GC heap after
Heap after GC invocations=13 (full 2):
 def new generation   total 9728K, used 6K [0x24000000, 0x24a80000, 0x29550000)
  eden space 8704K,   0% used [0x24000000, 0x24000000, 0x24880000)
  from space 1024K,   0% used [0x24980000, 0x24981978, 0x24a80000)
  to   space 1024K,   0% used [0x24880000, 0x24880000, 0x24980000)
 tenured generation   total 21360K, used 20273K [0x29550000, 0x2aa2c000, 0x34000000)
   the space 21360K,  94% used [0x29550000, 0x2a91c700, 0x2a91c800, 0x2aa2c000)
 compacting perm gen  total 12288K, used 8500K [0x34000000, 0x34c00000, 0x38000000)
   the space 12288K,  69% used [0x34000000, 0x3484d0a0, 0x3484d200, 0x34c00000)
    ro space 10240K,  42% used [0x38000000, 0x38434778, 0x38434800, 0x38a00000)
    rw space 12288K,  52% used [0x38a00000, 0x39049a68, 0x39049c00, 0x39600000)
}
Event: 3.412 GC heap before
{Heap before GC invocations=13 (full 2):
 def new generation   total 9728K, used 7528K [0x24000000, 0x24a80000, 0x29550000)
  eden space 8704K,  86% used [0x24000000, 0x24758940, 0x24880000)
  from space 1024K,   0% used [0x24980000, 0x24981978, 0x24a80000)
  to   space 1024K,   0% used [0x24880000, 0x24880000, 0x24980000)
 tenured generation   total 21360K, used 20273K [0x29550000, 0x2aa2c000, 0x34000000)
   the space 21360K,  94% used [0x29550000, 0x2a91c700, 0x2a91c800, 0x2aa2c000)
 compacting perm gen  total 12288K, used 8500K [0x34000000, 0x34c00000, 0x38000000)
   the space 12288K,  69% used [0x34000000, 0x3484d0e0, 0x3484d200, 0x34c00000)
    ro space 10240K,  42% used [0x38000000, 0x38434778, 0x38434800, 0x38a00000)
    rw space 12288K,  52% used [0x38a00000, 0x39049a68, 0x39049c00, 0x39600000)
Event: 3.468 GC heap after
Heap after GC invocations=14 (full 3):
 def new generation   total 11712K, used 0K [0x24000000, 0x24cb0000, 0x29550000)
  eden space 10432K,   0% used [0x24000000, 0x24000000, 0x24a30000)
  from space 1280K,   0% used [0x24a30000, 0x24a30000, 0x24b70000)
  to   space 1280K,   0% used [0x24b70000, 0x24b70000, 0x24cb0000)
 tenured generation   total 25808K, used 15483K [0x29550000, 0x2ae84000, 0x34000000)
   the space 25808K,  59% used [0x29550000, 0x2a46ec18, 0x2a46ee00, 0x2ae84000)
 compacting perm gen  total 12288K, used 8500K [0x34000000, 0x34c00000, 0x38000000)
   the space 12288K,  69% used [0x34000000, 0x3484d0e0, 0x3484d200, 0x34c00000)
    ro space 10240K,  42% used [0x38000000, 0x38434778, 0x38434800, 0x38a00000)
    rw space 12288K,  52% used [0x38a00000, 0x39049a68, 0x39049c00, 0x39600000)
}
Event: 7.462 GC heap before
{Heap before GC invocations=14 (full 3):
 def new generation   total 11712K, used 10316K [0x24000000, 0x24cb0000, 0x29550000)
  eden space 10432K,  98% used [0x24000000, 0x24a13320, 0x24a30000)
  from space 1280K,   0% used [0x24a30000, 0x24a30000, 0x24b70000)
  to   space 1280K,   0% used [0x24b70000, 0x24b70000, 0x24cb0000)
 tenured generation   total 25808K, used 15483K [0x29550000, 0x2ae84000, 0x34000000)
   the space 25808K,  59% used [0x29550000, 0x2a46ec18, 0x2a46ee00, 0x2ae84000)
 compacting perm gen  total 12288K, used 8577K [0x34000000, 0x34c00000, 0x38000000)
   the space 12288K,  69% used [0x34000000, 0x34860530, 0x34860600, 0x34c00000)
    ro space 10240K,  42% used [0x38000000, 0x38434778, 0x38434800, 0x38a00000)
    rw space 12288K,  52% used [0x38a00000, 0x39049a68, 0x39049c00, 0x39600000)
Event: 7.465 GC heap after
Heap after GC invocations=15 (full 3):
 def new generation   total 11712K, used 1280K [0x24000000, 0x24cb0000, 0x29550000)
  eden space 10432K,   0% used [0x24000000, 0x24000000, 0x24a30000)
  from space 1280K, 100% used [0x24b70000, 0x24cb0000, 0x24cb0000)
  to   space 1280K,   0% used [0x24a30000, 0x24a30000, 0x24b70000)
 tenured generation   total 25808K, used 19289K [0x29550000, 0x2ae84000, 0x34000000)
   the space 25808K,  74% used [0x29550000, 0x2a826670, 0x2a826800, 0x2ae84000)
 compacting perm gen  total 12288K, used 8577K [0x34000000, 0x34c00000, 0x38000000)
   the space 12288K,  69% used [0x34000000, 0x34860530, 0x34860600, 0x34c00000)
    ro space 10240K,  42% used [0x38000000, 0x38434778, 0x38434800, 0x38a00000)
    rw space 12288K,  52% used [0x38a00000, 0x39049a68, 0x39049c00, 0x39600000)
}
Event: 7.707 GC heap before
{Heap before GC invocations=15 (full 3):
 def new generation   total 11712K, used 11712K [0x24000000, 0x24cb0000, 0x29550000)
  eden space 10432K, 100% used [0x24000000, 0x24a30000, 0x24a30000)
  from space 1280K, 100% used [0x24b70000, 0x24cb0000, 0x24cb0000)
  to   space 1280K,   0% used [0x24a30000, 0x24a30000, 0x24b70000)
 tenured generation   total 25808K, used 19289K [0x29550000, 0x2ae84000, 0x34000000)
   the space 25808K,  74% used [0x29550000, 0x2a826670, 0x2a826800, 0x2ae84000)
 compacting perm gen  total 12288K, used 8590K [0x34000000, 0x34c00000, 0x38000000)
   the space 12288K,  69% used [0x34000000, 0x34863a58, 0x34863c00, 0x34c00000)
    ro space 10240K,  42% used [0x38000000, 0x38434778, 0x38434800, 0x38a00000)
    rw space 12288K,  52% used [0x38a00000, 0x39049a68, 0x39049c00, 0x39600000)
Event: 7.756 GC heap after
Heap after GC invocations=16 (full 4):
 def new generation   total 14464K, used 0K [0x24000000, 0x24fb0000, 0x29550000)
  eden space 12864K,   0% used [0x24000000, 0x24000000, 0x24c90000)
  from space 1600K,   0% used [0x24c90000, 0x24c90000, 0x24e20000)
  to   space 1600K,   0% used [0x24e20000, 0x24e20000, 0x24fb0000)
 tenured generation   total 32088K, used 19250K [0x29550000, 0x2b4a6000, 0x34000000)
   the space 32088K,  59% used [0x29550000, 0x2a81cbf8, 0x2a81cc00, 0x2b4a6000)
 compacting perm gen  total 12288K, used 8584K [0x34000000, 0x34c00000, 0x38000000)
   the space 12288K,  69% used [0x34000000, 0x348621d0, 0x34862200, 0x34c00000)
    ro space 10240K,  42% used [0x38000000, 0x38434778, 0x38434800, 0x38a00000)
    rw space 12288K,  52% used [0x38a00000, 0x39049a68, 0x39049c00, 0x39600000)
}
Event: 8.429 GC heap before
{Heap before GC invocations=16 (full 4):
 def new generation   total 14464K, used 12864K [0x24000000, 0x24fb0000, 0x29550000)
  eden space 12864K, 100% used [0x24000000, 0x24c90000, 0x24c90000)
  from space 1600K,   0% used [0x24c90000, 0x24c90000, 0x24e20000)
  to   space 1600K,   0% used [0x24e20000, 0x24e20000, 0x24fb0000)
 tenured generation   total 32088K, used 19250K [0x29550000, 0x2b4a6000, 0x34000000)
   the space 32088K,  59% used [0x29550000, 0x2a81cbf8, 0x2a81cc00, 0x2b4a6000)
 compacting perm gen  total 12288K, used 9300K [0x34000000, 0x34c00000, 0x38000000)
   the space 12288K,  75% used [0x34000000, 0x34915398, 0x34915400, 0x34c00000)
    ro space 10240K,  42% used [0x38000000, 0x38434778, 0x38434800, 0x38a00000)
    rw space 12288K,  52% used [0x38a00000, 0x39049a68, 0x39049c00, 0x39600000)
Event: 8.435 GC heap after
Heap after GC invocations=17 (full 4):
 def new generation   total 14464K, used 1600K [0x24000000, 0x24fb0000, 0x29550000)
  eden space 12864K,   0% used [0x24000000, 0x24000000, 0x24c90000)
  from space 1600K, 100% used [0x24e20000, 0x24fb0000, 0x24fb0000)
  to   space 1600K,   0% used [0x24c90000, 0x24c90000, 0x24e20000)
 tenured generation   total 32088K, used 19531K [0x29550000, 0x2b4a6000, 0x34000000)
   the space 32088K,  60% used [0x29550000, 0x2a862ff0, 0x2a863000, 0x2b4a6000)
 compacting perm gen  total 12288K, used 9300K [0x34000000, 0x34c00000, 0x38000000)
   the space 12288K,  75% used [0x34000000, 0x34915398, 0x34915400, 0x34c00000)
    ro space 10240K,  42% used [0x38000000, 0x38434778, 0x38434800, 0x38a00000)
    rw space 12288K,  52% used [0x38a00000, 0x39049a68, 0x39049c00, 0x39600000)
}

Deoptimization events (0 events):
No events

Internal exceptions (10 events):
Event: 7.991 Thread 0x05400c00 Threw 0x24322970 at C:\re\jdk7u60\1081\hotspot\src\share\vm\prims\jvm.cpp:1244
Event: 7.992 Thread 0x05400c00 Threw 0x24327d38 at C:\re\jdk7u60\1081\hotspot\src\share\vm\prims\jvm.cpp:1244
Event: 8.100 Thread 0x05400c00 Threw 0x24330ee8 at C:\re\jdk7u60\1081\hotspot\src\share\vm\prims\jvm.cpp:1244
Event: 8.101 Thread 0x05400c00 Threw 0x24337590 at C:\re\jdk7u60\1081\hotspot\src\share\vm\prims\jvm.cpp:1244
Event: 8.109 Thread 0x05400c00 Threw 0x2433e610 at C:\re\jdk7u60\1081\hotspot\src\share\vm\prims\jvm.cpp:1244
Event: 8.119 Thread 0x05400c00 Threw 0x24347b98 at C:\re\jdk7u60\1081\hotspot\src\share\vm\prims\jvm.cpp:1244
Event: 8.120 Thread 0x05400c00 Threw 0x2434e110 at C:\re\jdk7u60\1081\hotspot\src\share\vm\prims\jvm.cpp:1244
Event: 8.438 Thread 0x02056000 Threw 0x2401e5f0 at C:\re\jdk7u60\1081\hotspot\src\share\vm\interpreter\linkResolver.cpp:883
Event: 8.507 Thread 0x05635800 Threw 0x242f0348 at C:\re\jdk7u60\1081\hotspot\src\share\vm\prims\jvm.cpp:2917
Event: 10.797 Thread 0x05633c00 Threw 0x24a21b98 at C:\re\jdk7u60\1081\hotspot\src\share\vm\prims\jvm.cpp:2917

Events (10 events):
Event: 24.055 loading class 0x39670c20
Event: 24.055 Thread 0x05745800 Thread exited: 0x05745800
Event: 24.055 Thread 0x05747400 Thread exited: 0x05747400
Event: 24.055 loading class 0x39670bc8
Event: 24.055 loading class 0x39670bc8 done
Event: 24.055 loading class 0x39670c20 done
Event: 24.055 Thread 0x05745400 Thread exited: 0x05745400
Event: 24.064 Thread 0x048bac00 Thread exited: 0x048bac00
Event: 24.155 Thread 0x05748000 Thread exited: 0x05748000
Event: 24.156 Executing VM operation: Exit


Dynamic libraries:
0x00a70000 - 0x00a9f000 	C:\Program Files (x86)\Java\jre7\bin\javaw.exe
0x76fe0000 - 0x77137000 	C:\Windows\SYSTEM32\ntdll.dll
0x74690000 - 0x747c0000 	C:\Windows\SYSTEM32\KERNEL32.DLL
0x76a80000 - 0x76b27000 	C:\Windows\SYSTEM32\KERNELBASE.dll
0x747c0000 - 0x7486e000 	C:\Windows\SYSTEM32\ADVAPI32.dll
0x764f0000 - 0x76606000 	C:\Windows\SYSTEM32\USER32.dll
0x73130000 - 0x73328000 	C:\Windows\WinSxS\x86_microsoft.windows.common-controls_6595b64144ccf1df_6.0.9200.16579_none_8937eec6860750f5\COMCTL32.dll
0x76000000 - 0x760b1000 	C:\Windows\SYSTEM32\msvcrt.dll
0x74870000 - 0x748a4000 	C:\Windows\SYSTEM32\sechost.dll
0x760c0000 - 0x7616c000 	C:\Windows\SYSTEM32\RPCRT4.dll
0x748b0000 - 0x749ad000 	C:\Windows\SYSTEM32\GDI32.dll
0x745d0000 - 0x745ed000 	C:\Windows\SYSTEM32\SspiCli.dll
0x745c0000 - 0x745c9000 	C:\Windows\SYSTEM32\CRYPTBASE.dll
0x74560000 - 0x745b1000 	C:\Windows\SYSTEM32\bcryptPrimitives.dll
0x762e0000 - 0x76300000 	C:\Windows\system32\IMM32.DLL
0x76680000 - 0x7675e000 	C:\Windows\SYSTEM32\MSCTF.dll
0x5f9e0000 - 0x5fa9f000 	C:\Program Files (x86)\Java\jre7\bin\msvcr100.dll
0x6f250000 - 0x6f5d8000 	C:\Program Files (x86)\Java\jre7\bin\client\jvm.dll
0x71c10000 - 0x71c18000 	C:\Windows\SYSTEM32\WSOCK32.dll
0x71fb0000 - 0x71fd1000 	C:\Windows\SYSTEM32\WINMM.dll
0x76300000 - 0x76306000 	C:\Windows\SYSTEM32\PSAPI.DLL
0x75f80000 - 0x75fd0000 	C:\Windows\SYSTEM32\WS2_32.dll
0x71c70000 - 0x71c9b000 	C:\Windows\SYSTEM32\WINMMBASE.dll
0x75ff0000 - 0x75ff8000 	C:\Windows\SYSTEM32\NSI.dll
0x76b30000 - 0x76b76000 	C:\Windows\SYSTEM32\cfgmgr32.dll
0x75f00000 - 0x75f1e000 	C:\Windows\SYSTEM32\DEVOBJ.dll
0x720a0000 - 0x720ac000 	C:\Program Files (x86)\Java\jre7\bin\verify.dll
0x71910000 - 0x71930000 	C:\Program Files (x86)\Java\jre7\bin\java.dll
0x718d0000 - 0x718e3000 	C:\Program Files (x86)\Java\jre7\bin\zip.dll
0x5e360000 - 0x5e4a3000 	C:\Program Files (x86)\Java\jre7\bin\awt.dll
0x76c00000 - 0x76c8b000 	C:\Windows\SYSTEM32\OLEAUT32.dll
0x76de0000 - 0x76f16000 	C:\Windows\SYSTEM32\combase.dll
0x72dd0000 - 0x72e77000 	C:\Windows\system32\apphelp.dll
0x71a40000 - 0x71a59000 	C:\Windows\system32\DWMAPI.DLL
0x726b0000 - 0x72738000 	C:\Windows\system32\uxtheme.dll
0x76760000 - 0x76879000 	C:\Windows\SYSTEM32\ole32.dll
0x74da0000 - 0x75e66000 	C:\Windows\SYSTEM32\SHELL32.dll
0x75f40000 - 0x75f80000 	C:\Windows\SYSTEM32\SHLWAPI.dll
0x73330000 - 0x733a3000 	C:\Windows\SYSTEM32\shcore.dll
0x5f9a0000 - 0x5f9d9000 	C:\Program Files (x86)\Java\jre7\bin\fontmanager.dll
0x718b0000 - 0x718c4000 	C:\Program Files (x86)\Java\jre7\bin\net.dll
0x72e80000 - 0x72eca000 	C:\Windows\system32\mswsock.dll
0x718a0000 - 0x718af000 	C:\Program Files (x86)\Java\jre7\bin\nio.dll
0x5e330000 - 0x5e360000 	C:\Program Files (x86)\Java\jre7\bin\t2k.dll
0x76b80000 - 0x76bf4000 	C:\Windows\SYSTEM32\clbcatq.dll
0x6a8a0000 - 0x6a9eb000 	C:\Windows\SYSTEM32\WindowsCodecs.dll
0x76dc0000 - 0x76dd1000 	C:\Windows\SYSTEM32\profapi.dll
0x5e300000 - 0x5e324000 	C:\Program Files (x86)\Java\jre7\bin\dcpr.dll
0x5e290000 - 0x5e2fd000 	C:\binaries\terrajava.dll
0x5e1a0000 - 0x5e287000 	C:\binaries\terramanager-funcate.dll
0x573f0000 - 0x57c96000 	C:\binaries\terralib.dll
0x64af0000 - 0x64b59000 	C:\Windows\SYSTEM32\MSVCP100.dll
0x6d880000 - 0x6db4c000 	C:\binaries\bgd.dll
0x5f980000 - 0x5f99b000 	C:\binaries\terraogc_xml.dll
0x5e180000 - 0x5e19d000 	C:\binaries\terraogc_sld.dll
0x5e150000 - 0x5e176000 	C:\binaries\terraogc_se.dll
0x5e110000 - 0x5e146000 	C:\binaries\terraogc_filter.dll
0x5da60000 - 0x5dab2000 	C:\binaries\terraogc_ows.dll
0x5e0f0000 - 0x5e109000 	C:\binaries\terraogc_common.dll
0x5da50000 - 0x5da5b000 	C:\binaries\terralib_shp.dll
0x5da40000 - 0x5da4e000 	C:\binaries\terralib_spl.dll
0x05dd0000 - 0x061c6000 	C:\binaries\qt-mt338.dll
0x613d0000 - 0x6149e000 	C:\Windows\SYSTEM32\OPENGL32.dll
0x613a0000 - 0x613c3000 	C:\Windows\SYSTEM32\GLU32.dll
0x597c0000 - 0x5983f000 	C:\binaries\qwt500.dll
0x0f0e0000 - 0x110df000 	C:\binaries\berkelium.dll
0x061d0000 - 0x06311000 	C:\binaries\LIBMYSQL.dll
0x63100000 - 0x63121000 	C:\binaries\LIBPQ.dll
0x06320000 - 0x06381000 	C:\binaries\OCI.dll
0x59730000 - 0x597ba000 	C:\binaries\libtiff.dll
0x56580000 - 0x56d52000 	C:\binaries\gdal110.dll
0x12000000 - 0x121dc000 	C:\binaries\xerces-c_3_1.dll
0x596d0000 - 0x59725000 	C:\binaries\terraogc_wms.dll
0x59670000 - 0x596c3000 	C:\binaries\terraogc_gml.dll
0x59620000 - 0x59661000 	C:\binaries\terraogc_xsd.dll
0x5a810000 - 0x5a830000 	C:\binaries\terraogc_xacml.dll
0x71f30000 - 0x71f90000 	C:\Windows\SYSTEM32\WINSPOOL.DRV
0x7c340000 - 0x7c396000 	C:\Windows\SYSTEM32\MSVCR71.dll
0x608a0000 - 0x60979000 	C:\Windows\SYSTEM32\DDRAW.dll
0x727a0000 - 0x727a9000 	C:\Windows\SYSTEM32\Secur32.dll
0x75f20000 - 0x75f3b000 	C:\Windows\SYSTEM32\USERENV.dll
0x71520000 - 0x71570000 	C:\Windows\SYSTEM32\OLEACC.dll
0x54200000 - 0x54276000 	C:\Windows\SYSTEM32\RICHED20.dll
0x72ee0000 - 0x72ee8000 	C:\Windows\SYSTEM32\VERSION.dll
0x720b0000 - 0x720c4000 	C:\Windows\SYSTEM32\USP10.dll
0x72c50000 - 0x72cc5000 	C:\Windows\SYSTEM32\DNSAPI.dll
0x06430000 - 0x064da000 	C:\Windows\libeay32.dll
0x064e0000 - 0x064ed000 	C:\binaries\libintl-2.dll
0x72ed0000 - 0x72ed6000 	C:\Windows\SYSTEM32\SHFOLDER.DLL
0x064f0000 - 0x06516000 	C:\Windows\ssleay32.dll
0x06520000 - 0x06546000 	C:\binaries\libexpat.dll
0x60770000 - 0x60811000 	C:\Windows\SYSTEM32\ODBC32.dll
0x60760000 - 0x60767000 	C:\Windows\SYSTEM32\DCIMAN32.dll
0x663b0000 - 0x663db000 	C:\Windows\SYSTEM32\msls31.dll
0x065a0000 - 0x0667b000 	C:\binaries\libiconv-2.dll
0x6f600000 - 0x6f61d000 	C:\Windows\SYSTEM32\gpapi.dll
0x74530000 - 0x74556000 	C:\Windows\SYSTEM32\ntmarta.dll
0x54e60000 - 0x55708000 	C:\binaries\icudt46.dll
0x53850000 - 0x53979000 	C:\Windows\SYSTEM32\dbghelp.dll
0x72040000 - 0x72050000 	C:\Windows\system32\napinsp.dll
0x72020000 - 0x72034000 	C:\Windows\system32\pnrpnsp.dll
0x72010000 - 0x72020000 	C:\Windows\system32\NLAapi.dll
0x72000000 - 0x72009000 	C:\Windows\System32\winrnr.dll
0x71ac0000 - 0x71ad0000 	C:\Windows\system32\wshbth.dll
0x726a0000 - 0x726a7000 	C:\Windows\System32\rasadhlp.dll
0x71c30000 - 0x71c6f000 	C:\Windows\System32\fwpuclnt.dll
0x72cd0000 - 0x72cf0000 	C:\Windows\SYSTEM32\IPHLPAPI.DLL
0x72c40000 - 0x72c48000 	C:\Windows\SYSTEM32\WINNSI.DLL
0x730d0000 - 0x730ea000 	C:\Windows\SYSTEM32\CRYPTSP.dll
0x73090000 - 0x730ce000 	C:\Windows\system32\rsaenh.dll
0x72c30000 - 0x72c40000 	C:\Windows\SYSTEM32\dhcpcsvc6.DLL
0x72c10000 - 0x72c22000 	C:\Windows\SYSTEM32\dhcpcsvc.DLL
0x595f0000 - 0x59615000 	C:\Program Files (x86)\Java\jre7\bin\jpeg.dll

VM Arguments:
jvm_args: -Dfile.encoding=ISO-8859-1 
java_command: com.nexusbr.gv.main.ConnectDBMain
Launcher Type: SUN_STANDARD

Environment Variables:
JAVA_HOME=C:\Program Files (x86)\Java\jre7
PATH=C:/Program Files (x86)/Java/jre7/bin/client;C:/Program Files (x86)/Java/jre7/bin;C:/Program Files (x86)/Java/jre7/lib/i386;C:\Program Files (x86)\PHP\;c:\Program Files (x86)\Intel\iCLS Client\;c:\Program Files\Intel\iCLS Client\;C:\Windows\system32;C:\Windows;C:\Windows\System32\Wbem;C:\Windows\System32\WindowsPowerShell\v1.0\;C:\Program Files\Intel\Intel(R) Management Engine Components\DAL;C:\Program Files\Intel\Intel(R) Management Engine Components\IPT;C:\Program Files (x86)\Intel\Intel(R) Management Engine Components\DAL;C:\Program Files (x86)\Intel\Intel(R) Management Engine Components\IPT;C:\Program Files (x86)\Intel\OpenCL SDK\3.0\bin\x86;C:\Program Files (x86)\Intel\OpenCL SDK\3.0\bin\x64;C:\Program Files (x86)\Windows Live\Shared;C:\binaries;c:\Program Files (x86)\Microsoft SQL Server\100\Tools\Binn\;c:\Program Files\Microsoft SQL Server\100\Tools\Binn\;c:\Program Files\Microsoft SQL Server\100\DTS\Binn\;C:\strawberry\c\bin;C:\strawberry\perl\site\bin;C:\strawberry\perl\bin;C:\Program Files (x86)\Microsoft SQL Server\110\Tools\Binn\ManagementStudio\;C:\Program Files (x86)\Microsoft SQL Server\110\Tools\Binn\;C:\Program Files\Microsoft SQL Server\110\Tools\Binn\;C:\Program Files (x86)\Microsoft SQL Server\110\DTS\Binn\;C:\Program Files\TortoiseSVN\bin;C:\Python34;C:\Program Files (x86)\Java\jre7\bin;C:\eclipse;
USERNAME=inacio
OS=Windows_NT
PROCESSOR_IDENTIFIER=Intel64 Family 6 Model 69 Stepping 1, GenuineIntel



---------------  S Y S T E M  ---------------

OS: Windows 8 , 64 bit Build 9200 

CPU:total 4 (2 cores per cpu, 2 threads per core) family 6 model 69 stepping 1, cmov, cx8, fxsr, mmx, sse, sse2, sse3, ssse3, sse4.1, sse4.2, popcnt, avx, avx2, aes, erms, ht, tsc, tscinvbit

Memory: 4k page, physical 8290700k(4638184k free), swap 9535884k(4555320k free)

vm_info: Java HotSpot(TM) Client VM (24.60-b09) for windows-x86 JRE (1.7.0_60-b19), built on May  7 2014 13:09:52 by "java_re" with unknown MS VC++:1600

time: Thu Jul 03 09:53:27 2014
elapsed time: 24 seconds

