#
# A fatal error has been detected by the Java Runtime Environment:
#
#  EXCEPTION_ACCESS_VIOLATION (0xc0000005) at pc=0x102a9052, pid=4564, tid=4884
#
# JRE version: Java(TM) SE Runtime Environment (7.0_60-b19) (build 1.7.0_60-b19)
# Java VM: Java HotSpot(TM) Client VM (24.60-b09 mixed mode, sharing windows-x86 )
# Problematic frame:
# C  [berkelium.dll+0xa39052]
#
# Failed to write core dump. Minidumps are not enabled by default on client versions of Windows
#
# If you would like to submit a bug report, please visit:
#   http://bugreport.sun.com/bugreport/crash.jsp
#

---------------  T H R E A D  ---------------

Current thread (0x0217fc00):  VMThread [stack: 0x043d0000,0x04420000] [id=4884]

siginfo: ExceptionCode=0xc0000005, reading address 0x000000f8

Registers:
EAX=0x0441f544, EBX=0x000493e0, ECX=0x0441f544, EDX=0x565f3100
ESP=0x0441f534, EBP=0x00000087, ESI=0x00000000, EDI=0x6840d400
EIP=0x102a9052, EFLAGS=0x00010206

Top of Stack: (sp=0x0441f534)
0x0441f534:   06db3168 06db3168 06d0ab00 00000000
0x0441f544:   565f3100 00000087 06da3a20 06dac900
0x0441f554:   00000000 00000000 00000000 74616401
0x0441f564:   69642d61 07030072 00000023 0000002f
0x0441f574:   00000000 06d37070 002e5bf3 06db3000
0x0441f584:   06d0ab44 ffffff00 0f8dbf20 113f9778
0x0441f594:   06860030 00000000 0000000f 113fa730
0x0441f5a4:   00000001 0f8d9783 00000008 00000001 

Instructions: (pc=0x102a9052)
0x102a9032:   03 00 00 57 53 e8 f4 c8 60 ff 8b ea 8d 54 24 10
0x102a9042:   52 8b f8 e8 26 ca 00 00 83 c4 04 03 38 13 68 04
0x102a9052:   8b 86 f8 00 00 00 0b 86 fc 00 00 00 89 7c 24 20
0x102a9062:   89 6c 24 24 75 3e 39 84 24 d4 00 00 00 7f 35 7c 


Register to memory mapping:

EAX=
[error occurred during error reporting (printing register info), id 0xc0000005]

Stack: [0x043d0000,0x04420000],  sp=0x0441f534,  free space=317k
Native frames: (J=compiled Java code, j=interpreted, Vv=VM code, C=native code)
C  [berkelium.dll+0xa39052]

VM_Operation (0x0597e9b0): Exit, mode: safepoint, requested by thread 0x04a01400


---------------  P R O C E S S  ---------------

Java Threads: ( => current thread )
  0x08974400 JavaThread "Keep-Alive-Timer" daemon [_thread_blocked, id=5068, stack(0x09df0000,0x09e40000)]
  0x0581a400 JavaThread "WeakCollectionCleaner" daemon [_thread_blocked, id=3796, stack(0x09800000,0x09850000)]
  0x05873c00 JavaThread "TimerQueue" daemon [_thread_blocked, id=4432, stack(0x07760000,0x077b0000)]
  0x0227e000 JavaThread "DestroyJavaVM" [_thread_blocked, id=10844, stack(0x00700000,0x00750000)]
  0x04a01400 JavaThread "AWT-EventQueue-0" [_thread_blocked, id=10896, stack(0x05930000,0x05980000)]
  0x0499b000 JavaThread "AWT-Shutdown" [_thread_blocked, id=6672, stack(0x05000000,0x05050000)]
  0x04999c00 JavaThread "Java2D Disposer" daemon [_thread_blocked, id=10568, stack(0x04f70000,0x04fc0000)]
  0x021fac00 JavaThread "Service Thread" daemon [_thread_blocked, id=8508, stack(0x04730000,0x04780000)]
  0x021f4400 JavaThread "C1 CompilerThread0" daemon [_thread_blocked, id=6804, stack(0x046a0000,0x046f0000)]
  0x021f2800 JavaThread "Attach Listener" daemon [_thread_blocked, id=10824, stack(0x04610000,0x04660000)]
  0x021f1800 JavaThread "Signal Dispatcher" daemon [_thread_blocked, id=10352, stack(0x04580000,0x045d0000)]
  0x02182800 JavaThread "Finalizer" daemon [_thread_blocked, id=8456, stack(0x044f0000,0x04540000)]
  0x02181000 JavaThread "Reference Handler" daemon [_thread_blocked, id=5508, stack(0x04460000,0x044b0000)]

Other Threads:
=>0x0217fc00 VMThread [stack: 0x043d0000,0x04420000] [id=4884]

VM state:at safepoint (shutting down)

VM Mutex/Monitor currently owned by a thread:  ([mutex/lock_event])
[0x0227c878] Threads_lock - owner thread: 0x0217fc00

Heap
 def new generation   total 20736K, used 14191K [0x24000000, 0x25670000, 0x29550000)
  eden space 18496K,  64% used [0x24000000, 0x24babed0, 0x25210000)
  from space 2240K, 100% used [0x25440000, 0x25670000, 0x25670000)
  to   space 2240K,   0% used [0x25210000, 0x25210000, 0x25440000)
 tenured generation   total 54572K, used 54554K [0x29550000, 0x2ca9b000, 0x34000000)
   the space 54572K,  99% used [0x29550000, 0x2ca96a50, 0x2ca96c00, 0x2ca9b000)
 compacting perm gen  total 12288K, used 8792K [0x34000000, 0x34c00000, 0x38000000)
   the space 12288K,  71% used [0x34000000, 0x34896258, 0x34896400, 0x34c00000)
    ro space 10240K,  42% used [0x38000000, 0x38434778, 0x38434800, 0x38a00000)
    rw space 12288K,  52% used [0x38a00000, 0x39049a68, 0x39049c00, 0x39600000)

Card table byte_map: [0x04280000,0x04330000] byte_map_base: 0x04160000

Polling page: 0x00750000

Code Cache  [0x02280000, 0x02498000, 0x04280000)
 total_blobs=1280 nmethods=993 adapters=223 free_code_cache=30639Kb largest_free_block=31373888

Compilation events (10 events):
Event: 14.082 Thread 0x021f4400  998             sun.awt.SunToolkit::getAppContext (42 bytes)
Event: 14.083 Thread 0x021f4400 nmethod 998 0x02493448 code [0x02493590, 0x02493794]
Event: 14.083 Thread 0x021f4400  999             java.awt.Component$1::getAppContext (5 bytes)
Event: 14.083 Thread 0x021f4400 nmethod 999 0x02493908 code [0x02493a00, 0x02493a80]
Event: 14.098 Thread 0x021f4400 1000             sun.awt.SunToolkit::targetToAppContext (36 bytes)
Event: 14.099 Thread 0x021f4400 nmethod 1000 0x02493b08 code [0x02493c40, 0x02493f34]
Event: 14.171 Thread 0x021f4400 1001             java.util.concurrent.locks.LockSupport::setBlocker (12 bytes)
Event: 14.172 Thread 0x021f4400 nmethod 1001 0x02494148 code [0x02494240, 0x024942c0]
Event: 14.187 Thread 0x021f4400 1002             java.util.concurrent.locks.AbstractQueuedSynchronizer::isOnSyncQueue (33 bytes)
Event: 14.187 Thread 0x021f4400 nmethod 1002 0x02494308 code [0x02494410, 0x02494510]

GC Heap History (10 events):
Event: 7.128 GC heap before
{Heap before GC invocations=15 (full 3):
 def new generation   total 13248K, used 13209K [0x24000000, 0x24e60000, 0x29550000)
  eden space 11776K,  99% used [0x24000000, 0x24b76428, 0x24b80000)
  from space 1472K, 100% used [0x24cf0000, 0x24e60000, 0x24e60000)
  to   space 1472K,   0% used [0x24b80000, 0x24b80000, 0x24cf0000)
 tenured generation   total 29388K, used 23081K [0x29550000, 0x2b203000, 0x34000000)
   the space 29388K,  78% used [0x29550000, 0x2abda4f8, 0x2abda600, 0x2b203000)
 compacting perm gen  total 12288K, used 8788K [0x34000000, 0x34c00000, 0x38000000)
   the space 12288K,  71% used [0x34000000, 0x34895318, 0x34895400, 0x34c00000)
    ro space 10240K,  42% used [0x38000000, 0x38434778, 0x38434800, 0x38a00000)
    rw space 12288K,  52% used [0x38a00000, 0x39049a68, 0x39049c00, 0x39600000)
Event: 7.133 GC heap after
Heap after GC invocations=16 (full 3):
 def new generation   total 13248K, used 1352K [0x24000000, 0x24e60000, 0x29550000)
  eden space 11776K,   0% used [0x24000000, 0x24000000, 0x24b80000)
  from space 1472K,  91% used [0x24b80000, 0x24cd2140, 0x24cf0000)
  to   space 1472K,   0% used [0x24cf0000, 0x24cf0000, 0x24e60000)
 tenured generation   total 29388K, used 29288K [0x29550000, 0x2b203000, 0x34000000)
   the space 29388K,  99% used [0x29550000, 0x2b1ea398, 0x2b1ea400, 0x2b203000)
 compacting perm gen  total 12288K, used 8788K [0x34000000, 0x34c00000, 0x38000000)
   the space 12288K,  71% used [0x34000000, 0x34895318, 0x34895400, 0x34c00000)
    ro space 10240K,  42% used [0x38000000, 0x38434778, 0x38434800, 0x38a00000)
    rw space 12288K,  52% used [0x38a00000, 0x39049a68, 0x39049c00, 0x39600000)
}
Event: 8.701 GC heap before
{Heap before GC invocations=16 (full 3):
 def new generation   total 13248K, used 11308K [0x24000000, 0x24e60000, 0x29550000)
  eden space 11776K,  84% used [0x24000000, 0x249b9070, 0x24b80000)
  from space 1472K,  91% used [0x24b80000, 0x24cd2140, 0x24cf0000)
  to   space 1472K,   0% used [0x24cf0000, 0x24cf0000, 0x24e60000)
 tenured generation   total 29388K, used 29288K [0x29550000, 0x2b203000, 0x34000000)
   the space 29388K,  99% used [0x29550000, 0x2b1ea398, 0x2b1ea400, 0x2b203000)
 compacting perm gen  total 12288K, used 8789K [0x34000000, 0x34c00000, 0x38000000)
   the space 12288K,  71% used [0x34000000, 0x34895520, 0x34895600, 0x34c00000)
    ro space 10240K,  42% used [0x38000000, 0x38434778, 0x38434800, 0x38a00000)
    rw space 12288K,  52% used [0x38a00000, 0x39049a68, 0x39049c00, 0x39600000)
Event: 8.752 GC heap after
Heap after GC invocations=17 (full 4):
 def new generation   total 20736K, used 0K [0x24000000, 0x25670000, 0x29550000)
  eden space 18496K,   0% used [0x24000000, 0x24000000, 0x25210000)
  from space 2240K,   0% used [0x25210000, 0x25210000, 0x25440000)
  to   space 2240K,   0% used [0x25440000, 0x25440000, 0x25670000)
 tenured generation   total 45732K, used 27438K [0x29550000, 0x2c1f9000, 0x34000000)
   the space 45732K,  59% used [0x29550000, 0x2b01bab8, 0x2b01bc00, 0x2c1f9000)
 compacting perm gen  total 12288K, used 8782K [0x34000000, 0x34c00000, 0x38000000)
   the space 12288K,  71% used [0x34000000, 0x34893bb8, 0x34893c00, 0x34c00000)
    ro space 10240K,  42% used [0x38000000, 0x38434778, 0x38434800, 0x38a00000)
    rw space 12288K,  52% used [0x38a00000, 0x39049a68, 0x39049c00, 0x39600000)
}
Event: 8.797 GC heap before
{Heap before GC invocations=17 (full 4):
 def new generation   total 20736K, used 18253K [0x24000000, 0x25670000, 0x29550000)
  eden space 18496K,  98% used [0x24000000, 0x251d35f8, 0x25210000)
  from space 2240K,   0% used [0x25210000, 0x25210000, 0x25440000)
  to   space 2240K,   0% used [0x25440000, 0x25440000, 0x25670000)
 tenured generation   total 45732K, used 27438K [0x29550000, 0x2c1f9000, 0x34000000)
   the space 45732K,  59% used [0x29550000, 0x2b01bab8, 0x2b01bc00, 0x2c1f9000)
 compacting perm gen  total 12288K, used 8782K [0x34000000, 0x34c00000, 0x38000000)
   the space 12288K,  71% used [0x34000000, 0x34893bf8, 0x34893c00, 0x34c00000)
    ro space 10240K,  42% used [0x38000000, 0x38434778, 0x38434800, 0x38a00000)
    rw space 12288K,  52% used [0x38a00000, 0x39049a68, 0x39049c00, 0x39600000)
Event: 8.801 GC heap after
Heap after GC invocations=18 (full 4):
 def new generation   total 20736K, used 2235K [0x24000000, 0x25670000, 0x29550000)
  eden space 18496K,   0% used [0x24000000, 0x24000000, 0x25210000)
  from space 2240K,  99% used [0x25440000, 0x2566ed98, 0x25670000)
  to   space 2240K,   0% used [0x25210000, 0x25210000, 0x25440000)
 tenured generation   total 45732K, used 38623K [0x29550000, 0x2c1f9000, 0x34000000)
   the space 45732K,  84% used [0x29550000, 0x2bb07ec8, 0x2bb08000, 0x2c1f9000)
 compacting perm gen  total 12288K, used 8782K [0x34000000, 0x34c00000, 0x38000000)
   the space 12288K,  71% used [0x34000000, 0x34893bf8, 0x34893c00, 0x34c00000)
    ro space 10240K,  42% used [0x38000000, 0x38434778, 0x38434800, 0x38a00000)
    rw space 12288K,  52% used [0x38a00000, 0x39049a68, 0x39049c00, 0x39600000)
}
Event: 9.262 GC heap before
{Heap before GC invocations=18 (full 4):
 def new generation   total 20736K, used 20731K [0x24000000, 0x25670000, 0x29550000)
  eden space 18496K, 100% used [0x24000000, 0x25210000, 0x25210000)
  from space 2240K,  99% used [0x25440000, 0x2566ed98, 0x25670000)
  to   space 2240K,   0% used [0x25210000, 0x25210000, 0x25440000)
 tenured generation   total 45732K, used 38887K [0x29550000, 0x2c1f9000, 0x34000000)
   the space 45732K,  85% used [0x29550000, 0x2bb49ee8, 0x2bb4a000, 0x2c1f9000)
 compacting perm gen  total 12288K, used 8783K [0x34000000, 0x34c00000, 0x38000000)
   the space 12288K,  71% used [0x34000000, 0x34893c48, 0x34893e00, 0x34c00000)
    ro space 10240K,  42% used [0x38000000, 0x38434778, 0x38434800, 0x38a00000)
    rw space 12288K,  52% used [0x38a00000, 0x39049a68, 0x39049c00, 0x39600000)
Event: 9.269 GC heap after
Heap after GC invocations=19 (full 4):
 def new generation   total 20736K, used 2240K [0x24000000, 0x25670000, 0x29550000)
  eden space 18496K,   0% used [0x24000000, 0x24000000, 0x25210000)
  from space 2240K, 100% used [0x25210000, 0x25440000, 0x25440000)
  to   space 2240K,   0% used [0x25440000, 0x25440000, 0x25670000)
 tenured generation   total 51192K, used 51020K [0x29550000, 0x2c74e000, 0x34000000)
   the space 51192K,  99% used [0x29550000, 0x2c7231a8, 0x2c723200, 0x2c74e000)
 compacting perm gen  total 12288K, used 8783K [0x34000000, 0x34c00000, 0x38000000)
   the space 12288K,  71% used [0x34000000, 0x34893c48, 0x34893e00, 0x34c00000)
    ro space 10240K,  42% used [0x38000000, 0x38434778, 0x38434800, 0x38a00000)
    rw space 12288K,  52% used [0x38a00000, 0x39049a68, 0x39049c00, 0x39600000)
}
Event: 9.930 GC heap before
{Heap before GC invocations=19 (full 4):
 def new generation   total 20736K, used 20501K [0x24000000, 0x25670000, 0x29550000)
  eden space 18496K,  98% used [0x24000000, 0x251d5400, 0x25210000)
  from space 2240K, 100% used [0x25210000, 0x25440000, 0x25440000)
  to   space 2240K,   0% used [0x25440000, 0x25440000, 0x25670000)
 tenured generation   total 51452K, used 51276K [0x29550000, 0x2c78f000, 0x34000000)
   the space 51452K,  99% used [0x29550000, 0x2c7631b8, 0x2c763200, 0x2c78f000)
 compacting perm gen  total 12288K, used 8783K [0x34000000, 0x34c00000, 0x38000000)
   the space 12288K,  71% used [0x34000000, 0x34893cc8, 0x34893e00, 0x34c00000)
    ro space 10240K,  42% used [0x38000000, 0x38434778, 0x38434800, 0x38a00000)
    rw space 12288K,  52% used [0x38a00000, 0x39049a68, 0x39049c00, 0x39600000)
Event: 9.933 GC heap after
Heap after GC invocations=20 (full 4):
 def new generation   total 20736K, used 2240K [0x24000000, 0x25670000, 0x29550000)
  eden space 18496K,   0% used [0x24000000, 0x24000000, 0x25210000)
  from space 2240K, 100% used [0x25440000, 0x25670000, 0x25670000)
  to   space 2240K,   0% used [0x25210000, 0x25210000, 0x25440000)
 tenured generation   total 54572K, used 54554K [0x29550000, 0x2ca9b000, 0x34000000)
   the space 54572K,  99% used [0x29550000, 0x2ca96a50, 0x2ca96c00, 0x2ca9b000)
 compacting perm gen  total 12288K, used 8783K [0x34000000, 0x34c00000, 0x38000000)
   the space 12288K,  71% used [0x34000000, 0x34893cc8, 0x34893e00, 0x34c00000)
    ro space 10240K,  42% used [0x38000000, 0x38434778, 0x38434800, 0x38a00000)
    rw space 12288K,  52% used [0x38a00000, 0x39049a68, 0x39049c00, 0x39600000)
}

Deoptimization events (0 events):
No events

Internal exceptions (10 events):
Event: 5.988 Thread 0x04a01400 Threw 0x2464ec58 at C:\re\jdk7u60\1081\hotspot\src\share\vm\prims\jvm.cpp:1244
Event: 5.988 Thread 0x04a01400 Threw 0x246540a8 at C:\re\jdk7u60\1081\hotspot\src\share\vm\prims\jvm.cpp:1244
Event: 5.988 Thread 0x04a01400 Threw 0x246594b8 at C:\re\jdk7u60\1081\hotspot\src\share\vm\prims\jvm.cpp:1244
Event: 5.988 Thread 0x04a01400 Threw 0x2465e8c8 at C:\re\jdk7u60\1081\hotspot\src\share\vm\prims\jvm.cpp:1244
Event: 5.989 Thread 0x04a01400 Threw 0x24663f80 at C:\re\jdk7u60\1081\hotspot\src\share\vm\prims\jvm.cpp:1244
Event: 6.237 Thread 0x05816c00 Threw 0x245ffb18 at C:\re\jdk7u60\1081\hotspot\src\share\vm\prims\jvm.cpp:2917
Event: 6.238 Thread 0x05819800 Threw 0x246ae460 at C:\re\jdk7u60\1081\hotspot\src\share\vm\prims\jvm.cpp:1244
Event: 9.885 Thread 0x05816c00 Threw 0x24398578 at C:\re\jdk7u60\1081\hotspot\src\share\vm\prims\jvm.cpp:2917
Event: 9.929 Thread 0x04920400 Threw 0x251923a0 at C:\re\jdk7u60\1081\hotspot\src\share\vm\prims\jvm.cpp:2917
Event: 10.099 Thread 0x08975800 Threw 0x24b415c8 at C:\re\jdk7u60\1081\hotspot\src\share\vm\prims\jvm.cpp:2917

Events (10 events):
Event: 15.075 loading class 0x39670c20
Event: 15.075 Thread 0x05818400 Thread exited: 0x05818400
Event: 15.075 loading class 0x39670bc8
Event: 15.075 loading class 0x39670bc8 done
Event: 15.075 loading class 0x39670c20 done
Event: 15.075 Thread 0x05818c00 Thread exited: 0x05818c00
Event: 15.081 Thread 0x0499b800 Thread exited: 0x0499b800
Event: 15.099 Thread 0x08975800 Thread exited: 0x08975800
Event: 15.176 Thread 0x05817400 Thread exited: 0x05817400
Event: 15.176 Executing VM operation: Exit


Dynamic libraries:
0x00a70000 - 0x00a9f000 	C:\Program Files (x86)\Java\jre7\bin\javaw.exe
0x76fe0000 - 0x77137000 	C:\Windows\SYSTEM32\ntdll.dll
0x74690000 - 0x747c0000 	C:\Windows\SYSTEM32\KERNEL32.DLL
0x76a80000 - 0x76b27000 	C:\Windows\SYSTEM32\KERNELBASE.dll
0x747c0000 - 0x7486e000 	C:\Windows\SYSTEM32\ADVAPI32.dll
0x764f0000 - 0x76606000 	C:\Windows\SYSTEM32\USER32.dll
0x73130000 - 0x73328000 	C:\Windows\WinSxS\x86_microsoft.windows.common-controls_6595b64144ccf1df_6.0.9200.16579_none_8937eec6860750f5\COMCTL32.dll
0x76000000 - 0x760b1000 	C:\Windows\SYSTEM32\msvcrt.dll
0x74870000 - 0x748a4000 	C:\Windows\SYSTEM32\sechost.dll
0x760c0000 - 0x7616c000 	C:\Windows\SYSTEM32\RPCRT4.dll
0x748b0000 - 0x749ad000 	C:\Windows\SYSTEM32\GDI32.dll
0x745d0000 - 0x745ed000 	C:\Windows\SYSTEM32\SspiCli.dll
0x745c0000 - 0x745c9000 	C:\Windows\SYSTEM32\CRYPTBASE.dll
0x74560000 - 0x745b1000 	C:\Windows\SYSTEM32\bcryptPrimitives.dll
0x762e0000 - 0x76300000 	C:\Windows\system32\IMM32.DLL
0x76680000 - 0x7675e000 	C:\Windows\SYSTEM32\MSCTF.dll
0x5e970000 - 0x5ea2f000 	C:\Program Files (x86)\Java\jre7\bin\msvcr100.dll
0x5e310000 - 0x5e698000 	C:\Program Files (x86)\Java\jre7\bin\client\jvm.dll
0x71c10000 - 0x71c18000 	C:\Windows\SYSTEM32\WSOCK32.dll
0x71fb0000 - 0x71fd1000 	C:\Windows\SYSTEM32\WINMM.dll
0x76300000 - 0x76306000 	C:\Windows\SYSTEM32\PSAPI.DLL
0x75f80000 - 0x75fd0000 	C:\Windows\SYSTEM32\WS2_32.dll
0x71c70000 - 0x71c9b000 	C:\Windows\SYSTEM32\WINMMBASE.dll
0x75ff0000 - 0x75ff8000 	C:\Windows\SYSTEM32\NSI.dll
0x76b30000 - 0x76b76000 	C:\Windows\SYSTEM32\cfgmgr32.dll
0x75f00000 - 0x75f1e000 	C:\Windows\SYSTEM32\DEVOBJ.dll
0x720a0000 - 0x720ac000 	C:\Program Files (x86)\Java\jre7\bin\verify.dll
0x70bb0000 - 0x70bd0000 	C:\Program Files (x86)\Java\jre7\bin\java.dll
0x70b90000 - 0x70ba3000 	C:\Program Files (x86)\Java\jre7\bin\zip.dll
0x6f490000 - 0x6f5d3000 	C:\Program Files (x86)\Java\jre7\bin\awt.dll
0x76c00000 - 0x76c8b000 	C:\Windows\SYSTEM32\OLEAUT32.dll
0x76de0000 - 0x76f16000 	C:\Windows\SYSTEM32\combase.dll
0x72dd0000 - 0x72e77000 	C:\Windows\system32\apphelp.dll
0x71a40000 - 0x71a59000 	C:\Windows\system32\DWMAPI.DLL
0x726b0000 - 0x72738000 	C:\Windows\system32\uxtheme.dll
0x76760000 - 0x76879000 	C:\Windows\SYSTEM32\ole32.dll
0x74da0000 - 0x75e66000 	C:\Windows\SYSTEM32\SHELL32.dll
0x75f40000 - 0x75f80000 	C:\Windows\SYSTEM32\SHLWAPI.dll
0x73330000 - 0x733a3000 	C:\Windows\SYSTEM32\shcore.dll
0x718b0000 - 0x718e9000 	C:\Program Files (x86)\Java\jre7\bin\fontmanager.dll
0x6f250000 - 0x6f264000 	C:\Program Files (x86)\Java\jre7\bin\net.dll
0x72e80000 - 0x72eca000 	C:\Windows\system32\mswsock.dll
0x718a0000 - 0x718af000 	C:\Program Files (x86)\Java\jre7\bin\nio.dll
0x706d0000 - 0x70700000 	C:\Program Files (x86)\Java\jre7\bin\t2k.dll
0x76b80000 - 0x76bf4000 	C:\Windows\SYSTEM32\clbcatq.dll
0x6a8a0000 - 0x6a9eb000 	C:\Windows\SYSTEM32\WindowsCodecs.dll
0x76dc0000 - 0x76dd1000 	C:\Windows\SYSTEM32\profapi.dll
0x68440000 - 0x68464000 	C:\Program Files (x86)\Java\jre7\bin\dcpr.dll
0x5e900000 - 0x5e96d000 	C:\binaries\terrajava.dll
0x5e220000 - 0x5e307000 	C:\binaries\terramanager-funcate.dll
0x59300000 - 0x59ba6000 	C:\binaries\terralib.dll
0x64af0000 - 0x64b59000 	C:\Windows\SYSTEM32\MSVCP100.dll
0x6d880000 - 0x6db4c000 	C:\binaries\bgd.dll
0x66b80000 - 0x66b9b000 	C:\binaries\terraogc_xml.dll
0x60460000 - 0x6047d000 	C:\binaries\terraogc_sld.dll
0x5f9a0000 - 0x5f9c6000 	C:\binaries\terraogc_se.dll
0x5e8c0000 - 0x5e8f6000 	C:\binaries\terraogc_filter.dll
0x5e1c0000 - 0x5e212000 	C:\binaries\terraogc_ows.dll
0x5f980000 - 0x5f999000 	C:\binaries\terraogc_common.dll
0x684c0000 - 0x684cb000 	C:\binaries\terralib_shp.dll
0x60450000 - 0x6045e000 	C:\binaries\terralib_spl.dll
0x05ec0000 - 0x062b6000 	C:\binaries\qt-mt338.dll
0x613d0000 - 0x6149e000 	C:\Windows\SYSTEM32\OPENGL32.dll
0x613a0000 - 0x613c3000 	C:\Windows\SYSTEM32\GLU32.dll
0x5e140000 - 0x5e1bf000 	C:\binaries\qwt500.dll
0x0f870000 - 0x1186f000 	C:\binaries\berkelium.dll
0x062c0000 - 0x06401000 	C:\binaries\LIBMYSQL.dll
0x63100000 - 0x63121000 	C:\binaries\LIBPQ.dll
0x06410000 - 0x06471000 	C:\binaries\OCI.dll
0x5da30000 - 0x5daba000 	C:\binaries\libtiff.dll
0x56580000 - 0x56d52000 	C:\binaries\gdal110.dll
0x12000000 - 0x121dc000 	C:\binaries\xerces-c_3_1.dll
0x592a0000 - 0x592f5000 	C:\binaries\terraogc_wms.dll
0x59240000 - 0x59293000 	C:\binaries\terraogc_gml.dll
0x5e0f0000 - 0x5e131000 	C:\binaries\terraogc_xsd.dll
0x5a810000 - 0x5a830000 	C:\binaries\terraogc_xacml.dll
0x71f30000 - 0x71f90000 	C:\Windows\SYSTEM32\WINSPOOL.DRV
0x7c340000 - 0x7c396000 	C:\Windows\SYSTEM32\MSVCR71.dll
0x608a0000 - 0x60979000 	C:\Windows\SYSTEM32\DDRAW.dll
0x727a0000 - 0x727a9000 	C:\Windows\SYSTEM32\Secur32.dll
0x75f20000 - 0x75f3b000 	C:\Windows\SYSTEM32\USERENV.dll
0x71520000 - 0x71570000 	C:\Windows\SYSTEM32\OLEACC.dll
0x54200000 - 0x54276000 	C:\Windows\SYSTEM32\RICHED20.dll
0x72ee0000 - 0x72ee8000 	C:\Windows\SYSTEM32\VERSION.dll
0x720b0000 - 0x720c4000 	C:\Windows\SYSTEM32\USP10.dll
0x72c50000 - 0x72cc5000 	C:\Windows\SYSTEM32\DNSAPI.dll
0x06520000 - 0x065ca000 	C:\Windows\libeay32.dll
0x065d0000 - 0x065dd000 	C:\binaries\libintl-2.dll
0x72ed0000 - 0x72ed6000 	C:\Windows\SYSTEM32\SHFOLDER.DLL
0x065e0000 - 0x06606000 	C:\Windows\ssleay32.dll
0x06610000 - 0x06636000 	C:\binaries\libexpat.dll
0x60770000 - 0x60811000 	C:\Windows\SYSTEM32\ODBC32.dll
0x60760000 - 0x60767000 	C:\Windows\SYSTEM32\DCIMAN32.dll
0x663b0000 - 0x663db000 	C:\Windows\SYSTEM32\msls31.dll
0x06690000 - 0x0676b000 	C:\binaries\libiconv-2.dll
0x6f600000 - 0x6f61d000 	C:\Windows\SYSTEM32\gpapi.dll
0x74530000 - 0x74556000 	C:\Windows\SYSTEM32\ntmarta.dll
0x54e60000 - 0x55708000 	C:\binaries\icudt46.dll
0x53850000 - 0x53979000 	C:\Windows\SYSTEM32\dbghelp.dll
0x72040000 - 0x72050000 	C:\Windows\system32\napinsp.dll
0x72020000 - 0x72034000 	C:\Windows\system32\pnrpnsp.dll
0x72010000 - 0x72020000 	C:\Windows\system32\NLAapi.dll
0x72000000 - 0x72009000 	C:\Windows\System32\winrnr.dll
0x71ac0000 - 0x71ad0000 	C:\Windows\system32\wshbth.dll
0x726a0000 - 0x726a7000 	C:\Windows\System32\rasadhlp.dll
0x71c30000 - 0x71c6f000 	C:\Windows\System32\fwpuclnt.dll
0x72cd0000 - 0x72cf0000 	C:\Windows\SYSTEM32\IPHLPAPI.DLL
0x72c40000 - 0x72c48000 	C:\Windows\SYSTEM32\WINNSI.DLL
0x730d0000 - 0x730ea000 	C:\Windows\SYSTEM32\CRYPTSP.dll
0x73090000 - 0x730ce000 	C:\Windows\system32\rsaenh.dll
0x72c30000 - 0x72c40000 	C:\Windows\SYSTEM32\dhcpcsvc6.DLL
0x72c10000 - 0x72c22000 	C:\Windows\SYSTEM32\dhcpcsvc.DLL
0x59210000 - 0x59235000 	C:\Program Files (x86)\Java\jre7\bin\jpeg.dll

VM Arguments:
jvm_args: -Dfile.encoding=ISO-8859-1 
java_command: com.nexusbr.gv.main.ConnectDBMain
Launcher Type: SUN_STANDARD

Environment Variables:
JAVA_HOME=C:\Program Files (x86)\Java\jre7
PATH=C:/Program Files (x86)/Java/jre7/bin/client;C:/Program Files (x86)/Java/jre7/bin;C:/Program Files (x86)/Java/jre7/lib/i386;C:\Program Files (x86)\PHP\;c:\Program Files (x86)\Intel\iCLS Client\;c:\Program Files\Intel\iCLS Client\;C:\Windows\system32;C:\Windows;C:\Windows\System32\Wbem;C:\Windows\System32\WindowsPowerShell\v1.0\;C:\Program Files\Intel\Intel(R) Management Engine Components\DAL;C:\Program Files\Intel\Intel(R) Management Engine Components\IPT;C:\Program Files (x86)\Intel\Intel(R) Management Engine Components\DAL;C:\Program Files (x86)\Intel\Intel(R) Management Engine Components\IPT;C:\Program Files (x86)\Intel\OpenCL SDK\3.0\bin\x86;C:\Program Files (x86)\Intel\OpenCL SDK\3.0\bin\x64;C:\Program Files (x86)\Windows Live\Shared;C:\binaries;c:\Program Files (x86)\Microsoft SQL Server\100\Tools\Binn\;c:\Program Files\Microsoft SQL Server\100\Tools\Binn\;c:\Program Files\Microsoft SQL Server\100\DTS\Binn\;C:\strawberry\c\bin;C:\strawberry\perl\site\bin;C:\strawberry\perl\bin;C:\Program Files (x86)\Microsoft SQL Server\110\Tools\Binn\ManagementStudio\;C:\Program Files (x86)\Microsoft SQL Server\110\Tools\Binn\;C:\Program Files\Microsoft SQL Server\110\Tools\Binn\;C:\Program Files (x86)\Microsoft SQL Server\110\DTS\Binn\;C:\Program Files\TortoiseSVN\bin;C:\Python34;C:\Program Files (x86)\Java\jre7\bin;C:\eclipse;
USERNAME=inacio
OS=Windows_NT
PROCESSOR_IDENTIFIER=Intel64 Family 6 Model 69 Stepping 1, GenuineIntel



---------------  S Y S T E M  ---------------

OS: Windows 8 , 64 bit Build 9200 

CPU:total 4 (2 cores per cpu, 2 threads per core) family 6 model 69 stepping 1, cmov, cx8, fxsr, mmx, sse, sse2, sse3, ssse3, sse4.1, sse4.2, popcnt, avx, avx2, aes, erms, ht, tsc, tscinvbit

Memory: 4k page, physical 8290700k(2414456k free), swap 9535884k(3561904k free)

vm_info: Java HotSpot(TM) Client VM (24.60-b09) for windows-x86 JRE (1.7.0_60-b19), built on May  7 2014 13:09:52 by "java_re" with unknown MS VC++:1600

time: Fri Jul 04 09:20:18 2014
elapsed time: 15 seconds

