#
# A fatal error has been detected by the Java Runtime Environment:
#
#  EXCEPTION_ACCESS_VIOLATION (0xc0000005) at pc=0x109b9052, pid=7236, tid=8828
#
# JRE version: Java(TM) SE Runtime Environment (7.0_60-b19) (build 1.7.0_60-b19)
# Java VM: Java HotSpot(TM) Client VM (24.60-b09 mixed mode, sharing windows-x86 )
# Problematic frame:
# C  [berkelium.dll+0xa39052]
#
# Failed to write core dump. Minidumps are not enabled by default on client versions of Windows
#
# If you would like to submit a bug report, please visit:
#   http://bugreport.sun.com/bugreport/crash.jsp
#

---------------  T H R E A D  ---------------

Current thread (0x01f8fc00):  VMThread [stack: 0x04290000,0x042e0000] [id=8828]

siginfo: ExceptionCode=0xc0000005, reading address 0x000000f8

Registers:
EAX=0x042df594, EBX=0x000493e0, ECX=0x042df594, EDX=0x8e8ecc20
ESP=0x042df584, EBP=0x00000087, ESI=0x00000000, EDI=0xa0706f20
EIP=0x109b9052, EFLAGS=0x00010206

Top of Stack: (sp=0x042df584)
0x042df584:   06c91168 06c91168 06beab00 00000000
0x042df594:   8e8ecc20 00000087 06c83a20 06c8c900
0x042df5a4:   00000000 00000000 00000000 74616401
0x042df5b4:   69642d61 06ee0072 00000023 0000002f
0x042df5c4:   00000000 06c17070 002e5bf3 06c91000
0x042df5d4:   06beab44 ffffff00 0ffebf20 11b09778
0x042df5e4:   06750030 00000000 0000000f 11b0a730
0x042df5f4:   00000001 0ffe9783 00000008 00000001 

Instructions: (pc=0x109b9052)
0x109b9032:   03 00 00 57 53 e8 f4 c8 60 ff 8b ea 8d 54 24 10
0x109b9042:   52 8b f8 e8 26 ca 00 00 83 c4 04 03 38 13 68 04
0x109b9052:   8b 86 f8 00 00 00 0b 86 fc 00 00 00 89 7c 24 20
0x109b9062:   89 6c 24 24 75 3e 39 84 24 d4 00 00 00 7f 35 7c 


Register to memory mapping:

EAX=
[error occurred during error reporting (printing register info), id 0xc0000005]

Stack: [0x04290000,0x042e0000],  sp=0x042df584,  free space=317k
Native frames: (J=compiled Java code, j=interpreted, Vv=VM code, C=native code)
C  [berkelium.dll+0xa39052]

VM_Operation (0x0586e4b0): Exit, mode: safepoint, requested by thread 0x053f2000


---------------  P R O C E S S  ---------------

Java Threads: ( => current thread )
  0x05724c00 JavaThread "WeakCollectionCleaner" daemon [_thread_blocked, id=5848, stack(0x076e0000,0x07730000)]
  0x0563a400 JavaThread "TimerQueue" daemon [_thread_blocked, id=9416, stack(0x07650000,0x076a0000)]
  0x0213e000 JavaThread "DestroyJavaVM" [_thread_blocked, id=4700, stack(0x01ee0000,0x01f30000)]
  0x053f2000 JavaThread "AWT-EventQueue-0" [_thread_blocked, id=10888, stack(0x05820000,0x05870000)]
  0x048a4400 JavaThread "AWT-Shutdown" [_thread_blocked, id=10004, stack(0x04ef0000,0x04f40000)]
  0x048a2400 JavaThread "Java2D Disposer" daemon [_thread_blocked, id=7928, stack(0x04e60000,0x04eb0000)]
  0x0200bc00 JavaThread "Service Thread" daemon [_thread_blocked, id=5508, stack(0x045f0000,0x04640000)]
  0x02005800 JavaThread "C1 CompilerThread0" daemon [_thread_blocked, id=8920, stack(0x04560000,0x045b0000)]
  0x02003c00 JavaThread "Attach Listener" daemon [_thread_blocked, id=10780, stack(0x044d0000,0x04520000)]
  0x02002800 JavaThread "Signal Dispatcher" daemon [_thread_blocked, id=4068, stack(0x04440000,0x04490000)]
  0x01f92800 JavaThread "Finalizer" daemon [_thread_blocked, id=5632, stack(0x043b0000,0x04400000)]
  0x01f91000 JavaThread "Reference Handler" daemon [_thread_blocked, id=10524, stack(0x04320000,0x04370000)]

Other Threads:
=>0x01f8fc00 VMThread [stack: 0x04290000,0x042e0000] [id=8828]

VM state:at safepoint (shutting down)

VM Mutex/Monitor currently owned by a thread:  ([mutex/lock_event])
[0x0213c260] Threads_lock - owner thread: 0x01f8fc00

Heap
 def new generation   total 29632K, used 21407K [0x24000000, 0x26020000, 0x29550000)
  eden space 26368K,  68% used [0x24000000, 0x251b7f78, 0x259c0000)
  from space 3264K, 100% used [0x259c0000, 0x25cf0000, 0x25cf0000)
  to   space 3264K,   0% used [0x25cf0000, 0x25cf0000, 0x26020000)
 tenured generation   total 65688K, used 62673K [0x29550000, 0x2d576000, 0x34000000)
   the space 65688K,  95% used [0x29550000, 0x2d284718, 0x2d284800, 0x2d576000)
 compacting perm gen  total 12288K, used 10741K [0x34000000, 0x34c00000, 0x38000000)
   the space 12288K,  87% used [0x34000000, 0x34a7d6b8, 0x34a7d800, 0x34c00000)
    ro space 10240K,  42% used [0x38000000, 0x38434778, 0x38434800, 0x38a00000)
    rw space 12288K,  52% used [0x38a00000, 0x39049a68, 0x39049c00, 0x39600000)

Card table byte_map: [0x04140000,0x041f0000] byte_map_base: 0x04020000

Polling page: 0x00a50000

Code Cache  [0x02140000, 0x02450000, 0x04140000)
 total_blobs=1844 nmethods=1544 adapters=236 free_code_cache=29645Kb largest_free_block=30355328

Compilation events (10 events):
Event: 74.323 Thread 0x02005800 1558   !         java.awt.Window::getInputContext (36 bytes)
Event: 74.324 Thread 0x02005800 nmethod 1558 0x02447e48 code [0x02447f50, 0x0244821c]
Event: 74.363 Thread 0x02005800 1559             java.awt.Component::dispatchEventImpl (875 bytes)
Event: 74.369 Thread 0x02005800 nmethod 1559 0x024483c8 code [0x02448a00, 0x0244a420]
Event: 74.844 Thread 0x02005800 1561             java.awt.Component::areInputMethodsEnabled (39 bytes)
Event: 74.845 Thread 0x02005800 nmethod 1561 0x0244c548 code [0x0244c640, 0x0244c740]
Event: 74.988 Thread 0x02005800 1562             sun.awt.im.InputMethodContext::dispatchEvent (62 bytes)
Event: 74.989 Thread 0x02005800 nmethod 1562 0x0244c788 code [0x0244c900, 0x0244cb90]
Event: 75.027 Thread 0x02005800 1563             java.awt.Container$MouseEventTargetFilter::accept (66 bytes)
Event: 75.028 Thread 0x02005800 nmethod 1563 0x0244ce08 code [0x0244cf00, 0x0244d030]

GC Heap History (10 events):
Event: 8.401 GC heap before
{Heap before GC invocations=17 (full 4):
 def new generation   total 26368K, used 25275K [0x24000000, 0x25c90000, 0x29550000)
  eden space 23488K,  95% used [0x24000000, 0x255ded70, 0x256f0000)
  from space 2880K, 100% used [0x259c0000, 0x25c90000, 0x25c90000)
  to   space 2880K,   0% used [0x256f0000, 0x256f0000, 0x259c0000)
 tenured generation   total 58440K, used 37662K [0x29550000, 0x2ce62000, 0x34000000)
   the space 58440K,  64% used [0x29550000, 0x2ba17ad8, 0x2ba17c00, 0x2ce62000)
 compacting perm gen  total 12288K, used 9309K [0x34000000, 0x34c00000, 0x38000000)
   the space 12288K,  75% used [0x34000000, 0x349174a0, 0x34917600, 0x34c00000)
    ro space 10240K,  42% used [0x38000000, 0x38434778, 0x38434800, 0x38a00000)
    rw space 12288K,  52% used [0x38a00000, 0x39049a68, 0x39049c00, 0x39600000)
Event: 8.407 GC heap after
Heap after GC invocations=18 (full 4):
 def new generation   total 26368K, used 2880K [0x24000000, 0x25c90000, 0x29550000)
  eden space 23488K,   0% used [0x24000000, 0x24000000, 0x256f0000)
  from space 2880K, 100% used [0x256f0000, 0x259c0000, 0x259c0000)
  to   space 2880K,   0% used [0x259c0000, 0x259c0000, 0x25c90000)
 tenured generation   total 58440K, used 41827K [0x29550000, 0x2ce62000, 0x34000000)
   the space 58440K,  71% used [0x29550000, 0x2be28fd8, 0x2be29000, 0x2ce62000)
 compacting perm gen  total 12288K, used 9309K [0x34000000, 0x34c00000, 0x38000000)
   the space 12288K,  75% used [0x34000000, 0x349174a0, 0x34917600, 0x34c00000)
    ro space 10240K,  42% used [0x38000000, 0x38434778, 0x38434800, 0x38a00000)
    rw space 12288K,  52% used [0x38a00000, 0x39049a68, 0x39049c00, 0x39600000)
}
Event: 12.288 GC heap before
{Heap before GC invocations=18 (full 4):
 def new generation   total 26368K, used 26367K [0x24000000, 0x25c90000, 0x29550000)
  eden space 23488K,  99% used [0x24000000, 0x256efd58, 0x256f0000)
  from space 2880K, 100% used [0x256f0000, 0x259c0000, 0x259c0000)
  to   space 2880K,   0% used [0x259c0000, 0x259c0000, 0x25c90000)
 tenured generation   total 58440K, used 41827K [0x29550000, 0x2ce62000, 0x34000000)
   the space 58440K,  71% used [0x29550000, 0x2be28fd8, 0x2be29000, 0x2ce62000)
 compacting perm gen  total 12288K, used 10626K [0x34000000, 0x34c00000, 0x38000000)
   the space 12288K,  86% used [0x34000000, 0x34a60aa0, 0x34a60c00, 0x34c00000)
    ro space 10240K,  42% used [0x38000000, 0x38434778, 0x38434800, 0x38a00000)
    rw space 12288K,  52% used [0x38a00000, 0x39049a68, 0x39049c00, 0x39600000)
Event: 12.299 GC heap after
Heap after GC invocations=19 (full 4):
 def new generation   total 26368K, used 2880K [0x24000000, 0x25c90000, 0x29550000)
  eden space 23488K,   0% used [0x24000000, 0x24000000, 0x256f0000)
  from space 2880K, 100% used [0x259c0000, 0x25c90000, 0x25c90000)
  to   space 2880K,   0% used [0x256f0000, 0x256f0000, 0x259c0000)
 tenured generation   total 58440K, used 49862K [0x29550000, 0x2ce62000, 0x34000000)
   the space 58440K,  85% used [0x29550000, 0x2c601a78, 0x2c601c00, 0x2ce62000)
 compacting perm gen  total 12288K, used 10626K [0x34000000, 0x34c00000, 0x38000000)
   the space 12288K,  86% used [0x34000000, 0x34a60aa0, 0x34a60c00, 0x34c00000)
    ro space 10240K,  42% used [0x38000000, 0x38434778, 0x38434800, 0x38a00000)
    rw space 12288K,  52% used [0x38a00000, 0x39049a68, 0x39049c00, 0x39600000)
}
Event: 17.255 GC heap before
{Heap before GC invocations=19 (full 4):
 def new generation   total 26368K, used 25605K [0x24000000, 0x25c90000, 0x29550000)
  eden space 23488K,  96% used [0x24000000, 0x25631518, 0x256f0000)
  from space 2880K, 100% used [0x259c0000, 0x25c90000, 0x25c90000)
  to   space 2880K,   0% used [0x256f0000, 0x256f0000, 0x259c0000)
 tenured generation   total 58440K, used 49862K [0x29550000, 0x2ce62000, 0x34000000)
   the space 58440K,  85% used [0x29550000, 0x2c601a78, 0x2c601c00, 0x2ce62000)
 compacting perm gen  total 12288K, used 10643K [0x34000000, 0x34c00000, 0x38000000)
   the space 12288K,  86% used [0x34000000, 0x34a64d50, 0x34a64e00, 0x34c00000)
    ro space 10240K,  42% used [0x38000000, 0x38434778, 0x38434800, 0x38a00000)
    rw space 12288K,  52% used [0x38a00000, 0x39049a68, 0x39049c00, 0x39600000)
Event: 17.332 GC heap after
Heap after GC invocations=20 (full 5):
 def new generation   total 29632K, used 0K [0x24000000, 0x26020000, 0x29550000)
  eden space 26368K,   0% used [0x24000000, 0x24000000, 0x259c0000)
  from space 3264K,   0% used [0x259c0000, 0x259c0000, 0x25cf0000)
  to   space 3264K,   0% used [0x25cf0000, 0x25cf0000, 0x26020000)
 tenured generation   total 65688K, used 39411K [0x29550000, 0x2d576000, 0x34000000)
   the space 65688K,  59% used [0x29550000, 0x2bbccc80, 0x2bbcce00, 0x2d576000)
 compacting perm gen  total 12288K, used 10643K [0x34000000, 0x34c00000, 0x38000000)
   the space 12288K,  86% used [0x34000000, 0x34a64d50, 0x34a64e00, 0x34c00000)
    ro space 10240K,  42% used [0x38000000, 0x38434778, 0x38434800, 0x38a00000)
    rw space 12288K,  52% used [0x38a00000, 0x39049a68, 0x39049c00, 0x39600000)
}
Event: 21.598 GC heap before
{Heap before GC invocations=20 (full 5):
 def new generation   total 29632K, used 26944K [0x24000000, 0x26020000, 0x29550000)
  eden space 26368K, 100% used [0x24000000, 0x259c0000, 0x259c0000)
  from space 3264K,  17% used [0x259c0000, 0x25a50030, 0x25cf0000)
  to   space 3264K,   0% used [0x25cf0000, 0x25cf0000, 0x26020000)
 tenured generation   total 65688K, used 39411K [0x29550000, 0x2d576000, 0x34000000)
   the space 65688K,  59% used [0x29550000, 0x2bbccc80, 0x2bbcce00, 0x2d576000)
 compacting perm gen  total 12288K, used 10651K [0x34000000, 0x34c00000, 0x38000000)
   the space 12288K,  86% used [0x34000000, 0x34a66d40, 0x34a66e00, 0x34c00000)
    ro space 10240K,  42% used [0x38000000, 0x38434778, 0x38434800, 0x38a00000)
    rw space 12288K,  52% used [0x38a00000, 0x39049a68, 0x39049c00, 0x39600000)
Event: 21.606 GC heap after
Heap after GC invocations=21 (full 5):
 def new generation   total 29632K, used 3264K [0x24000000, 0x26020000, 0x29550000)
  eden space 26368K,   0% used [0x24000000, 0x24000000, 0x259c0000)
  from space 3264K, 100% used [0x25cf0000, 0x26020000, 0x26020000)
  to   space 3264K,   0% used [0x259c0000, 0x259c0000, 0x25cf0000)
 tenured generation   total 65688K, used 48961K [0x29550000, 0x2d576000, 0x34000000)
   the space 65688K,  74% used [0x29550000, 0x2c520478, 0x2c520600, 0x2d576000)
 compacting perm gen  total 12288K, used 10651K [0x34000000, 0x34c00000, 0x38000000)
   the space 12288K,  86% used [0x34000000, 0x34a66d40, 0x34a66e00, 0x34c00000)
    ro space 10240K,  42% used [0x38000000, 0x38434778, 0x38434800, 0x38a00000)
    rw space 12288K,  52% used [0x38a00000, 0x39049a68, 0x39049c00, 0x39600000)
}
Event: 33.306 GC heap before
{Heap before GC invocations=21 (full 5):
 def new generation   total 29632K, used 27760K [0x24000000, 0x26020000, 0x29550000)
  eden space 26368K,  92% used [0x24000000, 0x257ec3c8, 0x259c0000)
  from space 3264K, 100% used [0x25cf0000, 0x26020000, 0x26020000)
  to   space 3264K,   0% used [0x259c0000, 0x259c0000, 0x25cf0000)
 tenured generation   total 65688K, used 55084K [0x29550000, 0x2d576000, 0x34000000)
   the space 65688K,  83% used [0x29550000, 0x2cb1b0b8, 0x2cb1b200, 0x2d576000)
 compacting perm gen  total 12288K, used 10651K [0x34000000, 0x34c00000, 0x38000000)
   the space 12288K,  86% used [0x34000000, 0x34a66e60, 0x34a67000, 0x34c00000)
    ro space 10240K,  42% used [0x38000000, 0x38434778, 0x38434800, 0x38a00000)
    rw space 12288K,  52% used [0x38a00000, 0x39049a68, 0x39049c00, 0x39600000)
Event: 33.311 GC heap after
Heap after GC invocations=22 (full 5):
 def new generation   total 29632K, used 3264K [0x24000000, 0x26020000, 0x29550000)
  eden space 26368K,   0% used [0x24000000, 0x24000000, 0x259c0000)
  from space 3264K, 100% used [0x259c0000, 0x25cf0000, 0x25cf0000)
  to   space 3264K,   0% used [0x25cf0000, 0x25cf0000, 0x26020000)
 tenured generation   total 65688K, used 62673K [0x29550000, 0x2d576000, 0x34000000)
   the space 65688K,  95% used [0x29550000, 0x2d284718, 0x2d284800, 0x2d576000)
 compacting perm gen  total 12288K, used 10651K [0x34000000, 0x34c00000, 0x38000000)
   the space 12288K,  86% used [0x34000000, 0x34a66e60, 0x34a67000, 0x34c00000)
    ro space 10240K,  42% used [0x38000000, 0x38434778, 0x38434800, 0x38a00000)
    rw space 12288K,  52% used [0x38a00000, 0x39049a68, 0x39049c00, 0x39600000)
}

Deoptimization events (0 events):
No events

Internal exceptions (10 events):
Event: 33.497 Thread 0x08b41c00 Threw 0x243f5728 at C:\re\jdk7u60\1081\hotspot\src\share\vm\prims\jvm.cpp:1244
Event: 33.505 Thread 0x087b3c00 Threw 0x24417a20 at C:\re\jdk7u60\1081\hotspot\src\share\vm\prims\jvm.cpp:1244
Event: 33.505 Thread 0x087b3c00 Threw 0x2441d268 at C:\re\jdk7u60\1081\hotspot\src\share\vm\prims\jvm.cpp:1244
Event: 34.420 Thread 0x05724800 Threw 0x244a1ab8 at C:\re\jdk7u60\1081\hotspot\src\share\vm\prims\jvm.cpp:2917
Event: 35.240 Thread 0x05724800 Threw 0x24bcaf08 at C:\re\jdk7u60\1081\hotspot\src\share\vm\prims\jvm.cpp:2917
Event: 35.571 Thread 0x08b42400 Threw 0x24c14d08 at C:\re\jdk7u60\1081\hotspot\src\share\vm\prims\jvm.cpp:2917
Event: 43.899 Thread 0x05724800 Threw 0x24f54ba8 at C:\re\jdk7u60\1081\hotspot\src\share\vm\prims\jvm.cpp:2917
Event: 43.992 Thread 0x05724800 Threw 0x24f88f90 at C:\re\jdk7u60\1081\hotspot\src\share\vm\prims\jvm.cpp:2917
Event: 44.675 Thread 0x05725800 Threw 0x2508cc80 at C:\re\jdk7u60\1081\hotspot\src\share\vm\prims\jvm.cpp:2917
Event: 44.768 Thread 0x05724800 Threw 0x250f5568 at C:\re\jdk7u60\1081\hotspot\src\share\vm\prims\jvm.cpp:2917

Events (10 events):
Event: 75.396 Thread 0x05725800 Thread exited: 0x05725800
Event: 75.396 Thread 0x05726000 Thread exited: 0x05726000
Event: 75.396 Executing VM operation: RevokeBias
Event: 75.396 Executing VM operation: RevokeBias done
Event: 75.396 Executing VM operation: RevokeBias
Event: 75.396 Executing VM operation: RevokeBias done
Event: 75.397 Thread 0x05724800 Thread exited: 0x05724800
Event: 75.417 Thread 0x048ad400 Thread exited: 0x048ad400
Event: 75.497 Thread 0x05727400 Thread exited: 0x05727400
Event: 75.497 Executing VM operation: Exit


Dynamic libraries:
0x00a70000 - 0x00a9f000 	C:\Program Files (x86)\Java\jre7\bin\javaw.exe
0x76fe0000 - 0x77137000 	C:\Windows\SYSTEM32\ntdll.dll
0x74690000 - 0x747c0000 	C:\Windows\SYSTEM32\KERNEL32.DLL
0x76a80000 - 0x76b27000 	C:\Windows\SYSTEM32\KERNELBASE.dll
0x747c0000 - 0x7486e000 	C:\Windows\SYSTEM32\ADVAPI32.dll
0x764f0000 - 0x76606000 	C:\Windows\SYSTEM32\USER32.dll
0x73130000 - 0x73328000 	C:\Windows\WinSxS\x86_microsoft.windows.common-controls_6595b64144ccf1df_6.0.9200.16579_none_8937eec6860750f5\COMCTL32.dll
0x76000000 - 0x760b1000 	C:\Windows\SYSTEM32\msvcrt.dll
0x74870000 - 0x748a4000 	C:\Windows\SYSTEM32\sechost.dll
0x760c0000 - 0x7616c000 	C:\Windows\SYSTEM32\RPCRT4.dll
0x748b0000 - 0x749ad000 	C:\Windows\SYSTEM32\GDI32.dll
0x745d0000 - 0x745ed000 	C:\Windows\SYSTEM32\SspiCli.dll
0x745c0000 - 0x745c9000 	C:\Windows\SYSTEM32\CRYPTBASE.dll
0x74560000 - 0x745b1000 	C:\Windows\SYSTEM32\bcryptPrimitives.dll
0x762e0000 - 0x76300000 	C:\Windows\system32\IMM32.DLL
0x76680000 - 0x7675e000 	C:\Windows\SYSTEM32\MSCTF.dll
0x5e970000 - 0x5ea2f000 	C:\Program Files (x86)\Java\jre7\bin\msvcr100.dll
0x5e310000 - 0x5e698000 	C:\Program Files (x86)\Java\jre7\bin\client\jvm.dll
0x71c10000 - 0x71c18000 	C:\Windows\SYSTEM32\WSOCK32.dll
0x71fb0000 - 0x71fd1000 	C:\Windows\SYSTEM32\WINMM.dll
0x76300000 - 0x76306000 	C:\Windows\SYSTEM32\PSAPI.DLL
0x75f80000 - 0x75fd0000 	C:\Windows\SYSTEM32\WS2_32.dll
0x71c70000 - 0x71c9b000 	C:\Windows\SYSTEM32\WINMMBASE.dll
0x75ff0000 - 0x75ff8000 	C:\Windows\SYSTEM32\NSI.dll
0x76b30000 - 0x76b76000 	C:\Windows\SYSTEM32\cfgmgr32.dll
0x75f00000 - 0x75f1e000 	C:\Windows\SYSTEM32\DEVOBJ.dll
0x720a0000 - 0x720ac000 	C:\Program Files (x86)\Java\jre7\bin\verify.dll
0x70bb0000 - 0x70bd0000 	C:\Program Files (x86)\Java\jre7\bin\java.dll
0x70b90000 - 0x70ba3000 	C:\Program Files (x86)\Java\jre7\bin\zip.dll
0x6f490000 - 0x6f5d3000 	C:\Program Files (x86)\Java\jre7\bin\awt.dll
0x76c00000 - 0x76c8b000 	C:\Windows\SYSTEM32\OLEAUT32.dll
0x76de0000 - 0x76f16000 	C:\Windows\SYSTEM32\combase.dll
0x72dd0000 - 0x72e77000 	C:\Windows\system32\apphelp.dll
0x71a40000 - 0x71a59000 	C:\Windows\system32\DWMAPI.DLL
0x726b0000 - 0x72738000 	C:\Windows\system32\uxtheme.dll
0x76760000 - 0x76879000 	C:\Windows\SYSTEM32\ole32.dll
0x74da0000 - 0x75e66000 	C:\Windows\SYSTEM32\SHELL32.dll
0x75f40000 - 0x75f80000 	C:\Windows\SYSTEM32\SHLWAPI.dll
0x73330000 - 0x733a3000 	C:\Windows\SYSTEM32\shcore.dll
0x718b0000 - 0x718e9000 	C:\Program Files (x86)\Java\jre7\bin\fontmanager.dll
0x6f250000 - 0x6f264000 	C:\Program Files (x86)\Java\jre7\bin\net.dll
0x72e80000 - 0x72eca000 	C:\Windows\system32\mswsock.dll
0x718a0000 - 0x718af000 	C:\Program Files (x86)\Java\jre7\bin\nio.dll
0x706d0000 - 0x70700000 	C:\Program Files (x86)\Java\jre7\bin\t2k.dll
0x76b80000 - 0x76bf4000 	C:\Windows\SYSTEM32\clbcatq.dll
0x6a8a0000 - 0x6a9eb000 	C:\Windows\SYSTEM32\WindowsCodecs.dll
0x76dc0000 - 0x76dd1000 	C:\Windows\SYSTEM32\profapi.dll
0x68440000 - 0x68464000 	C:\Program Files (x86)\Java\jre7\bin\dcpr.dll
0x5e900000 - 0x5e96d000 	C:\binaries\terrajava.dll
0x5e220000 - 0x5e307000 	C:\binaries\terramanager-funcate.dll
0x59300000 - 0x59ba6000 	C:\binaries\terralib.dll
0x64af0000 - 0x64b59000 	C:\Windows\SYSTEM32\MSVCP100.dll
0x6d880000 - 0x6db4c000 	C:\binaries\bgd.dll
0x66b80000 - 0x66b9b000 	C:\binaries\terraogc_xml.dll
0x60460000 - 0x6047d000 	C:\binaries\terraogc_sld.dll
0x5f9a0000 - 0x5f9c6000 	C:\binaries\terraogc_se.dll
0x5e8c0000 - 0x5e8f6000 	C:\binaries\terraogc_filter.dll
0x5e1c0000 - 0x5e212000 	C:\binaries\terraogc_ows.dll
0x5f980000 - 0x5f999000 	C:\binaries\terraogc_common.dll
0x684c0000 - 0x684cb000 	C:\binaries\terralib_shp.dll
0x60450000 - 0x6045e000 	C:\binaries\terralib_spl.dll
0x05db0000 - 0x061a6000 	C:\binaries\qt-mt338.dll
0x613d0000 - 0x6149e000 	C:\Windows\SYSTEM32\OPENGL32.dll
0x613a0000 - 0x613c3000 	C:\Windows\SYSTEM32\GLU32.dll
0x5e140000 - 0x5e1bf000 	C:\binaries\qwt500.dll
0x0ff80000 - 0x11f7f000 	C:\binaries\berkelium.dll
0x061b0000 - 0x062f1000 	C:\binaries\LIBMYSQL.dll
0x63100000 - 0x63121000 	C:\binaries\LIBPQ.dll
0x06300000 - 0x06361000 	C:\binaries\OCI.dll
0x5da30000 - 0x5daba000 	C:\binaries\libtiff.dll
0x56580000 - 0x56d52000 	C:\binaries\gdal110.dll
0x12000000 - 0x121dc000 	C:\binaries\xerces-c_3_1.dll
0x592a0000 - 0x592f5000 	C:\binaries\terraogc_wms.dll
0x59240000 - 0x59293000 	C:\binaries\terraogc_gml.dll
0x5e0f0000 - 0x5e131000 	C:\binaries\terraogc_xsd.dll
0x5a810000 - 0x5a830000 	C:\binaries\terraogc_xacml.dll
0x71f30000 - 0x71f90000 	C:\Windows\SYSTEM32\WINSPOOL.DRV
0x7c340000 - 0x7c396000 	C:\Windows\SYSTEM32\MSVCR71.dll
0x608a0000 - 0x60979000 	C:\Windows\SYSTEM32\DDRAW.dll
0x727a0000 - 0x727a9000 	C:\Windows\SYSTEM32\Secur32.dll
0x75f20000 - 0x75f3b000 	C:\Windows\SYSTEM32\USERENV.dll
0x71520000 - 0x71570000 	C:\Windows\SYSTEM32\OLEACC.dll
0x54200000 - 0x54276000 	C:\Windows\SYSTEM32\RICHED20.dll
0x72ee0000 - 0x72ee8000 	C:\Windows\SYSTEM32\VERSION.dll
0x720b0000 - 0x720c4000 	C:\Windows\SYSTEM32\USP10.dll
0x72c50000 - 0x72cc5000 	C:\Windows\SYSTEM32\DNSAPI.dll
0x06410000 - 0x064ba000 	C:\Windows\libeay32.dll
0x064c0000 - 0x064cd000 	C:\binaries\libintl-2.dll
0x72ed0000 - 0x72ed6000 	C:\Windows\SYSTEM32\SHFOLDER.DLL
0x064d0000 - 0x064f6000 	C:\Windows\ssleay32.dll
0x06500000 - 0x06526000 	C:\binaries\libexpat.dll
0x60770000 - 0x60811000 	C:\Windows\SYSTEM32\ODBC32.dll
0x60760000 - 0x60767000 	C:\Windows\SYSTEM32\DCIMAN32.dll
0x663b0000 - 0x663db000 	C:\Windows\SYSTEM32\msls31.dll
0x06580000 - 0x0665b000 	C:\binaries\libiconv-2.dll
0x6f600000 - 0x6f61d000 	C:\Windows\SYSTEM32\gpapi.dll
0x74530000 - 0x74556000 	C:\Windows\SYSTEM32\ntmarta.dll
0x54e60000 - 0x55708000 	C:\binaries\icudt46.dll
0x53850000 - 0x53979000 	C:\Windows\SYSTEM32\dbghelp.dll
0x72040000 - 0x72050000 	C:\Windows\system32\napinsp.dll
0x72020000 - 0x72034000 	C:\Windows\system32\pnrpnsp.dll
0x72010000 - 0x72020000 	C:\Windows\system32\NLAapi.dll
0x72000000 - 0x72009000 	C:\Windows\System32\winrnr.dll
0x71ac0000 - 0x71ad0000 	C:\Windows\system32\wshbth.dll
0x726a0000 - 0x726a7000 	C:\Windows\System32\rasadhlp.dll
0x71c30000 - 0x71c6f000 	C:\Windows\System32\fwpuclnt.dll
0x72cd0000 - 0x72cf0000 	C:\Windows\SYSTEM32\IPHLPAPI.DLL
0x72c40000 - 0x72c48000 	C:\Windows\SYSTEM32\WINNSI.DLL
0x730d0000 - 0x730ea000 	C:\Windows\SYSTEM32\CRYPTSP.dll
0x73090000 - 0x730ce000 	C:\Windows\system32\rsaenh.dll
0x72c30000 - 0x72c40000 	C:\Windows\SYSTEM32\dhcpcsvc6.DLL
0x72c10000 - 0x72c22000 	C:\Windows\SYSTEM32\dhcpcsvc.DLL
0x59210000 - 0x59235000 	C:\Program Files (x86)\Java\jre7\bin\jpeg.dll

VM Arguments:
jvm_args: -Dfile.encoding=ISO-8859-1 
java_command: com.nexusbr.gv.main.ConnectDBMain
Launcher Type: SUN_STANDARD

Environment Variables:
JAVA_HOME=C:\Program Files (x86)\Java\jre7
PATH=C:/Program Files (x86)/Java/jre7/bin/client;C:/Program Files (x86)/Java/jre7/bin;C:/Program Files (x86)/Java/jre7/lib/i386;C:\Program Files (x86)\PHP\;c:\Program Files (x86)\Intel\iCLS Client\;c:\Program Files\Intel\iCLS Client\;C:\Windows\system32;C:\Windows;C:\Windows\System32\Wbem;C:\Windows\System32\WindowsPowerShell\v1.0\;C:\Program Files\Intel\Intel(R) Management Engine Components\DAL;C:\Program Files\Intel\Intel(R) Management Engine Components\IPT;C:\Program Files (x86)\Intel\Intel(R) Management Engine Components\DAL;C:\Program Files (x86)\Intel\Intel(R) Management Engine Components\IPT;C:\Program Files (x86)\Intel\OpenCL SDK\3.0\bin\x86;C:\Program Files (x86)\Intel\OpenCL SDK\3.0\bin\x64;C:\Program Files (x86)\Windows Live\Shared;C:\binaries;c:\Program Files (x86)\Microsoft SQL Server\100\Tools\Binn\;c:\Program Files\Microsoft SQL Server\100\Tools\Binn\;c:\Program Files\Microsoft SQL Server\100\DTS\Binn\;C:\strawberry\c\bin;C:\strawberry\perl\site\bin;C:\strawberry\perl\bin;C:\Program Files (x86)\Microsoft SQL Server\110\Tools\Binn\ManagementStudio\;C:\Program Files (x86)\Microsoft SQL Server\110\Tools\Binn\;C:\Program Files\Microsoft SQL Server\110\Tools\Binn\;C:\Program Files (x86)\Microsoft SQL Server\110\DTS\Binn\;C:\Program Files\TortoiseSVN\bin;C:\Python34;C:\Program Files (x86)\Java\jre7\bin;C:\eclipse;
USERNAME=inacio
OS=Windows_NT
PROCESSOR_IDENTIFIER=Intel64 Family 6 Model 69 Stepping 1, GenuineIntel



---------------  S Y S T E M  ---------------

OS: Windows 8 , 64 bit Build 9200 

CPU:total 4 (2 cores per cpu, 2 threads per core) family 6 model 69 stepping 1, cmov, cx8, fxsr, mmx, sse, sse2, sse3, ssse3, sse4.1, sse4.2, popcnt, avx, avx2, aes, erms, ht, tsc, tscinvbit

Memory: 4k page, physical 8290700k(2360300k free), swap 9535884k(3543752k free)

vm_info: Java HotSpot(TM) Client VM (24.60-b09) for windows-x86 JRE (1.7.0_60-b19), built on May  7 2014 13:09:52 by "java_re" with unknown MS VC++:1600

time: Fri Jul 04 09:36:00 2014
elapsed time: 75 seconds

