#
# A fatal error has been detected by the Java Runtime Environment:
#
#  EXCEPTION_ACCESS_VIOLATION (0xc0000005) at pc=0x10469052, pid=5532, tid=11108
#
# JRE version: Java(TM) SE Runtime Environment (7.0_60-b19) (build 1.7.0_60-b19)
# Java VM: Java HotSpot(TM) Client VM (24.60-b09 mixed mode, sharing windows-x86 )
# Problematic frame:
# C  [berkelium.dll+0xa39052]
#
# Failed to write core dump. Minidumps are not enabled by default on client versions of Windows
#
# If you would like to submit a bug report, please visit:
#   http://bugreport.sun.com/bugreport/crash.jsp
#

---------------  T H R E A D  ---------------

Current thread (0x028ffc00):  VMThread [stack: 0x04b50000,0x04ba0000] [id=11108]

siginfo: ExceptionCode=0xc0000005, reading address 0x000000f8

Registers:
EAX=0x04b9f364, EBX=0x000493e0, ECX=0x04b9f364, EDX=0x9dd43c88
ESP=0x04b9f354, EBP=0x00000087, ESI=0x00000000, EDI=0xafb5df88
EIP=0x10469052, EFLAGS=0x00010206

Top of Stack: (sp=0x04b9f354)
0x04b9f354:   07574168 07574168 074cab00 00000000
0x04b9f364:   9dd43c88 00000087 07563a20 0756c900
0x04b9f374:   00000000 00000000 00000000 74616401
0x04b9f384:   69642d61 07780072 00000023 0000002f
0x04b9f394:   00000000 074f7070 002e5bf3 07574000
0x04b9f3a4:   074cab44 ffffff00 0fa9bf20 115b9778
0x04b9f3b4:   07020030 00000000 0000000f 115ba730
0x04b9f3c4:   00000001 0fa99783 00000008 00000001 

Instructions: (pc=0x10469052)
0x10469032:   03 00 00 57 53 e8 f4 c8 60 ff 8b ea 8d 54 24 10
0x10469042:   52 8b f8 e8 26 ca 00 00 83 c4 04 03 38 13 68 04
0x10469052:   8b 86 f8 00 00 00 0b 86 fc 00 00 00 89 7c 24 20
0x10469062:   89 6c 24 24 75 3e 39 84 24 d4 00 00 00 7f 35 7c 


Register to memory mapping:

EAX=
[error occurred during error reporting (printing register info), id 0xc0000005]

Stack: [0x04b50000,0x04ba0000],  sp=0x04b9f354,  free space=316k
Native frames: (J=compiled Java code, j=interpreted, Vv=VM code, C=native code)
C  [berkelium.dll+0xa39052]

VM_Operation (0x0612e560): Exit, mode: safepoint, requested by thread 0x05cb1c00


---------------  P R O C E S S  ---------------

Java Threads: ( => current thread )
  0x0935b000 JavaThread "Image Fetcher 1" daemon [_thread_blocked, id=8720, stack(0x0a450000,0x0a4a0000)]
  0x05ceb000 JavaThread "Image Fetcher 0" daemon [_thread_blocked, id=4888, stack(0x0a0f0000,0x0a140000)]
  0x05cebc00 JavaThread "Image Fetcher 3" daemon [_thread_blocked, id=9028, stack(0x07fc0000,0x08010000)]
  0x05ceb800 JavaThread "WeakCollectionCleaner" daemon [_thread_blocked, id=10772, stack(0x088b0000,0x08900000)]
  0x06021400 JavaThread "TimerQueue" daemon [_thread_blocked, id=1148, stack(0x07f30000,0x07f80000)]
  0x02aae000 JavaThread "DestroyJavaVM" [_thread_blocked, id=10004, stack(0x00fb0000,0x01000000)]
  0x05cb1c00 JavaThread "AWT-EventQueue-0" [_thread_blocked, id=8884, stack(0x060e0000,0x06130000)]
  0x0511a400 JavaThread "AWT-Shutdown" [_thread_blocked, id=1844, stack(0x057a0000,0x057f0000)]
  0x05119000 JavaThread "Java2D Disposer" daemon [_thread_blocked, id=6332, stack(0x05710000,0x05760000)]
  0x0297bc00 JavaThread "Service Thread" daemon [_thread_blocked, id=10224, stack(0x04eb0000,0x04f00000)]
  0x02975800 JavaThread "C1 CompilerThread0" daemon [_thread_blocked, id=9180, stack(0x04e20000,0x04e70000)]
  0x02973c00 JavaThread "Attach Listener" daemon [_thread_blocked, id=11072, stack(0x04d90000,0x04de0000)]
  0x02972800 JavaThread "Signal Dispatcher" daemon [_thread_blocked, id=10124, stack(0x04d00000,0x04d50000)]
  0x02902800 JavaThread "Finalizer" daemon [_thread_blocked, id=7592, stack(0x04c70000,0x04cc0000)]
  0x02901000 JavaThread "Reference Handler" daemon [_thread_blocked, id=8552, stack(0x04be0000,0x04c30000)]

Other Threads:
=>0x028ffc00 VMThread [stack: 0x04b50000,0x04ba0000] [id=11108]

VM state:at safepoint (shutting down)

VM Mutex/Monitor currently owned by a thread:  ([mutex/lock_event])
[0x02aac468] Threads_lock - owner thread: 0x028ffc00

Heap
 def new generation   total 32000K, used 14482K [0x24000000, 0x262b0000, 0x29550000)
  eden space 28480K,  50% used [0x24000000, 0x24e24b88, 0x25bd0000)
  from space 3520K,   0% used [0x25bd0000, 0x25bd0000, 0x25f40000)
  to   space 3520K,   0% used [0x25f40000, 0x25f40000, 0x262b0000)
 tenured generation   total 70856K, used 42512K [0x29550000, 0x2da82000, 0x34000000)
   the space 70856K,  59% used [0x29550000, 0x2bed41a8, 0x2bed4200, 0x2da82000)
 compacting perm gen  total 12288K, used 9492K [0x34000000, 0x34c00000, 0x38000000)
   the space 12288K,  77% used [0x34000000, 0x34945178, 0x34945200, 0x34c00000)
    ro space 10240K,  42% used [0x38000000, 0x38434778, 0x38434800, 0x38a00000)
    rw space 12288K,  52% used [0x38a00000, 0x39049a68, 0x39049c00, 0x39600000)

Card table byte_map: [0x029e0000,0x02a90000] byte_map_base: 0x028c0000

Polling page: 0x00ea0000

Code Cache  [0x02ab0000, 0x02d08000, 0x04ab0000)
 total_blobs=1398 nmethods=1110 adapters=224 free_code_cache=30371Kb largest_free_block=31100032

Compilation events (10 events):
Event: 53.574 Thread 0x02975800 1115             javax.swing.plaf.nimbus.NimbusStyle::getPainter (5 bytes)
Event: 53.574 Thread 0x02975800 nmethod 1115 0x02d03e48 code [0x02d03f40, 0x02d03fc0]
Event: 53.574 Thread 0x02975800 1116   !         sun.java2d.SunGraphics2D::hitClip (269 bytes)
Event: 53.575 Thread 0x02975800 nmethod 1116 0x02d04008 code [0x02d04240, 0x02d04884]
Event: 53.676 Thread 0x02975800 1117             java.lang.Boolean::valueOf (14 bytes)
Event: 53.676 Thread 0x02975800 nmethod 1117 0x02d04d88 code [0x02d04e80, 0x02d04f00]
Event: 53.677 Thread 0x02975800 1118             java.awt.MultipleGradientPaint::<init> (450 bytes)
Event: 53.678 Thread 0x02975800 nmethod 1118 0x02d04f48 code [0x02d05200, 0x02d0614c]
Event: 55.151 Thread 0x02975800 1119             java.util.AbstractSet::<init> (5 bytes)
Event: 55.151 Thread 0x02975800 nmethod 1119 0x02d071c8 code [0x02d072c0, 0x02d07340]

GC Heap History (10 events):
Event: 8.992 GC heap before
{Heap before GC invocations=15 (full 3):
 def new generation   total 13312K, used 13090K [0x24000000, 0x24e70000, 0x29550000)
  eden space 11840K,  98% used [0x24000000, 0x24b58948, 0x24b90000)
  from space 1472K, 100% used [0x24d00000, 0x24e70000, 0x24e70000)
  to   space 1472K,   0% used [0x24b90000, 0x24b90000, 0x24d00000)
 tenured generation   total 29532K, used 24409K [0x29550000, 0x2b227000, 0x34000000)
   the space 29532K,  82% used [0x29550000, 0x2ad264b8, 0x2ad26600, 0x2b227000)
 compacting perm gen  total 12288K, used 9236K [0x34000000, 0x34c00000, 0x38000000)
   the space 12288K,  75% used [0x34000000, 0x349052b0, 0x34905400, 0x34c00000)
    ro space 10240K,  42% used [0x38000000, 0x38434778, 0x38434800, 0x38a00000)
    rw space 12288K,  52% used [0x38a00000, 0x39049a68, 0x39049c00, 0x39600000)
Event: 9.078 GC heap after
Heap after GC invocations=16 (full 4):
 def new generation   total 24768K, used 0K [0x24000000, 0x25ad0000, 0x29550000)
  eden space 22080K,   0% used [0x24000000, 0x24000000, 0x25590000)
  from space 2688K,   0% used [0x25590000, 0x25590000, 0x25830000)
  to   space 2688K,   0% used [0x25830000, 0x25830000, 0x25ad0000)
 tenured generation   total 54772K, used 32861K [0x29550000, 0x2cacd000, 0x34000000)
   the space 54772K,  59% used [0x29550000, 0x2b567678, 0x2b567800, 0x2cacd000)
 compacting perm gen  total 12288K, used 9230K [0x34000000, 0x34c00000, 0x38000000)
   the space 12288K,  75% used [0x34000000, 0x34903898, 0x34903a00, 0x34c00000)
    ro space 10240K,  42% used [0x38000000, 0x38434778, 0x38434800, 0x38a00000)
    rw space 12288K,  52% used [0x38a00000, 0x39049a68, 0x39049c00, 0x39600000)
}
Event: 9.327 GC heap before
{Heap before GC invocations=16 (full 4):
 def new generation   total 24768K, used 22080K [0x24000000, 0x25ad0000, 0x29550000)
  eden space 22080K, 100% used [0x24000000, 0x25590000, 0x25590000)
  from space 2688K,   0% used [0x25590000, 0x25590000, 0x25830000)
  to   space 2688K,   0% used [0x25830000, 0x25830000, 0x25ad0000)
 tenured generation   total 54772K, used 32861K [0x29550000, 0x2cacd000, 0x34000000)
   the space 54772K,  59% used [0x29550000, 0x2b567678, 0x2b567800, 0x2cacd000)
 compacting perm gen  total 12288K, used 9290K [0x34000000, 0x34c00000, 0x38000000)
   the space 12288K,  75% used [0x34000000, 0x34912ab0, 0x34912c00, 0x34c00000)
    ro space 10240K,  42% used [0x38000000, 0x38434778, 0x38434800, 0x38a00000)
    rw space 12288K,  52% used [0x38a00000, 0x39049a68, 0x39049c00, 0x39600000)
Event: 9.339 GC heap after
Heap after GC invocations=17 (full 4):
 def new generation   total 24768K, used 2687K [0x24000000, 0x25ad0000, 0x29550000)
  eden space 22080K,   0% used [0x24000000, 0x24000000, 0x25590000)
  from space 2688K,  99% used [0x25830000, 0x25acfff8, 0x25ad0000)
  to   space 2688K,   0% used [0x25590000, 0x25590000, 0x25830000)
 tenured generation   total 54772K, used 37595K [0x29550000, 0x2cacd000, 0x34000000)
   the space 54772K,  68% used [0x29550000, 0x2ba06c00, 0x2ba06c00, 0x2cacd000)
 compacting perm gen  total 12288K, used 9290K [0x34000000, 0x34c00000, 0x38000000)
   the space 12288K,  75% used [0x34000000, 0x34912ab0, 0x34912c00, 0x34c00000)
    ro space 10240K,  42% used [0x38000000, 0x38434778, 0x38434800, 0x38a00000)
    rw space 12288K,  52% used [0x38a00000, 0x39049a68, 0x39049c00, 0x39600000)
}
Event: 15.377 GC heap before
{Heap before GC invocations=17 (full 4):
 def new generation   total 24768K, used 24767K [0x24000000, 0x25ad0000, 0x29550000)
  eden space 22080K, 100% used [0x24000000, 0x25590000, 0x25590000)
  from space 2688K,  99% used [0x25830000, 0x25acfff8, 0x25ad0000)
  to   space 2688K,   0% used [0x25590000, 0x25590000, 0x25830000)
 tenured generation   total 54772K, used 37595K [0x29550000, 0x2cacd000, 0x34000000)
   the space 54772K,  68% used [0x29550000, 0x2ba06c00, 0x2ba06c00, 0x2cacd000)
 compacting perm gen  total 12288K, used 9309K [0x34000000, 0x34c00000, 0x38000000)
   the space 12288K,  75% used [0x34000000, 0x34917480, 0x34917600, 0x34c00000)
    ro space 10240K,  42% used [0x38000000, 0x38434778, 0x38434800, 0x38a00000)
    rw space 12288K,  52% used [0x38a00000, 0x39049a68, 0x39049c00, 0x39600000)
Event: 15.383 GC heap after
Heap after GC invocations=18 (full 4):
 def new generation   total 24768K, used 2661K [0x24000000, 0x25ad0000, 0x29550000)
  eden space 22080K,   0% used [0x24000000, 0x24000000, 0x25590000)
  from space 2688K,  99% used [0x25590000, 0x258295e0, 0x25830000)
  to   space 2688K,   0% used [0x25830000, 0x25830000, 0x25ad0000)
 tenured generation   total 54772K, used 42071K [0x29550000, 0x2cacd000, 0x34000000)
   the space 54772K,  76% used [0x29550000, 0x2be65c20, 0x2be65e00, 0x2cacd000)
 compacting perm gen  total 12288K, used 9309K [0x34000000, 0x34c00000, 0x38000000)
   the space 12288K,  75% used [0x34000000, 0x34917480, 0x34917600, 0x34c00000)
    ro space 10240K,  42% used [0x38000000, 0x38434778, 0x38434800, 0x38a00000)
    rw space 12288K,  52% used [0x38a00000, 0x39049a68, 0x39049c00, 0x39600000)
}
Event: 49.889 GC heap before
{Heap before GC invocations=18 (full 4):
 def new generation   total 24768K, used 23700K [0x24000000, 0x25ad0000, 0x29550000)
  eden space 22080K,  95% used [0x24000000, 0x2548bb90, 0x25590000)
  from space 2688K,  99% used [0x25590000, 0x258295e0, 0x25830000)
  to   space 2688K,   0% used [0x25830000, 0x25830000, 0x25ad0000)
 tenured generation   total 54772K, used 42071K [0x29550000, 0x2cacd000, 0x34000000)
   the space 54772K,  76% used [0x29550000, 0x2be65c20, 0x2be65e00, 0x2cacd000)
 compacting perm gen  total 12288K, used 9488K [0x34000000, 0x34c00000, 0x38000000)
   the space 12288K,  77% used [0x34000000, 0x349441e8, 0x34944200, 0x34c00000)
    ro space 10240K,  42% used [0x38000000, 0x38434778, 0x38434800, 0x38a00000)
    rw space 12288K,  52% used [0x38a00000, 0x39049a68, 0x39049c00, 0x39600000)
Event: 49.895 GC heap after
Heap after GC invocations=19 (full 4):
 def new generation   total 24768K, used 2688K [0x24000000, 0x25ad0000, 0x29550000)
  eden space 22080K,   0% used [0x24000000, 0x24000000, 0x25590000)
  from space 2688K, 100% used [0x25830000, 0x25ad0000, 0x25ad0000)
  to   space 2688K,   0% used [0x25590000, 0x25590000, 0x25830000)
 tenured generation   total 54772K, used 51639K [0x29550000, 0x2cacd000, 0x34000000)
   the space 54772K,  94% used [0x29550000, 0x2c7bdd80, 0x2c7bde00, 0x2cacd000)
 compacting perm gen  total 12288K, used 9488K [0x34000000, 0x34c00000, 0x38000000)
   the space 12288K,  77% used [0x34000000, 0x349441e8, 0x34944200, 0x34c00000)
    ro space 10240K,  42% used [0x38000000, 0x38434778, 0x38434800, 0x38a00000)
    rw space 12288K,  52% used [0x38a00000, 0x39049a68, 0x39049c00, 0x39600000)
}
Event: 50.996 GC heap before
{Heap before GC invocations=19 (full 4):
 def new generation   total 24768K, used 24768K [0x24000000, 0x25ad0000, 0x29550000)
  eden space 22080K, 100% used [0x24000000, 0x25590000, 0x25590000)
  from space 2688K, 100% used [0x25830000, 0x25ad0000, 0x25ad0000)
  to   space 2688K,   0% used [0x25590000, 0x25590000, 0x25830000)
 tenured generation   total 54772K, used 51639K [0x29550000, 0x2cacd000, 0x34000000)
   the space 54772K,  94% used [0x29550000, 0x2c7bdd80, 0x2c7bde00, 0x2cacd000)
 compacting perm gen  total 12288K, used 9488K [0x34000000, 0x34c00000, 0x38000000)
   the space 12288K,  77% used [0x34000000, 0x34944298, 0x34944400, 0x34c00000)
    ro space 10240K,  42% used [0x38000000, 0x38434778, 0x38434800, 0x38a00000)
    rw space 12288K,  52% used [0x38a00000, 0x39049a68, 0x39049c00, 0x39600000)
Event: 51.075 GC heap after
Heap after GC invocations=20 (full 5):
 def new generation   total 32000K, used 0K [0x24000000, 0x262b0000, 0x29550000)
  eden space 28480K,   0% used [0x24000000, 0x24000000, 0x25bd0000)
  from space 3520K,   0% used [0x25bd0000, 0x25bd0000, 0x25f40000)
  to   space 3520K,   0% used [0x25f40000, 0x25f40000, 0x262b0000)
 tenured generation   total 70856K, used 42512K [0x29550000, 0x2da82000, 0x34000000)
   the space 70856K,  59% used [0x29550000, 0x2bed41a8, 0x2bed4200, 0x2da82000)
 compacting perm gen  total 12288K, used 9488K [0x34000000, 0x34c00000, 0x38000000)
   the space 12288K,  77% used [0x34000000, 0x34944298, 0x34944400, 0x34c00000)
    ro space 10240K,  42% used [0x38000000, 0x38434778, 0x38434800, 0x38a00000)
    rw space 12288K,  52% used [0x38a00000, 0x39049a68, 0x39049c00, 0x39600000)
}

Deoptimization events (0 events):
No events

Internal exceptions (10 events):
Event: 15.429 Thread 0x05cea400 Threw 0x2498cdb0 at C:\re\jdk7u60\1081\hotspot\src\share\vm\prims\jvm.cpp:1244
Event: 15.429 Thread 0x05cea400 Threw 0x24993538 at C:\re\jdk7u60\1081\hotspot\src\share\vm\prims\jvm.cpp:1244
Event: 15.429 Thread 0x05cea400 Threw 0x24999838 at C:\re\jdk7u60\1081\hotspot\src\share\vm\prims\jvm.cpp:1244
Event: 15.430 Thread 0x05cea400 Threw 0x2499db70 at C:\re\jdk7u60\1081\hotspot\src\share\vm\prims\jvm.cpp:1244
Event: 15.431 Thread 0x05cea400 Threw 0x249a31f8 at C:\re\jdk7u60\1081\hotspot\src\share\vm\prims\jvm.cpp:1244
Event: 15.432 Thread 0x05cea400 Threw 0x249a6bd0 at C:\re\jdk7u60\1081\hotspot\src\share\vm\prims\jvm.cpp:1244
Event: 15.433 Thread 0x05cea400 Threw 0x249b22a8 at C:\re\jdk7u60\1081\hotspot\src\share\vm\prims\jvm.cpp:1244
Event: 17.244 Thread 0x05ceb000 Threw 0x24eb54f8 at C:\re\jdk7u60\1081\hotspot\src\share\vm\prims\jvm.cpp:2917
Event: 49.908 Thread 0x05cebc00 Threw 0x24c490c8 at C:\re\jdk7u60\1081\hotspot\src\share\vm\prims\jvm.cpp:2917
Event: 53.722 Thread 0x05cebc00 Threw 0x24c1d370 at C:\re\jdk7u60\1081\hotspot\src\share\vm\prims\jvm.cpp:2917

Events (10 events):
Event: 55.152 Thread 0x09358800 Thread exited: 0x09358800
Event: 55.152 loading class 0x39670c20
Event: 55.152 Thread 0x0935b400 Thread exited: 0x0935b400
Event: 55.152 loading class 0x39670bc8
Event: 55.152 loading class 0x39670bc8 done
Event: 55.152 loading class 0x39670c20 done
Event: 55.152 Thread 0x0935a800 Thread exited: 0x0935a800
Event: 55.158 Thread 0x05174400 Thread exited: 0x05174400
Event: 55.252 Thread 0x09357c00 Thread exited: 0x09357c00
Event: 55.252 Executing VM operation: Exit


Dynamic libraries:
0x00a70000 - 0x00a9f000 	C:\Program Files (x86)\Java\jre7\bin\javaw.exe
0x76fe0000 - 0x77137000 	C:\Windows\SYSTEM32\ntdll.dll
0x74690000 - 0x747c0000 	C:\Windows\SYSTEM32\KERNEL32.DLL
0x76a80000 - 0x76b27000 	C:\Windows\SYSTEM32\KERNELBASE.dll
0x747c0000 - 0x7486e000 	C:\Windows\SYSTEM32\ADVAPI32.dll
0x764f0000 - 0x76606000 	C:\Windows\SYSTEM32\USER32.dll
0x73130000 - 0x73328000 	C:\Windows\WinSxS\x86_microsoft.windows.common-controls_6595b64144ccf1df_6.0.9200.16579_none_8937eec6860750f5\COMCTL32.dll
0x76000000 - 0x760b1000 	C:\Windows\SYSTEM32\msvcrt.dll
0x74870000 - 0x748a4000 	C:\Windows\SYSTEM32\sechost.dll
0x760c0000 - 0x7616c000 	C:\Windows\SYSTEM32\RPCRT4.dll
0x748b0000 - 0x749ad000 	C:\Windows\SYSTEM32\GDI32.dll
0x745d0000 - 0x745ed000 	C:\Windows\SYSTEM32\SspiCli.dll
0x745c0000 - 0x745c9000 	C:\Windows\SYSTEM32\CRYPTBASE.dll
0x74560000 - 0x745b1000 	C:\Windows\SYSTEM32\bcryptPrimitives.dll
0x762e0000 - 0x76300000 	C:\Windows\system32\IMM32.DLL
0x76680000 - 0x7675e000 	C:\Windows\SYSTEM32\MSCTF.dll
0x5e970000 - 0x5ea2f000 	C:\Program Files (x86)\Java\jre7\bin\msvcr100.dll
0x5e310000 - 0x5e698000 	C:\Program Files (x86)\Java\jre7\bin\client\jvm.dll
0x71c10000 - 0x71c18000 	C:\Windows\SYSTEM32\WSOCK32.dll
0x71fb0000 - 0x71fd1000 	C:\Windows\SYSTEM32\WINMM.dll
0x76300000 - 0x76306000 	C:\Windows\SYSTEM32\PSAPI.DLL
0x75f80000 - 0x75fd0000 	C:\Windows\SYSTEM32\WS2_32.dll
0x71c70000 - 0x71c9b000 	C:\Windows\SYSTEM32\WINMMBASE.dll
0x75ff0000 - 0x75ff8000 	C:\Windows\SYSTEM32\NSI.dll
0x76b30000 - 0x76b76000 	C:\Windows\SYSTEM32\cfgmgr32.dll
0x75f00000 - 0x75f1e000 	C:\Windows\SYSTEM32\DEVOBJ.dll
0x720a0000 - 0x720ac000 	C:\Program Files (x86)\Java\jre7\bin\verify.dll
0x70bb0000 - 0x70bd0000 	C:\Program Files (x86)\Java\jre7\bin\java.dll
0x70b90000 - 0x70ba3000 	C:\Program Files (x86)\Java\jre7\bin\zip.dll
0x6f490000 - 0x6f5d3000 	C:\Program Files (x86)\Java\jre7\bin\awt.dll
0x76c00000 - 0x76c8b000 	C:\Windows\SYSTEM32\OLEAUT32.dll
0x76de0000 - 0x76f16000 	C:\Windows\SYSTEM32\combase.dll
0x72dd0000 - 0x72e77000 	C:\Windows\system32\apphelp.dll
0x71a40000 - 0x71a59000 	C:\Windows\system32\DWMAPI.DLL
0x726b0000 - 0x72738000 	C:\Windows\system32\uxtheme.dll
0x76760000 - 0x76879000 	C:\Windows\SYSTEM32\ole32.dll
0x74da0000 - 0x75e66000 	C:\Windows\SYSTEM32\SHELL32.dll
0x75f40000 - 0x75f80000 	C:\Windows\SYSTEM32\SHLWAPI.dll
0x73330000 - 0x733a3000 	C:\Windows\SYSTEM32\shcore.dll
0x718b0000 - 0x718e9000 	C:\Program Files (x86)\Java\jre7\bin\fontmanager.dll
0x6f250000 - 0x6f264000 	C:\Program Files (x86)\Java\jre7\bin\net.dll
0x72e80000 - 0x72eca000 	C:\Windows\system32\mswsock.dll
0x718a0000 - 0x718af000 	C:\Program Files (x86)\Java\jre7\bin\nio.dll
0x706d0000 - 0x70700000 	C:\Program Files (x86)\Java\jre7\bin\t2k.dll
0x76b80000 - 0x76bf4000 	C:\Windows\SYSTEM32\clbcatq.dll
0x6a8a0000 - 0x6a9eb000 	C:\Windows\SYSTEM32\WindowsCodecs.dll
0x76dc0000 - 0x76dd1000 	C:\Windows\SYSTEM32\profapi.dll
0x68440000 - 0x68464000 	C:\Program Files (x86)\Java\jre7\bin\dcpr.dll
0x5e900000 - 0x5e96d000 	C:\binaries\terrajava.dll
0x5e220000 - 0x5e307000 	C:\binaries\terramanager-funcate.dll
0x59300000 - 0x59ba6000 	C:\binaries\terralib.dll
0x64af0000 - 0x64b59000 	C:\Windows\SYSTEM32\MSVCP100.dll
0x6d880000 - 0x6db4c000 	C:\binaries\bgd.dll
0x66b80000 - 0x66b9b000 	C:\binaries\terraogc_xml.dll
0x60460000 - 0x6047d000 	C:\binaries\terraogc_sld.dll
0x5f9a0000 - 0x5f9c6000 	C:\binaries\terraogc_se.dll
0x5e8c0000 - 0x5e8f6000 	C:\binaries\terraogc_filter.dll
0x5e1c0000 - 0x5e212000 	C:\binaries\terraogc_ows.dll
0x5f980000 - 0x5f999000 	C:\binaries\terraogc_common.dll
0x684c0000 - 0x684cb000 	C:\binaries\terralib_shp.dll
0x60450000 - 0x6045e000 	C:\binaries\terralib_spl.dll
0x06680000 - 0x06a76000 	C:\binaries\qt-mt338.dll
0x613d0000 - 0x6149e000 	C:\Windows\SYSTEM32\OPENGL32.dll
0x613a0000 - 0x613c3000 	C:\Windows\SYSTEM32\GLU32.dll
0x5e140000 - 0x5e1bf000 	C:\binaries\qwt500.dll
0x0fa30000 - 0x11a2f000 	C:\binaries\berkelium.dll
0x06a80000 - 0x06bc1000 	C:\binaries\LIBMYSQL.dll
0x63100000 - 0x63121000 	C:\binaries\LIBPQ.dll
0x06bd0000 - 0x06c31000 	C:\binaries\OCI.dll
0x5da30000 - 0x5daba000 	C:\binaries\libtiff.dll
0x56580000 - 0x56d52000 	C:\binaries\gdal110.dll
0x12000000 - 0x121dc000 	C:\binaries\xerces-c_3_1.dll
0x592a0000 - 0x592f5000 	C:\binaries\terraogc_wms.dll
0x59240000 - 0x59293000 	C:\binaries\terraogc_gml.dll
0x5e0f0000 - 0x5e131000 	C:\binaries\terraogc_xsd.dll
0x5a810000 - 0x5a830000 	C:\binaries\terraogc_xacml.dll
0x71f30000 - 0x71f90000 	C:\Windows\SYSTEM32\WINSPOOL.DRV
0x7c340000 - 0x7c396000 	C:\Windows\SYSTEM32\MSVCR71.dll
0x608a0000 - 0x60979000 	C:\Windows\SYSTEM32\DDRAW.dll
0x727a0000 - 0x727a9000 	C:\Windows\SYSTEM32\Secur32.dll
0x75f20000 - 0x75f3b000 	C:\Windows\SYSTEM32\USERENV.dll
0x71520000 - 0x71570000 	C:\Windows\SYSTEM32\OLEACC.dll
0x54200000 - 0x54276000 	C:\Windows\SYSTEM32\RICHED20.dll
0x72ee0000 - 0x72ee8000 	C:\Windows\SYSTEM32\VERSION.dll
0x720b0000 - 0x720c4000 	C:\Windows\SYSTEM32\USP10.dll
0x72c50000 - 0x72cc5000 	C:\Windows\SYSTEM32\DNSAPI.dll
0x06ce0000 - 0x06d8a000 	C:\Windows\libeay32.dll
0x06d90000 - 0x06d9d000 	C:\binaries\libintl-2.dll
0x72ed0000 - 0x72ed6000 	C:\Windows\SYSTEM32\SHFOLDER.DLL
0x06da0000 - 0x06dc6000 	C:\Windows\ssleay32.dll
0x06dd0000 - 0x06df6000 	C:\binaries\libexpat.dll
0x60770000 - 0x60811000 	C:\Windows\SYSTEM32\ODBC32.dll
0x60760000 - 0x60767000 	C:\Windows\SYSTEM32\DCIMAN32.dll
0x663b0000 - 0x663db000 	C:\Windows\SYSTEM32\msls31.dll
0x06e50000 - 0x06f2b000 	C:\binaries\libiconv-2.dll
0x6f600000 - 0x6f61d000 	C:\Windows\SYSTEM32\gpapi.dll
0x74530000 - 0x74556000 	C:\Windows\SYSTEM32\ntmarta.dll
0x54e60000 - 0x55708000 	C:\binaries\icudt46.dll
0x53850000 - 0x53979000 	C:\Windows\SYSTEM32\dbghelp.dll
0x72040000 - 0x72050000 	C:\Windows\system32\napinsp.dll
0x72020000 - 0x72034000 	C:\Windows\system32\pnrpnsp.dll
0x72010000 - 0x72020000 	C:\Windows\system32\NLAapi.dll
0x72000000 - 0x72009000 	C:\Windows\System32\winrnr.dll
0x71ac0000 - 0x71ad0000 	C:\Windows\system32\wshbth.dll
0x726a0000 - 0x726a7000 	C:\Windows\System32\rasadhlp.dll
0x71c30000 - 0x71c6f000 	C:\Windows\System32\fwpuclnt.dll
0x72cd0000 - 0x72cf0000 	C:\Windows\SYSTEM32\IPHLPAPI.DLL
0x72c40000 - 0x72c48000 	C:\Windows\SYSTEM32\WINNSI.DLL
0x730d0000 - 0x730ea000 	C:\Windows\SYSTEM32\CRYPTSP.dll
0x73090000 - 0x730ce000 	C:\Windows\system32\rsaenh.dll
0x72c30000 - 0x72c40000 	C:\Windows\SYSTEM32\dhcpcsvc6.DLL
0x72c10000 - 0x72c22000 	C:\Windows\SYSTEM32\dhcpcsvc.DLL
0x59210000 - 0x59235000 	C:\Program Files (x86)\Java\jre7\bin\jpeg.dll

VM Arguments:
jvm_args: -Dfile.encoding=ISO-8859-1 
java_command: com.nexusbr.gv.main.ConnectDBMain
Launcher Type: SUN_STANDARD

Environment Variables:
JAVA_HOME=C:\Program Files (x86)\Java\jre7
PATH=C:/Program Files (x86)/Java/jre7/bin/client;C:/Program Files (x86)/Java/jre7/bin;C:/Program Files (x86)/Java/jre7/lib/i386;C:\Program Files (x86)\PHP\;c:\Program Files (x86)\Intel\iCLS Client\;c:\Program Files\Intel\iCLS Client\;C:\Windows\system32;C:\Windows;C:\Windows\System32\Wbem;C:\Windows\System32\WindowsPowerShell\v1.0\;C:\Program Files\Intel\Intel(R) Management Engine Components\DAL;C:\Program Files\Intel\Intel(R) Management Engine Components\IPT;C:\Program Files (x86)\Intel\Intel(R) Management Engine Components\DAL;C:\Program Files (x86)\Intel\Intel(R) Management Engine Components\IPT;C:\Program Files (x86)\Intel\OpenCL SDK\3.0\bin\x86;C:\Program Files (x86)\Intel\OpenCL SDK\3.0\bin\x64;C:\Program Files (x86)\Windows Live\Shared;C:\binaries;c:\Program Files (x86)\Microsoft SQL Server\100\Tools\Binn\;c:\Program Files\Microsoft SQL Server\100\Tools\Binn\;c:\Program Files\Microsoft SQL Server\100\DTS\Binn\;C:\strawberry\c\bin;C:\strawberry\perl\site\bin;C:\strawberry\perl\bin;C:\Program Files (x86)\Microsoft SQL Server\110\Tools\Binn\ManagementStudio\;C:\Program Files (x86)\Microsoft SQL Server\110\Tools\Binn\;C:\Program Files\Microsoft SQL Server\110\Tools\Binn\;C:\Program Files (x86)\Microsoft SQL Server\110\DTS\Binn\;C:\Program Files\TortoiseSVN\bin;C:\Python34;C:\Program Files (x86)\Java\jre7\bin;C:\eclipse;
USERNAME=inacio
OS=Windows_NT
PROCESSOR_IDENTIFIER=Intel64 Family 6 Model 69 Stepping 1, GenuineIntel



---------------  S Y S T E M  ---------------

OS: Windows 8 , 64 bit Build 9200 

CPU:total 4 (2 cores per cpu, 2 threads per core) family 6 model 69 stepping 1, cmov, cx8, fxsr, mmx, sse, sse2, sse3, ssse3, sse4.1, sse4.2, popcnt, avx, avx2, aes, erms, ht, tsc, tscinvbit

Memory: 4k page, physical 8290700k(2356524k free), swap 9535884k(3534280k free)

vm_info: Java HotSpot(TM) Client VM (24.60-b09) for windows-x86 JRE (1.7.0_60-b19), built on May  7 2014 13:09:52 by "java_re" with unknown MS VC++:1600

time: Fri Jul 04 09:40:17 2014
elapsed time: 55 seconds

