#
# A fatal error has been detected by the Java Runtime Environment:
#
#  EXCEPTION_ACCESS_VIOLATION (0xc0000005) at pc=0x0fe69052, pid=10072, tid=10508
#
# JRE version: Java(TM) SE Runtime Environment (7.0_60-b19) (build 1.7.0_60-b19)
# Java VM: Java HotSpot(TM) Client VM (24.60-b09 mixed mode, sharing windows-x86 )
# Problematic frame:
# C  [berkelium.dll+0xa39052]
#
# Failed to write core dump. Minidumps are not enabled by default on client versions of Windows
#
# If you would like to submit a bug report, please visit:
#   http://bugreport.sun.com/bugreport/crash.jsp
#

---------------  T H R E A D  ---------------

Current thread (0x0204fc00):  VMThread [stack: 0x04240000,0x04290000] [id=10508]

siginfo: ExceptionCode=0xc0000005, reading address 0x000000f8

Registers:
EAX=0x0428f414, EBX=0x000493e0, ECX=0x0428f414, EDX=0xffa33130
ESP=0x0428f404, EBP=0x00000088, ESI=0x00000000, EDI=0x1184d430
EIP=0x0fe69052, EFLAGS=0x00010206

Top of Stack: (sp=0x0428f404)
0x0428f404:   06c42168 06c42168 06b9ab00 00000000
0x0428f414:   ffa33130 00000087 06c33a20 06c3c900
0x0428f424:   00000000 00000000 00000000 74616401
0x0428f434:   69642d61 06e50072 00000023 0000002f
0x0428f444:   00000000 06bc7070 002e5bf4 06c42000
0x0428f454:   06b9ab44 ffffff00 0f49bf20 10fb9778
0x0428f464:   06700030 00000000 0000000f 10fba730
0x0428f474:   00000001 0f499783 00000008 00000001 

Instructions: (pc=0x0fe69052)
0x0fe69032:   03 00 00 57 53 e8 f4 c8 60 ff 8b ea 8d 54 24 10
0x0fe69042:   52 8b f8 e8 26 ca 00 00 83 c4 04 03 38 13 68 04
0x0fe69052:   8b 86 f8 00 00 00 0b 86 fc 00 00 00 89 7c 24 20
0x0fe69062:   89 6c 24 24 75 3e 39 84 24 d4 00 00 00 7f 35 7c 


Register to memory mapping:

EAX=
[error occurred during error reporting (printing register info), id 0xc0000005]

Stack: [0x04240000,0x04290000],  sp=0x0428f404,  free space=317k
Native frames: (J=compiled Java code, j=interpreted, Vv=VM code, C=native code)
C  [berkelium.dll+0xa39052]

[error occurred during error reporting (printing native stack), id 0xc0000005]

VM_Operation (0x0581e540): Exit, mode: safepoint, requested by thread 0x0539a400


---------------  P R O C E S S  ---------------

Java Threads: ( => current thread )
  0x056cd000 JavaThread "Image Fetcher 2" daemon [_thread_blocked, id=10896, stack(0x077e0000,0x07830000)]
  0x056ccc00 JavaThread "WeakCollectionCleaner" daemon [_thread_blocked, id=1264, stack(0x076c0000,0x07710000)]
  0x056dc800 JavaThread "TimerQueue" daemon [_thread_blocked, id=11120, stack(0x07630000,0x07680000)]
  0x055ab000 JavaThread "Image Fetcher 3" daemon [_thread_blocked, id=9752, stack(0x07560000,0x075b0000)]
  0x0087e000 JavaThread "DestroyJavaVM" [_thread_blocked, id=6848, stack(0x00730000,0x00780000)]
  0x0539a400 JavaThread "AWT-EventQueue-0" [_thread_blocked, id=10668, stack(0x057d0000,0x05820000)]
  0x04818400 JavaThread "AWT-Shutdown" [_thread_blocked, id=10040, stack(0x04ea0000,0x04ef0000)]
  0x04817400 JavaThread "Java2D Disposer" daemon [_thread_blocked, id=10496, stack(0x04cb0000,0x04d00000)]
  0x020c9c00 JavaThread "Service Thread" daemon [_thread_blocked, id=10364, stack(0x045a0000,0x045f0000)]
  0x020c5800 JavaThread "C1 CompilerThread0" daemon [_thread_blocked, id=7748, stack(0x04510000,0x04560000)]
  0x020c3c00 JavaThread "Attach Listener" daemon [_thread_blocked, id=7028, stack(0x04480000,0x044d0000)]
  0x020c0c00 JavaThread "Signal Dispatcher" daemon [_thread_blocked, id=11064, stack(0x043f0000,0x04440000)]
  0x02052800 JavaThread "Finalizer" daemon [_thread_blocked, id=7388, stack(0x04360000,0x043b0000)]
  0x02051000 JavaThread "Reference Handler" daemon [_thread_blocked, id=9996, stack(0x042d0000,0x04320000)]

Other Threads:
=>0x0204fc00 VMThread [stack: 0x04240000,0x04290000] [id=10508]

VM state:at safepoint (shutting down)

VM Mutex/Monitor currently owned by a thread:  ([mutex/lock_event])
[0x0087c128] Threads_lock - owner thread: 0x0204fc00

Heap
 def new generation   total 14080K, used 5817K [0x24000000, 0x24f40000, 0x29550000)
  eden space 12544K,  46% used [0x24000000, 0x245ae408, 0x24c40000)
  from space 1536K,   0% used [0x24c40000, 0x24c40000, 0x24dc0000)
  to   space 1536K,   0% used [0x24dc0000, 0x24dc0000, 0x24f40000)
 tenured generation   total 31156K, used 18692K [0x29550000, 0x2b3bd000, 0x34000000)
   the space 31156K,  59% used [0x29550000, 0x2a791370, 0x2a791400, 0x2b3bd000)
 compacting perm gen  total 12288K, used 8566K [0x34000000, 0x34c00000, 0x38000000)
   the space 12288K,  69% used [0x34000000, 0x3485db00, 0x3485dc00, 0x34c00000)
    ro space 10240K,  42% used [0x38000000, 0x38434778, 0x38434800, 0x38a00000)
    rw space 12288K,  52% used [0x38a00000, 0x39049a68, 0x39049c00, 0x39600000)

Card table byte_map: [0x04130000,0x041e0000] byte_map_base: 0x04010000

Polling page: 0x005d0000

Code Cache  [0x02130000, 0x022e0000, 0x04130000)
 total_blobs=1002 nmethods=715 adapters=223 free_code_cache=31064Kb largest_free_block=31801536

Compilation events (10 events):
Event: 5.201 Thread 0x020c5800  720             java.awt.Toolkit$SelectiveAWTEventListener::eventDispatched (745 bytes)
Event: 5.204 Thread 0x020c5800 nmethod 720 0x022db048 code [0x022db180, 0x022dba3c]
Event: 6.088 Thread 0x020c5800  721             java.awt.GraphicsEnvironment::isHeadless (4 bytes)
Event: 6.089 Thread 0x020c5800 nmethod 721 0x021fd908 code [0x021fda10, 0x021fdaec]
Event: 6.089 Thread 0x020c5800  722             java.awt.GraphicsEnvironment::getHeadlessProperty (24 bytes)
Event: 6.089 Thread 0x020c5800 nmethod 722 0x021fd688 code [0x021fd790, 0x021fd86c]
Event: 6.113 Thread 0x020c5800  723             sun.awt.AWTAccessor::getComponentAccessor (19 bytes)
Event: 6.114 Thread 0x020c5800 nmethod 723 0x021fd488 code [0x021fd590, 0x021fd62c]
Event: 6.145 Thread 0x020c5800  724             java.lang.Enum::hashCode (5 bytes)
Event: 6.145 Thread 0x020c5800 nmethod 724 0x021fd288 code [0x021fd380, 0x021fd40c]

GC Heap History (10 events):
Event: 2.678 GC heap before
{Heap before GC invocations=9 (full 1):
 def new generation   total 9408K, used 9407K [0x24000000, 0x24a30000, 0x29550000)
  eden space 8384K, 100% used [0x24000000, 0x24830000, 0x24830000)
  from space 1024K,  99% used [0x24930000, 0x24a2fff8, 0x24a30000)
  to   space 1024K,   0% used [0x24830000, 0x24830000, 0x24930000)
 tenured generation   total 20728K, used 15779K [0x29550000, 0x2a98e000, 0x34000000)
   the space 20728K,  76% used [0x29550000, 0x2a4b8c90, 0x2a4b8e00, 0x2a98e000)
 compacting perm gen  total 12288K, used 7564K [0x34000000, 0x34c00000, 0x38000000)
   the space 12288K,  61% used [0x34000000, 0x347633e8, 0x34763400, 0x34c00000)
    ro space 10240K,  42% used [0x38000000, 0x38434778, 0x38434800, 0x38a00000)
    rw space 12288K,  52% used [0x38a00000, 0x39049a68, 0x39049c00, 0x39600000)
Event: 2.687 GC heap after
Heap after GC invocations=10 (full 1):
 def new generation   total 9408K, used 1024K [0x24000000, 0x24a30000, 0x29550000)
  eden space 8384K,   0% used [0x24000000, 0x24000000, 0x24830000)
  from space 1024K, 100% used [0x24830000, 0x24930000, 0x24930000)
  to   space 1024K,   0% used [0x24930000, 0x24930000, 0x24a30000)
 tenured generation   total 20728K, used 17633K [0x29550000, 0x2a98e000, 0x34000000)
   the space 20728K,  85% used [0x29550000, 0x2a6885f8, 0x2a688600, 0x2a98e000)
 compacting perm gen  total 12288K, used 7564K [0x34000000, 0x34c00000, 0x38000000)
   the space 12288K,  61% used [0x34000000, 0x347633e8, 0x34763400, 0x34c00000)
    ro space 10240K,  42% used [0x38000000, 0x38434778, 0x38434800, 0x38a00000)
    rw space 12288K,  52% used [0x38a00000, 0x39049a68, 0x39049c00, 0x39600000)
}
Event: 2.859 GC heap before
{Heap before GC invocations=10 (full 1):
 def new generation   total 9408K, used 9397K [0x24000000, 0x24a30000, 0x29550000)
  eden space 8384K,  99% used [0x24000000, 0x2482d4d8, 0x24830000)
  from space 1024K, 100% used [0x24830000, 0x24930000, 0x24930000)
  to   space 1024K,   0% used [0x24930000, 0x24930000, 0x24a30000)
 tenured generation   total 20728K, used 17633K [0x29550000, 0x2a98e000, 0x34000000)
   the space 20728K,  85% used [0x29550000, 0x2a6885f8, 0x2a688600, 0x2a98e000)
 compacting perm gen  total 12288K, used 8166K [0x34000000, 0x34c00000, 0x38000000)
   the space 12288K,  66% used [0x34000000, 0x347f9860, 0x347f9a00, 0x34c00000)
    ro space 10240K,  42% used [0x38000000, 0x38434778, 0x38434800, 0x38a00000)
    rw space 12288K,  52% used [0x38a00000, 0x39049a68, 0x39049c00, 0x39600000)
Event: 2.866 GC heap after
Heap after GC invocations=11 (full 1):
 def new generation   total 9408K, used 1024K [0x24000000, 0x24a30000, 0x29550000)
  eden space 8384K,   0% used [0x24000000, 0x24000000, 0x24830000)
  from space 1024K, 100% used [0x24930000, 0x24a30000, 0x24a30000)
  to   space 1024K,   0% used [0x24830000, 0x24830000, 0x24930000)
 tenured generation   total 20728K, used 20008K [0x29550000, 0x2a98e000, 0x34000000)
   the space 20728K,  96% used [0x29550000, 0x2a8da070, 0x2a8da200, 0x2a98e000)
 compacting perm gen  total 12288K, used 8166K [0x34000000, 0x34c00000, 0x38000000)
   the space 12288K,  66% used [0x34000000, 0x347f9860, 0x347f9a00, 0x34c00000)
    ro space 10240K,  42% used [0x38000000, 0x38434778, 0x38434800, 0x38a00000)
    rw space 12288K,  52% used [0x38a00000, 0x39049a68, 0x39049c00, 0x39600000)
}
Event: 2.928 GC heap before
{Heap before GC invocations=11 (full 1):
 def new generation   total 9408K, used 8478K [0x24000000, 0x24a30000, 0x29550000)
  eden space 8384K,  88% used [0x24000000, 0x24747aa8, 0x24830000)
  from space 1024K, 100% used [0x24930000, 0x24a30000, 0x24a30000)
  to   space 1024K,   0% used [0x24830000, 0x24830000, 0x24930000)
 tenured generation   total 20728K, used 20008K [0x29550000, 0x2a98e000, 0x34000000)
   the space 20728K,  96% used [0x29550000, 0x2a8da070, 0x2a8da200, 0x2a98e000)
 compacting perm gen  total 12288K, used 8502K [0x34000000, 0x34c00000, 0x38000000)
   the space 12288K,  69% used [0x34000000, 0x3484dac0, 0x3484dc00, 0x34c00000)
    ro space 10240K,  42% used [0x38000000, 0x38434778, 0x38434800, 0x38a00000)
    rw space 12288K,  52% used [0x38a00000, 0x39049a68, 0x39049c00, 0x39600000)
Event: 2.972 GC heap after
Heap after GC invocations=12 (full 2):
 def new generation   total 10880K, used 0K [0x24000000, 0x24bc0000, 0x29550000)
  eden space 9728K,   0% used [0x24000000, 0x24000000, 0x24980000)
  from space 1152K,   0% used [0x24980000, 0x24980000, 0x24aa0000)
  to   space 1152K,   0% used [0x24aa0000, 0x24aa0000, 0x24bc0000)
 tenured generation   total 23996K, used 14396K [0x29550000, 0x2acbf000, 0x34000000)
   the space 23996K,  59% used [0x29550000, 0x2a35f3c0, 0x2a35f400, 0x2acbf000)
 compacting perm gen  total 12288K, used 8502K [0x34000000, 0x34c00000, 0x38000000)
   the space 12288K,  69% used [0x34000000, 0x3484dac0, 0x3484dc00, 0x34c00000)
    ro space 10240K,  42% used [0x38000000, 0x38434778, 0x38434800, 0x38a00000)
    rw space 12288K,  52% used [0x38a00000, 0x39049a68, 0x39049c00, 0x39600000)
}
Event: 2.987 GC heap before
{Heap before GC invocations=12 (full 2):
 def new generation   total 10880K, used 8884K [0x24000000, 0x24bc0000, 0x29550000)
  eden space 9728K,  91% used [0x24000000, 0x248ad370, 0x24980000)
  from space 1152K,   0% used [0x24980000, 0x24980000, 0x24aa0000)
  to   space 1152K,   0% used [0x24aa0000, 0x24aa0000, 0x24bc0000)
 tenured generation   total 23996K, used 14396K [0x29550000, 0x2acbf000, 0x34000000)
   the space 23996K,  59% used [0x29550000, 0x2a35f3c0, 0x2a35f400, 0x2acbf000)
 compacting perm gen  total 12288K, used 8518K [0x34000000, 0x34c00000, 0x38000000)
   the space 12288K,  69% used [0x34000000, 0x34851828, 0x34851a00, 0x34c00000)
    ro space 10240K,  42% used [0x38000000, 0x38434778, 0x38434800, 0x38a00000)
    rw space 12288K,  52% used [0x38a00000, 0x39049a68, 0x39049c00, 0x39600000)
Event: 2.990 GC heap after
Heap after GC invocations=13 (full 2):
 def new generation   total 10880K, used 1040K [0x24000000, 0x24bc0000, 0x29550000)
  eden space 9728K,   0% used [0x24000000, 0x24000000, 0x24980000)
  from space 1152K,  90% used [0x24aa0000, 0x24ba42a8, 0x24bc0000)
  to   space 1152K,   0% used [0x24980000, 0x24980000, 0x24aa0000)
 tenured generation   total 23996K, used 21850K [0x29550000, 0x2acbf000, 0x34000000)
   the space 23996K,  91% used [0x29550000, 0x2aaa6938, 0x2aaa6a00, 0x2acbf000)
 compacting perm gen  total 12288K, used 8518K [0x34000000, 0x34c00000, 0x38000000)
   the space 12288K,  69% used [0x34000000, 0x34851828, 0x34851a00, 0x34c00000)
    ro space 10240K,  42% used [0x38000000, 0x38434778, 0x38434800, 0x38a00000)
    rw space 12288K,  52% used [0x38a00000, 0x39049a68, 0x39049c00, 0x39600000)
}
Event: 3.009 GC heap before
{Heap before GC invocations=13 (full 2):
 def new generation   total 10880K, used 10444K [0x24000000, 0x24bc0000, 0x29550000)
  eden space 9728K,  96% used [0x24000000, 0x2492f0c8, 0x24980000)
  from space 1152K,  90% used [0x24aa0000, 0x24ba42a8, 0x24bc0000)
  to   space 1152K,   0% used [0x24980000, 0x24980000, 0x24aa0000)
 tenured generation   total 23996K, used 21850K [0x29550000, 0x2acbf000, 0x34000000)
   the space 23996K,  91% used [0x29550000, 0x2aaa6938, 0x2aaa6a00, 0x2acbf000)
 compacting perm gen  total 12288K, used 8518K [0x34000000, 0x34c00000, 0x38000000)
   the space 12288K,  69% used [0x34000000, 0x34851828, 0x34851a00, 0x34c00000)
    ro space 10240K,  42% used [0x38000000, 0x38434778, 0x38434800, 0x38a00000)
    rw space 12288K,  52% used [0x38a00000, 0x39049a68, 0x39049c00, 0x39600000)
Event: 3.058 GC heap after
Heap after GC invocations=14 (full 3):
 def new generation   total 14080K, used 0K [0x24000000, 0x24f40000, 0x29550000)
  eden space 12544K,   0% used [0x24000000, 0x24000000, 0x24c40000)
  from space 1536K,   0% used [0x24c40000, 0x24c40000, 0x24dc0000)
  to   space 1536K,   0% used [0x24dc0000, 0x24dc0000, 0x24f40000)
 tenured generation   total 31156K, used 18692K [0x29550000, 0x2b3bd000, 0x34000000)
   the space 31156K,  59% used [0x29550000, 0x2a791370, 0x2a791400, 0x2b3bd000)
 compacting perm gen  total 12288K, used 8518K [0x34000000, 0x34c00000, 0x38000000)
   the space 12288K,  69% used [0x34000000, 0x34851828, 0x34851a00, 0x34c00000)
    ro space 10240K,  42% used [0x38000000, 0x38434778, 0x38434800, 0x38a00000)
    rw space 12288K,  52% used [0x38a00000, 0x39049a68, 0x39049c00, 0x39600000)
}

Deoptimization events (0 events):
No events

Internal exceptions (10 events):
Event: 2.913 Thread 0x0539a400 Threw 0x2430c7a8 at C:\re\jdk7u60\1081\hotspot\src\share\vm\prims\jvm.cpp:1244
Event: 2.918 Thread 0x0539a400 Threw 0x24336c78 at C:\re\jdk7u60\1081\hotspot\src\share\vm\prims\jvm.cpp:1244
Event: 2.919 Thread 0x0539a400 Threw 0x2433b4b0 at C:\re\jdk7u60\1081\hotspot\src\share\vm\prims\jvm.cpp:1244
Event: 2.921 Thread 0x0539a400 Threw 0x2433f520 at C:\re\jdk7u60\1081\hotspot\src\share\vm\prims\jvm.cpp:1244
Event: 2.980 Thread 0x055ab000 Threw 0x24142340 at C:\re\jdk7u60\1081\hotspot\src\share\vm\prims\jvm.cpp:2917
Event: 2.981 Thread 0x056cc000 Threw 0x241383b0 at C:\re\jdk7u60\1081\hotspot\src\share\vm\prims\jvm.cpp:1244
Event: 2.982 Thread 0x056cc000 Threw 0x2413d678 at C:\re\jdk7u60\1081\hotspot\src\share\vm\prims\jvm.cpp:1244
Event: 2.983 Thread 0x056cc000 Threw 0x2414b040 at C:\re\jdk7u60\1081\hotspot\src\share\vm\prims\jvm.cpp:1244
Event: 2.984 Thread 0x0539a400 Threw 0x24101918 at C:\re\jdk7u60\1081\hotspot\src\share\vm\prims\jvm.cpp:1244
Event: 3.169 Thread 0x056cd000 Threw 0x244c60e8 at C:\re\jdk7u60\1081\hotspot\src\share\vm\prims\jvm.cpp:2917

Events (10 events):
Event: 7.057 Thread 0x056cd800 Thread exited: 0x056cd800
Event: 7.057 loading class 0x39670c20
Event: 7.057 Thread 0x056ce000 Thread exited: 0x056ce000
Event: 7.057 loading class 0x39670bc8
Event: 7.057 loading class 0x39670bc8 done
Event: 7.057 loading class 0x39670c20 done
Event: 7.058 Thread 0x056ce400 Thread exited: 0x056ce400
Event: 7.074 Thread 0x04818c00 Thread exited: 0x04818c00
Event: 7.158 Thread 0x056cb800 Thread exited: 0x056cb800
Event: 7.158 Executing VM operation: Exit


Dynamic libraries:
0x00a70000 - 0x00a9f000 	C:\Program Files (x86)\Java\jre7\bin\javaw.exe
0x76fe0000 - 0x77137000 	C:\Windows\SYSTEM32\ntdll.dll
0x74690000 - 0x747c0000 	C:\Windows\SYSTEM32\KERNEL32.DLL
0x76a80000 - 0x76b27000 	C:\Windows\SYSTEM32\KERNELBASE.dll
0x747c0000 - 0x7486e000 	C:\Windows\SYSTEM32\ADVAPI32.dll
0x764f0000 - 0x76606000 	C:\Windows\SYSTEM32\USER32.dll
0x73130000 - 0x73328000 	C:\Windows\WinSxS\x86_microsoft.windows.common-controls_6595b64144ccf1df_6.0.9200.16579_none_8937eec6860750f5\COMCTL32.dll
0x76000000 - 0x760b1000 	C:\Windows\SYSTEM32\msvcrt.dll
0x74870000 - 0x748a4000 	C:\Windows\SYSTEM32\sechost.dll
0x760c0000 - 0x7616c000 	C:\Windows\SYSTEM32\RPCRT4.dll
0x748b0000 - 0x749ad000 	C:\Windows\SYSTEM32\GDI32.dll
0x745d0000 - 0x745ed000 	C:\Windows\SYSTEM32\SspiCli.dll
0x745c0000 - 0x745c9000 	C:\Windows\SYSTEM32\CRYPTBASE.dll
0x74560000 - 0x745b1000 	C:\Windows\SYSTEM32\bcryptPrimitives.dll
0x762e0000 - 0x76300000 	C:\Windows\system32\IMM32.DLL
0x76680000 - 0x7675e000 	C:\Windows\SYSTEM32\MSCTF.dll
0x5e970000 - 0x5ea2f000 	C:\Program Files (x86)\Java\jre7\bin\msvcr100.dll
0x5e310000 - 0x5e698000 	C:\Program Files (x86)\Java\jre7\bin\client\jvm.dll
0x71c10000 - 0x71c18000 	C:\Windows\SYSTEM32\WSOCK32.dll
0x71fb0000 - 0x71fd1000 	C:\Windows\SYSTEM32\WINMM.dll
0x76300000 - 0x76306000 	C:\Windows\SYSTEM32\PSAPI.DLL
0x75f80000 - 0x75fd0000 	C:\Windows\SYSTEM32\WS2_32.dll
0x71c70000 - 0x71c9b000 	C:\Windows\SYSTEM32\WINMMBASE.dll
0x75ff0000 - 0x75ff8000 	C:\Windows\SYSTEM32\NSI.dll
0x76b30000 - 0x76b76000 	C:\Windows\SYSTEM32\cfgmgr32.dll
0x75f00000 - 0x75f1e000 	C:\Windows\SYSTEM32\DEVOBJ.dll
0x720a0000 - 0x720ac000 	C:\Program Files (x86)\Java\jre7\bin\verify.dll
0x70bb0000 - 0x70bd0000 	C:\Program Files (x86)\Java\jre7\bin\java.dll
0x70b90000 - 0x70ba3000 	C:\Program Files (x86)\Java\jre7\bin\zip.dll
0x6f490000 - 0x6f5d3000 	C:\Program Files (x86)\Java\jre7\bin\awt.dll
0x76c00000 - 0x76c8b000 	C:\Windows\SYSTEM32\OLEAUT32.dll
0x76de0000 - 0x76f16000 	C:\Windows\SYSTEM32\combase.dll
0x72dd0000 - 0x72e77000 	C:\Windows\system32\apphelp.dll
0x71a40000 - 0x71a59000 	C:\Windows\system32\DWMAPI.DLL
0x726b0000 - 0x72738000 	C:\Windows\system32\uxtheme.dll
0x76760000 - 0x76879000 	C:\Windows\SYSTEM32\ole32.dll
0x74da0000 - 0x75e66000 	C:\Windows\SYSTEM32\SHELL32.dll
0x75f40000 - 0x75f80000 	C:\Windows\SYSTEM32\SHLWAPI.dll
0x73330000 - 0x733a3000 	C:\Windows\SYSTEM32\shcore.dll
0x718b0000 - 0x718e9000 	C:\Program Files (x86)\Java\jre7\bin\fontmanager.dll
0x6f250000 - 0x6f264000 	C:\Program Files (x86)\Java\jre7\bin\net.dll
0x72e80000 - 0x72eca000 	C:\Windows\system32\mswsock.dll
0x718a0000 - 0x718af000 	C:\Program Files (x86)\Java\jre7\bin\nio.dll
0x706d0000 - 0x70700000 	C:\Program Files (x86)\Java\jre7\bin\t2k.dll
0x76b80000 - 0x76bf4000 	C:\Windows\SYSTEM32\clbcatq.dll
0x6a8a0000 - 0x6a9eb000 	C:\Windows\SYSTEM32\WindowsCodecs.dll
0x76dc0000 - 0x76dd1000 	C:\Windows\SYSTEM32\profapi.dll
0x68440000 - 0x68464000 	C:\Program Files (x86)\Java\jre7\bin\dcpr.dll
0x5e900000 - 0x5e96d000 	C:\binaries\terrajava.dll
0x5e220000 - 0x5e307000 	C:\binaries\terramanager-funcate.dll
0x59300000 - 0x59ba6000 	C:\binaries\terralib.dll
0x64af0000 - 0x64b59000 	C:\Windows\SYSTEM32\MSVCP100.dll
0x6d880000 - 0x6db4c000 	C:\binaries\bgd.dll
0x66b80000 - 0x66b9b000 	C:\binaries\terraogc_xml.dll
0x60460000 - 0x6047d000 	C:\binaries\terraogc_sld.dll
0x5f9a0000 - 0x5f9c6000 	C:\binaries\terraogc_se.dll
0x5e8c0000 - 0x5e8f6000 	C:\binaries\terraogc_filter.dll
0x5e1c0000 - 0x5e212000 	C:\binaries\terraogc_ows.dll
0x5f980000 - 0x5f999000 	C:\binaries\terraogc_common.dll
0x684c0000 - 0x684cb000 	C:\binaries\terralib_shp.dll
0x60450000 - 0x6045e000 	C:\binaries\terralib_spl.dll
0x05d60000 - 0x06156000 	C:\binaries\qt-mt338.dll
0x613d0000 - 0x6149e000 	C:\Windows\SYSTEM32\OPENGL32.dll
0x613a0000 - 0x613c3000 	C:\Windows\SYSTEM32\GLU32.dll
0x5e140000 - 0x5e1bf000 	C:\binaries\qwt500.dll
0x0f430000 - 0x1142f000 	C:\binaries\berkelium.dll
0x06160000 - 0x062a1000 	C:\binaries\LIBMYSQL.dll
0x63100000 - 0x63121000 	C:\binaries\LIBPQ.dll
0x062b0000 - 0x06311000 	C:\binaries\OCI.dll
0x5da30000 - 0x5daba000 	C:\binaries\libtiff.dll
0x56580000 - 0x56d52000 	C:\binaries\gdal110.dll
0x12000000 - 0x121dc000 	C:\binaries\xerces-c_3_1.dll
0x592a0000 - 0x592f5000 	C:\binaries\terraogc_wms.dll
0x59240000 - 0x59293000 	C:\binaries\terraogc_gml.dll
0x5e0f0000 - 0x5e131000 	C:\binaries\terraogc_xsd.dll
0x5a810000 - 0x5a830000 	C:\binaries\terraogc_xacml.dll
0x71f30000 - 0x71f90000 	C:\Windows\SYSTEM32\WINSPOOL.DRV
0x7c340000 - 0x7c396000 	C:\Windows\SYSTEM32\MSVCR71.dll
0x608a0000 - 0x60979000 	C:\Windows\SYSTEM32\DDRAW.dll
0x727a0000 - 0x727a9000 	C:\Windows\SYSTEM32\Secur32.dll
0x75f20000 - 0x75f3b000 	C:\Windows\SYSTEM32\USERENV.dll
0x71520000 - 0x71570000 	C:\Windows\SYSTEM32\OLEACC.dll
0x54200000 - 0x54276000 	C:\Windows\SYSTEM32\RICHED20.dll
0x72ee0000 - 0x72ee8000 	C:\Windows\SYSTEM32\VERSION.dll
0x720b0000 - 0x720c4000 	C:\Windows\SYSTEM32\USP10.dll
0x72c50000 - 0x72cc5000 	C:\Windows\SYSTEM32\DNSAPI.dll
0x063c0000 - 0x0646a000 	C:\Windows\libeay32.dll
0x06470000 - 0x0647d000 	C:\binaries\libintl-2.dll
0x72ed0000 - 0x72ed6000 	C:\Windows\SYSTEM32\SHFOLDER.DLL
0x06480000 - 0x064a6000 	C:\Windows\ssleay32.dll
0x064b0000 - 0x064d6000 	C:\binaries\libexpat.dll
0x60770000 - 0x60811000 	C:\Windows\SYSTEM32\ODBC32.dll
0x60760000 - 0x60767000 	C:\Windows\SYSTEM32\DCIMAN32.dll
0x663b0000 - 0x663db000 	C:\Windows\SYSTEM32\msls31.dll
0x06530000 - 0x0660b000 	C:\binaries\libiconv-2.dll
0x6f600000 - 0x6f61d000 	C:\Windows\SYSTEM32\gpapi.dll
0x74530000 - 0x74556000 	C:\Windows\SYSTEM32\ntmarta.dll
0x54e60000 - 0x55708000 	C:\binaries\icudt46.dll
0x53850000 - 0x53979000 	C:\Windows\SYSTEM32\dbghelp.dll
0x72040000 - 0x72050000 	C:\Windows\system32\napinsp.dll
0x72020000 - 0x72034000 	C:\Windows\system32\pnrpnsp.dll
0x72010000 - 0x72020000 	C:\Windows\system32\NLAapi.dll
0x72000000 - 0x72009000 	C:\Windows\System32\winrnr.dll
0x71ac0000 - 0x71ad0000 	C:\Windows\system32\wshbth.dll
0x726a0000 - 0x726a7000 	C:\Windows\System32\rasadhlp.dll
0x71c30000 - 0x71c6f000 	C:\Windows\System32\fwpuclnt.dll
0x72cd0000 - 0x72cf0000 	C:\Windows\SYSTEM32\IPHLPAPI.DLL
0x72c40000 - 0x72c48000 	C:\Windows\SYSTEM32\WINNSI.DLL
0x730d0000 - 0x730ea000 	C:\Windows\SYSTEM32\CRYPTSP.dll
0x73090000 - 0x730ce000 	C:\Windows\system32\rsaenh.dll
0x72c30000 - 0x72c40000 	C:\Windows\SYSTEM32\dhcpcsvc6.DLL
0x72c10000 - 0x72c22000 	C:\Windows\SYSTEM32\dhcpcsvc.DLL
0x59210000 - 0x59235000 	C:\Program Files (x86)\Java\jre7\bin\jpeg.dll

VM Arguments:
jvm_args: -Dfile.encoding=ISO-8859-1 
java_command: com.nexusbr.gv.main.ConnectDBMain
Launcher Type: SUN_STANDARD

Environment Variables:
JAVA_HOME=C:\Program Files (x86)\Java\jre7
PATH=C:/Program Files (x86)/Java/jre7/bin/client;C:/Program Files (x86)/Java/jre7/bin;C:/Program Files (x86)/Java/jre7/lib/i386;C:\Program Files (x86)\PHP\;c:\Program Files (x86)\Intel\iCLS Client\;c:\Program Files\Intel\iCLS Client\;C:\Windows\system32;C:\Windows;C:\Windows\System32\Wbem;C:\Windows\System32\WindowsPowerShell\v1.0\;C:\Program Files\Intel\Intel(R) Management Engine Components\DAL;C:\Program Files\Intel\Intel(R) Management Engine Components\IPT;C:\Program Files (x86)\Intel\Intel(R) Management Engine Components\DAL;C:\Program Files (x86)\Intel\Intel(R) Management Engine Components\IPT;C:\Program Files (x86)\Intel\OpenCL SDK\3.0\bin\x86;C:\Program Files (x86)\Intel\OpenCL SDK\3.0\bin\x64;C:\Program Files (x86)\Windows Live\Shared;C:\binaries;c:\Program Files (x86)\Microsoft SQL Server\100\Tools\Binn\;c:\Program Files\Microsoft SQL Server\100\Tools\Binn\;c:\Program Files\Microsoft SQL Server\100\DTS\Binn\;C:\strawberry\c\bin;C:\strawberry\perl\site\bin;C:\strawberry\perl\bin;C:\Program Files (x86)\Microsoft SQL Server\110\Tools\Binn\ManagementStudio\;C:\Program Files (x86)\Microsoft SQL Server\110\Tools\Binn\;C:\Program Files\Microsoft SQL Server\110\Tools\Binn\;C:\Program Files (x86)\Microsoft SQL Server\110\DTS\Binn\;C:\Program Files\TortoiseSVN\bin;C:\Python34;C:\Program Files (x86)\Java\jre7\bin;C:\eclipse;
USERNAME=inacio
OS=Windows_NT
PROCESSOR_IDENTIFIER=Intel64 Family 6 Model 69 Stepping 1, GenuineIntel



---------------  S Y S T E M  ---------------

OS: Windows 8 , 64 bit Build 9200 

CPU:total 4 (2 cores per cpu, 2 threads per core) family 6 model 69 stepping 1, cmov, cx8, fxsr, mmx, sse, sse2, sse3, ssse3, sse4.1, sse4.2, popcnt, avx, avx2, aes, erms, ht, tsc, tscinvbit

Memory: 4k page, physical 8290700k(2411668k free), swap 9535884k(3515176k free)

vm_info: Java HotSpot(TM) Client VM (24.60-b09) for windows-x86 JRE (1.7.0_60-b19), built on May  7 2014 13:09:52 by "java_re" with unknown MS VC++:1600

time: Fri Jul 04 10:07:37 2014
elapsed time: 7 seconds

